[2024-05-21 00:00:07,110] {processor.py:153} INFO - Started process (PID=7314) to work on /home/airflow/.local/lib/python3.7/site-packages/airflow/example_dags/tutorial_etl_dag.py
[2024-05-21 00:00:07,111] {processor.py:641} INFO - Processing file /home/airflow/.local/lib/python3.7/site-packages/airflow/example_dags/tutorial_etl_dag.py for tasks to queue
[2024-05-21 00:00:07,112] {logging_mixin.py:115} INFO - [2024-05-21 00:00:07,112] {dagbag.py:508} INFO - Filling up the DagBag from /home/airflow/.local/lib/python3.7/site-packages/airflow/example_dags/tutorial_etl_dag.py
[2024-05-21 00:00:07,125] {processor.py:651} INFO - DAG(s) dict_keys(['tutorial_etl_dag']) retrieved from /home/airflow/.local/lib/python3.7/site-packages/airflow/example_dags/tutorial_etl_dag.py
[2024-05-21 00:00:07,160] {logging_mixin.py:115} INFO - [2024-05-21 00:00:07,160] {dag.py:2420} INFO - Sync 1 DAGs
[2024-05-21 00:00:07,184] {logging_mixin.py:115} INFO - [2024-05-21 00:00:07,184] {dag.py:2972} INFO - Setting next_dagrun for tutorial_etl_dag to None, run_after=None
[2024-05-21 00:00:07,208] {processor.py:161} INFO - Processing /home/airflow/.local/lib/python3.7/site-packages/airflow/example_dags/tutorial_etl_dag.py took 0.103 seconds
[2024-05-21 00:00:37,334] {processor.py:153} INFO - Started process (PID=7367) to work on /home/airflow/.local/lib/python3.7/site-packages/airflow/example_dags/tutorial_etl_dag.py
[2024-05-21 00:00:37,335] {processor.py:641} INFO - Processing file /home/airflow/.local/lib/python3.7/site-packages/airflow/example_dags/tutorial_etl_dag.py for tasks to queue
[2024-05-21 00:00:37,337] {logging_mixin.py:115} INFO - [2024-05-21 00:00:37,336] {dagbag.py:508} INFO - Filling up the DagBag from /home/airflow/.local/lib/python3.7/site-packages/airflow/example_dags/tutorial_etl_dag.py
[2024-05-21 00:00:37,349] {processor.py:651} INFO - DAG(s) dict_keys(['tutorial_etl_dag']) retrieved from /home/airflow/.local/lib/python3.7/site-packages/airflow/example_dags/tutorial_etl_dag.py
[2024-05-21 00:00:37,377] {logging_mixin.py:115} INFO - [2024-05-21 00:00:37,377] {dag.py:2420} INFO - Sync 1 DAGs
[2024-05-21 00:00:37,400] {logging_mixin.py:115} INFO - [2024-05-21 00:00:37,399] {dag.py:2972} INFO - Setting next_dagrun for tutorial_etl_dag to None, run_after=None
[2024-05-21 00:00:37,415] {processor.py:161} INFO - Processing /home/airflow/.local/lib/python3.7/site-packages/airflow/example_dags/tutorial_etl_dag.py took 0.086 seconds
[2024-05-21 00:01:07,570] {processor.py:153} INFO - Started process (PID=7429) to work on /home/airflow/.local/lib/python3.7/site-packages/airflow/example_dags/tutorial_etl_dag.py
[2024-05-21 00:01:07,571] {processor.py:641} INFO - Processing file /home/airflow/.local/lib/python3.7/site-packages/airflow/example_dags/tutorial_etl_dag.py for tasks to queue
[2024-05-21 00:01:07,571] {logging_mixin.py:115} INFO - [2024-05-21 00:01:07,571] {dagbag.py:508} INFO - Filling up the DagBag from /home/airflow/.local/lib/python3.7/site-packages/airflow/example_dags/tutorial_etl_dag.py
[2024-05-21 00:01:07,578] {processor.py:651} INFO - DAG(s) dict_keys(['tutorial_etl_dag']) retrieved from /home/airflow/.local/lib/python3.7/site-packages/airflow/example_dags/tutorial_etl_dag.py
[2024-05-21 00:01:07,603] {logging_mixin.py:115} INFO - [2024-05-21 00:01:07,603] {dag.py:2420} INFO - Sync 1 DAGs
[2024-05-21 00:01:07,624] {logging_mixin.py:115} INFO - [2024-05-21 00:01:07,624] {dag.py:2972} INFO - Setting next_dagrun for tutorial_etl_dag to None, run_after=None
[2024-05-21 00:01:07,637] {processor.py:161} INFO - Processing /home/airflow/.local/lib/python3.7/site-packages/airflow/example_dags/tutorial_etl_dag.py took 0.070 seconds
[2024-05-21 00:01:37,805] {processor.py:153} INFO - Started process (PID=7491) to work on /home/airflow/.local/lib/python3.7/site-packages/airflow/example_dags/tutorial_etl_dag.py
[2024-05-21 00:01:37,806] {processor.py:641} INFO - Processing file /home/airflow/.local/lib/python3.7/site-packages/airflow/example_dags/tutorial_etl_dag.py for tasks to queue
[2024-05-21 00:01:37,806] {logging_mixin.py:115} INFO - [2024-05-21 00:01:37,806] {dagbag.py:508} INFO - Filling up the DagBag from /home/airflow/.local/lib/python3.7/site-packages/airflow/example_dags/tutorial_etl_dag.py
[2024-05-21 00:01:37,816] {processor.py:651} INFO - DAG(s) dict_keys(['tutorial_etl_dag']) retrieved from /home/airflow/.local/lib/python3.7/site-packages/airflow/example_dags/tutorial_etl_dag.py
[2024-05-21 00:01:37,845] {logging_mixin.py:115} INFO - [2024-05-21 00:01:37,845] {dag.py:2420} INFO - Sync 1 DAGs
[2024-05-21 00:01:37,871] {logging_mixin.py:115} INFO - [2024-05-21 00:01:37,871] {dag.py:2972} INFO - Setting next_dagrun for tutorial_etl_dag to None, run_after=None
[2024-05-21 00:01:37,884] {processor.py:161} INFO - Processing /home/airflow/.local/lib/python3.7/site-packages/airflow/example_dags/tutorial_etl_dag.py took 0.084 seconds
[2024-05-21 00:02:07,925] {processor.py:153} INFO - Started process (PID=7544) to work on /home/airflow/.local/lib/python3.7/site-packages/airflow/example_dags/tutorial_etl_dag.py
[2024-05-21 00:02:07,926] {processor.py:641} INFO - Processing file /home/airflow/.local/lib/python3.7/site-packages/airflow/example_dags/tutorial_etl_dag.py for tasks to queue
[2024-05-21 00:02:07,927] {logging_mixin.py:115} INFO - [2024-05-21 00:02:07,927] {dagbag.py:508} INFO - Filling up the DagBag from /home/airflow/.local/lib/python3.7/site-packages/airflow/example_dags/tutorial_etl_dag.py
[2024-05-21 00:02:07,935] {processor.py:651} INFO - DAG(s) dict_keys(['tutorial_etl_dag']) retrieved from /home/airflow/.local/lib/python3.7/site-packages/airflow/example_dags/tutorial_etl_dag.py
[2024-05-21 00:02:07,961] {logging_mixin.py:115} INFO - [2024-05-21 00:02:07,960] {dag.py:2420} INFO - Sync 1 DAGs
[2024-05-21 00:02:07,988] {logging_mixin.py:115} INFO - [2024-05-21 00:02:07,988] {dag.py:2972} INFO - Setting next_dagrun for tutorial_etl_dag to None, run_after=None
[2024-05-21 00:02:08,003] {processor.py:161} INFO - Processing /home/airflow/.local/lib/python3.7/site-packages/airflow/example_dags/tutorial_etl_dag.py took 0.080 seconds
[2024-05-21 00:02:38,310] {processor.py:153} INFO - Started process (PID=7606) to work on /home/airflow/.local/lib/python3.7/site-packages/airflow/example_dags/tutorial_etl_dag.py
[2024-05-21 00:02:38,311] {processor.py:641} INFO - Processing file /home/airflow/.local/lib/python3.7/site-packages/airflow/example_dags/tutorial_etl_dag.py for tasks to queue
[2024-05-21 00:02:38,311] {logging_mixin.py:115} INFO - [2024-05-21 00:02:38,311] {dagbag.py:508} INFO - Filling up the DagBag from /home/airflow/.local/lib/python3.7/site-packages/airflow/example_dags/tutorial_etl_dag.py
[2024-05-21 00:02:38,318] {processor.py:651} INFO - DAG(s) dict_keys(['tutorial_etl_dag']) retrieved from /home/airflow/.local/lib/python3.7/site-packages/airflow/example_dags/tutorial_etl_dag.py
[2024-05-21 00:02:38,344] {logging_mixin.py:115} INFO - [2024-05-21 00:02:38,344] {dag.py:2420} INFO - Sync 1 DAGs
[2024-05-21 00:02:38,366] {logging_mixin.py:115} INFO - [2024-05-21 00:02:38,366] {dag.py:2972} INFO - Setting next_dagrun for tutorial_etl_dag to None, run_after=None
[2024-05-21 00:02:38,383] {processor.py:161} INFO - Processing /home/airflow/.local/lib/python3.7/site-packages/airflow/example_dags/tutorial_etl_dag.py took 0.077 seconds
[2024-05-21 00:03:08,479] {processor.py:153} INFO - Started process (PID=7668) to work on /home/airflow/.local/lib/python3.7/site-packages/airflow/example_dags/tutorial_etl_dag.py
[2024-05-21 00:03:08,480] {processor.py:641} INFO - Processing file /home/airflow/.local/lib/python3.7/site-packages/airflow/example_dags/tutorial_etl_dag.py for tasks to queue
[2024-05-21 00:03:08,480] {logging_mixin.py:115} INFO - [2024-05-21 00:03:08,480] {dagbag.py:508} INFO - Filling up the DagBag from /home/airflow/.local/lib/python3.7/site-packages/airflow/example_dags/tutorial_etl_dag.py
[2024-05-21 00:03:08,487] {processor.py:651} INFO - DAG(s) dict_keys(['tutorial_etl_dag']) retrieved from /home/airflow/.local/lib/python3.7/site-packages/airflow/example_dags/tutorial_etl_dag.py
[2024-05-21 00:03:08,517] {logging_mixin.py:115} INFO - [2024-05-21 00:03:08,517] {dag.py:2420} INFO - Sync 1 DAGs
[2024-05-21 00:03:08,543] {logging_mixin.py:115} INFO - [2024-05-21 00:03:08,543] {dag.py:2972} INFO - Setting next_dagrun for tutorial_etl_dag to None, run_after=None
[2024-05-21 00:03:08,556] {processor.py:161} INFO - Processing /home/airflow/.local/lib/python3.7/site-packages/airflow/example_dags/tutorial_etl_dag.py took 0.082 seconds
[2024-05-21 00:03:38,829] {processor.py:153} INFO - Started process (PID=7721) to work on /home/airflow/.local/lib/python3.7/site-packages/airflow/example_dags/tutorial_etl_dag.py
[2024-05-21 00:03:38,830] {processor.py:641} INFO - Processing file /home/airflow/.local/lib/python3.7/site-packages/airflow/example_dags/tutorial_etl_dag.py for tasks to queue
[2024-05-21 00:03:38,831] {logging_mixin.py:115} INFO - [2024-05-21 00:03:38,831] {dagbag.py:508} INFO - Filling up the DagBag from /home/airflow/.local/lib/python3.7/site-packages/airflow/example_dags/tutorial_etl_dag.py
[2024-05-21 00:03:38,837] {processor.py:651} INFO - DAG(s) dict_keys(['tutorial_etl_dag']) retrieved from /home/airflow/.local/lib/python3.7/site-packages/airflow/example_dags/tutorial_etl_dag.py
[2024-05-21 00:03:38,873] {logging_mixin.py:115} INFO - [2024-05-21 00:03:38,873] {dag.py:2420} INFO - Sync 1 DAGs
[2024-05-21 00:03:38,904] {logging_mixin.py:115} INFO - [2024-05-21 00:03:38,904] {dag.py:2972} INFO - Setting next_dagrun for tutorial_etl_dag to None, run_after=None
[2024-05-21 00:03:38,919] {processor.py:161} INFO - Processing /home/airflow/.local/lib/python3.7/site-packages/airflow/example_dags/tutorial_etl_dag.py took 0.093 seconds
[2024-05-21 00:04:09,390] {processor.py:153} INFO - Started process (PID=7783) to work on /home/airflow/.local/lib/python3.7/site-packages/airflow/example_dags/tutorial_etl_dag.py
[2024-05-21 00:04:09,391] {processor.py:641} INFO - Processing file /home/airflow/.local/lib/python3.7/site-packages/airflow/example_dags/tutorial_etl_dag.py for tasks to queue
[2024-05-21 00:04:09,392] {logging_mixin.py:115} INFO - [2024-05-21 00:04:09,392] {dagbag.py:508} INFO - Filling up the DagBag from /home/airflow/.local/lib/python3.7/site-packages/airflow/example_dags/tutorial_etl_dag.py
[2024-05-21 00:04:09,401] {processor.py:651} INFO - DAG(s) dict_keys(['tutorial_etl_dag']) retrieved from /home/airflow/.local/lib/python3.7/site-packages/airflow/example_dags/tutorial_etl_dag.py
[2024-05-21 00:04:09,438] {logging_mixin.py:115} INFO - [2024-05-21 00:04:09,438] {dag.py:2420} INFO - Sync 1 DAGs
[2024-05-21 00:04:09,461] {logging_mixin.py:115} INFO - [2024-05-21 00:04:09,461] {dag.py:2972} INFO - Setting next_dagrun for tutorial_etl_dag to None, run_after=None
[2024-05-21 00:04:09,478] {processor.py:161} INFO - Processing /home/airflow/.local/lib/python3.7/site-packages/airflow/example_dags/tutorial_etl_dag.py took 0.091 seconds
[2024-05-21 00:04:39,570] {processor.py:153} INFO - Started process (PID=7845) to work on /home/airflow/.local/lib/python3.7/site-packages/airflow/example_dags/tutorial_etl_dag.py
[2024-05-21 00:04:39,571] {processor.py:641} INFO - Processing file /home/airflow/.local/lib/python3.7/site-packages/airflow/example_dags/tutorial_etl_dag.py for tasks to queue
[2024-05-21 00:04:39,572] {logging_mixin.py:115} INFO - [2024-05-21 00:04:39,572] {dagbag.py:508} INFO - Filling up the DagBag from /home/airflow/.local/lib/python3.7/site-packages/airflow/example_dags/tutorial_etl_dag.py
[2024-05-21 00:04:39,579] {processor.py:651} INFO - DAG(s) dict_keys(['tutorial_etl_dag']) retrieved from /home/airflow/.local/lib/python3.7/site-packages/airflow/example_dags/tutorial_etl_dag.py
[2024-05-21 00:04:39,608] {logging_mixin.py:115} INFO - [2024-05-21 00:04:39,608] {dag.py:2420} INFO - Sync 1 DAGs
[2024-05-21 00:04:39,632] {logging_mixin.py:115} INFO - [2024-05-21 00:04:39,632] {dag.py:2972} INFO - Setting next_dagrun for tutorial_etl_dag to None, run_after=None
[2024-05-21 00:04:39,646] {processor.py:161} INFO - Processing /home/airflow/.local/lib/python3.7/site-packages/airflow/example_dags/tutorial_etl_dag.py took 0.080 seconds
[2024-05-21 00:05:09,724] {processor.py:153} INFO - Started process (PID=7899) to work on /home/airflow/.local/lib/python3.7/site-packages/airflow/example_dags/tutorial_etl_dag.py
[2024-05-21 00:05:09,725] {processor.py:641} INFO - Processing file /home/airflow/.local/lib/python3.7/site-packages/airflow/example_dags/tutorial_etl_dag.py for tasks to queue
[2024-05-21 00:05:09,726] {logging_mixin.py:115} INFO - [2024-05-21 00:05:09,726] {dagbag.py:508} INFO - Filling up the DagBag from /home/airflow/.local/lib/python3.7/site-packages/airflow/example_dags/tutorial_etl_dag.py
[2024-05-21 00:05:09,734] {processor.py:651} INFO - DAG(s) dict_keys(['tutorial_etl_dag']) retrieved from /home/airflow/.local/lib/python3.7/site-packages/airflow/example_dags/tutorial_etl_dag.py
[2024-05-21 00:05:09,761] {logging_mixin.py:115} INFO - [2024-05-21 00:05:09,761] {dag.py:2420} INFO - Sync 1 DAGs
[2024-05-21 00:05:09,783] {logging_mixin.py:115} INFO - [2024-05-21 00:05:09,783] {dag.py:2972} INFO - Setting next_dagrun for tutorial_etl_dag to None, run_after=None
[2024-05-21 00:05:09,798] {processor.py:161} INFO - Processing /home/airflow/.local/lib/python3.7/site-packages/airflow/example_dags/tutorial_etl_dag.py took 0.077 seconds
[2024-05-21 00:05:40,053] {processor.py:153} INFO - Started process (PID=7961) to work on /home/airflow/.local/lib/python3.7/site-packages/airflow/example_dags/tutorial_etl_dag.py
[2024-05-21 00:05:40,054] {processor.py:641} INFO - Processing file /home/airflow/.local/lib/python3.7/site-packages/airflow/example_dags/tutorial_etl_dag.py for tasks to queue
[2024-05-21 00:05:40,054] {logging_mixin.py:115} INFO - [2024-05-21 00:05:40,054] {dagbag.py:508} INFO - Filling up the DagBag from /home/airflow/.local/lib/python3.7/site-packages/airflow/example_dags/tutorial_etl_dag.py
[2024-05-21 00:05:40,061] {processor.py:651} INFO - DAG(s) dict_keys(['tutorial_etl_dag']) retrieved from /home/airflow/.local/lib/python3.7/site-packages/airflow/example_dags/tutorial_etl_dag.py
[2024-05-21 00:05:40,095] {logging_mixin.py:115} INFO - [2024-05-21 00:05:40,095] {dag.py:2420} INFO - Sync 1 DAGs
[2024-05-21 00:05:40,123] {logging_mixin.py:115} INFO - [2024-05-21 00:05:40,123] {dag.py:2972} INFO - Setting next_dagrun for tutorial_etl_dag to None, run_after=None
[2024-05-21 00:05:40,139] {processor.py:161} INFO - Processing /home/airflow/.local/lib/python3.7/site-packages/airflow/example_dags/tutorial_etl_dag.py took 0.091 seconds
[2024-05-21 00:06:10,192] {processor.py:153} INFO - Started process (PID=8023) to work on /home/airflow/.local/lib/python3.7/site-packages/airflow/example_dags/tutorial_etl_dag.py
[2024-05-21 00:06:10,193] {processor.py:641} INFO - Processing file /home/airflow/.local/lib/python3.7/site-packages/airflow/example_dags/tutorial_etl_dag.py for tasks to queue
[2024-05-21 00:06:10,194] {logging_mixin.py:115} INFO - [2024-05-21 00:06:10,194] {dagbag.py:508} INFO - Filling up the DagBag from /home/airflow/.local/lib/python3.7/site-packages/airflow/example_dags/tutorial_etl_dag.py
[2024-05-21 00:06:10,205] {processor.py:651} INFO - DAG(s) dict_keys(['tutorial_etl_dag']) retrieved from /home/airflow/.local/lib/python3.7/site-packages/airflow/example_dags/tutorial_etl_dag.py
[2024-05-21 00:06:10,241] {logging_mixin.py:115} INFO - [2024-05-21 00:06:10,241] {dag.py:2420} INFO - Sync 1 DAGs
[2024-05-21 00:06:10,265] {logging_mixin.py:115} INFO - [2024-05-21 00:06:10,265] {dag.py:2972} INFO - Setting next_dagrun for tutorial_etl_dag to None, run_after=None
[2024-05-21 00:06:10,278] {processor.py:161} INFO - Processing /home/airflow/.local/lib/python3.7/site-packages/airflow/example_dags/tutorial_etl_dag.py took 0.090 seconds
[2024-05-21 00:06:40,598] {processor.py:153} INFO - Started process (PID=8076) to work on /home/airflow/.local/lib/python3.7/site-packages/airflow/example_dags/tutorial_etl_dag.py
[2024-05-21 00:06:40,599] {processor.py:641} INFO - Processing file /home/airflow/.local/lib/python3.7/site-packages/airflow/example_dags/tutorial_etl_dag.py for tasks to queue
[2024-05-21 00:06:40,600] {logging_mixin.py:115} INFO - [2024-05-21 00:06:40,600] {dagbag.py:508} INFO - Filling up the DagBag from /home/airflow/.local/lib/python3.7/site-packages/airflow/example_dags/tutorial_etl_dag.py
[2024-05-21 00:06:40,610] {processor.py:651} INFO - DAG(s) dict_keys(['tutorial_etl_dag']) retrieved from /home/airflow/.local/lib/python3.7/site-packages/airflow/example_dags/tutorial_etl_dag.py
[2024-05-21 00:06:40,641] {logging_mixin.py:115} INFO - [2024-05-21 00:06:40,641] {dag.py:2420} INFO - Sync 1 DAGs
[2024-05-21 00:06:40,673] {logging_mixin.py:115} INFO - [2024-05-21 00:06:40,672] {dag.py:2972} INFO - Setting next_dagrun for tutorial_etl_dag to None, run_after=None
[2024-05-21 00:06:40,687] {processor.py:161} INFO - Processing /home/airflow/.local/lib/python3.7/site-packages/airflow/example_dags/tutorial_etl_dag.py took 0.094 seconds
[2024-05-21 00:07:11,321] {processor.py:153} INFO - Started process (PID=8138) to work on /home/airflow/.local/lib/python3.7/site-packages/airflow/example_dags/tutorial_etl_dag.py
[2024-05-21 00:07:11,322] {processor.py:641} INFO - Processing file /home/airflow/.local/lib/python3.7/site-packages/airflow/example_dags/tutorial_etl_dag.py for tasks to queue
[2024-05-21 00:07:11,323] {logging_mixin.py:115} INFO - [2024-05-21 00:07:11,323] {dagbag.py:508} INFO - Filling up the DagBag from /home/airflow/.local/lib/python3.7/site-packages/airflow/example_dags/tutorial_etl_dag.py
[2024-05-21 00:07:11,330] {processor.py:651} INFO - DAG(s) dict_keys(['tutorial_etl_dag']) retrieved from /home/airflow/.local/lib/python3.7/site-packages/airflow/example_dags/tutorial_etl_dag.py
[2024-05-21 00:07:11,358] {logging_mixin.py:115} INFO - [2024-05-21 00:07:11,357] {dag.py:2420} INFO - Sync 1 DAGs
[2024-05-21 00:07:11,383] {logging_mixin.py:115} INFO - [2024-05-21 00:07:11,383] {dag.py:2972} INFO - Setting next_dagrun for tutorial_etl_dag to None, run_after=None
[2024-05-21 00:07:11,399] {processor.py:161} INFO - Processing /home/airflow/.local/lib/python3.7/site-packages/airflow/example_dags/tutorial_etl_dag.py took 0.080 seconds
[2024-05-21 00:07:41,561] {processor.py:153} INFO - Started process (PID=8200) to work on /home/airflow/.local/lib/python3.7/site-packages/airflow/example_dags/tutorial_etl_dag.py
[2024-05-21 00:07:41,562] {processor.py:641} INFO - Processing file /home/airflow/.local/lib/python3.7/site-packages/airflow/example_dags/tutorial_etl_dag.py for tasks to queue
[2024-05-21 00:07:41,563] {logging_mixin.py:115} INFO - [2024-05-21 00:07:41,563] {dagbag.py:508} INFO - Filling up the DagBag from /home/airflow/.local/lib/python3.7/site-packages/airflow/example_dags/tutorial_etl_dag.py
[2024-05-21 00:07:41,570] {processor.py:651} INFO - DAG(s) dict_keys(['tutorial_etl_dag']) retrieved from /home/airflow/.local/lib/python3.7/site-packages/airflow/example_dags/tutorial_etl_dag.py
[2024-05-21 00:07:41,600] {logging_mixin.py:115} INFO - [2024-05-21 00:07:41,600] {dag.py:2420} INFO - Sync 1 DAGs
[2024-05-21 00:07:41,627] {logging_mixin.py:115} INFO - [2024-05-21 00:07:41,627] {dag.py:2972} INFO - Setting next_dagrun for tutorial_etl_dag to None, run_after=None
[2024-05-21 00:07:41,644] {processor.py:161} INFO - Processing /home/airflow/.local/lib/python3.7/site-packages/airflow/example_dags/tutorial_etl_dag.py took 0.087 seconds
[2024-05-21 00:08:11,793] {processor.py:153} INFO - Started process (PID=8262) to work on /home/airflow/.local/lib/python3.7/site-packages/airflow/example_dags/tutorial_etl_dag.py
[2024-05-21 00:08:11,794] {processor.py:641} INFO - Processing file /home/airflow/.local/lib/python3.7/site-packages/airflow/example_dags/tutorial_etl_dag.py for tasks to queue
[2024-05-21 00:08:11,795] {logging_mixin.py:115} INFO - [2024-05-21 00:08:11,795] {dagbag.py:508} INFO - Filling up the DagBag from /home/airflow/.local/lib/python3.7/site-packages/airflow/example_dags/tutorial_etl_dag.py
[2024-05-21 00:08:11,803] {processor.py:651} INFO - DAG(s) dict_keys(['tutorial_etl_dag']) retrieved from /home/airflow/.local/lib/python3.7/site-packages/airflow/example_dags/tutorial_etl_dag.py
[2024-05-21 00:08:11,839] {logging_mixin.py:115} INFO - [2024-05-21 00:08:11,839] {dag.py:2420} INFO - Sync 1 DAGs
[2024-05-21 00:08:11,875] {logging_mixin.py:115} INFO - [2024-05-21 00:08:11,874] {dag.py:2972} INFO - Setting next_dagrun for tutorial_etl_dag to None, run_after=None
[2024-05-21 00:08:11,887] {processor.py:161} INFO - Processing /home/airflow/.local/lib/python3.7/site-packages/airflow/example_dags/tutorial_etl_dag.py took 0.099 seconds
[2024-05-21 00:08:42,099] {processor.py:153} INFO - Started process (PID=8315) to work on /home/airflow/.local/lib/python3.7/site-packages/airflow/example_dags/tutorial_etl_dag.py
[2024-05-21 00:08:42,100] {processor.py:641} INFO - Processing file /home/airflow/.local/lib/python3.7/site-packages/airflow/example_dags/tutorial_etl_dag.py for tasks to queue
[2024-05-21 00:08:42,101] {logging_mixin.py:115} INFO - [2024-05-21 00:08:42,101] {dagbag.py:508} INFO - Filling up the DagBag from /home/airflow/.local/lib/python3.7/site-packages/airflow/example_dags/tutorial_etl_dag.py
[2024-05-21 00:08:42,111] {processor.py:651} INFO - DAG(s) dict_keys(['tutorial_etl_dag']) retrieved from /home/airflow/.local/lib/python3.7/site-packages/airflow/example_dags/tutorial_etl_dag.py
[2024-05-21 00:08:42,138] {logging_mixin.py:115} INFO - [2024-05-21 00:08:42,138] {dag.py:2420} INFO - Sync 1 DAGs
[2024-05-21 00:08:42,159] {logging_mixin.py:115} INFO - [2024-05-21 00:08:42,158] {dag.py:2972} INFO - Setting next_dagrun for tutorial_etl_dag to None, run_after=None
[2024-05-21 00:08:42,174] {processor.py:161} INFO - Processing /home/airflow/.local/lib/python3.7/site-packages/airflow/example_dags/tutorial_etl_dag.py took 0.080 seconds
[2024-05-21 00:09:12,269] {processor.py:153} INFO - Started process (PID=8377) to work on /home/airflow/.local/lib/python3.7/site-packages/airflow/example_dags/tutorial_etl_dag.py
[2024-05-21 00:09:12,270] {processor.py:641} INFO - Processing file /home/airflow/.local/lib/python3.7/site-packages/airflow/example_dags/tutorial_etl_dag.py for tasks to queue
[2024-05-21 00:09:12,272] {logging_mixin.py:115} INFO - [2024-05-21 00:09:12,272] {dagbag.py:508} INFO - Filling up the DagBag from /home/airflow/.local/lib/python3.7/site-packages/airflow/example_dags/tutorial_etl_dag.py
[2024-05-21 00:09:12,281] {processor.py:651} INFO - DAG(s) dict_keys(['tutorial_etl_dag']) retrieved from /home/airflow/.local/lib/python3.7/site-packages/airflow/example_dags/tutorial_etl_dag.py
[2024-05-21 00:09:12,306] {logging_mixin.py:115} INFO - [2024-05-21 00:09:12,306] {dag.py:2420} INFO - Sync 1 DAGs
[2024-05-21 00:09:12,329] {logging_mixin.py:115} INFO - [2024-05-21 00:09:12,329] {dag.py:2972} INFO - Setting next_dagrun for tutorial_etl_dag to None, run_after=None
[2024-05-21 00:09:12,342] {processor.py:161} INFO - Processing /home/airflow/.local/lib/python3.7/site-packages/airflow/example_dags/tutorial_etl_dag.py took 0.077 seconds
[2024-05-21 00:09:42,529] {processor.py:153} INFO - Started process (PID=8439) to work on /home/airflow/.local/lib/python3.7/site-packages/airflow/example_dags/tutorial_etl_dag.py
[2024-05-21 00:09:42,530] {processor.py:641} INFO - Processing file /home/airflow/.local/lib/python3.7/site-packages/airflow/example_dags/tutorial_etl_dag.py for tasks to queue
[2024-05-21 00:09:42,531] {logging_mixin.py:115} INFO - [2024-05-21 00:09:42,531] {dagbag.py:508} INFO - Filling up the DagBag from /home/airflow/.local/lib/python3.7/site-packages/airflow/example_dags/tutorial_etl_dag.py
[2024-05-21 00:09:42,540] {processor.py:651} INFO - DAG(s) dict_keys(['tutorial_etl_dag']) retrieved from /home/airflow/.local/lib/python3.7/site-packages/airflow/example_dags/tutorial_etl_dag.py
[2024-05-21 00:09:42,566] {logging_mixin.py:115} INFO - [2024-05-21 00:09:42,566] {dag.py:2420} INFO - Sync 1 DAGs
[2024-05-21 00:09:42,591] {logging_mixin.py:115} INFO - [2024-05-21 00:09:42,591] {dag.py:2972} INFO - Setting next_dagrun for tutorial_etl_dag to None, run_after=None
[2024-05-21 00:09:42,604] {processor.py:161} INFO - Processing /home/airflow/.local/lib/python3.7/site-packages/airflow/example_dags/tutorial_etl_dag.py took 0.079 seconds
[2024-05-21 00:10:12,805] {processor.py:153} INFO - Started process (PID=8492) to work on /home/airflow/.local/lib/python3.7/site-packages/airflow/example_dags/tutorial_etl_dag.py
[2024-05-21 00:10:12,806] {processor.py:641} INFO - Processing file /home/airflow/.local/lib/python3.7/site-packages/airflow/example_dags/tutorial_etl_dag.py for tasks to queue
[2024-05-21 00:10:12,807] {logging_mixin.py:115} INFO - [2024-05-21 00:10:12,807] {dagbag.py:508} INFO - Filling up the DagBag from /home/airflow/.local/lib/python3.7/site-packages/airflow/example_dags/tutorial_etl_dag.py
[2024-05-21 00:10:12,816] {processor.py:651} INFO - DAG(s) dict_keys(['tutorial_etl_dag']) retrieved from /home/airflow/.local/lib/python3.7/site-packages/airflow/example_dags/tutorial_etl_dag.py
[2024-05-21 00:10:12,861] {logging_mixin.py:115} INFO - [2024-05-21 00:10:12,861] {dag.py:2420} INFO - Sync 1 DAGs
[2024-05-21 00:10:12,893] {logging_mixin.py:115} INFO - [2024-05-21 00:10:12,893] {dag.py:2972} INFO - Setting next_dagrun for tutorial_etl_dag to None, run_after=None
[2024-05-21 00:10:12,911] {processor.py:161} INFO - Processing /home/airflow/.local/lib/python3.7/site-packages/airflow/example_dags/tutorial_etl_dag.py took 0.112 seconds
