[2024-06-06T00:32:46.340+0000] {local_task_job_runner.py:120} INFO - ::group::Pre task execution logs
[2024-06-06T00:32:46.363+0000] {taskinstance.py:2076} INFO - Dependencies all met for dep_context=non-requeueable deps ti=<TaskInstance: ingestion_data.levantar_datos_API manual__2024-06-06T00:32:43.284475+00:00 [queued]>
[2024-06-06T00:32:46.373+0000] {taskinstance.py:2076} INFO - Dependencies all met for dep_context=requeueable deps ti=<TaskInstance: ingestion_data.levantar_datos_API manual__2024-06-06T00:32:43.284475+00:00 [queued]>
[2024-06-06T00:32:46.374+0000] {taskinstance.py:2306} INFO - Starting attempt 1 of 2
[2024-06-06T00:32:46.388+0000] {taskinstance.py:2330} INFO - Executing <Task(PythonOperator): levantar_datos_API> on 2024-06-06 00:32:43.284475+00:00
[2024-06-06T00:32:46.393+0000] {standard_task_runner.py:63} INFO - Started process 3404 to run task
[2024-06-06T00:32:46.397+0000] {standard_task_runner.py:90} INFO - Running: ['***', 'tasks', 'run', 'ingestion_data', 'levantar_datos_API', 'manual__2024-06-06T00:32:43.284475+00:00', '--job-id', '160', '--raw', '--subdir', 'DAGS_FOLDER/dag_entregable_fedebar.py', '--cfg-path', '/tmp/tmpengq4ow3']
[2024-06-06T00:32:46.398+0000] {standard_task_runner.py:91} INFO - Job 160: Subtask levantar_datos_API
[2024-06-06T00:32:46.454+0000] {task_command.py:426} INFO - Running <TaskInstance: ingestion_data.levantar_datos_API manual__2024-06-06T00:32:43.284475+00:00 [running]> on host 167cb9f6b96a
[2024-06-06T00:32:46.554+0000] {taskinstance.py:2648} INFO - Exporting env vars: AIRFLOW_CTX_DAG_OWNER='FedeBar' AIRFLOW_CTX_DAG_ID='ingestion_data' AIRFLOW_CTX_TASK_ID='levantar_datos_API' AIRFLOW_CTX_EXECUTION_DATE='2024-06-06T00:32:43.284475+00:00' AIRFLOW_CTX_TRY_NUMBER='1' AIRFLOW_CTX_DAG_RUN_ID='manual__2024-06-06T00:32:43.284475+00:00'
[2024-06-06T00:32:46.556+0000] {taskinstance.py:430} INFO - ::endgroup::
[2024-06-06T00:32:46.604+0000] {python.py:237} INFO - Done. Returned value was:         m_date  weather_code  ...      city   load_date
0   2024-05-29           3.0  ...   Mendoza  2024-06-06
1   2024-05-30           3.0  ...   Mendoza  2024-06-06
2   2024-05-31           0.0  ...   Mendoza  2024-06-06
3   2024-06-01           0.0  ...   Mendoza  2024-06-06
4   2024-06-02           3.0  ...   Mendoza  2024-06-06
..         ...           ...  ...       ...         ...
93  2024-06-07           3.0  ...  Santa Fe  2024-06-06
94  2024-06-08           3.0  ...  Santa Fe  2024-06-06
95  2024-06-09           3.0  ...  Santa Fe  2024-06-06
96  2024-06-10           3.0  ...  Santa Fe  2024-06-06
97  2024-06-11           3.0  ...  Santa Fe  2024-06-06

[98 rows x 21 columns]
[2024-06-06T00:32:46.636+0000] {taskinstance.py:441} INFO - ::group::Post task execution logs
[2024-06-06T00:32:46.682+0000] {taskinstance.py:1206} INFO - Marking task as SUCCESS. dag_id=ingestion_data, task_id=levantar_datos_API, run_id=manual__2024-06-06T00:32:43.284475+00:00, execution_date=20240606T003243, start_date=20240606T003246, end_date=20240606T003246
[2024-06-06T00:32:46.730+0000] {local_task_job_runner.py:240} INFO - Task exited with return code 0
[2024-06-06T00:32:46.762+0000] {taskinstance.py:3498} INFO - 0 downstream tasks scheduled from follow-on schedule check
[2024-06-06T00:32:46.766+0000] {local_task_job_runner.py:222} INFO - ::endgroup::
