[2024-05-28T18:29:14.398+0000] {processor.py:161} INFO - Started process (PID=72) to work on /home/airflow/.local/lib/python3.8/site-packages/airflow/example_dags/example_task_group_decorator.py
[2024-05-28T18:29:14.403+0000] {processor.py:830} INFO - Processing file /home/airflow/.local/lib/python3.8/site-packages/airflow/example_dags/example_task_group_decorator.py for tasks to queue
[2024-05-28T18:29:14.408+0000] {logging_mixin.py:188} INFO - [2024-05-28T18:29:14.407+0000] {dagbag.py:545} INFO - Filling up the DagBag from /home/airflow/.local/lib/python3.8/site-packages/airflow/example_dags/example_task_group_decorator.py
[2024-05-28T18:29:14.454+0000] {processor.py:840} INFO - DAG(s) 'example_task_group_decorator' retrieved from /home/airflow/.local/lib/python3.8/site-packages/airflow/example_dags/example_task_group_decorator.py
[2024-05-28T18:29:14.946+0000] {logging_mixin.py:188} INFO - [2024-05-28T18:29:14.946+0000] {dag.py:3096} INFO - Sync 1 DAGs
[2024-05-28T18:29:14.996+0000] {logging_mixin.py:188} INFO - [2024-05-28T18:29:14.996+0000] {dag.py:3954} INFO - Setting next_dagrun for example_task_group_decorator to 2024-05-27 00:00:00+00:00, run_after=2024-05-28 00:00:00+00:00
[2024-05-28T18:29:15.045+0000] {processor.py:183} INFO - Processing /home/airflow/.local/lib/python3.8/site-packages/airflow/example_dags/example_task_group_decorator.py took 0.656 seconds
[2024-05-28T18:29:45.562+0000] {processor.py:161} INFO - Started process (PID=142) to work on /home/airflow/.local/lib/python3.8/site-packages/airflow/example_dags/example_task_group_decorator.py
[2024-05-28T18:29:45.564+0000] {processor.py:830} INFO - Processing file /home/airflow/.local/lib/python3.8/site-packages/airflow/example_dags/example_task_group_decorator.py for tasks to queue
[2024-05-28T18:29:45.566+0000] {logging_mixin.py:188} INFO - [2024-05-28T18:29:45.566+0000] {dagbag.py:545} INFO - Filling up the DagBag from /home/airflow/.local/lib/python3.8/site-packages/airflow/example_dags/example_task_group_decorator.py
[2024-05-28T18:29:45.580+0000] {processor.py:840} INFO - DAG(s) 'example_task_group_decorator' retrieved from /home/airflow/.local/lib/python3.8/site-packages/airflow/example_dags/example_task_group_decorator.py
[2024-05-28T18:29:45.608+0000] {logging_mixin.py:188} INFO - [2024-05-28T18:29:45.608+0000] {dag.py:3096} INFO - Sync 1 DAGs
[2024-05-28T18:29:45.628+0000] {logging_mixin.py:188} INFO - [2024-05-28T18:29:45.627+0000] {dag.py:3954} INFO - Setting next_dagrun for example_task_group_decorator to 2024-05-27 00:00:00+00:00, run_after=2024-05-28 00:00:00+00:00
[2024-05-28T18:29:45.650+0000] {processor.py:183} INFO - Processing /home/airflow/.local/lib/python3.8/site-packages/airflow/example_dags/example_task_group_decorator.py took 0.093 seconds
[2024-05-28T18:30:15.983+0000] {processor.py:161} INFO - Started process (PID=220) to work on /home/airflow/.local/lib/python3.8/site-packages/airflow/example_dags/example_task_group_decorator.py
[2024-05-28T18:30:15.985+0000] {processor.py:830} INFO - Processing file /home/airflow/.local/lib/python3.8/site-packages/airflow/example_dags/example_task_group_decorator.py for tasks to queue
[2024-05-28T18:30:15.987+0000] {logging_mixin.py:188} INFO - [2024-05-28T18:30:15.986+0000] {dagbag.py:545} INFO - Filling up the DagBag from /home/airflow/.local/lib/python3.8/site-packages/airflow/example_dags/example_task_group_decorator.py
[2024-05-28T18:30:16.004+0000] {processor.py:840} INFO - DAG(s) 'example_task_group_decorator' retrieved from /home/airflow/.local/lib/python3.8/site-packages/airflow/example_dags/example_task_group_decorator.py
[2024-05-28T18:30:16.038+0000] {logging_mixin.py:188} INFO - [2024-05-28T18:30:16.037+0000] {dag.py:3096} INFO - Sync 1 DAGs
[2024-05-28T18:30:16.061+0000] {logging_mixin.py:188} INFO - [2024-05-28T18:30:16.061+0000] {dag.py:3954} INFO - Setting next_dagrun for example_task_group_decorator to 2024-05-27 00:00:00+00:00, run_after=2024-05-28 00:00:00+00:00
[2024-05-28T18:30:16.083+0000] {processor.py:183} INFO - Processing /home/airflow/.local/lib/python3.8/site-packages/airflow/example_dags/example_task_group_decorator.py took 0.107 seconds
[2024-05-28T18:30:46.409+0000] {processor.py:161} INFO - Started process (PID=290) to work on /home/airflow/.local/lib/python3.8/site-packages/airflow/example_dags/example_task_group_decorator.py
[2024-05-28T18:30:46.411+0000] {processor.py:830} INFO - Processing file /home/airflow/.local/lib/python3.8/site-packages/airflow/example_dags/example_task_group_decorator.py for tasks to queue
[2024-05-28T18:30:46.413+0000] {logging_mixin.py:188} INFO - [2024-05-28T18:30:46.412+0000] {dagbag.py:545} INFO - Filling up the DagBag from /home/airflow/.local/lib/python3.8/site-packages/airflow/example_dags/example_task_group_decorator.py
[2024-05-28T18:30:46.426+0000] {processor.py:840} INFO - DAG(s) 'example_task_group_decorator' retrieved from /home/airflow/.local/lib/python3.8/site-packages/airflow/example_dags/example_task_group_decorator.py
[2024-05-28T18:30:46.458+0000] {logging_mixin.py:188} INFO - [2024-05-28T18:30:46.458+0000] {dag.py:3096} INFO - Sync 1 DAGs
[2024-05-28T18:30:46.481+0000] {logging_mixin.py:188} INFO - [2024-05-28T18:30:46.481+0000] {dag.py:3954} INFO - Setting next_dagrun for example_task_group_decorator to 2024-05-27 00:00:00+00:00, run_after=2024-05-28 00:00:00+00:00
[2024-05-28T18:30:46.503+0000] {processor.py:183} INFO - Processing /home/airflow/.local/lib/python3.8/site-packages/airflow/example_dags/example_task_group_decorator.py took 0.099 seconds
[2024-05-28T18:31:16.985+0000] {processor.py:161} INFO - Started process (PID=360) to work on /home/airflow/.local/lib/python3.8/site-packages/airflow/example_dags/example_task_group_decorator.py
[2024-05-28T18:31:16.986+0000] {processor.py:830} INFO - Processing file /home/airflow/.local/lib/python3.8/site-packages/airflow/example_dags/example_task_group_decorator.py for tasks to queue
[2024-05-28T18:31:16.988+0000] {logging_mixin.py:188} INFO - [2024-05-28T18:31:16.988+0000] {dagbag.py:545} INFO - Filling up the DagBag from /home/airflow/.local/lib/python3.8/site-packages/airflow/example_dags/example_task_group_decorator.py
[2024-05-28T18:31:17.000+0000] {processor.py:840} INFO - DAG(s) 'example_task_group_decorator' retrieved from /home/airflow/.local/lib/python3.8/site-packages/airflow/example_dags/example_task_group_decorator.py
[2024-05-28T18:31:17.027+0000] {logging_mixin.py:188} INFO - [2024-05-28T18:31:17.026+0000] {dag.py:3096} INFO - Sync 1 DAGs
[2024-05-28T18:31:17.047+0000] {logging_mixin.py:188} INFO - [2024-05-28T18:31:17.046+0000] {dag.py:3954} INFO - Setting next_dagrun for example_task_group_decorator to 2024-05-27 00:00:00+00:00, run_after=2024-05-28 00:00:00+00:00
[2024-05-28T18:31:17.069+0000] {processor.py:183} INFO - Processing /home/airflow/.local/lib/python3.8/site-packages/airflow/example_dags/example_task_group_decorator.py took 0.090 seconds
[2024-05-28T18:31:47.369+0000] {processor.py:161} INFO - Started process (PID=436) to work on /home/airflow/.local/lib/python3.8/site-packages/airflow/example_dags/example_task_group_decorator.py
[2024-05-28T18:31:47.371+0000] {processor.py:830} INFO - Processing file /home/airflow/.local/lib/python3.8/site-packages/airflow/example_dags/example_task_group_decorator.py for tasks to queue
[2024-05-28T18:31:47.374+0000] {logging_mixin.py:188} INFO - [2024-05-28T18:31:47.373+0000] {dagbag.py:545} INFO - Filling up the DagBag from /home/airflow/.local/lib/python3.8/site-packages/airflow/example_dags/example_task_group_decorator.py
[2024-05-28T18:31:47.392+0000] {processor.py:840} INFO - DAG(s) 'example_task_group_decorator' retrieved from /home/airflow/.local/lib/python3.8/site-packages/airflow/example_dags/example_task_group_decorator.py
[2024-05-28T18:31:47.423+0000] {logging_mixin.py:188} INFO - [2024-05-28T18:31:47.423+0000] {dag.py:3096} INFO - Sync 1 DAGs
[2024-05-28T18:31:47.447+0000] {logging_mixin.py:188} INFO - [2024-05-28T18:31:47.447+0000] {dag.py:3954} INFO - Setting next_dagrun for example_task_group_decorator to 2024-05-27 00:00:00+00:00, run_after=2024-05-28 00:00:00+00:00
[2024-05-28T18:31:47.471+0000] {processor.py:183} INFO - Processing /home/airflow/.local/lib/python3.8/site-packages/airflow/example_dags/example_task_group_decorator.py took 0.107 seconds
[2024-05-28T18:32:18.593+0000] {processor.py:161} INFO - Started process (PID=507) to work on /home/airflow/.local/lib/python3.8/site-packages/airflow/example_dags/example_task_group_decorator.py
[2024-05-28T18:32:18.594+0000] {processor.py:830} INFO - Processing file /home/airflow/.local/lib/python3.8/site-packages/airflow/example_dags/example_task_group_decorator.py for tasks to queue
[2024-05-28T18:32:18.596+0000] {logging_mixin.py:188} INFO - [2024-05-28T18:32:18.596+0000] {dagbag.py:545} INFO - Filling up the DagBag from /home/airflow/.local/lib/python3.8/site-packages/airflow/example_dags/example_task_group_decorator.py
[2024-05-28T18:32:18.612+0000] {processor.py:840} INFO - DAG(s) 'example_task_group_decorator' retrieved from /home/airflow/.local/lib/python3.8/site-packages/airflow/example_dags/example_task_group_decorator.py
[2024-05-28T18:32:18.643+0000] {logging_mixin.py:188} INFO - [2024-05-28T18:32:18.643+0000] {dag.py:3096} INFO - Sync 1 DAGs
[2024-05-28T18:32:18.672+0000] {logging_mixin.py:188} INFO - [2024-05-28T18:32:18.672+0000] {dag.py:3954} INFO - Setting next_dagrun for example_task_group_decorator to 2024-05-27 00:00:00+00:00, run_after=2024-05-28 00:00:00+00:00
[2024-05-28T18:32:18.702+0000] {processor.py:183} INFO - Processing /home/airflow/.local/lib/python3.8/site-packages/airflow/example_dags/example_task_group_decorator.py took 0.116 seconds
[2024-05-28T18:32:49.134+0000] {processor.py:161} INFO - Started process (PID=577) to work on /home/airflow/.local/lib/python3.8/site-packages/airflow/example_dags/example_task_group_decorator.py
[2024-05-28T18:32:49.136+0000] {processor.py:830} INFO - Processing file /home/airflow/.local/lib/python3.8/site-packages/airflow/example_dags/example_task_group_decorator.py for tasks to queue
[2024-05-28T18:32:49.137+0000] {logging_mixin.py:188} INFO - [2024-05-28T18:32:49.137+0000] {dagbag.py:545} INFO - Filling up the DagBag from /home/airflow/.local/lib/python3.8/site-packages/airflow/example_dags/example_task_group_decorator.py
[2024-05-28T18:32:49.150+0000] {processor.py:840} INFO - DAG(s) 'example_task_group_decorator' retrieved from /home/airflow/.local/lib/python3.8/site-packages/airflow/example_dags/example_task_group_decorator.py
[2024-05-28T18:32:49.177+0000] {logging_mixin.py:188} INFO - [2024-05-28T18:32:49.176+0000] {dag.py:3096} INFO - Sync 1 DAGs
[2024-05-28T18:32:49.198+0000] {logging_mixin.py:188} INFO - [2024-05-28T18:32:49.197+0000] {dag.py:3954} INFO - Setting next_dagrun for example_task_group_decorator to 2024-05-27 00:00:00+00:00, run_after=2024-05-28 00:00:00+00:00
[2024-05-28T18:32:49.219+0000] {processor.py:183} INFO - Processing /home/airflow/.local/lib/python3.8/site-packages/airflow/example_dags/example_task_group_decorator.py took 0.091 seconds
[2024-05-28T18:33:19.588+0000] {processor.py:161} INFO - Started process (PID=646) to work on /home/airflow/.local/lib/python3.8/site-packages/airflow/example_dags/example_task_group_decorator.py
[2024-05-28T18:33:19.589+0000] {processor.py:830} INFO - Processing file /home/airflow/.local/lib/python3.8/site-packages/airflow/example_dags/example_task_group_decorator.py for tasks to queue
[2024-05-28T18:33:19.591+0000] {logging_mixin.py:188} INFO - [2024-05-28T18:33:19.591+0000] {dagbag.py:545} INFO - Filling up the DagBag from /home/airflow/.local/lib/python3.8/site-packages/airflow/example_dags/example_task_group_decorator.py
[2024-05-28T18:33:19.605+0000] {processor.py:840} INFO - DAG(s) 'example_task_group_decorator' retrieved from /home/airflow/.local/lib/python3.8/site-packages/airflow/example_dags/example_task_group_decorator.py
[2024-05-28T18:33:19.637+0000] {logging_mixin.py:188} INFO - [2024-05-28T18:33:19.636+0000] {dag.py:3096} INFO - Sync 1 DAGs
[2024-05-28T18:33:19.661+0000] {logging_mixin.py:188} INFO - [2024-05-28T18:33:19.661+0000] {dag.py:3954} INFO - Setting next_dagrun for example_task_group_decorator to 2024-05-27 00:00:00+00:00, run_after=2024-05-28 00:00:00+00:00
[2024-05-28T18:33:19.682+0000] {processor.py:183} INFO - Processing /home/airflow/.local/lib/python3.8/site-packages/airflow/example_dags/example_task_group_decorator.py took 0.101 seconds
[2024-05-28T18:33:49.920+0000] {processor.py:161} INFO - Started process (PID=724) to work on /home/airflow/.local/lib/python3.8/site-packages/airflow/example_dags/example_task_group_decorator.py
[2024-05-28T18:33:49.921+0000] {processor.py:830} INFO - Processing file /home/airflow/.local/lib/python3.8/site-packages/airflow/example_dags/example_task_group_decorator.py for tasks to queue
[2024-05-28T18:33:49.923+0000] {logging_mixin.py:188} INFO - [2024-05-28T18:33:49.923+0000] {dagbag.py:545} INFO - Filling up the DagBag from /home/airflow/.local/lib/python3.8/site-packages/airflow/example_dags/example_task_group_decorator.py
[2024-05-28T18:33:49.940+0000] {processor.py:840} INFO - DAG(s) 'example_task_group_decorator' retrieved from /home/airflow/.local/lib/python3.8/site-packages/airflow/example_dags/example_task_group_decorator.py
[2024-05-28T18:33:49.969+0000] {logging_mixin.py:188} INFO - [2024-05-28T18:33:49.969+0000] {dag.py:3096} INFO - Sync 1 DAGs
[2024-05-28T18:33:49.994+0000] {logging_mixin.py:188} INFO - [2024-05-28T18:33:49.994+0000] {dag.py:3954} INFO - Setting next_dagrun for example_task_group_decorator to 2024-05-27 00:00:00+00:00, run_after=2024-05-28 00:00:00+00:00
[2024-05-28T18:33:50.015+0000] {processor.py:183} INFO - Processing /home/airflow/.local/lib/python3.8/site-packages/airflow/example_dags/example_task_group_decorator.py took 0.103 seconds
[2024-05-28T18:34:20.280+0000] {processor.py:161} INFO - Started process (PID=794) to work on /home/airflow/.local/lib/python3.8/site-packages/airflow/example_dags/example_task_group_decorator.py
[2024-05-28T18:34:20.281+0000] {processor.py:830} INFO - Processing file /home/airflow/.local/lib/python3.8/site-packages/airflow/example_dags/example_task_group_decorator.py for tasks to queue
[2024-05-28T18:34:20.283+0000] {logging_mixin.py:188} INFO - [2024-05-28T18:34:20.283+0000] {dagbag.py:545} INFO - Filling up the DagBag from /home/airflow/.local/lib/python3.8/site-packages/airflow/example_dags/example_task_group_decorator.py
[2024-05-28T18:34:20.297+0000] {processor.py:840} INFO - DAG(s) 'example_task_group_decorator' retrieved from /home/airflow/.local/lib/python3.8/site-packages/airflow/example_dags/example_task_group_decorator.py
[2024-05-28T18:34:20.322+0000] {logging_mixin.py:188} INFO - [2024-05-28T18:34:20.322+0000] {dag.py:3096} INFO - Sync 1 DAGs
[2024-05-28T18:34:20.343+0000] {logging_mixin.py:188} INFO - [2024-05-28T18:34:20.342+0000] {dag.py:3954} INFO - Setting next_dagrun for example_task_group_decorator to 2024-05-27 00:00:00+00:00, run_after=2024-05-28 00:00:00+00:00
[2024-05-28T18:34:20.365+0000] {processor.py:183} INFO - Processing /home/airflow/.local/lib/python3.8/site-packages/airflow/example_dags/example_task_group_decorator.py took 0.090 seconds
[2024-05-28T18:34:50.786+0000] {processor.py:161} INFO - Started process (PID=872) to work on /home/airflow/.local/lib/python3.8/site-packages/airflow/example_dags/example_task_group_decorator.py
[2024-05-28T18:34:50.788+0000] {processor.py:830} INFO - Processing file /home/airflow/.local/lib/python3.8/site-packages/airflow/example_dags/example_task_group_decorator.py for tasks to queue
[2024-05-28T18:34:50.791+0000] {logging_mixin.py:188} INFO - [2024-05-28T18:34:50.791+0000] {dagbag.py:545} INFO - Filling up the DagBag from /home/airflow/.local/lib/python3.8/site-packages/airflow/example_dags/example_task_group_decorator.py
[2024-05-28T18:34:50.809+0000] {processor.py:840} INFO - DAG(s) 'example_task_group_decorator' retrieved from /home/airflow/.local/lib/python3.8/site-packages/airflow/example_dags/example_task_group_decorator.py
[2024-05-28T18:34:50.843+0000] {logging_mixin.py:188} INFO - [2024-05-28T18:34:50.843+0000] {dag.py:3096} INFO - Sync 1 DAGs
[2024-05-28T18:34:50.877+0000] {logging_mixin.py:188} INFO - [2024-05-28T18:34:50.877+0000] {dag.py:3954} INFO - Setting next_dagrun for example_task_group_decorator to 2024-05-27 00:00:00+00:00, run_after=2024-05-28 00:00:00+00:00
[2024-05-28T18:34:50.906+0000] {processor.py:183} INFO - Processing /home/airflow/.local/lib/python3.8/site-packages/airflow/example_dags/example_task_group_decorator.py took 0.126 seconds
[2024-05-28T18:35:21.028+0000] {processor.py:161} INFO - Started process (PID=942) to work on /home/airflow/.local/lib/python3.8/site-packages/airflow/example_dags/example_task_group_decorator.py
[2024-05-28T18:35:21.029+0000] {processor.py:830} INFO - Processing file /home/airflow/.local/lib/python3.8/site-packages/airflow/example_dags/example_task_group_decorator.py for tasks to queue
[2024-05-28T18:35:21.032+0000] {logging_mixin.py:188} INFO - [2024-05-28T18:35:21.031+0000] {dagbag.py:545} INFO - Filling up the DagBag from /home/airflow/.local/lib/python3.8/site-packages/airflow/example_dags/example_task_group_decorator.py
[2024-05-28T18:35:21.044+0000] {processor.py:840} INFO - DAG(s) 'example_task_group_decorator' retrieved from /home/airflow/.local/lib/python3.8/site-packages/airflow/example_dags/example_task_group_decorator.py
[2024-05-28T18:35:21.070+0000] {logging_mixin.py:188} INFO - [2024-05-28T18:35:21.070+0000] {dag.py:3096} INFO - Sync 1 DAGs
[2024-05-28T18:35:21.090+0000] {logging_mixin.py:188} INFO - [2024-05-28T18:35:21.090+0000] {dag.py:3954} INFO - Setting next_dagrun for example_task_group_decorator to 2024-05-27 00:00:00+00:00, run_after=2024-05-28 00:00:00+00:00
[2024-05-28T18:35:21.113+0000] {processor.py:183} INFO - Processing /home/airflow/.local/lib/python3.8/site-packages/airflow/example_dags/example_task_group_decorator.py took 0.091 seconds
[2024-05-28T18:35:51.994+0000] {processor.py:161} INFO - Started process (PID=1012) to work on /home/airflow/.local/lib/python3.8/site-packages/airflow/example_dags/example_task_group_decorator.py
[2024-05-28T18:35:51.996+0000] {processor.py:830} INFO - Processing file /home/airflow/.local/lib/python3.8/site-packages/airflow/example_dags/example_task_group_decorator.py for tasks to queue
[2024-05-28T18:35:51.998+0000] {logging_mixin.py:188} INFO - [2024-05-28T18:35:51.997+0000] {dagbag.py:545} INFO - Filling up the DagBag from /home/airflow/.local/lib/python3.8/site-packages/airflow/example_dags/example_task_group_decorator.py
[2024-05-28T18:35:52.010+0000] {processor.py:840} INFO - DAG(s) 'example_task_group_decorator' retrieved from /home/airflow/.local/lib/python3.8/site-packages/airflow/example_dags/example_task_group_decorator.py
[2024-05-28T18:35:52.050+0000] {logging_mixin.py:188} INFO - [2024-05-28T18:35:52.049+0000] {dag.py:3096} INFO - Sync 1 DAGs
[2024-05-28T18:35:52.081+0000] {logging_mixin.py:188} INFO - [2024-05-28T18:35:52.081+0000] {dag.py:3954} INFO - Setting next_dagrun for example_task_group_decorator to 2024-05-27 00:00:00+00:00, run_after=2024-05-28 00:00:00+00:00
[2024-05-28T18:35:52.104+0000] {processor.py:183} INFO - Processing /home/airflow/.local/lib/python3.8/site-packages/airflow/example_dags/example_task_group_decorator.py took 0.116 seconds
[2024-05-28T18:36:22.779+0000] {processor.py:161} INFO - Started process (PID=1090) to work on /home/airflow/.local/lib/python3.8/site-packages/airflow/example_dags/example_task_group_decorator.py
[2024-05-28T18:36:22.780+0000] {processor.py:830} INFO - Processing file /home/airflow/.local/lib/python3.8/site-packages/airflow/example_dags/example_task_group_decorator.py for tasks to queue
[2024-05-28T18:36:22.782+0000] {logging_mixin.py:188} INFO - [2024-05-28T18:36:22.782+0000] {dagbag.py:545} INFO - Filling up the DagBag from /home/airflow/.local/lib/python3.8/site-packages/airflow/example_dags/example_task_group_decorator.py
[2024-05-28T18:36:22.808+0000] {processor.py:840} INFO - DAG(s) 'example_task_group_decorator' retrieved from /home/airflow/.local/lib/python3.8/site-packages/airflow/example_dags/example_task_group_decorator.py
[2024-05-28T18:36:22.877+0000] {logging_mixin.py:188} INFO - [2024-05-28T18:36:22.876+0000] {dag.py:3096} INFO - Sync 1 DAGs
[2024-05-28T18:36:22.917+0000] {logging_mixin.py:188} INFO - [2024-05-28T18:36:22.916+0000] {dag.py:3954} INFO - Setting next_dagrun for example_task_group_decorator to 2024-05-27 00:00:00+00:00, run_after=2024-05-28 00:00:00+00:00
[2024-05-28T18:36:22.945+0000] {processor.py:183} INFO - Processing /home/airflow/.local/lib/python3.8/site-packages/airflow/example_dags/example_task_group_decorator.py took 0.173 seconds
[2024-05-28T18:36:53.079+0000] {processor.py:161} INFO - Started process (PID=1160) to work on /home/airflow/.local/lib/python3.8/site-packages/airflow/example_dags/example_task_group_decorator.py
[2024-05-28T18:36:53.081+0000] {processor.py:830} INFO - Processing file /home/airflow/.local/lib/python3.8/site-packages/airflow/example_dags/example_task_group_decorator.py for tasks to queue
[2024-05-28T18:36:53.084+0000] {logging_mixin.py:188} INFO - [2024-05-28T18:36:53.083+0000] {dagbag.py:545} INFO - Filling up the DagBag from /home/airflow/.local/lib/python3.8/site-packages/airflow/example_dags/example_task_group_decorator.py
[2024-05-28T18:36:53.097+0000] {processor.py:840} INFO - DAG(s) 'example_task_group_decorator' retrieved from /home/airflow/.local/lib/python3.8/site-packages/airflow/example_dags/example_task_group_decorator.py
[2024-05-28T18:36:53.125+0000] {logging_mixin.py:188} INFO - [2024-05-28T18:36:53.125+0000] {dag.py:3096} INFO - Sync 1 DAGs
[2024-05-28T18:36:53.147+0000] {logging_mixin.py:188} INFO - [2024-05-28T18:36:53.147+0000] {dag.py:3954} INFO - Setting next_dagrun for example_task_group_decorator to 2024-05-27 00:00:00+00:00, run_after=2024-05-28 00:00:00+00:00
[2024-05-28T18:36:53.168+0000] {processor.py:183} INFO - Processing /home/airflow/.local/lib/python3.8/site-packages/airflow/example_dags/example_task_group_decorator.py took 0.094 seconds
[2024-05-28T18:37:23.923+0000] {processor.py:161} INFO - Started process (PID=1237) to work on /home/airflow/.local/lib/python3.8/site-packages/airflow/example_dags/example_task_group_decorator.py
[2024-05-28T18:37:23.925+0000] {processor.py:830} INFO - Processing file /home/airflow/.local/lib/python3.8/site-packages/airflow/example_dags/example_task_group_decorator.py for tasks to queue
[2024-05-28T18:37:23.927+0000] {logging_mixin.py:188} INFO - [2024-05-28T18:37:23.927+0000] {dagbag.py:545} INFO - Filling up the DagBag from /home/airflow/.local/lib/python3.8/site-packages/airflow/example_dags/example_task_group_decorator.py
[2024-05-28T18:37:23.945+0000] {processor.py:840} INFO - DAG(s) 'example_task_group_decorator' retrieved from /home/airflow/.local/lib/python3.8/site-packages/airflow/example_dags/example_task_group_decorator.py
[2024-05-28T18:37:23.979+0000] {logging_mixin.py:188} INFO - [2024-05-28T18:37:23.979+0000] {dag.py:3096} INFO - Sync 1 DAGs
[2024-05-28T18:37:24.006+0000] {logging_mixin.py:188} INFO - [2024-05-28T18:37:24.005+0000] {dag.py:3954} INFO - Setting next_dagrun for example_task_group_decorator to 2024-05-27 00:00:00+00:00, run_after=2024-05-28 00:00:00+00:00
[2024-05-28T18:37:24.027+0000] {processor.py:183} INFO - Processing /home/airflow/.local/lib/python3.8/site-packages/airflow/example_dags/example_task_group_decorator.py took 0.111 seconds
[2024-05-28T18:37:54.296+0000] {processor.py:161} INFO - Started process (PID=1309) to work on /home/airflow/.local/lib/python3.8/site-packages/airflow/example_dags/example_task_group_decorator.py
[2024-05-28T18:37:54.298+0000] {processor.py:830} INFO - Processing file /home/airflow/.local/lib/python3.8/site-packages/airflow/example_dags/example_task_group_decorator.py for tasks to queue
[2024-05-28T18:37:54.301+0000] {logging_mixin.py:188} INFO - [2024-05-28T18:37:54.301+0000] {dagbag.py:545} INFO - Filling up the DagBag from /home/airflow/.local/lib/python3.8/site-packages/airflow/example_dags/example_task_group_decorator.py
[2024-05-28T18:37:54.326+0000] {processor.py:840} INFO - DAG(s) 'example_task_group_decorator' retrieved from /home/airflow/.local/lib/python3.8/site-packages/airflow/example_dags/example_task_group_decorator.py
[2024-05-28T18:37:54.365+0000] {logging_mixin.py:188} INFO - [2024-05-28T18:37:54.365+0000] {dag.py:3096} INFO - Sync 1 DAGs
[2024-05-28T18:37:54.409+0000] {logging_mixin.py:188} INFO - [2024-05-28T18:37:54.409+0000] {dag.py:3954} INFO - Setting next_dagrun for example_task_group_decorator to 2024-05-27 00:00:00+00:00, run_after=2024-05-28 00:00:00+00:00
[2024-05-28T18:37:54.449+0000] {processor.py:183} INFO - Processing /home/airflow/.local/lib/python3.8/site-packages/airflow/example_dags/example_task_group_decorator.py took 0.164 seconds
[2024-05-28T18:38:25.125+0000] {processor.py:161} INFO - Started process (PID=1379) to work on /home/airflow/.local/lib/python3.8/site-packages/airflow/example_dags/example_task_group_decorator.py
[2024-05-28T18:38:25.126+0000] {processor.py:830} INFO - Processing file /home/airflow/.local/lib/python3.8/site-packages/airflow/example_dags/example_task_group_decorator.py for tasks to queue
[2024-05-28T18:38:25.129+0000] {logging_mixin.py:188} INFO - [2024-05-28T18:38:25.128+0000] {dagbag.py:545} INFO - Filling up the DagBag from /home/airflow/.local/lib/python3.8/site-packages/airflow/example_dags/example_task_group_decorator.py
[2024-05-28T18:38:25.142+0000] {processor.py:840} INFO - DAG(s) 'example_task_group_decorator' retrieved from /home/airflow/.local/lib/python3.8/site-packages/airflow/example_dags/example_task_group_decorator.py
[2024-05-28T18:38:25.170+0000] {logging_mixin.py:188} INFO - [2024-05-28T18:38:25.170+0000] {dag.py:3096} INFO - Sync 1 DAGs
[2024-05-28T18:38:25.197+0000] {logging_mixin.py:188} INFO - [2024-05-28T18:38:25.196+0000] {dag.py:3954} INFO - Setting next_dagrun for example_task_group_decorator to 2024-05-27 00:00:00+00:00, run_after=2024-05-28 00:00:00+00:00
[2024-05-28T18:38:25.219+0000] {processor.py:183} INFO - Processing /home/airflow/.local/lib/python3.8/site-packages/airflow/example_dags/example_task_group_decorator.py took 0.101 seconds
[2024-05-28T18:38:55.751+0000] {processor.py:161} INFO - Started process (PID=1449) to work on /home/airflow/.local/lib/python3.8/site-packages/airflow/example_dags/example_task_group_decorator.py
[2024-05-28T18:38:55.753+0000] {processor.py:830} INFO - Processing file /home/airflow/.local/lib/python3.8/site-packages/airflow/example_dags/example_task_group_decorator.py for tasks to queue
[2024-05-28T18:38:55.755+0000] {logging_mixin.py:188} INFO - [2024-05-28T18:38:55.755+0000] {dagbag.py:545} INFO - Filling up the DagBag from /home/airflow/.local/lib/python3.8/site-packages/airflow/example_dags/example_task_group_decorator.py
[2024-05-28T18:38:55.773+0000] {processor.py:840} INFO - DAG(s) 'example_task_group_decorator' retrieved from /home/airflow/.local/lib/python3.8/site-packages/airflow/example_dags/example_task_group_decorator.py
[2024-05-28T18:38:55.806+0000] {logging_mixin.py:188} INFO - [2024-05-28T18:38:55.806+0000] {dag.py:3096} INFO - Sync 1 DAGs
[2024-05-28T18:38:55.838+0000] {logging_mixin.py:188} INFO - [2024-05-28T18:38:55.838+0000] {dag.py:3954} INFO - Setting next_dagrun for example_task_group_decorator to 2024-05-27 00:00:00+00:00, run_after=2024-05-28 00:00:00+00:00
[2024-05-28T18:38:55.860+0000] {processor.py:183} INFO - Processing /home/airflow/.local/lib/python3.8/site-packages/airflow/example_dags/example_task_group_decorator.py took 0.117 seconds
[2024-05-28T18:39:26.319+0000] {processor.py:161} INFO - Started process (PID=1527) to work on /home/airflow/.local/lib/python3.8/site-packages/airflow/example_dags/example_task_group_decorator.py
[2024-05-28T18:39:26.320+0000] {processor.py:830} INFO - Processing file /home/airflow/.local/lib/python3.8/site-packages/airflow/example_dags/example_task_group_decorator.py for tasks to queue
[2024-05-28T18:39:26.323+0000] {logging_mixin.py:188} INFO - [2024-05-28T18:39:26.322+0000] {dagbag.py:545} INFO - Filling up the DagBag from /home/airflow/.local/lib/python3.8/site-packages/airflow/example_dags/example_task_group_decorator.py
[2024-05-28T18:39:26.337+0000] {processor.py:840} INFO - DAG(s) 'example_task_group_decorator' retrieved from /home/airflow/.local/lib/python3.8/site-packages/airflow/example_dags/example_task_group_decorator.py
[2024-05-28T18:39:26.374+0000] {logging_mixin.py:188} INFO - [2024-05-28T18:39:26.373+0000] {dag.py:3096} INFO - Sync 1 DAGs
[2024-05-28T18:39:26.397+0000] {logging_mixin.py:188} INFO - [2024-05-28T18:39:26.396+0000] {dag.py:3954} INFO - Setting next_dagrun for example_task_group_decorator to 2024-05-27 00:00:00+00:00, run_after=2024-05-28 00:00:00+00:00
[2024-05-28T18:39:26.417+0000] {processor.py:183} INFO - Processing /home/airflow/.local/lib/python3.8/site-packages/airflow/example_dags/example_task_group_decorator.py took 0.105 seconds
[2024-05-28T18:39:56.733+0000] {processor.py:161} INFO - Started process (PID=1597) to work on /home/airflow/.local/lib/python3.8/site-packages/airflow/example_dags/example_task_group_decorator.py
[2024-05-28T18:39:56.734+0000] {processor.py:830} INFO - Processing file /home/airflow/.local/lib/python3.8/site-packages/airflow/example_dags/example_task_group_decorator.py for tasks to queue
[2024-05-28T18:39:56.736+0000] {logging_mixin.py:188} INFO - [2024-05-28T18:39:56.736+0000] {dagbag.py:545} INFO - Filling up the DagBag from /home/airflow/.local/lib/python3.8/site-packages/airflow/example_dags/example_task_group_decorator.py
[2024-05-28T18:39:56.752+0000] {processor.py:840} INFO - DAG(s) 'example_task_group_decorator' retrieved from /home/airflow/.local/lib/python3.8/site-packages/airflow/example_dags/example_task_group_decorator.py
[2024-05-28T18:39:56.782+0000] {logging_mixin.py:188} INFO - [2024-05-28T18:39:56.781+0000] {dag.py:3096} INFO - Sync 1 DAGs
[2024-05-28T18:39:56.807+0000] {logging_mixin.py:188} INFO - [2024-05-28T18:39:56.807+0000] {dag.py:3954} INFO - Setting next_dagrun for example_task_group_decorator to 2024-05-27 00:00:00+00:00, run_after=2024-05-28 00:00:00+00:00
[2024-05-28T18:39:56.834+0000] {processor.py:183} INFO - Processing /home/airflow/.local/lib/python3.8/site-packages/airflow/example_dags/example_task_group_decorator.py took 0.108 seconds
[2024-05-28T18:40:27.369+0000] {processor.py:161} INFO - Started process (PID=1675) to work on /home/airflow/.local/lib/python3.8/site-packages/airflow/example_dags/example_task_group_decorator.py
[2024-05-28T18:40:27.371+0000] {processor.py:830} INFO - Processing file /home/airflow/.local/lib/python3.8/site-packages/airflow/example_dags/example_task_group_decorator.py for tasks to queue
[2024-05-28T18:40:27.373+0000] {logging_mixin.py:188} INFO - [2024-05-28T18:40:27.373+0000] {dagbag.py:545} INFO - Filling up the DagBag from /home/airflow/.local/lib/python3.8/site-packages/airflow/example_dags/example_task_group_decorator.py
[2024-05-28T18:40:27.388+0000] {processor.py:840} INFO - DAG(s) 'example_task_group_decorator' retrieved from /home/airflow/.local/lib/python3.8/site-packages/airflow/example_dags/example_task_group_decorator.py
[2024-05-28T18:40:27.416+0000] {logging_mixin.py:188} INFO - [2024-05-28T18:40:27.416+0000] {dag.py:3096} INFO - Sync 1 DAGs
[2024-05-28T18:40:27.441+0000] {logging_mixin.py:188} INFO - [2024-05-28T18:40:27.440+0000] {dag.py:3954} INFO - Setting next_dagrun for example_task_group_decorator to 2024-05-27 00:00:00+00:00, run_after=2024-05-28 00:00:00+00:00
[2024-05-28T18:40:27.466+0000] {processor.py:183} INFO - Processing /home/airflow/.local/lib/python3.8/site-packages/airflow/example_dags/example_task_group_decorator.py took 0.105 seconds
[2024-05-28T18:40:57.699+0000] {processor.py:161} INFO - Started process (PID=1746) to work on /home/airflow/.local/lib/python3.8/site-packages/airflow/example_dags/example_task_group_decorator.py
[2024-05-28T18:40:57.701+0000] {processor.py:830} INFO - Processing file /home/airflow/.local/lib/python3.8/site-packages/airflow/example_dags/example_task_group_decorator.py for tasks to queue
[2024-05-28T18:40:57.704+0000] {logging_mixin.py:188} INFO - [2024-05-28T18:40:57.703+0000] {dagbag.py:545} INFO - Filling up the DagBag from /home/airflow/.local/lib/python3.8/site-packages/airflow/example_dags/example_task_group_decorator.py
[2024-05-28T18:40:57.717+0000] {processor.py:840} INFO - DAG(s) 'example_task_group_decorator' retrieved from /home/airflow/.local/lib/python3.8/site-packages/airflow/example_dags/example_task_group_decorator.py
[2024-05-28T18:40:57.743+0000] {logging_mixin.py:188} INFO - [2024-05-28T18:40:57.743+0000] {dag.py:3096} INFO - Sync 1 DAGs
[2024-05-28T18:40:57.764+0000] {logging_mixin.py:188} INFO - [2024-05-28T18:40:57.764+0000] {dag.py:3954} INFO - Setting next_dagrun for example_task_group_decorator to 2024-05-27 00:00:00+00:00, run_after=2024-05-28 00:00:00+00:00
[2024-05-28T18:40:57.787+0000] {processor.py:183} INFO - Processing /home/airflow/.local/lib/python3.8/site-packages/airflow/example_dags/example_task_group_decorator.py took 0.094 seconds
[2024-05-28T18:41:27.906+0000] {processor.py:161} INFO - Started process (PID=1816) to work on /home/airflow/.local/lib/python3.8/site-packages/airflow/example_dags/example_task_group_decorator.py
[2024-05-28T18:41:27.907+0000] {processor.py:830} INFO - Processing file /home/airflow/.local/lib/python3.8/site-packages/airflow/example_dags/example_task_group_decorator.py for tasks to queue
[2024-05-28T18:41:27.909+0000] {logging_mixin.py:188} INFO - [2024-05-28T18:41:27.909+0000] {dagbag.py:545} INFO - Filling up the DagBag from /home/airflow/.local/lib/python3.8/site-packages/airflow/example_dags/example_task_group_decorator.py
[2024-05-28T18:41:27.922+0000] {processor.py:840} INFO - DAG(s) 'example_task_group_decorator' retrieved from /home/airflow/.local/lib/python3.8/site-packages/airflow/example_dags/example_task_group_decorator.py
[2024-05-28T18:41:27.953+0000] {logging_mixin.py:188} INFO - [2024-05-28T18:41:27.952+0000] {dag.py:3096} INFO - Sync 1 DAGs
[2024-05-28T18:41:27.980+0000] {logging_mixin.py:188} INFO - [2024-05-28T18:41:27.980+0000] {dag.py:3954} INFO - Setting next_dagrun for example_task_group_decorator to 2024-05-27 00:00:00+00:00, run_after=2024-05-28 00:00:00+00:00
[2024-05-28T18:41:28.003+0000] {processor.py:183} INFO - Processing /home/airflow/.local/lib/python3.8/site-packages/airflow/example_dags/example_task_group_decorator.py took 0.104 seconds
[2024-05-28T18:41:58.408+0000] {processor.py:161} INFO - Started process (PID=1893) to work on /home/airflow/.local/lib/python3.8/site-packages/airflow/example_dags/example_task_group_decorator.py
[2024-05-28T18:41:58.410+0000] {processor.py:830} INFO - Processing file /home/airflow/.local/lib/python3.8/site-packages/airflow/example_dags/example_task_group_decorator.py for tasks to queue
[2024-05-28T18:41:58.412+0000] {logging_mixin.py:188} INFO - [2024-05-28T18:41:58.411+0000] {dagbag.py:545} INFO - Filling up the DagBag from /home/airflow/.local/lib/python3.8/site-packages/airflow/example_dags/example_task_group_decorator.py
[2024-05-28T18:41:58.425+0000] {processor.py:840} INFO - DAG(s) 'example_task_group_decorator' retrieved from /home/airflow/.local/lib/python3.8/site-packages/airflow/example_dags/example_task_group_decorator.py
[2024-05-28T18:41:58.452+0000] {logging_mixin.py:188} INFO - [2024-05-28T18:41:58.451+0000] {dag.py:3096} INFO - Sync 1 DAGs
[2024-05-28T18:41:58.473+0000] {logging_mixin.py:188} INFO - [2024-05-28T18:41:58.473+0000] {dag.py:3954} INFO - Setting next_dagrun for example_task_group_decorator to 2024-05-27 00:00:00+00:00, run_after=2024-05-28 00:00:00+00:00
[2024-05-28T18:41:58.493+0000] {processor.py:183} INFO - Processing /home/airflow/.local/lib/python3.8/site-packages/airflow/example_dags/example_task_group_decorator.py took 0.090 seconds
[2024-05-28T18:42:28.704+0000] {processor.py:161} INFO - Started process (PID=1963) to work on /home/airflow/.local/lib/python3.8/site-packages/airflow/example_dags/example_task_group_decorator.py
[2024-05-28T18:42:28.705+0000] {processor.py:830} INFO - Processing file /home/airflow/.local/lib/python3.8/site-packages/airflow/example_dags/example_task_group_decorator.py for tasks to queue
[2024-05-28T18:42:28.708+0000] {logging_mixin.py:188} INFO - [2024-05-28T18:42:28.707+0000] {dagbag.py:545} INFO - Filling up the DagBag from /home/airflow/.local/lib/python3.8/site-packages/airflow/example_dags/example_task_group_decorator.py
[2024-05-28T18:42:28.721+0000] {processor.py:840} INFO - DAG(s) 'example_task_group_decorator' retrieved from /home/airflow/.local/lib/python3.8/site-packages/airflow/example_dags/example_task_group_decorator.py
[2024-05-28T18:42:28.747+0000] {logging_mixin.py:188} INFO - [2024-05-28T18:42:28.747+0000] {dag.py:3096} INFO - Sync 1 DAGs
[2024-05-28T18:42:28.770+0000] {logging_mixin.py:188} INFO - [2024-05-28T18:42:28.770+0000] {dag.py:3954} INFO - Setting next_dagrun for example_task_group_decorator to 2024-05-27 00:00:00+00:00, run_after=2024-05-28 00:00:00+00:00
[2024-05-28T18:42:28.790+0000] {processor.py:183} INFO - Processing /home/airflow/.local/lib/python3.8/site-packages/airflow/example_dags/example_task_group_decorator.py took 0.092 seconds
[2024-05-28T18:42:59.057+0000] {processor.py:161} INFO - Started process (PID=2041) to work on /home/airflow/.local/lib/python3.8/site-packages/airflow/example_dags/example_task_group_decorator.py
[2024-05-28T18:42:59.059+0000] {processor.py:830} INFO - Processing file /home/airflow/.local/lib/python3.8/site-packages/airflow/example_dags/example_task_group_decorator.py for tasks to queue
[2024-05-28T18:42:59.061+0000] {logging_mixin.py:188} INFO - [2024-05-28T18:42:59.061+0000] {dagbag.py:545} INFO - Filling up the DagBag from /home/airflow/.local/lib/python3.8/site-packages/airflow/example_dags/example_task_group_decorator.py
[2024-05-28T18:42:59.076+0000] {processor.py:840} INFO - DAG(s) 'example_task_group_decorator' retrieved from /home/airflow/.local/lib/python3.8/site-packages/airflow/example_dags/example_task_group_decorator.py
[2024-05-28T18:42:59.105+0000] {logging_mixin.py:188} INFO - [2024-05-28T18:42:59.105+0000] {dag.py:3096} INFO - Sync 1 DAGs
[2024-05-28T18:42:59.127+0000] {logging_mixin.py:188} INFO - [2024-05-28T18:42:59.127+0000] {dag.py:3954} INFO - Setting next_dagrun for example_task_group_decorator to 2024-05-27 00:00:00+00:00, run_after=2024-05-28 00:00:00+00:00
[2024-05-28T18:42:59.154+0000] {processor.py:183} INFO - Processing /home/airflow/.local/lib/python3.8/site-packages/airflow/example_dags/example_task_group_decorator.py took 0.105 seconds
[2024-05-28T18:43:29.338+0000] {processor.py:161} INFO - Started process (PID=2112) to work on /home/airflow/.local/lib/python3.8/site-packages/airflow/example_dags/example_task_group_decorator.py
[2024-05-28T18:43:29.339+0000] {processor.py:830} INFO - Processing file /home/airflow/.local/lib/python3.8/site-packages/airflow/example_dags/example_task_group_decorator.py for tasks to queue
[2024-05-28T18:43:29.342+0000] {logging_mixin.py:188} INFO - [2024-05-28T18:43:29.341+0000] {dagbag.py:545} INFO - Filling up the DagBag from /home/airflow/.local/lib/python3.8/site-packages/airflow/example_dags/example_task_group_decorator.py
[2024-05-28T18:43:29.354+0000] {processor.py:840} INFO - DAG(s) 'example_task_group_decorator' retrieved from /home/airflow/.local/lib/python3.8/site-packages/airflow/example_dags/example_task_group_decorator.py
[2024-05-28T18:43:29.382+0000] {logging_mixin.py:188} INFO - [2024-05-28T18:43:29.381+0000] {dag.py:3096} INFO - Sync 1 DAGs
[2024-05-28T18:43:29.409+0000] {logging_mixin.py:188} INFO - [2024-05-28T18:43:29.408+0000] {dag.py:3954} INFO - Setting next_dagrun for example_task_group_decorator to 2024-05-27 00:00:00+00:00, run_after=2024-05-28 00:00:00+00:00
[2024-05-28T18:43:29.436+0000] {processor.py:183} INFO - Processing /home/airflow/.local/lib/python3.8/site-packages/airflow/example_dags/example_task_group_decorator.py took 0.104 seconds
[2024-05-28T18:43:59.623+0000] {processor.py:161} INFO - Started process (PID=2182) to work on /home/airflow/.local/lib/python3.8/site-packages/airflow/example_dags/example_task_group_decorator.py
[2024-05-28T18:43:59.624+0000] {processor.py:830} INFO - Processing file /home/airflow/.local/lib/python3.8/site-packages/airflow/example_dags/example_task_group_decorator.py for tasks to queue
[2024-05-28T18:43:59.626+0000] {logging_mixin.py:188} INFO - [2024-05-28T18:43:59.625+0000] {dagbag.py:545} INFO - Filling up the DagBag from /home/airflow/.local/lib/python3.8/site-packages/airflow/example_dags/example_task_group_decorator.py
[2024-05-28T18:43:59.639+0000] {processor.py:840} INFO - DAG(s) 'example_task_group_decorator' retrieved from /home/airflow/.local/lib/python3.8/site-packages/airflow/example_dags/example_task_group_decorator.py
[2024-05-28T18:43:59.665+0000] {logging_mixin.py:188} INFO - [2024-05-28T18:43:59.665+0000] {dag.py:3096} INFO - Sync 1 DAGs
[2024-05-28T18:43:59.685+0000] {logging_mixin.py:188} INFO - [2024-05-28T18:43:59.684+0000] {dag.py:3954} INFO - Setting next_dagrun for example_task_group_decorator to 2024-05-27 00:00:00+00:00, run_after=2024-05-28 00:00:00+00:00
[2024-05-28T18:43:59.707+0000] {processor.py:183} INFO - Processing /home/airflow/.local/lib/python3.8/site-packages/airflow/example_dags/example_task_group_decorator.py took 0.090 seconds
[2024-05-28T18:44:30.040+0000] {processor.py:161} INFO - Started process (PID=2261) to work on /home/airflow/.local/lib/python3.8/site-packages/airflow/example_dags/example_task_group_decorator.py
[2024-05-28T18:44:30.041+0000] {processor.py:830} INFO - Processing file /home/airflow/.local/lib/python3.8/site-packages/airflow/example_dags/example_task_group_decorator.py for tasks to queue
[2024-05-28T18:44:30.043+0000] {logging_mixin.py:188} INFO - [2024-05-28T18:44:30.043+0000] {dagbag.py:545} INFO - Filling up the DagBag from /home/airflow/.local/lib/python3.8/site-packages/airflow/example_dags/example_task_group_decorator.py
[2024-05-28T18:44:30.059+0000] {processor.py:840} INFO - DAG(s) 'example_task_group_decorator' retrieved from /home/airflow/.local/lib/python3.8/site-packages/airflow/example_dags/example_task_group_decorator.py
[2024-05-28T18:44:30.085+0000] {logging_mixin.py:188} INFO - [2024-05-28T18:44:30.085+0000] {dag.py:3096} INFO - Sync 1 DAGs
[2024-05-28T18:44:30.108+0000] {logging_mixin.py:188} INFO - [2024-05-28T18:44:30.108+0000] {dag.py:3954} INFO - Setting next_dagrun for example_task_group_decorator to 2024-05-27 00:00:00+00:00, run_after=2024-05-28 00:00:00+00:00
[2024-05-28T18:44:30.129+0000] {processor.py:183} INFO - Processing /home/airflow/.local/lib/python3.8/site-packages/airflow/example_dags/example_task_group_decorator.py took 0.095 seconds
[2024-05-28T18:45:01.054+0000] {processor.py:161} INFO - Started process (PID=2331) to work on /home/airflow/.local/lib/python3.8/site-packages/airflow/example_dags/example_task_group_decorator.py
[2024-05-28T18:45:01.056+0000] {processor.py:830} INFO - Processing file /home/airflow/.local/lib/python3.8/site-packages/airflow/example_dags/example_task_group_decorator.py for tasks to queue
[2024-05-28T18:45:01.058+0000] {logging_mixin.py:188} INFO - [2024-05-28T18:45:01.058+0000] {dagbag.py:545} INFO - Filling up the DagBag from /home/airflow/.local/lib/python3.8/site-packages/airflow/example_dags/example_task_group_decorator.py
[2024-05-28T18:45:01.070+0000] {processor.py:840} INFO - DAG(s) 'example_task_group_decorator' retrieved from /home/airflow/.local/lib/python3.8/site-packages/airflow/example_dags/example_task_group_decorator.py
[2024-05-28T18:45:01.096+0000] {logging_mixin.py:188} INFO - [2024-05-28T18:45:01.096+0000] {dag.py:3096} INFO - Sync 1 DAGs
[2024-05-28T18:45:01.116+0000] {logging_mixin.py:188} INFO - [2024-05-28T18:45:01.116+0000] {dag.py:3954} INFO - Setting next_dagrun for example_task_group_decorator to 2024-05-27 00:00:00+00:00, run_after=2024-05-28 00:00:00+00:00
[2024-05-28T18:45:01.140+0000] {processor.py:183} INFO - Processing /home/airflow/.local/lib/python3.8/site-packages/airflow/example_dags/example_task_group_decorator.py took 0.092 seconds
[2024-05-28T18:45:31.601+0000] {processor.py:161} INFO - Started process (PID=2409) to work on /home/airflow/.local/lib/python3.8/site-packages/airflow/example_dags/example_task_group_decorator.py
[2024-05-28T18:45:31.602+0000] {processor.py:830} INFO - Processing file /home/airflow/.local/lib/python3.8/site-packages/airflow/example_dags/example_task_group_decorator.py for tasks to queue
[2024-05-28T18:45:31.604+0000] {logging_mixin.py:188} INFO - [2024-05-28T18:45:31.604+0000] {dagbag.py:545} INFO - Filling up the DagBag from /home/airflow/.local/lib/python3.8/site-packages/airflow/example_dags/example_task_group_decorator.py
[2024-05-28T18:45:31.619+0000] {processor.py:840} INFO - DAG(s) 'example_task_group_decorator' retrieved from /home/airflow/.local/lib/python3.8/site-packages/airflow/example_dags/example_task_group_decorator.py
[2024-05-28T18:45:31.656+0000] {logging_mixin.py:188} INFO - [2024-05-28T18:45:31.655+0000] {dag.py:3096} INFO - Sync 1 DAGs
[2024-05-28T18:45:31.684+0000] {logging_mixin.py:188} INFO - [2024-05-28T18:45:31.684+0000] {dag.py:3954} INFO - Setting next_dagrun for example_task_group_decorator to 2024-05-27 00:00:00+00:00, run_after=2024-05-28 00:00:00+00:00
[2024-05-28T18:45:31.705+0000] {processor.py:183} INFO - Processing /home/airflow/.local/lib/python3.8/site-packages/airflow/example_dags/example_task_group_decorator.py took 0.113 seconds
[2024-05-28T18:46:01.957+0000] {processor.py:161} INFO - Started process (PID=2479) to work on /home/airflow/.local/lib/python3.8/site-packages/airflow/example_dags/example_task_group_decorator.py
[2024-05-28T18:46:01.958+0000] {processor.py:830} INFO - Processing file /home/airflow/.local/lib/python3.8/site-packages/airflow/example_dags/example_task_group_decorator.py for tasks to queue
[2024-05-28T18:46:01.960+0000] {logging_mixin.py:188} INFO - [2024-05-28T18:46:01.960+0000] {dagbag.py:545} INFO - Filling up the DagBag from /home/airflow/.local/lib/python3.8/site-packages/airflow/example_dags/example_task_group_decorator.py
[2024-05-28T18:46:01.973+0000] {processor.py:840} INFO - DAG(s) 'example_task_group_decorator' retrieved from /home/airflow/.local/lib/python3.8/site-packages/airflow/example_dags/example_task_group_decorator.py
[2024-05-28T18:46:02.001+0000] {logging_mixin.py:188} INFO - [2024-05-28T18:46:02.000+0000] {dag.py:3096} INFO - Sync 1 DAGs
[2024-05-28T18:46:02.023+0000] {logging_mixin.py:188} INFO - [2024-05-28T18:46:02.023+0000] {dag.py:3954} INFO - Setting next_dagrun for example_task_group_decorator to 2024-05-27 00:00:00+00:00, run_after=2024-05-28 00:00:00+00:00
[2024-05-28T18:46:02.043+0000] {processor.py:183} INFO - Processing /home/airflow/.local/lib/python3.8/site-packages/airflow/example_dags/example_task_group_decorator.py took 0.092 seconds
[2024-05-28T18:46:32.431+0000] {processor.py:161} INFO - Started process (PID=2556) to work on /home/airflow/.local/lib/python3.8/site-packages/airflow/example_dags/example_task_group_decorator.py
[2024-05-28T18:46:32.432+0000] {processor.py:830} INFO - Processing file /home/airflow/.local/lib/python3.8/site-packages/airflow/example_dags/example_task_group_decorator.py for tasks to queue
[2024-05-28T18:46:32.434+0000] {logging_mixin.py:188} INFO - [2024-05-28T18:46:32.434+0000] {dagbag.py:545} INFO - Filling up the DagBag from /home/airflow/.local/lib/python3.8/site-packages/airflow/example_dags/example_task_group_decorator.py
[2024-05-28T18:46:32.449+0000] {processor.py:840} INFO - DAG(s) 'example_task_group_decorator' retrieved from /home/airflow/.local/lib/python3.8/site-packages/airflow/example_dags/example_task_group_decorator.py
[2024-05-28T18:46:32.478+0000] {logging_mixin.py:188} INFO - [2024-05-28T18:46:32.478+0000] {dag.py:3096} INFO - Sync 1 DAGs
[2024-05-28T18:46:32.505+0000] {logging_mixin.py:188} INFO - [2024-05-28T18:46:32.504+0000] {dag.py:3954} INFO - Setting next_dagrun for example_task_group_decorator to 2024-05-27 00:00:00+00:00, run_after=2024-05-28 00:00:00+00:00
[2024-05-28T18:46:32.527+0000] {processor.py:183} INFO - Processing /home/airflow/.local/lib/python3.8/site-packages/airflow/example_dags/example_task_group_decorator.py took 0.104 seconds
[2024-05-28T18:47:02.768+0000] {processor.py:161} INFO - Started process (PID=2627) to work on /home/airflow/.local/lib/python3.8/site-packages/airflow/example_dags/example_task_group_decorator.py
[2024-05-28T18:47:02.769+0000] {processor.py:830} INFO - Processing file /home/airflow/.local/lib/python3.8/site-packages/airflow/example_dags/example_task_group_decorator.py for tasks to queue
[2024-05-28T18:47:02.772+0000] {logging_mixin.py:188} INFO - [2024-05-28T18:47:02.771+0000] {dagbag.py:545} INFO - Filling up the DagBag from /home/airflow/.local/lib/python3.8/site-packages/airflow/example_dags/example_task_group_decorator.py
[2024-05-28T18:47:02.785+0000] {processor.py:840} INFO - DAG(s) 'example_task_group_decorator' retrieved from /home/airflow/.local/lib/python3.8/site-packages/airflow/example_dags/example_task_group_decorator.py
[2024-05-28T18:47:02.812+0000] {logging_mixin.py:188} INFO - [2024-05-28T18:47:02.811+0000] {dag.py:3096} INFO - Sync 1 DAGs
[2024-05-28T18:47:02.834+0000] {logging_mixin.py:188} INFO - [2024-05-28T18:47:02.833+0000] {dag.py:3954} INFO - Setting next_dagrun for example_task_group_decorator to 2024-05-27 00:00:00+00:00, run_after=2024-05-28 00:00:00+00:00
[2024-05-28T18:47:02.857+0000] {processor.py:183} INFO - Processing /home/airflow/.local/lib/python3.8/site-packages/airflow/example_dags/example_task_group_decorator.py took 0.095 seconds
[2024-05-28T18:47:33.100+0000] {processor.py:161} INFO - Started process (PID=2697) to work on /home/airflow/.local/lib/python3.8/site-packages/airflow/example_dags/example_task_group_decorator.py
[2024-05-28T18:47:33.101+0000] {processor.py:830} INFO - Processing file /home/airflow/.local/lib/python3.8/site-packages/airflow/example_dags/example_task_group_decorator.py for tasks to queue
[2024-05-28T18:47:33.104+0000] {logging_mixin.py:188} INFO - [2024-05-28T18:47:33.104+0000] {dagbag.py:545} INFO - Filling up the DagBag from /home/airflow/.local/lib/python3.8/site-packages/airflow/example_dags/example_task_group_decorator.py
[2024-05-28T18:47:33.117+0000] {processor.py:840} INFO - DAG(s) 'example_task_group_decorator' retrieved from /home/airflow/.local/lib/python3.8/site-packages/airflow/example_dags/example_task_group_decorator.py
[2024-05-28T18:47:33.143+0000] {logging_mixin.py:188} INFO - [2024-05-28T18:47:33.143+0000] {dag.py:3096} INFO - Sync 1 DAGs
[2024-05-28T18:47:33.163+0000] {logging_mixin.py:188} INFO - [2024-05-28T18:47:33.163+0000] {dag.py:3954} INFO - Setting next_dagrun for example_task_group_decorator to 2024-05-27 00:00:00+00:00, run_after=2024-05-28 00:00:00+00:00
[2024-05-28T18:47:33.184+0000] {processor.py:183} INFO - Processing /home/airflow/.local/lib/python3.8/site-packages/airflow/example_dags/example_task_group_decorator.py took 0.090 seconds
[2024-05-28T18:48:03.287+0000] {processor.py:161} INFO - Started process (PID=2774) to work on /home/airflow/.local/lib/python3.8/site-packages/airflow/example_dags/example_task_group_decorator.py
[2024-05-28T18:48:03.288+0000] {processor.py:830} INFO - Processing file /home/airflow/.local/lib/python3.8/site-packages/airflow/example_dags/example_task_group_decorator.py for tasks to queue
[2024-05-28T18:48:03.290+0000] {logging_mixin.py:188} INFO - [2024-05-28T18:48:03.290+0000] {dagbag.py:545} INFO - Filling up the DagBag from /home/airflow/.local/lib/python3.8/site-packages/airflow/example_dags/example_task_group_decorator.py
[2024-05-28T18:48:03.304+0000] {processor.py:840} INFO - DAG(s) 'example_task_group_decorator' retrieved from /home/airflow/.local/lib/python3.8/site-packages/airflow/example_dags/example_task_group_decorator.py
[2024-05-28T18:48:03.331+0000] {logging_mixin.py:188} INFO - [2024-05-28T18:48:03.330+0000] {dag.py:3096} INFO - Sync 1 DAGs
[2024-05-28T18:48:03.351+0000] {logging_mixin.py:188} INFO - [2024-05-28T18:48:03.351+0000] {dag.py:3954} INFO - Setting next_dagrun for example_task_group_decorator to 2024-05-27 00:00:00+00:00, run_after=2024-05-28 00:00:00+00:00
[2024-05-28T18:48:03.370+0000] {processor.py:183} INFO - Processing /home/airflow/.local/lib/python3.8/site-packages/airflow/example_dags/example_task_group_decorator.py took 0.090 seconds
[2024-05-28T18:48:33.667+0000] {processor.py:161} INFO - Started process (PID=2844) to work on /home/airflow/.local/lib/python3.8/site-packages/airflow/example_dags/example_task_group_decorator.py
[2024-05-28T18:48:33.668+0000] {processor.py:830} INFO - Processing file /home/airflow/.local/lib/python3.8/site-packages/airflow/example_dags/example_task_group_decorator.py for tasks to queue
[2024-05-28T18:48:33.670+0000] {logging_mixin.py:188} INFO - [2024-05-28T18:48:33.670+0000] {dagbag.py:545} INFO - Filling up the DagBag from /home/airflow/.local/lib/python3.8/site-packages/airflow/example_dags/example_task_group_decorator.py
[2024-05-28T18:48:33.684+0000] {processor.py:840} INFO - DAG(s) 'example_task_group_decorator' retrieved from /home/airflow/.local/lib/python3.8/site-packages/airflow/example_dags/example_task_group_decorator.py
[2024-05-28T18:48:33.711+0000] {logging_mixin.py:188} INFO - [2024-05-28T18:48:33.711+0000] {dag.py:3096} INFO - Sync 1 DAGs
[2024-05-28T18:48:33.731+0000] {logging_mixin.py:188} INFO - [2024-05-28T18:48:33.731+0000] {dag.py:3954} INFO - Setting next_dagrun for example_task_group_decorator to 2024-05-27 00:00:00+00:00, run_after=2024-05-28 00:00:00+00:00
[2024-05-28T18:48:33.754+0000] {processor.py:183} INFO - Processing /home/airflow/.local/lib/python3.8/site-packages/airflow/example_dags/example_task_group_decorator.py took 0.093 seconds
[2024-05-28T18:49:04.222+0000] {processor.py:161} INFO - Started process (PID=2922) to work on /home/airflow/.local/lib/python3.8/site-packages/airflow/example_dags/example_task_group_decorator.py
[2024-05-28T18:49:04.224+0000] {processor.py:830} INFO - Processing file /home/airflow/.local/lib/python3.8/site-packages/airflow/example_dags/example_task_group_decorator.py for tasks to queue
[2024-05-28T18:49:04.226+0000] {logging_mixin.py:188} INFO - [2024-05-28T18:49:04.225+0000] {dagbag.py:545} INFO - Filling up the DagBag from /home/airflow/.local/lib/python3.8/site-packages/airflow/example_dags/example_task_group_decorator.py
[2024-05-28T18:49:04.241+0000] {processor.py:840} INFO - DAG(s) 'example_task_group_decorator' retrieved from /home/airflow/.local/lib/python3.8/site-packages/airflow/example_dags/example_task_group_decorator.py
[2024-05-28T18:49:04.268+0000] {logging_mixin.py:188} INFO - [2024-05-28T18:49:04.268+0000] {dag.py:3096} INFO - Sync 1 DAGs
[2024-05-28T18:49:04.289+0000] {logging_mixin.py:188} INFO - [2024-05-28T18:49:04.289+0000] {dag.py:3954} INFO - Setting next_dagrun for example_task_group_decorator to 2024-05-27 00:00:00+00:00, run_after=2024-05-28 00:00:00+00:00
[2024-05-28T18:49:04.311+0000] {processor.py:183} INFO - Processing /home/airflow/.local/lib/python3.8/site-packages/airflow/example_dags/example_task_group_decorator.py took 0.096 seconds
[2024-05-28T18:49:34.800+0000] {processor.py:161} INFO - Started process (PID=2993) to work on /home/airflow/.local/lib/python3.8/site-packages/airflow/example_dags/example_task_group_decorator.py
[2024-05-28T18:49:34.801+0000] {processor.py:830} INFO - Processing file /home/airflow/.local/lib/python3.8/site-packages/airflow/example_dags/example_task_group_decorator.py for tasks to queue
[2024-05-28T18:49:34.803+0000] {logging_mixin.py:188} INFO - [2024-05-28T18:49:34.803+0000] {dagbag.py:545} INFO - Filling up the DagBag from /home/airflow/.local/lib/python3.8/site-packages/airflow/example_dags/example_task_group_decorator.py
[2024-05-28T18:49:34.815+0000] {processor.py:840} INFO - DAG(s) 'example_task_group_decorator' retrieved from /home/airflow/.local/lib/python3.8/site-packages/airflow/example_dags/example_task_group_decorator.py
[2024-05-28T18:49:34.842+0000] {logging_mixin.py:188} INFO - [2024-05-28T18:49:34.842+0000] {dag.py:3096} INFO - Sync 1 DAGs
[2024-05-28T18:49:34.861+0000] {logging_mixin.py:188} INFO - [2024-05-28T18:49:34.861+0000] {dag.py:3954} INFO - Setting next_dagrun for example_task_group_decorator to 2024-05-27 00:00:00+00:00, run_after=2024-05-28 00:00:00+00:00
[2024-05-28T18:49:34.882+0000] {processor.py:183} INFO - Processing /home/airflow/.local/lib/python3.8/site-packages/airflow/example_dags/example_task_group_decorator.py took 0.087 seconds
[2024-05-28T18:50:05.072+0000] {processor.py:161} INFO - Started process (PID=3062) to work on /home/airflow/.local/lib/python3.8/site-packages/airflow/example_dags/example_task_group_decorator.py
[2024-05-28T18:50:05.073+0000] {processor.py:830} INFO - Processing file /home/airflow/.local/lib/python3.8/site-packages/airflow/example_dags/example_task_group_decorator.py for tasks to queue
[2024-05-28T18:50:05.076+0000] {logging_mixin.py:188} INFO - [2024-05-28T18:50:05.075+0000] {dagbag.py:545} INFO - Filling up the DagBag from /home/airflow/.local/lib/python3.8/site-packages/airflow/example_dags/example_task_group_decorator.py
[2024-05-28T18:50:05.093+0000] {processor.py:840} INFO - DAG(s) 'example_task_group_decorator' retrieved from /home/airflow/.local/lib/python3.8/site-packages/airflow/example_dags/example_task_group_decorator.py
[2024-05-28T18:50:05.122+0000] {logging_mixin.py:188} INFO - [2024-05-28T18:50:05.121+0000] {dag.py:3096} INFO - Sync 1 DAGs
[2024-05-28T18:50:05.144+0000] {logging_mixin.py:188} INFO - [2024-05-28T18:50:05.144+0000] {dag.py:3954} INFO - Setting next_dagrun for example_task_group_decorator to 2024-05-27 00:00:00+00:00, run_after=2024-05-28 00:00:00+00:00
[2024-05-28T18:50:05.166+0000] {processor.py:183} INFO - Processing /home/airflow/.local/lib/python3.8/site-packages/airflow/example_dags/example_task_group_decorator.py took 0.104 seconds
[2024-05-28T18:50:35.376+0000] {processor.py:161} INFO - Started process (PID=3140) to work on /home/airflow/.local/lib/python3.8/site-packages/airflow/example_dags/example_task_group_decorator.py
[2024-05-28T18:50:35.377+0000] {processor.py:830} INFO - Processing file /home/airflow/.local/lib/python3.8/site-packages/airflow/example_dags/example_task_group_decorator.py for tasks to queue
[2024-05-28T18:50:35.379+0000] {logging_mixin.py:188} INFO - [2024-05-28T18:50:35.379+0000] {dagbag.py:545} INFO - Filling up the DagBag from /home/airflow/.local/lib/python3.8/site-packages/airflow/example_dags/example_task_group_decorator.py
[2024-05-28T18:50:35.396+0000] {processor.py:840} INFO - DAG(s) 'example_task_group_decorator' retrieved from /home/airflow/.local/lib/python3.8/site-packages/airflow/example_dags/example_task_group_decorator.py
[2024-05-28T18:50:35.425+0000] {logging_mixin.py:188} INFO - [2024-05-28T18:50:35.425+0000] {dag.py:3096} INFO - Sync 1 DAGs
[2024-05-28T18:50:35.447+0000] {logging_mixin.py:188} INFO - [2024-05-28T18:50:35.447+0000] {dag.py:3954} INFO - Setting next_dagrun for example_task_group_decorator to 2024-05-27 00:00:00+00:00, run_after=2024-05-28 00:00:00+00:00
[2024-05-28T18:50:35.472+0000] {processor.py:183} INFO - Processing /home/airflow/.local/lib/python3.8/site-packages/airflow/example_dags/example_task_group_decorator.py took 0.104 seconds
[2024-05-28T18:51:06.082+0000] {processor.py:161} INFO - Started process (PID=3211) to work on /home/airflow/.local/lib/python3.8/site-packages/airflow/example_dags/example_task_group_decorator.py
[2024-05-28T18:51:06.083+0000] {processor.py:830} INFO - Processing file /home/airflow/.local/lib/python3.8/site-packages/airflow/example_dags/example_task_group_decorator.py for tasks to queue
[2024-05-28T18:51:06.085+0000] {logging_mixin.py:188} INFO - [2024-05-28T18:51:06.085+0000] {dagbag.py:545} INFO - Filling up the DagBag from /home/airflow/.local/lib/python3.8/site-packages/airflow/example_dags/example_task_group_decorator.py
[2024-05-28T18:51:06.100+0000] {processor.py:840} INFO - DAG(s) 'example_task_group_decorator' retrieved from /home/airflow/.local/lib/python3.8/site-packages/airflow/example_dags/example_task_group_decorator.py
[2024-05-28T18:51:06.127+0000] {logging_mixin.py:188} INFO - [2024-05-28T18:51:06.127+0000] {dag.py:3096} INFO - Sync 1 DAGs
[2024-05-28T18:51:06.147+0000] {logging_mixin.py:188} INFO - [2024-05-28T18:51:06.147+0000] {dag.py:3954} INFO - Setting next_dagrun for example_task_group_decorator to 2024-05-27 00:00:00+00:00, run_after=2024-05-28 00:00:00+00:00
[2024-05-28T18:51:06.173+0000] {processor.py:183} INFO - Processing /home/airflow/.local/lib/python3.8/site-packages/airflow/example_dags/example_task_group_decorator.py took 0.097 seconds
