[2024-05-28T18:29:11.979+0000] {processor.py:161} INFO - Started process (PID=53) to work on /home/airflow/.local/lib/python3.8/site-packages/airflow/example_dags/example_python_operator.py
[2024-05-28T18:29:11.981+0000] {processor.py:830} INFO - Processing file /home/airflow/.local/lib/python3.8/site-packages/airflow/example_dags/example_python_operator.py for tasks to queue
[2024-05-28T18:29:11.992+0000] {logging_mixin.py:188} INFO - [2024-05-28T18:29:11.986+0000] {dagbag.py:545} INFO - Filling up the DagBag from /home/airflow/.local/lib/python3.8/site-packages/airflow/example_dags/example_python_operator.py
[2024-05-28T18:29:12.135+0000] {processor.py:840} INFO - DAG(s) 'example_python_operator' retrieved from /home/airflow/.local/lib/python3.8/site-packages/airflow/example_dags/example_python_operator.py
[2024-05-28T18:29:12.165+0000] {logging_mixin.py:188} INFO - [2024-05-28T18:29:12.164+0000] {dag.py:3096} INFO - Sync 1 DAGs
[2024-05-28T18:29:12.191+0000] {logging_mixin.py:188} INFO - [2024-05-28T18:29:12.191+0000] {dag.py:3954} INFO - Setting next_dagrun for example_python_operator to None, run_after=None
[2024-05-28T18:29:12.236+0000] {processor.py:183} INFO - Processing /home/airflow/.local/lib/python3.8/site-packages/airflow/example_dags/example_python_operator.py took 0.271 seconds
[2024-05-28T18:29:42.449+0000] {processor.py:161} INFO - Started process (PID=123) to work on /home/airflow/.local/lib/python3.8/site-packages/airflow/example_dags/example_python_operator.py
[2024-05-28T18:29:42.450+0000] {processor.py:830} INFO - Processing file /home/airflow/.local/lib/python3.8/site-packages/airflow/example_dags/example_python_operator.py for tasks to queue
[2024-05-28T18:29:42.453+0000] {logging_mixin.py:188} INFO - [2024-05-28T18:29:42.452+0000] {dagbag.py:545} INFO - Filling up the DagBag from /home/airflow/.local/lib/python3.8/site-packages/airflow/example_dags/example_python_operator.py
[2024-05-28T18:29:42.463+0000] {processor.py:840} INFO - DAG(s) 'example_python_operator' retrieved from /home/airflow/.local/lib/python3.8/site-packages/airflow/example_dags/example_python_operator.py
[2024-05-28T18:29:42.564+0000] {logging_mixin.py:188} INFO - [2024-05-28T18:29:42.564+0000] {dag.py:3096} INFO - Sync 1 DAGs
[2024-05-28T18:29:42.573+0000] {logging_mixin.py:188} INFO - [2024-05-28T18:29:42.573+0000] {dag.py:3954} INFO - Setting next_dagrun for example_python_operator to None, run_after=None
[2024-05-28T18:29:42.593+0000] {processor.py:183} INFO - Processing /home/airflow/.local/lib/python3.8/site-packages/airflow/example_dags/example_python_operator.py took 0.151 seconds
[2024-05-28T18:30:12.780+0000] {processor.py:161} INFO - Started process (PID=193) to work on /home/airflow/.local/lib/python3.8/site-packages/airflow/example_dags/example_python_operator.py
[2024-05-28T18:30:12.782+0000] {processor.py:830} INFO - Processing file /home/airflow/.local/lib/python3.8/site-packages/airflow/example_dags/example_python_operator.py for tasks to queue
[2024-05-28T18:30:12.784+0000] {logging_mixin.py:188} INFO - [2024-05-28T18:30:12.784+0000] {dagbag.py:545} INFO - Filling up the DagBag from /home/airflow/.local/lib/python3.8/site-packages/airflow/example_dags/example_python_operator.py
[2024-05-28T18:30:12.795+0000] {processor.py:840} INFO - DAG(s) 'example_python_operator' retrieved from /home/airflow/.local/lib/python3.8/site-packages/airflow/example_dags/example_python_operator.py
[2024-05-28T18:30:12.818+0000] {logging_mixin.py:188} INFO - [2024-05-28T18:30:12.818+0000] {dag.py:3096} INFO - Sync 1 DAGs
[2024-05-28T18:30:12.831+0000] {logging_mixin.py:188} INFO - [2024-05-28T18:30:12.830+0000] {dag.py:3954} INFO - Setting next_dagrun for example_python_operator to None, run_after=None
[2024-05-28T18:30:12.852+0000] {processor.py:183} INFO - Processing /home/airflow/.local/lib/python3.8/site-packages/airflow/example_dags/example_python_operator.py took 0.077 seconds
[2024-05-28T18:30:43.237+0000] {processor.py:161} INFO - Started process (PID=271) to work on /home/airflow/.local/lib/python3.8/site-packages/airflow/example_dags/example_python_operator.py
[2024-05-28T18:30:43.238+0000] {processor.py:830} INFO - Processing file /home/airflow/.local/lib/python3.8/site-packages/airflow/example_dags/example_python_operator.py for tasks to queue
[2024-05-28T18:30:43.242+0000] {logging_mixin.py:188} INFO - [2024-05-28T18:30:43.241+0000] {dagbag.py:545} INFO - Filling up the DagBag from /home/airflow/.local/lib/python3.8/site-packages/airflow/example_dags/example_python_operator.py
[2024-05-28T18:30:43.253+0000] {processor.py:840} INFO - DAG(s) 'example_python_operator' retrieved from /home/airflow/.local/lib/python3.8/site-packages/airflow/example_dags/example_python_operator.py
[2024-05-28T18:30:43.282+0000] {logging_mixin.py:188} INFO - [2024-05-28T18:30:43.282+0000] {dag.py:3096} INFO - Sync 1 DAGs
[2024-05-28T18:30:43.296+0000] {logging_mixin.py:188} INFO - [2024-05-28T18:30:43.296+0000] {dag.py:3954} INFO - Setting next_dagrun for example_python_operator to None, run_after=None
[2024-05-28T18:30:43.318+0000] {processor.py:183} INFO - Processing /home/airflow/.local/lib/python3.8/site-packages/airflow/example_dags/example_python_operator.py took 0.089 seconds
[2024-05-28T18:31:13.734+0000] {processor.py:161} INFO - Started process (PID=341) to work on /home/airflow/.local/lib/python3.8/site-packages/airflow/example_dags/example_python_operator.py
[2024-05-28T18:31:13.736+0000] {processor.py:830} INFO - Processing file /home/airflow/.local/lib/python3.8/site-packages/airflow/example_dags/example_python_operator.py for tasks to queue
[2024-05-28T18:31:13.739+0000] {logging_mixin.py:188} INFO - [2024-05-28T18:31:13.739+0000] {dagbag.py:545} INFO - Filling up the DagBag from /home/airflow/.local/lib/python3.8/site-packages/airflow/example_dags/example_python_operator.py
[2024-05-28T18:31:13.754+0000] {processor.py:840} INFO - DAG(s) 'example_python_operator' retrieved from /home/airflow/.local/lib/python3.8/site-packages/airflow/example_dags/example_python_operator.py
[2024-05-28T18:31:13.783+0000] {logging_mixin.py:188} INFO - [2024-05-28T18:31:13.782+0000] {dag.py:3096} INFO - Sync 1 DAGs
[2024-05-28T18:31:13.796+0000] {logging_mixin.py:188} INFO - [2024-05-28T18:31:13.796+0000] {dag.py:3954} INFO - Setting next_dagrun for example_python_operator to None, run_after=None
[2024-05-28T18:31:13.823+0000] {processor.py:183} INFO - Processing /home/airflow/.local/lib/python3.8/site-packages/airflow/example_dags/example_python_operator.py took 0.097 seconds
[2024-05-28T18:31:44.089+0000] {processor.py:161} INFO - Started process (PID=410) to work on /home/airflow/.local/lib/python3.8/site-packages/airflow/example_dags/example_python_operator.py
[2024-05-28T18:31:44.091+0000] {processor.py:830} INFO - Processing file /home/airflow/.local/lib/python3.8/site-packages/airflow/example_dags/example_python_operator.py for tasks to queue
[2024-05-28T18:31:44.093+0000] {logging_mixin.py:188} INFO - [2024-05-28T18:31:44.092+0000] {dagbag.py:545} INFO - Filling up the DagBag from /home/airflow/.local/lib/python3.8/site-packages/airflow/example_dags/example_python_operator.py
[2024-05-28T18:31:44.102+0000] {processor.py:840} INFO - DAG(s) 'example_python_operator' retrieved from /home/airflow/.local/lib/python3.8/site-packages/airflow/example_dags/example_python_operator.py
[2024-05-28T18:31:44.126+0000] {logging_mixin.py:188} INFO - [2024-05-28T18:31:44.126+0000] {dag.py:3096} INFO - Sync 1 DAGs
[2024-05-28T18:31:44.139+0000] {logging_mixin.py:188} INFO - [2024-05-28T18:31:44.139+0000] {dag.py:3954} INFO - Setting next_dagrun for example_python_operator to None, run_after=None
[2024-05-28T18:31:44.161+0000] {processor.py:183} INFO - Processing /home/airflow/.local/lib/python3.8/site-packages/airflow/example_dags/example_python_operator.py took 0.077 seconds
[2024-05-28T18:32:15.000+0000] {processor.py:161} INFO - Started process (PID=488) to work on /home/airflow/.local/lib/python3.8/site-packages/airflow/example_dags/example_python_operator.py
[2024-05-28T18:32:15.002+0000] {processor.py:830} INFO - Processing file /home/airflow/.local/lib/python3.8/site-packages/airflow/example_dags/example_python_operator.py for tasks to queue
[2024-05-28T18:32:15.006+0000] {logging_mixin.py:188} INFO - [2024-05-28T18:32:15.006+0000] {dagbag.py:545} INFO - Filling up the DagBag from /home/airflow/.local/lib/python3.8/site-packages/airflow/example_dags/example_python_operator.py
[2024-05-28T18:32:15.038+0000] {processor.py:840} INFO - DAG(s) 'example_python_operator' retrieved from /home/airflow/.local/lib/python3.8/site-packages/airflow/example_dags/example_python_operator.py
[2024-05-28T18:32:15.101+0000] {logging_mixin.py:188} INFO - [2024-05-28T18:32:15.101+0000] {dag.py:3096} INFO - Sync 1 DAGs
[2024-05-28T18:32:15.155+0000] {logging_mixin.py:188} INFO - [2024-05-28T18:32:15.142+0000] {dag.py:3954} INFO - Setting next_dagrun for example_python_operator to None, run_after=None
[2024-05-28T18:32:15.222+0000] {processor.py:183} INFO - Processing /home/airflow/.local/lib/python3.8/site-packages/airflow/example_dags/example_python_operator.py took 0.234 seconds
[2024-05-28T18:32:45.757+0000] {processor.py:161} INFO - Started process (PID=558) to work on /home/airflow/.local/lib/python3.8/site-packages/airflow/example_dags/example_python_operator.py
[2024-05-28T18:32:45.758+0000] {processor.py:830} INFO - Processing file /home/airflow/.local/lib/python3.8/site-packages/airflow/example_dags/example_python_operator.py for tasks to queue
[2024-05-28T18:32:45.760+0000] {logging_mixin.py:188} INFO - [2024-05-28T18:32:45.760+0000] {dagbag.py:545} INFO - Filling up the DagBag from /home/airflow/.local/lib/python3.8/site-packages/airflow/example_dags/example_python_operator.py
[2024-05-28T18:32:45.771+0000] {processor.py:840} INFO - DAG(s) 'example_python_operator' retrieved from /home/airflow/.local/lib/python3.8/site-packages/airflow/example_dags/example_python_operator.py
[2024-05-28T18:32:45.796+0000] {logging_mixin.py:188} INFO - [2024-05-28T18:32:45.795+0000] {dag.py:3096} INFO - Sync 1 DAGs
[2024-05-28T18:32:45.809+0000] {logging_mixin.py:188} INFO - [2024-05-28T18:32:45.809+0000] {dag.py:3954} INFO - Setting next_dagrun for example_python_operator to None, run_after=None
[2024-05-28T18:32:45.831+0000] {processor.py:183} INFO - Processing /home/airflow/.local/lib/python3.8/site-packages/airflow/example_dags/example_python_operator.py took 0.081 seconds
[2024-05-28T18:33:16.080+0000] {processor.py:161} INFO - Started process (PID=627) to work on /home/airflow/.local/lib/python3.8/site-packages/airflow/example_dags/example_python_operator.py
[2024-05-28T18:33:16.082+0000] {processor.py:830} INFO - Processing file /home/airflow/.local/lib/python3.8/site-packages/airflow/example_dags/example_python_operator.py for tasks to queue
[2024-05-28T18:33:16.083+0000] {logging_mixin.py:188} INFO - [2024-05-28T18:33:16.083+0000] {dagbag.py:545} INFO - Filling up the DagBag from /home/airflow/.local/lib/python3.8/site-packages/airflow/example_dags/example_python_operator.py
[2024-05-28T18:33:16.092+0000] {processor.py:840} INFO - DAG(s) 'example_python_operator' retrieved from /home/airflow/.local/lib/python3.8/site-packages/airflow/example_dags/example_python_operator.py
[2024-05-28T18:33:16.116+0000] {logging_mixin.py:188} INFO - [2024-05-28T18:33:16.116+0000] {dag.py:3096} INFO - Sync 1 DAGs
[2024-05-28T18:33:16.127+0000] {logging_mixin.py:188} INFO - [2024-05-28T18:33:16.127+0000] {dag.py:3954} INFO - Setting next_dagrun for example_python_operator to None, run_after=None
[2024-05-28T18:33:16.149+0000] {processor.py:183} INFO - Processing /home/airflow/.local/lib/python3.8/site-packages/airflow/example_dags/example_python_operator.py took 0.074 seconds
[2024-05-28T18:33:46.669+0000] {processor.py:161} INFO - Started process (PID=704) to work on /home/airflow/.local/lib/python3.8/site-packages/airflow/example_dags/example_python_operator.py
[2024-05-28T18:33:46.670+0000] {processor.py:830} INFO - Processing file /home/airflow/.local/lib/python3.8/site-packages/airflow/example_dags/example_python_operator.py for tasks to queue
[2024-05-28T18:33:46.672+0000] {logging_mixin.py:188} INFO - [2024-05-28T18:33:46.671+0000] {dagbag.py:545} INFO - Filling up the DagBag from /home/airflow/.local/lib/python3.8/site-packages/airflow/example_dags/example_python_operator.py
[2024-05-28T18:33:46.683+0000] {processor.py:840} INFO - DAG(s) 'example_python_operator' retrieved from /home/airflow/.local/lib/python3.8/site-packages/airflow/example_dags/example_python_operator.py
[2024-05-28T18:33:46.710+0000] {logging_mixin.py:188} INFO - [2024-05-28T18:33:46.710+0000] {dag.py:3096} INFO - Sync 1 DAGs
[2024-05-28T18:33:46.725+0000] {logging_mixin.py:188} INFO - [2024-05-28T18:33:46.725+0000] {dag.py:3954} INFO - Setting next_dagrun for example_python_operator to None, run_after=None
[2024-05-28T18:33:46.748+0000] {processor.py:183} INFO - Processing /home/airflow/.local/lib/python3.8/site-packages/airflow/example_dags/example_python_operator.py took 0.086 seconds
[2024-05-28T18:34:16.926+0000] {processor.py:161} INFO - Started process (PID=775) to work on /home/airflow/.local/lib/python3.8/site-packages/airflow/example_dags/example_python_operator.py
[2024-05-28T18:34:16.927+0000] {processor.py:830} INFO - Processing file /home/airflow/.local/lib/python3.8/site-packages/airflow/example_dags/example_python_operator.py for tasks to queue
[2024-05-28T18:34:16.929+0000] {logging_mixin.py:188} INFO - [2024-05-28T18:34:16.929+0000] {dagbag.py:545} INFO - Filling up the DagBag from /home/airflow/.local/lib/python3.8/site-packages/airflow/example_dags/example_python_operator.py
[2024-05-28T18:34:16.940+0000] {processor.py:840} INFO - DAG(s) 'example_python_operator' retrieved from /home/airflow/.local/lib/python3.8/site-packages/airflow/example_dags/example_python_operator.py
[2024-05-28T18:34:16.967+0000] {logging_mixin.py:188} INFO - [2024-05-28T18:34:16.967+0000] {dag.py:3096} INFO - Sync 1 DAGs
[2024-05-28T18:34:16.980+0000] {logging_mixin.py:188} INFO - [2024-05-28T18:34:16.979+0000] {dag.py:3954} INFO - Setting next_dagrun for example_python_operator to None, run_after=None
[2024-05-28T18:34:17.004+0000] {processor.py:183} INFO - Processing /home/airflow/.local/lib/python3.8/site-packages/airflow/example_dags/example_python_operator.py took 0.084 seconds
[2024-05-28T18:34:47.094+0000] {processor.py:161} INFO - Started process (PID=845) to work on /home/airflow/.local/lib/python3.8/site-packages/airflow/example_dags/example_python_operator.py
[2024-05-28T18:34:47.095+0000] {processor.py:830} INFO - Processing file /home/airflow/.local/lib/python3.8/site-packages/airflow/example_dags/example_python_operator.py for tasks to queue
[2024-05-28T18:34:47.097+0000] {logging_mixin.py:188} INFO - [2024-05-28T18:34:47.097+0000] {dagbag.py:545} INFO - Filling up the DagBag from /home/airflow/.local/lib/python3.8/site-packages/airflow/example_dags/example_python_operator.py
[2024-05-28T18:34:47.107+0000] {processor.py:840} INFO - DAG(s) 'example_python_operator' retrieved from /home/airflow/.local/lib/python3.8/site-packages/airflow/example_dags/example_python_operator.py
[2024-05-28T18:34:47.134+0000] {logging_mixin.py:188} INFO - [2024-05-28T18:34:47.133+0000] {dag.py:3096} INFO - Sync 1 DAGs
[2024-05-28T18:34:47.147+0000] {logging_mixin.py:188} INFO - [2024-05-28T18:34:47.147+0000] {dag.py:3954} INFO - Setting next_dagrun for example_python_operator to None, run_after=None
[2024-05-28T18:34:47.166+0000] {processor.py:183} INFO - Processing /home/airflow/.local/lib/python3.8/site-packages/airflow/example_dags/example_python_operator.py took 0.077 seconds
[2024-05-28T18:35:18.281+0000] {processor.py:161} INFO - Started process (PID=923) to work on /home/airflow/.local/lib/python3.8/site-packages/airflow/example_dags/example_python_operator.py
[2024-05-28T18:35:18.282+0000] {processor.py:830} INFO - Processing file /home/airflow/.local/lib/python3.8/site-packages/airflow/example_dags/example_python_operator.py for tasks to queue
[2024-05-28T18:35:18.285+0000] {logging_mixin.py:188} INFO - [2024-05-28T18:35:18.285+0000] {dagbag.py:545} INFO - Filling up the DagBag from /home/airflow/.local/lib/python3.8/site-packages/airflow/example_dags/example_python_operator.py
[2024-05-28T18:35:18.301+0000] {processor.py:840} INFO - DAG(s) 'example_python_operator' retrieved from /home/airflow/.local/lib/python3.8/site-packages/airflow/example_dags/example_python_operator.py
[2024-05-28T18:35:18.372+0000] {logging_mixin.py:188} INFO - [2024-05-28T18:35:18.371+0000] {dag.py:3096} INFO - Sync 1 DAGs
[2024-05-28T18:35:18.446+0000] {logging_mixin.py:188} INFO - [2024-05-28T18:35:18.446+0000] {dag.py:3954} INFO - Setting next_dagrun for example_python_operator to None, run_after=None
[2024-05-28T18:35:18.498+0000] {processor.py:183} INFO - Processing /home/airflow/.local/lib/python3.8/site-packages/airflow/example_dags/example_python_operator.py took 0.227 seconds
[2024-05-28T18:35:48.701+0000] {processor.py:161} INFO - Started process (PID=993) to work on /home/airflow/.local/lib/python3.8/site-packages/airflow/example_dags/example_python_operator.py
[2024-05-28T18:35:48.702+0000] {processor.py:830} INFO - Processing file /home/airflow/.local/lib/python3.8/site-packages/airflow/example_dags/example_python_operator.py for tasks to queue
[2024-05-28T18:35:48.704+0000] {logging_mixin.py:188} INFO - [2024-05-28T18:35:48.704+0000] {dagbag.py:545} INFO - Filling up the DagBag from /home/airflow/.local/lib/python3.8/site-packages/airflow/example_dags/example_python_operator.py
[2024-05-28T18:35:48.718+0000] {processor.py:840} INFO - DAG(s) 'example_python_operator' retrieved from /home/airflow/.local/lib/python3.8/site-packages/airflow/example_dags/example_python_operator.py
[2024-05-28T18:35:48.749+0000] {logging_mixin.py:188} INFO - [2024-05-28T18:35:48.748+0000] {dag.py:3096} INFO - Sync 1 DAGs
[2024-05-28T18:35:48.762+0000] {logging_mixin.py:188} INFO - [2024-05-28T18:35:48.762+0000] {dag.py:3954} INFO - Setting next_dagrun for example_python_operator to None, run_after=None
[2024-05-28T18:35:48.784+0000] {processor.py:183} INFO - Processing /home/airflow/.local/lib/python3.8/site-packages/airflow/example_dags/example_python_operator.py took 0.091 seconds
[2024-05-28T18:36:19.580+0000] {processor.py:161} INFO - Started process (PID=1063) to work on /home/airflow/.local/lib/python3.8/site-packages/airflow/example_dags/example_python_operator.py
[2024-05-28T18:36:19.582+0000] {processor.py:830} INFO - Processing file /home/airflow/.local/lib/python3.8/site-packages/airflow/example_dags/example_python_operator.py for tasks to queue
[2024-05-28T18:36:19.584+0000] {logging_mixin.py:188} INFO - [2024-05-28T18:36:19.583+0000] {dagbag.py:545} INFO - Filling up the DagBag from /home/airflow/.local/lib/python3.8/site-packages/airflow/example_dags/example_python_operator.py
[2024-05-28T18:36:19.593+0000] {processor.py:840} INFO - DAG(s) 'example_python_operator' retrieved from /home/airflow/.local/lib/python3.8/site-packages/airflow/example_dags/example_python_operator.py
[2024-05-28T18:36:19.616+0000] {logging_mixin.py:188} INFO - [2024-05-28T18:36:19.616+0000] {dag.py:3096} INFO - Sync 1 DAGs
[2024-05-28T18:36:19.627+0000] {logging_mixin.py:188} INFO - [2024-05-28T18:36:19.627+0000] {dag.py:3954} INFO - Setting next_dagrun for example_python_operator to None, run_after=None
[2024-05-28T18:36:19.649+0000] {processor.py:183} INFO - Processing /home/airflow/.local/lib/python3.8/site-packages/airflow/example_dags/example_python_operator.py took 0.074 seconds
[2024-05-28T18:36:49.856+0000] {processor.py:161} INFO - Started process (PID=1141) to work on /home/airflow/.local/lib/python3.8/site-packages/airflow/example_dags/example_python_operator.py
[2024-05-28T18:36:49.857+0000] {processor.py:830} INFO - Processing file /home/airflow/.local/lib/python3.8/site-packages/airflow/example_dags/example_python_operator.py for tasks to queue
[2024-05-28T18:36:49.859+0000] {logging_mixin.py:188} INFO - [2024-05-28T18:36:49.859+0000] {dagbag.py:545} INFO - Filling up the DagBag from /home/airflow/.local/lib/python3.8/site-packages/airflow/example_dags/example_python_operator.py
[2024-05-28T18:36:49.869+0000] {processor.py:840} INFO - DAG(s) 'example_python_operator' retrieved from /home/airflow/.local/lib/python3.8/site-packages/airflow/example_dags/example_python_operator.py
[2024-05-28T18:36:49.894+0000] {logging_mixin.py:188} INFO - [2024-05-28T18:36:49.894+0000] {dag.py:3096} INFO - Sync 1 DAGs
[2024-05-28T18:36:49.910+0000] {logging_mixin.py:188} INFO - [2024-05-28T18:36:49.910+0000] {dag.py:3954} INFO - Setting next_dagrun for example_python_operator to None, run_after=None
[2024-05-28T18:36:49.932+0000] {processor.py:183} INFO - Processing /home/airflow/.local/lib/python3.8/site-packages/airflow/example_dags/example_python_operator.py took 0.082 seconds
[2024-05-28T18:37:20.281+0000] {processor.py:161} INFO - Started process (PID=1211) to work on /home/airflow/.local/lib/python3.8/site-packages/airflow/example_dags/example_python_operator.py
[2024-05-28T18:37:20.282+0000] {processor.py:830} INFO - Processing file /home/airflow/.local/lib/python3.8/site-packages/airflow/example_dags/example_python_operator.py for tasks to queue
[2024-05-28T18:37:20.285+0000] {logging_mixin.py:188} INFO - [2024-05-28T18:37:20.285+0000] {dagbag.py:545} INFO - Filling up the DagBag from /home/airflow/.local/lib/python3.8/site-packages/airflow/example_dags/example_python_operator.py
[2024-05-28T18:37:20.321+0000] {processor.py:840} INFO - DAG(s) 'example_python_operator' retrieved from /home/airflow/.local/lib/python3.8/site-packages/airflow/example_dags/example_python_operator.py
[2024-05-28T18:37:20.375+0000] {logging_mixin.py:188} INFO - [2024-05-28T18:37:20.375+0000] {dag.py:3096} INFO - Sync 1 DAGs
[2024-05-28T18:37:20.425+0000] {logging_mixin.py:188} INFO - [2024-05-28T18:37:20.424+0000] {dag.py:3954} INFO - Setting next_dagrun for example_python_operator to None, run_after=None
[2024-05-28T18:37:20.465+0000] {processor.py:183} INFO - Processing /home/airflow/.local/lib/python3.8/site-packages/airflow/example_dags/example_python_operator.py took 0.212 seconds
[2024-05-28T18:37:50.535+0000] {processor.py:161} INFO - Started process (PID=1290) to work on /home/airflow/.local/lib/python3.8/site-packages/airflow/example_dags/example_python_operator.py
[2024-05-28T18:37:50.537+0000] {processor.py:830} INFO - Processing file /home/airflow/.local/lib/python3.8/site-packages/airflow/example_dags/example_python_operator.py for tasks to queue
[2024-05-28T18:37:50.539+0000] {logging_mixin.py:188} INFO - [2024-05-28T18:37:50.539+0000] {dagbag.py:545} INFO - Filling up the DagBag from /home/airflow/.local/lib/python3.8/site-packages/airflow/example_dags/example_python_operator.py
[2024-05-28T18:37:50.553+0000] {processor.py:840} INFO - DAG(s) 'example_python_operator' retrieved from /home/airflow/.local/lib/python3.8/site-packages/airflow/example_dags/example_python_operator.py
[2024-05-28T18:37:50.578+0000] {logging_mixin.py:188} INFO - [2024-05-28T18:37:50.577+0000] {dag.py:3096} INFO - Sync 1 DAGs
[2024-05-28T18:37:50.595+0000] {logging_mixin.py:188} INFO - [2024-05-28T18:37:50.594+0000] {dag.py:3954} INFO - Setting next_dagrun for example_python_operator to None, run_after=None
[2024-05-28T18:37:50.620+0000] {processor.py:183} INFO - Processing /home/airflow/.local/lib/python3.8/site-packages/airflow/example_dags/example_python_operator.py took 0.093 seconds
[2024-05-28T18:38:20.808+0000] {processor.py:161} INFO - Started process (PID=1360) to work on /home/airflow/.local/lib/python3.8/site-packages/airflow/example_dags/example_python_operator.py
[2024-05-28T18:38:20.809+0000] {processor.py:830} INFO - Processing file /home/airflow/.local/lib/python3.8/site-packages/airflow/example_dags/example_python_operator.py for tasks to queue
[2024-05-28T18:38:20.812+0000] {logging_mixin.py:188} INFO - [2024-05-28T18:38:20.812+0000] {dagbag.py:545} INFO - Filling up the DagBag from /home/airflow/.local/lib/python3.8/site-packages/airflow/example_dags/example_python_operator.py
[2024-05-28T18:38:20.823+0000] {processor.py:840} INFO - DAG(s) 'example_python_operator' retrieved from /home/airflow/.local/lib/python3.8/site-packages/airflow/example_dags/example_python_operator.py
[2024-05-28T18:38:20.847+0000] {logging_mixin.py:188} INFO - [2024-05-28T18:38:20.846+0000] {dag.py:3096} INFO - Sync 1 DAGs
[2024-05-28T18:38:20.859+0000] {logging_mixin.py:188} INFO - [2024-05-28T18:38:20.859+0000] {dag.py:3954} INFO - Setting next_dagrun for example_python_operator to None, run_after=None
[2024-05-28T18:38:20.882+0000] {processor.py:183} INFO - Processing /home/airflow/.local/lib/python3.8/site-packages/airflow/example_dags/example_python_operator.py took 0.080 seconds
[2024-05-28T18:38:51.416+0000] {processor.py:161} INFO - Started process (PID=1430) to work on /home/airflow/.local/lib/python3.8/site-packages/airflow/example_dags/example_python_operator.py
[2024-05-28T18:38:51.417+0000] {processor.py:830} INFO - Processing file /home/airflow/.local/lib/python3.8/site-packages/airflow/example_dags/example_python_operator.py for tasks to queue
[2024-05-28T18:38:51.419+0000] {logging_mixin.py:188} INFO - [2024-05-28T18:38:51.419+0000] {dagbag.py:545} INFO - Filling up the DagBag from /home/airflow/.local/lib/python3.8/site-packages/airflow/example_dags/example_python_operator.py
[2024-05-28T18:38:51.429+0000] {processor.py:840} INFO - DAG(s) 'example_python_operator' retrieved from /home/airflow/.local/lib/python3.8/site-packages/airflow/example_dags/example_python_operator.py
[2024-05-28T18:38:51.454+0000] {logging_mixin.py:188} INFO - [2024-05-28T18:38:51.453+0000] {dag.py:3096} INFO - Sync 1 DAGs
[2024-05-28T18:38:51.466+0000] {logging_mixin.py:188} INFO - [2024-05-28T18:38:51.466+0000] {dag.py:3954} INFO - Setting next_dagrun for example_python_operator to None, run_after=None
[2024-05-28T18:38:51.487+0000] {processor.py:183} INFO - Processing /home/airflow/.local/lib/python3.8/site-packages/airflow/example_dags/example_python_operator.py took 0.078 seconds
[2024-05-28T18:39:21.970+0000] {processor.py:161} INFO - Started process (PID=1500) to work on /home/airflow/.local/lib/python3.8/site-packages/airflow/example_dags/example_python_operator.py
[2024-05-28T18:39:21.974+0000] {processor.py:830} INFO - Processing file /home/airflow/.local/lib/python3.8/site-packages/airflow/example_dags/example_python_operator.py for tasks to queue
[2024-05-28T18:39:21.979+0000] {logging_mixin.py:188} INFO - [2024-05-28T18:39:21.978+0000] {dagbag.py:545} INFO - Filling up the DagBag from /home/airflow/.local/lib/python3.8/site-packages/airflow/example_dags/example_python_operator.py
[2024-05-28T18:39:21.994+0000] {processor.py:840} INFO - DAG(s) 'example_python_operator' retrieved from /home/airflow/.local/lib/python3.8/site-packages/airflow/example_dags/example_python_operator.py
[2024-05-28T18:39:22.023+0000] {logging_mixin.py:188} INFO - [2024-05-28T18:39:22.023+0000] {dag.py:3096} INFO - Sync 1 DAGs
[2024-05-28T18:39:22.038+0000] {logging_mixin.py:188} INFO - [2024-05-28T18:39:22.038+0000] {dag.py:3954} INFO - Setting next_dagrun for example_python_operator to None, run_after=None
[2024-05-28T18:39:22.063+0000] {processor.py:183} INFO - Processing /home/airflow/.local/lib/python3.8/site-packages/airflow/example_dags/example_python_operator.py took 0.101 seconds
[2024-05-28T18:39:52.291+0000] {processor.py:161} INFO - Started process (PID=1578) to work on /home/airflow/.local/lib/python3.8/site-packages/airflow/example_dags/example_python_operator.py
[2024-05-28T18:39:52.292+0000] {processor.py:830} INFO - Processing file /home/airflow/.local/lib/python3.8/site-packages/airflow/example_dags/example_python_operator.py for tasks to queue
[2024-05-28T18:39:52.294+0000] {logging_mixin.py:188} INFO - [2024-05-28T18:39:52.294+0000] {dagbag.py:545} INFO - Filling up the DagBag from /home/airflow/.local/lib/python3.8/site-packages/airflow/example_dags/example_python_operator.py
[2024-05-28T18:39:52.305+0000] {processor.py:840} INFO - DAG(s) 'example_python_operator' retrieved from /home/airflow/.local/lib/python3.8/site-packages/airflow/example_dags/example_python_operator.py
[2024-05-28T18:39:52.329+0000] {logging_mixin.py:188} INFO - [2024-05-28T18:39:52.329+0000] {dag.py:3096} INFO - Sync 1 DAGs
[2024-05-28T18:39:52.341+0000] {logging_mixin.py:188} INFO - [2024-05-28T18:39:52.341+0000] {dag.py:3954} INFO - Setting next_dagrun for example_python_operator to None, run_after=None
[2024-05-28T18:39:52.361+0000] {processor.py:183} INFO - Processing /home/airflow/.local/lib/python3.8/site-packages/airflow/example_dags/example_python_operator.py took 0.076 seconds
[2024-05-28T18:40:22.972+0000] {processor.py:161} INFO - Started process (PID=1649) to work on /home/airflow/.local/lib/python3.8/site-packages/airflow/example_dags/example_python_operator.py
[2024-05-28T18:40:22.974+0000] {processor.py:830} INFO - Processing file /home/airflow/.local/lib/python3.8/site-packages/airflow/example_dags/example_python_operator.py for tasks to queue
[2024-05-28T18:40:22.976+0000] {logging_mixin.py:188} INFO - [2024-05-28T18:40:22.975+0000] {dagbag.py:545} INFO - Filling up the DagBag from /home/airflow/.local/lib/python3.8/site-packages/airflow/example_dags/example_python_operator.py
[2024-05-28T18:40:22.986+0000] {processor.py:840} INFO - DAG(s) 'example_python_operator' retrieved from /home/airflow/.local/lib/python3.8/site-packages/airflow/example_dags/example_python_operator.py
[2024-05-28T18:40:23.007+0000] {logging_mixin.py:188} INFO - [2024-05-28T18:40:23.007+0000] {dag.py:3096} INFO - Sync 1 DAGs
[2024-05-28T18:40:23.018+0000] {logging_mixin.py:188} INFO - [2024-05-28T18:40:23.018+0000] {dag.py:3954} INFO - Setting next_dagrun for example_python_operator to None, run_after=None
[2024-05-28T18:40:23.038+0000] {processor.py:183} INFO - Processing /home/airflow/.local/lib/python3.8/site-packages/airflow/example_dags/example_python_operator.py took 0.071 seconds
[2024-05-28T18:40:53.361+0000] {processor.py:161} INFO - Started process (PID=1727) to work on /home/airflow/.local/lib/python3.8/site-packages/airflow/example_dags/example_python_operator.py
[2024-05-28T18:40:53.362+0000] {processor.py:830} INFO - Processing file /home/airflow/.local/lib/python3.8/site-packages/airflow/example_dags/example_python_operator.py for tasks to queue
[2024-05-28T18:40:53.364+0000] {logging_mixin.py:188} INFO - [2024-05-28T18:40:53.364+0000] {dagbag.py:545} INFO - Filling up the DagBag from /home/airflow/.local/lib/python3.8/site-packages/airflow/example_dags/example_python_operator.py
[2024-05-28T18:40:53.374+0000] {processor.py:840} INFO - DAG(s) 'example_python_operator' retrieved from /home/airflow/.local/lib/python3.8/site-packages/airflow/example_dags/example_python_operator.py
[2024-05-28T18:40:53.411+0000] {logging_mixin.py:188} INFO - [2024-05-28T18:40:53.410+0000] {dag.py:3096} INFO - Sync 1 DAGs
[2024-05-28T18:40:53.433+0000] {logging_mixin.py:188} INFO - [2024-05-28T18:40:53.432+0000] {dag.py:3954} INFO - Setting next_dagrun for example_python_operator to None, run_after=None
[2024-05-28T18:40:53.451+0000] {processor.py:183} INFO - Processing /home/airflow/.local/lib/python3.8/site-packages/airflow/example_dags/example_python_operator.py took 0.096 seconds
[2024-05-28T18:41:23.665+0000] {processor.py:161} INFO - Started process (PID=1797) to work on /home/airflow/.local/lib/python3.8/site-packages/airflow/example_dags/example_python_operator.py
[2024-05-28T18:41:23.667+0000] {processor.py:830} INFO - Processing file /home/airflow/.local/lib/python3.8/site-packages/airflow/example_dags/example_python_operator.py for tasks to queue
[2024-05-28T18:41:23.669+0000] {logging_mixin.py:188} INFO - [2024-05-28T18:41:23.669+0000] {dagbag.py:545} INFO - Filling up the DagBag from /home/airflow/.local/lib/python3.8/site-packages/airflow/example_dags/example_python_operator.py
[2024-05-28T18:41:23.681+0000] {processor.py:840} INFO - DAG(s) 'example_python_operator' retrieved from /home/airflow/.local/lib/python3.8/site-packages/airflow/example_dags/example_python_operator.py
[2024-05-28T18:41:23.708+0000] {logging_mixin.py:188} INFO - [2024-05-28T18:41:23.707+0000] {dag.py:3096} INFO - Sync 1 DAGs
[2024-05-28T18:41:23.724+0000] {logging_mixin.py:188} INFO - [2024-05-28T18:41:23.724+0000] {dag.py:3954} INFO - Setting next_dagrun for example_python_operator to None, run_after=None
[2024-05-28T18:41:23.745+0000] {processor.py:183} INFO - Processing /home/airflow/.local/lib/python3.8/site-packages/airflow/example_dags/example_python_operator.py took 0.087 seconds
[2024-05-28T18:41:54.001+0000] {processor.py:161} INFO - Started process (PID=1866) to work on /home/airflow/.local/lib/python3.8/site-packages/airflow/example_dags/example_python_operator.py
[2024-05-28T18:41:54.002+0000] {processor.py:830} INFO - Processing file /home/airflow/.local/lib/python3.8/site-packages/airflow/example_dags/example_python_operator.py for tasks to queue
[2024-05-28T18:41:54.004+0000] {logging_mixin.py:188} INFO - [2024-05-28T18:41:54.004+0000] {dagbag.py:545} INFO - Filling up the DagBag from /home/airflow/.local/lib/python3.8/site-packages/airflow/example_dags/example_python_operator.py
[2024-05-28T18:41:54.013+0000] {processor.py:840} INFO - DAG(s) 'example_python_operator' retrieved from /home/airflow/.local/lib/python3.8/site-packages/airflow/example_dags/example_python_operator.py
[2024-05-28T18:41:54.035+0000] {logging_mixin.py:188} INFO - [2024-05-28T18:41:54.035+0000] {dag.py:3096} INFO - Sync 1 DAGs
[2024-05-28T18:41:54.046+0000] {logging_mixin.py:188} INFO - [2024-05-28T18:41:54.046+0000] {dag.py:3954} INFO - Setting next_dagrun for example_python_operator to None, run_after=None
[2024-05-28T18:41:54.066+0000] {processor.py:183} INFO - Processing /home/airflow/.local/lib/python3.8/site-packages/airflow/example_dags/example_python_operator.py took 0.071 seconds
[2024-05-28T18:42:24.387+0000] {processor.py:161} INFO - Started process (PID=1944) to work on /home/airflow/.local/lib/python3.8/site-packages/airflow/example_dags/example_python_operator.py
[2024-05-28T18:42:24.388+0000] {processor.py:830} INFO - Processing file /home/airflow/.local/lib/python3.8/site-packages/airflow/example_dags/example_python_operator.py for tasks to queue
[2024-05-28T18:42:24.390+0000] {logging_mixin.py:188} INFO - [2024-05-28T18:42:24.390+0000] {dagbag.py:545} INFO - Filling up the DagBag from /home/airflow/.local/lib/python3.8/site-packages/airflow/example_dags/example_python_operator.py
[2024-05-28T18:42:24.400+0000] {processor.py:840} INFO - DAG(s) 'example_python_operator' retrieved from /home/airflow/.local/lib/python3.8/site-packages/airflow/example_dags/example_python_operator.py
[2024-05-28T18:42:24.424+0000] {logging_mixin.py:188} INFO - [2024-05-28T18:42:24.423+0000] {dag.py:3096} INFO - Sync 1 DAGs
[2024-05-28T18:42:24.435+0000] {logging_mixin.py:188} INFO - [2024-05-28T18:42:24.434+0000] {dag.py:3954} INFO - Setting next_dagrun for example_python_operator to None, run_after=None
[2024-05-28T18:42:24.455+0000] {processor.py:183} INFO - Processing /home/airflow/.local/lib/python3.8/site-packages/airflow/example_dags/example_python_operator.py took 0.074 seconds
[2024-05-28T18:42:54.660+0000] {processor.py:161} INFO - Started process (PID=2014) to work on /home/airflow/.local/lib/python3.8/site-packages/airflow/example_dags/example_python_operator.py
[2024-05-28T18:42:54.661+0000] {processor.py:830} INFO - Processing file /home/airflow/.local/lib/python3.8/site-packages/airflow/example_dags/example_python_operator.py for tasks to queue
[2024-05-28T18:42:54.663+0000] {logging_mixin.py:188} INFO - [2024-05-28T18:42:54.663+0000] {dagbag.py:545} INFO - Filling up the DagBag from /home/airflow/.local/lib/python3.8/site-packages/airflow/example_dags/example_python_operator.py
[2024-05-28T18:42:54.673+0000] {processor.py:840} INFO - DAG(s) 'example_python_operator' retrieved from /home/airflow/.local/lib/python3.8/site-packages/airflow/example_dags/example_python_operator.py
[2024-05-28T18:42:54.697+0000] {logging_mixin.py:188} INFO - [2024-05-28T18:42:54.697+0000] {dag.py:3096} INFO - Sync 1 DAGs
[2024-05-28T18:42:54.710+0000] {logging_mixin.py:188} INFO - [2024-05-28T18:42:54.710+0000] {dag.py:3954} INFO - Setting next_dagrun for example_python_operator to None, run_after=None
[2024-05-28T18:42:54.730+0000] {processor.py:183} INFO - Processing /home/airflow/.local/lib/python3.8/site-packages/airflow/example_dags/example_python_operator.py took 0.076 seconds
[2024-05-28T18:43:25.083+0000] {processor.py:161} INFO - Started process (PID=2093) to work on /home/airflow/.local/lib/python3.8/site-packages/airflow/example_dags/example_python_operator.py
[2024-05-28T18:43:25.085+0000] {processor.py:830} INFO - Processing file /home/airflow/.local/lib/python3.8/site-packages/airflow/example_dags/example_python_operator.py for tasks to queue
[2024-05-28T18:43:25.086+0000] {logging_mixin.py:188} INFO - [2024-05-28T18:43:25.086+0000] {dagbag.py:545} INFO - Filling up the DagBag from /home/airflow/.local/lib/python3.8/site-packages/airflow/example_dags/example_python_operator.py
[2024-05-28T18:43:25.096+0000] {processor.py:840} INFO - DAG(s) 'example_python_operator' retrieved from /home/airflow/.local/lib/python3.8/site-packages/airflow/example_dags/example_python_operator.py
[2024-05-28T18:43:25.121+0000] {logging_mixin.py:188} INFO - [2024-05-28T18:43:25.120+0000] {dag.py:3096} INFO - Sync 1 DAGs
[2024-05-28T18:43:25.135+0000] {logging_mixin.py:188} INFO - [2024-05-28T18:43:25.135+0000] {dag.py:3954} INFO - Setting next_dagrun for example_python_operator to None, run_after=None
[2024-05-28T18:43:25.156+0000] {processor.py:183} INFO - Processing /home/airflow/.local/lib/python3.8/site-packages/airflow/example_dags/example_python_operator.py took 0.078 seconds
[2024-05-28T18:43:55.328+0000] {processor.py:161} INFO - Started process (PID=2163) to work on /home/airflow/.local/lib/python3.8/site-packages/airflow/example_dags/example_python_operator.py
[2024-05-28T18:43:55.329+0000] {processor.py:830} INFO - Processing file /home/airflow/.local/lib/python3.8/site-packages/airflow/example_dags/example_python_operator.py for tasks to queue
[2024-05-28T18:43:55.331+0000] {logging_mixin.py:188} INFO - [2024-05-28T18:43:55.331+0000] {dagbag.py:545} INFO - Filling up the DagBag from /home/airflow/.local/lib/python3.8/site-packages/airflow/example_dags/example_python_operator.py
[2024-05-28T18:43:55.340+0000] {processor.py:840} INFO - DAG(s) 'example_python_operator' retrieved from /home/airflow/.local/lib/python3.8/site-packages/airflow/example_dags/example_python_operator.py
[2024-05-28T18:43:55.363+0000] {logging_mixin.py:188} INFO - [2024-05-28T18:43:55.362+0000] {dag.py:3096} INFO - Sync 1 DAGs
[2024-05-28T18:43:55.373+0000] {logging_mixin.py:188} INFO - [2024-05-28T18:43:55.373+0000] {dag.py:3954} INFO - Setting next_dagrun for example_python_operator to None, run_after=None
[2024-05-28T18:43:55.392+0000] {processor.py:183} INFO - Processing /home/airflow/.local/lib/python3.8/site-packages/airflow/example_dags/example_python_operator.py took 0.070 seconds
[2024-05-28T18:44:25.631+0000] {processor.py:161} INFO - Started process (PID=2234) to work on /home/airflow/.local/lib/python3.8/site-packages/airflow/example_dags/example_python_operator.py
[2024-05-28T18:44:25.633+0000] {processor.py:830} INFO - Processing file /home/airflow/.local/lib/python3.8/site-packages/airflow/example_dags/example_python_operator.py for tasks to queue
[2024-05-28T18:44:25.635+0000] {logging_mixin.py:188} INFO - [2024-05-28T18:44:25.634+0000] {dagbag.py:545} INFO - Filling up the DagBag from /home/airflow/.local/lib/python3.8/site-packages/airflow/example_dags/example_python_operator.py
[2024-05-28T18:44:25.645+0000] {processor.py:840} INFO - DAG(s) 'example_python_operator' retrieved from /home/airflow/.local/lib/python3.8/site-packages/airflow/example_dags/example_python_operator.py
[2024-05-28T18:44:25.671+0000] {logging_mixin.py:188} INFO - [2024-05-28T18:44:25.671+0000] {dag.py:3096} INFO - Sync 1 DAGs
[2024-05-28T18:44:25.684+0000] {logging_mixin.py:188} INFO - [2024-05-28T18:44:25.683+0000] {dag.py:3954} INFO - Setting next_dagrun for example_python_operator to None, run_after=None
[2024-05-28T18:44:25.705+0000] {processor.py:183} INFO - Processing /home/airflow/.local/lib/python3.8/site-packages/airflow/example_dags/example_python_operator.py took 0.080 seconds
[2024-05-28T18:44:55.933+0000] {processor.py:161} INFO - Started process (PID=2312) to work on /home/airflow/.local/lib/python3.8/site-packages/airflow/example_dags/example_python_operator.py
[2024-05-28T18:44:55.934+0000] {processor.py:830} INFO - Processing file /home/airflow/.local/lib/python3.8/site-packages/airflow/example_dags/example_python_operator.py for tasks to queue
[2024-05-28T18:44:55.936+0000] {logging_mixin.py:188} INFO - [2024-05-28T18:44:55.936+0000] {dagbag.py:545} INFO - Filling up the DagBag from /home/airflow/.local/lib/python3.8/site-packages/airflow/example_dags/example_python_operator.py
[2024-05-28T18:44:55.946+0000] {processor.py:840} INFO - DAG(s) 'example_python_operator' retrieved from /home/airflow/.local/lib/python3.8/site-packages/airflow/example_dags/example_python_operator.py
[2024-05-28T18:44:55.968+0000] {logging_mixin.py:188} INFO - [2024-05-28T18:44:55.968+0000] {dag.py:3096} INFO - Sync 1 DAGs
[2024-05-28T18:44:55.980+0000] {logging_mixin.py:188} INFO - [2024-05-28T18:44:55.980+0000] {dag.py:3954} INFO - Setting next_dagrun for example_python_operator to None, run_after=None
[2024-05-28T18:44:56.001+0000] {processor.py:183} INFO - Processing /home/airflow/.local/lib/python3.8/site-packages/airflow/example_dags/example_python_operator.py took 0.074 seconds
[2024-05-28T18:45:26.155+0000] {processor.py:161} INFO - Started process (PID=2382) to work on /home/airflow/.local/lib/python3.8/site-packages/airflow/example_dags/example_python_operator.py
[2024-05-28T18:45:26.156+0000] {processor.py:830} INFO - Processing file /home/airflow/.local/lib/python3.8/site-packages/airflow/example_dags/example_python_operator.py for tasks to queue
[2024-05-28T18:45:26.158+0000] {logging_mixin.py:188} INFO - [2024-05-28T18:45:26.158+0000] {dagbag.py:545} INFO - Filling up the DagBag from /home/airflow/.local/lib/python3.8/site-packages/airflow/example_dags/example_python_operator.py
[2024-05-28T18:45:26.167+0000] {processor.py:840} INFO - DAG(s) 'example_python_operator' retrieved from /home/airflow/.local/lib/python3.8/site-packages/airflow/example_dags/example_python_operator.py
[2024-05-28T18:45:26.189+0000] {logging_mixin.py:188} INFO - [2024-05-28T18:45:26.189+0000] {dag.py:3096} INFO - Sync 1 DAGs
[2024-05-28T18:45:26.200+0000] {logging_mixin.py:188} INFO - [2024-05-28T18:45:26.199+0000] {dag.py:3954} INFO - Setting next_dagrun for example_python_operator to None, run_after=None
[2024-05-28T18:45:26.219+0000] {processor.py:183} INFO - Processing /home/airflow/.local/lib/python3.8/site-packages/airflow/example_dags/example_python_operator.py took 0.069 seconds
[2024-05-28T18:45:56.649+0000] {processor.py:161} INFO - Started process (PID=2460) to work on /home/airflow/.local/lib/python3.8/site-packages/airflow/example_dags/example_python_operator.py
[2024-05-28T18:45:56.650+0000] {processor.py:830} INFO - Processing file /home/airflow/.local/lib/python3.8/site-packages/airflow/example_dags/example_python_operator.py for tasks to queue
[2024-05-28T18:45:56.654+0000] {logging_mixin.py:188} INFO - [2024-05-28T18:45:56.653+0000] {dagbag.py:545} INFO - Filling up the DagBag from /home/airflow/.local/lib/python3.8/site-packages/airflow/example_dags/example_python_operator.py
[2024-05-28T18:45:56.665+0000] {processor.py:840} INFO - DAG(s) 'example_python_operator' retrieved from /home/airflow/.local/lib/python3.8/site-packages/airflow/example_dags/example_python_operator.py
[2024-05-28T18:45:56.688+0000] {logging_mixin.py:188} INFO - [2024-05-28T18:45:56.688+0000] {dag.py:3096} INFO - Sync 1 DAGs
[2024-05-28T18:45:56.701+0000] {logging_mixin.py:188} INFO - [2024-05-28T18:45:56.701+0000] {dag.py:3954} INFO - Setting next_dagrun for example_python_operator to None, run_after=None
[2024-05-28T18:45:56.722+0000] {processor.py:183} INFO - Processing /home/airflow/.local/lib/python3.8/site-packages/airflow/example_dags/example_python_operator.py took 0.080 seconds
[2024-05-28T18:46:27.104+0000] {processor.py:161} INFO - Started process (PID=2530) to work on /home/airflow/.local/lib/python3.8/site-packages/airflow/example_dags/example_python_operator.py
[2024-05-28T18:46:27.105+0000] {processor.py:830} INFO - Processing file /home/airflow/.local/lib/python3.8/site-packages/airflow/example_dags/example_python_operator.py for tasks to queue
[2024-05-28T18:46:27.107+0000] {logging_mixin.py:188} INFO - [2024-05-28T18:46:27.106+0000] {dagbag.py:545} INFO - Filling up the DagBag from /home/airflow/.local/lib/python3.8/site-packages/airflow/example_dags/example_python_operator.py
[2024-05-28T18:46:27.116+0000] {processor.py:840} INFO - DAG(s) 'example_python_operator' retrieved from /home/airflow/.local/lib/python3.8/site-packages/airflow/example_dags/example_python_operator.py
[2024-05-28T18:46:27.139+0000] {logging_mixin.py:188} INFO - [2024-05-28T18:46:27.139+0000] {dag.py:3096} INFO - Sync 1 DAGs
[2024-05-28T18:46:27.150+0000] {logging_mixin.py:188} INFO - [2024-05-28T18:46:27.150+0000] {dag.py:3954} INFO - Setting next_dagrun for example_python_operator to None, run_after=None
[2024-05-28T18:46:27.170+0000] {processor.py:183} INFO - Processing /home/airflow/.local/lib/python3.8/site-packages/airflow/example_dags/example_python_operator.py took 0.072 seconds
[2024-05-28T18:46:57.538+0000] {processor.py:161} INFO - Started process (PID=2607) to work on /home/airflow/.local/lib/python3.8/site-packages/airflow/example_dags/example_python_operator.py
[2024-05-28T18:46:57.541+0000] {processor.py:830} INFO - Processing file /home/airflow/.local/lib/python3.8/site-packages/airflow/example_dags/example_python_operator.py for tasks to queue
[2024-05-28T18:46:57.543+0000] {logging_mixin.py:188} INFO - [2024-05-28T18:46:57.543+0000] {dagbag.py:545} INFO - Filling up the DagBag from /home/airflow/.local/lib/python3.8/site-packages/airflow/example_dags/example_python_operator.py
[2024-05-28T18:46:57.557+0000] {processor.py:840} INFO - DAG(s) 'example_python_operator' retrieved from /home/airflow/.local/lib/python3.8/site-packages/airflow/example_dags/example_python_operator.py
[2024-05-28T18:46:57.586+0000] {logging_mixin.py:188} INFO - [2024-05-28T18:46:57.585+0000] {dag.py:3096} INFO - Sync 1 DAGs
[2024-05-28T18:46:57.605+0000] {logging_mixin.py:188} INFO - [2024-05-28T18:46:57.604+0000] {dag.py:3954} INFO - Setting next_dagrun for example_python_operator to None, run_after=None
[2024-05-28T18:46:57.630+0000] {processor.py:183} INFO - Processing /home/airflow/.local/lib/python3.8/site-packages/airflow/example_dags/example_python_operator.py took 0.100 seconds
[2024-05-28T18:47:27.874+0000] {processor.py:161} INFO - Started process (PID=2678) to work on /home/airflow/.local/lib/python3.8/site-packages/airflow/example_dags/example_python_operator.py
[2024-05-28T18:47:27.875+0000] {processor.py:830} INFO - Processing file /home/airflow/.local/lib/python3.8/site-packages/airflow/example_dags/example_python_operator.py for tasks to queue
[2024-05-28T18:47:27.877+0000] {logging_mixin.py:188} INFO - [2024-05-28T18:47:27.877+0000] {dagbag.py:545} INFO - Filling up the DagBag from /home/airflow/.local/lib/python3.8/site-packages/airflow/example_dags/example_python_operator.py
[2024-05-28T18:47:27.887+0000] {processor.py:840} INFO - DAG(s) 'example_python_operator' retrieved from /home/airflow/.local/lib/python3.8/site-packages/airflow/example_dags/example_python_operator.py
[2024-05-28T18:47:27.911+0000] {logging_mixin.py:188} INFO - [2024-05-28T18:47:27.910+0000] {dag.py:3096} INFO - Sync 1 DAGs
[2024-05-28T18:47:27.922+0000] {logging_mixin.py:188} INFO - [2024-05-28T18:47:27.922+0000] {dag.py:3954} INFO - Setting next_dagrun for example_python_operator to None, run_after=None
[2024-05-28T18:47:27.943+0000] {processor.py:183} INFO - Processing /home/airflow/.local/lib/python3.8/site-packages/airflow/example_dags/example_python_operator.py took 0.075 seconds
[2024-05-28T18:47:58.172+0000] {processor.py:161} INFO - Started process (PID=2748) to work on /home/airflow/.local/lib/python3.8/site-packages/airflow/example_dags/example_python_operator.py
[2024-05-28T18:47:58.173+0000] {processor.py:830} INFO - Processing file /home/airflow/.local/lib/python3.8/site-packages/airflow/example_dags/example_python_operator.py for tasks to queue
[2024-05-28T18:47:58.176+0000] {logging_mixin.py:188} INFO - [2024-05-28T18:47:58.175+0000] {dagbag.py:545} INFO - Filling up the DagBag from /home/airflow/.local/lib/python3.8/site-packages/airflow/example_dags/example_python_operator.py
[2024-05-28T18:47:58.189+0000] {processor.py:840} INFO - DAG(s) 'example_python_operator' retrieved from /home/airflow/.local/lib/python3.8/site-packages/airflow/example_dags/example_python_operator.py
[2024-05-28T18:47:58.214+0000] {logging_mixin.py:188} INFO - [2024-05-28T18:47:58.214+0000] {dag.py:3096} INFO - Sync 1 DAGs
[2024-05-28T18:47:58.225+0000] {logging_mixin.py:188} INFO - [2024-05-28T18:47:58.225+0000] {dag.py:3954} INFO - Setting next_dagrun for example_python_operator to None, run_after=None
[2024-05-28T18:47:58.245+0000] {processor.py:183} INFO - Processing /home/airflow/.local/lib/python3.8/site-packages/airflow/example_dags/example_python_operator.py took 0.079 seconds
[2024-05-28T18:48:28.575+0000] {processor.py:161} INFO - Started process (PID=2826) to work on /home/airflow/.local/lib/python3.8/site-packages/airflow/example_dags/example_python_operator.py
[2024-05-28T18:48:28.577+0000] {processor.py:830} INFO - Processing file /home/airflow/.local/lib/python3.8/site-packages/airflow/example_dags/example_python_operator.py for tasks to queue
[2024-05-28T18:48:28.578+0000] {logging_mixin.py:188} INFO - [2024-05-28T18:48:28.578+0000] {dagbag.py:545} INFO - Filling up the DagBag from /home/airflow/.local/lib/python3.8/site-packages/airflow/example_dags/example_python_operator.py
[2024-05-28T18:48:28.588+0000] {processor.py:840} INFO - DAG(s) 'example_python_operator' retrieved from /home/airflow/.local/lib/python3.8/site-packages/airflow/example_dags/example_python_operator.py
[2024-05-28T18:48:28.612+0000] {logging_mixin.py:188} INFO - [2024-05-28T18:48:28.612+0000] {dag.py:3096} INFO - Sync 1 DAGs
[2024-05-28T18:48:28.623+0000] {logging_mixin.py:188} INFO - [2024-05-28T18:48:28.623+0000] {dag.py:3954} INFO - Setting next_dagrun for example_python_operator to None, run_after=None
[2024-05-28T18:48:28.644+0000] {processor.py:183} INFO - Processing /home/airflow/.local/lib/python3.8/site-packages/airflow/example_dags/example_python_operator.py took 0.074 seconds
[2024-05-28T18:48:58.811+0000] {processor.py:161} INFO - Started process (PID=2894) to work on /home/airflow/.local/lib/python3.8/site-packages/airflow/example_dags/example_python_operator.py
[2024-05-28T18:48:58.812+0000] {processor.py:830} INFO - Processing file /home/airflow/.local/lib/python3.8/site-packages/airflow/example_dags/example_python_operator.py for tasks to queue
[2024-05-28T18:48:58.814+0000] {logging_mixin.py:188} INFO - [2024-05-28T18:48:58.814+0000] {dagbag.py:545} INFO - Filling up the DagBag from /home/airflow/.local/lib/python3.8/site-packages/airflow/example_dags/example_python_operator.py
[2024-05-28T18:48:58.824+0000] {processor.py:840} INFO - DAG(s) 'example_python_operator' retrieved from /home/airflow/.local/lib/python3.8/site-packages/airflow/example_dags/example_python_operator.py
[2024-05-28T18:48:58.846+0000] {logging_mixin.py:188} INFO - [2024-05-28T18:48:58.846+0000] {dag.py:3096} INFO - Sync 1 DAGs
[2024-05-28T18:48:58.857+0000] {logging_mixin.py:188} INFO - [2024-05-28T18:48:58.857+0000] {dag.py:3954} INFO - Setting next_dagrun for example_python_operator to None, run_after=None
[2024-05-28T18:48:58.878+0000] {processor.py:183} INFO - Processing /home/airflow/.local/lib/python3.8/site-packages/airflow/example_dags/example_python_operator.py took 0.072 seconds
[2024-05-28T18:49:29.365+0000] {processor.py:161} INFO - Started process (PID=2972) to work on /home/airflow/.local/lib/python3.8/site-packages/airflow/example_dags/example_python_operator.py
[2024-05-28T18:49:29.366+0000] {processor.py:830} INFO - Processing file /home/airflow/.local/lib/python3.8/site-packages/airflow/example_dags/example_python_operator.py for tasks to queue
[2024-05-28T18:49:29.369+0000] {logging_mixin.py:188} INFO - [2024-05-28T18:49:29.368+0000] {dagbag.py:545} INFO - Filling up the DagBag from /home/airflow/.local/lib/python3.8/site-packages/airflow/example_dags/example_python_operator.py
[2024-05-28T18:49:29.380+0000] {processor.py:840} INFO - DAG(s) 'example_python_operator' retrieved from /home/airflow/.local/lib/python3.8/site-packages/airflow/example_dags/example_python_operator.py
[2024-05-28T18:49:29.405+0000] {logging_mixin.py:188} INFO - [2024-05-28T18:49:29.405+0000] {dag.py:3096} INFO - Sync 1 DAGs
[2024-05-28T18:49:29.418+0000] {logging_mixin.py:188} INFO - [2024-05-28T18:49:29.418+0000] {dag.py:3954} INFO - Setting next_dagrun for example_python_operator to None, run_after=None
[2024-05-28T18:49:29.442+0000] {processor.py:183} INFO - Processing /home/airflow/.local/lib/python3.8/site-packages/airflow/example_dags/example_python_operator.py took 0.083 seconds
[2024-05-28T18:49:59.870+0000] {processor.py:161} INFO - Started process (PID=3042) to work on /home/airflow/.local/lib/python3.8/site-packages/airflow/example_dags/example_python_operator.py
[2024-05-28T18:49:59.871+0000] {processor.py:830} INFO - Processing file /home/airflow/.local/lib/python3.8/site-packages/airflow/example_dags/example_python_operator.py for tasks to queue
[2024-05-28T18:49:59.873+0000] {logging_mixin.py:188} INFO - [2024-05-28T18:49:59.873+0000] {dagbag.py:545} INFO - Filling up the DagBag from /home/airflow/.local/lib/python3.8/site-packages/airflow/example_dags/example_python_operator.py
[2024-05-28T18:49:59.883+0000] {processor.py:840} INFO - DAG(s) 'example_python_operator' retrieved from /home/airflow/.local/lib/python3.8/site-packages/airflow/example_dags/example_python_operator.py
[2024-05-28T18:49:59.910+0000] {logging_mixin.py:188} INFO - [2024-05-28T18:49:59.910+0000] {dag.py:3096} INFO - Sync 1 DAGs
[2024-05-28T18:49:59.922+0000] {logging_mixin.py:188} INFO - [2024-05-28T18:49:59.921+0000] {dag.py:3954} INFO - Setting next_dagrun for example_python_operator to None, run_after=None
[2024-05-28T18:49:59.941+0000] {processor.py:183} INFO - Processing /home/airflow/.local/lib/python3.8/site-packages/airflow/example_dags/example_python_operator.py took 0.077 seconds
[2024-05-28T18:50:30.298+0000] {processor.py:161} INFO - Started process (PID=3119) to work on /home/airflow/.local/lib/python3.8/site-packages/airflow/example_dags/example_python_operator.py
[2024-05-28T18:50:30.300+0000] {processor.py:830} INFO - Processing file /home/airflow/.local/lib/python3.8/site-packages/airflow/example_dags/example_python_operator.py for tasks to queue
[2024-05-28T18:50:30.301+0000] {logging_mixin.py:188} INFO - [2024-05-28T18:50:30.301+0000] {dagbag.py:545} INFO - Filling up the DagBag from /home/airflow/.local/lib/python3.8/site-packages/airflow/example_dags/example_python_operator.py
[2024-05-28T18:50:30.313+0000] {processor.py:840} INFO - DAG(s) 'example_python_operator' retrieved from /home/airflow/.local/lib/python3.8/site-packages/airflow/example_dags/example_python_operator.py
[2024-05-28T18:50:30.338+0000] {logging_mixin.py:188} INFO - [2024-05-28T18:50:30.338+0000] {dag.py:3096} INFO - Sync 1 DAGs
[2024-05-28T18:50:30.350+0000] {logging_mixin.py:188} INFO - [2024-05-28T18:50:30.350+0000] {dag.py:3954} INFO - Setting next_dagrun for example_python_operator to None, run_after=None
[2024-05-28T18:50:30.370+0000] {processor.py:183} INFO - Processing /home/airflow/.local/lib/python3.8/site-packages/airflow/example_dags/example_python_operator.py took 0.078 seconds
[2024-05-28T18:51:00.470+0000] {processor.py:161} INFO - Started process (PID=3191) to work on /home/airflow/.local/lib/python3.8/site-packages/airflow/example_dags/example_python_operator.py
[2024-05-28T18:51:00.471+0000] {processor.py:830} INFO - Processing file /home/airflow/.local/lib/python3.8/site-packages/airflow/example_dags/example_python_operator.py for tasks to queue
[2024-05-28T18:51:00.473+0000] {logging_mixin.py:188} INFO - [2024-05-28T18:51:00.473+0000] {dagbag.py:545} INFO - Filling up the DagBag from /home/airflow/.local/lib/python3.8/site-packages/airflow/example_dags/example_python_operator.py
[2024-05-28T18:51:00.484+0000] {processor.py:840} INFO - DAG(s) 'example_python_operator' retrieved from /home/airflow/.local/lib/python3.8/site-packages/airflow/example_dags/example_python_operator.py
[2024-05-28T18:51:00.508+0000] {logging_mixin.py:188} INFO - [2024-05-28T18:51:00.508+0000] {dag.py:3096} INFO - Sync 1 DAGs
[2024-05-28T18:51:00.522+0000] {logging_mixin.py:188} INFO - [2024-05-28T18:51:00.521+0000] {dag.py:3954} INFO - Setting next_dagrun for example_python_operator to None, run_after=None
[2024-05-28T18:51:00.542+0000] {processor.py:183} INFO - Processing /home/airflow/.local/lib/python3.8/site-packages/airflow/example_dags/example_python_operator.py took 0.078 seconds
