[2024-05-28T18:29:19.258+0000] {processor.py:161} INFO - Started process (PID=93) to work on /home/airflow/.local/lib/python3.8/site-packages/airflow/example_dags/example_sensor_decorator.py
[2024-05-28T18:29:19.261+0000] {processor.py:830} INFO - Processing file /home/airflow/.local/lib/python3.8/site-packages/airflow/example_dags/example_sensor_decorator.py for tasks to queue
[2024-05-28T18:29:19.265+0000] {logging_mixin.py:188} INFO - [2024-05-28T18:29:19.264+0000] {dagbag.py:545} INFO - Filling up the DagBag from /home/airflow/.local/lib/python3.8/site-packages/airflow/example_dags/example_sensor_decorator.py
[2024-05-28T18:29:19.276+0000] {processor.py:840} INFO - DAG(s) 'example_sensor_decorator' retrieved from /home/airflow/.local/lib/python3.8/site-packages/airflow/example_dags/example_sensor_decorator.py
[2024-05-28T18:29:19.461+0000] {logging_mixin.py:188} INFO - [2024-05-28T18:29:19.461+0000] {dag.py:3096} INFO - Sync 1 DAGs
[2024-05-28T18:29:19.482+0000] {logging_mixin.py:188} INFO - [2024-05-28T18:29:19.481+0000] {dag.py:3954} INFO - Setting next_dagrun for example_sensor_decorator to None, run_after=None
[2024-05-28T18:29:19.512+0000] {processor.py:183} INFO - Processing /home/airflow/.local/lib/python3.8/site-packages/airflow/example_dags/example_sensor_decorator.py took 0.263 seconds
[2024-05-28T18:29:50.411+0000] {processor.py:161} INFO - Started process (PID=163) to work on /home/airflow/.local/lib/python3.8/site-packages/airflow/example_dags/example_sensor_decorator.py
[2024-05-28T18:29:50.412+0000] {processor.py:830} INFO - Processing file /home/airflow/.local/lib/python3.8/site-packages/airflow/example_dags/example_sensor_decorator.py for tasks to queue
[2024-05-28T18:29:50.415+0000] {logging_mixin.py:188} INFO - [2024-05-28T18:29:50.415+0000] {dagbag.py:545} INFO - Filling up the DagBag from /home/airflow/.local/lib/python3.8/site-packages/airflow/example_dags/example_sensor_decorator.py
[2024-05-28T18:29:50.423+0000] {processor.py:840} INFO - DAG(s) 'example_sensor_decorator' retrieved from /home/airflow/.local/lib/python3.8/site-packages/airflow/example_dags/example_sensor_decorator.py
[2024-05-28T18:29:50.446+0000] {logging_mixin.py:188} INFO - [2024-05-28T18:29:50.446+0000] {dag.py:3096} INFO - Sync 1 DAGs
[2024-05-28T18:29:50.463+0000] {logging_mixin.py:188} INFO - [2024-05-28T18:29:50.462+0000] {dag.py:3954} INFO - Setting next_dagrun for example_sensor_decorator to None, run_after=None
[2024-05-28T18:29:50.485+0000] {processor.py:183} INFO - Processing /home/airflow/.local/lib/python3.8/site-packages/airflow/example_dags/example_sensor_decorator.py took 0.081 seconds
[2024-05-28T18:30:20.851+0000] {processor.py:161} INFO - Started process (PID=234) to work on /home/airflow/.local/lib/python3.8/site-packages/airflow/example_dags/example_sensor_decorator.py
[2024-05-28T18:30:20.853+0000] {processor.py:830} INFO - Processing file /home/airflow/.local/lib/python3.8/site-packages/airflow/example_dags/example_sensor_decorator.py for tasks to queue
[2024-05-28T18:30:20.855+0000] {logging_mixin.py:188} INFO - [2024-05-28T18:30:20.854+0000] {dagbag.py:545} INFO - Filling up the DagBag from /home/airflow/.local/lib/python3.8/site-packages/airflow/example_dags/example_sensor_decorator.py
[2024-05-28T18:30:20.861+0000] {processor.py:840} INFO - DAG(s) 'example_sensor_decorator' retrieved from /home/airflow/.local/lib/python3.8/site-packages/airflow/example_dags/example_sensor_decorator.py
[2024-05-28T18:30:20.883+0000] {logging_mixin.py:188} INFO - [2024-05-28T18:30:20.882+0000] {dag.py:3096} INFO - Sync 1 DAGs
[2024-05-28T18:30:20.894+0000] {logging_mixin.py:188} INFO - [2024-05-28T18:30:20.894+0000] {dag.py:3954} INFO - Setting next_dagrun for example_sensor_decorator to None, run_after=None
[2024-05-28T18:30:20.915+0000] {processor.py:183} INFO - Processing /home/airflow/.local/lib/python3.8/site-packages/airflow/example_dags/example_sensor_decorator.py took 0.070 seconds
[2024-05-28T18:30:51.434+0000] {processor.py:161} INFO - Started process (PID=304) to work on /home/airflow/.local/lib/python3.8/site-packages/airflow/example_dags/example_sensor_decorator.py
[2024-05-28T18:30:51.435+0000] {processor.py:830} INFO - Processing file /home/airflow/.local/lib/python3.8/site-packages/airflow/example_dags/example_sensor_decorator.py for tasks to queue
[2024-05-28T18:30:51.437+0000] {logging_mixin.py:188} INFO - [2024-05-28T18:30:51.437+0000] {dagbag.py:545} INFO - Filling up the DagBag from /home/airflow/.local/lib/python3.8/site-packages/airflow/example_dags/example_sensor_decorator.py
[2024-05-28T18:30:51.443+0000] {processor.py:840} INFO - DAG(s) 'example_sensor_decorator' retrieved from /home/airflow/.local/lib/python3.8/site-packages/airflow/example_dags/example_sensor_decorator.py
[2024-05-28T18:30:51.464+0000] {logging_mixin.py:188} INFO - [2024-05-28T18:30:51.464+0000] {dag.py:3096} INFO - Sync 1 DAGs
[2024-05-28T18:30:51.477+0000] {logging_mixin.py:188} INFO - [2024-05-28T18:30:51.476+0000] {dag.py:3954} INFO - Setting next_dagrun for example_sensor_decorator to None, run_after=None
[2024-05-28T18:30:51.498+0000] {processor.py:183} INFO - Processing /home/airflow/.local/lib/python3.8/site-packages/airflow/example_dags/example_sensor_decorator.py took 0.070 seconds
[2024-05-28T18:31:21.595+0000] {processor.py:161} INFO - Started process (PID=382) to work on /home/airflow/.local/lib/python3.8/site-packages/airflow/example_dags/example_sensor_decorator.py
[2024-05-28T18:31:21.596+0000] {processor.py:830} INFO - Processing file /home/airflow/.local/lib/python3.8/site-packages/airflow/example_dags/example_sensor_decorator.py for tasks to queue
[2024-05-28T18:31:21.601+0000] {logging_mixin.py:188} INFO - [2024-05-28T18:31:21.601+0000] {dagbag.py:545} INFO - Filling up the DagBag from /home/airflow/.local/lib/python3.8/site-packages/airflow/example_dags/example_sensor_decorator.py
[2024-05-28T18:31:21.613+0000] {processor.py:840} INFO - DAG(s) 'example_sensor_decorator' retrieved from /home/airflow/.local/lib/python3.8/site-packages/airflow/example_dags/example_sensor_decorator.py
[2024-05-28T18:31:21.638+0000] {logging_mixin.py:188} INFO - [2024-05-28T18:31:21.638+0000] {dag.py:3096} INFO - Sync 1 DAGs
[2024-05-28T18:31:21.653+0000] {logging_mixin.py:188} INFO - [2024-05-28T18:31:21.653+0000] {dag.py:3954} INFO - Setting next_dagrun for example_sensor_decorator to None, run_after=None
[2024-05-28T18:31:21.677+0000] {processor.py:183} INFO - Processing /home/airflow/.local/lib/python3.8/site-packages/airflow/example_dags/example_sensor_decorator.py took 0.095 seconds
[2024-05-28T18:31:52.194+0000] {processor.py:161} INFO - Started process (PID=451) to work on /home/airflow/.local/lib/python3.8/site-packages/airflow/example_dags/example_sensor_decorator.py
[2024-05-28T18:31:52.195+0000] {processor.py:830} INFO - Processing file /home/airflow/.local/lib/python3.8/site-packages/airflow/example_dags/example_sensor_decorator.py for tasks to queue
[2024-05-28T18:31:52.197+0000] {logging_mixin.py:188} INFO - [2024-05-28T18:31:52.197+0000] {dagbag.py:545} INFO - Filling up the DagBag from /home/airflow/.local/lib/python3.8/site-packages/airflow/example_dags/example_sensor_decorator.py
[2024-05-28T18:31:52.204+0000] {processor.py:840} INFO - DAG(s) 'example_sensor_decorator' retrieved from /home/airflow/.local/lib/python3.8/site-packages/airflow/example_dags/example_sensor_decorator.py
[2024-05-28T18:31:52.228+0000] {logging_mixin.py:188} INFO - [2024-05-28T18:31:52.228+0000] {dag.py:3096} INFO - Sync 1 DAGs
[2024-05-28T18:31:52.242+0000] {logging_mixin.py:188} INFO - [2024-05-28T18:31:52.242+0000] {dag.py:3954} INFO - Setting next_dagrun for example_sensor_decorator to None, run_after=None
[2024-05-28T18:31:52.265+0000] {processor.py:183} INFO - Processing /home/airflow/.local/lib/python3.8/site-packages/airflow/example_dags/example_sensor_decorator.py took 0.076 seconds
[2024-05-28T18:32:22.589+0000] {processor.py:161} INFO - Started process (PID=521) to work on /home/airflow/.local/lib/python3.8/site-packages/airflow/example_dags/example_sensor_decorator.py
[2024-05-28T18:32:22.591+0000] {processor.py:830} INFO - Processing file /home/airflow/.local/lib/python3.8/site-packages/airflow/example_dags/example_sensor_decorator.py for tasks to queue
[2024-05-28T18:32:22.593+0000] {logging_mixin.py:188} INFO - [2024-05-28T18:32:22.593+0000] {dagbag.py:545} INFO - Filling up the DagBag from /home/airflow/.local/lib/python3.8/site-packages/airflow/example_dags/example_sensor_decorator.py
[2024-05-28T18:32:22.599+0000] {processor.py:840} INFO - DAG(s) 'example_sensor_decorator' retrieved from /home/airflow/.local/lib/python3.8/site-packages/airflow/example_dags/example_sensor_decorator.py
[2024-05-28T18:32:22.622+0000] {logging_mixin.py:188} INFO - [2024-05-28T18:32:22.622+0000] {dag.py:3096} INFO - Sync 1 DAGs
[2024-05-28T18:32:22.634+0000] {logging_mixin.py:188} INFO - [2024-05-28T18:32:22.634+0000] {dag.py:3954} INFO - Setting next_dagrun for example_sensor_decorator to None, run_after=None
[2024-05-28T18:32:22.656+0000] {processor.py:183} INFO - Processing /home/airflow/.local/lib/python3.8/site-packages/airflow/example_dags/example_sensor_decorator.py took 0.075 seconds
[2024-05-28T18:32:52.783+0000] {processor.py:161} INFO - Started process (PID=591) to work on /home/airflow/.local/lib/python3.8/site-packages/airflow/example_dags/example_sensor_decorator.py
[2024-05-28T18:32:52.785+0000] {processor.py:830} INFO - Processing file /home/airflow/.local/lib/python3.8/site-packages/airflow/example_dags/example_sensor_decorator.py for tasks to queue
[2024-05-28T18:32:52.786+0000] {logging_mixin.py:188} INFO - [2024-05-28T18:32:52.786+0000] {dagbag.py:545} INFO - Filling up the DagBag from /home/airflow/.local/lib/python3.8/site-packages/airflow/example_dags/example_sensor_decorator.py
[2024-05-28T18:32:52.795+0000] {processor.py:840} INFO - DAG(s) 'example_sensor_decorator' retrieved from /home/airflow/.local/lib/python3.8/site-packages/airflow/example_dags/example_sensor_decorator.py
[2024-05-28T18:32:52.826+0000] {logging_mixin.py:188} INFO - [2024-05-28T18:32:52.825+0000] {dag.py:3096} INFO - Sync 1 DAGs
[2024-05-28T18:32:52.842+0000] {logging_mixin.py:188} INFO - [2024-05-28T18:32:52.841+0000] {dag.py:3954} INFO - Setting next_dagrun for example_sensor_decorator to None, run_after=None
[2024-05-28T18:32:52.898+0000] {processor.py:183} INFO - Processing /home/airflow/.local/lib/python3.8/site-packages/airflow/example_dags/example_sensor_decorator.py took 0.122 seconds
[2024-05-28T18:33:23.365+0000] {processor.py:161} INFO - Started process (PID=668) to work on /home/airflow/.local/lib/python3.8/site-packages/airflow/example_dags/example_sensor_decorator.py
[2024-05-28T18:33:23.366+0000] {processor.py:830} INFO - Processing file /home/airflow/.local/lib/python3.8/site-packages/airflow/example_dags/example_sensor_decorator.py for tasks to queue
[2024-05-28T18:33:23.368+0000] {logging_mixin.py:188} INFO - [2024-05-28T18:33:23.368+0000] {dagbag.py:545} INFO - Filling up the DagBag from /home/airflow/.local/lib/python3.8/site-packages/airflow/example_dags/example_sensor_decorator.py
[2024-05-28T18:33:23.375+0000] {processor.py:840} INFO - DAG(s) 'example_sensor_decorator' retrieved from /home/airflow/.local/lib/python3.8/site-packages/airflow/example_dags/example_sensor_decorator.py
[2024-05-28T18:33:23.398+0000] {logging_mixin.py:188} INFO - [2024-05-28T18:33:23.398+0000] {dag.py:3096} INFO - Sync 1 DAGs
[2024-05-28T18:33:23.416+0000] {logging_mixin.py:188} INFO - [2024-05-28T18:33:23.416+0000] {dag.py:3954} INFO - Setting next_dagrun for example_sensor_decorator to None, run_after=None
[2024-05-28T18:33:23.437+0000] {processor.py:183} INFO - Processing /home/airflow/.local/lib/python3.8/site-packages/airflow/example_dags/example_sensor_decorator.py took 0.079 seconds
[2024-05-28T18:33:53.863+0000] {processor.py:161} INFO - Started process (PID=738) to work on /home/airflow/.local/lib/python3.8/site-packages/airflow/example_dags/example_sensor_decorator.py
[2024-05-28T18:33:53.865+0000] {processor.py:830} INFO - Processing file /home/airflow/.local/lib/python3.8/site-packages/airflow/example_dags/example_sensor_decorator.py for tasks to queue
[2024-05-28T18:33:53.868+0000] {logging_mixin.py:188} INFO - [2024-05-28T18:33:53.867+0000] {dagbag.py:545} INFO - Filling up the DagBag from /home/airflow/.local/lib/python3.8/site-packages/airflow/example_dags/example_sensor_decorator.py
[2024-05-28T18:33:53.883+0000] {processor.py:840} INFO - DAG(s) 'example_sensor_decorator' retrieved from /home/airflow/.local/lib/python3.8/site-packages/airflow/example_dags/example_sensor_decorator.py
[2024-05-28T18:33:53.927+0000] {logging_mixin.py:188} INFO - [2024-05-28T18:33:53.926+0000] {dag.py:3096} INFO - Sync 1 DAGs
[2024-05-28T18:33:53.959+0000] {logging_mixin.py:188} INFO - [2024-05-28T18:33:53.959+0000] {dag.py:3954} INFO - Setting next_dagrun for example_sensor_decorator to None, run_after=None
[2024-05-28T18:33:54.003+0000] {processor.py:183} INFO - Processing /home/airflow/.local/lib/python3.8/site-packages/airflow/example_dags/example_sensor_decorator.py took 0.150 seconds
[2024-05-28T18:34:24.957+0000] {processor.py:161} INFO - Started process (PID=815) to work on /home/airflow/.local/lib/python3.8/site-packages/airflow/example_dags/example_sensor_decorator.py
[2024-05-28T18:34:24.958+0000] {processor.py:830} INFO - Processing file /home/airflow/.local/lib/python3.8/site-packages/airflow/example_dags/example_sensor_decorator.py for tasks to queue
[2024-05-28T18:34:24.960+0000] {logging_mixin.py:188} INFO - [2024-05-28T18:34:24.960+0000] {dagbag.py:545} INFO - Filling up the DagBag from /home/airflow/.local/lib/python3.8/site-packages/airflow/example_dags/example_sensor_decorator.py
[2024-05-28T18:34:24.967+0000] {processor.py:840} INFO - DAG(s) 'example_sensor_decorator' retrieved from /home/airflow/.local/lib/python3.8/site-packages/airflow/example_dags/example_sensor_decorator.py
[2024-05-28T18:34:24.988+0000] {logging_mixin.py:188} INFO - [2024-05-28T18:34:24.987+0000] {dag.py:3096} INFO - Sync 1 DAGs
[2024-05-28T18:34:25.004+0000] {logging_mixin.py:188} INFO - [2024-05-28T18:34:25.004+0000] {dag.py:3954} INFO - Setting next_dagrun for example_sensor_decorator to None, run_after=None
[2024-05-28T18:34:25.026+0000] {processor.py:183} INFO - Processing /home/airflow/.local/lib/python3.8/site-packages/airflow/example_dags/example_sensor_decorator.py took 0.075 seconds
[2024-05-28T18:34:55.739+0000] {processor.py:161} INFO - Started process (PID=886) to work on /home/airflow/.local/lib/python3.8/site-packages/airflow/example_dags/example_sensor_decorator.py
[2024-05-28T18:34:55.740+0000] {processor.py:830} INFO - Processing file /home/airflow/.local/lib/python3.8/site-packages/airflow/example_dags/example_sensor_decorator.py for tasks to queue
[2024-05-28T18:34:55.742+0000] {logging_mixin.py:188} INFO - [2024-05-28T18:34:55.742+0000] {dagbag.py:545} INFO - Filling up the DagBag from /home/airflow/.local/lib/python3.8/site-packages/airflow/example_dags/example_sensor_decorator.py
[2024-05-28T18:34:55.748+0000] {processor.py:840} INFO - DAG(s) 'example_sensor_decorator' retrieved from /home/airflow/.local/lib/python3.8/site-packages/airflow/example_dags/example_sensor_decorator.py
[2024-05-28T18:34:55.774+0000] {logging_mixin.py:188} INFO - [2024-05-28T18:34:55.774+0000] {dag.py:3096} INFO - Sync 1 DAGs
[2024-05-28T18:34:55.790+0000] {logging_mixin.py:188} INFO - [2024-05-28T18:34:55.789+0000] {dag.py:3954} INFO - Setting next_dagrun for example_sensor_decorator to None, run_after=None
[2024-05-28T18:34:55.816+0000] {processor.py:183} INFO - Processing /home/airflow/.local/lib/python3.8/site-packages/airflow/example_dags/example_sensor_decorator.py took 0.083 seconds
[2024-05-28T18:35:26.717+0000] {processor.py:161} INFO - Started process (PID=956) to work on /home/airflow/.local/lib/python3.8/site-packages/airflow/example_dags/example_sensor_decorator.py
[2024-05-28T18:35:26.719+0000] {processor.py:830} INFO - Processing file /home/airflow/.local/lib/python3.8/site-packages/airflow/example_dags/example_sensor_decorator.py for tasks to queue
[2024-05-28T18:35:26.724+0000] {logging_mixin.py:188} INFO - [2024-05-28T18:35:26.723+0000] {dagbag.py:545} INFO - Filling up the DagBag from /home/airflow/.local/lib/python3.8/site-packages/airflow/example_dags/example_sensor_decorator.py
[2024-05-28T18:35:26.733+0000] {processor.py:840} INFO - DAG(s) 'example_sensor_decorator' retrieved from /home/airflow/.local/lib/python3.8/site-packages/airflow/example_dags/example_sensor_decorator.py
[2024-05-28T18:35:26.760+0000] {logging_mixin.py:188} INFO - [2024-05-28T18:35:26.759+0000] {dag.py:3096} INFO - Sync 1 DAGs
[2024-05-28T18:35:26.777+0000] {logging_mixin.py:188} INFO - [2024-05-28T18:35:26.777+0000] {dag.py:3954} INFO - Setting next_dagrun for example_sensor_decorator to None, run_after=None
[2024-05-28T18:35:26.803+0000] {processor.py:183} INFO - Processing /home/airflow/.local/lib/python3.8/site-packages/airflow/example_dags/example_sensor_decorator.py took 0.095 seconds
[2024-05-28T18:35:56.916+0000] {processor.py:161} INFO - Started process (PID=1034) to work on /home/airflow/.local/lib/python3.8/site-packages/airflow/example_dags/example_sensor_decorator.py
[2024-05-28T18:35:56.917+0000] {processor.py:830} INFO - Processing file /home/airflow/.local/lib/python3.8/site-packages/airflow/example_dags/example_sensor_decorator.py for tasks to queue
[2024-05-28T18:35:56.920+0000] {logging_mixin.py:188} INFO - [2024-05-28T18:35:56.919+0000] {dagbag.py:545} INFO - Filling up the DagBag from /home/airflow/.local/lib/python3.8/site-packages/airflow/example_dags/example_sensor_decorator.py
[2024-05-28T18:35:56.930+0000] {processor.py:840} INFO - DAG(s) 'example_sensor_decorator' retrieved from /home/airflow/.local/lib/python3.8/site-packages/airflow/example_dags/example_sensor_decorator.py
[2024-05-28T18:35:56.955+0000] {logging_mixin.py:188} INFO - [2024-05-28T18:35:56.955+0000] {dag.py:3096} INFO - Sync 1 DAGs
[2024-05-28T18:35:56.972+0000] {logging_mixin.py:188} INFO - [2024-05-28T18:35:56.972+0000] {dag.py:3954} INFO - Setting next_dagrun for example_sensor_decorator to None, run_after=None
[2024-05-28T18:35:56.997+0000] {processor.py:183} INFO - Processing /home/airflow/.local/lib/python3.8/site-packages/airflow/example_dags/example_sensor_decorator.py took 0.091 seconds
[2024-05-28T18:36:27.662+0000] {processor.py:161} INFO - Started process (PID=1104) to work on /home/airflow/.local/lib/python3.8/site-packages/airflow/example_dags/example_sensor_decorator.py
[2024-05-28T18:36:27.663+0000] {processor.py:830} INFO - Processing file /home/airflow/.local/lib/python3.8/site-packages/airflow/example_dags/example_sensor_decorator.py for tasks to queue
[2024-05-28T18:36:27.665+0000] {logging_mixin.py:188} INFO - [2024-05-28T18:36:27.665+0000] {dagbag.py:545} INFO - Filling up the DagBag from /home/airflow/.local/lib/python3.8/site-packages/airflow/example_dags/example_sensor_decorator.py
[2024-05-28T18:36:27.673+0000] {processor.py:840} INFO - DAG(s) 'example_sensor_decorator' retrieved from /home/airflow/.local/lib/python3.8/site-packages/airflow/example_dags/example_sensor_decorator.py
[2024-05-28T18:36:27.695+0000] {logging_mixin.py:188} INFO - [2024-05-28T18:36:27.694+0000] {dag.py:3096} INFO - Sync 1 DAGs
[2024-05-28T18:36:27.708+0000] {logging_mixin.py:188} INFO - [2024-05-28T18:36:27.708+0000] {dag.py:3954} INFO - Setting next_dagrun for example_sensor_decorator to None, run_after=None
[2024-05-28T18:36:27.730+0000] {processor.py:183} INFO - Processing /home/airflow/.local/lib/python3.8/site-packages/airflow/example_dags/example_sensor_decorator.py took 0.077 seconds
[2024-05-28T18:36:57.875+0000] {processor.py:161} INFO - Started process (PID=1174) to work on /home/airflow/.local/lib/python3.8/site-packages/airflow/example_dags/example_sensor_decorator.py
[2024-05-28T18:36:57.878+0000] {processor.py:830} INFO - Processing file /home/airflow/.local/lib/python3.8/site-packages/airflow/example_dags/example_sensor_decorator.py for tasks to queue
[2024-05-28T18:36:57.881+0000] {logging_mixin.py:188} INFO - [2024-05-28T18:36:57.880+0000] {dagbag.py:545} INFO - Filling up the DagBag from /home/airflow/.local/lib/python3.8/site-packages/airflow/example_dags/example_sensor_decorator.py
[2024-05-28T18:36:57.888+0000] {processor.py:840} INFO - DAG(s) 'example_sensor_decorator' retrieved from /home/airflow/.local/lib/python3.8/site-packages/airflow/example_dags/example_sensor_decorator.py
[2024-05-28T18:36:57.912+0000] {logging_mixin.py:188} INFO - [2024-05-28T18:36:57.912+0000] {dag.py:3096} INFO - Sync 1 DAGs
[2024-05-28T18:36:57.924+0000] {logging_mixin.py:188} INFO - [2024-05-28T18:36:57.924+0000] {dag.py:3954} INFO - Setting next_dagrun for example_sensor_decorator to None, run_after=None
[2024-05-28T18:36:57.945+0000] {processor.py:183} INFO - Processing /home/airflow/.local/lib/python3.8/site-packages/airflow/example_dags/example_sensor_decorator.py took 0.078 seconds
[2024-05-28T18:37:28.823+0000] {processor.py:161} INFO - Started process (PID=1252) to work on /home/airflow/.local/lib/python3.8/site-packages/airflow/example_dags/example_sensor_decorator.py
[2024-05-28T18:37:28.824+0000] {processor.py:830} INFO - Processing file /home/airflow/.local/lib/python3.8/site-packages/airflow/example_dags/example_sensor_decorator.py for tasks to queue
[2024-05-28T18:37:28.826+0000] {logging_mixin.py:188} INFO - [2024-05-28T18:37:28.826+0000] {dagbag.py:545} INFO - Filling up the DagBag from /home/airflow/.local/lib/python3.8/site-packages/airflow/example_dags/example_sensor_decorator.py
[2024-05-28T18:37:28.832+0000] {processor.py:840} INFO - DAG(s) 'example_sensor_decorator' retrieved from /home/airflow/.local/lib/python3.8/site-packages/airflow/example_dags/example_sensor_decorator.py
[2024-05-28T18:37:28.858+0000] {logging_mixin.py:188} INFO - [2024-05-28T18:37:28.858+0000] {dag.py:3096} INFO - Sync 1 DAGs
[2024-05-28T18:37:28.875+0000] {logging_mixin.py:188} INFO - [2024-05-28T18:37:28.874+0000] {dag.py:3954} INFO - Setting next_dagrun for example_sensor_decorator to None, run_after=None
[2024-05-28T18:37:28.897+0000] {processor.py:183} INFO - Processing /home/airflow/.local/lib/python3.8/site-packages/airflow/example_dags/example_sensor_decorator.py took 0.080 seconds
[2024-05-28T18:37:59.217+0000] {processor.py:161} INFO - Started process (PID=1323) to work on /home/airflow/.local/lib/python3.8/site-packages/airflow/example_dags/example_sensor_decorator.py
[2024-05-28T18:37:59.218+0000] {processor.py:830} INFO - Processing file /home/airflow/.local/lib/python3.8/site-packages/airflow/example_dags/example_sensor_decorator.py for tasks to queue
[2024-05-28T18:37:59.219+0000] {logging_mixin.py:188} INFO - [2024-05-28T18:37:59.219+0000] {dagbag.py:545} INFO - Filling up the DagBag from /home/airflow/.local/lib/python3.8/site-packages/airflow/example_dags/example_sensor_decorator.py
[2024-05-28T18:37:59.225+0000] {processor.py:840} INFO - DAG(s) 'example_sensor_decorator' retrieved from /home/airflow/.local/lib/python3.8/site-packages/airflow/example_dags/example_sensor_decorator.py
[2024-05-28T18:37:59.249+0000] {logging_mixin.py:188} INFO - [2024-05-28T18:37:59.248+0000] {dag.py:3096} INFO - Sync 1 DAGs
[2024-05-28T18:37:59.260+0000] {logging_mixin.py:188} INFO - [2024-05-28T18:37:59.260+0000] {dag.py:3954} INFO - Setting next_dagrun for example_sensor_decorator to None, run_after=None
[2024-05-28T18:37:59.281+0000] {processor.py:183} INFO - Processing /home/airflow/.local/lib/python3.8/site-packages/airflow/example_dags/example_sensor_decorator.py took 0.071 seconds
[2024-05-28T18:38:30.138+0000] {processor.py:161} INFO - Started process (PID=1400) to work on /home/airflow/.local/lib/python3.8/site-packages/airflow/example_dags/example_sensor_decorator.py
[2024-05-28T18:38:30.142+0000] {processor.py:830} INFO - Processing file /home/airflow/.local/lib/python3.8/site-packages/airflow/example_dags/example_sensor_decorator.py for tasks to queue
[2024-05-28T18:38:30.154+0000] {logging_mixin.py:188} INFO - [2024-05-28T18:38:30.154+0000] {dagbag.py:545} INFO - Filling up the DagBag from /home/airflow/.local/lib/python3.8/site-packages/airflow/example_dags/example_sensor_decorator.py
[2024-05-28T18:38:30.186+0000] {processor.py:840} INFO - DAG(s) 'example_sensor_decorator' retrieved from /home/airflow/.local/lib/python3.8/site-packages/airflow/example_dags/example_sensor_decorator.py
[2024-05-28T18:38:30.278+0000] {logging_mixin.py:188} INFO - [2024-05-28T18:38:30.277+0000] {dag.py:3096} INFO - Sync 1 DAGs
[2024-05-28T18:38:30.325+0000] {logging_mixin.py:188} INFO - [2024-05-28T18:38:30.325+0000] {dag.py:3954} INFO - Setting next_dagrun for example_sensor_decorator to None, run_after=None
[2024-05-28T18:38:30.421+0000] {processor.py:183} INFO - Processing /home/airflow/.local/lib/python3.8/site-packages/airflow/example_dags/example_sensor_decorator.py took 0.307 seconds
[2024-05-28T18:39:00.652+0000] {processor.py:161} INFO - Started process (PID=1471) to work on /home/airflow/.local/lib/python3.8/site-packages/airflow/example_dags/example_sensor_decorator.py
[2024-05-28T18:39:00.653+0000] {processor.py:830} INFO - Processing file /home/airflow/.local/lib/python3.8/site-packages/airflow/example_dags/example_sensor_decorator.py for tasks to queue
[2024-05-28T18:39:00.655+0000] {logging_mixin.py:188} INFO - [2024-05-28T18:39:00.655+0000] {dagbag.py:545} INFO - Filling up the DagBag from /home/airflow/.local/lib/python3.8/site-packages/airflow/example_dags/example_sensor_decorator.py
[2024-05-28T18:39:00.661+0000] {processor.py:840} INFO - DAG(s) 'example_sensor_decorator' retrieved from /home/airflow/.local/lib/python3.8/site-packages/airflow/example_dags/example_sensor_decorator.py
[2024-05-28T18:39:00.684+0000] {logging_mixin.py:188} INFO - [2024-05-28T18:39:00.684+0000] {dag.py:3096} INFO - Sync 1 DAGs
[2024-05-28T18:39:00.696+0000] {logging_mixin.py:188} INFO - [2024-05-28T18:39:00.696+0000] {dag.py:3954} INFO - Setting next_dagrun for example_sensor_decorator to None, run_after=None
[2024-05-28T18:39:00.716+0000] {processor.py:183} INFO - Processing /home/airflow/.local/lib/python3.8/site-packages/airflow/example_dags/example_sensor_decorator.py took 0.070 seconds
[2024-05-28T18:39:31.096+0000] {processor.py:161} INFO - Started process (PID=1541) to work on /home/airflow/.local/lib/python3.8/site-packages/airflow/example_dags/example_sensor_decorator.py
[2024-05-28T18:39:31.098+0000] {processor.py:830} INFO - Processing file /home/airflow/.local/lib/python3.8/site-packages/airflow/example_dags/example_sensor_decorator.py for tasks to queue
[2024-05-28T18:39:31.101+0000] {logging_mixin.py:188} INFO - [2024-05-28T18:39:31.100+0000] {dagbag.py:545} INFO - Filling up the DagBag from /home/airflow/.local/lib/python3.8/site-packages/airflow/example_dags/example_sensor_decorator.py
[2024-05-28T18:39:31.107+0000] {processor.py:840} INFO - DAG(s) 'example_sensor_decorator' retrieved from /home/airflow/.local/lib/python3.8/site-packages/airflow/example_dags/example_sensor_decorator.py
[2024-05-28T18:39:31.129+0000] {logging_mixin.py:188} INFO - [2024-05-28T18:39:31.129+0000] {dag.py:3096} INFO - Sync 1 DAGs
[2024-05-28T18:39:31.141+0000] {logging_mixin.py:188} INFO - [2024-05-28T18:39:31.141+0000] {dag.py:3954} INFO - Setting next_dagrun for example_sensor_decorator to None, run_after=None
[2024-05-28T18:39:31.164+0000] {processor.py:183} INFO - Processing /home/airflow/.local/lib/python3.8/site-packages/airflow/example_dags/example_sensor_decorator.py took 0.074 seconds
[2024-05-28T18:40:01.604+0000] {processor.py:161} INFO - Started process (PID=1611) to work on /home/airflow/.local/lib/python3.8/site-packages/airflow/example_dags/example_sensor_decorator.py
[2024-05-28T18:40:01.605+0000] {processor.py:830} INFO - Processing file /home/airflow/.local/lib/python3.8/site-packages/airflow/example_dags/example_sensor_decorator.py for tasks to queue
[2024-05-28T18:40:01.608+0000] {logging_mixin.py:188} INFO - [2024-05-28T18:40:01.607+0000] {dagbag.py:545} INFO - Filling up the DagBag from /home/airflow/.local/lib/python3.8/site-packages/airflow/example_dags/example_sensor_decorator.py
[2024-05-28T18:40:01.616+0000] {processor.py:840} INFO - DAG(s) 'example_sensor_decorator' retrieved from /home/airflow/.local/lib/python3.8/site-packages/airflow/example_dags/example_sensor_decorator.py
[2024-05-28T18:40:01.642+0000] {logging_mixin.py:188} INFO - [2024-05-28T18:40:01.642+0000] {dag.py:3096} INFO - Sync 1 DAGs
[2024-05-28T18:40:01.657+0000] {logging_mixin.py:188} INFO - [2024-05-28T18:40:01.657+0000] {dag.py:3954} INFO - Setting next_dagrun for example_sensor_decorator to None, run_after=None
[2024-05-28T18:40:01.685+0000] {processor.py:183} INFO - Processing /home/airflow/.local/lib/python3.8/site-packages/airflow/example_dags/example_sensor_decorator.py took 0.090 seconds
[2024-05-28T18:40:32.127+0000] {processor.py:161} INFO - Started process (PID=1690) to work on /home/airflow/.local/lib/python3.8/site-packages/airflow/example_dags/example_sensor_decorator.py
[2024-05-28T18:40:32.129+0000] {processor.py:830} INFO - Processing file /home/airflow/.local/lib/python3.8/site-packages/airflow/example_dags/example_sensor_decorator.py for tasks to queue
[2024-05-28T18:40:32.131+0000] {logging_mixin.py:188} INFO - [2024-05-28T18:40:32.130+0000] {dagbag.py:545} INFO - Filling up the DagBag from /home/airflow/.local/lib/python3.8/site-packages/airflow/example_dags/example_sensor_decorator.py
[2024-05-28T18:40:32.137+0000] {processor.py:840} INFO - DAG(s) 'example_sensor_decorator' retrieved from /home/airflow/.local/lib/python3.8/site-packages/airflow/example_dags/example_sensor_decorator.py
[2024-05-28T18:40:32.156+0000] {logging_mixin.py:188} INFO - [2024-05-28T18:40:32.156+0000] {dag.py:3096} INFO - Sync 1 DAGs
[2024-05-28T18:40:32.169+0000] {logging_mixin.py:188} INFO - [2024-05-28T18:40:32.169+0000] {dag.py:3954} INFO - Setting next_dagrun for example_sensor_decorator to None, run_after=None
[2024-05-28T18:40:32.189+0000] {processor.py:183} INFO - Processing /home/airflow/.local/lib/python3.8/site-packages/airflow/example_dags/example_sensor_decorator.py took 0.068 seconds
[2024-05-28T18:41:02.552+0000] {processor.py:161} INFO - Started process (PID=1760) to work on /home/airflow/.local/lib/python3.8/site-packages/airflow/example_dags/example_sensor_decorator.py
[2024-05-28T18:41:02.557+0000] {processor.py:830} INFO - Processing file /home/airflow/.local/lib/python3.8/site-packages/airflow/example_dags/example_sensor_decorator.py for tasks to queue
[2024-05-28T18:41:02.560+0000] {logging_mixin.py:188} INFO - [2024-05-28T18:41:02.559+0000] {dagbag.py:545} INFO - Filling up the DagBag from /home/airflow/.local/lib/python3.8/site-packages/airflow/example_dags/example_sensor_decorator.py
[2024-05-28T18:41:02.567+0000] {processor.py:840} INFO - DAG(s) 'example_sensor_decorator' retrieved from /home/airflow/.local/lib/python3.8/site-packages/airflow/example_dags/example_sensor_decorator.py
[2024-05-28T18:41:02.603+0000] {logging_mixin.py:188} INFO - [2024-05-28T18:41:02.602+0000] {dag.py:3096} INFO - Sync 1 DAGs
[2024-05-28T18:41:02.618+0000] {logging_mixin.py:188} INFO - [2024-05-28T18:41:02.618+0000] {dag.py:3954} INFO - Setting next_dagrun for example_sensor_decorator to None, run_after=None
[2024-05-28T18:41:02.641+0000] {processor.py:183} INFO - Processing /home/airflow/.local/lib/python3.8/site-packages/airflow/example_dags/example_sensor_decorator.py took 0.096 seconds
[2024-05-28T18:41:32.794+0000] {processor.py:161} INFO - Started process (PID=1838) to work on /home/airflow/.local/lib/python3.8/site-packages/airflow/example_dags/example_sensor_decorator.py
[2024-05-28T18:41:32.795+0000] {processor.py:830} INFO - Processing file /home/airflow/.local/lib/python3.8/site-packages/airflow/example_dags/example_sensor_decorator.py for tasks to queue
[2024-05-28T18:41:32.798+0000] {logging_mixin.py:188} INFO - [2024-05-28T18:41:32.797+0000] {dagbag.py:545} INFO - Filling up the DagBag from /home/airflow/.local/lib/python3.8/site-packages/airflow/example_dags/example_sensor_decorator.py
[2024-05-28T18:41:32.810+0000] {processor.py:840} INFO - DAG(s) 'example_sensor_decorator' retrieved from /home/airflow/.local/lib/python3.8/site-packages/airflow/example_dags/example_sensor_decorator.py
[2024-05-28T18:41:32.836+0000] {logging_mixin.py:188} INFO - [2024-05-28T18:41:32.835+0000] {dag.py:3096} INFO - Sync 1 DAGs
[2024-05-28T18:41:32.850+0000] {logging_mixin.py:188} INFO - [2024-05-28T18:41:32.850+0000] {dag.py:3954} INFO - Setting next_dagrun for example_sensor_decorator to None, run_after=None
[2024-05-28T18:41:32.878+0000] {processor.py:183} INFO - Processing /home/airflow/.local/lib/python3.8/site-packages/airflow/example_dags/example_sensor_decorator.py took 0.095 seconds
[2024-05-28T18:42:03.182+0000] {processor.py:161} INFO - Started process (PID=1907) to work on /home/airflow/.local/lib/python3.8/site-packages/airflow/example_dags/example_sensor_decorator.py
[2024-05-28T18:42:03.183+0000] {processor.py:830} INFO - Processing file /home/airflow/.local/lib/python3.8/site-packages/airflow/example_dags/example_sensor_decorator.py for tasks to queue
[2024-05-28T18:42:03.185+0000] {logging_mixin.py:188} INFO - [2024-05-28T18:42:03.185+0000] {dagbag.py:545} INFO - Filling up the DagBag from /home/airflow/.local/lib/python3.8/site-packages/airflow/example_dags/example_sensor_decorator.py
[2024-05-28T18:42:03.191+0000] {processor.py:840} INFO - DAG(s) 'example_sensor_decorator' retrieved from /home/airflow/.local/lib/python3.8/site-packages/airflow/example_dags/example_sensor_decorator.py
[2024-05-28T18:42:03.213+0000] {logging_mixin.py:188} INFO - [2024-05-28T18:42:03.213+0000] {dag.py:3096} INFO - Sync 1 DAGs
[2024-05-28T18:42:03.225+0000] {logging_mixin.py:188} INFO - [2024-05-28T18:42:03.225+0000] {dag.py:3954} INFO - Setting next_dagrun for example_sensor_decorator to None, run_after=None
[2024-05-28T18:42:03.247+0000] {processor.py:183} INFO - Processing /home/airflow/.local/lib/python3.8/site-packages/airflow/example_dags/example_sensor_decorator.py took 0.070 seconds
[2024-05-28T18:42:33.515+0000] {processor.py:161} INFO - Started process (PID=1984) to work on /home/airflow/.local/lib/python3.8/site-packages/airflow/example_dags/example_sensor_decorator.py
[2024-05-28T18:42:33.517+0000] {processor.py:830} INFO - Processing file /home/airflow/.local/lib/python3.8/site-packages/airflow/example_dags/example_sensor_decorator.py for tasks to queue
[2024-05-28T18:42:33.519+0000] {logging_mixin.py:188} INFO - [2024-05-28T18:42:33.518+0000] {dagbag.py:545} INFO - Filling up the DagBag from /home/airflow/.local/lib/python3.8/site-packages/airflow/example_dags/example_sensor_decorator.py
[2024-05-28T18:42:33.526+0000] {processor.py:840} INFO - DAG(s) 'example_sensor_decorator' retrieved from /home/airflow/.local/lib/python3.8/site-packages/airflow/example_dags/example_sensor_decorator.py
[2024-05-28T18:42:33.548+0000] {logging_mixin.py:188} INFO - [2024-05-28T18:42:33.547+0000] {dag.py:3096} INFO - Sync 1 DAGs
[2024-05-28T18:42:33.561+0000] {logging_mixin.py:188} INFO - [2024-05-28T18:42:33.560+0000] {dag.py:3954} INFO - Setting next_dagrun for example_sensor_decorator to None, run_after=None
[2024-05-28T18:42:33.582+0000] {processor.py:183} INFO - Processing /home/airflow/.local/lib/python3.8/site-packages/airflow/example_dags/example_sensor_decorator.py took 0.073 seconds
[2024-05-28T18:43:03.899+0000] {processor.py:161} INFO - Started process (PID=2056) to work on /home/airflow/.local/lib/python3.8/site-packages/airflow/example_dags/example_sensor_decorator.py
[2024-05-28T18:43:03.900+0000] {processor.py:830} INFO - Processing file /home/airflow/.local/lib/python3.8/site-packages/airflow/example_dags/example_sensor_decorator.py for tasks to queue
[2024-05-28T18:43:03.902+0000] {logging_mixin.py:188} INFO - [2024-05-28T18:43:03.902+0000] {dagbag.py:545} INFO - Filling up the DagBag from /home/airflow/.local/lib/python3.8/site-packages/airflow/example_dags/example_sensor_decorator.py
[2024-05-28T18:43:03.908+0000] {processor.py:840} INFO - DAG(s) 'example_sensor_decorator' retrieved from /home/airflow/.local/lib/python3.8/site-packages/airflow/example_dags/example_sensor_decorator.py
[2024-05-28T18:43:03.929+0000] {logging_mixin.py:188} INFO - [2024-05-28T18:43:03.929+0000] {dag.py:3096} INFO - Sync 1 DAGs
[2024-05-28T18:43:03.942+0000] {logging_mixin.py:188} INFO - [2024-05-28T18:43:03.942+0000] {dag.py:3954} INFO - Setting next_dagrun for example_sensor_decorator to None, run_after=None
[2024-05-28T18:43:03.963+0000] {processor.py:183} INFO - Processing /home/airflow/.local/lib/python3.8/site-packages/airflow/example_dags/example_sensor_decorator.py took 0.070 seconds
[2024-05-28T18:43:34.152+0000] {processor.py:161} INFO - Started process (PID=2126) to work on /home/airflow/.local/lib/python3.8/site-packages/airflow/example_dags/example_sensor_decorator.py
[2024-05-28T18:43:34.153+0000] {processor.py:830} INFO - Processing file /home/airflow/.local/lib/python3.8/site-packages/airflow/example_dags/example_sensor_decorator.py for tasks to queue
[2024-05-28T18:43:34.155+0000] {logging_mixin.py:188} INFO - [2024-05-28T18:43:34.155+0000] {dagbag.py:545} INFO - Filling up the DagBag from /home/airflow/.local/lib/python3.8/site-packages/airflow/example_dags/example_sensor_decorator.py
[2024-05-28T18:43:34.160+0000] {processor.py:840} INFO - DAG(s) 'example_sensor_decorator' retrieved from /home/airflow/.local/lib/python3.8/site-packages/airflow/example_dags/example_sensor_decorator.py
[2024-05-28T18:43:34.182+0000] {logging_mixin.py:188} INFO - [2024-05-28T18:43:34.181+0000] {dag.py:3096} INFO - Sync 1 DAGs
[2024-05-28T18:43:34.193+0000] {logging_mixin.py:188} INFO - [2024-05-28T18:43:34.193+0000] {dag.py:3954} INFO - Setting next_dagrun for example_sensor_decorator to None, run_after=None
[2024-05-28T18:43:34.214+0000] {processor.py:183} INFO - Processing /home/airflow/.local/lib/python3.8/site-packages/airflow/example_dags/example_sensor_decorator.py took 0.069 seconds
[2024-05-28T18:44:04.475+0000] {processor.py:161} INFO - Started process (PID=2204) to work on /home/airflow/.local/lib/python3.8/site-packages/airflow/example_dags/example_sensor_decorator.py
[2024-05-28T18:44:04.477+0000] {processor.py:830} INFO - Processing file /home/airflow/.local/lib/python3.8/site-packages/airflow/example_dags/example_sensor_decorator.py for tasks to queue
[2024-05-28T18:44:04.478+0000] {logging_mixin.py:188} INFO - [2024-05-28T18:44:04.478+0000] {dagbag.py:545} INFO - Filling up the DagBag from /home/airflow/.local/lib/python3.8/site-packages/airflow/example_dags/example_sensor_decorator.py
[2024-05-28T18:44:04.484+0000] {processor.py:840} INFO - DAG(s) 'example_sensor_decorator' retrieved from /home/airflow/.local/lib/python3.8/site-packages/airflow/example_dags/example_sensor_decorator.py
[2024-05-28T18:44:04.505+0000] {logging_mixin.py:188} INFO - [2024-05-28T18:44:04.505+0000] {dag.py:3096} INFO - Sync 1 DAGs
[2024-05-28T18:44:04.518+0000] {logging_mixin.py:188} INFO - [2024-05-28T18:44:04.517+0000] {dag.py:3954} INFO - Setting next_dagrun for example_sensor_decorator to None, run_after=None
[2024-05-28T18:44:04.538+0000] {processor.py:183} INFO - Processing /home/airflow/.local/lib/python3.8/site-packages/airflow/example_dags/example_sensor_decorator.py took 0.069 seconds
[2024-05-28T18:44:34.754+0000] {processor.py:161} INFO - Started process (PID=2275) to work on /home/airflow/.local/lib/python3.8/site-packages/airflow/example_dags/example_sensor_decorator.py
[2024-05-28T18:44:34.755+0000] {processor.py:830} INFO - Processing file /home/airflow/.local/lib/python3.8/site-packages/airflow/example_dags/example_sensor_decorator.py for tasks to queue
[2024-05-28T18:44:34.757+0000] {logging_mixin.py:188} INFO - [2024-05-28T18:44:34.757+0000] {dagbag.py:545} INFO - Filling up the DagBag from /home/airflow/.local/lib/python3.8/site-packages/airflow/example_dags/example_sensor_decorator.py
[2024-05-28T18:44:34.764+0000] {processor.py:840} INFO - DAG(s) 'example_sensor_decorator' retrieved from /home/airflow/.local/lib/python3.8/site-packages/airflow/example_dags/example_sensor_decorator.py
[2024-05-28T18:44:34.786+0000] {logging_mixin.py:188} INFO - [2024-05-28T18:44:34.785+0000] {dag.py:3096} INFO - Sync 1 DAGs
[2024-05-28T18:44:34.799+0000] {logging_mixin.py:188} INFO - [2024-05-28T18:44:34.799+0000] {dag.py:3954} INFO - Setting next_dagrun for example_sensor_decorator to None, run_after=None
[2024-05-28T18:44:34.822+0000] {processor.py:183} INFO - Processing /home/airflow/.local/lib/python3.8/site-packages/airflow/example_dags/example_sensor_decorator.py took 0.075 seconds
[2024-05-28T18:45:04.975+0000] {processor.py:161} INFO - Started process (PID=2353) to work on /home/airflow/.local/lib/python3.8/site-packages/airflow/example_dags/example_sensor_decorator.py
[2024-05-28T18:45:04.976+0000] {processor.py:830} INFO - Processing file /home/airflow/.local/lib/python3.8/site-packages/airflow/example_dags/example_sensor_decorator.py for tasks to queue
[2024-05-28T18:45:04.978+0000] {logging_mixin.py:188} INFO - [2024-05-28T18:45:04.978+0000] {dagbag.py:545} INFO - Filling up the DagBag from /home/airflow/.local/lib/python3.8/site-packages/airflow/example_dags/example_sensor_decorator.py
[2024-05-28T18:45:04.984+0000] {processor.py:840} INFO - DAG(s) 'example_sensor_decorator' retrieved from /home/airflow/.local/lib/python3.8/site-packages/airflow/example_dags/example_sensor_decorator.py
[2024-05-28T18:45:05.009+0000] {logging_mixin.py:188} INFO - [2024-05-28T18:45:05.009+0000] {dag.py:3096} INFO - Sync 1 DAGs
[2024-05-28T18:45:05.023+0000] {logging_mixin.py:188} INFO - [2024-05-28T18:45:05.023+0000] {dag.py:3954} INFO - Setting next_dagrun for example_sensor_decorator to None, run_after=None
[2024-05-28T18:45:05.048+0000] {processor.py:183} INFO - Processing /home/airflow/.local/lib/python3.8/site-packages/airflow/example_dags/example_sensor_decorator.py took 0.080 seconds
[2024-05-28T18:45:35.449+0000] {processor.py:161} INFO - Started process (PID=2423) to work on /home/airflow/.local/lib/python3.8/site-packages/airflow/example_dags/example_sensor_decorator.py
[2024-05-28T18:45:35.450+0000] {processor.py:830} INFO - Processing file /home/airflow/.local/lib/python3.8/site-packages/airflow/example_dags/example_sensor_decorator.py for tasks to queue
[2024-05-28T18:45:35.452+0000] {logging_mixin.py:188} INFO - [2024-05-28T18:45:35.451+0000] {dagbag.py:545} INFO - Filling up the DagBag from /home/airflow/.local/lib/python3.8/site-packages/airflow/example_dags/example_sensor_decorator.py
[2024-05-28T18:45:35.458+0000] {processor.py:840} INFO - DAG(s) 'example_sensor_decorator' retrieved from /home/airflow/.local/lib/python3.8/site-packages/airflow/example_dags/example_sensor_decorator.py
[2024-05-28T18:45:35.480+0000] {logging_mixin.py:188} INFO - [2024-05-28T18:45:35.480+0000] {dag.py:3096} INFO - Sync 1 DAGs
[2024-05-28T18:45:35.494+0000] {logging_mixin.py:188} INFO - [2024-05-28T18:45:35.493+0000] {dag.py:3954} INFO - Setting next_dagrun for example_sensor_decorator to None, run_after=None
[2024-05-28T18:45:35.514+0000] {processor.py:183} INFO - Processing /home/airflow/.local/lib/python3.8/site-packages/airflow/example_dags/example_sensor_decorator.py took 0.072 seconds
[2024-05-28T18:46:05.825+0000] {processor.py:161} INFO - Started process (PID=2493) to work on /home/airflow/.local/lib/python3.8/site-packages/airflow/example_dags/example_sensor_decorator.py
[2024-05-28T18:46:05.827+0000] {processor.py:830} INFO - Processing file /home/airflow/.local/lib/python3.8/site-packages/airflow/example_dags/example_sensor_decorator.py for tasks to queue
[2024-05-28T18:46:05.829+0000] {logging_mixin.py:188} INFO - [2024-05-28T18:46:05.829+0000] {dagbag.py:545} INFO - Filling up the DagBag from /home/airflow/.local/lib/python3.8/site-packages/airflow/example_dags/example_sensor_decorator.py
[2024-05-28T18:46:05.835+0000] {processor.py:840} INFO - DAG(s) 'example_sensor_decorator' retrieved from /home/airflow/.local/lib/python3.8/site-packages/airflow/example_dags/example_sensor_decorator.py
[2024-05-28T18:46:05.857+0000] {logging_mixin.py:188} INFO - [2024-05-28T18:46:05.856+0000] {dag.py:3096} INFO - Sync 1 DAGs
[2024-05-28T18:46:05.869+0000] {logging_mixin.py:188} INFO - [2024-05-28T18:46:05.868+0000] {dag.py:3954} INFO - Setting next_dagrun for example_sensor_decorator to None, run_after=None
[2024-05-28T18:46:05.891+0000] {processor.py:183} INFO - Processing /home/airflow/.local/lib/python3.8/site-packages/airflow/example_dags/example_sensor_decorator.py took 0.072 seconds
[2024-05-28T18:46:36.357+0000] {processor.py:161} INFO - Started process (PID=2571) to work on /home/airflow/.local/lib/python3.8/site-packages/airflow/example_dags/example_sensor_decorator.py
[2024-05-28T18:46:36.358+0000] {processor.py:830} INFO - Processing file /home/airflow/.local/lib/python3.8/site-packages/airflow/example_dags/example_sensor_decorator.py for tasks to queue
[2024-05-28T18:46:36.360+0000] {logging_mixin.py:188} INFO - [2024-05-28T18:46:36.360+0000] {dagbag.py:545} INFO - Filling up the DagBag from /home/airflow/.local/lib/python3.8/site-packages/airflow/example_dags/example_sensor_decorator.py
[2024-05-28T18:46:36.366+0000] {processor.py:840} INFO - DAG(s) 'example_sensor_decorator' retrieved from /home/airflow/.local/lib/python3.8/site-packages/airflow/example_dags/example_sensor_decorator.py
[2024-05-28T18:46:36.387+0000] {logging_mixin.py:188} INFO - [2024-05-28T18:46:36.387+0000] {dag.py:3096} INFO - Sync 1 DAGs
[2024-05-28T18:46:36.399+0000] {logging_mixin.py:188} INFO - [2024-05-28T18:46:36.399+0000] {dag.py:3954} INFO - Setting next_dagrun for example_sensor_decorator to None, run_after=None
[2024-05-28T18:46:36.420+0000] {processor.py:183} INFO - Processing /home/airflow/.local/lib/python3.8/site-packages/airflow/example_dags/example_sensor_decorator.py took 0.069 seconds
[2024-05-28T18:47:06.688+0000] {processor.py:161} INFO - Started process (PID=2641) to work on /home/airflow/.local/lib/python3.8/site-packages/airflow/example_dags/example_sensor_decorator.py
[2024-05-28T18:47:06.689+0000] {processor.py:830} INFO - Processing file /home/airflow/.local/lib/python3.8/site-packages/airflow/example_dags/example_sensor_decorator.py for tasks to queue
[2024-05-28T18:47:06.691+0000] {logging_mixin.py:188} INFO - [2024-05-28T18:47:06.691+0000] {dagbag.py:545} INFO - Filling up the DagBag from /home/airflow/.local/lib/python3.8/site-packages/airflow/example_dags/example_sensor_decorator.py
[2024-05-28T18:47:06.697+0000] {processor.py:840} INFO - DAG(s) 'example_sensor_decorator' retrieved from /home/airflow/.local/lib/python3.8/site-packages/airflow/example_dags/example_sensor_decorator.py
[2024-05-28T18:47:06.718+0000] {logging_mixin.py:188} INFO - [2024-05-28T18:47:06.718+0000] {dag.py:3096} INFO - Sync 1 DAGs
[2024-05-28T18:47:06.730+0000] {logging_mixin.py:188} INFO - [2024-05-28T18:47:06.730+0000] {dag.py:3954} INFO - Setting next_dagrun for example_sensor_decorator to None, run_after=None
[2024-05-28T18:47:06.760+0000] {processor.py:183} INFO - Processing /home/airflow/.local/lib/python3.8/site-packages/airflow/example_dags/example_sensor_decorator.py took 0.078 seconds
[2024-05-28T18:47:37.009+0000] {processor.py:161} INFO - Started process (PID=2719) to work on /home/airflow/.local/lib/python3.8/site-packages/airflow/example_dags/example_sensor_decorator.py
[2024-05-28T18:47:37.010+0000] {processor.py:830} INFO - Processing file /home/airflow/.local/lib/python3.8/site-packages/airflow/example_dags/example_sensor_decorator.py for tasks to queue
[2024-05-28T18:47:37.012+0000] {logging_mixin.py:188} INFO - [2024-05-28T18:47:37.012+0000] {dagbag.py:545} INFO - Filling up the DagBag from /home/airflow/.local/lib/python3.8/site-packages/airflow/example_dags/example_sensor_decorator.py
[2024-05-28T18:47:37.018+0000] {processor.py:840} INFO - DAG(s) 'example_sensor_decorator' retrieved from /home/airflow/.local/lib/python3.8/site-packages/airflow/example_dags/example_sensor_decorator.py
[2024-05-28T18:47:37.048+0000] {logging_mixin.py:188} INFO - [2024-05-28T18:47:37.048+0000] {dag.py:3096} INFO - Sync 1 DAGs
[2024-05-28T18:47:37.062+0000] {logging_mixin.py:188} INFO - [2024-05-28T18:47:37.062+0000] {dag.py:3954} INFO - Setting next_dagrun for example_sensor_decorator to None, run_after=None
[2024-05-28T18:47:37.086+0000] {processor.py:183} INFO - Processing /home/airflow/.local/lib/python3.8/site-packages/airflow/example_dags/example_sensor_decorator.py took 0.083 seconds
[2024-05-28T18:48:07.314+0000] {processor.py:161} INFO - Started process (PID=2789) to work on /home/airflow/.local/lib/python3.8/site-packages/airflow/example_dags/example_sensor_decorator.py
[2024-05-28T18:48:07.315+0000] {processor.py:830} INFO - Processing file /home/airflow/.local/lib/python3.8/site-packages/airflow/example_dags/example_sensor_decorator.py for tasks to queue
[2024-05-28T18:48:07.317+0000] {logging_mixin.py:188} INFO - [2024-05-28T18:48:07.317+0000] {dagbag.py:545} INFO - Filling up the DagBag from /home/airflow/.local/lib/python3.8/site-packages/airflow/example_dags/example_sensor_decorator.py
[2024-05-28T18:48:07.323+0000] {processor.py:840} INFO - DAG(s) 'example_sensor_decorator' retrieved from /home/airflow/.local/lib/python3.8/site-packages/airflow/example_dags/example_sensor_decorator.py
[2024-05-28T18:48:07.344+0000] {logging_mixin.py:188} INFO - [2024-05-28T18:48:07.344+0000] {dag.py:3096} INFO - Sync 1 DAGs
[2024-05-28T18:48:07.357+0000] {logging_mixin.py:188} INFO - [2024-05-28T18:48:07.357+0000] {dag.py:3954} INFO - Setting next_dagrun for example_sensor_decorator to None, run_after=None
[2024-05-28T18:48:07.379+0000] {processor.py:183} INFO - Processing /home/airflow/.local/lib/python3.8/site-packages/airflow/example_dags/example_sensor_decorator.py took 0.071 seconds
[2024-05-28T18:48:37.669+0000] {processor.py:161} INFO - Started process (PID=2859) to work on /home/airflow/.local/lib/python3.8/site-packages/airflow/example_dags/example_sensor_decorator.py
[2024-05-28T18:48:37.670+0000] {processor.py:830} INFO - Processing file /home/airflow/.local/lib/python3.8/site-packages/airflow/example_dags/example_sensor_decorator.py for tasks to queue
[2024-05-28T18:48:37.673+0000] {logging_mixin.py:188} INFO - [2024-05-28T18:48:37.672+0000] {dagbag.py:545} INFO - Filling up the DagBag from /home/airflow/.local/lib/python3.8/site-packages/airflow/example_dags/example_sensor_decorator.py
[2024-05-28T18:48:37.680+0000] {processor.py:840} INFO - DAG(s) 'example_sensor_decorator' retrieved from /home/airflow/.local/lib/python3.8/site-packages/airflow/example_dags/example_sensor_decorator.py
[2024-05-28T18:48:37.700+0000] {logging_mixin.py:188} INFO - [2024-05-28T18:48:37.700+0000] {dag.py:3096} INFO - Sync 1 DAGs
[2024-05-28T18:48:37.715+0000] {logging_mixin.py:188} INFO - [2024-05-28T18:48:37.715+0000] {dag.py:3954} INFO - Setting next_dagrun for example_sensor_decorator to None, run_after=None
[2024-05-28T18:48:37.737+0000] {processor.py:183} INFO - Processing /home/airflow/.local/lib/python3.8/site-packages/airflow/example_dags/example_sensor_decorator.py took 0.075 seconds
[2024-05-28T18:49:08.235+0000] {processor.py:161} INFO - Started process (PID=2937) to work on /home/airflow/.local/lib/python3.8/site-packages/airflow/example_dags/example_sensor_decorator.py
[2024-05-28T18:49:08.236+0000] {processor.py:830} INFO - Processing file /home/airflow/.local/lib/python3.8/site-packages/airflow/example_dags/example_sensor_decorator.py for tasks to queue
[2024-05-28T18:49:08.238+0000] {logging_mixin.py:188} INFO - [2024-05-28T18:49:08.238+0000] {dagbag.py:545} INFO - Filling up the DagBag from /home/airflow/.local/lib/python3.8/site-packages/airflow/example_dags/example_sensor_decorator.py
[2024-05-28T18:49:08.244+0000] {processor.py:840} INFO - DAG(s) 'example_sensor_decorator' retrieved from /home/airflow/.local/lib/python3.8/site-packages/airflow/example_dags/example_sensor_decorator.py
[2024-05-28T18:49:08.266+0000] {logging_mixin.py:188} INFO - [2024-05-28T18:49:08.266+0000] {dag.py:3096} INFO - Sync 1 DAGs
[2024-05-28T18:49:08.278+0000] {logging_mixin.py:188} INFO - [2024-05-28T18:49:08.278+0000] {dag.py:3954} INFO - Setting next_dagrun for example_sensor_decorator to None, run_after=None
[2024-05-28T18:49:08.299+0000] {processor.py:183} INFO - Processing /home/airflow/.local/lib/python3.8/site-packages/airflow/example_dags/example_sensor_decorator.py took 0.071 seconds
[2024-05-28T18:49:38.706+0000] {processor.py:161} INFO - Started process (PID=3007) to work on /home/airflow/.local/lib/python3.8/site-packages/airflow/example_dags/example_sensor_decorator.py
[2024-05-28T18:49:38.707+0000] {processor.py:830} INFO - Processing file /home/airflow/.local/lib/python3.8/site-packages/airflow/example_dags/example_sensor_decorator.py for tasks to queue
[2024-05-28T18:49:38.708+0000] {logging_mixin.py:188} INFO - [2024-05-28T18:49:38.708+0000] {dagbag.py:545} INFO - Filling up the DagBag from /home/airflow/.local/lib/python3.8/site-packages/airflow/example_dags/example_sensor_decorator.py
[2024-05-28T18:49:38.714+0000] {processor.py:840} INFO - DAG(s) 'example_sensor_decorator' retrieved from /home/airflow/.local/lib/python3.8/site-packages/airflow/example_dags/example_sensor_decorator.py
[2024-05-28T18:49:38.735+0000] {logging_mixin.py:188} INFO - [2024-05-28T18:49:38.735+0000] {dag.py:3096} INFO - Sync 1 DAGs
[2024-05-28T18:49:38.748+0000] {logging_mixin.py:188} INFO - [2024-05-28T18:49:38.747+0000] {dag.py:3954} INFO - Setting next_dagrun for example_sensor_decorator to None, run_after=None
[2024-05-28T18:49:38.769+0000] {processor.py:183} INFO - Processing /home/airflow/.local/lib/python3.8/site-packages/airflow/example_dags/example_sensor_decorator.py took 0.069 seconds
[2024-05-28T18:50:09.147+0000] {processor.py:161} INFO - Started process (PID=3085) to work on /home/airflow/.local/lib/python3.8/site-packages/airflow/example_dags/example_sensor_decorator.py
[2024-05-28T18:50:09.148+0000] {processor.py:830} INFO - Processing file /home/airflow/.local/lib/python3.8/site-packages/airflow/example_dags/example_sensor_decorator.py for tasks to queue
[2024-05-28T18:50:09.150+0000] {logging_mixin.py:188} INFO - [2024-05-28T18:50:09.150+0000] {dagbag.py:545} INFO - Filling up the DagBag from /home/airflow/.local/lib/python3.8/site-packages/airflow/example_dags/example_sensor_decorator.py
[2024-05-28T18:50:09.156+0000] {processor.py:840} INFO - DAG(s) 'example_sensor_decorator' retrieved from /home/airflow/.local/lib/python3.8/site-packages/airflow/example_dags/example_sensor_decorator.py
[2024-05-28T18:50:09.178+0000] {logging_mixin.py:188} INFO - [2024-05-28T18:50:09.177+0000] {dag.py:3096} INFO - Sync 1 DAGs
[2024-05-28T18:50:09.189+0000] {logging_mixin.py:188} INFO - [2024-05-28T18:50:09.189+0000] {dag.py:3954} INFO - Setting next_dagrun for example_sensor_decorator to None, run_after=None
[2024-05-28T18:50:09.210+0000] {processor.py:183} INFO - Processing /home/airflow/.local/lib/python3.8/site-packages/airflow/example_dags/example_sensor_decorator.py took 0.068 seconds
[2024-05-28T18:50:39.323+0000] {processor.py:161} INFO - Started process (PID=3155) to work on /home/airflow/.local/lib/python3.8/site-packages/airflow/example_dags/example_sensor_decorator.py
[2024-05-28T18:50:39.324+0000] {processor.py:830} INFO - Processing file /home/airflow/.local/lib/python3.8/site-packages/airflow/example_dags/example_sensor_decorator.py for tasks to queue
[2024-05-28T18:50:39.326+0000] {logging_mixin.py:188} INFO - [2024-05-28T18:50:39.325+0000] {dagbag.py:545} INFO - Filling up the DagBag from /home/airflow/.local/lib/python3.8/site-packages/airflow/example_dags/example_sensor_decorator.py
[2024-05-28T18:50:39.331+0000] {processor.py:840} INFO - DAG(s) 'example_sensor_decorator' retrieved from /home/airflow/.local/lib/python3.8/site-packages/airflow/example_dags/example_sensor_decorator.py
[2024-05-28T18:50:39.353+0000] {logging_mixin.py:188} INFO - [2024-05-28T18:50:39.352+0000] {dag.py:3096} INFO - Sync 1 DAGs
[2024-05-28T18:50:39.364+0000] {logging_mixin.py:188} INFO - [2024-05-28T18:50:39.364+0000] {dag.py:3954} INFO - Setting next_dagrun for example_sensor_decorator to None, run_after=None
[2024-05-28T18:50:39.395+0000] {processor.py:183} INFO - Processing /home/airflow/.local/lib/python3.8/site-packages/airflow/example_dags/example_sensor_decorator.py took 0.077 seconds
