[2024-05-28T18:29:13.640+0000] {processor.py:161} INFO - Started process (PID=63) to work on /home/airflow/.local/lib/python3.8/site-packages/airflow/example_dags/example_branch_datetime_operator.py
[2024-05-28T18:29:13.643+0000] {processor.py:830} INFO - Processing file /home/airflow/.local/lib/python3.8/site-packages/airflow/example_dags/example_branch_datetime_operator.py for tasks to queue
[2024-05-28T18:29:13.646+0000] {logging_mixin.py:188} INFO - [2024-05-28T18:29:13.645+0000] {dagbag.py:545} INFO - Filling up the DagBag from /home/airflow/.local/lib/python3.8/site-packages/airflow/example_dags/example_branch_datetime_operator.py
[2024-05-28T18:29:13.664+0000] {processor.py:840} INFO - DAG(s) 'example_branch_datetime_operator_3', 'example_branch_datetime_operator_2', 'example_branch_datetime_operator' retrieved from /home/airflow/.local/lib/python3.8/site-packages/airflow/example_dags/example_branch_datetime_operator.py
[2024-05-28T18:29:13.688+0000] {logging_mixin.py:188} INFO - [2024-05-28T18:29:13.687+0000] {dag.py:3096} INFO - Sync 3 DAGs
[2024-05-28T18:29:13.720+0000] {logging_mixin.py:188} INFO - [2024-05-28T18:29:13.720+0000] {dag.py:3954} INFO - Setting next_dagrun for example_branch_datetime_operator to 2024-05-27 00:00:00+00:00, run_after=2024-05-28 00:00:00+00:00
[2024-05-28T18:29:13.728+0000] {logging_mixin.py:188} INFO - [2024-05-28T18:29:13.728+0000] {dag.py:3954} INFO - Setting next_dagrun for example_branch_datetime_operator_2 to 2024-05-27 00:00:00+00:00, run_after=2024-05-28 00:00:00+00:00
[2024-05-28T18:29:13.733+0000] {logging_mixin.py:188} INFO - [2024-05-28T18:29:13.733+0000] {dag.py:3954} INFO - Setting next_dagrun for example_branch_datetime_operator_3 to 2024-05-27 00:00:00+00:00, run_after=2024-05-28 00:00:00+00:00
[2024-05-28T18:29:13.760+0000] {processor.py:183} INFO - Processing /home/airflow/.local/lib/python3.8/site-packages/airflow/example_dags/example_branch_datetime_operator.py took 0.128 seconds
[2024-05-28T18:29:43.869+0000] {processor.py:161} INFO - Started process (PID=133) to work on /home/airflow/.local/lib/python3.8/site-packages/airflow/example_dags/example_branch_datetime_operator.py
[2024-05-28T18:29:43.871+0000] {processor.py:830} INFO - Processing file /home/airflow/.local/lib/python3.8/site-packages/airflow/example_dags/example_branch_datetime_operator.py for tasks to queue
[2024-05-28T18:29:43.873+0000] {logging_mixin.py:188} INFO - [2024-05-28T18:29:43.873+0000] {dagbag.py:545} INFO - Filling up the DagBag from /home/airflow/.local/lib/python3.8/site-packages/airflow/example_dags/example_branch_datetime_operator.py
[2024-05-28T18:29:43.884+0000] {processor.py:840} INFO - DAG(s) 'example_branch_datetime_operator', 'example_branch_datetime_operator_2', 'example_branch_datetime_operator_3' retrieved from /home/airflow/.local/lib/python3.8/site-packages/airflow/example_dags/example_branch_datetime_operator.py
[2024-05-28T18:29:44.013+0000] {logging_mixin.py:188} INFO - [2024-05-28T18:29:44.013+0000] {dag.py:3096} INFO - Sync 3 DAGs
[2024-05-28T18:29:44.035+0000] {logging_mixin.py:188} INFO - [2024-05-28T18:29:44.035+0000] {dag.py:3954} INFO - Setting next_dagrun for example_branch_datetime_operator to 2024-05-27 00:00:00+00:00, run_after=2024-05-28 00:00:00+00:00
[2024-05-28T18:29:44.040+0000] {logging_mixin.py:188} INFO - [2024-05-28T18:29:44.040+0000] {dag.py:3954} INFO - Setting next_dagrun for example_branch_datetime_operator_2 to 2024-05-27 00:00:00+00:00, run_after=2024-05-28 00:00:00+00:00
[2024-05-28T18:29:44.043+0000] {logging_mixin.py:188} INFO - [2024-05-28T18:29:44.043+0000] {dag.py:3954} INFO - Setting next_dagrun for example_branch_datetime_operator_3 to 2024-05-27 00:00:00+00:00, run_after=2024-05-28 00:00:00+00:00
[2024-05-28T18:29:44.065+0000] {processor.py:183} INFO - Processing /home/airflow/.local/lib/python3.8/site-packages/airflow/example_dags/example_branch_datetime_operator.py took 0.202 seconds
[2024-05-28T18:30:14.594+0000] {processor.py:161} INFO - Started process (PID=203) to work on /home/airflow/.local/lib/python3.8/site-packages/airflow/example_dags/example_branch_datetime_operator.py
[2024-05-28T18:30:14.596+0000] {processor.py:830} INFO - Processing file /home/airflow/.local/lib/python3.8/site-packages/airflow/example_dags/example_branch_datetime_operator.py for tasks to queue
[2024-05-28T18:30:14.597+0000] {logging_mixin.py:188} INFO - [2024-05-28T18:30:14.597+0000] {dagbag.py:545} INFO - Filling up the DagBag from /home/airflow/.local/lib/python3.8/site-packages/airflow/example_dags/example_branch_datetime_operator.py
[2024-05-28T18:30:14.607+0000] {processor.py:840} INFO - DAG(s) 'example_branch_datetime_operator_2', 'example_branch_datetime_operator', 'example_branch_datetime_operator_3' retrieved from /home/airflow/.local/lib/python3.8/site-packages/airflow/example_dags/example_branch_datetime_operator.py
[2024-05-28T18:30:14.637+0000] {logging_mixin.py:188} INFO - [2024-05-28T18:30:14.637+0000] {dag.py:3096} INFO - Sync 3 DAGs
[2024-05-28T18:30:14.661+0000] {logging_mixin.py:188} INFO - [2024-05-28T18:30:14.661+0000] {dag.py:3954} INFO - Setting next_dagrun for example_branch_datetime_operator to 2024-05-27 00:00:00+00:00, run_after=2024-05-28 00:00:00+00:00
[2024-05-28T18:30:14.668+0000] {logging_mixin.py:188} INFO - [2024-05-28T18:30:14.667+0000] {dag.py:3954} INFO - Setting next_dagrun for example_branch_datetime_operator_2 to 2024-05-27 00:00:00+00:00, run_after=2024-05-28 00:00:00+00:00
[2024-05-28T18:30:14.671+0000] {logging_mixin.py:188} INFO - [2024-05-28T18:30:14.670+0000] {dag.py:3954} INFO - Setting next_dagrun for example_branch_datetime_operator_3 to 2024-05-27 00:00:00+00:00, run_after=2024-05-28 00:00:00+00:00
[2024-05-28T18:30:14.692+0000] {processor.py:183} INFO - Processing /home/airflow/.local/lib/python3.8/site-packages/airflow/example_dags/example_branch_datetime_operator.py took 0.103 seconds
[2024-05-28T18:30:44.916+0000] {processor.py:161} INFO - Started process (PID=281) to work on /home/airflow/.local/lib/python3.8/site-packages/airflow/example_dags/example_branch_datetime_operator.py
[2024-05-28T18:30:44.918+0000] {processor.py:830} INFO - Processing file /home/airflow/.local/lib/python3.8/site-packages/airflow/example_dags/example_branch_datetime_operator.py for tasks to queue
[2024-05-28T18:30:44.920+0000] {logging_mixin.py:188} INFO - [2024-05-28T18:30:44.920+0000] {dagbag.py:545} INFO - Filling up the DagBag from /home/airflow/.local/lib/python3.8/site-packages/airflow/example_dags/example_branch_datetime_operator.py
[2024-05-28T18:30:44.935+0000] {processor.py:840} INFO - DAG(s) 'example_branch_datetime_operator_2', 'example_branch_datetime_operator_3', 'example_branch_datetime_operator' retrieved from /home/airflow/.local/lib/python3.8/site-packages/airflow/example_dags/example_branch_datetime_operator.py
[2024-05-28T18:30:44.966+0000] {logging_mixin.py:188} INFO - [2024-05-28T18:30:44.966+0000] {dag.py:3096} INFO - Sync 3 DAGs
[2024-05-28T18:30:44.989+0000] {logging_mixin.py:188} INFO - [2024-05-28T18:30:44.988+0000] {dag.py:3954} INFO - Setting next_dagrun for example_branch_datetime_operator to 2024-05-27 00:00:00+00:00, run_after=2024-05-28 00:00:00+00:00
[2024-05-28T18:30:44.994+0000] {logging_mixin.py:188} INFO - [2024-05-28T18:30:44.994+0000] {dag.py:3954} INFO - Setting next_dagrun for example_branch_datetime_operator_2 to 2024-05-27 00:00:00+00:00, run_after=2024-05-28 00:00:00+00:00
[2024-05-28T18:30:44.997+0000] {logging_mixin.py:188} INFO - [2024-05-28T18:30:44.997+0000] {dag.py:3954} INFO - Setting next_dagrun for example_branch_datetime_operator_3 to 2024-05-27 00:00:00+00:00, run_after=2024-05-28 00:00:00+00:00
[2024-05-28T18:30:45.014+0000] {processor.py:183} INFO - Processing /home/airflow/.local/lib/python3.8/site-packages/airflow/example_dags/example_branch_datetime_operator.py took 0.104 seconds
[2024-05-28T18:31:15.433+0000] {processor.py:161} INFO - Started process (PID=351) to work on /home/airflow/.local/lib/python3.8/site-packages/airflow/example_dags/example_branch_datetime_operator.py
[2024-05-28T18:31:15.434+0000] {processor.py:830} INFO - Processing file /home/airflow/.local/lib/python3.8/site-packages/airflow/example_dags/example_branch_datetime_operator.py for tasks to queue
[2024-05-28T18:31:15.437+0000] {logging_mixin.py:188} INFO - [2024-05-28T18:31:15.436+0000] {dagbag.py:545} INFO - Filling up the DagBag from /home/airflow/.local/lib/python3.8/site-packages/airflow/example_dags/example_branch_datetime_operator.py
[2024-05-28T18:31:15.447+0000] {processor.py:840} INFO - DAG(s) 'example_branch_datetime_operator_2', 'example_branch_datetime_operator', 'example_branch_datetime_operator_3' retrieved from /home/airflow/.local/lib/python3.8/site-packages/airflow/example_dags/example_branch_datetime_operator.py
[2024-05-28T18:31:15.477+0000] {logging_mixin.py:188} INFO - [2024-05-28T18:31:15.477+0000] {dag.py:3096} INFO - Sync 3 DAGs
[2024-05-28T18:31:15.499+0000] {logging_mixin.py:188} INFO - [2024-05-28T18:31:15.499+0000] {dag.py:3954} INFO - Setting next_dagrun for example_branch_datetime_operator to 2024-05-27 00:00:00+00:00, run_after=2024-05-28 00:00:00+00:00
[2024-05-28T18:31:15.504+0000] {logging_mixin.py:188} INFO - [2024-05-28T18:31:15.504+0000] {dag.py:3954} INFO - Setting next_dagrun for example_branch_datetime_operator_2 to 2024-05-27 00:00:00+00:00, run_after=2024-05-28 00:00:00+00:00
[2024-05-28T18:31:15.508+0000] {logging_mixin.py:188} INFO - [2024-05-28T18:31:15.507+0000] {dag.py:3954} INFO - Setting next_dagrun for example_branch_datetime_operator_3 to 2024-05-27 00:00:00+00:00, run_after=2024-05-28 00:00:00+00:00
[2024-05-28T18:31:15.529+0000] {processor.py:183} INFO - Processing /home/airflow/.local/lib/python3.8/site-packages/airflow/example_dags/example_branch_datetime_operator.py took 0.102 seconds
[2024-05-28T18:31:45.810+0000] {processor.py:161} INFO - Started process (PID=420) to work on /home/airflow/.local/lib/python3.8/site-packages/airflow/example_dags/example_branch_datetime_operator.py
[2024-05-28T18:31:45.812+0000] {processor.py:830} INFO - Processing file /home/airflow/.local/lib/python3.8/site-packages/airflow/example_dags/example_branch_datetime_operator.py for tasks to queue
[2024-05-28T18:31:45.815+0000] {logging_mixin.py:188} INFO - [2024-05-28T18:31:45.814+0000] {dagbag.py:545} INFO - Filling up the DagBag from /home/airflow/.local/lib/python3.8/site-packages/airflow/example_dags/example_branch_datetime_operator.py
[2024-05-28T18:31:45.825+0000] {processor.py:840} INFO - DAG(s) 'example_branch_datetime_operator_2', 'example_branch_datetime_operator', 'example_branch_datetime_operator_3' retrieved from /home/airflow/.local/lib/python3.8/site-packages/airflow/example_dags/example_branch_datetime_operator.py
[2024-05-28T18:31:45.857+0000] {logging_mixin.py:188} INFO - [2024-05-28T18:31:45.857+0000] {dag.py:3096} INFO - Sync 3 DAGs
[2024-05-28T18:31:45.880+0000] {logging_mixin.py:188} INFO - [2024-05-28T18:31:45.880+0000] {dag.py:3954} INFO - Setting next_dagrun for example_branch_datetime_operator to 2024-05-27 00:00:00+00:00, run_after=2024-05-28 00:00:00+00:00
[2024-05-28T18:31:45.885+0000] {logging_mixin.py:188} INFO - [2024-05-28T18:31:45.885+0000] {dag.py:3954} INFO - Setting next_dagrun for example_branch_datetime_operator_2 to 2024-05-27 00:00:00+00:00, run_after=2024-05-28 00:00:00+00:00
[2024-05-28T18:31:45.889+0000] {logging_mixin.py:188} INFO - [2024-05-28T18:31:45.889+0000] {dag.py:3954} INFO - Setting next_dagrun for example_branch_datetime_operator_3 to 2024-05-27 00:00:00+00:00, run_after=2024-05-28 00:00:00+00:00
[2024-05-28T18:31:45.911+0000] {processor.py:183} INFO - Processing /home/airflow/.local/lib/python3.8/site-packages/airflow/example_dags/example_branch_datetime_operator.py took 0.106 seconds
[2024-05-28T18:32:17.495+0000] {processor.py:161} INFO - Started process (PID=498) to work on /home/airflow/.local/lib/python3.8/site-packages/airflow/example_dags/example_branch_datetime_operator.py
[2024-05-28T18:32:17.497+0000] {processor.py:830} INFO - Processing file /home/airflow/.local/lib/python3.8/site-packages/airflow/example_dags/example_branch_datetime_operator.py for tasks to queue
[2024-05-28T18:32:17.499+0000] {logging_mixin.py:188} INFO - [2024-05-28T18:32:17.499+0000] {dagbag.py:545} INFO - Filling up the DagBag from /home/airflow/.local/lib/python3.8/site-packages/airflow/example_dags/example_branch_datetime_operator.py
[2024-05-28T18:32:17.525+0000] {processor.py:840} INFO - DAG(s) 'example_branch_datetime_operator_2', 'example_branch_datetime_operator', 'example_branch_datetime_operator_3' retrieved from /home/airflow/.local/lib/python3.8/site-packages/airflow/example_dags/example_branch_datetime_operator.py
[2024-05-28T18:32:17.604+0000] {logging_mixin.py:188} INFO - [2024-05-28T18:32:17.604+0000] {dag.py:3096} INFO - Sync 3 DAGs
[2024-05-28T18:32:17.681+0000] {logging_mixin.py:188} INFO - [2024-05-28T18:32:17.681+0000] {dag.py:3954} INFO - Setting next_dagrun for example_branch_datetime_operator to 2024-05-27 00:00:00+00:00, run_after=2024-05-28 00:00:00+00:00
[2024-05-28T18:32:17.698+0000] {logging_mixin.py:188} INFO - [2024-05-28T18:32:17.698+0000] {dag.py:3954} INFO - Setting next_dagrun for example_branch_datetime_operator_2 to 2024-05-27 00:00:00+00:00, run_after=2024-05-28 00:00:00+00:00
[2024-05-28T18:32:17.703+0000] {logging_mixin.py:188} INFO - [2024-05-28T18:32:17.703+0000] {dag.py:3954} INFO - Setting next_dagrun for example_branch_datetime_operator_3 to 2024-05-27 00:00:00+00:00, run_after=2024-05-28 00:00:00+00:00
[2024-05-28T18:32:17.762+0000] {processor.py:183} INFO - Processing /home/airflow/.local/lib/python3.8/site-packages/airflow/example_dags/example_branch_datetime_operator.py took 0.285 seconds
[2024-05-28T18:32:48.512+0000] {processor.py:161} INFO - Started process (PID=568) to work on /home/airflow/.local/lib/python3.8/site-packages/airflow/example_dags/example_branch_datetime_operator.py
[2024-05-28T18:32:48.514+0000] {processor.py:830} INFO - Processing file /home/airflow/.local/lib/python3.8/site-packages/airflow/example_dags/example_branch_datetime_operator.py for tasks to queue
[2024-05-28T18:32:48.516+0000] {logging_mixin.py:188} INFO - [2024-05-28T18:32:48.515+0000] {dagbag.py:545} INFO - Filling up the DagBag from /home/airflow/.local/lib/python3.8/site-packages/airflow/example_dags/example_branch_datetime_operator.py
[2024-05-28T18:32:48.525+0000] {processor.py:840} INFO - DAG(s) 'example_branch_datetime_operator_3', 'example_branch_datetime_operator', 'example_branch_datetime_operator_2' retrieved from /home/airflow/.local/lib/python3.8/site-packages/airflow/example_dags/example_branch_datetime_operator.py
[2024-05-28T18:32:48.556+0000] {logging_mixin.py:188} INFO - [2024-05-28T18:32:48.556+0000] {dag.py:3096} INFO - Sync 3 DAGs
[2024-05-28T18:32:48.578+0000] {logging_mixin.py:188} INFO - [2024-05-28T18:32:48.578+0000] {dag.py:3954} INFO - Setting next_dagrun for example_branch_datetime_operator to 2024-05-27 00:00:00+00:00, run_after=2024-05-28 00:00:00+00:00
[2024-05-28T18:32:48.585+0000] {logging_mixin.py:188} INFO - [2024-05-28T18:32:48.584+0000] {dag.py:3954} INFO - Setting next_dagrun for example_branch_datetime_operator_2 to 2024-05-27 00:00:00+00:00, run_after=2024-05-28 00:00:00+00:00
[2024-05-28T18:32:48.589+0000] {logging_mixin.py:188} INFO - [2024-05-28T18:32:48.588+0000] {dag.py:3954} INFO - Setting next_dagrun for example_branch_datetime_operator_3 to 2024-05-27 00:00:00+00:00, run_after=2024-05-28 00:00:00+00:00
[2024-05-28T18:32:48.611+0000] {processor.py:183} INFO - Processing /home/airflow/.local/lib/python3.8/site-packages/airflow/example_dags/example_branch_datetime_operator.py took 0.105 seconds
[2024-05-28T18:33:18.709+0000] {processor.py:161} INFO - Started process (PID=637) to work on /home/airflow/.local/lib/python3.8/site-packages/airflow/example_dags/example_branch_datetime_operator.py
[2024-05-28T18:33:18.710+0000] {processor.py:830} INFO - Processing file /home/airflow/.local/lib/python3.8/site-packages/airflow/example_dags/example_branch_datetime_operator.py for tasks to queue
[2024-05-28T18:33:18.712+0000] {logging_mixin.py:188} INFO - [2024-05-28T18:33:18.711+0000] {dagbag.py:545} INFO - Filling up the DagBag from /home/airflow/.local/lib/python3.8/site-packages/airflow/example_dags/example_branch_datetime_operator.py
[2024-05-28T18:33:18.726+0000] {processor.py:840} INFO - DAG(s) 'example_branch_datetime_operator_2', 'example_branch_datetime_operator', 'example_branch_datetime_operator_3' retrieved from /home/airflow/.local/lib/python3.8/site-packages/airflow/example_dags/example_branch_datetime_operator.py
[2024-05-28T18:33:18.765+0000] {logging_mixin.py:188} INFO - [2024-05-28T18:33:18.765+0000] {dag.py:3096} INFO - Sync 3 DAGs
[2024-05-28T18:33:18.797+0000] {logging_mixin.py:188} INFO - [2024-05-28T18:33:18.797+0000] {dag.py:3954} INFO - Setting next_dagrun for example_branch_datetime_operator to 2024-05-27 00:00:00+00:00, run_after=2024-05-28 00:00:00+00:00
[2024-05-28T18:33:18.805+0000] {logging_mixin.py:188} INFO - [2024-05-28T18:33:18.804+0000] {dag.py:3954} INFO - Setting next_dagrun for example_branch_datetime_operator_2 to 2024-05-27 00:00:00+00:00, run_after=2024-05-28 00:00:00+00:00
[2024-05-28T18:33:18.810+0000] {logging_mixin.py:188} INFO - [2024-05-28T18:33:18.809+0000] {dag.py:3954} INFO - Setting next_dagrun for example_branch_datetime_operator_3 to 2024-05-27 00:00:00+00:00, run_after=2024-05-28 00:00:00+00:00
[2024-05-28T18:33:18.852+0000] {processor.py:183} INFO - Processing /home/airflow/.local/lib/python3.8/site-packages/airflow/example_dags/example_branch_datetime_operator.py took 0.149 seconds
[2024-05-28T18:33:49.309+0000] {processor.py:161} INFO - Started process (PID=715) to work on /home/airflow/.local/lib/python3.8/site-packages/airflow/example_dags/example_branch_datetime_operator.py
[2024-05-28T18:33:49.310+0000] {processor.py:830} INFO - Processing file /home/airflow/.local/lib/python3.8/site-packages/airflow/example_dags/example_branch_datetime_operator.py for tasks to queue
[2024-05-28T18:33:49.314+0000] {logging_mixin.py:188} INFO - [2024-05-28T18:33:49.313+0000] {dagbag.py:545} INFO - Filling up the DagBag from /home/airflow/.local/lib/python3.8/site-packages/airflow/example_dags/example_branch_datetime_operator.py
[2024-05-28T18:33:49.325+0000] {processor.py:840} INFO - DAG(s) 'example_branch_datetime_operator', 'example_branch_datetime_operator_2', 'example_branch_datetime_operator_3' retrieved from /home/airflow/.local/lib/python3.8/site-packages/airflow/example_dags/example_branch_datetime_operator.py
[2024-05-28T18:33:49.355+0000] {logging_mixin.py:188} INFO - [2024-05-28T18:33:49.355+0000] {dag.py:3096} INFO - Sync 3 DAGs
[2024-05-28T18:33:49.382+0000] {logging_mixin.py:188} INFO - [2024-05-28T18:33:49.382+0000] {dag.py:3954} INFO - Setting next_dagrun for example_branch_datetime_operator to 2024-05-27 00:00:00+00:00, run_after=2024-05-28 00:00:00+00:00
[2024-05-28T18:33:49.387+0000] {logging_mixin.py:188} INFO - [2024-05-28T18:33:49.387+0000] {dag.py:3954} INFO - Setting next_dagrun for example_branch_datetime_operator_2 to 2024-05-27 00:00:00+00:00, run_after=2024-05-28 00:00:00+00:00
[2024-05-28T18:33:49.392+0000] {logging_mixin.py:188} INFO - [2024-05-28T18:33:49.391+0000] {dag.py:3954} INFO - Setting next_dagrun for example_branch_datetime_operator_3 to 2024-05-27 00:00:00+00:00, run_after=2024-05-28 00:00:00+00:00
[2024-05-28T18:33:49.415+0000] {processor.py:183} INFO - Processing /home/airflow/.local/lib/python3.8/site-packages/airflow/example_dags/example_branch_datetime_operator.py took 0.114 seconds
[2024-05-28T18:34:19.519+0000] {processor.py:161} INFO - Started process (PID=785) to work on /home/airflow/.local/lib/python3.8/site-packages/airflow/example_dags/example_branch_datetime_operator.py
[2024-05-28T18:34:19.520+0000] {processor.py:830} INFO - Processing file /home/airflow/.local/lib/python3.8/site-packages/airflow/example_dags/example_branch_datetime_operator.py for tasks to queue
[2024-05-28T18:34:19.521+0000] {logging_mixin.py:188} INFO - [2024-05-28T18:34:19.521+0000] {dagbag.py:545} INFO - Filling up the DagBag from /home/airflow/.local/lib/python3.8/site-packages/airflow/example_dags/example_branch_datetime_operator.py
[2024-05-28T18:34:19.531+0000] {processor.py:840} INFO - DAG(s) 'example_branch_datetime_operator', 'example_branch_datetime_operator_3', 'example_branch_datetime_operator_2' retrieved from /home/airflow/.local/lib/python3.8/site-packages/airflow/example_dags/example_branch_datetime_operator.py
[2024-05-28T18:34:19.565+0000] {logging_mixin.py:188} INFO - [2024-05-28T18:34:19.564+0000] {dag.py:3096} INFO - Sync 3 DAGs
[2024-05-28T18:34:19.592+0000] {logging_mixin.py:188} INFO - [2024-05-28T18:34:19.592+0000] {dag.py:3954} INFO - Setting next_dagrun for example_branch_datetime_operator to 2024-05-27 00:00:00+00:00, run_after=2024-05-28 00:00:00+00:00
[2024-05-28T18:34:19.601+0000] {logging_mixin.py:188} INFO - [2024-05-28T18:34:19.601+0000] {dag.py:3954} INFO - Setting next_dagrun for example_branch_datetime_operator_2 to 2024-05-27 00:00:00+00:00, run_after=2024-05-28 00:00:00+00:00
[2024-05-28T18:34:19.605+0000] {logging_mixin.py:188} INFO - [2024-05-28T18:34:19.605+0000] {dag.py:3954} INFO - Setting next_dagrun for example_branch_datetime_operator_3 to 2024-05-27 00:00:00+00:00, run_after=2024-05-28 00:00:00+00:00
[2024-05-28T18:34:19.633+0000] {processor.py:183} INFO - Processing /home/airflow/.local/lib/python3.8/site-packages/airflow/example_dags/example_branch_datetime_operator.py took 0.120 seconds
[2024-05-28T18:34:49.685+0000] {processor.py:161} INFO - Started process (PID=861) to work on /home/airflow/.local/lib/python3.8/site-packages/airflow/example_dags/example_branch_datetime_operator.py
[2024-05-28T18:34:49.686+0000] {processor.py:830} INFO - Processing file /home/airflow/.local/lib/python3.8/site-packages/airflow/example_dags/example_branch_datetime_operator.py for tasks to queue
[2024-05-28T18:34:49.689+0000] {logging_mixin.py:188} INFO - [2024-05-28T18:34:49.688+0000] {dagbag.py:545} INFO - Filling up the DagBag from /home/airflow/.local/lib/python3.8/site-packages/airflow/example_dags/example_branch_datetime_operator.py
[2024-05-28T18:34:49.699+0000] {processor.py:840} INFO - DAG(s) 'example_branch_datetime_operator', 'example_branch_datetime_operator_3', 'example_branch_datetime_operator_2' retrieved from /home/airflow/.local/lib/python3.8/site-packages/airflow/example_dags/example_branch_datetime_operator.py
[2024-05-28T18:34:49.728+0000] {logging_mixin.py:188} INFO - [2024-05-28T18:34:49.728+0000] {dag.py:3096} INFO - Sync 3 DAGs
[2024-05-28T18:34:49.756+0000] {logging_mixin.py:188} INFO - [2024-05-28T18:34:49.756+0000] {dag.py:3954} INFO - Setting next_dagrun for example_branch_datetime_operator to 2024-05-27 00:00:00+00:00, run_after=2024-05-28 00:00:00+00:00
[2024-05-28T18:34:49.761+0000] {logging_mixin.py:188} INFO - [2024-05-28T18:34:49.761+0000] {dag.py:3954} INFO - Setting next_dagrun for example_branch_datetime_operator_2 to 2024-05-27 00:00:00+00:00, run_after=2024-05-28 00:00:00+00:00
[2024-05-28T18:34:49.764+0000] {logging_mixin.py:188} INFO - [2024-05-28T18:34:49.764+0000] {dag.py:3954} INFO - Setting next_dagrun for example_branch_datetime_operator_3 to 2024-05-27 00:00:00+00:00, run_after=2024-05-28 00:00:00+00:00
[2024-05-28T18:34:49.787+0000] {processor.py:183} INFO - Processing /home/airflow/.local/lib/python3.8/site-packages/airflow/example_dags/example_branch_datetime_operator.py took 0.110 seconds
[2024-05-28T18:35:20.107+0000] {processor.py:161} INFO - Started process (PID=932) to work on /home/airflow/.local/lib/python3.8/site-packages/airflow/example_dags/example_branch_datetime_operator.py
[2024-05-28T18:35:20.108+0000] {processor.py:830} INFO - Processing file /home/airflow/.local/lib/python3.8/site-packages/airflow/example_dags/example_branch_datetime_operator.py for tasks to queue
[2024-05-28T18:35:20.110+0000] {logging_mixin.py:188} INFO - [2024-05-28T18:35:20.110+0000] {dagbag.py:545} INFO - Filling up the DagBag from /home/airflow/.local/lib/python3.8/site-packages/airflow/example_dags/example_branch_datetime_operator.py
[2024-05-28T18:35:20.120+0000] {processor.py:840} INFO - DAG(s) 'example_branch_datetime_operator', 'example_branch_datetime_operator_3', 'example_branch_datetime_operator_2' retrieved from /home/airflow/.local/lib/python3.8/site-packages/airflow/example_dags/example_branch_datetime_operator.py
[2024-05-28T18:35:20.150+0000] {logging_mixin.py:188} INFO - [2024-05-28T18:35:20.149+0000] {dag.py:3096} INFO - Sync 3 DAGs
[2024-05-28T18:35:20.173+0000] {logging_mixin.py:188} INFO - [2024-05-28T18:35:20.172+0000] {dag.py:3954} INFO - Setting next_dagrun for example_branch_datetime_operator to 2024-05-27 00:00:00+00:00, run_after=2024-05-28 00:00:00+00:00
[2024-05-28T18:35:20.179+0000] {logging_mixin.py:188} INFO - [2024-05-28T18:35:20.178+0000] {dag.py:3954} INFO - Setting next_dagrun for example_branch_datetime_operator_2 to 2024-05-27 00:00:00+00:00, run_after=2024-05-28 00:00:00+00:00
[2024-05-28T18:35:20.182+0000] {logging_mixin.py:188} INFO - [2024-05-28T18:35:20.182+0000] {dag.py:3954} INFO - Setting next_dagrun for example_branch_datetime_operator_3 to 2024-05-27 00:00:00+00:00, run_after=2024-05-28 00:00:00+00:00
[2024-05-28T18:35:20.204+0000] {processor.py:183} INFO - Processing /home/airflow/.local/lib/python3.8/site-packages/airflow/example_dags/example_branch_datetime_operator.py took 0.103 seconds
[2024-05-28T18:35:50.273+0000] {processor.py:161} INFO - Started process (PID=1002) to work on /home/airflow/.local/lib/python3.8/site-packages/airflow/example_dags/example_branch_datetime_operator.py
[2024-05-28T18:35:50.274+0000] {processor.py:830} INFO - Processing file /home/airflow/.local/lib/python3.8/site-packages/airflow/example_dags/example_branch_datetime_operator.py for tasks to queue
[2024-05-28T18:35:50.276+0000] {logging_mixin.py:188} INFO - [2024-05-28T18:35:50.276+0000] {dagbag.py:545} INFO - Filling up the DagBag from /home/airflow/.local/lib/python3.8/site-packages/airflow/example_dags/example_branch_datetime_operator.py
[2024-05-28T18:35:50.286+0000] {processor.py:840} INFO - DAG(s) 'example_branch_datetime_operator_2', 'example_branch_datetime_operator_3', 'example_branch_datetime_operator' retrieved from /home/airflow/.local/lib/python3.8/site-packages/airflow/example_dags/example_branch_datetime_operator.py
[2024-05-28T18:35:50.318+0000] {logging_mixin.py:188} INFO - [2024-05-28T18:35:50.318+0000] {dag.py:3096} INFO - Sync 3 DAGs
[2024-05-28T18:35:50.347+0000] {logging_mixin.py:188} INFO - [2024-05-28T18:35:50.346+0000] {dag.py:3954} INFO - Setting next_dagrun for example_branch_datetime_operator to 2024-05-27 00:00:00+00:00, run_after=2024-05-28 00:00:00+00:00
[2024-05-28T18:35:50.352+0000] {logging_mixin.py:188} INFO - [2024-05-28T18:35:50.352+0000] {dag.py:3954} INFO - Setting next_dagrun for example_branch_datetime_operator_2 to 2024-05-27 00:00:00+00:00, run_after=2024-05-28 00:00:00+00:00
[2024-05-28T18:35:50.357+0000] {logging_mixin.py:188} INFO - [2024-05-28T18:35:50.357+0000] {dag.py:3954} INFO - Setting next_dagrun for example_branch_datetime_operator_3 to 2024-05-27 00:00:00+00:00, run_after=2024-05-28 00:00:00+00:00
[2024-05-28T18:35:50.381+0000] {processor.py:183} INFO - Processing /home/airflow/.local/lib/python3.8/site-packages/airflow/example_dags/example_branch_datetime_operator.py took 0.113 seconds
[2024-05-28T18:36:21.164+0000] {processor.py:161} INFO - Started process (PID=1081) to work on /home/airflow/.local/lib/python3.8/site-packages/airflow/example_dags/example_branch_datetime_operator.py
[2024-05-28T18:36:21.165+0000] {processor.py:830} INFO - Processing file /home/airflow/.local/lib/python3.8/site-packages/airflow/example_dags/example_branch_datetime_operator.py for tasks to queue
[2024-05-28T18:36:21.168+0000] {logging_mixin.py:188} INFO - [2024-05-28T18:36:21.167+0000] {dagbag.py:545} INFO - Filling up the DagBag from /home/airflow/.local/lib/python3.8/site-packages/airflow/example_dags/example_branch_datetime_operator.py
[2024-05-28T18:36:21.184+0000] {processor.py:840} INFO - DAG(s) 'example_branch_datetime_operator', 'example_branch_datetime_operator_2', 'example_branch_datetime_operator_3' retrieved from /home/airflow/.local/lib/python3.8/site-packages/airflow/example_dags/example_branch_datetime_operator.py
[2024-05-28T18:36:21.230+0000] {logging_mixin.py:188} INFO - [2024-05-28T18:36:21.230+0000] {dag.py:3096} INFO - Sync 3 DAGs
[2024-05-28T18:36:21.260+0000] {logging_mixin.py:188} INFO - [2024-05-28T18:36:21.260+0000] {dag.py:3954} INFO - Setting next_dagrun for example_branch_datetime_operator to 2024-05-27 00:00:00+00:00, run_after=2024-05-28 00:00:00+00:00
[2024-05-28T18:36:21.269+0000] {logging_mixin.py:188} INFO - [2024-05-28T18:36:21.269+0000] {dag.py:3954} INFO - Setting next_dagrun for example_branch_datetime_operator_2 to 2024-05-27 00:00:00+00:00, run_after=2024-05-28 00:00:00+00:00
[2024-05-28T18:36:21.272+0000] {logging_mixin.py:188} INFO - [2024-05-28T18:36:21.272+0000] {dag.py:3954} INFO - Setting next_dagrun for example_branch_datetime_operator_3 to 2024-05-27 00:00:00+00:00, run_after=2024-05-28 00:00:00+00:00
[2024-05-28T18:36:21.294+0000] {processor.py:183} INFO - Processing /home/airflow/.local/lib/python3.8/site-packages/airflow/example_dags/example_branch_datetime_operator.py took 0.139 seconds
[2024-05-28T18:36:51.527+0000] {processor.py:161} INFO - Started process (PID=1151) to work on /home/airflow/.local/lib/python3.8/site-packages/airflow/example_dags/example_branch_datetime_operator.py
[2024-05-28T18:36:51.528+0000] {processor.py:830} INFO - Processing file /home/airflow/.local/lib/python3.8/site-packages/airflow/example_dags/example_branch_datetime_operator.py for tasks to queue
[2024-05-28T18:36:51.530+0000] {logging_mixin.py:188} INFO - [2024-05-28T18:36:51.530+0000] {dagbag.py:545} INFO - Filling up the DagBag from /home/airflow/.local/lib/python3.8/site-packages/airflow/example_dags/example_branch_datetime_operator.py
[2024-05-28T18:36:51.542+0000] {processor.py:840} INFO - DAG(s) 'example_branch_datetime_operator_3', 'example_branch_datetime_operator', 'example_branch_datetime_operator_2' retrieved from /home/airflow/.local/lib/python3.8/site-packages/airflow/example_dags/example_branch_datetime_operator.py
[2024-05-28T18:36:51.572+0000] {logging_mixin.py:188} INFO - [2024-05-28T18:36:51.572+0000] {dag.py:3096} INFO - Sync 3 DAGs
[2024-05-28T18:36:51.595+0000] {logging_mixin.py:188} INFO - [2024-05-28T18:36:51.595+0000] {dag.py:3954} INFO - Setting next_dagrun for example_branch_datetime_operator to 2024-05-27 00:00:00+00:00, run_after=2024-05-28 00:00:00+00:00
[2024-05-28T18:36:51.600+0000] {logging_mixin.py:188} INFO - [2024-05-28T18:36:51.600+0000] {dag.py:3954} INFO - Setting next_dagrun for example_branch_datetime_operator_2 to 2024-05-27 00:00:00+00:00, run_after=2024-05-28 00:00:00+00:00
[2024-05-28T18:36:51.604+0000] {logging_mixin.py:188} INFO - [2024-05-28T18:36:51.604+0000] {dag.py:3954} INFO - Setting next_dagrun for example_branch_datetime_operator_3 to 2024-05-27 00:00:00+00:00, run_after=2024-05-28 00:00:00+00:00
[2024-05-28T18:36:51.625+0000] {processor.py:183} INFO - Processing /home/airflow/.local/lib/python3.8/site-packages/airflow/example_dags/example_branch_datetime_operator.py took 0.106 seconds
[2024-05-28T18:37:22.265+0000] {processor.py:161} INFO - Started process (PID=1221) to work on /home/airflow/.local/lib/python3.8/site-packages/airflow/example_dags/example_branch_datetime_operator.py
[2024-05-28T18:37:22.266+0000] {processor.py:830} INFO - Processing file /home/airflow/.local/lib/python3.8/site-packages/airflow/example_dags/example_branch_datetime_operator.py for tasks to queue
[2024-05-28T18:37:22.271+0000] {logging_mixin.py:188} INFO - [2024-05-28T18:37:22.270+0000] {dagbag.py:545} INFO - Filling up the DagBag from /home/airflow/.local/lib/python3.8/site-packages/airflow/example_dags/example_branch_datetime_operator.py
[2024-05-28T18:37:22.284+0000] {processor.py:840} INFO - DAG(s) 'example_branch_datetime_operator_2', 'example_branch_datetime_operator_3', 'example_branch_datetime_operator' retrieved from /home/airflow/.local/lib/python3.8/site-packages/airflow/example_dags/example_branch_datetime_operator.py
[2024-05-28T18:37:22.318+0000] {logging_mixin.py:188} INFO - [2024-05-28T18:37:22.318+0000] {dag.py:3096} INFO - Sync 3 DAGs
[2024-05-28T18:37:22.344+0000] {logging_mixin.py:188} INFO - [2024-05-28T18:37:22.343+0000] {dag.py:3954} INFO - Setting next_dagrun for example_branch_datetime_operator to 2024-05-27 00:00:00+00:00, run_after=2024-05-28 00:00:00+00:00
[2024-05-28T18:37:22.350+0000] {logging_mixin.py:188} INFO - [2024-05-28T18:37:22.349+0000] {dag.py:3954} INFO - Setting next_dagrun for example_branch_datetime_operator_2 to 2024-05-27 00:00:00+00:00, run_after=2024-05-28 00:00:00+00:00
[2024-05-28T18:37:22.354+0000] {logging_mixin.py:188} INFO - [2024-05-28T18:37:22.353+0000] {dag.py:3954} INFO - Setting next_dagrun for example_branch_datetime_operator_3 to 2024-05-27 00:00:00+00:00, run_after=2024-05-28 00:00:00+00:00
[2024-05-28T18:37:22.374+0000] {processor.py:183} INFO - Processing /home/airflow/.local/lib/python3.8/site-packages/airflow/example_dags/example_branch_datetime_operator.py took 0.116 seconds
[2024-05-28T18:37:52.635+0000] {processor.py:161} INFO - Started process (PID=1299) to work on /home/airflow/.local/lib/python3.8/site-packages/airflow/example_dags/example_branch_datetime_operator.py
[2024-05-28T18:37:52.638+0000] {processor.py:830} INFO - Processing file /home/airflow/.local/lib/python3.8/site-packages/airflow/example_dags/example_branch_datetime_operator.py for tasks to queue
[2024-05-28T18:37:52.641+0000] {logging_mixin.py:188} INFO - [2024-05-28T18:37:52.641+0000] {dagbag.py:545} INFO - Filling up the DagBag from /home/airflow/.local/lib/python3.8/site-packages/airflow/example_dags/example_branch_datetime_operator.py
[2024-05-28T18:37:52.680+0000] {processor.py:840} INFO - DAG(s) 'example_branch_datetime_operator_3', 'example_branch_datetime_operator_2', 'example_branch_datetime_operator' retrieved from /home/airflow/.local/lib/python3.8/site-packages/airflow/example_dags/example_branch_datetime_operator.py
[2024-05-28T18:37:52.751+0000] {logging_mixin.py:188} INFO - [2024-05-28T18:37:52.750+0000] {dag.py:3096} INFO - Sync 3 DAGs
[2024-05-28T18:37:52.828+0000] {logging_mixin.py:188} INFO - [2024-05-28T18:37:52.828+0000] {dag.py:3954} INFO - Setting next_dagrun for example_branch_datetime_operator to 2024-05-27 00:00:00+00:00, run_after=2024-05-28 00:00:00+00:00
[2024-05-28T18:37:52.849+0000] {logging_mixin.py:188} INFO - [2024-05-28T18:37:52.848+0000] {dag.py:3954} INFO - Setting next_dagrun for example_branch_datetime_operator_2 to 2024-05-27 00:00:00+00:00, run_after=2024-05-28 00:00:00+00:00
[2024-05-28T18:37:52.863+0000] {logging_mixin.py:188} INFO - [2024-05-28T18:37:52.862+0000] {dag.py:3954} INFO - Setting next_dagrun for example_branch_datetime_operator_3 to 2024-05-27 00:00:00+00:00, run_after=2024-05-28 00:00:00+00:00
[2024-05-28T18:37:52.950+0000] {processor.py:183} INFO - Processing /home/airflow/.local/lib/python3.8/site-packages/airflow/example_dags/example_branch_datetime_operator.py took 0.329 seconds
[2024-05-28T18:38:23.467+0000] {processor.py:161} INFO - Started process (PID=1369) to work on /home/airflow/.local/lib/python3.8/site-packages/airflow/example_dags/example_branch_datetime_operator.py
[2024-05-28T18:38:23.468+0000] {processor.py:830} INFO - Processing file /home/airflow/.local/lib/python3.8/site-packages/airflow/example_dags/example_branch_datetime_operator.py for tasks to queue
[2024-05-28T18:38:23.470+0000] {logging_mixin.py:188} INFO - [2024-05-28T18:38:23.469+0000] {dagbag.py:545} INFO - Filling up the DagBag from /home/airflow/.local/lib/python3.8/site-packages/airflow/example_dags/example_branch_datetime_operator.py
[2024-05-28T18:38:23.479+0000] {processor.py:840} INFO - DAG(s) 'example_branch_datetime_operator_3', 'example_branch_datetime_operator_2', 'example_branch_datetime_operator' retrieved from /home/airflow/.local/lib/python3.8/site-packages/airflow/example_dags/example_branch_datetime_operator.py
[2024-05-28T18:38:23.506+0000] {logging_mixin.py:188} INFO - [2024-05-28T18:38:23.506+0000] {dag.py:3096} INFO - Sync 3 DAGs
[2024-05-28T18:38:23.528+0000] {logging_mixin.py:188} INFO - [2024-05-28T18:38:23.527+0000] {dag.py:3954} INFO - Setting next_dagrun for example_branch_datetime_operator to 2024-05-27 00:00:00+00:00, run_after=2024-05-28 00:00:00+00:00
[2024-05-28T18:38:23.533+0000] {logging_mixin.py:188} INFO - [2024-05-28T18:38:23.532+0000] {dag.py:3954} INFO - Setting next_dagrun for example_branch_datetime_operator_2 to 2024-05-27 00:00:00+00:00, run_after=2024-05-28 00:00:00+00:00
[2024-05-28T18:38:23.536+0000] {logging_mixin.py:188} INFO - [2024-05-28T18:38:23.535+0000] {dag.py:3954} INFO - Setting next_dagrun for example_branch_datetime_operator_3 to 2024-05-27 00:00:00+00:00, run_after=2024-05-28 00:00:00+00:00
[2024-05-28T18:38:23.554+0000] {processor.py:183} INFO - Processing /home/airflow/.local/lib/python3.8/site-packages/airflow/example_dags/example_branch_datetime_operator.py took 0.094 seconds
[2024-05-28T18:38:54.035+0000] {processor.py:161} INFO - Started process (PID=1439) to work on /home/airflow/.local/lib/python3.8/site-packages/airflow/example_dags/example_branch_datetime_operator.py
[2024-05-28T18:38:54.037+0000] {processor.py:830} INFO - Processing file /home/airflow/.local/lib/python3.8/site-packages/airflow/example_dags/example_branch_datetime_operator.py for tasks to queue
[2024-05-28T18:38:54.039+0000] {logging_mixin.py:188} INFO - [2024-05-28T18:38:54.038+0000] {dagbag.py:545} INFO - Filling up the DagBag from /home/airflow/.local/lib/python3.8/site-packages/airflow/example_dags/example_branch_datetime_operator.py
[2024-05-28T18:38:54.051+0000] {processor.py:840} INFO - DAG(s) 'example_branch_datetime_operator_2', 'example_branch_datetime_operator_3', 'example_branch_datetime_operator' retrieved from /home/airflow/.local/lib/python3.8/site-packages/airflow/example_dags/example_branch_datetime_operator.py
[2024-05-28T18:38:54.089+0000] {logging_mixin.py:188} INFO - [2024-05-28T18:38:54.089+0000] {dag.py:3096} INFO - Sync 3 DAGs
[2024-05-28T18:38:54.128+0000] {logging_mixin.py:188} INFO - [2024-05-28T18:38:54.128+0000] {dag.py:3954} INFO - Setting next_dagrun for example_branch_datetime_operator to 2024-05-27 00:00:00+00:00, run_after=2024-05-28 00:00:00+00:00
[2024-05-28T18:38:54.134+0000] {logging_mixin.py:188} INFO - [2024-05-28T18:38:54.134+0000] {dag.py:3954} INFO - Setting next_dagrun for example_branch_datetime_operator_2 to 2024-05-27 00:00:00+00:00, run_after=2024-05-28 00:00:00+00:00
[2024-05-28T18:38:54.137+0000] {logging_mixin.py:188} INFO - [2024-05-28T18:38:54.137+0000] {dag.py:3954} INFO - Setting next_dagrun for example_branch_datetime_operator_3 to 2024-05-27 00:00:00+00:00, run_after=2024-05-28 00:00:00+00:00
[2024-05-28T18:38:54.158+0000] {processor.py:183} INFO - Processing /home/airflow/.local/lib/python3.8/site-packages/airflow/example_dags/example_branch_datetime_operator.py took 0.130 seconds
[2024-05-28T18:39:24.653+0000] {processor.py:161} INFO - Started process (PID=1517) to work on /home/airflow/.local/lib/python3.8/site-packages/airflow/example_dags/example_branch_datetime_operator.py
[2024-05-28T18:39:24.654+0000] {processor.py:830} INFO - Processing file /home/airflow/.local/lib/python3.8/site-packages/airflow/example_dags/example_branch_datetime_operator.py for tasks to queue
[2024-05-28T18:39:24.657+0000] {logging_mixin.py:188} INFO - [2024-05-28T18:39:24.656+0000] {dagbag.py:545} INFO - Filling up the DagBag from /home/airflow/.local/lib/python3.8/site-packages/airflow/example_dags/example_branch_datetime_operator.py
[2024-05-28T18:39:24.670+0000] {processor.py:840} INFO - DAG(s) 'example_branch_datetime_operator_2', 'example_branch_datetime_operator', 'example_branch_datetime_operator_3' retrieved from /home/airflow/.local/lib/python3.8/site-packages/airflow/example_dags/example_branch_datetime_operator.py
[2024-05-28T18:39:24.704+0000] {logging_mixin.py:188} INFO - [2024-05-28T18:39:24.703+0000] {dag.py:3096} INFO - Sync 3 DAGs
[2024-05-28T18:39:24.731+0000] {logging_mixin.py:188} INFO - [2024-05-28T18:39:24.731+0000] {dag.py:3954} INFO - Setting next_dagrun for example_branch_datetime_operator to 2024-05-27 00:00:00+00:00, run_after=2024-05-28 00:00:00+00:00
[2024-05-28T18:39:24.737+0000] {logging_mixin.py:188} INFO - [2024-05-28T18:39:24.736+0000] {dag.py:3954} INFO - Setting next_dagrun for example_branch_datetime_operator_2 to 2024-05-27 00:00:00+00:00, run_after=2024-05-28 00:00:00+00:00
[2024-05-28T18:39:24.740+0000] {logging_mixin.py:188} INFO - [2024-05-28T18:39:24.740+0000] {dag.py:3954} INFO - Setting next_dagrun for example_branch_datetime_operator_3 to 2024-05-27 00:00:00+00:00, run_after=2024-05-28 00:00:00+00:00
[2024-05-28T18:39:24.759+0000] {processor.py:183} INFO - Processing /home/airflow/.local/lib/python3.8/site-packages/airflow/example_dags/example_branch_datetime_operator.py took 0.114 seconds
[2024-05-28T18:39:54.930+0000] {processor.py:161} INFO - Started process (PID=1587) to work on /home/airflow/.local/lib/python3.8/site-packages/airflow/example_dags/example_branch_datetime_operator.py
[2024-05-28T18:39:54.932+0000] {processor.py:830} INFO - Processing file /home/airflow/.local/lib/python3.8/site-packages/airflow/example_dags/example_branch_datetime_operator.py for tasks to queue
[2024-05-28T18:39:54.934+0000] {logging_mixin.py:188} INFO - [2024-05-28T18:39:54.934+0000] {dagbag.py:545} INFO - Filling up the DagBag from /home/airflow/.local/lib/python3.8/site-packages/airflow/example_dags/example_branch_datetime_operator.py
[2024-05-28T18:39:54.950+0000] {processor.py:840} INFO - DAG(s) 'example_branch_datetime_operator', 'example_branch_datetime_operator_3', 'example_branch_datetime_operator_2' retrieved from /home/airflow/.local/lib/python3.8/site-packages/airflow/example_dags/example_branch_datetime_operator.py
[2024-05-28T18:39:55.000+0000] {logging_mixin.py:188} INFO - [2024-05-28T18:39:55.000+0000] {dag.py:3096} INFO - Sync 3 DAGs
[2024-05-28T18:39:55.084+0000] {logging_mixin.py:188} INFO - [2024-05-28T18:39:55.084+0000] {dag.py:3954} INFO - Setting next_dagrun for example_branch_datetime_operator to 2024-05-27 00:00:00+00:00, run_after=2024-05-28 00:00:00+00:00
[2024-05-28T18:39:55.098+0000] {logging_mixin.py:188} INFO - [2024-05-28T18:39:55.098+0000] {dag.py:3954} INFO - Setting next_dagrun for example_branch_datetime_operator_2 to 2024-05-27 00:00:00+00:00, run_after=2024-05-28 00:00:00+00:00
[2024-05-28T18:39:55.104+0000] {logging_mixin.py:188} INFO - [2024-05-28T18:39:55.104+0000] {dag.py:3954} INFO - Setting next_dagrun for example_branch_datetime_operator_3 to 2024-05-27 00:00:00+00:00, run_after=2024-05-28 00:00:00+00:00
[2024-05-28T18:39:55.166+0000] {processor.py:183} INFO - Processing /home/airflow/.local/lib/python3.8/site-packages/airflow/example_dags/example_branch_datetime_operator.py took 0.245 seconds
[2024-05-28T18:40:25.644+0000] {processor.py:161} INFO - Started process (PID=1658) to work on /home/airflow/.local/lib/python3.8/site-packages/airflow/example_dags/example_branch_datetime_operator.py
[2024-05-28T18:40:25.645+0000] {processor.py:830} INFO - Processing file /home/airflow/.local/lib/python3.8/site-packages/airflow/example_dags/example_branch_datetime_operator.py for tasks to queue
[2024-05-28T18:40:25.647+0000] {logging_mixin.py:188} INFO - [2024-05-28T18:40:25.647+0000] {dagbag.py:545} INFO - Filling up the DagBag from /home/airflow/.local/lib/python3.8/site-packages/airflow/example_dags/example_branch_datetime_operator.py
[2024-05-28T18:40:25.662+0000] {processor.py:840} INFO - DAG(s) 'example_branch_datetime_operator_3', 'example_branch_datetime_operator_2', 'example_branch_datetime_operator' retrieved from /home/airflow/.local/lib/python3.8/site-packages/airflow/example_dags/example_branch_datetime_operator.py
[2024-05-28T18:40:25.696+0000] {logging_mixin.py:188} INFO - [2024-05-28T18:40:25.695+0000] {dag.py:3096} INFO - Sync 3 DAGs
[2024-05-28T18:40:25.721+0000] {logging_mixin.py:188} INFO - [2024-05-28T18:40:25.721+0000] {dag.py:3954} INFO - Setting next_dagrun for example_branch_datetime_operator to 2024-05-27 00:00:00+00:00, run_after=2024-05-28 00:00:00+00:00
[2024-05-28T18:40:25.726+0000] {logging_mixin.py:188} INFO - [2024-05-28T18:40:25.726+0000] {dag.py:3954} INFO - Setting next_dagrun for example_branch_datetime_operator_2 to 2024-05-27 00:00:00+00:00, run_after=2024-05-28 00:00:00+00:00
[2024-05-28T18:40:25.729+0000] {logging_mixin.py:188} INFO - [2024-05-28T18:40:25.729+0000] {dag.py:3954} INFO - Setting next_dagrun for example_branch_datetime_operator_3 to 2024-05-27 00:00:00+00:00, run_after=2024-05-28 00:00:00+00:00
[2024-05-28T18:40:25.749+0000] {processor.py:183} INFO - Processing /home/airflow/.local/lib/python3.8/site-packages/airflow/example_dags/example_branch_datetime_operator.py took 0.113 seconds
[2024-05-28T18:40:56.116+0000] {processor.py:161} INFO - Started process (PID=1736) to work on /home/airflow/.local/lib/python3.8/site-packages/airflow/example_dags/example_branch_datetime_operator.py
[2024-05-28T18:40:56.118+0000] {processor.py:830} INFO - Processing file /home/airflow/.local/lib/python3.8/site-packages/airflow/example_dags/example_branch_datetime_operator.py for tasks to queue
[2024-05-28T18:40:56.119+0000] {logging_mixin.py:188} INFO - [2024-05-28T18:40:56.119+0000] {dagbag.py:545} INFO - Filling up the DagBag from /home/airflow/.local/lib/python3.8/site-packages/airflow/example_dags/example_branch_datetime_operator.py
[2024-05-28T18:40:56.129+0000] {processor.py:840} INFO - DAG(s) 'example_branch_datetime_operator_3', 'example_branch_datetime_operator', 'example_branch_datetime_operator_2' retrieved from /home/airflow/.local/lib/python3.8/site-packages/airflow/example_dags/example_branch_datetime_operator.py
[2024-05-28T18:40:56.158+0000] {logging_mixin.py:188} INFO - [2024-05-28T18:40:56.158+0000] {dag.py:3096} INFO - Sync 3 DAGs
[2024-05-28T18:40:56.180+0000] {logging_mixin.py:188} INFO - [2024-05-28T18:40:56.179+0000] {dag.py:3954} INFO - Setting next_dagrun for example_branch_datetime_operator to 2024-05-27 00:00:00+00:00, run_after=2024-05-28 00:00:00+00:00
[2024-05-28T18:40:56.185+0000] {logging_mixin.py:188} INFO - [2024-05-28T18:40:56.185+0000] {dag.py:3954} INFO - Setting next_dagrun for example_branch_datetime_operator_2 to 2024-05-27 00:00:00+00:00, run_after=2024-05-28 00:00:00+00:00
[2024-05-28T18:40:56.188+0000] {logging_mixin.py:188} INFO - [2024-05-28T18:40:56.188+0000] {dag.py:3954} INFO - Setting next_dagrun for example_branch_datetime_operator_3 to 2024-05-27 00:00:00+00:00, run_after=2024-05-28 00:00:00+00:00
[2024-05-28T18:40:56.210+0000] {processor.py:183} INFO - Processing /home/airflow/.local/lib/python3.8/site-packages/airflow/example_dags/example_branch_datetime_operator.py took 0.100 seconds
[2024-05-28T18:41:26.355+0000] {processor.py:161} INFO - Started process (PID=1807) to work on /home/airflow/.local/lib/python3.8/site-packages/airflow/example_dags/example_branch_datetime_operator.py
[2024-05-28T18:41:26.356+0000] {processor.py:830} INFO - Processing file /home/airflow/.local/lib/python3.8/site-packages/airflow/example_dags/example_branch_datetime_operator.py for tasks to queue
[2024-05-28T18:41:26.358+0000] {logging_mixin.py:188} INFO - [2024-05-28T18:41:26.358+0000] {dagbag.py:545} INFO - Filling up the DagBag from /home/airflow/.local/lib/python3.8/site-packages/airflow/example_dags/example_branch_datetime_operator.py
[2024-05-28T18:41:26.367+0000] {processor.py:840} INFO - DAG(s) 'example_branch_datetime_operator', 'example_branch_datetime_operator_3', 'example_branch_datetime_operator_2' retrieved from /home/airflow/.local/lib/python3.8/site-packages/airflow/example_dags/example_branch_datetime_operator.py
[2024-05-28T18:41:26.395+0000] {logging_mixin.py:188} INFO - [2024-05-28T18:41:26.394+0000] {dag.py:3096} INFO - Sync 3 DAGs
[2024-05-28T18:41:26.416+0000] {logging_mixin.py:188} INFO - [2024-05-28T18:41:26.416+0000] {dag.py:3954} INFO - Setting next_dagrun for example_branch_datetime_operator to 2024-05-27 00:00:00+00:00, run_after=2024-05-28 00:00:00+00:00
[2024-05-28T18:41:26.421+0000] {logging_mixin.py:188} INFO - [2024-05-28T18:41:26.421+0000] {dag.py:3954} INFO - Setting next_dagrun for example_branch_datetime_operator_2 to 2024-05-27 00:00:00+00:00, run_after=2024-05-28 00:00:00+00:00
[2024-05-28T18:41:26.424+0000] {logging_mixin.py:188} INFO - [2024-05-28T18:41:26.424+0000] {dag.py:3954} INFO - Setting next_dagrun for example_branch_datetime_operator_3 to 2024-05-27 00:00:00+00:00, run_after=2024-05-28 00:00:00+00:00
[2024-05-28T18:41:26.441+0000] {processor.py:183} INFO - Processing /home/airflow/.local/lib/python3.8/site-packages/airflow/example_dags/example_branch_datetime_operator.py took 0.093 seconds
[2024-05-28T18:41:56.685+0000] {processor.py:161} INFO - Started process (PID=1883) to work on /home/airflow/.local/lib/python3.8/site-packages/airflow/example_dags/example_branch_datetime_operator.py
[2024-05-28T18:41:56.686+0000] {processor.py:830} INFO - Processing file /home/airflow/.local/lib/python3.8/site-packages/airflow/example_dags/example_branch_datetime_operator.py for tasks to queue
[2024-05-28T18:41:56.688+0000] {logging_mixin.py:188} INFO - [2024-05-28T18:41:56.688+0000] {dagbag.py:545} INFO - Filling up the DagBag from /home/airflow/.local/lib/python3.8/site-packages/airflow/example_dags/example_branch_datetime_operator.py
[2024-05-28T18:41:56.698+0000] {processor.py:840} INFO - DAG(s) 'example_branch_datetime_operator_2', 'example_branch_datetime_operator_3', 'example_branch_datetime_operator' retrieved from /home/airflow/.local/lib/python3.8/site-packages/airflow/example_dags/example_branch_datetime_operator.py
[2024-05-28T18:41:56.730+0000] {logging_mixin.py:188} INFO - [2024-05-28T18:41:56.729+0000] {dag.py:3096} INFO - Sync 3 DAGs
[2024-05-28T18:41:56.765+0000] {logging_mixin.py:188} INFO - [2024-05-28T18:41:56.764+0000] {dag.py:3954} INFO - Setting next_dagrun for example_branch_datetime_operator to 2024-05-27 00:00:00+00:00, run_after=2024-05-28 00:00:00+00:00
[2024-05-28T18:41:56.772+0000] {logging_mixin.py:188} INFO - [2024-05-28T18:41:56.772+0000] {dag.py:3954} INFO - Setting next_dagrun for example_branch_datetime_operator_2 to 2024-05-27 00:00:00+00:00, run_after=2024-05-28 00:00:00+00:00
[2024-05-28T18:41:56.777+0000] {logging_mixin.py:188} INFO - [2024-05-28T18:41:56.776+0000] {dag.py:3954} INFO - Setting next_dagrun for example_branch_datetime_operator_3 to 2024-05-27 00:00:00+00:00, run_after=2024-05-28 00:00:00+00:00
[2024-05-28T18:41:56.802+0000] {processor.py:183} INFO - Processing /home/airflow/.local/lib/python3.8/site-packages/airflow/example_dags/example_branch_datetime_operator.py took 0.123 seconds
[2024-05-28T18:42:27.079+0000] {processor.py:161} INFO - Started process (PID=1953) to work on /home/airflow/.local/lib/python3.8/site-packages/airflow/example_dags/example_branch_datetime_operator.py
[2024-05-28T18:42:27.080+0000] {processor.py:830} INFO - Processing file /home/airflow/.local/lib/python3.8/site-packages/airflow/example_dags/example_branch_datetime_operator.py for tasks to queue
[2024-05-28T18:42:27.082+0000] {logging_mixin.py:188} INFO - [2024-05-28T18:42:27.082+0000] {dagbag.py:545} INFO - Filling up the DagBag from /home/airflow/.local/lib/python3.8/site-packages/airflow/example_dags/example_branch_datetime_operator.py
[2024-05-28T18:42:27.091+0000] {processor.py:840} INFO - DAG(s) 'example_branch_datetime_operator_3', 'example_branch_datetime_operator_2', 'example_branch_datetime_operator' retrieved from /home/airflow/.local/lib/python3.8/site-packages/airflow/example_dags/example_branch_datetime_operator.py
[2024-05-28T18:42:27.121+0000] {logging_mixin.py:188} INFO - [2024-05-28T18:42:27.121+0000] {dag.py:3096} INFO - Sync 3 DAGs
[2024-05-28T18:42:27.143+0000] {logging_mixin.py:188} INFO - [2024-05-28T18:42:27.143+0000] {dag.py:3954} INFO - Setting next_dagrun for example_branch_datetime_operator to 2024-05-27 00:00:00+00:00, run_after=2024-05-28 00:00:00+00:00
[2024-05-28T18:42:27.148+0000] {logging_mixin.py:188} INFO - [2024-05-28T18:42:27.148+0000] {dag.py:3954} INFO - Setting next_dagrun for example_branch_datetime_operator_2 to 2024-05-27 00:00:00+00:00, run_after=2024-05-28 00:00:00+00:00
[2024-05-28T18:42:27.151+0000] {logging_mixin.py:188} INFO - [2024-05-28T18:42:27.151+0000] {dag.py:3954} INFO - Setting next_dagrun for example_branch_datetime_operator_3 to 2024-05-27 00:00:00+00:00, run_after=2024-05-28 00:00:00+00:00
[2024-05-28T18:42:27.172+0000] {processor.py:183} INFO - Processing /home/airflow/.local/lib/python3.8/site-packages/airflow/example_dags/example_branch_datetime_operator.py took 0.099 seconds
[2024-05-28T18:42:57.383+0000] {processor.py:161} INFO - Started process (PID=2023) to work on /home/airflow/.local/lib/python3.8/site-packages/airflow/example_dags/example_branch_datetime_operator.py
[2024-05-28T18:42:57.385+0000] {processor.py:830} INFO - Processing file /home/airflow/.local/lib/python3.8/site-packages/airflow/example_dags/example_branch_datetime_operator.py for tasks to queue
[2024-05-28T18:42:57.386+0000] {logging_mixin.py:188} INFO - [2024-05-28T18:42:57.386+0000] {dagbag.py:545} INFO - Filling up the DagBag from /home/airflow/.local/lib/python3.8/site-packages/airflow/example_dags/example_branch_datetime_operator.py
[2024-05-28T18:42:57.397+0000] {processor.py:840} INFO - DAG(s) 'example_branch_datetime_operator_2', 'example_branch_datetime_operator', 'example_branch_datetime_operator_3' retrieved from /home/airflow/.local/lib/python3.8/site-packages/airflow/example_dags/example_branch_datetime_operator.py
[2024-05-28T18:42:57.430+0000] {logging_mixin.py:188} INFO - [2024-05-28T18:42:57.430+0000] {dag.py:3096} INFO - Sync 3 DAGs
[2024-05-28T18:42:57.461+0000] {logging_mixin.py:188} INFO - [2024-05-28T18:42:57.460+0000] {dag.py:3954} INFO - Setting next_dagrun for example_branch_datetime_operator to 2024-05-27 00:00:00+00:00, run_after=2024-05-28 00:00:00+00:00
[2024-05-28T18:42:57.466+0000] {logging_mixin.py:188} INFO - [2024-05-28T18:42:57.466+0000] {dag.py:3954} INFO - Setting next_dagrun for example_branch_datetime_operator_2 to 2024-05-27 00:00:00+00:00, run_after=2024-05-28 00:00:00+00:00
[2024-05-28T18:42:57.470+0000] {logging_mixin.py:188} INFO - [2024-05-28T18:42:57.469+0000] {dag.py:3954} INFO - Setting next_dagrun for example_branch_datetime_operator_3 to 2024-05-27 00:00:00+00:00, run_after=2024-05-28 00:00:00+00:00
[2024-05-28T18:42:57.493+0000] {processor.py:183} INFO - Processing /home/airflow/.local/lib/python3.8/site-packages/airflow/example_dags/example_branch_datetime_operator.py took 0.115 seconds
[2024-05-28T18:43:27.695+0000] {processor.py:161} INFO - Started process (PID=2102) to work on /home/airflow/.local/lib/python3.8/site-packages/airflow/example_dags/example_branch_datetime_operator.py
[2024-05-28T18:43:27.696+0000] {processor.py:830} INFO - Processing file /home/airflow/.local/lib/python3.8/site-packages/airflow/example_dags/example_branch_datetime_operator.py for tasks to queue
[2024-05-28T18:43:27.698+0000] {logging_mixin.py:188} INFO - [2024-05-28T18:43:27.698+0000] {dagbag.py:545} INFO - Filling up the DagBag from /home/airflow/.local/lib/python3.8/site-packages/airflow/example_dags/example_branch_datetime_operator.py
[2024-05-28T18:43:27.708+0000] {processor.py:840} INFO - DAG(s) 'example_branch_datetime_operator', 'example_branch_datetime_operator_3', 'example_branch_datetime_operator_2' retrieved from /home/airflow/.local/lib/python3.8/site-packages/airflow/example_dags/example_branch_datetime_operator.py
[2024-05-28T18:43:27.750+0000] {logging_mixin.py:188} INFO - [2024-05-28T18:43:27.749+0000] {dag.py:3096} INFO - Sync 3 DAGs
[2024-05-28T18:43:27.776+0000] {logging_mixin.py:188} INFO - [2024-05-28T18:43:27.775+0000] {dag.py:3954} INFO - Setting next_dagrun for example_branch_datetime_operator to 2024-05-27 00:00:00+00:00, run_after=2024-05-28 00:00:00+00:00
[2024-05-28T18:43:27.781+0000] {logging_mixin.py:188} INFO - [2024-05-28T18:43:27.781+0000] {dag.py:3954} INFO - Setting next_dagrun for example_branch_datetime_operator_2 to 2024-05-27 00:00:00+00:00, run_after=2024-05-28 00:00:00+00:00
[2024-05-28T18:43:27.784+0000] {logging_mixin.py:188} INFO - [2024-05-28T18:43:27.784+0000] {dag.py:3954} INFO - Setting next_dagrun for example_branch_datetime_operator_3 to 2024-05-27 00:00:00+00:00, run_after=2024-05-28 00:00:00+00:00
[2024-05-28T18:43:27.805+0000] {processor.py:183} INFO - Processing /home/airflow/.local/lib/python3.8/site-packages/airflow/example_dags/example_branch_datetime_operator.py took 0.116 seconds
[2024-05-28T18:43:58.012+0000] {processor.py:161} INFO - Started process (PID=2172) to work on /home/airflow/.local/lib/python3.8/site-packages/airflow/example_dags/example_branch_datetime_operator.py
[2024-05-28T18:43:58.013+0000] {processor.py:830} INFO - Processing file /home/airflow/.local/lib/python3.8/site-packages/airflow/example_dags/example_branch_datetime_operator.py for tasks to queue
[2024-05-28T18:43:58.015+0000] {logging_mixin.py:188} INFO - [2024-05-28T18:43:58.015+0000] {dagbag.py:545} INFO - Filling up the DagBag from /home/airflow/.local/lib/python3.8/site-packages/airflow/example_dags/example_branch_datetime_operator.py
[2024-05-28T18:43:58.025+0000] {processor.py:840} INFO - DAG(s) 'example_branch_datetime_operator_2', 'example_branch_datetime_operator', 'example_branch_datetime_operator_3' retrieved from /home/airflow/.local/lib/python3.8/site-packages/airflow/example_dags/example_branch_datetime_operator.py
[2024-05-28T18:43:58.055+0000] {logging_mixin.py:188} INFO - [2024-05-28T18:43:58.055+0000] {dag.py:3096} INFO - Sync 3 DAGs
[2024-05-28T18:43:58.078+0000] {logging_mixin.py:188} INFO - [2024-05-28T18:43:58.077+0000] {dag.py:3954} INFO - Setting next_dagrun for example_branch_datetime_operator to 2024-05-27 00:00:00+00:00, run_after=2024-05-28 00:00:00+00:00
[2024-05-28T18:43:58.083+0000] {logging_mixin.py:188} INFO - [2024-05-28T18:43:58.083+0000] {dag.py:3954} INFO - Setting next_dagrun for example_branch_datetime_operator_2 to 2024-05-27 00:00:00+00:00, run_after=2024-05-28 00:00:00+00:00
[2024-05-28T18:43:58.086+0000] {logging_mixin.py:188} INFO - [2024-05-28T18:43:58.086+0000] {dag.py:3954} INFO - Setting next_dagrun for example_branch_datetime_operator_3 to 2024-05-27 00:00:00+00:00, run_after=2024-05-28 00:00:00+00:00
[2024-05-28T18:43:58.107+0000] {processor.py:183} INFO - Processing /home/airflow/.local/lib/python3.8/site-packages/airflow/example_dags/example_branch_datetime_operator.py took 0.101 seconds
[2024-05-28T18:44:28.397+0000] {processor.py:161} INFO - Started process (PID=2251) to work on /home/airflow/.local/lib/python3.8/site-packages/airflow/example_dags/example_branch_datetime_operator.py
[2024-05-28T18:44:28.399+0000] {processor.py:830} INFO - Processing file /home/airflow/.local/lib/python3.8/site-packages/airflow/example_dags/example_branch_datetime_operator.py for tasks to queue
[2024-05-28T18:44:28.402+0000] {logging_mixin.py:188} INFO - [2024-05-28T18:44:28.401+0000] {dagbag.py:545} INFO - Filling up the DagBag from /home/airflow/.local/lib/python3.8/site-packages/airflow/example_dags/example_branch_datetime_operator.py
[2024-05-28T18:44:28.421+0000] {processor.py:840} INFO - DAG(s) 'example_branch_datetime_operator', 'example_branch_datetime_operator_2', 'example_branch_datetime_operator_3' retrieved from /home/airflow/.local/lib/python3.8/site-packages/airflow/example_dags/example_branch_datetime_operator.py
[2024-05-28T18:44:28.456+0000] {logging_mixin.py:188} INFO - [2024-05-28T18:44:28.456+0000] {dag.py:3096} INFO - Sync 3 DAGs
[2024-05-28T18:44:28.484+0000] {logging_mixin.py:188} INFO - [2024-05-28T18:44:28.484+0000] {dag.py:3954} INFO - Setting next_dagrun for example_branch_datetime_operator to 2024-05-27 00:00:00+00:00, run_after=2024-05-28 00:00:00+00:00
[2024-05-28T18:44:28.491+0000] {logging_mixin.py:188} INFO - [2024-05-28T18:44:28.491+0000] {dag.py:3954} INFO - Setting next_dagrun for example_branch_datetime_operator_2 to 2024-05-27 00:00:00+00:00, run_after=2024-05-28 00:00:00+00:00
[2024-05-28T18:44:28.496+0000] {logging_mixin.py:188} INFO - [2024-05-28T18:44:28.495+0000] {dag.py:3954} INFO - Setting next_dagrun for example_branch_datetime_operator_3 to 2024-05-27 00:00:00+00:00, run_after=2024-05-28 00:00:00+00:00
[2024-05-28T18:44:28.519+0000] {processor.py:183} INFO - Processing /home/airflow/.local/lib/python3.8/site-packages/airflow/example_dags/example_branch_datetime_operator.py took 0.132 seconds
[2024-05-28T18:44:59.460+0000] {processor.py:161} INFO - Started process (PID=2321) to work on /home/airflow/.local/lib/python3.8/site-packages/airflow/example_dags/example_branch_datetime_operator.py
[2024-05-28T18:44:59.461+0000] {processor.py:830} INFO - Processing file /home/airflow/.local/lib/python3.8/site-packages/airflow/example_dags/example_branch_datetime_operator.py for tasks to queue
[2024-05-28T18:44:59.463+0000] {logging_mixin.py:188} INFO - [2024-05-28T18:44:59.463+0000] {dagbag.py:545} INFO - Filling up the DagBag from /home/airflow/.local/lib/python3.8/site-packages/airflow/example_dags/example_branch_datetime_operator.py
[2024-05-28T18:44:59.472+0000] {processor.py:840} INFO - DAG(s) 'example_branch_datetime_operator_2', 'example_branch_datetime_operator_3', 'example_branch_datetime_operator' retrieved from /home/airflow/.local/lib/python3.8/site-packages/airflow/example_dags/example_branch_datetime_operator.py
[2024-05-28T18:44:59.501+0000] {logging_mixin.py:188} INFO - [2024-05-28T18:44:59.501+0000] {dag.py:3096} INFO - Sync 3 DAGs
[2024-05-28T18:44:59.524+0000] {logging_mixin.py:188} INFO - [2024-05-28T18:44:59.523+0000] {dag.py:3954} INFO - Setting next_dagrun for example_branch_datetime_operator to 2024-05-27 00:00:00+00:00, run_after=2024-05-28 00:00:00+00:00
[2024-05-28T18:44:59.529+0000] {logging_mixin.py:188} INFO - [2024-05-28T18:44:59.528+0000] {dag.py:3954} INFO - Setting next_dagrun for example_branch_datetime_operator_2 to 2024-05-27 00:00:00+00:00, run_after=2024-05-28 00:00:00+00:00
[2024-05-28T18:44:59.532+0000] {logging_mixin.py:188} INFO - [2024-05-28T18:44:59.532+0000] {dag.py:3954} INFO - Setting next_dagrun for example_branch_datetime_operator_3 to 2024-05-27 00:00:00+00:00, run_after=2024-05-28 00:00:00+00:00
[2024-05-28T18:44:59.552+0000] {processor.py:183} INFO - Processing /home/airflow/.local/lib/python3.8/site-packages/airflow/example_dags/example_branch_datetime_operator.py took 0.098 seconds
[2024-05-28T18:45:29.666+0000] {processor.py:161} INFO - Started process (PID=2399) to work on /home/airflow/.local/lib/python3.8/site-packages/airflow/example_dags/example_branch_datetime_operator.py
[2024-05-28T18:45:29.668+0000] {processor.py:830} INFO - Processing file /home/airflow/.local/lib/python3.8/site-packages/airflow/example_dags/example_branch_datetime_operator.py for tasks to queue
[2024-05-28T18:45:29.670+0000] {logging_mixin.py:188} INFO - [2024-05-28T18:45:29.670+0000] {dagbag.py:545} INFO - Filling up the DagBag from /home/airflow/.local/lib/python3.8/site-packages/airflow/example_dags/example_branch_datetime_operator.py
[2024-05-28T18:45:29.680+0000] {processor.py:840} INFO - DAG(s) 'example_branch_datetime_operator_3', 'example_branch_datetime_operator', 'example_branch_datetime_operator_2' retrieved from /home/airflow/.local/lib/python3.8/site-packages/airflow/example_dags/example_branch_datetime_operator.py
[2024-05-28T18:45:29.719+0000] {logging_mixin.py:188} INFO - [2024-05-28T18:45:29.718+0000] {dag.py:3096} INFO - Sync 3 DAGs
[2024-05-28T18:45:29.749+0000] {logging_mixin.py:188} INFO - [2024-05-28T18:45:29.748+0000] {dag.py:3954} INFO - Setting next_dagrun for example_branch_datetime_operator to 2024-05-27 00:00:00+00:00, run_after=2024-05-28 00:00:00+00:00
[2024-05-28T18:45:29.755+0000] {logging_mixin.py:188} INFO - [2024-05-28T18:45:29.755+0000] {dag.py:3954} INFO - Setting next_dagrun for example_branch_datetime_operator_2 to 2024-05-27 00:00:00+00:00, run_after=2024-05-28 00:00:00+00:00
[2024-05-28T18:45:29.759+0000] {logging_mixin.py:188} INFO - [2024-05-28T18:45:29.758+0000] {dag.py:3954} INFO - Setting next_dagrun for example_branch_datetime_operator_3 to 2024-05-27 00:00:00+00:00, run_after=2024-05-28 00:00:00+00:00
[2024-05-28T18:45:29.777+0000] {processor.py:183} INFO - Processing /home/airflow/.local/lib/python3.8/site-packages/airflow/example_dags/example_branch_datetime_operator.py took 0.118 seconds
[2024-05-28T18:46:00.273+0000] {processor.py:161} INFO - Started process (PID=2469) to work on /home/airflow/.local/lib/python3.8/site-packages/airflow/example_dags/example_branch_datetime_operator.py
[2024-05-28T18:46:00.274+0000] {processor.py:830} INFO - Processing file /home/airflow/.local/lib/python3.8/site-packages/airflow/example_dags/example_branch_datetime_operator.py for tasks to queue
[2024-05-28T18:46:00.276+0000] {logging_mixin.py:188} INFO - [2024-05-28T18:46:00.276+0000] {dagbag.py:545} INFO - Filling up the DagBag from /home/airflow/.local/lib/python3.8/site-packages/airflow/example_dags/example_branch_datetime_operator.py
[2024-05-28T18:46:00.286+0000] {processor.py:840} INFO - DAG(s) 'example_branch_datetime_operator_2', 'example_branch_datetime_operator', 'example_branch_datetime_operator_3' retrieved from /home/airflow/.local/lib/python3.8/site-packages/airflow/example_dags/example_branch_datetime_operator.py
[2024-05-28T18:46:00.314+0000] {logging_mixin.py:188} INFO - [2024-05-28T18:46:00.314+0000] {dag.py:3096} INFO - Sync 3 DAGs
[2024-05-28T18:46:00.336+0000] {logging_mixin.py:188} INFO - [2024-05-28T18:46:00.336+0000] {dag.py:3954} INFO - Setting next_dagrun for example_branch_datetime_operator to 2024-05-27 00:00:00+00:00, run_after=2024-05-28 00:00:00+00:00
[2024-05-28T18:46:00.342+0000] {logging_mixin.py:188} INFO - [2024-05-28T18:46:00.341+0000] {dag.py:3954} INFO - Setting next_dagrun for example_branch_datetime_operator_2 to 2024-05-27 00:00:00+00:00, run_after=2024-05-28 00:00:00+00:00
[2024-05-28T18:46:00.345+0000] {logging_mixin.py:188} INFO - [2024-05-28T18:46:00.345+0000] {dag.py:3954} INFO - Setting next_dagrun for example_branch_datetime_operator_3 to 2024-05-27 00:00:00+00:00, run_after=2024-05-28 00:00:00+00:00
[2024-05-28T18:46:00.366+0000] {processor.py:183} INFO - Processing /home/airflow/.local/lib/python3.8/site-packages/airflow/example_dags/example_branch_datetime_operator.py took 0.098 seconds
[2024-05-28T18:46:30.700+0000] {processor.py:161} INFO - Started process (PID=2539) to work on /home/airflow/.local/lib/python3.8/site-packages/airflow/example_dags/example_branch_datetime_operator.py
[2024-05-28T18:46:30.702+0000] {processor.py:830} INFO - Processing file /home/airflow/.local/lib/python3.8/site-packages/airflow/example_dags/example_branch_datetime_operator.py for tasks to queue
[2024-05-28T18:46:30.704+0000] {logging_mixin.py:188} INFO - [2024-05-28T18:46:30.704+0000] {dagbag.py:545} INFO - Filling up the DagBag from /home/airflow/.local/lib/python3.8/site-packages/airflow/example_dags/example_branch_datetime_operator.py
[2024-05-28T18:46:30.719+0000] {processor.py:840} INFO - DAG(s) 'example_branch_datetime_operator_3', 'example_branch_datetime_operator', 'example_branch_datetime_operator_2' retrieved from /home/airflow/.local/lib/python3.8/site-packages/airflow/example_dags/example_branch_datetime_operator.py
[2024-05-28T18:46:30.749+0000] {logging_mixin.py:188} INFO - [2024-05-28T18:46:30.749+0000] {dag.py:3096} INFO - Sync 3 DAGs
[2024-05-28T18:46:30.778+0000] {logging_mixin.py:188} INFO - [2024-05-28T18:46:30.777+0000] {dag.py:3954} INFO - Setting next_dagrun for example_branch_datetime_operator to 2024-05-27 00:00:00+00:00, run_after=2024-05-28 00:00:00+00:00
[2024-05-28T18:46:30.785+0000] {logging_mixin.py:188} INFO - [2024-05-28T18:46:30.784+0000] {dag.py:3954} INFO - Setting next_dagrun for example_branch_datetime_operator_2 to 2024-05-27 00:00:00+00:00, run_after=2024-05-28 00:00:00+00:00
[2024-05-28T18:46:30.788+0000] {logging_mixin.py:188} INFO - [2024-05-28T18:46:30.788+0000] {dag.py:3954} INFO - Setting next_dagrun for example_branch_datetime_operator_3 to 2024-05-27 00:00:00+00:00, run_after=2024-05-28 00:00:00+00:00
[2024-05-28T18:46:30.810+0000] {processor.py:183} INFO - Processing /home/airflow/.local/lib/python3.8/site-packages/airflow/example_dags/example_branch_datetime_operator.py took 0.117 seconds
[2024-05-28T18:47:01.060+0000] {processor.py:161} INFO - Started process (PID=2617) to work on /home/airflow/.local/lib/python3.8/site-packages/airflow/example_dags/example_branch_datetime_operator.py
[2024-05-28T18:47:01.061+0000] {processor.py:830} INFO - Processing file /home/airflow/.local/lib/python3.8/site-packages/airflow/example_dags/example_branch_datetime_operator.py for tasks to queue
[2024-05-28T18:47:01.063+0000] {logging_mixin.py:188} INFO - [2024-05-28T18:47:01.063+0000] {dagbag.py:545} INFO - Filling up the DagBag from /home/airflow/.local/lib/python3.8/site-packages/airflow/example_dags/example_branch_datetime_operator.py
[2024-05-28T18:47:01.073+0000] {processor.py:840} INFO - DAG(s) 'example_branch_datetime_operator', 'example_branch_datetime_operator_2', 'example_branch_datetime_operator_3' retrieved from /home/airflow/.local/lib/python3.8/site-packages/airflow/example_dags/example_branch_datetime_operator.py
[2024-05-28T18:47:01.102+0000] {logging_mixin.py:188} INFO - [2024-05-28T18:47:01.102+0000] {dag.py:3096} INFO - Sync 3 DAGs
[2024-05-28T18:47:01.124+0000] {logging_mixin.py:188} INFO - [2024-05-28T18:47:01.124+0000] {dag.py:3954} INFO - Setting next_dagrun for example_branch_datetime_operator to 2024-05-27 00:00:00+00:00, run_after=2024-05-28 00:00:00+00:00
[2024-05-28T18:47:01.129+0000] {logging_mixin.py:188} INFO - [2024-05-28T18:47:01.129+0000] {dag.py:3954} INFO - Setting next_dagrun for example_branch_datetime_operator_2 to 2024-05-27 00:00:00+00:00, run_after=2024-05-28 00:00:00+00:00
[2024-05-28T18:47:01.133+0000] {logging_mixin.py:188} INFO - [2024-05-28T18:47:01.133+0000] {dag.py:3954} INFO - Setting next_dagrun for example_branch_datetime_operator_3 to 2024-05-27 00:00:00+00:00, run_after=2024-05-28 00:00:00+00:00
[2024-05-28T18:47:01.156+0000] {processor.py:183} INFO - Processing /home/airflow/.local/lib/python3.8/site-packages/airflow/example_dags/example_branch_datetime_operator.py took 0.101 seconds
[2024-05-28T18:47:31.403+0000] {processor.py:161} INFO - Started process (PID=2687) to work on /home/airflow/.local/lib/python3.8/site-packages/airflow/example_dags/example_branch_datetime_operator.py
[2024-05-28T18:47:31.404+0000] {processor.py:830} INFO - Processing file /home/airflow/.local/lib/python3.8/site-packages/airflow/example_dags/example_branch_datetime_operator.py for tasks to queue
[2024-05-28T18:47:31.406+0000] {logging_mixin.py:188} INFO - [2024-05-28T18:47:31.405+0000] {dagbag.py:545} INFO - Filling up the DagBag from /home/airflow/.local/lib/python3.8/site-packages/airflow/example_dags/example_branch_datetime_operator.py
[2024-05-28T18:47:31.415+0000] {processor.py:840} INFO - DAG(s) 'example_branch_datetime_operator', 'example_branch_datetime_operator_2', 'example_branch_datetime_operator_3' retrieved from /home/airflow/.local/lib/python3.8/site-packages/airflow/example_dags/example_branch_datetime_operator.py
[2024-05-28T18:47:31.444+0000] {logging_mixin.py:188} INFO - [2024-05-28T18:47:31.444+0000] {dag.py:3096} INFO - Sync 3 DAGs
[2024-05-28T18:47:31.468+0000] {logging_mixin.py:188} INFO - [2024-05-28T18:47:31.467+0000] {dag.py:3954} INFO - Setting next_dagrun for example_branch_datetime_operator to 2024-05-27 00:00:00+00:00, run_after=2024-05-28 00:00:00+00:00
[2024-05-28T18:47:31.473+0000] {logging_mixin.py:188} INFO - [2024-05-28T18:47:31.472+0000] {dag.py:3954} INFO - Setting next_dagrun for example_branch_datetime_operator_2 to 2024-05-27 00:00:00+00:00, run_after=2024-05-28 00:00:00+00:00
[2024-05-28T18:47:31.476+0000] {logging_mixin.py:188} INFO - [2024-05-28T18:47:31.475+0000] {dag.py:3954} INFO - Setting next_dagrun for example_branch_datetime_operator_3 to 2024-05-27 00:00:00+00:00, run_after=2024-05-28 00:00:00+00:00
[2024-05-28T18:47:31.495+0000] {processor.py:183} INFO - Processing /home/airflow/.local/lib/python3.8/site-packages/airflow/example_dags/example_branch_datetime_operator.py took 0.098 seconds
[2024-05-28T18:48:01.701+0000] {processor.py:161} INFO - Started process (PID=2765) to work on /home/airflow/.local/lib/python3.8/site-packages/airflow/example_dags/example_branch_datetime_operator.py
[2024-05-28T18:48:01.703+0000] {processor.py:830} INFO - Processing file /home/airflow/.local/lib/python3.8/site-packages/airflow/example_dags/example_branch_datetime_operator.py for tasks to queue
[2024-05-28T18:48:01.704+0000] {logging_mixin.py:188} INFO - [2024-05-28T18:48:01.704+0000] {dagbag.py:545} INFO - Filling up the DagBag from /home/airflow/.local/lib/python3.8/site-packages/airflow/example_dags/example_branch_datetime_operator.py
[2024-05-28T18:48:01.714+0000] {processor.py:840} INFO - DAG(s) 'example_branch_datetime_operator', 'example_branch_datetime_operator_2', 'example_branch_datetime_operator_3' retrieved from /home/airflow/.local/lib/python3.8/site-packages/airflow/example_dags/example_branch_datetime_operator.py
[2024-05-28T18:48:01.745+0000] {logging_mixin.py:188} INFO - [2024-05-28T18:48:01.745+0000] {dag.py:3096} INFO - Sync 3 DAGs
[2024-05-28T18:48:01.771+0000] {logging_mixin.py:188} INFO - [2024-05-28T18:48:01.771+0000] {dag.py:3954} INFO - Setting next_dagrun for example_branch_datetime_operator to 2024-05-27 00:00:00+00:00, run_after=2024-05-28 00:00:00+00:00
[2024-05-28T18:48:01.779+0000] {logging_mixin.py:188} INFO - [2024-05-28T18:48:01.779+0000] {dag.py:3954} INFO - Setting next_dagrun for example_branch_datetime_operator_2 to 2024-05-27 00:00:00+00:00, run_after=2024-05-28 00:00:00+00:00
[2024-05-28T18:48:01.783+0000] {logging_mixin.py:188} INFO - [2024-05-28T18:48:01.783+0000] {dag.py:3954} INFO - Setting next_dagrun for example_branch_datetime_operator_3 to 2024-05-27 00:00:00+00:00, run_after=2024-05-28 00:00:00+00:00
[2024-05-28T18:48:01.805+0000] {processor.py:183} INFO - Processing /home/airflow/.local/lib/python3.8/site-packages/airflow/example_dags/example_branch_datetime_operator.py took 0.110 seconds
[2024-05-28T18:48:32.144+0000] {processor.py:161} INFO - Started process (PID=2835) to work on /home/airflow/.local/lib/python3.8/site-packages/airflow/example_dags/example_branch_datetime_operator.py
[2024-05-28T18:48:32.146+0000] {processor.py:830} INFO - Processing file /home/airflow/.local/lib/python3.8/site-packages/airflow/example_dags/example_branch_datetime_operator.py for tasks to queue
[2024-05-28T18:48:32.148+0000] {logging_mixin.py:188} INFO - [2024-05-28T18:48:32.147+0000] {dagbag.py:545} INFO - Filling up the DagBag from /home/airflow/.local/lib/python3.8/site-packages/airflow/example_dags/example_branch_datetime_operator.py
[2024-05-28T18:48:32.159+0000] {processor.py:840} INFO - DAG(s) 'example_branch_datetime_operator', 'example_branch_datetime_operator_2', 'example_branch_datetime_operator_3' retrieved from /home/airflow/.local/lib/python3.8/site-packages/airflow/example_dags/example_branch_datetime_operator.py
[2024-05-28T18:48:32.188+0000] {logging_mixin.py:188} INFO - [2024-05-28T18:48:32.188+0000] {dag.py:3096} INFO - Sync 3 DAGs
[2024-05-28T18:48:32.210+0000] {logging_mixin.py:188} INFO - [2024-05-28T18:48:32.209+0000] {dag.py:3954} INFO - Setting next_dagrun for example_branch_datetime_operator to 2024-05-27 00:00:00+00:00, run_after=2024-05-28 00:00:00+00:00
[2024-05-28T18:48:32.215+0000] {logging_mixin.py:188} INFO - [2024-05-28T18:48:32.214+0000] {dag.py:3954} INFO - Setting next_dagrun for example_branch_datetime_operator_2 to 2024-05-27 00:00:00+00:00, run_after=2024-05-28 00:00:00+00:00
[2024-05-28T18:48:32.218+0000] {logging_mixin.py:188} INFO - [2024-05-28T18:48:32.218+0000] {dag.py:3954} INFO - Setting next_dagrun for example_branch_datetime_operator_3 to 2024-05-27 00:00:00+00:00, run_after=2024-05-28 00:00:00+00:00
[2024-05-28T18:48:32.237+0000] {processor.py:183} INFO - Processing /home/airflow/.local/lib/python3.8/site-packages/airflow/example_dags/example_branch_datetime_operator.py took 0.099 seconds
[2024-05-28T18:49:02.716+0000] {processor.py:161} INFO - Started process (PID=2912) to work on /home/airflow/.local/lib/python3.8/site-packages/airflow/example_dags/example_branch_datetime_operator.py
[2024-05-28T18:49:02.718+0000] {processor.py:830} INFO - Processing file /home/airflow/.local/lib/python3.8/site-packages/airflow/example_dags/example_branch_datetime_operator.py for tasks to queue
[2024-05-28T18:49:02.720+0000] {logging_mixin.py:188} INFO - [2024-05-28T18:49:02.720+0000] {dagbag.py:545} INFO - Filling up the DagBag from /home/airflow/.local/lib/python3.8/site-packages/airflow/example_dags/example_branch_datetime_operator.py
[2024-05-28T18:49:02.735+0000] {processor.py:840} INFO - DAG(s) 'example_branch_datetime_operator_3', 'example_branch_datetime_operator_2', 'example_branch_datetime_operator' retrieved from /home/airflow/.local/lib/python3.8/site-packages/airflow/example_dags/example_branch_datetime_operator.py
[2024-05-28T18:49:02.770+0000] {logging_mixin.py:188} INFO - [2024-05-28T18:49:02.770+0000] {dag.py:3096} INFO - Sync 3 DAGs
[2024-05-28T18:49:02.797+0000] {logging_mixin.py:188} INFO - [2024-05-28T18:49:02.797+0000] {dag.py:3954} INFO - Setting next_dagrun for example_branch_datetime_operator to 2024-05-27 00:00:00+00:00, run_after=2024-05-28 00:00:00+00:00
[2024-05-28T18:49:02.804+0000] {logging_mixin.py:188} INFO - [2024-05-28T18:49:02.803+0000] {dag.py:3954} INFO - Setting next_dagrun for example_branch_datetime_operator_2 to 2024-05-27 00:00:00+00:00, run_after=2024-05-28 00:00:00+00:00
[2024-05-28T18:49:02.808+0000] {logging_mixin.py:188} INFO - [2024-05-28T18:49:02.808+0000] {dag.py:3954} INFO - Setting next_dagrun for example_branch_datetime_operator_3 to 2024-05-27 00:00:00+00:00, run_after=2024-05-28 00:00:00+00:00
[2024-05-28T18:49:02.830+0000] {processor.py:183} INFO - Processing /home/airflow/.local/lib/python3.8/site-packages/airflow/example_dags/example_branch_datetime_operator.py took 0.121 seconds
[2024-05-28T18:49:33.111+0000] {processor.py:161} INFO - Started process (PID=2983) to work on /home/airflow/.local/lib/python3.8/site-packages/airflow/example_dags/example_branch_datetime_operator.py
[2024-05-28T18:49:33.112+0000] {processor.py:830} INFO - Processing file /home/airflow/.local/lib/python3.8/site-packages/airflow/example_dags/example_branch_datetime_operator.py for tasks to queue
[2024-05-28T18:49:33.114+0000] {logging_mixin.py:188} INFO - [2024-05-28T18:49:33.114+0000] {dagbag.py:545} INFO - Filling up the DagBag from /home/airflow/.local/lib/python3.8/site-packages/airflow/example_dags/example_branch_datetime_operator.py
[2024-05-28T18:49:33.127+0000] {processor.py:840} INFO - DAG(s) 'example_branch_datetime_operator', 'example_branch_datetime_operator_3', 'example_branch_datetime_operator_2' retrieved from /home/airflow/.local/lib/python3.8/site-packages/airflow/example_dags/example_branch_datetime_operator.py
[2024-05-28T18:49:33.158+0000] {logging_mixin.py:188} INFO - [2024-05-28T18:49:33.158+0000] {dag.py:3096} INFO - Sync 3 DAGs
[2024-05-28T18:49:33.181+0000] {logging_mixin.py:188} INFO - [2024-05-28T18:49:33.181+0000] {dag.py:3954} INFO - Setting next_dagrun for example_branch_datetime_operator to 2024-05-27 00:00:00+00:00, run_after=2024-05-28 00:00:00+00:00
[2024-05-28T18:49:33.187+0000] {logging_mixin.py:188} INFO - [2024-05-28T18:49:33.186+0000] {dag.py:3954} INFO - Setting next_dagrun for example_branch_datetime_operator_2 to 2024-05-27 00:00:00+00:00, run_after=2024-05-28 00:00:00+00:00
[2024-05-28T18:49:33.190+0000] {logging_mixin.py:188} INFO - [2024-05-28T18:49:33.190+0000] {dag.py:3954} INFO - Setting next_dagrun for example_branch_datetime_operator_3 to 2024-05-27 00:00:00+00:00, run_after=2024-05-28 00:00:00+00:00
[2024-05-28T18:49:33.210+0000] {processor.py:183} INFO - Processing /home/airflow/.local/lib/python3.8/site-packages/airflow/example_dags/example_branch_datetime_operator.py took 0.105 seconds
[2024-05-28T18:50:03.483+0000] {processor.py:161} INFO - Started process (PID=3053) to work on /home/airflow/.local/lib/python3.8/site-packages/airflow/example_dags/example_branch_datetime_operator.py
[2024-05-28T18:50:03.484+0000] {processor.py:830} INFO - Processing file /home/airflow/.local/lib/python3.8/site-packages/airflow/example_dags/example_branch_datetime_operator.py for tasks to queue
[2024-05-28T18:50:03.486+0000] {logging_mixin.py:188} INFO - [2024-05-28T18:50:03.486+0000] {dagbag.py:545} INFO - Filling up the DagBag from /home/airflow/.local/lib/python3.8/site-packages/airflow/example_dags/example_branch_datetime_operator.py
[2024-05-28T18:50:03.496+0000] {processor.py:840} INFO - DAG(s) 'example_branch_datetime_operator', 'example_branch_datetime_operator_3', 'example_branch_datetime_operator_2' retrieved from /home/airflow/.local/lib/python3.8/site-packages/airflow/example_dags/example_branch_datetime_operator.py
[2024-05-28T18:50:03.525+0000] {logging_mixin.py:188} INFO - [2024-05-28T18:50:03.525+0000] {dag.py:3096} INFO - Sync 3 DAGs
[2024-05-28T18:50:03.547+0000] {logging_mixin.py:188} INFO - [2024-05-28T18:50:03.546+0000] {dag.py:3954} INFO - Setting next_dagrun for example_branch_datetime_operator to 2024-05-27 00:00:00+00:00, run_after=2024-05-28 00:00:00+00:00
[2024-05-28T18:50:03.552+0000] {logging_mixin.py:188} INFO - [2024-05-28T18:50:03.551+0000] {dag.py:3954} INFO - Setting next_dagrun for example_branch_datetime_operator_2 to 2024-05-27 00:00:00+00:00, run_after=2024-05-28 00:00:00+00:00
[2024-05-28T18:50:03.556+0000] {logging_mixin.py:188} INFO - [2024-05-28T18:50:03.555+0000] {dag.py:3954} INFO - Setting next_dagrun for example_branch_datetime_operator_3 to 2024-05-27 00:00:00+00:00, run_after=2024-05-28 00:00:00+00:00
[2024-05-28T18:50:03.576+0000] {processor.py:183} INFO - Processing /home/airflow/.local/lib/python3.8/site-packages/airflow/example_dags/example_branch_datetime_operator.py took 0.099 seconds
[2024-05-28T18:50:33.818+0000] {processor.py:161} INFO - Started process (PID=3131) to work on /home/airflow/.local/lib/python3.8/site-packages/airflow/example_dags/example_branch_datetime_operator.py
[2024-05-28T18:50:33.820+0000] {processor.py:830} INFO - Processing file /home/airflow/.local/lib/python3.8/site-packages/airflow/example_dags/example_branch_datetime_operator.py for tasks to queue
[2024-05-28T18:50:33.821+0000] {logging_mixin.py:188} INFO - [2024-05-28T18:50:33.821+0000] {dagbag.py:545} INFO - Filling up the DagBag from /home/airflow/.local/lib/python3.8/site-packages/airflow/example_dags/example_branch_datetime_operator.py
[2024-05-28T18:50:33.831+0000] {processor.py:840} INFO - DAG(s) 'example_branch_datetime_operator', 'example_branch_datetime_operator_3', 'example_branch_datetime_operator_2' retrieved from /home/airflow/.local/lib/python3.8/site-packages/airflow/example_dags/example_branch_datetime_operator.py
[2024-05-28T18:50:33.861+0000] {logging_mixin.py:188} INFO - [2024-05-28T18:50:33.861+0000] {dag.py:3096} INFO - Sync 3 DAGs
[2024-05-28T18:50:33.886+0000] {logging_mixin.py:188} INFO - [2024-05-28T18:50:33.885+0000] {dag.py:3954} INFO - Setting next_dagrun for example_branch_datetime_operator to 2024-05-27 00:00:00+00:00, run_after=2024-05-28 00:00:00+00:00
[2024-05-28T18:50:33.891+0000] {logging_mixin.py:188} INFO - [2024-05-28T18:50:33.891+0000] {dag.py:3954} INFO - Setting next_dagrun for example_branch_datetime_operator_2 to 2024-05-27 00:00:00+00:00, run_after=2024-05-28 00:00:00+00:00
[2024-05-28T18:50:33.894+0000] {logging_mixin.py:188} INFO - [2024-05-28T18:50:33.894+0000] {dag.py:3954} INFO - Setting next_dagrun for example_branch_datetime_operator_3 to 2024-05-27 00:00:00+00:00, run_after=2024-05-28 00:00:00+00:00
[2024-05-28T18:50:33.915+0000] {processor.py:183} INFO - Processing /home/airflow/.local/lib/python3.8/site-packages/airflow/example_dags/example_branch_datetime_operator.py took 0.103 seconds
[2024-05-28T18:51:04.505+0000] {processor.py:161} INFO - Started process (PID=3202) to work on /home/airflow/.local/lib/python3.8/site-packages/airflow/example_dags/example_branch_datetime_operator.py
[2024-05-28T18:51:04.506+0000] {processor.py:830} INFO - Processing file /home/airflow/.local/lib/python3.8/site-packages/airflow/example_dags/example_branch_datetime_operator.py for tasks to queue
[2024-05-28T18:51:04.508+0000] {logging_mixin.py:188} INFO - [2024-05-28T18:51:04.508+0000] {dagbag.py:545} INFO - Filling up the DagBag from /home/airflow/.local/lib/python3.8/site-packages/airflow/example_dags/example_branch_datetime_operator.py
[2024-05-28T18:51:04.518+0000] {processor.py:840} INFO - DAG(s) 'example_branch_datetime_operator_3', 'example_branch_datetime_operator', 'example_branch_datetime_operator_2' retrieved from /home/airflow/.local/lib/python3.8/site-packages/airflow/example_dags/example_branch_datetime_operator.py
[2024-05-28T18:51:04.550+0000] {logging_mixin.py:188} INFO - [2024-05-28T18:51:04.549+0000] {dag.py:3096} INFO - Sync 3 DAGs
[2024-05-28T18:51:04.573+0000] {logging_mixin.py:188} INFO - [2024-05-28T18:51:04.573+0000] {dag.py:3954} INFO - Setting next_dagrun for example_branch_datetime_operator to 2024-05-27 00:00:00+00:00, run_after=2024-05-28 00:00:00+00:00
[2024-05-28T18:51:04.580+0000] {logging_mixin.py:188} INFO - [2024-05-28T18:51:04.579+0000] {dag.py:3954} INFO - Setting next_dagrun for example_branch_datetime_operator_2 to 2024-05-27 00:00:00+00:00, run_after=2024-05-28 00:00:00+00:00
[2024-05-28T18:51:04.583+0000] {logging_mixin.py:188} INFO - [2024-05-28T18:51:04.583+0000] {dag.py:3954} INFO - Setting next_dagrun for example_branch_datetime_operator_3 to 2024-05-27 00:00:00+00:00, run_after=2024-05-28 00:00:00+00:00
[2024-05-28T18:51:04.603+0000] {processor.py:183} INFO - Processing /home/airflow/.local/lib/python3.8/site-packages/airflow/example_dags/example_branch_datetime_operator.py took 0.104 seconds
