[2024-05-28T18:29:18.755+0000] {processor.py:161} INFO - Started process (PID=90) to work on /home/airflow/.local/lib/python3.8/site-packages/airflow/example_dags/example_bash_decorator.py
[2024-05-28T18:29:18.756+0000] {processor.py:830} INFO - Processing file /home/airflow/.local/lib/python3.8/site-packages/airflow/example_dags/example_bash_decorator.py for tasks to queue
[2024-05-28T18:29:18.759+0000] {logging_mixin.py:188} INFO - [2024-05-28T18:29:18.759+0000] {dagbag.py:545} INFO - Filling up the DagBag from /home/airflow/.local/lib/python3.8/site-packages/airflow/example_dags/example_bash_decorator.py
[2024-05-28T18:29:18.782+0000] {processor.py:840} INFO - DAG(s) 'example_bash_decorator' retrieved from /home/airflow/.local/lib/python3.8/site-packages/airflow/example_dags/example_bash_decorator.py
[2024-05-28T18:29:18.997+0000] {logging_mixin.py:188} INFO - [2024-05-28T18:29:18.996+0000] {dag.py:3096} INFO - Sync 1 DAGs
[2024-05-28T18:29:19.017+0000] {logging_mixin.py:188} INFO - [2024-05-28T18:29:19.017+0000] {dag.py:3954} INFO - Setting next_dagrun for example_bash_decorator to None, run_after=None
[2024-05-28T18:29:19.053+0000] {processor.py:183} INFO - Processing /home/airflow/.local/lib/python3.8/site-packages/airflow/example_dags/example_bash_decorator.py took 0.307 seconds
[2024-05-28T18:29:49.286+0000] {processor.py:161} INFO - Started process (PID=153) to work on /home/airflow/.local/lib/python3.8/site-packages/airflow/example_dags/example_bash_decorator.py
[2024-05-28T18:29:49.288+0000] {processor.py:830} INFO - Processing file /home/airflow/.local/lib/python3.8/site-packages/airflow/example_dags/example_bash_decorator.py for tasks to queue
[2024-05-28T18:29:49.290+0000] {logging_mixin.py:188} INFO - [2024-05-28T18:29:49.290+0000] {dagbag.py:545} INFO - Filling up the DagBag from /home/airflow/.local/lib/python3.8/site-packages/airflow/example_dags/example_bash_decorator.py
[2024-05-28T18:29:49.304+0000] {processor.py:840} INFO - DAG(s) 'example_bash_decorator' retrieved from /home/airflow/.local/lib/python3.8/site-packages/airflow/example_dags/example_bash_decorator.py
[2024-05-28T18:29:49.330+0000] {logging_mixin.py:188} INFO - [2024-05-28T18:29:49.330+0000] {dag.py:3096} INFO - Sync 1 DAGs
[2024-05-28T18:29:49.343+0000] {logging_mixin.py:188} INFO - [2024-05-28T18:29:49.342+0000] {dag.py:3954} INFO - Setting next_dagrun for example_bash_decorator to None, run_after=None
[2024-05-28T18:29:49.363+0000] {processor.py:183} INFO - Processing /home/airflow/.local/lib/python3.8/site-packages/airflow/example_dags/example_bash_decorator.py took 0.083 seconds
[2024-05-28T18:30:19.720+0000] {processor.py:161} INFO - Started process (PID=231) to work on /home/airflow/.local/lib/python3.8/site-packages/airflow/example_dags/example_bash_decorator.py
[2024-05-28T18:30:19.722+0000] {processor.py:830} INFO - Processing file /home/airflow/.local/lib/python3.8/site-packages/airflow/example_dags/example_bash_decorator.py for tasks to queue
[2024-05-28T18:30:19.724+0000] {logging_mixin.py:188} INFO - [2024-05-28T18:30:19.724+0000] {dagbag.py:545} INFO - Filling up the DagBag from /home/airflow/.local/lib/python3.8/site-packages/airflow/example_dags/example_bash_decorator.py
[2024-05-28T18:30:19.738+0000] {processor.py:840} INFO - DAG(s) 'example_bash_decorator' retrieved from /home/airflow/.local/lib/python3.8/site-packages/airflow/example_dags/example_bash_decorator.py
[2024-05-28T18:30:19.762+0000] {logging_mixin.py:188} INFO - [2024-05-28T18:30:19.761+0000] {dag.py:3096} INFO - Sync 1 DAGs
[2024-05-28T18:30:19.777+0000] {logging_mixin.py:188} INFO - [2024-05-28T18:30:19.777+0000] {dag.py:3954} INFO - Setting next_dagrun for example_bash_decorator to None, run_after=None
[2024-05-28T18:30:19.805+0000] {processor.py:183} INFO - Processing /home/airflow/.local/lib/python3.8/site-packages/airflow/example_dags/example_bash_decorator.py took 0.091 seconds
[2024-05-28T18:30:50.157+0000] {processor.py:161} INFO - Started process (PID=301) to work on /home/airflow/.local/lib/python3.8/site-packages/airflow/example_dags/example_bash_decorator.py
[2024-05-28T18:30:50.158+0000] {processor.py:830} INFO - Processing file /home/airflow/.local/lib/python3.8/site-packages/airflow/example_dags/example_bash_decorator.py for tasks to queue
[2024-05-28T18:30:50.161+0000] {logging_mixin.py:188} INFO - [2024-05-28T18:30:50.161+0000] {dagbag.py:545} INFO - Filling up the DagBag from /home/airflow/.local/lib/python3.8/site-packages/airflow/example_dags/example_bash_decorator.py
[2024-05-28T18:30:50.209+0000] {processor.py:840} INFO - DAG(s) 'example_bash_decorator' retrieved from /home/airflow/.local/lib/python3.8/site-packages/airflow/example_dags/example_bash_decorator.py
[2024-05-28T18:30:50.273+0000] {logging_mixin.py:188} INFO - [2024-05-28T18:30:50.273+0000] {dag.py:3096} INFO - Sync 1 DAGs
[2024-05-28T18:30:50.314+0000] {logging_mixin.py:188} INFO - [2024-05-28T18:30:50.314+0000] {dag.py:3954} INFO - Setting next_dagrun for example_bash_decorator to None, run_after=None
[2024-05-28T18:30:50.387+0000] {processor.py:183} INFO - Processing /home/airflow/.local/lib/python3.8/site-packages/airflow/example_dags/example_bash_decorator.py took 0.249 seconds
[2024-05-28T18:31:21.070+0000] {processor.py:161} INFO - Started process (PID=379) to work on /home/airflow/.local/lib/python3.8/site-packages/airflow/example_dags/example_bash_decorator.py
[2024-05-28T18:31:21.072+0000] {processor.py:830} INFO - Processing file /home/airflow/.local/lib/python3.8/site-packages/airflow/example_dags/example_bash_decorator.py for tasks to queue
[2024-05-28T18:31:21.075+0000] {logging_mixin.py:188} INFO - [2024-05-28T18:31:21.075+0000] {dagbag.py:545} INFO - Filling up the DagBag from /home/airflow/.local/lib/python3.8/site-packages/airflow/example_dags/example_bash_decorator.py
[2024-05-28T18:31:21.125+0000] {processor.py:840} INFO - DAG(s) 'example_bash_decorator' retrieved from /home/airflow/.local/lib/python3.8/site-packages/airflow/example_dags/example_bash_decorator.py
[2024-05-28T18:31:21.244+0000] {logging_mixin.py:188} INFO - [2024-05-28T18:31:21.243+0000] {dag.py:3096} INFO - Sync 1 DAGs
[2024-05-28T18:31:21.321+0000] {logging_mixin.py:188} INFO - [2024-05-28T18:31:21.320+0000] {dag.py:3954} INFO - Setting next_dagrun for example_bash_decorator to None, run_after=None
[2024-05-28T18:31:21.409+0000] {processor.py:183} INFO - Processing /home/airflow/.local/lib/python3.8/site-packages/airflow/example_dags/example_bash_decorator.py took 0.366 seconds
[2024-05-28T18:31:52.033+0000] {processor.py:161} INFO - Started process (PID=448) to work on /home/airflow/.local/lib/python3.8/site-packages/airflow/example_dags/example_bash_decorator.py
[2024-05-28T18:31:52.034+0000] {processor.py:830} INFO - Processing file /home/airflow/.local/lib/python3.8/site-packages/airflow/example_dags/example_bash_decorator.py for tasks to queue
[2024-05-28T18:31:52.037+0000] {logging_mixin.py:188} INFO - [2024-05-28T18:31:52.036+0000] {dagbag.py:545} INFO - Filling up the DagBag from /home/airflow/.local/lib/python3.8/site-packages/airflow/example_dags/example_bash_decorator.py
[2024-05-28T18:31:52.051+0000] {processor.py:840} INFO - DAG(s) 'example_bash_decorator' retrieved from /home/airflow/.local/lib/python3.8/site-packages/airflow/example_dags/example_bash_decorator.py
[2024-05-28T18:31:52.078+0000] {logging_mixin.py:188} INFO - [2024-05-28T18:31:52.078+0000] {dag.py:3096} INFO - Sync 1 DAGs
[2024-05-28T18:31:52.089+0000] {logging_mixin.py:188} INFO - [2024-05-28T18:31:52.089+0000] {dag.py:3954} INFO - Setting next_dagrun for example_bash_decorator to None, run_after=None
[2024-05-28T18:31:52.110+0000] {processor.py:183} INFO - Processing /home/airflow/.local/lib/python3.8/site-packages/airflow/example_dags/example_bash_decorator.py took 0.083 seconds
[2024-05-28T18:32:22.279+0000] {processor.py:161} INFO - Started process (PID=518) to work on /home/airflow/.local/lib/python3.8/site-packages/airflow/example_dags/example_bash_decorator.py
[2024-05-28T18:32:22.281+0000] {processor.py:830} INFO - Processing file /home/airflow/.local/lib/python3.8/site-packages/airflow/example_dags/example_bash_decorator.py for tasks to queue
[2024-05-28T18:32:22.283+0000] {logging_mixin.py:188} INFO - [2024-05-28T18:32:22.283+0000] {dagbag.py:545} INFO - Filling up the DagBag from /home/airflow/.local/lib/python3.8/site-packages/airflow/example_dags/example_bash_decorator.py
[2024-05-28T18:32:22.296+0000] {processor.py:840} INFO - DAG(s) 'example_bash_decorator' retrieved from /home/airflow/.local/lib/python3.8/site-packages/airflow/example_dags/example_bash_decorator.py
[2024-05-28T18:32:22.330+0000] {logging_mixin.py:188} INFO - [2024-05-28T18:32:22.329+0000] {dag.py:3096} INFO - Sync 1 DAGs
[2024-05-28T18:32:22.366+0000] {logging_mixin.py:188} INFO - [2024-05-28T18:32:22.365+0000] {dag.py:3954} INFO - Setting next_dagrun for example_bash_decorator to None, run_after=None
[2024-05-28T18:32:22.422+0000] {processor.py:183} INFO - Processing /home/airflow/.local/lib/python3.8/site-packages/airflow/example_dags/example_bash_decorator.py took 0.148 seconds
[2024-05-28T18:32:52.625+0000] {processor.py:161} INFO - Started process (PID=588) to work on /home/airflow/.local/lib/python3.8/site-packages/airflow/example_dags/example_bash_decorator.py
[2024-05-28T18:32:52.627+0000] {processor.py:830} INFO - Processing file /home/airflow/.local/lib/python3.8/site-packages/airflow/example_dags/example_bash_decorator.py for tasks to queue
[2024-05-28T18:32:52.629+0000] {logging_mixin.py:188} INFO - [2024-05-28T18:32:52.628+0000] {dagbag.py:545} INFO - Filling up the DagBag from /home/airflow/.local/lib/python3.8/site-packages/airflow/example_dags/example_bash_decorator.py
[2024-05-28T18:32:52.641+0000] {processor.py:840} INFO - DAG(s) 'example_bash_decorator' retrieved from /home/airflow/.local/lib/python3.8/site-packages/airflow/example_dags/example_bash_decorator.py
[2024-05-28T18:32:52.677+0000] {logging_mixin.py:188} INFO - [2024-05-28T18:32:52.676+0000] {dag.py:3096} INFO - Sync 1 DAGs
[2024-05-28T18:32:52.689+0000] {logging_mixin.py:188} INFO - [2024-05-28T18:32:52.689+0000] {dag.py:3954} INFO - Setting next_dagrun for example_bash_decorator to None, run_after=None
[2024-05-28T18:32:52.712+0000] {processor.py:183} INFO - Processing /home/airflow/.local/lib/python3.8/site-packages/airflow/example_dags/example_bash_decorator.py took 0.092 seconds
[2024-05-28T18:33:23.182+0000] {processor.py:161} INFO - Started process (PID=665) to work on /home/airflow/.local/lib/python3.8/site-packages/airflow/example_dags/example_bash_decorator.py
[2024-05-28T18:33:23.183+0000] {processor.py:830} INFO - Processing file /home/airflow/.local/lib/python3.8/site-packages/airflow/example_dags/example_bash_decorator.py for tasks to queue
[2024-05-28T18:33:23.185+0000] {logging_mixin.py:188} INFO - [2024-05-28T18:33:23.185+0000] {dagbag.py:545} INFO - Filling up the DagBag from /home/airflow/.local/lib/python3.8/site-packages/airflow/example_dags/example_bash_decorator.py
[2024-05-28T18:33:23.199+0000] {processor.py:840} INFO - DAG(s) 'example_bash_decorator' retrieved from /home/airflow/.local/lib/python3.8/site-packages/airflow/example_dags/example_bash_decorator.py
[2024-05-28T18:33:23.229+0000] {logging_mixin.py:188} INFO - [2024-05-28T18:33:23.228+0000] {dag.py:3096} INFO - Sync 1 DAGs
[2024-05-28T18:33:23.246+0000] {logging_mixin.py:188} INFO - [2024-05-28T18:33:23.246+0000] {dag.py:3954} INFO - Setting next_dagrun for example_bash_decorator to None, run_after=None
[2024-05-28T18:33:23.267+0000] {processor.py:183} INFO - Processing /home/airflow/.local/lib/python3.8/site-packages/airflow/example_dags/example_bash_decorator.py took 0.091 seconds
[2024-05-28T18:33:53.673+0000] {processor.py:161} INFO - Started process (PID=735) to work on /home/airflow/.local/lib/python3.8/site-packages/airflow/example_dags/example_bash_decorator.py
[2024-05-28T18:33:53.674+0000] {processor.py:830} INFO - Processing file /home/airflow/.local/lib/python3.8/site-packages/airflow/example_dags/example_bash_decorator.py for tasks to queue
[2024-05-28T18:33:53.677+0000] {logging_mixin.py:188} INFO - [2024-05-28T18:33:53.677+0000] {dagbag.py:545} INFO - Filling up the DagBag from /home/airflow/.local/lib/python3.8/site-packages/airflow/example_dags/example_bash_decorator.py
[2024-05-28T18:33:53.691+0000] {processor.py:840} INFO - DAG(s) 'example_bash_decorator' retrieved from /home/airflow/.local/lib/python3.8/site-packages/airflow/example_dags/example_bash_decorator.py
[2024-05-28T18:33:53.720+0000] {logging_mixin.py:188} INFO - [2024-05-28T18:33:53.720+0000] {dag.py:3096} INFO - Sync 1 DAGs
[2024-05-28T18:33:53.733+0000] {logging_mixin.py:188} INFO - [2024-05-28T18:33:53.732+0000] {dag.py:3954} INFO - Setting next_dagrun for example_bash_decorator to None, run_after=None
[2024-05-28T18:33:53.758+0000] {processor.py:183} INFO - Processing /home/airflow/.local/lib/python3.8/site-packages/airflow/example_dags/example_bash_decorator.py took 0.091 seconds
[2024-05-28T18:34:23.839+0000] {processor.py:161} INFO - Started process (PID=805) to work on /home/airflow/.local/lib/python3.8/site-packages/airflow/example_dags/example_bash_decorator.py
[2024-05-28T18:34:23.840+0000] {processor.py:830} INFO - Processing file /home/airflow/.local/lib/python3.8/site-packages/airflow/example_dags/example_bash_decorator.py for tasks to queue
[2024-05-28T18:34:23.842+0000] {logging_mixin.py:188} INFO - [2024-05-28T18:34:23.842+0000] {dagbag.py:545} INFO - Filling up the DagBag from /home/airflow/.local/lib/python3.8/site-packages/airflow/example_dags/example_bash_decorator.py
[2024-05-28T18:34:23.856+0000] {processor.py:840} INFO - DAG(s) 'example_bash_decorator' retrieved from /home/airflow/.local/lib/python3.8/site-packages/airflow/example_dags/example_bash_decorator.py
[2024-05-28T18:34:23.882+0000] {logging_mixin.py:188} INFO - [2024-05-28T18:34:23.881+0000] {dag.py:3096} INFO - Sync 1 DAGs
[2024-05-28T18:34:23.893+0000] {logging_mixin.py:188} INFO - [2024-05-28T18:34:23.893+0000] {dag.py:3954} INFO - Setting next_dagrun for example_bash_decorator to None, run_after=None
[2024-05-28T18:34:23.915+0000] {processor.py:183} INFO - Processing /home/airflow/.local/lib/python3.8/site-packages/airflow/example_dags/example_bash_decorator.py took 0.082 seconds
[2024-05-28T18:34:54.604+0000] {processor.py:161} INFO - Started process (PID=883) to work on /home/airflow/.local/lib/python3.8/site-packages/airflow/example_dags/example_bash_decorator.py
[2024-05-28T18:34:54.606+0000] {processor.py:830} INFO - Processing file /home/airflow/.local/lib/python3.8/site-packages/airflow/example_dags/example_bash_decorator.py for tasks to queue
[2024-05-28T18:34:54.608+0000] {logging_mixin.py:188} INFO - [2024-05-28T18:34:54.608+0000] {dagbag.py:545} INFO - Filling up the DagBag from /home/airflow/.local/lib/python3.8/site-packages/airflow/example_dags/example_bash_decorator.py
[2024-05-28T18:34:54.623+0000] {processor.py:840} INFO - DAG(s) 'example_bash_decorator' retrieved from /home/airflow/.local/lib/python3.8/site-packages/airflow/example_dags/example_bash_decorator.py
[2024-05-28T18:34:54.653+0000] {logging_mixin.py:188} INFO - [2024-05-28T18:34:54.652+0000] {dag.py:3096} INFO - Sync 1 DAGs
[2024-05-28T18:34:54.666+0000] {logging_mixin.py:188} INFO - [2024-05-28T18:34:54.666+0000] {dag.py:3954} INFO - Setting next_dagrun for example_bash_decorator to None, run_after=None
[2024-05-28T18:34:54.691+0000] {processor.py:183} INFO - Processing /home/airflow/.local/lib/python3.8/site-packages/airflow/example_dags/example_bash_decorator.py took 0.093 seconds
[2024-05-28T18:35:25.579+0000] {processor.py:161} INFO - Started process (PID=953) to work on /home/airflow/.local/lib/python3.8/site-packages/airflow/example_dags/example_bash_decorator.py
[2024-05-28T18:35:25.581+0000] {processor.py:830} INFO - Processing file /home/airflow/.local/lib/python3.8/site-packages/airflow/example_dags/example_bash_decorator.py for tasks to queue
[2024-05-28T18:35:25.584+0000] {logging_mixin.py:188} INFO - [2024-05-28T18:35:25.583+0000] {dagbag.py:545} INFO - Filling up the DagBag from /home/airflow/.local/lib/python3.8/site-packages/airflow/example_dags/example_bash_decorator.py
[2024-05-28T18:35:25.604+0000] {processor.py:840} INFO - DAG(s) 'example_bash_decorator' retrieved from /home/airflow/.local/lib/python3.8/site-packages/airflow/example_dags/example_bash_decorator.py
[2024-05-28T18:35:25.637+0000] {logging_mixin.py:188} INFO - [2024-05-28T18:35:25.637+0000] {dag.py:3096} INFO - Sync 1 DAGs
[2024-05-28T18:35:25.650+0000] {logging_mixin.py:188} INFO - [2024-05-28T18:35:25.650+0000] {dag.py:3954} INFO - Setting next_dagrun for example_bash_decorator to None, run_after=None
[2024-05-28T18:35:25.668+0000] {processor.py:183} INFO - Processing /home/airflow/.local/lib/python3.8/site-packages/airflow/example_dags/example_bash_decorator.py took 0.101 seconds
[2024-05-28T18:35:55.789+0000] {processor.py:161} INFO - Started process (PID=1030) to work on /home/airflow/.local/lib/python3.8/site-packages/airflow/example_dags/example_bash_decorator.py
[2024-05-28T18:35:55.791+0000] {processor.py:830} INFO - Processing file /home/airflow/.local/lib/python3.8/site-packages/airflow/example_dags/example_bash_decorator.py for tasks to queue
[2024-05-28T18:35:55.793+0000] {logging_mixin.py:188} INFO - [2024-05-28T18:35:55.793+0000] {dagbag.py:545} INFO - Filling up the DagBag from /home/airflow/.local/lib/python3.8/site-packages/airflow/example_dags/example_bash_decorator.py
[2024-05-28T18:35:55.809+0000] {processor.py:840} INFO - DAG(s) 'example_bash_decorator' retrieved from /home/airflow/.local/lib/python3.8/site-packages/airflow/example_dags/example_bash_decorator.py
[2024-05-28T18:35:55.834+0000] {logging_mixin.py:188} INFO - [2024-05-28T18:35:55.834+0000] {dag.py:3096} INFO - Sync 1 DAGs
[2024-05-28T18:35:55.846+0000] {logging_mixin.py:188} INFO - [2024-05-28T18:35:55.845+0000] {dag.py:3954} INFO - Setting next_dagrun for example_bash_decorator to None, run_after=None
[2024-05-28T18:35:55.866+0000] {processor.py:183} INFO - Processing /home/airflow/.local/lib/python3.8/site-packages/airflow/example_dags/example_bash_decorator.py took 0.084 seconds
[2024-05-28T18:36:26.537+0000] {processor.py:161} INFO - Started process (PID=1101) to work on /home/airflow/.local/lib/python3.8/site-packages/airflow/example_dags/example_bash_decorator.py
[2024-05-28T18:36:26.538+0000] {processor.py:830} INFO - Processing file /home/airflow/.local/lib/python3.8/site-packages/airflow/example_dags/example_bash_decorator.py for tasks to queue
[2024-05-28T18:36:26.540+0000] {logging_mixin.py:188} INFO - [2024-05-28T18:36:26.540+0000] {dagbag.py:545} INFO - Filling up the DagBag from /home/airflow/.local/lib/python3.8/site-packages/airflow/example_dags/example_bash_decorator.py
[2024-05-28T18:36:26.554+0000] {processor.py:840} INFO - DAG(s) 'example_bash_decorator' retrieved from /home/airflow/.local/lib/python3.8/site-packages/airflow/example_dags/example_bash_decorator.py
[2024-05-28T18:36:26.578+0000] {logging_mixin.py:188} INFO - [2024-05-28T18:36:26.578+0000] {dag.py:3096} INFO - Sync 1 DAGs
[2024-05-28T18:36:26.591+0000] {logging_mixin.py:188} INFO - [2024-05-28T18:36:26.591+0000] {dag.py:3954} INFO - Setting next_dagrun for example_bash_decorator to None, run_after=None
[2024-05-28T18:36:26.610+0000] {processor.py:183} INFO - Processing /home/airflow/.local/lib/python3.8/site-packages/airflow/example_dags/example_bash_decorator.py took 0.079 seconds
[2024-05-28T18:36:56.743+0000] {processor.py:161} INFO - Started process (PID=1171) to work on /home/airflow/.local/lib/python3.8/site-packages/airflow/example_dags/example_bash_decorator.py
[2024-05-28T18:36:56.744+0000] {processor.py:830} INFO - Processing file /home/airflow/.local/lib/python3.8/site-packages/airflow/example_dags/example_bash_decorator.py for tasks to queue
[2024-05-28T18:36:56.747+0000] {logging_mixin.py:188} INFO - [2024-05-28T18:36:56.746+0000] {dagbag.py:545} INFO - Filling up the DagBag from /home/airflow/.local/lib/python3.8/site-packages/airflow/example_dags/example_bash_decorator.py
[2024-05-28T18:36:56.760+0000] {processor.py:840} INFO - DAG(s) 'example_bash_decorator' retrieved from /home/airflow/.local/lib/python3.8/site-packages/airflow/example_dags/example_bash_decorator.py
[2024-05-28T18:36:56.786+0000] {logging_mixin.py:188} INFO - [2024-05-28T18:36:56.786+0000] {dag.py:3096} INFO - Sync 1 DAGs
[2024-05-28T18:36:56.799+0000] {logging_mixin.py:188} INFO - [2024-05-28T18:36:56.799+0000] {dag.py:3954} INFO - Setting next_dagrun for example_bash_decorator to None, run_after=None
[2024-05-28T18:36:56.821+0000] {processor.py:183} INFO - Processing /home/airflow/.local/lib/python3.8/site-packages/airflow/example_dags/example_bash_decorator.py took 0.084 seconds
[2024-05-28T18:37:27.684+0000] {processor.py:161} INFO - Started process (PID=1249) to work on /home/airflow/.local/lib/python3.8/site-packages/airflow/example_dags/example_bash_decorator.py
[2024-05-28T18:37:27.686+0000] {processor.py:830} INFO - Processing file /home/airflow/.local/lib/python3.8/site-packages/airflow/example_dags/example_bash_decorator.py for tasks to queue
[2024-05-28T18:37:27.689+0000] {logging_mixin.py:188} INFO - [2024-05-28T18:37:27.688+0000] {dagbag.py:545} INFO - Filling up the DagBag from /home/airflow/.local/lib/python3.8/site-packages/airflow/example_dags/example_bash_decorator.py
[2024-05-28T18:37:27.705+0000] {processor.py:840} INFO - DAG(s) 'example_bash_decorator' retrieved from /home/airflow/.local/lib/python3.8/site-packages/airflow/example_dags/example_bash_decorator.py
[2024-05-28T18:37:27.733+0000] {logging_mixin.py:188} INFO - [2024-05-28T18:37:27.732+0000] {dag.py:3096} INFO - Sync 1 DAGs
[2024-05-28T18:37:27.748+0000] {logging_mixin.py:188} INFO - [2024-05-28T18:37:27.747+0000] {dag.py:3954} INFO - Setting next_dagrun for example_bash_decorator to None, run_after=None
[2024-05-28T18:37:27.773+0000] {processor.py:183} INFO - Processing /home/airflow/.local/lib/python3.8/site-packages/airflow/example_dags/example_bash_decorator.py took 0.095 seconds
[2024-05-28T18:37:58.096+0000] {processor.py:161} INFO - Started process (PID=1320) to work on /home/airflow/.local/lib/python3.8/site-packages/airflow/example_dags/example_bash_decorator.py
[2024-05-28T18:37:58.097+0000] {processor.py:830} INFO - Processing file /home/airflow/.local/lib/python3.8/site-packages/airflow/example_dags/example_bash_decorator.py for tasks to queue
[2024-05-28T18:37:58.099+0000] {logging_mixin.py:188} INFO - [2024-05-28T18:37:58.099+0000] {dagbag.py:545} INFO - Filling up the DagBag from /home/airflow/.local/lib/python3.8/site-packages/airflow/example_dags/example_bash_decorator.py
[2024-05-28T18:37:58.113+0000] {processor.py:840} INFO - DAG(s) 'example_bash_decorator' retrieved from /home/airflow/.local/lib/python3.8/site-packages/airflow/example_dags/example_bash_decorator.py
[2024-05-28T18:37:58.139+0000] {logging_mixin.py:188} INFO - [2024-05-28T18:37:58.139+0000] {dag.py:3096} INFO - Sync 1 DAGs
[2024-05-28T18:37:58.150+0000] {logging_mixin.py:188} INFO - [2024-05-28T18:37:58.150+0000] {dag.py:3954} INFO - Setting next_dagrun for example_bash_decorator to None, run_after=None
[2024-05-28T18:37:58.171+0000] {processor.py:183} INFO - Processing /home/airflow/.local/lib/python3.8/site-packages/airflow/example_dags/example_bash_decorator.py took 0.081 seconds
[2024-05-28T18:38:28.888+0000] {processor.py:161} INFO - Started process (PID=1390) to work on /home/airflow/.local/lib/python3.8/site-packages/airflow/example_dags/example_bash_decorator.py
[2024-05-28T18:38:28.890+0000] {processor.py:830} INFO - Processing file /home/airflow/.local/lib/python3.8/site-packages/airflow/example_dags/example_bash_decorator.py for tasks to queue
[2024-05-28T18:38:28.894+0000] {logging_mixin.py:188} INFO - [2024-05-28T18:38:28.894+0000] {dagbag.py:545} INFO - Filling up the DagBag from /home/airflow/.local/lib/python3.8/site-packages/airflow/example_dags/example_bash_decorator.py
[2024-05-28T18:38:28.920+0000] {processor.py:840} INFO - DAG(s) 'example_bash_decorator' retrieved from /home/airflow/.local/lib/python3.8/site-packages/airflow/example_dags/example_bash_decorator.py
[2024-05-28T18:38:28.964+0000] {logging_mixin.py:188} INFO - [2024-05-28T18:38:28.964+0000] {dag.py:3096} INFO - Sync 1 DAGs
[2024-05-28T18:38:28.991+0000] {logging_mixin.py:188} INFO - [2024-05-28T18:38:28.991+0000] {dag.py:3954} INFO - Setting next_dagrun for example_bash_decorator to None, run_after=None
[2024-05-28T18:38:29.041+0000] {processor.py:183} INFO - Processing /home/airflow/.local/lib/python3.8/site-packages/airflow/example_dags/example_bash_decorator.py took 0.168 seconds
[2024-05-28T18:38:59.527+0000] {processor.py:161} INFO - Started process (PID=1468) to work on /home/airflow/.local/lib/python3.8/site-packages/airflow/example_dags/example_bash_decorator.py
[2024-05-28T18:38:59.529+0000] {processor.py:830} INFO - Processing file /home/airflow/.local/lib/python3.8/site-packages/airflow/example_dags/example_bash_decorator.py for tasks to queue
[2024-05-28T18:38:59.531+0000] {logging_mixin.py:188} INFO - [2024-05-28T18:38:59.530+0000] {dagbag.py:545} INFO - Filling up the DagBag from /home/airflow/.local/lib/python3.8/site-packages/airflow/example_dags/example_bash_decorator.py
[2024-05-28T18:38:59.543+0000] {processor.py:840} INFO - DAG(s) 'example_bash_decorator' retrieved from /home/airflow/.local/lib/python3.8/site-packages/airflow/example_dags/example_bash_decorator.py
[2024-05-28T18:38:59.569+0000] {logging_mixin.py:188} INFO - [2024-05-28T18:38:59.568+0000] {dag.py:3096} INFO - Sync 1 DAGs
[2024-05-28T18:38:59.581+0000] {logging_mixin.py:188} INFO - [2024-05-28T18:38:59.580+0000] {dag.py:3954} INFO - Setting next_dagrun for example_bash_decorator to None, run_after=None
[2024-05-28T18:38:59.601+0000] {processor.py:183} INFO - Processing /home/airflow/.local/lib/python3.8/site-packages/airflow/example_dags/example_bash_decorator.py took 0.080 seconds
[2024-05-28T18:39:29.978+0000] {processor.py:161} INFO - Started process (PID=1538) to work on /home/airflow/.local/lib/python3.8/site-packages/airflow/example_dags/example_bash_decorator.py
[2024-05-28T18:39:29.980+0000] {processor.py:830} INFO - Processing file /home/airflow/.local/lib/python3.8/site-packages/airflow/example_dags/example_bash_decorator.py for tasks to queue
[2024-05-28T18:39:29.983+0000] {logging_mixin.py:188} INFO - [2024-05-28T18:39:29.982+0000] {dagbag.py:545} INFO - Filling up the DagBag from /home/airflow/.local/lib/python3.8/site-packages/airflow/example_dags/example_bash_decorator.py
[2024-05-28T18:39:29.996+0000] {processor.py:840} INFO - DAG(s) 'example_bash_decorator' retrieved from /home/airflow/.local/lib/python3.8/site-packages/airflow/example_dags/example_bash_decorator.py
[2024-05-28T18:39:30.020+0000] {logging_mixin.py:188} INFO - [2024-05-28T18:39:30.020+0000] {dag.py:3096} INFO - Sync 1 DAGs
[2024-05-28T18:39:30.034+0000] {logging_mixin.py:188} INFO - [2024-05-28T18:39:30.034+0000] {dag.py:3954} INFO - Setting next_dagrun for example_bash_decorator to None, run_after=None
[2024-05-28T18:39:30.056+0000] {processor.py:183} INFO - Processing /home/airflow/.local/lib/python3.8/site-packages/airflow/example_dags/example_bash_decorator.py took 0.085 seconds
[2024-05-28T18:40:00.465+0000] {processor.py:161} INFO - Started process (PID=1608) to work on /home/airflow/.local/lib/python3.8/site-packages/airflow/example_dags/example_bash_decorator.py
[2024-05-28T18:40:00.466+0000] {processor.py:830} INFO - Processing file /home/airflow/.local/lib/python3.8/site-packages/airflow/example_dags/example_bash_decorator.py for tasks to queue
[2024-05-28T18:40:00.468+0000] {logging_mixin.py:188} INFO - [2024-05-28T18:40:00.468+0000] {dagbag.py:545} INFO - Filling up the DagBag from /home/airflow/.local/lib/python3.8/site-packages/airflow/example_dags/example_bash_decorator.py
[2024-05-28T18:40:00.484+0000] {processor.py:840} INFO - DAG(s) 'example_bash_decorator' retrieved from /home/airflow/.local/lib/python3.8/site-packages/airflow/example_dags/example_bash_decorator.py
[2024-05-28T18:40:00.511+0000] {logging_mixin.py:188} INFO - [2024-05-28T18:40:00.511+0000] {dag.py:3096} INFO - Sync 1 DAGs
[2024-05-28T18:40:00.523+0000] {logging_mixin.py:188} INFO - [2024-05-28T18:40:00.523+0000] {dag.py:3954} INFO - Setting next_dagrun for example_bash_decorator to None, run_after=None
[2024-05-28T18:40:00.544+0000] {processor.py:183} INFO - Processing /home/airflow/.local/lib/python3.8/site-packages/airflow/example_dags/example_bash_decorator.py took 0.085 seconds
[2024-05-28T18:40:31.008+0000] {processor.py:161} INFO - Started process (PID=1687) to work on /home/airflow/.local/lib/python3.8/site-packages/airflow/example_dags/example_bash_decorator.py
[2024-05-28T18:40:31.009+0000] {processor.py:830} INFO - Processing file /home/airflow/.local/lib/python3.8/site-packages/airflow/example_dags/example_bash_decorator.py for tasks to queue
[2024-05-28T18:40:31.012+0000] {logging_mixin.py:188} INFO - [2024-05-28T18:40:31.012+0000] {dagbag.py:545} INFO - Filling up the DagBag from /home/airflow/.local/lib/python3.8/site-packages/airflow/example_dags/example_bash_decorator.py
[2024-05-28T18:40:31.029+0000] {processor.py:840} INFO - DAG(s) 'example_bash_decorator' retrieved from /home/airflow/.local/lib/python3.8/site-packages/airflow/example_dags/example_bash_decorator.py
[2024-05-28T18:40:31.055+0000] {logging_mixin.py:188} INFO - [2024-05-28T18:40:31.054+0000] {dag.py:3096} INFO - Sync 1 DAGs
[2024-05-28T18:40:31.066+0000] {logging_mixin.py:188} INFO - [2024-05-28T18:40:31.066+0000] {dag.py:3954} INFO - Setting next_dagrun for example_bash_decorator to None, run_after=None
[2024-05-28T18:40:31.082+0000] {processor.py:183} INFO - Processing /home/airflow/.local/lib/python3.8/site-packages/airflow/example_dags/example_bash_decorator.py took 0.081 seconds
[2024-05-28T18:41:01.417+0000] {processor.py:161} INFO - Started process (PID=1757) to work on /home/airflow/.local/lib/python3.8/site-packages/airflow/example_dags/example_bash_decorator.py
[2024-05-28T18:41:01.419+0000] {processor.py:830} INFO - Processing file /home/airflow/.local/lib/python3.8/site-packages/airflow/example_dags/example_bash_decorator.py for tasks to queue
[2024-05-28T18:41:01.421+0000] {logging_mixin.py:188} INFO - [2024-05-28T18:41:01.421+0000] {dagbag.py:545} INFO - Filling up the DagBag from /home/airflow/.local/lib/python3.8/site-packages/airflow/example_dags/example_bash_decorator.py
[2024-05-28T18:41:01.434+0000] {processor.py:840} INFO - DAG(s) 'example_bash_decorator' retrieved from /home/airflow/.local/lib/python3.8/site-packages/airflow/example_dags/example_bash_decorator.py
[2024-05-28T18:41:01.460+0000] {logging_mixin.py:188} INFO - [2024-05-28T18:41:01.460+0000] {dag.py:3096} INFO - Sync 1 DAGs
[2024-05-28T18:41:01.472+0000] {logging_mixin.py:188} INFO - [2024-05-28T18:41:01.472+0000] {dag.py:3954} INFO - Setting next_dagrun for example_bash_decorator to None, run_after=None
[2024-05-28T18:41:01.492+0000] {processor.py:183} INFO - Processing /home/airflow/.local/lib/python3.8/site-packages/airflow/example_dags/example_bash_decorator.py took 0.081 seconds
[2024-05-28T18:41:31.614+0000] {processor.py:161} INFO - Started process (PID=1835) to work on /home/airflow/.local/lib/python3.8/site-packages/airflow/example_dags/example_bash_decorator.py
[2024-05-28T18:41:31.615+0000] {processor.py:830} INFO - Processing file /home/airflow/.local/lib/python3.8/site-packages/airflow/example_dags/example_bash_decorator.py for tasks to queue
[2024-05-28T18:41:31.618+0000] {logging_mixin.py:188} INFO - [2024-05-28T18:41:31.617+0000] {dagbag.py:545} INFO - Filling up the DagBag from /home/airflow/.local/lib/python3.8/site-packages/airflow/example_dags/example_bash_decorator.py
[2024-05-28T18:41:31.634+0000] {processor.py:840} INFO - DAG(s) 'example_bash_decorator' retrieved from /home/airflow/.local/lib/python3.8/site-packages/airflow/example_dags/example_bash_decorator.py
[2024-05-28T18:41:31.671+0000] {logging_mixin.py:188} INFO - [2024-05-28T18:41:31.671+0000] {dag.py:3096} INFO - Sync 1 DAGs
[2024-05-28T18:41:31.687+0000] {logging_mixin.py:188} INFO - [2024-05-28T18:41:31.687+0000] {dag.py:3954} INFO - Setting next_dagrun for example_bash_decorator to None, run_after=None
[2024-05-28T18:41:31.711+0000] {processor.py:183} INFO - Processing /home/airflow/.local/lib/python3.8/site-packages/airflow/example_dags/example_bash_decorator.py took 0.104 seconds
[2024-05-28T18:42:02.062+0000] {processor.py:161} INFO - Started process (PID=1904) to work on /home/airflow/.local/lib/python3.8/site-packages/airflow/example_dags/example_bash_decorator.py
[2024-05-28T18:42:02.064+0000] {processor.py:830} INFO - Processing file /home/airflow/.local/lib/python3.8/site-packages/airflow/example_dags/example_bash_decorator.py for tasks to queue
[2024-05-28T18:42:02.066+0000] {logging_mixin.py:188} INFO - [2024-05-28T18:42:02.066+0000] {dagbag.py:545} INFO - Filling up the DagBag from /home/airflow/.local/lib/python3.8/site-packages/airflow/example_dags/example_bash_decorator.py
[2024-05-28T18:42:02.080+0000] {processor.py:840} INFO - DAG(s) 'example_bash_decorator' retrieved from /home/airflow/.local/lib/python3.8/site-packages/airflow/example_dags/example_bash_decorator.py
[2024-05-28T18:42:02.106+0000] {logging_mixin.py:188} INFO - [2024-05-28T18:42:02.106+0000] {dag.py:3096} INFO - Sync 1 DAGs
[2024-05-28T18:42:02.118+0000] {logging_mixin.py:188} INFO - [2024-05-28T18:42:02.118+0000] {dag.py:3954} INFO - Setting next_dagrun for example_bash_decorator to None, run_after=None
[2024-05-28T18:42:02.139+0000] {processor.py:183} INFO - Processing /home/airflow/.local/lib/python3.8/site-packages/airflow/example_dags/example_bash_decorator.py took 0.084 seconds
[2024-05-28T18:42:32.379+0000] {processor.py:161} INFO - Started process (PID=1974) to work on /home/airflow/.local/lib/python3.8/site-packages/airflow/example_dags/example_bash_decorator.py
[2024-05-28T18:42:32.381+0000] {processor.py:830} INFO - Processing file /home/airflow/.local/lib/python3.8/site-packages/airflow/example_dags/example_bash_decorator.py for tasks to queue
[2024-05-28T18:42:32.383+0000] {logging_mixin.py:188} INFO - [2024-05-28T18:42:32.383+0000] {dagbag.py:545} INFO - Filling up the DagBag from /home/airflow/.local/lib/python3.8/site-packages/airflow/example_dags/example_bash_decorator.py
[2024-05-28T18:42:32.404+0000] {processor.py:840} INFO - DAG(s) 'example_bash_decorator' retrieved from /home/airflow/.local/lib/python3.8/site-packages/airflow/example_dags/example_bash_decorator.py
[2024-05-28T18:42:32.431+0000] {logging_mixin.py:188} INFO - [2024-05-28T18:42:32.431+0000] {dag.py:3096} INFO - Sync 1 DAGs
[2024-05-28T18:42:32.453+0000] {logging_mixin.py:188} INFO - [2024-05-28T18:42:32.452+0000] {dag.py:3954} INFO - Setting next_dagrun for example_bash_decorator to None, run_after=None
[2024-05-28T18:42:32.475+0000] {processor.py:183} INFO - Processing /home/airflow/.local/lib/python3.8/site-packages/airflow/example_dags/example_bash_decorator.py took 0.104 seconds
[2024-05-28T18:43:02.774+0000] {processor.py:161} INFO - Started process (PID=2053) to work on /home/airflow/.local/lib/python3.8/site-packages/airflow/example_dags/example_bash_decorator.py
[2024-05-28T18:43:02.776+0000] {processor.py:830} INFO - Processing file /home/airflow/.local/lib/python3.8/site-packages/airflow/example_dags/example_bash_decorator.py for tasks to queue
[2024-05-28T18:43:02.778+0000] {logging_mixin.py:188} INFO - [2024-05-28T18:43:02.778+0000] {dagbag.py:545} INFO - Filling up the DagBag from /home/airflow/.local/lib/python3.8/site-packages/airflow/example_dags/example_bash_decorator.py
[2024-05-28T18:43:02.792+0000] {processor.py:840} INFO - DAG(s) 'example_bash_decorator' retrieved from /home/airflow/.local/lib/python3.8/site-packages/airflow/example_dags/example_bash_decorator.py
[2024-05-28T18:43:02.818+0000] {logging_mixin.py:188} INFO - [2024-05-28T18:43:02.818+0000] {dag.py:3096} INFO - Sync 1 DAGs
[2024-05-28T18:43:02.831+0000] {logging_mixin.py:188} INFO - [2024-05-28T18:43:02.831+0000] {dag.py:3954} INFO - Setting next_dagrun for example_bash_decorator to None, run_after=None
[2024-05-28T18:43:02.854+0000] {processor.py:183} INFO - Processing /home/airflow/.local/lib/python3.8/site-packages/airflow/example_dags/example_bash_decorator.py took 0.086 seconds
[2024-05-28T18:43:33.024+0000] {processor.py:161} INFO - Started process (PID=2123) to work on /home/airflow/.local/lib/python3.8/site-packages/airflow/example_dags/example_bash_decorator.py
[2024-05-28T18:43:33.026+0000] {processor.py:830} INFO - Processing file /home/airflow/.local/lib/python3.8/site-packages/airflow/example_dags/example_bash_decorator.py for tasks to queue
[2024-05-28T18:43:33.028+0000] {logging_mixin.py:188} INFO - [2024-05-28T18:43:33.028+0000] {dagbag.py:545} INFO - Filling up the DagBag from /home/airflow/.local/lib/python3.8/site-packages/airflow/example_dags/example_bash_decorator.py
[2024-05-28T18:43:33.041+0000] {processor.py:840} INFO - DAG(s) 'example_bash_decorator' retrieved from /home/airflow/.local/lib/python3.8/site-packages/airflow/example_dags/example_bash_decorator.py
[2024-05-28T18:43:33.066+0000] {logging_mixin.py:188} INFO - [2024-05-28T18:43:33.066+0000] {dag.py:3096} INFO - Sync 1 DAGs
[2024-05-28T18:43:33.078+0000] {logging_mixin.py:188} INFO - [2024-05-28T18:43:33.077+0000] {dag.py:3954} INFO - Setting next_dagrun for example_bash_decorator to None, run_after=None
[2024-05-28T18:43:33.098+0000] {processor.py:183} INFO - Processing /home/airflow/.local/lib/python3.8/site-packages/airflow/example_dags/example_bash_decorator.py took 0.079 seconds
[2024-05-28T18:44:03.350+0000] {processor.py:161} INFO - Started process (PID=2201) to work on /home/airflow/.local/lib/python3.8/site-packages/airflow/example_dags/example_bash_decorator.py
[2024-05-28T18:44:03.351+0000] {processor.py:830} INFO - Processing file /home/airflow/.local/lib/python3.8/site-packages/airflow/example_dags/example_bash_decorator.py for tasks to queue
[2024-05-28T18:44:03.353+0000] {logging_mixin.py:188} INFO - [2024-05-28T18:44:03.353+0000] {dagbag.py:545} INFO - Filling up the DagBag from /home/airflow/.local/lib/python3.8/site-packages/airflow/example_dags/example_bash_decorator.py
[2024-05-28T18:44:03.370+0000] {processor.py:840} INFO - DAG(s) 'example_bash_decorator' retrieved from /home/airflow/.local/lib/python3.8/site-packages/airflow/example_dags/example_bash_decorator.py
[2024-05-28T18:44:03.397+0000] {logging_mixin.py:188} INFO - [2024-05-28T18:44:03.397+0000] {dag.py:3096} INFO - Sync 1 DAGs
[2024-05-28T18:44:03.410+0000] {logging_mixin.py:188} INFO - [2024-05-28T18:44:03.410+0000] {dag.py:3954} INFO - Setting next_dagrun for example_bash_decorator to None, run_after=None
[2024-05-28T18:44:03.431+0000] {processor.py:183} INFO - Processing /home/airflow/.local/lib/python3.8/site-packages/airflow/example_dags/example_bash_decorator.py took 0.089 seconds
[2024-05-28T18:44:33.731+0000] {processor.py:161} INFO - Started process (PID=2272) to work on /home/airflow/.local/lib/python3.8/site-packages/airflow/example_dags/example_bash_decorator.py
[2024-05-28T18:44:33.733+0000] {processor.py:830} INFO - Processing file /home/airflow/.local/lib/python3.8/site-packages/airflow/example_dags/example_bash_decorator.py for tasks to queue
[2024-05-28T18:44:33.735+0000] {logging_mixin.py:188} INFO - [2024-05-28T18:44:33.735+0000] {dagbag.py:545} INFO - Filling up the DagBag from /home/airflow/.local/lib/python3.8/site-packages/airflow/example_dags/example_bash_decorator.py
[2024-05-28T18:44:33.749+0000] {processor.py:840} INFO - DAG(s) 'example_bash_decorator' retrieved from /home/airflow/.local/lib/python3.8/site-packages/airflow/example_dags/example_bash_decorator.py
[2024-05-28T18:44:33.773+0000] {logging_mixin.py:188} INFO - [2024-05-28T18:44:33.773+0000] {dag.py:3096} INFO - Sync 1 DAGs
[2024-05-28T18:44:33.785+0000] {logging_mixin.py:188} INFO - [2024-05-28T18:44:33.785+0000] {dag.py:3954} INFO - Setting next_dagrun for example_bash_decorator to None, run_after=None
[2024-05-28T18:44:33.806+0000] {processor.py:183} INFO - Processing /home/airflow/.local/lib/python3.8/site-packages/airflow/example_dags/example_bash_decorator.py took 0.081 seconds
[2024-05-28T18:45:03.840+0000] {processor.py:161} INFO - Started process (PID=2349) to work on /home/airflow/.local/lib/python3.8/site-packages/airflow/example_dags/example_bash_decorator.py
[2024-05-28T18:45:03.841+0000] {processor.py:830} INFO - Processing file /home/airflow/.local/lib/python3.8/site-packages/airflow/example_dags/example_bash_decorator.py for tasks to queue
[2024-05-28T18:45:03.843+0000] {logging_mixin.py:188} INFO - [2024-05-28T18:45:03.842+0000] {dagbag.py:545} INFO - Filling up the DagBag from /home/airflow/.local/lib/python3.8/site-packages/airflow/example_dags/example_bash_decorator.py
[2024-05-28T18:45:03.859+0000] {processor.py:840} INFO - DAG(s) 'example_bash_decorator' retrieved from /home/airflow/.local/lib/python3.8/site-packages/airflow/example_dags/example_bash_decorator.py
[2024-05-28T18:45:03.891+0000] {logging_mixin.py:188} INFO - [2024-05-28T18:45:03.891+0000] {dag.py:3096} INFO - Sync 1 DAGs
[2024-05-28T18:45:03.905+0000] {logging_mixin.py:188} INFO - [2024-05-28T18:45:03.905+0000] {dag.py:3954} INFO - Setting next_dagrun for example_bash_decorator to None, run_after=None
[2024-05-28T18:45:03.929+0000] {processor.py:183} INFO - Processing /home/airflow/.local/lib/python3.8/site-packages/airflow/example_dags/example_bash_decorator.py took 0.096 seconds
[2024-05-28T18:45:34.322+0000] {processor.py:161} INFO - Started process (PID=2420) to work on /home/airflow/.local/lib/python3.8/site-packages/airflow/example_dags/example_bash_decorator.py
[2024-05-28T18:45:34.324+0000] {processor.py:830} INFO - Processing file /home/airflow/.local/lib/python3.8/site-packages/airflow/example_dags/example_bash_decorator.py for tasks to queue
[2024-05-28T18:45:34.326+0000] {logging_mixin.py:188} INFO - [2024-05-28T18:45:34.325+0000] {dagbag.py:545} INFO - Filling up the DagBag from /home/airflow/.local/lib/python3.8/site-packages/airflow/example_dags/example_bash_decorator.py
[2024-05-28T18:45:34.339+0000] {processor.py:840} INFO - DAG(s) 'example_bash_decorator' retrieved from /home/airflow/.local/lib/python3.8/site-packages/airflow/example_dags/example_bash_decorator.py
[2024-05-28T18:45:34.365+0000] {logging_mixin.py:188} INFO - [2024-05-28T18:45:34.365+0000] {dag.py:3096} INFO - Sync 1 DAGs
[2024-05-28T18:45:34.376+0000] {logging_mixin.py:188} INFO - [2024-05-28T18:45:34.376+0000] {dag.py:3954} INFO - Setting next_dagrun for example_bash_decorator to None, run_after=None
[2024-05-28T18:45:34.397+0000] {processor.py:183} INFO - Processing /home/airflow/.local/lib/python3.8/site-packages/airflow/example_dags/example_bash_decorator.py took 0.082 seconds
[2024-05-28T18:46:04.693+0000] {processor.py:161} INFO - Started process (PID=2490) to work on /home/airflow/.local/lib/python3.8/site-packages/airflow/example_dags/example_bash_decorator.py
[2024-05-28T18:46:04.694+0000] {processor.py:830} INFO - Processing file /home/airflow/.local/lib/python3.8/site-packages/airflow/example_dags/example_bash_decorator.py for tasks to queue
[2024-05-28T18:46:04.696+0000] {logging_mixin.py:188} INFO - [2024-05-28T18:46:04.696+0000] {dagbag.py:545} INFO - Filling up the DagBag from /home/airflow/.local/lib/python3.8/site-packages/airflow/example_dags/example_bash_decorator.py
[2024-05-28T18:46:04.712+0000] {processor.py:840} INFO - DAG(s) 'example_bash_decorator' retrieved from /home/airflow/.local/lib/python3.8/site-packages/airflow/example_dags/example_bash_decorator.py
[2024-05-28T18:46:04.739+0000] {logging_mixin.py:188} INFO - [2024-05-28T18:46:04.739+0000] {dag.py:3096} INFO - Sync 1 DAGs
[2024-05-28T18:46:04.751+0000] {logging_mixin.py:188} INFO - [2024-05-28T18:46:04.751+0000] {dag.py:3954} INFO - Setting next_dagrun for example_bash_decorator to None, run_after=None
[2024-05-28T18:46:04.771+0000] {processor.py:183} INFO - Processing /home/airflow/.local/lib/python3.8/site-packages/airflow/example_dags/example_bash_decorator.py took 0.084 seconds
[2024-05-28T18:46:35.231+0000] {processor.py:161} INFO - Started process (PID=2568) to work on /home/airflow/.local/lib/python3.8/site-packages/airflow/example_dags/example_bash_decorator.py
[2024-05-28T18:46:35.233+0000] {processor.py:830} INFO - Processing file /home/airflow/.local/lib/python3.8/site-packages/airflow/example_dags/example_bash_decorator.py for tasks to queue
[2024-05-28T18:46:35.235+0000] {logging_mixin.py:188} INFO - [2024-05-28T18:46:35.234+0000] {dagbag.py:545} INFO - Filling up the DagBag from /home/airflow/.local/lib/python3.8/site-packages/airflow/example_dags/example_bash_decorator.py
[2024-05-28T18:46:35.249+0000] {processor.py:840} INFO - DAG(s) 'example_bash_decorator' retrieved from /home/airflow/.local/lib/python3.8/site-packages/airflow/example_dags/example_bash_decorator.py
[2024-05-28T18:46:35.274+0000] {logging_mixin.py:188} INFO - [2024-05-28T18:46:35.274+0000] {dag.py:3096} INFO - Sync 1 DAGs
[2024-05-28T18:46:35.286+0000] {logging_mixin.py:188} INFO - [2024-05-28T18:46:35.286+0000] {dag.py:3954} INFO - Setting next_dagrun for example_bash_decorator to None, run_after=None
[2024-05-28T18:46:35.307+0000] {processor.py:183} INFO - Processing /home/airflow/.local/lib/python3.8/site-packages/airflow/example_dags/example_bash_decorator.py took 0.081 seconds
[2024-05-28T18:47:05.562+0000] {processor.py:161} INFO - Started process (PID=2638) to work on /home/airflow/.local/lib/python3.8/site-packages/airflow/example_dags/example_bash_decorator.py
[2024-05-28T18:47:05.563+0000] {processor.py:830} INFO - Processing file /home/airflow/.local/lib/python3.8/site-packages/airflow/example_dags/example_bash_decorator.py for tasks to queue
[2024-05-28T18:47:05.565+0000] {logging_mixin.py:188} INFO - [2024-05-28T18:47:05.565+0000] {dagbag.py:545} INFO - Filling up the DagBag from /home/airflow/.local/lib/python3.8/site-packages/airflow/example_dags/example_bash_decorator.py
[2024-05-28T18:47:05.578+0000] {processor.py:840} INFO - DAG(s) 'example_bash_decorator' retrieved from /home/airflow/.local/lib/python3.8/site-packages/airflow/example_dags/example_bash_decorator.py
[2024-05-28T18:47:05.602+0000] {logging_mixin.py:188} INFO - [2024-05-28T18:47:05.602+0000] {dag.py:3096} INFO - Sync 1 DAGs
[2024-05-28T18:47:05.614+0000] {logging_mixin.py:188} INFO - [2024-05-28T18:47:05.614+0000] {dag.py:3954} INFO - Setting next_dagrun for example_bash_decorator to None, run_after=None
[2024-05-28T18:47:05.634+0000] {processor.py:183} INFO - Processing /home/airflow/.local/lib/python3.8/site-packages/airflow/example_dags/example_bash_decorator.py took 0.079 seconds
[2024-05-28T18:47:35.878+0000] {processor.py:161} INFO - Started process (PID=2715) to work on /home/airflow/.local/lib/python3.8/site-packages/airflow/example_dags/example_bash_decorator.py
[2024-05-28T18:47:35.879+0000] {processor.py:830} INFO - Processing file /home/airflow/.local/lib/python3.8/site-packages/airflow/example_dags/example_bash_decorator.py for tasks to queue
[2024-05-28T18:47:35.882+0000] {logging_mixin.py:188} INFO - [2024-05-28T18:47:35.881+0000] {dagbag.py:545} INFO - Filling up the DagBag from /home/airflow/.local/lib/python3.8/site-packages/airflow/example_dags/example_bash_decorator.py
[2024-05-28T18:47:35.897+0000] {processor.py:840} INFO - DAG(s) 'example_bash_decorator' retrieved from /home/airflow/.local/lib/python3.8/site-packages/airflow/example_dags/example_bash_decorator.py
[2024-05-28T18:47:35.930+0000] {logging_mixin.py:188} INFO - [2024-05-28T18:47:35.930+0000] {dag.py:3096} INFO - Sync 1 DAGs
[2024-05-28T18:47:35.944+0000] {logging_mixin.py:188} INFO - [2024-05-28T18:47:35.944+0000] {dag.py:3954} INFO - Setting next_dagrun for example_bash_decorator to None, run_after=None
[2024-05-28T18:47:35.967+0000] {processor.py:183} INFO - Processing /home/airflow/.local/lib/python3.8/site-packages/airflow/example_dags/example_bash_decorator.py took 0.096 seconds
[2024-05-28T18:48:06.186+0000] {processor.py:161} INFO - Started process (PID=2786) to work on /home/airflow/.local/lib/python3.8/site-packages/airflow/example_dags/example_bash_decorator.py
[2024-05-28T18:48:06.187+0000] {processor.py:830} INFO - Processing file /home/airflow/.local/lib/python3.8/site-packages/airflow/example_dags/example_bash_decorator.py for tasks to queue
[2024-05-28T18:48:06.190+0000] {logging_mixin.py:188} INFO - [2024-05-28T18:48:06.189+0000] {dagbag.py:545} INFO - Filling up the DagBag from /home/airflow/.local/lib/python3.8/site-packages/airflow/example_dags/example_bash_decorator.py
[2024-05-28T18:48:06.204+0000] {processor.py:840} INFO - DAG(s) 'example_bash_decorator' retrieved from /home/airflow/.local/lib/python3.8/site-packages/airflow/example_dags/example_bash_decorator.py
[2024-05-28T18:48:06.229+0000] {logging_mixin.py:188} INFO - [2024-05-28T18:48:06.229+0000] {dag.py:3096} INFO - Sync 1 DAGs
[2024-05-28T18:48:06.241+0000] {logging_mixin.py:188} INFO - [2024-05-28T18:48:06.240+0000] {dag.py:3954} INFO - Setting next_dagrun for example_bash_decorator to None, run_after=None
[2024-05-28T18:48:06.262+0000] {processor.py:183} INFO - Processing /home/airflow/.local/lib/python3.8/site-packages/airflow/example_dags/example_bash_decorator.py took 0.082 seconds
[2024-05-28T18:48:36.510+0000] {processor.py:161} INFO - Started process (PID=2856) to work on /home/airflow/.local/lib/python3.8/site-packages/airflow/example_dags/example_bash_decorator.py
[2024-05-28T18:48:36.511+0000] {processor.py:830} INFO - Processing file /home/airflow/.local/lib/python3.8/site-packages/airflow/example_dags/example_bash_decorator.py for tasks to queue
[2024-05-28T18:48:36.513+0000] {logging_mixin.py:188} INFO - [2024-05-28T18:48:36.513+0000] {dagbag.py:545} INFO - Filling up the DagBag from /home/airflow/.local/lib/python3.8/site-packages/airflow/example_dags/example_bash_decorator.py
[2024-05-28T18:48:36.525+0000] {processor.py:840} INFO - DAG(s) 'example_bash_decorator' retrieved from /home/airflow/.local/lib/python3.8/site-packages/airflow/example_dags/example_bash_decorator.py
[2024-05-28T18:48:36.552+0000] {logging_mixin.py:188} INFO - [2024-05-28T18:48:36.552+0000] {dag.py:3096} INFO - Sync 1 DAGs
[2024-05-28T18:48:36.564+0000] {logging_mixin.py:188} INFO - [2024-05-28T18:48:36.564+0000] {dag.py:3954} INFO - Setting next_dagrun for example_bash_decorator to None, run_after=None
[2024-05-28T18:48:36.585+0000] {processor.py:183} INFO - Processing /home/airflow/.local/lib/python3.8/site-packages/airflow/example_dags/example_bash_decorator.py took 0.081 seconds
[2024-05-28T18:49:07.089+0000] {processor.py:161} INFO - Started process (PID=2934) to work on /home/airflow/.local/lib/python3.8/site-packages/airflow/example_dags/example_bash_decorator.py
[2024-05-28T18:49:07.091+0000] {processor.py:830} INFO - Processing file /home/airflow/.local/lib/python3.8/site-packages/airflow/example_dags/example_bash_decorator.py for tasks to queue
[2024-05-28T18:49:07.092+0000] {logging_mixin.py:188} INFO - [2024-05-28T18:49:07.092+0000] {dagbag.py:545} INFO - Filling up the DagBag from /home/airflow/.local/lib/python3.8/site-packages/airflow/example_dags/example_bash_decorator.py
[2024-05-28T18:49:07.104+0000] {processor.py:840} INFO - DAG(s) 'example_bash_decorator' retrieved from /home/airflow/.local/lib/python3.8/site-packages/airflow/example_dags/example_bash_decorator.py
[2024-05-28T18:49:07.129+0000] {logging_mixin.py:188} INFO - [2024-05-28T18:49:07.129+0000] {dag.py:3096} INFO - Sync 1 DAGs
[2024-05-28T18:49:07.141+0000] {logging_mixin.py:188} INFO - [2024-05-28T18:49:07.141+0000] {dag.py:3954} INFO - Setting next_dagrun for example_bash_decorator to None, run_after=None
[2024-05-28T18:49:07.161+0000] {processor.py:183} INFO - Processing /home/airflow/.local/lib/python3.8/site-packages/airflow/example_dags/example_bash_decorator.py took 0.078 seconds
[2024-05-28T18:49:37.560+0000] {processor.py:161} INFO - Started process (PID=3004) to work on /home/airflow/.local/lib/python3.8/site-packages/airflow/example_dags/example_bash_decorator.py
[2024-05-28T18:49:37.561+0000] {processor.py:830} INFO - Processing file /home/airflow/.local/lib/python3.8/site-packages/airflow/example_dags/example_bash_decorator.py for tasks to queue
[2024-05-28T18:49:37.563+0000] {logging_mixin.py:188} INFO - [2024-05-28T18:49:37.563+0000] {dagbag.py:545} INFO - Filling up the DagBag from /home/airflow/.local/lib/python3.8/site-packages/airflow/example_dags/example_bash_decorator.py
[2024-05-28T18:49:37.577+0000] {processor.py:840} INFO - DAG(s) 'example_bash_decorator' retrieved from /home/airflow/.local/lib/python3.8/site-packages/airflow/example_dags/example_bash_decorator.py
[2024-05-28T18:49:37.604+0000] {logging_mixin.py:188} INFO - [2024-05-28T18:49:37.603+0000] {dag.py:3096} INFO - Sync 1 DAGs
[2024-05-28T18:49:37.616+0000] {logging_mixin.py:188} INFO - [2024-05-28T18:49:37.616+0000] {dag.py:3954} INFO - Setting next_dagrun for example_bash_decorator to None, run_after=None
[2024-05-28T18:49:37.636+0000] {processor.py:183} INFO - Processing /home/airflow/.local/lib/python3.8/site-packages/airflow/example_dags/example_bash_decorator.py took 0.083 seconds
[2024-05-28T18:50:08.015+0000] {processor.py:161} INFO - Started process (PID=3082) to work on /home/airflow/.local/lib/python3.8/site-packages/airflow/example_dags/example_bash_decorator.py
[2024-05-28T18:50:08.016+0000] {processor.py:830} INFO - Processing file /home/airflow/.local/lib/python3.8/site-packages/airflow/example_dags/example_bash_decorator.py for tasks to queue
[2024-05-28T18:50:08.018+0000] {logging_mixin.py:188} INFO - [2024-05-28T18:50:08.018+0000] {dagbag.py:545} INFO - Filling up the DagBag from /home/airflow/.local/lib/python3.8/site-packages/airflow/example_dags/example_bash_decorator.py
[2024-05-28T18:50:08.032+0000] {processor.py:840} INFO - DAG(s) 'example_bash_decorator' retrieved from /home/airflow/.local/lib/python3.8/site-packages/airflow/example_dags/example_bash_decorator.py
[2024-05-28T18:50:08.057+0000] {logging_mixin.py:188} INFO - [2024-05-28T18:50:08.056+0000] {dag.py:3096} INFO - Sync 1 DAGs
[2024-05-28T18:50:08.069+0000] {logging_mixin.py:188} INFO - [2024-05-28T18:50:08.069+0000] {dag.py:3954} INFO - Setting next_dagrun for example_bash_decorator to None, run_after=None
[2024-05-28T18:50:08.090+0000] {processor.py:183} INFO - Processing /home/airflow/.local/lib/python3.8/site-packages/airflow/example_dags/example_bash_decorator.py took 0.081 seconds
[2024-05-28T18:50:38.198+0000] {processor.py:161} INFO - Started process (PID=3152) to work on /home/airflow/.local/lib/python3.8/site-packages/airflow/example_dags/example_bash_decorator.py
[2024-05-28T18:50:38.199+0000] {processor.py:830} INFO - Processing file /home/airflow/.local/lib/python3.8/site-packages/airflow/example_dags/example_bash_decorator.py for tasks to queue
[2024-05-28T18:50:38.201+0000] {logging_mixin.py:188} INFO - [2024-05-28T18:50:38.201+0000] {dagbag.py:545} INFO - Filling up the DagBag from /home/airflow/.local/lib/python3.8/site-packages/airflow/example_dags/example_bash_decorator.py
[2024-05-28T18:50:38.215+0000] {processor.py:840} INFO - DAG(s) 'example_bash_decorator' retrieved from /home/airflow/.local/lib/python3.8/site-packages/airflow/example_dags/example_bash_decorator.py
[2024-05-28T18:50:38.240+0000] {logging_mixin.py:188} INFO - [2024-05-28T18:50:38.239+0000] {dag.py:3096} INFO - Sync 1 DAGs
[2024-05-28T18:50:38.251+0000] {logging_mixin.py:188} INFO - [2024-05-28T18:50:38.251+0000] {dag.py:3954} INFO - Setting next_dagrun for example_bash_decorator to None, run_after=None
[2024-05-28T18:50:38.272+0000] {processor.py:183} INFO - Processing /home/airflow/.local/lib/python3.8/site-packages/airflow/example_dags/example_bash_decorator.py took 0.080 seconds
