[2024-05-28T18:29:09.339+0000] {processor.py:161} INFO - Started process (PID=44) to work on /home/airflow/.local/lib/python3.8/site-packages/airflow/example_dags/example_display_name.py
[2024-05-28T18:29:09.351+0000] {processor.py:830} INFO - Processing file /home/airflow/.local/lib/python3.8/site-packages/airflow/example_dags/example_display_name.py for tasks to queue
[2024-05-28T18:29:09.380+0000] {logging_mixin.py:188} INFO - [2024-05-28T18:29:09.378+0000] {dagbag.py:545} INFO - Filling up the DagBag from /home/airflow/.local/lib/python3.8/site-packages/airflow/example_dags/example_display_name.py
[2024-05-28T18:29:09.476+0000] {processor.py:840} INFO - DAG(s) 'example_display_name' retrieved from /home/airflow/.local/lib/python3.8/site-packages/airflow/example_dags/example_display_name.py
[2024-05-28T18:29:09.548+0000] {logging_mixin.py:188} INFO - [2024-05-28T18:29:09.547+0000] {dag.py:3096} INFO - Sync 1 DAGs
[2024-05-28T18:29:09.582+0000] {logging_mixin.py:188} INFO - [2024-05-28T18:29:09.582+0000] {dag.py:3954} INFO - Setting next_dagrun for example_display_name to None, run_after=None
[2024-05-28T18:29:09.644+0000] {processor.py:183} INFO - Processing /home/airflow/.local/lib/python3.8/site-packages/airflow/example_dags/example_display_name.py took 0.361 seconds
[2024-05-28T18:29:39.879+0000] {processor.py:161} INFO - Started process (PID=114) to work on /home/airflow/.local/lib/python3.8/site-packages/airflow/example_dags/example_display_name.py
[2024-05-28T18:29:39.881+0000] {processor.py:830} INFO - Processing file /home/airflow/.local/lib/python3.8/site-packages/airflow/example_dags/example_display_name.py for tasks to queue
[2024-05-28T18:29:39.883+0000] {logging_mixin.py:188} INFO - [2024-05-28T18:29:39.882+0000] {dagbag.py:545} INFO - Filling up the DagBag from /home/airflow/.local/lib/python3.8/site-packages/airflow/example_dags/example_display_name.py
[2024-05-28T18:29:39.890+0000] {processor.py:840} INFO - DAG(s) 'example_display_name' retrieved from /home/airflow/.local/lib/python3.8/site-packages/airflow/example_dags/example_display_name.py
[2024-05-28T18:29:39.996+0000] {logging_mixin.py:188} INFO - [2024-05-28T18:29:39.996+0000] {dag.py:3096} INFO - Sync 1 DAGs
[2024-05-28T18:29:40.006+0000] {logging_mixin.py:188} INFO - [2024-05-28T18:29:40.006+0000] {dag.py:3954} INFO - Setting next_dagrun for example_display_name to None, run_after=None
[2024-05-28T18:29:40.029+0000] {processor.py:183} INFO - Processing /home/airflow/.local/lib/python3.8/site-packages/airflow/example_dags/example_display_name.py took 0.157 seconds
[2024-05-28T18:30:10.218+0000] {processor.py:161} INFO - Started process (PID=184) to work on /home/airflow/.local/lib/python3.8/site-packages/airflow/example_dags/example_display_name.py
[2024-05-28T18:30:10.220+0000] {processor.py:830} INFO - Processing file /home/airflow/.local/lib/python3.8/site-packages/airflow/example_dags/example_display_name.py for tasks to queue
[2024-05-28T18:30:10.222+0000] {logging_mixin.py:188} INFO - [2024-05-28T18:30:10.221+0000] {dagbag.py:545} INFO - Filling up the DagBag from /home/airflow/.local/lib/python3.8/site-packages/airflow/example_dags/example_display_name.py
[2024-05-28T18:30:10.227+0000] {processor.py:840} INFO - DAG(s) 'example_display_name' retrieved from /home/airflow/.local/lib/python3.8/site-packages/airflow/example_dags/example_display_name.py
[2024-05-28T18:30:10.250+0000] {logging_mixin.py:188} INFO - [2024-05-28T18:30:10.249+0000] {dag.py:3096} INFO - Sync 1 DAGs
[2024-05-28T18:30:10.263+0000] {logging_mixin.py:188} INFO - [2024-05-28T18:30:10.263+0000] {dag.py:3954} INFO - Setting next_dagrun for example_display_name to None, run_after=None
[2024-05-28T18:30:10.289+0000] {processor.py:183} INFO - Processing /home/airflow/.local/lib/python3.8/site-packages/airflow/example_dags/example_display_name.py took 0.077 seconds
[2024-05-28T18:30:40.597+0000] {processor.py:161} INFO - Started process (PID=254) to work on /home/airflow/.local/lib/python3.8/site-packages/airflow/example_dags/example_display_name.py
[2024-05-28T18:30:40.598+0000] {processor.py:830} INFO - Processing file /home/airflow/.local/lib/python3.8/site-packages/airflow/example_dags/example_display_name.py for tasks to queue
[2024-05-28T18:30:40.600+0000] {logging_mixin.py:188} INFO - [2024-05-28T18:30:40.599+0000] {dagbag.py:545} INFO - Filling up the DagBag from /home/airflow/.local/lib/python3.8/site-packages/airflow/example_dags/example_display_name.py
[2024-05-28T18:30:40.605+0000] {processor.py:840} INFO - DAG(s) 'example_display_name' retrieved from /home/airflow/.local/lib/python3.8/site-packages/airflow/example_dags/example_display_name.py
[2024-05-28T18:30:40.627+0000] {logging_mixin.py:188} INFO - [2024-05-28T18:30:40.627+0000] {dag.py:3096} INFO - Sync 1 DAGs
[2024-05-28T18:30:40.645+0000] {logging_mixin.py:188} INFO - [2024-05-28T18:30:40.644+0000] {dag.py:3954} INFO - Setting next_dagrun for example_display_name to None, run_after=None
[2024-05-28T18:30:40.668+0000] {processor.py:183} INFO - Processing /home/airflow/.local/lib/python3.8/site-packages/airflow/example_dags/example_display_name.py took 0.077 seconds
[2024-05-28T18:31:11.160+0000] {processor.py:161} INFO - Started process (PID=332) to work on /home/airflow/.local/lib/python3.8/site-packages/airflow/example_dags/example_display_name.py
[2024-05-28T18:31:11.161+0000] {processor.py:830} INFO - Processing file /home/airflow/.local/lib/python3.8/site-packages/airflow/example_dags/example_display_name.py for tasks to queue
[2024-05-28T18:31:11.163+0000] {logging_mixin.py:188} INFO - [2024-05-28T18:31:11.162+0000] {dagbag.py:545} INFO - Filling up the DagBag from /home/airflow/.local/lib/python3.8/site-packages/airflow/example_dags/example_display_name.py
[2024-05-28T18:31:11.168+0000] {processor.py:840} INFO - DAG(s) 'example_display_name' retrieved from /home/airflow/.local/lib/python3.8/site-packages/airflow/example_dags/example_display_name.py
[2024-05-28T18:31:11.189+0000] {logging_mixin.py:188} INFO - [2024-05-28T18:31:11.189+0000] {dag.py:3096} INFO - Sync 1 DAGs
[2024-05-28T18:31:11.202+0000] {logging_mixin.py:188} INFO - [2024-05-28T18:31:11.202+0000] {dag.py:3954} INFO - Setting next_dagrun for example_display_name to None, run_after=None
[2024-05-28T18:31:11.222+0000] {processor.py:183} INFO - Processing /home/airflow/.local/lib/python3.8/site-packages/airflow/example_dags/example_display_name.py took 0.068 seconds
[2024-05-28T18:31:41.495+0000] {processor.py:161} INFO - Started process (PID=401) to work on /home/airflow/.local/lib/python3.8/site-packages/airflow/example_dags/example_display_name.py
[2024-05-28T18:31:41.497+0000] {processor.py:830} INFO - Processing file /home/airflow/.local/lib/python3.8/site-packages/airflow/example_dags/example_display_name.py for tasks to queue
[2024-05-28T18:31:41.499+0000] {logging_mixin.py:188} INFO - [2024-05-28T18:31:41.498+0000] {dagbag.py:545} INFO - Filling up the DagBag from /home/airflow/.local/lib/python3.8/site-packages/airflow/example_dags/example_display_name.py
[2024-05-28T18:31:41.505+0000] {processor.py:840} INFO - DAG(s) 'example_display_name' retrieved from /home/airflow/.local/lib/python3.8/site-packages/airflow/example_dags/example_display_name.py
[2024-05-28T18:31:41.524+0000] {logging_mixin.py:188} INFO - [2024-05-28T18:31:41.524+0000] {dag.py:3096} INFO - Sync 1 DAGs
[2024-05-28T18:31:41.536+0000] {logging_mixin.py:188} INFO - [2024-05-28T18:31:41.536+0000] {dag.py:3954} INFO - Setting next_dagrun for example_display_name to None, run_after=None
[2024-05-28T18:31:41.556+0000] {processor.py:183} INFO - Processing /home/airflow/.local/lib/python3.8/site-packages/airflow/example_dags/example_display_name.py took 0.067 seconds
[2024-05-28T18:32:12.330+0000] {processor.py:161} INFO - Started process (PID=471) to work on /home/airflow/.local/lib/python3.8/site-packages/airflow/example_dags/example_display_name.py
[2024-05-28T18:32:12.349+0000] {processor.py:830} INFO - Processing file /home/airflow/.local/lib/python3.8/site-packages/airflow/example_dags/example_display_name.py for tasks to queue
[2024-05-28T18:32:12.366+0000] {logging_mixin.py:188} INFO - [2024-05-28T18:32:12.365+0000] {dagbag.py:545} INFO - Filling up the DagBag from /home/airflow/.local/lib/python3.8/site-packages/airflow/example_dags/example_display_name.py
[2024-05-28T18:32:12.379+0000] {processor.py:840} INFO - DAG(s) 'example_display_name' retrieved from /home/airflow/.local/lib/python3.8/site-packages/airflow/example_dags/example_display_name.py
[2024-05-28T18:32:12.450+0000] {logging_mixin.py:188} INFO - [2024-05-28T18:32:12.450+0000] {dag.py:3096} INFO - Sync 1 DAGs
[2024-05-28T18:32:12.510+0000] {logging_mixin.py:188} INFO - [2024-05-28T18:32:12.510+0000] {dag.py:3954} INFO - Setting next_dagrun for example_display_name to None, run_after=None
[2024-05-28T18:32:12.575+0000] {processor.py:183} INFO - Processing /home/airflow/.local/lib/python3.8/site-packages/airflow/example_dags/example_display_name.py took 0.259 seconds
[2024-05-28T18:32:43.192+0000] {processor.py:161} INFO - Started process (PID=548) to work on /home/airflow/.local/lib/python3.8/site-packages/airflow/example_dags/example_display_name.py
[2024-05-28T18:32:43.194+0000] {processor.py:830} INFO - Processing file /home/airflow/.local/lib/python3.8/site-packages/airflow/example_dags/example_display_name.py for tasks to queue
[2024-05-28T18:32:43.196+0000] {logging_mixin.py:188} INFO - [2024-05-28T18:32:43.196+0000] {dagbag.py:545} INFO - Filling up the DagBag from /home/airflow/.local/lib/python3.8/site-packages/airflow/example_dags/example_display_name.py
[2024-05-28T18:32:43.203+0000] {processor.py:840} INFO - DAG(s) 'example_display_name' retrieved from /home/airflow/.local/lib/python3.8/site-packages/airflow/example_dags/example_display_name.py
[2024-05-28T18:32:43.226+0000] {logging_mixin.py:188} INFO - [2024-05-28T18:32:43.226+0000] {dag.py:3096} INFO - Sync 1 DAGs
[2024-05-28T18:32:43.242+0000] {logging_mixin.py:188} INFO - [2024-05-28T18:32:43.242+0000] {dag.py:3954} INFO - Setting next_dagrun for example_display_name to None, run_after=None
[2024-05-28T18:32:43.263+0000] {processor.py:183} INFO - Processing /home/airflow/.local/lib/python3.8/site-packages/airflow/example_dags/example_display_name.py took 0.080 seconds
[2024-05-28T18:33:13.522+0000] {processor.py:161} INFO - Started process (PID=618) to work on /home/airflow/.local/lib/python3.8/site-packages/airflow/example_dags/example_display_name.py
[2024-05-28T18:33:13.523+0000] {processor.py:830} INFO - Processing file /home/airflow/.local/lib/python3.8/site-packages/airflow/example_dags/example_display_name.py for tasks to queue
[2024-05-28T18:33:13.525+0000] {logging_mixin.py:188} INFO - [2024-05-28T18:33:13.525+0000] {dagbag.py:545} INFO - Filling up the DagBag from /home/airflow/.local/lib/python3.8/site-packages/airflow/example_dags/example_display_name.py
[2024-05-28T18:33:13.530+0000] {processor.py:840} INFO - DAG(s) 'example_display_name' retrieved from /home/airflow/.local/lib/python3.8/site-packages/airflow/example_dags/example_display_name.py
[2024-05-28T18:33:13.551+0000] {logging_mixin.py:188} INFO - [2024-05-28T18:33:13.551+0000] {dag.py:3096} INFO - Sync 1 DAGs
[2024-05-28T18:33:13.565+0000] {logging_mixin.py:188} INFO - [2024-05-28T18:33:13.564+0000] {dag.py:3954} INFO - Setting next_dagrun for example_display_name to None, run_after=None
[2024-05-28T18:33:13.586+0000] {processor.py:183} INFO - Processing /home/airflow/.local/lib/python3.8/site-packages/airflow/example_dags/example_display_name.py took 0.071 seconds
[2024-05-28T18:33:44.083+0000] {processor.py:161} INFO - Started process (PID=688) to work on /home/airflow/.local/lib/python3.8/site-packages/airflow/example_dags/example_display_name.py
[2024-05-28T18:33:44.084+0000] {processor.py:830} INFO - Processing file /home/airflow/.local/lib/python3.8/site-packages/airflow/example_dags/example_display_name.py for tasks to queue
[2024-05-28T18:33:44.088+0000] {logging_mixin.py:188} INFO - [2024-05-28T18:33:44.088+0000] {dagbag.py:545} INFO - Filling up the DagBag from /home/airflow/.local/lib/python3.8/site-packages/airflow/example_dags/example_display_name.py
[2024-05-28T18:33:44.097+0000] {processor.py:840} INFO - DAG(s) 'example_display_name' retrieved from /home/airflow/.local/lib/python3.8/site-packages/airflow/example_dags/example_display_name.py
[2024-05-28T18:33:44.124+0000] {logging_mixin.py:188} INFO - [2024-05-28T18:33:44.124+0000] {dag.py:3096} INFO - Sync 1 DAGs
[2024-05-28T18:33:44.144+0000] {logging_mixin.py:188} INFO - [2024-05-28T18:33:44.143+0000] {dag.py:3954} INFO - Setting next_dagrun for example_display_name to None, run_after=None
[2024-05-28T18:33:44.173+0000] {processor.py:183} INFO - Processing /home/airflow/.local/lib/python3.8/site-packages/airflow/example_dags/example_display_name.py took 0.099 seconds
[2024-05-28T18:34:14.236+0000] {processor.py:161} INFO - Started process (PID=766) to work on /home/airflow/.local/lib/python3.8/site-packages/airflow/example_dags/example_display_name.py
[2024-05-28T18:34:14.237+0000] {processor.py:830} INFO - Processing file /home/airflow/.local/lib/python3.8/site-packages/airflow/example_dags/example_display_name.py for tasks to queue
[2024-05-28T18:34:14.240+0000] {logging_mixin.py:188} INFO - [2024-05-28T18:34:14.239+0000] {dagbag.py:545} INFO - Filling up the DagBag from /home/airflow/.local/lib/python3.8/site-packages/airflow/example_dags/example_display_name.py
[2024-05-28T18:34:14.247+0000] {processor.py:840} INFO - DAG(s) 'example_display_name' retrieved from /home/airflow/.local/lib/python3.8/site-packages/airflow/example_dags/example_display_name.py
[2024-05-28T18:34:14.269+0000] {logging_mixin.py:188} INFO - [2024-05-28T18:34:14.268+0000] {dag.py:3096} INFO - Sync 1 DAGs
[2024-05-28T18:34:14.284+0000] {logging_mixin.py:188} INFO - [2024-05-28T18:34:14.284+0000] {dag.py:3954} INFO - Setting next_dagrun for example_display_name to None, run_after=None
[2024-05-28T18:34:14.310+0000] {processor.py:183} INFO - Processing /home/airflow/.local/lib/python3.8/site-packages/airflow/example_dags/example_display_name.py took 0.081 seconds
[2024-05-28T18:34:44.609+0000] {processor.py:161} INFO - Started process (PID=836) to work on /home/airflow/.local/lib/python3.8/site-packages/airflow/example_dags/example_display_name.py
[2024-05-28T18:34:44.610+0000] {processor.py:830} INFO - Processing file /home/airflow/.local/lib/python3.8/site-packages/airflow/example_dags/example_display_name.py for tasks to queue
[2024-05-28T18:34:44.612+0000] {logging_mixin.py:188} INFO - [2024-05-28T18:34:44.612+0000] {dagbag.py:545} INFO - Filling up the DagBag from /home/airflow/.local/lib/python3.8/site-packages/airflow/example_dags/example_display_name.py
[2024-05-28T18:34:44.621+0000] {processor.py:840} INFO - DAG(s) 'example_display_name' retrieved from /home/airflow/.local/lib/python3.8/site-packages/airflow/example_dags/example_display_name.py
[2024-05-28T18:34:44.643+0000] {logging_mixin.py:188} INFO - [2024-05-28T18:34:44.643+0000] {dag.py:3096} INFO - Sync 1 DAGs
[2024-05-28T18:34:44.656+0000] {logging_mixin.py:188} INFO - [2024-05-28T18:34:44.656+0000] {dag.py:3954} INFO - Setting next_dagrun for example_display_name to None, run_after=None
[2024-05-28T18:34:44.679+0000] {processor.py:183} INFO - Processing /home/airflow/.local/lib/python3.8/site-packages/airflow/example_dags/example_display_name.py took 0.075 seconds
[2024-05-28T18:35:15.338+0000] {processor.py:161} INFO - Started process (PID=906) to work on /home/airflow/.local/lib/python3.8/site-packages/airflow/example_dags/example_display_name.py
[2024-05-28T18:35:15.340+0000] {processor.py:830} INFO - Processing file /home/airflow/.local/lib/python3.8/site-packages/airflow/example_dags/example_display_name.py for tasks to queue
[2024-05-28T18:35:15.342+0000] {logging_mixin.py:188} INFO - [2024-05-28T18:35:15.342+0000] {dagbag.py:545} INFO - Filling up the DagBag from /home/airflow/.local/lib/python3.8/site-packages/airflow/example_dags/example_display_name.py
[2024-05-28T18:35:15.348+0000] {processor.py:840} INFO - DAG(s) 'example_display_name' retrieved from /home/airflow/.local/lib/python3.8/site-packages/airflow/example_dags/example_display_name.py
[2024-05-28T18:35:15.375+0000] {logging_mixin.py:188} INFO - [2024-05-28T18:35:15.375+0000] {dag.py:3096} INFO - Sync 1 DAGs
[2024-05-28T18:35:15.391+0000] {logging_mixin.py:188} INFO - [2024-05-28T18:35:15.391+0000] {dag.py:3954} INFO - Setting next_dagrun for example_display_name to None, run_after=None
[2024-05-28T18:35:15.419+0000] {processor.py:183} INFO - Processing /home/airflow/.local/lib/python3.8/site-packages/airflow/example_dags/example_display_name.py took 0.086 seconds
[2024-05-28T18:35:45.695+0000] {processor.py:161} INFO - Started process (PID=984) to work on /home/airflow/.local/lib/python3.8/site-packages/airflow/example_dags/example_display_name.py
[2024-05-28T18:35:45.696+0000] {processor.py:830} INFO - Processing file /home/airflow/.local/lib/python3.8/site-packages/airflow/example_dags/example_display_name.py for tasks to queue
[2024-05-28T18:35:45.698+0000] {logging_mixin.py:188} INFO - [2024-05-28T18:35:45.698+0000] {dagbag.py:545} INFO - Filling up the DagBag from /home/airflow/.local/lib/python3.8/site-packages/airflow/example_dags/example_display_name.py
[2024-05-28T18:35:45.703+0000] {processor.py:840} INFO - DAG(s) 'example_display_name' retrieved from /home/airflow/.local/lib/python3.8/site-packages/airflow/example_dags/example_display_name.py
[2024-05-28T18:35:45.726+0000] {logging_mixin.py:188} INFO - [2024-05-28T18:35:45.725+0000] {dag.py:3096} INFO - Sync 1 DAGs
[2024-05-28T18:35:45.737+0000] {logging_mixin.py:188} INFO - [2024-05-28T18:35:45.737+0000] {dag.py:3954} INFO - Setting next_dagrun for example_display_name to None, run_after=None
[2024-05-28T18:35:45.760+0000] {processor.py:183} INFO - Processing /home/airflow/.local/lib/python3.8/site-packages/airflow/example_dags/example_display_name.py took 0.071 seconds
[2024-05-28T18:36:16.019+0000] {processor.py:161} INFO - Started process (PID=1054) to work on /home/airflow/.local/lib/python3.8/site-packages/airflow/example_dags/example_display_name.py
[2024-05-28T18:36:16.020+0000] {processor.py:830} INFO - Processing file /home/airflow/.local/lib/python3.8/site-packages/airflow/example_dags/example_display_name.py for tasks to queue
[2024-05-28T18:36:16.022+0000] {logging_mixin.py:188} INFO - [2024-05-28T18:36:16.022+0000] {dagbag.py:545} INFO - Filling up the DagBag from /home/airflow/.local/lib/python3.8/site-packages/airflow/example_dags/example_display_name.py
[2024-05-28T18:36:16.027+0000] {processor.py:840} INFO - DAG(s) 'example_display_name' retrieved from /home/airflow/.local/lib/python3.8/site-packages/airflow/example_dags/example_display_name.py
[2024-05-28T18:36:16.047+0000] {logging_mixin.py:188} INFO - [2024-05-28T18:36:16.046+0000] {dag.py:3096} INFO - Sync 1 DAGs
[2024-05-28T18:36:16.059+0000] {logging_mixin.py:188} INFO - [2024-05-28T18:36:16.059+0000] {dag.py:3954} INFO - Setting next_dagrun for example_display_name to None, run_after=None
[2024-05-28T18:36:16.081+0000] {processor.py:183} INFO - Processing /home/airflow/.local/lib/python3.8/site-packages/airflow/example_dags/example_display_name.py took 0.067 seconds
[2024-05-28T18:36:46.276+0000] {processor.py:161} INFO - Started process (PID=1131) to work on /home/airflow/.local/lib/python3.8/site-packages/airflow/example_dags/example_display_name.py
[2024-05-28T18:36:46.277+0000] {processor.py:830} INFO - Processing file /home/airflow/.local/lib/python3.8/site-packages/airflow/example_dags/example_display_name.py for tasks to queue
[2024-05-28T18:36:46.279+0000] {logging_mixin.py:188} INFO - [2024-05-28T18:36:46.278+0000] {dagbag.py:545} INFO - Filling up the DagBag from /home/airflow/.local/lib/python3.8/site-packages/airflow/example_dags/example_display_name.py
[2024-05-28T18:36:46.285+0000] {processor.py:840} INFO - DAG(s) 'example_display_name' retrieved from /home/airflow/.local/lib/python3.8/site-packages/airflow/example_dags/example_display_name.py
[2024-05-28T18:36:46.311+0000] {logging_mixin.py:188} INFO - [2024-05-28T18:36:46.311+0000] {dag.py:3096} INFO - Sync 1 DAGs
[2024-05-28T18:36:46.326+0000] {logging_mixin.py:188} INFO - [2024-05-28T18:36:46.325+0000] {dag.py:3954} INFO - Setting next_dagrun for example_display_name to None, run_after=None
[2024-05-28T18:36:46.351+0000] {processor.py:183} INFO - Processing /home/airflow/.local/lib/python3.8/site-packages/airflow/example_dags/example_display_name.py took 0.083 seconds
[2024-05-28T18:37:16.489+0000] {processor.py:161} INFO - Started process (PID=1202) to work on /home/airflow/.local/lib/python3.8/site-packages/airflow/example_dags/example_display_name.py
[2024-05-28T18:37:16.490+0000] {processor.py:830} INFO - Processing file /home/airflow/.local/lib/python3.8/site-packages/airflow/example_dags/example_display_name.py for tasks to queue
[2024-05-28T18:37:16.492+0000] {logging_mixin.py:188} INFO - [2024-05-28T18:37:16.492+0000] {dagbag.py:545} INFO - Filling up the DagBag from /home/airflow/.local/lib/python3.8/site-packages/airflow/example_dags/example_display_name.py
[2024-05-28T18:37:16.498+0000] {processor.py:840} INFO - DAG(s) 'example_display_name' retrieved from /home/airflow/.local/lib/python3.8/site-packages/airflow/example_dags/example_display_name.py
[2024-05-28T18:37:16.527+0000] {logging_mixin.py:188} INFO - [2024-05-28T18:37:16.527+0000] {dag.py:3096} INFO - Sync 1 DAGs
[2024-05-28T18:37:16.550+0000] {logging_mixin.py:188} INFO - [2024-05-28T18:37:16.549+0000] {dag.py:3954} INFO - Setting next_dagrun for example_display_name to None, run_after=None
[2024-05-28T18:37:16.575+0000] {processor.py:183} INFO - Processing /home/airflow/.local/lib/python3.8/site-packages/airflow/example_dags/example_display_name.py took 0.094 seconds
[2024-05-28T18:37:46.829+0000] {processor.py:161} INFO - Started process (PID=1273) to work on /home/airflow/.local/lib/python3.8/site-packages/airflow/example_dags/example_display_name.py
[2024-05-28T18:37:46.830+0000] {processor.py:830} INFO - Processing file /home/airflow/.local/lib/python3.8/site-packages/airflow/example_dags/example_display_name.py for tasks to queue
[2024-05-28T18:37:46.832+0000] {logging_mixin.py:188} INFO - [2024-05-28T18:37:46.832+0000] {dagbag.py:545} INFO - Filling up the DagBag from /home/airflow/.local/lib/python3.8/site-packages/airflow/example_dags/example_display_name.py
[2024-05-28T18:37:46.839+0000] {processor.py:840} INFO - DAG(s) 'example_display_name' retrieved from /home/airflow/.local/lib/python3.8/site-packages/airflow/example_dags/example_display_name.py
[2024-05-28T18:37:46.861+0000] {logging_mixin.py:188} INFO - [2024-05-28T18:37:46.861+0000] {dag.py:3096} INFO - Sync 1 DAGs
[2024-05-28T18:37:46.879+0000] {logging_mixin.py:188} INFO - [2024-05-28T18:37:46.878+0000] {dag.py:3954} INFO - Setting next_dagrun for example_display_name to None, run_after=None
[2024-05-28T18:37:46.903+0000] {processor.py:183} INFO - Processing /home/airflow/.local/lib/python3.8/site-packages/airflow/example_dags/example_display_name.py took 0.080 seconds
[2024-05-28T18:38:17.123+0000] {processor.py:161} INFO - Started process (PID=1351) to work on /home/airflow/.local/lib/python3.8/site-packages/airflow/example_dags/example_display_name.py
[2024-05-28T18:38:17.124+0000] {processor.py:830} INFO - Processing file /home/airflow/.local/lib/python3.8/site-packages/airflow/example_dags/example_display_name.py for tasks to queue
[2024-05-28T18:38:17.127+0000] {logging_mixin.py:188} INFO - [2024-05-28T18:38:17.126+0000] {dagbag.py:545} INFO - Filling up the DagBag from /home/airflow/.local/lib/python3.8/site-packages/airflow/example_dags/example_display_name.py
[2024-05-28T18:38:17.132+0000] {processor.py:840} INFO - DAG(s) 'example_display_name' retrieved from /home/airflow/.local/lib/python3.8/site-packages/airflow/example_dags/example_display_name.py
[2024-05-28T18:38:17.158+0000] {logging_mixin.py:188} INFO - [2024-05-28T18:38:17.158+0000] {dag.py:3096} INFO - Sync 1 DAGs
[2024-05-28T18:38:17.172+0000] {logging_mixin.py:188} INFO - [2024-05-28T18:38:17.172+0000] {dag.py:3954} INFO - Setting next_dagrun for example_display_name to None, run_after=None
[2024-05-28T18:38:17.201+0000] {processor.py:183} INFO - Processing /home/airflow/.local/lib/python3.8/site-packages/airflow/example_dags/example_display_name.py took 0.087 seconds
[2024-05-28T18:38:47.841+0000] {processor.py:161} INFO - Started process (PID=1421) to work on /home/airflow/.local/lib/python3.8/site-packages/airflow/example_dags/example_display_name.py
[2024-05-28T18:38:47.842+0000] {processor.py:830} INFO - Processing file /home/airflow/.local/lib/python3.8/site-packages/airflow/example_dags/example_display_name.py for tasks to queue
[2024-05-28T18:38:47.844+0000] {logging_mixin.py:188} INFO - [2024-05-28T18:38:47.843+0000] {dagbag.py:545} INFO - Filling up the DagBag from /home/airflow/.local/lib/python3.8/site-packages/airflow/example_dags/example_display_name.py
[2024-05-28T18:38:47.850+0000] {processor.py:840} INFO - DAG(s) 'example_display_name' retrieved from /home/airflow/.local/lib/python3.8/site-packages/airflow/example_dags/example_display_name.py
[2024-05-28T18:38:47.872+0000] {logging_mixin.py:188} INFO - [2024-05-28T18:38:47.872+0000] {dag.py:3096} INFO - Sync 1 DAGs
[2024-05-28T18:38:47.888+0000] {logging_mixin.py:188} INFO - [2024-05-28T18:38:47.888+0000] {dag.py:3954} INFO - Setting next_dagrun for example_display_name to None, run_after=None
[2024-05-28T18:38:47.912+0000] {processor.py:183} INFO - Processing /home/airflow/.local/lib/python3.8/site-packages/airflow/example_dags/example_display_name.py took 0.077 seconds
[2024-05-28T18:39:18.360+0000] {processor.py:161} INFO - Started process (PID=1491) to work on /home/airflow/.local/lib/python3.8/site-packages/airflow/example_dags/example_display_name.py
[2024-05-28T18:39:18.364+0000] {processor.py:830} INFO - Processing file /home/airflow/.local/lib/python3.8/site-packages/airflow/example_dags/example_display_name.py for tasks to queue
[2024-05-28T18:39:18.368+0000] {logging_mixin.py:188} INFO - [2024-05-28T18:39:18.367+0000] {dagbag.py:545} INFO - Filling up the DagBag from /home/airflow/.local/lib/python3.8/site-packages/airflow/example_dags/example_display_name.py
[2024-05-28T18:39:18.377+0000] {processor.py:840} INFO - DAG(s) 'example_display_name' retrieved from /home/airflow/.local/lib/python3.8/site-packages/airflow/example_dags/example_display_name.py
[2024-05-28T18:39:18.408+0000] {logging_mixin.py:188} INFO - [2024-05-28T18:39:18.408+0000] {dag.py:3096} INFO - Sync 1 DAGs
[2024-05-28T18:39:18.428+0000] {logging_mixin.py:188} INFO - [2024-05-28T18:39:18.427+0000] {dag.py:3954} INFO - Setting next_dagrun for example_display_name to None, run_after=None
[2024-05-28T18:39:18.485+0000] {processor.py:183} INFO - Processing /home/airflow/.local/lib/python3.8/site-packages/airflow/example_dags/example_display_name.py took 0.133 seconds
[2024-05-28T18:39:48.622+0000] {processor.py:161} INFO - Started process (PID=1561) to work on /home/airflow/.local/lib/python3.8/site-packages/airflow/example_dags/example_display_name.py
[2024-05-28T18:39:48.623+0000] {processor.py:830} INFO - Processing file /home/airflow/.local/lib/python3.8/site-packages/airflow/example_dags/example_display_name.py for tasks to queue
[2024-05-28T18:39:48.625+0000] {logging_mixin.py:188} INFO - [2024-05-28T18:39:48.624+0000] {dagbag.py:545} INFO - Filling up the DagBag from /home/airflow/.local/lib/python3.8/site-packages/airflow/example_dags/example_display_name.py
[2024-05-28T18:39:48.630+0000] {processor.py:840} INFO - DAG(s) 'example_display_name' retrieved from /home/airflow/.local/lib/python3.8/site-packages/airflow/example_dags/example_display_name.py
[2024-05-28T18:39:48.651+0000] {logging_mixin.py:188} INFO - [2024-05-28T18:39:48.651+0000] {dag.py:3096} INFO - Sync 1 DAGs
[2024-05-28T18:39:48.663+0000] {logging_mixin.py:188} INFO - [2024-05-28T18:39:48.663+0000] {dag.py:3954} INFO - Setting next_dagrun for example_display_name to None, run_after=None
[2024-05-28T18:39:48.684+0000] {processor.py:183} INFO - Processing /home/airflow/.local/lib/python3.8/site-packages/airflow/example_dags/example_display_name.py took 0.068 seconds
[2024-05-28T18:40:19.325+0000] {processor.py:161} INFO - Started process (PID=1640) to work on /home/airflow/.local/lib/python3.8/site-packages/airflow/example_dags/example_display_name.py
[2024-05-28T18:40:19.326+0000] {processor.py:830} INFO - Processing file /home/airflow/.local/lib/python3.8/site-packages/airflow/example_dags/example_display_name.py for tasks to queue
[2024-05-28T18:40:19.328+0000] {logging_mixin.py:188} INFO - [2024-05-28T18:40:19.328+0000] {dagbag.py:545} INFO - Filling up the DagBag from /home/airflow/.local/lib/python3.8/site-packages/airflow/example_dags/example_display_name.py
[2024-05-28T18:40:19.334+0000] {processor.py:840} INFO - DAG(s) 'example_display_name' retrieved from /home/airflow/.local/lib/python3.8/site-packages/airflow/example_dags/example_display_name.py
[2024-05-28T18:40:19.355+0000] {logging_mixin.py:188} INFO - [2024-05-28T18:40:19.355+0000] {dag.py:3096} INFO - Sync 1 DAGs
[2024-05-28T18:40:19.367+0000] {logging_mixin.py:188} INFO - [2024-05-28T18:40:19.366+0000] {dag.py:3954} INFO - Setting next_dagrun for example_display_name to None, run_after=None
[2024-05-28T18:40:19.388+0000] {processor.py:183} INFO - Processing /home/airflow/.local/lib/python3.8/site-packages/airflow/example_dags/example_display_name.py took 0.069 seconds
[2024-05-28T18:40:49.776+0000] {processor.py:161} INFO - Started process (PID=1710) to work on /home/airflow/.local/lib/python3.8/site-packages/airflow/example_dags/example_display_name.py
[2024-05-28T18:40:49.777+0000] {processor.py:830} INFO - Processing file /home/airflow/.local/lib/python3.8/site-packages/airflow/example_dags/example_display_name.py for tasks to queue
[2024-05-28T18:40:49.779+0000] {logging_mixin.py:188} INFO - [2024-05-28T18:40:49.779+0000] {dagbag.py:545} INFO - Filling up the DagBag from /home/airflow/.local/lib/python3.8/site-packages/airflow/example_dags/example_display_name.py
[2024-05-28T18:40:49.785+0000] {processor.py:840} INFO - DAG(s) 'example_display_name' retrieved from /home/airflow/.local/lib/python3.8/site-packages/airflow/example_dags/example_display_name.py
[2024-05-28T18:40:49.806+0000] {logging_mixin.py:188} INFO - [2024-05-28T18:40:49.806+0000] {dag.py:3096} INFO - Sync 1 DAGs
[2024-05-28T18:40:49.831+0000] {logging_mixin.py:188} INFO - [2024-05-28T18:40:49.831+0000] {dag.py:3954} INFO - Setting next_dagrun for example_display_name to None, run_after=None
[2024-05-28T18:40:49.860+0000] {processor.py:183} INFO - Processing /home/airflow/.local/lib/python3.8/site-packages/airflow/example_dags/example_display_name.py took 0.090 seconds
[2024-05-28T18:41:20.112+0000] {processor.py:161} INFO - Started process (PID=1788) to work on /home/airflow/.local/lib/python3.8/site-packages/airflow/example_dags/example_display_name.py
[2024-05-28T18:41:20.113+0000] {processor.py:830} INFO - Processing file /home/airflow/.local/lib/python3.8/site-packages/airflow/example_dags/example_display_name.py for tasks to queue
[2024-05-28T18:41:20.115+0000] {logging_mixin.py:188} INFO - [2024-05-28T18:41:20.115+0000] {dagbag.py:545} INFO - Filling up the DagBag from /home/airflow/.local/lib/python3.8/site-packages/airflow/example_dags/example_display_name.py
[2024-05-28T18:41:20.123+0000] {processor.py:840} INFO - DAG(s) 'example_display_name' retrieved from /home/airflow/.local/lib/python3.8/site-packages/airflow/example_dags/example_display_name.py
[2024-05-28T18:41:20.149+0000] {logging_mixin.py:188} INFO - [2024-05-28T18:41:20.148+0000] {dag.py:3096} INFO - Sync 1 DAGs
[2024-05-28T18:41:20.167+0000] {logging_mixin.py:188} INFO - [2024-05-28T18:41:20.167+0000] {dag.py:3954} INFO - Setting next_dagrun for example_display_name to None, run_after=None
[2024-05-28T18:41:20.190+0000] {processor.py:183} INFO - Processing /home/airflow/.local/lib/python3.8/site-packages/airflow/example_dags/example_display_name.py took 0.087 seconds
[2024-05-28T18:41:50.488+0000] {processor.py:161} INFO - Started process (PID=1857) to work on /home/airflow/.local/lib/python3.8/site-packages/airflow/example_dags/example_display_name.py
[2024-05-28T18:41:50.489+0000] {processor.py:830} INFO - Processing file /home/airflow/.local/lib/python3.8/site-packages/airflow/example_dags/example_display_name.py for tasks to queue
[2024-05-28T18:41:50.492+0000] {logging_mixin.py:188} INFO - [2024-05-28T18:41:50.491+0000] {dagbag.py:545} INFO - Filling up the DagBag from /home/airflow/.local/lib/python3.8/site-packages/airflow/example_dags/example_display_name.py
[2024-05-28T18:41:50.500+0000] {processor.py:840} INFO - DAG(s) 'example_display_name' retrieved from /home/airflow/.local/lib/python3.8/site-packages/airflow/example_dags/example_display_name.py
[2024-05-28T18:41:50.522+0000] {logging_mixin.py:188} INFO - [2024-05-28T18:41:50.521+0000] {dag.py:3096} INFO - Sync 1 DAGs
[2024-05-28T18:41:50.538+0000] {logging_mixin.py:188} INFO - [2024-05-28T18:41:50.538+0000] {dag.py:3954} INFO - Setting next_dagrun for example_display_name to None, run_after=None
[2024-05-28T18:41:50.561+0000] {processor.py:183} INFO - Processing /home/airflow/.local/lib/python3.8/site-packages/airflow/example_dags/example_display_name.py took 0.082 seconds
[2024-05-28T18:42:20.812+0000] {processor.py:161} INFO - Started process (PID=1934) to work on /home/airflow/.local/lib/python3.8/site-packages/airflow/example_dags/example_display_name.py
[2024-05-28T18:42:20.814+0000] {processor.py:830} INFO - Processing file /home/airflow/.local/lib/python3.8/site-packages/airflow/example_dags/example_display_name.py for tasks to queue
[2024-05-28T18:42:20.817+0000] {logging_mixin.py:188} INFO - [2024-05-28T18:42:20.816+0000] {dagbag.py:545} INFO - Filling up the DagBag from /home/airflow/.local/lib/python3.8/site-packages/airflow/example_dags/example_display_name.py
[2024-05-28T18:42:20.822+0000] {processor.py:840} INFO - DAG(s) 'example_display_name' retrieved from /home/airflow/.local/lib/python3.8/site-packages/airflow/example_dags/example_display_name.py
[2024-05-28T18:42:20.844+0000] {logging_mixin.py:188} INFO - [2024-05-28T18:42:20.843+0000] {dag.py:3096} INFO - Sync 1 DAGs
[2024-05-28T18:42:20.856+0000] {logging_mixin.py:188} INFO - [2024-05-28T18:42:20.856+0000] {dag.py:3954} INFO - Setting next_dagrun for example_display_name to None, run_after=None
[2024-05-28T18:42:20.878+0000] {processor.py:183} INFO - Processing /home/airflow/.local/lib/python3.8/site-packages/airflow/example_dags/example_display_name.py took 0.072 seconds
[2024-05-28T18:42:51.096+0000] {processor.py:161} INFO - Started process (PID=2005) to work on /home/airflow/.local/lib/python3.8/site-packages/airflow/example_dags/example_display_name.py
[2024-05-28T18:42:51.097+0000] {processor.py:830} INFO - Processing file /home/airflow/.local/lib/python3.8/site-packages/airflow/example_dags/example_display_name.py for tasks to queue
[2024-05-28T18:42:51.099+0000] {logging_mixin.py:188} INFO - [2024-05-28T18:42:51.098+0000] {dagbag.py:545} INFO - Filling up the DagBag from /home/airflow/.local/lib/python3.8/site-packages/airflow/example_dags/example_display_name.py
[2024-05-28T18:42:51.104+0000] {processor.py:840} INFO - DAG(s) 'example_display_name' retrieved from /home/airflow/.local/lib/python3.8/site-packages/airflow/example_dags/example_display_name.py
[2024-05-28T18:42:51.126+0000] {logging_mixin.py:188} INFO - [2024-05-28T18:42:51.126+0000] {dag.py:3096} INFO - Sync 1 DAGs
[2024-05-28T18:42:51.139+0000] {logging_mixin.py:188} INFO - [2024-05-28T18:42:51.139+0000] {dag.py:3954} INFO - Setting next_dagrun for example_display_name to None, run_after=None
[2024-05-28T18:42:51.161+0000] {processor.py:183} INFO - Processing /home/airflow/.local/lib/python3.8/site-packages/airflow/example_dags/example_display_name.py took 0.071 seconds
[2024-05-28T18:43:21.489+0000] {processor.py:161} INFO - Started process (PID=2076) to work on /home/airflow/.local/lib/python3.8/site-packages/airflow/example_dags/example_display_name.py
[2024-05-28T18:43:21.491+0000] {processor.py:830} INFO - Processing file /home/airflow/.local/lib/python3.8/site-packages/airflow/example_dags/example_display_name.py for tasks to queue
[2024-05-28T18:43:21.493+0000] {logging_mixin.py:188} INFO - [2024-05-28T18:43:21.492+0000] {dagbag.py:545} INFO - Filling up the DagBag from /home/airflow/.local/lib/python3.8/site-packages/airflow/example_dags/example_display_name.py
[2024-05-28T18:43:21.498+0000] {processor.py:840} INFO - DAG(s) 'example_display_name' retrieved from /home/airflow/.local/lib/python3.8/site-packages/airflow/example_dags/example_display_name.py
[2024-05-28T18:43:21.529+0000] {logging_mixin.py:188} INFO - [2024-05-28T18:43:21.529+0000] {dag.py:3096} INFO - Sync 1 DAGs
[2024-05-28T18:43:21.541+0000] {logging_mixin.py:188} INFO - [2024-05-28T18:43:21.541+0000] {dag.py:3954} INFO - Setting next_dagrun for example_display_name to None, run_after=None
[2024-05-28T18:43:21.563+0000] {processor.py:183} INFO - Processing /home/airflow/.local/lib/python3.8/site-packages/airflow/example_dags/example_display_name.py took 0.079 seconds
[2024-05-28T18:43:51.753+0000] {processor.py:161} INFO - Started process (PID=2154) to work on /home/airflow/.local/lib/python3.8/site-packages/airflow/example_dags/example_display_name.py
[2024-05-28T18:43:51.754+0000] {processor.py:830} INFO - Processing file /home/airflow/.local/lib/python3.8/site-packages/airflow/example_dags/example_display_name.py for tasks to queue
[2024-05-28T18:43:51.757+0000] {logging_mixin.py:188} INFO - [2024-05-28T18:43:51.756+0000] {dagbag.py:545} INFO - Filling up the DagBag from /home/airflow/.local/lib/python3.8/site-packages/airflow/example_dags/example_display_name.py
[2024-05-28T18:43:51.762+0000] {processor.py:840} INFO - DAG(s) 'example_display_name' retrieved from /home/airflow/.local/lib/python3.8/site-packages/airflow/example_dags/example_display_name.py
[2024-05-28T18:43:51.784+0000] {logging_mixin.py:188} INFO - [2024-05-28T18:43:51.784+0000] {dag.py:3096} INFO - Sync 1 DAGs
[2024-05-28T18:43:51.799+0000] {logging_mixin.py:188} INFO - [2024-05-28T18:43:51.799+0000] {dag.py:3954} INFO - Setting next_dagrun for example_display_name to None, run_after=None
[2024-05-28T18:43:51.822+0000] {processor.py:183} INFO - Processing /home/airflow/.local/lib/python3.8/site-packages/airflow/example_dags/example_display_name.py took 0.076 seconds
[2024-05-28T18:44:22.173+0000] {processor.py:161} INFO - Started process (PID=2225) to work on /home/airflow/.local/lib/python3.8/site-packages/airflow/example_dags/example_display_name.py
[2024-05-28T18:44:22.174+0000] {processor.py:830} INFO - Processing file /home/airflow/.local/lib/python3.8/site-packages/airflow/example_dags/example_display_name.py for tasks to queue
[2024-05-28T18:44:22.176+0000] {logging_mixin.py:188} INFO - [2024-05-28T18:44:22.175+0000] {dagbag.py:545} INFO - Filling up the DagBag from /home/airflow/.local/lib/python3.8/site-packages/airflow/example_dags/example_display_name.py
[2024-05-28T18:44:22.181+0000] {processor.py:840} INFO - DAG(s) 'example_display_name' retrieved from /home/airflow/.local/lib/python3.8/site-packages/airflow/example_dags/example_display_name.py
[2024-05-28T18:44:22.202+0000] {logging_mixin.py:188} INFO - [2024-05-28T18:44:22.201+0000] {dag.py:3096} INFO - Sync 1 DAGs
[2024-05-28T18:44:22.213+0000] {logging_mixin.py:188} INFO - [2024-05-28T18:44:22.213+0000] {dag.py:3954} INFO - Setting next_dagrun for example_display_name to None, run_after=None
[2024-05-28T18:44:22.244+0000] {processor.py:183} INFO - Processing /home/airflow/.local/lib/python3.8/site-packages/airflow/example_dags/example_display_name.py took 0.077 seconds
[2024-05-28T18:44:52.354+0000] {processor.py:161} INFO - Started process (PID=2303) to work on /home/airflow/.local/lib/python3.8/site-packages/airflow/example_dags/example_display_name.py
[2024-05-28T18:44:52.355+0000] {processor.py:830} INFO - Processing file /home/airflow/.local/lib/python3.8/site-packages/airflow/example_dags/example_display_name.py for tasks to queue
[2024-05-28T18:44:52.357+0000] {logging_mixin.py:188} INFO - [2024-05-28T18:44:52.357+0000] {dagbag.py:545} INFO - Filling up the DagBag from /home/airflow/.local/lib/python3.8/site-packages/airflow/example_dags/example_display_name.py
[2024-05-28T18:44:52.362+0000] {processor.py:840} INFO - DAG(s) 'example_display_name' retrieved from /home/airflow/.local/lib/python3.8/site-packages/airflow/example_dags/example_display_name.py
[2024-05-28T18:44:52.384+0000] {logging_mixin.py:188} INFO - [2024-05-28T18:44:52.384+0000] {dag.py:3096} INFO - Sync 1 DAGs
[2024-05-28T18:44:52.397+0000] {logging_mixin.py:188} INFO - [2024-05-28T18:44:52.397+0000] {dag.py:3954} INFO - Setting next_dagrun for example_display_name to None, run_after=None
[2024-05-28T18:44:52.421+0000] {processor.py:183} INFO - Processing /home/airflow/.local/lib/python3.8/site-packages/airflow/example_dags/example_display_name.py took 0.072 seconds
[2024-05-28T18:45:22.591+0000] {processor.py:161} INFO - Started process (PID=2371) to work on /home/airflow/.local/lib/python3.8/site-packages/airflow/example_dags/example_display_name.py
[2024-05-28T18:45:22.592+0000] {processor.py:830} INFO - Processing file /home/airflow/.local/lib/python3.8/site-packages/airflow/example_dags/example_display_name.py for tasks to queue
[2024-05-28T18:45:22.594+0000] {logging_mixin.py:188} INFO - [2024-05-28T18:45:22.594+0000] {dagbag.py:545} INFO - Filling up the DagBag from /home/airflow/.local/lib/python3.8/site-packages/airflow/example_dags/example_display_name.py
[2024-05-28T18:45:22.600+0000] {processor.py:840} INFO - DAG(s) 'example_display_name' retrieved from /home/airflow/.local/lib/python3.8/site-packages/airflow/example_dags/example_display_name.py
[2024-05-28T18:45:22.620+0000] {logging_mixin.py:188} INFO - [2024-05-28T18:45:22.620+0000] {dag.py:3096} INFO - Sync 1 DAGs
[2024-05-28T18:45:22.632+0000] {logging_mixin.py:188} INFO - [2024-05-28T18:45:22.632+0000] {dag.py:3954} INFO - Setting next_dagrun for example_display_name to None, run_after=None
[2024-05-28T18:45:22.653+0000] {processor.py:183} INFO - Processing /home/airflow/.local/lib/python3.8/site-packages/airflow/example_dags/example_display_name.py took 0.068 seconds
[2024-05-28T18:45:52.990+0000] {processor.py:161} INFO - Started process (PID=2441) to work on /home/airflow/.local/lib/python3.8/site-packages/airflow/example_dags/example_display_name.py
[2024-05-28T18:45:52.991+0000] {processor.py:830} INFO - Processing file /home/airflow/.local/lib/python3.8/site-packages/airflow/example_dags/example_display_name.py for tasks to queue
[2024-05-28T18:45:52.993+0000] {logging_mixin.py:188} INFO - [2024-05-28T18:45:52.993+0000] {dagbag.py:545} INFO - Filling up the DagBag from /home/airflow/.local/lib/python3.8/site-packages/airflow/example_dags/example_display_name.py
[2024-05-28T18:45:52.998+0000] {processor.py:840} INFO - DAG(s) 'example_display_name' retrieved from /home/airflow/.local/lib/python3.8/site-packages/airflow/example_dags/example_display_name.py
[2024-05-28T18:45:53.017+0000] {logging_mixin.py:188} INFO - [2024-05-28T18:45:53.017+0000] {dag.py:3096} INFO - Sync 1 DAGs
[2024-05-28T18:45:53.029+0000] {logging_mixin.py:188} INFO - [2024-05-28T18:45:53.029+0000] {dag.py:3954} INFO - Setting next_dagrun for example_display_name to None, run_after=None
[2024-05-28T18:45:53.047+0000] {processor.py:183} INFO - Processing /home/airflow/.local/lib/python3.8/site-packages/airflow/example_dags/example_display_name.py took 0.063 seconds
[2024-05-28T18:46:23.477+0000] {processor.py:161} INFO - Started process (PID=2519) to work on /home/airflow/.local/lib/python3.8/site-packages/airflow/example_dags/example_display_name.py
[2024-05-28T18:46:23.478+0000] {processor.py:830} INFO - Processing file /home/airflow/.local/lib/python3.8/site-packages/airflow/example_dags/example_display_name.py for tasks to queue
[2024-05-28T18:46:23.480+0000] {logging_mixin.py:188} INFO - [2024-05-28T18:46:23.480+0000] {dagbag.py:545} INFO - Filling up the DagBag from /home/airflow/.local/lib/python3.8/site-packages/airflow/example_dags/example_display_name.py
[2024-05-28T18:46:23.486+0000] {processor.py:840} INFO - DAG(s) 'example_display_name' retrieved from /home/airflow/.local/lib/python3.8/site-packages/airflow/example_dags/example_display_name.py
[2024-05-28T18:46:23.513+0000] {logging_mixin.py:188} INFO - [2024-05-28T18:46:23.513+0000] {dag.py:3096} INFO - Sync 1 DAGs
[2024-05-28T18:46:23.527+0000] {logging_mixin.py:188} INFO - [2024-05-28T18:46:23.527+0000] {dag.py:3954} INFO - Setting next_dagrun for example_display_name to None, run_after=None
[2024-05-28T18:46:23.550+0000] {processor.py:183} INFO - Processing /home/airflow/.local/lib/python3.8/site-packages/airflow/example_dags/example_display_name.py took 0.082 seconds
[2024-05-28T18:46:53.943+0000] {processor.py:161} INFO - Started process (PID=2589) to work on /home/airflow/.local/lib/python3.8/site-packages/airflow/example_dags/example_display_name.py
[2024-05-28T18:46:53.944+0000] {processor.py:830} INFO - Processing file /home/airflow/.local/lib/python3.8/site-packages/airflow/example_dags/example_display_name.py for tasks to queue
[2024-05-28T18:46:53.946+0000] {logging_mixin.py:188} INFO - [2024-05-28T18:46:53.946+0000] {dagbag.py:545} INFO - Filling up the DagBag from /home/airflow/.local/lib/python3.8/site-packages/airflow/example_dags/example_display_name.py
[2024-05-28T18:46:53.951+0000] {processor.py:840} INFO - DAG(s) 'example_display_name' retrieved from /home/airflow/.local/lib/python3.8/site-packages/airflow/example_dags/example_display_name.py
[2024-05-28T18:46:53.971+0000] {logging_mixin.py:188} INFO - [2024-05-28T18:46:53.970+0000] {dag.py:3096} INFO - Sync 1 DAGs
[2024-05-28T18:46:53.983+0000] {logging_mixin.py:188} INFO - [2024-05-28T18:46:53.983+0000] {dag.py:3954} INFO - Setting next_dagrun for example_display_name to None, run_after=None
[2024-05-28T18:46:54.004+0000] {processor.py:183} INFO - Processing /home/airflow/.local/lib/python3.8/site-packages/airflow/example_dags/example_display_name.py took 0.067 seconds
[2024-05-28T18:47:24.286+0000] {processor.py:161} INFO - Started process (PID=2667) to work on /home/airflow/.local/lib/python3.8/site-packages/airflow/example_dags/example_display_name.py
[2024-05-28T18:47:24.287+0000] {processor.py:830} INFO - Processing file /home/airflow/.local/lib/python3.8/site-packages/airflow/example_dags/example_display_name.py for tasks to queue
[2024-05-28T18:47:24.289+0000] {logging_mixin.py:188} INFO - [2024-05-28T18:47:24.289+0000] {dagbag.py:545} INFO - Filling up the DagBag from /home/airflow/.local/lib/python3.8/site-packages/airflow/example_dags/example_display_name.py
[2024-05-28T18:47:24.295+0000] {processor.py:840} INFO - DAG(s) 'example_display_name' retrieved from /home/airflow/.local/lib/python3.8/site-packages/airflow/example_dags/example_display_name.py
[2024-05-28T18:47:24.317+0000] {logging_mixin.py:188} INFO - [2024-05-28T18:47:24.316+0000] {dag.py:3096} INFO - Sync 1 DAGs
[2024-05-28T18:47:24.329+0000] {logging_mixin.py:188} INFO - [2024-05-28T18:47:24.329+0000] {dag.py:3954} INFO - Setting next_dagrun for example_display_name to None, run_after=None
[2024-05-28T18:47:24.351+0000] {processor.py:183} INFO - Processing /home/airflow/.local/lib/python3.8/site-packages/airflow/example_dags/example_display_name.py took 0.071 seconds
[2024-05-28T18:47:54.597+0000] {processor.py:161} INFO - Started process (PID=2737) to work on /home/airflow/.local/lib/python3.8/site-packages/airflow/example_dags/example_display_name.py
[2024-05-28T18:47:54.598+0000] {processor.py:830} INFO - Processing file /home/airflow/.local/lib/python3.8/site-packages/airflow/example_dags/example_display_name.py for tasks to queue
[2024-05-28T18:47:54.600+0000] {logging_mixin.py:188} INFO - [2024-05-28T18:47:54.600+0000] {dagbag.py:545} INFO - Filling up the DagBag from /home/airflow/.local/lib/python3.8/site-packages/airflow/example_dags/example_display_name.py
[2024-05-28T18:47:54.605+0000] {processor.py:840} INFO - DAG(s) 'example_display_name' retrieved from /home/airflow/.local/lib/python3.8/site-packages/airflow/example_dags/example_display_name.py
[2024-05-28T18:47:54.626+0000] {logging_mixin.py:188} INFO - [2024-05-28T18:47:54.626+0000] {dag.py:3096} INFO - Sync 1 DAGs
[2024-05-28T18:47:54.638+0000] {logging_mixin.py:188} INFO - [2024-05-28T18:47:54.638+0000] {dag.py:3954} INFO - Setting next_dagrun for example_display_name to None, run_after=None
[2024-05-28T18:47:54.660+0000] {processor.py:183} INFO - Processing /home/airflow/.local/lib/python3.8/site-packages/airflow/example_dags/example_display_name.py took 0.069 seconds
[2024-05-28T18:48:24.871+0000] {processor.py:161} INFO - Started process (PID=2807) to work on /home/airflow/.local/lib/python3.8/site-packages/airflow/example_dags/example_display_name.py
[2024-05-28T18:48:24.872+0000] {processor.py:830} INFO - Processing file /home/airflow/.local/lib/python3.8/site-packages/airflow/example_dags/example_display_name.py for tasks to queue
[2024-05-28T18:48:24.874+0000] {logging_mixin.py:188} INFO - [2024-05-28T18:48:24.874+0000] {dagbag.py:545} INFO - Filling up the DagBag from /home/airflow/.local/lib/python3.8/site-packages/airflow/example_dags/example_display_name.py
[2024-05-28T18:48:24.881+0000] {processor.py:840} INFO - DAG(s) 'example_display_name' retrieved from /home/airflow/.local/lib/python3.8/site-packages/airflow/example_dags/example_display_name.py
[2024-05-28T18:48:24.903+0000] {logging_mixin.py:188} INFO - [2024-05-28T18:48:24.903+0000] {dag.py:3096} INFO - Sync 1 DAGs
[2024-05-28T18:48:24.916+0000] {logging_mixin.py:188} INFO - [2024-05-28T18:48:24.916+0000] {dag.py:3954} INFO - Setting next_dagrun for example_display_name to None, run_after=None
[2024-05-28T18:48:24.938+0000] {processor.py:183} INFO - Processing /home/airflow/.local/lib/python3.8/site-packages/airflow/example_dags/example_display_name.py took 0.073 seconds
[2024-05-28T18:48:55.242+0000] {processor.py:161} INFO - Started process (PID=2885) to work on /home/airflow/.local/lib/python3.8/site-packages/airflow/example_dags/example_display_name.py
[2024-05-28T18:48:55.243+0000] {processor.py:830} INFO - Processing file /home/airflow/.local/lib/python3.8/site-packages/airflow/example_dags/example_display_name.py for tasks to queue
[2024-05-28T18:48:55.244+0000] {logging_mixin.py:188} INFO - [2024-05-28T18:48:55.244+0000] {dagbag.py:545} INFO - Filling up the DagBag from /home/airflow/.local/lib/python3.8/site-packages/airflow/example_dags/example_display_name.py
[2024-05-28T18:48:55.250+0000] {processor.py:840} INFO - DAG(s) 'example_display_name' retrieved from /home/airflow/.local/lib/python3.8/site-packages/airflow/example_dags/example_display_name.py
[2024-05-28T18:48:55.270+0000] {logging_mixin.py:188} INFO - [2024-05-28T18:48:55.270+0000] {dag.py:3096} INFO - Sync 1 DAGs
[2024-05-28T18:48:55.282+0000] {logging_mixin.py:188} INFO - [2024-05-28T18:48:55.282+0000] {dag.py:3954} INFO - Setting next_dagrun for example_display_name to None, run_after=None
[2024-05-28T18:48:55.303+0000] {processor.py:183} INFO - Processing /home/airflow/.local/lib/python3.8/site-packages/airflow/example_dags/example_display_name.py took 0.067 seconds
[2024-05-28T18:49:25.874+0000] {processor.py:161} INFO - Started process (PID=2955) to work on /home/airflow/.local/lib/python3.8/site-packages/airflow/example_dags/example_display_name.py
[2024-05-28T18:49:25.875+0000] {processor.py:830} INFO - Processing file /home/airflow/.local/lib/python3.8/site-packages/airflow/example_dags/example_display_name.py for tasks to queue
[2024-05-28T18:49:25.877+0000] {logging_mixin.py:188} INFO - [2024-05-28T18:49:25.877+0000] {dagbag.py:545} INFO - Filling up the DagBag from /home/airflow/.local/lib/python3.8/site-packages/airflow/example_dags/example_display_name.py
[2024-05-28T18:49:25.883+0000] {processor.py:840} INFO - DAG(s) 'example_display_name' retrieved from /home/airflow/.local/lib/python3.8/site-packages/airflow/example_dags/example_display_name.py
[2024-05-28T18:49:25.904+0000] {logging_mixin.py:188} INFO - [2024-05-28T18:49:25.904+0000] {dag.py:3096} INFO - Sync 1 DAGs
[2024-05-28T18:49:25.916+0000] {logging_mixin.py:188} INFO - [2024-05-28T18:49:25.916+0000] {dag.py:3954} INFO - Setting next_dagrun for example_display_name to None, run_after=None
[2024-05-28T18:49:25.946+0000] {processor.py:183} INFO - Processing /home/airflow/.local/lib/python3.8/site-packages/airflow/example_dags/example_display_name.py took 0.078 seconds
[2024-05-28T18:49:56.307+0000] {processor.py:161} INFO - Started process (PID=3033) to work on /home/airflow/.local/lib/python3.8/site-packages/airflow/example_dags/example_display_name.py
[2024-05-28T18:49:56.309+0000] {processor.py:830} INFO - Processing file /home/airflow/.local/lib/python3.8/site-packages/airflow/example_dags/example_display_name.py for tasks to queue
[2024-05-28T18:49:56.310+0000] {logging_mixin.py:188} INFO - [2024-05-28T18:49:56.310+0000] {dagbag.py:545} INFO - Filling up the DagBag from /home/airflow/.local/lib/python3.8/site-packages/airflow/example_dags/example_display_name.py
[2024-05-28T18:49:56.316+0000] {processor.py:840} INFO - DAG(s) 'example_display_name' retrieved from /home/airflow/.local/lib/python3.8/site-packages/airflow/example_dags/example_display_name.py
[2024-05-28T18:49:56.338+0000] {logging_mixin.py:188} INFO - [2024-05-28T18:49:56.338+0000] {dag.py:3096} INFO - Sync 1 DAGs
[2024-05-28T18:49:56.350+0000] {logging_mixin.py:188} INFO - [2024-05-28T18:49:56.349+0000] {dag.py:3954} INFO - Setting next_dagrun for example_display_name to None, run_after=None
[2024-05-28T18:49:56.371+0000] {processor.py:183} INFO - Processing /home/airflow/.local/lib/python3.8/site-packages/airflow/example_dags/example_display_name.py took 0.069 seconds
[2024-05-28T18:50:26.727+0000] {processor.py:161} INFO - Started process (PID=3103) to work on /home/airflow/.local/lib/python3.8/site-packages/airflow/example_dags/example_display_name.py
[2024-05-28T18:50:26.728+0000] {processor.py:830} INFO - Processing file /home/airflow/.local/lib/python3.8/site-packages/airflow/example_dags/example_display_name.py for tasks to queue
[2024-05-28T18:50:26.730+0000] {logging_mixin.py:188} INFO - [2024-05-28T18:50:26.730+0000] {dagbag.py:545} INFO - Filling up the DagBag from /home/airflow/.local/lib/python3.8/site-packages/airflow/example_dags/example_display_name.py
[2024-05-28T18:50:26.735+0000] {processor.py:840} INFO - DAG(s) 'example_display_name' retrieved from /home/airflow/.local/lib/python3.8/site-packages/airflow/example_dags/example_display_name.py
[2024-05-28T18:50:26.756+0000] {logging_mixin.py:188} INFO - [2024-05-28T18:50:26.756+0000] {dag.py:3096} INFO - Sync 1 DAGs
[2024-05-28T18:50:26.768+0000] {logging_mixin.py:188} INFO - [2024-05-28T18:50:26.768+0000] {dag.py:3954} INFO - Setting next_dagrun for example_display_name to None, run_after=None
[2024-05-28T18:50:26.790+0000] {processor.py:183} INFO - Processing /home/airflow/.local/lib/python3.8/site-packages/airflow/example_dags/example_display_name.py took 0.069 seconds
[2024-05-28T18:50:56.930+0000] {processor.py:161} INFO - Started process (PID=3182) to work on /home/airflow/.local/lib/python3.8/site-packages/airflow/example_dags/example_display_name.py
[2024-05-28T18:50:56.932+0000] {processor.py:830} INFO - Processing file /home/airflow/.local/lib/python3.8/site-packages/airflow/example_dags/example_display_name.py for tasks to queue
[2024-05-28T18:50:56.934+0000] {logging_mixin.py:188} INFO - [2024-05-28T18:50:56.934+0000] {dagbag.py:545} INFO - Filling up the DagBag from /home/airflow/.local/lib/python3.8/site-packages/airflow/example_dags/example_display_name.py
[2024-05-28T18:50:56.941+0000] {processor.py:840} INFO - DAG(s) 'example_display_name' retrieved from /home/airflow/.local/lib/python3.8/site-packages/airflow/example_dags/example_display_name.py
[2024-05-28T18:50:56.962+0000] {logging_mixin.py:188} INFO - [2024-05-28T18:50:56.962+0000] {dag.py:3096} INFO - Sync 1 DAGs
[2024-05-28T18:50:56.974+0000] {logging_mixin.py:188} INFO - [2024-05-28T18:50:56.974+0000] {dag.py:3954} INFO - Setting next_dagrun for example_display_name to None, run_after=None
[2024-05-28T18:50:56.994+0000] {processor.py:183} INFO - Processing /home/airflow/.local/lib/python3.8/site-packages/airflow/example_dags/example_display_name.py took 0.072 seconds
