[2024-05-28T18:29:11.387+0000] {processor.py:161} INFO - Started process (PID=51) to work on /home/airflow/.local/lib/python3.8/site-packages/airflow/example_dags/example_bash_operator.py
[2024-05-28T18:29:11.414+0000] {processor.py:830} INFO - Processing file /home/airflow/.local/lib/python3.8/site-packages/airflow/example_dags/example_bash_operator.py for tasks to queue
[2024-05-28T18:29:11.444+0000] {logging_mixin.py:188} INFO - [2024-05-28T18:29:11.442+0000] {dagbag.py:545} INFO - Filling up the DagBag from /home/airflow/.local/lib/python3.8/site-packages/airflow/example_dags/example_bash_operator.py
[2024-05-28T18:29:11.592+0000] {processor.py:840} INFO - DAG(s) 'example_bash_operator' retrieved from /home/airflow/.local/lib/python3.8/site-packages/airflow/example_dags/example_bash_operator.py
[2024-05-28T18:29:11.678+0000] {logging_mixin.py:188} INFO - [2024-05-28T18:29:11.677+0000] {dag.py:3096} INFO - Sync 1 DAGs
[2024-05-28T18:29:11.821+0000] {logging_mixin.py:188} INFO - [2024-05-28T18:29:11.820+0000] {dag.py:3954} INFO - Setting next_dagrun for example_bash_operator to 2024-05-27 00:00:00+00:00, run_after=2024-05-28 00:00:00+00:00
[2024-05-28T18:29:11.901+0000] {processor.py:183} INFO - Processing /home/airflow/.local/lib/python3.8/site-packages/airflow/example_dags/example_bash_operator.py took 0.611 seconds
[2024-05-28T18:29:42.072+0000] {processor.py:161} INFO - Started process (PID=121) to work on /home/airflow/.local/lib/python3.8/site-packages/airflow/example_dags/example_bash_operator.py
[2024-05-28T18:29:42.073+0000] {processor.py:830} INFO - Processing file /home/airflow/.local/lib/python3.8/site-packages/airflow/example_dags/example_bash_operator.py for tasks to queue
[2024-05-28T18:29:42.075+0000] {logging_mixin.py:188} INFO - [2024-05-28T18:29:42.075+0000] {dagbag.py:545} INFO - Filling up the DagBag from /home/airflow/.local/lib/python3.8/site-packages/airflow/example_dags/example_bash_operator.py
[2024-05-28T18:29:42.087+0000] {processor.py:840} INFO - DAG(s) 'example_bash_operator' retrieved from /home/airflow/.local/lib/python3.8/site-packages/airflow/example_dags/example_bash_operator.py
[2024-05-28T18:29:42.185+0000] {logging_mixin.py:188} INFO - [2024-05-28T18:29:42.185+0000] {dag.py:3096} INFO - Sync 1 DAGs
[2024-05-28T18:29:42.203+0000] {logging_mixin.py:188} INFO - [2024-05-28T18:29:42.203+0000] {dag.py:3954} INFO - Setting next_dagrun for example_bash_operator to 2024-05-27 00:00:00+00:00, run_after=2024-05-28 00:00:00+00:00
[2024-05-28T18:29:42.225+0000] {processor.py:183} INFO - Processing /home/airflow/.local/lib/python3.8/site-packages/airflow/example_dags/example_bash_operator.py took 0.160 seconds
[2024-05-28T18:30:12.674+0000] {processor.py:161} INFO - Started process (PID=191) to work on /home/airflow/.local/lib/python3.8/site-packages/airflow/example_dags/example_bash_operator.py
[2024-05-28T18:30:12.676+0000] {processor.py:830} INFO - Processing file /home/airflow/.local/lib/python3.8/site-packages/airflow/example_dags/example_bash_operator.py for tasks to queue
[2024-05-28T18:30:12.678+0000] {logging_mixin.py:188} INFO - [2024-05-28T18:30:12.677+0000] {dagbag.py:545} INFO - Filling up the DagBag from /home/airflow/.local/lib/python3.8/site-packages/airflow/example_dags/example_bash_operator.py
[2024-05-28T18:30:12.690+0000] {processor.py:840} INFO - DAG(s) 'example_bash_operator' retrieved from /home/airflow/.local/lib/python3.8/site-packages/airflow/example_dags/example_bash_operator.py
[2024-05-28T18:30:12.732+0000] {logging_mixin.py:188} INFO - [2024-05-28T18:30:12.731+0000] {dag.py:3096} INFO - Sync 1 DAGs
[2024-05-28T18:30:12.760+0000] {logging_mixin.py:188} INFO - [2024-05-28T18:30:12.759+0000] {dag.py:3954} INFO - Setting next_dagrun for example_bash_operator to 2024-05-27 00:00:00+00:00, run_after=2024-05-28 00:00:00+00:00
[2024-05-28T18:30:12.781+0000] {processor.py:183} INFO - Processing /home/airflow/.local/lib/python3.8/site-packages/airflow/example_dags/example_bash_operator.py took 0.113 seconds
[2024-05-28T18:30:43.131+0000] {processor.py:161} INFO - Started process (PID=269) to work on /home/airflow/.local/lib/python3.8/site-packages/airflow/example_dags/example_bash_operator.py
[2024-05-28T18:30:43.132+0000] {processor.py:830} INFO - Processing file /home/airflow/.local/lib/python3.8/site-packages/airflow/example_dags/example_bash_operator.py for tasks to queue
[2024-05-28T18:30:43.134+0000] {logging_mixin.py:188} INFO - [2024-05-28T18:30:43.134+0000] {dagbag.py:545} INFO - Filling up the DagBag from /home/airflow/.local/lib/python3.8/site-packages/airflow/example_dags/example_bash_operator.py
[2024-05-28T18:30:43.149+0000] {processor.py:840} INFO - DAG(s) 'example_bash_operator' retrieved from /home/airflow/.local/lib/python3.8/site-packages/airflow/example_dags/example_bash_operator.py
[2024-05-28T18:30:43.187+0000] {logging_mixin.py:188} INFO - [2024-05-28T18:30:43.187+0000] {dag.py:3096} INFO - Sync 1 DAGs
[2024-05-28T18:30:43.216+0000] {logging_mixin.py:188} INFO - [2024-05-28T18:30:43.216+0000] {dag.py:3954} INFO - Setting next_dagrun for example_bash_operator to 2024-05-27 00:00:00+00:00, run_after=2024-05-28 00:00:00+00:00
[2024-05-28T18:30:43.244+0000] {processor.py:183} INFO - Processing /home/airflow/.local/lib/python3.8/site-packages/airflow/example_dags/example_bash_operator.py took 0.118 seconds
[2024-05-28T18:31:13.630+0000] {processor.py:161} INFO - Started process (PID=339) to work on /home/airflow/.local/lib/python3.8/site-packages/airflow/example_dags/example_bash_operator.py
[2024-05-28T18:31:13.631+0000] {processor.py:830} INFO - Processing file /home/airflow/.local/lib/python3.8/site-packages/airflow/example_dags/example_bash_operator.py for tasks to queue
[2024-05-28T18:31:13.633+0000] {logging_mixin.py:188} INFO - [2024-05-28T18:31:13.633+0000] {dagbag.py:545} INFO - Filling up the DagBag from /home/airflow/.local/lib/python3.8/site-packages/airflow/example_dags/example_bash_operator.py
[2024-05-28T18:31:13.645+0000] {processor.py:840} INFO - DAG(s) 'example_bash_operator' retrieved from /home/airflow/.local/lib/python3.8/site-packages/airflow/example_dags/example_bash_operator.py
[2024-05-28T18:31:13.677+0000] {logging_mixin.py:188} INFO - [2024-05-28T18:31:13.677+0000] {dag.py:3096} INFO - Sync 1 DAGs
[2024-05-28T18:31:13.699+0000] {logging_mixin.py:188} INFO - [2024-05-28T18:31:13.699+0000] {dag.py:3954} INFO - Setting next_dagrun for example_bash_operator to 2024-05-27 00:00:00+00:00, run_after=2024-05-28 00:00:00+00:00
[2024-05-28T18:31:13.723+0000] {processor.py:183} INFO - Processing /home/airflow/.local/lib/python3.8/site-packages/airflow/example_dags/example_bash_operator.py took 0.099 seconds
[2024-05-28T18:31:44.089+0000] {processor.py:161} INFO - Started process (PID=409) to work on /home/airflow/.local/lib/python3.8/site-packages/airflow/example_dags/example_bash_operator.py
[2024-05-28T18:31:44.091+0000] {processor.py:830} INFO - Processing file /home/airflow/.local/lib/python3.8/site-packages/airflow/example_dags/example_bash_operator.py for tasks to queue
[2024-05-28T18:31:44.093+0000] {logging_mixin.py:188} INFO - [2024-05-28T18:31:44.092+0000] {dagbag.py:545} INFO - Filling up the DagBag from /home/airflow/.local/lib/python3.8/site-packages/airflow/example_dags/example_bash_operator.py
[2024-05-28T18:31:44.105+0000] {processor.py:840} INFO - DAG(s) 'example_bash_operator' retrieved from /home/airflow/.local/lib/python3.8/site-packages/airflow/example_dags/example_bash_operator.py
[2024-05-28T18:31:44.136+0000] {logging_mixin.py:188} INFO - [2024-05-28T18:31:44.136+0000] {dag.py:3096} INFO - Sync 1 DAGs
[2024-05-28T18:31:44.157+0000] {logging_mixin.py:188} INFO - [2024-05-28T18:31:44.157+0000] {dag.py:3954} INFO - Setting next_dagrun for example_bash_operator to 2024-05-27 00:00:00+00:00, run_after=2024-05-28 00:00:00+00:00
[2024-05-28T18:31:44.179+0000] {processor.py:183} INFO - Processing /home/airflow/.local/lib/python3.8/site-packages/airflow/example_dags/example_bash_operator.py took 0.096 seconds
[2024-05-28T18:32:14.931+0000] {processor.py:161} INFO - Started process (PID=486) to work on /home/airflow/.local/lib/python3.8/site-packages/airflow/example_dags/example_bash_operator.py
[2024-05-28T18:32:14.943+0000] {processor.py:830} INFO - Processing file /home/airflow/.local/lib/python3.8/site-packages/airflow/example_dags/example_bash_operator.py for tasks to queue
[2024-05-28T18:32:14.946+0000] {logging_mixin.py:188} INFO - [2024-05-28T18:32:14.945+0000] {dagbag.py:545} INFO - Filling up the DagBag from /home/airflow/.local/lib/python3.8/site-packages/airflow/example_dags/example_bash_operator.py
[2024-05-28T18:32:14.972+0000] {processor.py:840} INFO - DAG(s) 'example_bash_operator' retrieved from /home/airflow/.local/lib/python3.8/site-packages/airflow/example_dags/example_bash_operator.py
[2024-05-28T18:32:15.057+0000] {logging_mixin.py:188} INFO - [2024-05-28T18:32:15.056+0000] {dag.py:3096} INFO - Sync 1 DAGs
[2024-05-28T18:32:15.165+0000] {logging_mixin.py:188} INFO - [2024-05-28T18:32:15.165+0000] {dag.py:3954} INFO - Setting next_dagrun for example_bash_operator to 2024-05-27 00:00:00+00:00, run_after=2024-05-28 00:00:00+00:00
[2024-05-28T18:32:15.226+0000] {processor.py:183} INFO - Processing /home/airflow/.local/lib/python3.8/site-packages/airflow/example_dags/example_bash_operator.py took 0.303 seconds
[2024-05-28T18:32:45.658+0000] {processor.py:161} INFO - Started process (PID=556) to work on /home/airflow/.local/lib/python3.8/site-packages/airflow/example_dags/example_bash_operator.py
[2024-05-28T18:32:45.660+0000] {processor.py:830} INFO - Processing file /home/airflow/.local/lib/python3.8/site-packages/airflow/example_dags/example_bash_operator.py for tasks to queue
[2024-05-28T18:32:45.662+0000] {logging_mixin.py:188} INFO - [2024-05-28T18:32:45.662+0000] {dagbag.py:545} INFO - Filling up the DagBag from /home/airflow/.local/lib/python3.8/site-packages/airflow/example_dags/example_bash_operator.py
[2024-05-28T18:32:45.673+0000] {processor.py:840} INFO - DAG(s) 'example_bash_operator' retrieved from /home/airflow/.local/lib/python3.8/site-packages/airflow/example_dags/example_bash_operator.py
[2024-05-28T18:32:45.703+0000] {logging_mixin.py:188} INFO - [2024-05-28T18:32:45.703+0000] {dag.py:3096} INFO - Sync 1 DAGs
[2024-05-28T18:32:45.727+0000] {logging_mixin.py:188} INFO - [2024-05-28T18:32:45.727+0000] {dag.py:3954} INFO - Setting next_dagrun for example_bash_operator to 2024-05-27 00:00:00+00:00, run_after=2024-05-28 00:00:00+00:00
[2024-05-28T18:32:45.748+0000] {processor.py:183} INFO - Processing /home/airflow/.local/lib/python3.8/site-packages/airflow/example_dags/example_bash_operator.py took 0.098 seconds
[2024-05-28T18:33:16.080+0000] {processor.py:161} INFO - Started process (PID=626) to work on /home/airflow/.local/lib/python3.8/site-packages/airflow/example_dags/example_bash_operator.py
[2024-05-28T18:33:16.082+0000] {processor.py:830} INFO - Processing file /home/airflow/.local/lib/python3.8/site-packages/airflow/example_dags/example_bash_operator.py for tasks to queue
[2024-05-28T18:33:16.083+0000] {logging_mixin.py:188} INFO - [2024-05-28T18:33:16.083+0000] {dagbag.py:545} INFO - Filling up the DagBag from /home/airflow/.local/lib/python3.8/site-packages/airflow/example_dags/example_bash_operator.py
[2024-05-28T18:33:16.094+0000] {processor.py:840} INFO - DAG(s) 'example_bash_operator' retrieved from /home/airflow/.local/lib/python3.8/site-packages/airflow/example_dags/example_bash_operator.py
[2024-05-28T18:33:16.122+0000] {logging_mixin.py:188} INFO - [2024-05-28T18:33:16.122+0000] {dag.py:3096} INFO - Sync 1 DAGs
[2024-05-28T18:33:16.143+0000] {logging_mixin.py:188} INFO - [2024-05-28T18:33:16.143+0000] {dag.py:3954} INFO - Setting next_dagrun for example_bash_operator to 2024-05-27 00:00:00+00:00, run_after=2024-05-28 00:00:00+00:00
[2024-05-28T18:33:16.165+0000] {processor.py:183} INFO - Processing /home/airflow/.local/lib/python3.8/site-packages/airflow/example_dags/example_bash_operator.py took 0.090 seconds
[2024-05-28T18:33:46.543+0000] {processor.py:161} INFO - Started process (PID=702) to work on /home/airflow/.local/lib/python3.8/site-packages/airflow/example_dags/example_bash_operator.py
[2024-05-28T18:33:46.544+0000] {processor.py:830} INFO - Processing file /home/airflow/.local/lib/python3.8/site-packages/airflow/example_dags/example_bash_operator.py for tasks to queue
[2024-05-28T18:33:46.546+0000] {logging_mixin.py:188} INFO - [2024-05-28T18:33:46.546+0000] {dagbag.py:545} INFO - Filling up the DagBag from /home/airflow/.local/lib/python3.8/site-packages/airflow/example_dags/example_bash_operator.py
[2024-05-28T18:33:46.557+0000] {processor.py:840} INFO - DAG(s) 'example_bash_operator' retrieved from /home/airflow/.local/lib/python3.8/site-packages/airflow/example_dags/example_bash_operator.py
[2024-05-28T18:33:46.594+0000] {logging_mixin.py:188} INFO - [2024-05-28T18:33:46.593+0000] {dag.py:3096} INFO - Sync 1 DAGs
[2024-05-28T18:33:46.617+0000] {logging_mixin.py:188} INFO - [2024-05-28T18:33:46.617+0000] {dag.py:3954} INFO - Setting next_dagrun for example_bash_operator to 2024-05-27 00:00:00+00:00, run_after=2024-05-28 00:00:00+00:00
[2024-05-28T18:33:46.638+0000] {processor.py:183} INFO - Processing /home/airflow/.local/lib/python3.8/site-packages/airflow/example_dags/example_bash_operator.py took 0.103 seconds
[2024-05-28T18:34:16.804+0000] {processor.py:161} INFO - Started process (PID=773) to work on /home/airflow/.local/lib/python3.8/site-packages/airflow/example_dags/example_bash_operator.py
[2024-05-28T18:34:16.805+0000] {processor.py:830} INFO - Processing file /home/airflow/.local/lib/python3.8/site-packages/airflow/example_dags/example_bash_operator.py for tasks to queue
[2024-05-28T18:34:16.807+0000] {logging_mixin.py:188} INFO - [2024-05-28T18:34:16.807+0000] {dagbag.py:545} INFO - Filling up the DagBag from /home/airflow/.local/lib/python3.8/site-packages/airflow/example_dags/example_bash_operator.py
[2024-05-28T18:34:16.819+0000] {processor.py:840} INFO - DAG(s) 'example_bash_operator' retrieved from /home/airflow/.local/lib/python3.8/site-packages/airflow/example_dags/example_bash_operator.py
[2024-05-28T18:34:16.847+0000] {logging_mixin.py:188} INFO - [2024-05-28T18:34:16.847+0000] {dag.py:3096} INFO - Sync 1 DAGs
[2024-05-28T18:34:16.868+0000] {logging_mixin.py:188} INFO - [2024-05-28T18:34:16.868+0000] {dag.py:3954} INFO - Setting next_dagrun for example_bash_operator to 2024-05-27 00:00:00+00:00, run_after=2024-05-28 00:00:00+00:00
[2024-05-28T18:34:16.888+0000] {processor.py:183} INFO - Processing /home/airflow/.local/lib/python3.8/site-packages/airflow/example_dags/example_bash_operator.py took 0.092 seconds
[2024-05-28T18:34:46.959+0000] {processor.py:161} INFO - Started process (PID=843) to work on /home/airflow/.local/lib/python3.8/site-packages/airflow/example_dags/example_bash_operator.py
[2024-05-28T18:34:46.960+0000] {processor.py:830} INFO - Processing file /home/airflow/.local/lib/python3.8/site-packages/airflow/example_dags/example_bash_operator.py for tasks to queue
[2024-05-28T18:34:46.963+0000] {logging_mixin.py:188} INFO - [2024-05-28T18:34:46.963+0000] {dagbag.py:545} INFO - Filling up the DagBag from /home/airflow/.local/lib/python3.8/site-packages/airflow/example_dags/example_bash_operator.py
[2024-05-28T18:34:46.978+0000] {processor.py:840} INFO - DAG(s) 'example_bash_operator' retrieved from /home/airflow/.local/lib/python3.8/site-packages/airflow/example_dags/example_bash_operator.py
[2024-05-28T18:34:47.014+0000] {logging_mixin.py:188} INFO - [2024-05-28T18:34:47.014+0000] {dag.py:3096} INFO - Sync 1 DAGs
[2024-05-28T18:34:47.045+0000] {logging_mixin.py:188} INFO - [2024-05-28T18:34:47.044+0000] {dag.py:3954} INFO - Setting next_dagrun for example_bash_operator to 2024-05-27 00:00:00+00:00, run_after=2024-05-28 00:00:00+00:00
[2024-05-28T18:34:47.064+0000] {processor.py:183} INFO - Processing /home/airflow/.local/lib/python3.8/site-packages/airflow/example_dags/example_bash_operator.py took 0.112 seconds
[2024-05-28T18:35:18.078+0000] {processor.py:161} INFO - Started process (PID=921) to work on /home/airflow/.local/lib/python3.8/site-packages/airflow/example_dags/example_bash_operator.py
[2024-05-28T18:35:18.079+0000] {processor.py:830} INFO - Processing file /home/airflow/.local/lib/python3.8/site-packages/airflow/example_dags/example_bash_operator.py for tasks to queue
[2024-05-28T18:35:18.082+0000] {logging_mixin.py:188} INFO - [2024-05-28T18:35:18.081+0000] {dagbag.py:545} INFO - Filling up the DagBag from /home/airflow/.local/lib/python3.8/site-packages/airflow/example_dags/example_bash_operator.py
[2024-05-28T18:35:18.101+0000] {processor.py:840} INFO - DAG(s) 'example_bash_operator' retrieved from /home/airflow/.local/lib/python3.8/site-packages/airflow/example_dags/example_bash_operator.py
[2024-05-28T18:35:18.153+0000] {logging_mixin.py:188} INFO - [2024-05-28T18:35:18.153+0000] {dag.py:3096} INFO - Sync 1 DAGs
[2024-05-28T18:35:18.220+0000] {logging_mixin.py:188} INFO - [2024-05-28T18:35:18.220+0000] {dag.py:3954} INFO - Setting next_dagrun for example_bash_operator to 2024-05-27 00:00:00+00:00, run_after=2024-05-28 00:00:00+00:00
[2024-05-28T18:35:18.273+0000] {processor.py:183} INFO - Processing /home/airflow/.local/lib/python3.8/site-packages/airflow/example_dags/example_bash_operator.py took 0.208 seconds
[2024-05-28T18:35:48.546+0000] {processor.py:161} INFO - Started process (PID=991) to work on /home/airflow/.local/lib/python3.8/site-packages/airflow/example_dags/example_bash_operator.py
[2024-05-28T18:35:48.548+0000] {processor.py:830} INFO - Processing file /home/airflow/.local/lib/python3.8/site-packages/airflow/example_dags/example_bash_operator.py for tasks to queue
[2024-05-28T18:35:48.551+0000] {logging_mixin.py:188} INFO - [2024-05-28T18:35:48.550+0000] {dagbag.py:545} INFO - Filling up the DagBag from /home/airflow/.local/lib/python3.8/site-packages/airflow/example_dags/example_bash_operator.py
[2024-05-28T18:35:48.566+0000] {processor.py:840} INFO - DAG(s) 'example_bash_operator' retrieved from /home/airflow/.local/lib/python3.8/site-packages/airflow/example_dags/example_bash_operator.py
[2024-05-28T18:35:48.612+0000] {logging_mixin.py:188} INFO - [2024-05-28T18:35:48.612+0000] {dag.py:3096} INFO - Sync 1 DAGs
[2024-05-28T18:35:48.639+0000] {logging_mixin.py:188} INFO - [2024-05-28T18:35:48.639+0000] {dag.py:3954} INFO - Setting next_dagrun for example_bash_operator to 2024-05-27 00:00:00+00:00, run_after=2024-05-28 00:00:00+00:00
[2024-05-28T18:35:48.663+0000] {processor.py:183} INFO - Processing /home/airflow/.local/lib/python3.8/site-packages/airflow/example_dags/example_bash_operator.py took 0.129 seconds
[2024-05-28T18:36:19.457+0000] {processor.py:161} INFO - Started process (PID=1061) to work on /home/airflow/.local/lib/python3.8/site-packages/airflow/example_dags/example_bash_operator.py
[2024-05-28T18:36:19.458+0000] {processor.py:830} INFO - Processing file /home/airflow/.local/lib/python3.8/site-packages/airflow/example_dags/example_bash_operator.py for tasks to queue
[2024-05-28T18:36:19.460+0000] {logging_mixin.py:188} INFO - [2024-05-28T18:36:19.460+0000] {dagbag.py:545} INFO - Filling up the DagBag from /home/airflow/.local/lib/python3.8/site-packages/airflow/example_dags/example_bash_operator.py
[2024-05-28T18:36:19.473+0000] {processor.py:840} INFO - DAG(s) 'example_bash_operator' retrieved from /home/airflow/.local/lib/python3.8/site-packages/airflow/example_dags/example_bash_operator.py
[2024-05-28T18:36:19.506+0000] {logging_mixin.py:188} INFO - [2024-05-28T18:36:19.505+0000] {dag.py:3096} INFO - Sync 1 DAGs
[2024-05-28T18:36:19.528+0000] {logging_mixin.py:188} INFO - [2024-05-28T18:36:19.528+0000] {dag.py:3954} INFO - Setting next_dagrun for example_bash_operator to 2024-05-27 00:00:00+00:00, run_after=2024-05-28 00:00:00+00:00
[2024-05-28T18:36:19.547+0000] {processor.py:183} INFO - Processing /home/airflow/.local/lib/python3.8/site-packages/airflow/example_dags/example_bash_operator.py took 0.096 seconds
[2024-05-28T18:36:49.733+0000] {processor.py:161} INFO - Started process (PID=1139) to work on /home/airflow/.local/lib/python3.8/site-packages/airflow/example_dags/example_bash_operator.py
[2024-05-28T18:36:49.735+0000] {processor.py:830} INFO - Processing file /home/airflow/.local/lib/python3.8/site-packages/airflow/example_dags/example_bash_operator.py for tasks to queue
[2024-05-28T18:36:49.737+0000] {logging_mixin.py:188} INFO - [2024-05-28T18:36:49.736+0000] {dagbag.py:545} INFO - Filling up the DagBag from /home/airflow/.local/lib/python3.8/site-packages/airflow/example_dags/example_bash_operator.py
[2024-05-28T18:36:49.748+0000] {processor.py:840} INFO - DAG(s) 'example_bash_operator' retrieved from /home/airflow/.local/lib/python3.8/site-packages/airflow/example_dags/example_bash_operator.py
[2024-05-28T18:36:49.778+0000] {logging_mixin.py:188} INFO - [2024-05-28T18:36:49.778+0000] {dag.py:3096} INFO - Sync 1 DAGs
[2024-05-28T18:36:49.800+0000] {logging_mixin.py:188} INFO - [2024-05-28T18:36:49.799+0000] {dag.py:3954} INFO - Setting next_dagrun for example_bash_operator to 2024-05-27 00:00:00+00:00, run_after=2024-05-28 00:00:00+00:00
[2024-05-28T18:36:49.821+0000] {processor.py:183} INFO - Processing /home/airflow/.local/lib/python3.8/site-packages/airflow/example_dags/example_bash_operator.py took 0.093 seconds
[2024-05-28T18:37:20.018+0000] {processor.py:161} INFO - Started process (PID=1209) to work on /home/airflow/.local/lib/python3.8/site-packages/airflow/example_dags/example_bash_operator.py
[2024-05-28T18:37:20.020+0000] {processor.py:830} INFO - Processing file /home/airflow/.local/lib/python3.8/site-packages/airflow/example_dags/example_bash_operator.py for tasks to queue
[2024-05-28T18:37:20.023+0000] {logging_mixin.py:188} INFO - [2024-05-28T18:37:20.022+0000] {dagbag.py:545} INFO - Filling up the DagBag from /home/airflow/.local/lib/python3.8/site-packages/airflow/example_dags/example_bash_operator.py
[2024-05-28T18:37:20.038+0000] {processor.py:840} INFO - DAG(s) 'example_bash_operator' retrieved from /home/airflow/.local/lib/python3.8/site-packages/airflow/example_dags/example_bash_operator.py
[2024-05-28T18:37:20.107+0000] {logging_mixin.py:188} INFO - [2024-05-28T18:37:20.106+0000] {dag.py:3096} INFO - Sync 1 DAGs
[2024-05-28T18:37:20.174+0000] {logging_mixin.py:188} INFO - [2024-05-28T18:37:20.174+0000] {dag.py:3954} INFO - Setting next_dagrun for example_bash_operator to 2024-05-27 00:00:00+00:00, run_after=2024-05-28 00:00:00+00:00
[2024-05-28T18:37:20.223+0000] {processor.py:183} INFO - Processing /home/airflow/.local/lib/python3.8/site-packages/airflow/example_dags/example_bash_operator.py took 0.214 seconds
[2024-05-28T18:37:50.413+0000] {processor.py:161} INFO - Started process (PID=1288) to work on /home/airflow/.local/lib/python3.8/site-packages/airflow/example_dags/example_bash_operator.py
[2024-05-28T18:37:50.416+0000] {processor.py:830} INFO - Processing file /home/airflow/.local/lib/python3.8/site-packages/airflow/example_dags/example_bash_operator.py for tasks to queue
[2024-05-28T18:37:50.421+0000] {logging_mixin.py:188} INFO - [2024-05-28T18:37:50.420+0000] {dagbag.py:545} INFO - Filling up the DagBag from /home/airflow/.local/lib/python3.8/site-packages/airflow/example_dags/example_bash_operator.py
[2024-05-28T18:37:50.440+0000] {processor.py:840} INFO - DAG(s) 'example_bash_operator' retrieved from /home/airflow/.local/lib/python3.8/site-packages/airflow/example_dags/example_bash_operator.py
[2024-05-28T18:37:50.474+0000] {logging_mixin.py:188} INFO - [2024-05-28T18:37:50.473+0000] {dag.py:3096} INFO - Sync 1 DAGs
[2024-05-28T18:37:50.503+0000] {logging_mixin.py:188} INFO - [2024-05-28T18:37:50.502+0000] {dag.py:3954} INFO - Setting next_dagrun for example_bash_operator to 2024-05-27 00:00:00+00:00, run_after=2024-05-28 00:00:00+00:00
[2024-05-28T18:37:50.530+0000] {processor.py:183} INFO - Processing /home/airflow/.local/lib/python3.8/site-packages/airflow/example_dags/example_bash_operator.py took 0.123 seconds
[2024-05-28T18:38:20.714+0000] {processor.py:161} INFO - Started process (PID=1358) to work on /home/airflow/.local/lib/python3.8/site-packages/airflow/example_dags/example_bash_operator.py
[2024-05-28T18:38:20.715+0000] {processor.py:830} INFO - Processing file /home/airflow/.local/lib/python3.8/site-packages/airflow/example_dags/example_bash_operator.py for tasks to queue
[2024-05-28T18:38:20.717+0000] {logging_mixin.py:188} INFO - [2024-05-28T18:38:20.717+0000] {dagbag.py:545} INFO - Filling up the DagBag from /home/airflow/.local/lib/python3.8/site-packages/airflow/example_dags/example_bash_operator.py
[2024-05-28T18:38:20.728+0000] {processor.py:840} INFO - DAG(s) 'example_bash_operator' retrieved from /home/airflow/.local/lib/python3.8/site-packages/airflow/example_dags/example_bash_operator.py
[2024-05-28T18:38:20.758+0000] {logging_mixin.py:188} INFO - [2024-05-28T18:38:20.758+0000] {dag.py:3096} INFO - Sync 1 DAGs
[2024-05-28T18:38:20.780+0000] {logging_mixin.py:188} INFO - [2024-05-28T18:38:20.779+0000] {dag.py:3954} INFO - Setting next_dagrun for example_bash_operator to 2024-05-27 00:00:00+00:00, run_after=2024-05-28 00:00:00+00:00
[2024-05-28T18:38:20.803+0000] {processor.py:183} INFO - Processing /home/airflow/.local/lib/python3.8/site-packages/airflow/example_dags/example_bash_operator.py took 0.095 seconds
[2024-05-28T18:38:51.289+0000] {processor.py:161} INFO - Started process (PID=1428) to work on /home/airflow/.local/lib/python3.8/site-packages/airflow/example_dags/example_bash_operator.py
[2024-05-28T18:38:51.290+0000] {processor.py:830} INFO - Processing file /home/airflow/.local/lib/python3.8/site-packages/airflow/example_dags/example_bash_operator.py for tasks to queue
[2024-05-28T18:38:51.292+0000] {logging_mixin.py:188} INFO - [2024-05-28T18:38:51.292+0000] {dagbag.py:545} INFO - Filling up the DagBag from /home/airflow/.local/lib/python3.8/site-packages/airflow/example_dags/example_bash_operator.py
[2024-05-28T18:38:51.304+0000] {processor.py:840} INFO - DAG(s) 'example_bash_operator' retrieved from /home/airflow/.local/lib/python3.8/site-packages/airflow/example_dags/example_bash_operator.py
[2024-05-28T18:38:51.334+0000] {logging_mixin.py:188} INFO - [2024-05-28T18:38:51.333+0000] {dag.py:3096} INFO - Sync 1 DAGs
[2024-05-28T18:38:51.354+0000] {logging_mixin.py:188} INFO - [2024-05-28T18:38:51.354+0000] {dag.py:3954} INFO - Setting next_dagrun for example_bash_operator to 2024-05-27 00:00:00+00:00, run_after=2024-05-28 00:00:00+00:00
[2024-05-28T18:38:51.375+0000] {processor.py:183} INFO - Processing /home/airflow/.local/lib/python3.8/site-packages/airflow/example_dags/example_bash_operator.py took 0.093 seconds
[2024-05-28T18:39:21.826+0000] {processor.py:161} INFO - Started process (PID=1498) to work on /home/airflow/.local/lib/python3.8/site-packages/airflow/example_dags/example_bash_operator.py
[2024-05-28T18:39:21.827+0000] {processor.py:830} INFO - Processing file /home/airflow/.local/lib/python3.8/site-packages/airflow/example_dags/example_bash_operator.py for tasks to queue
[2024-05-28T18:39:21.831+0000] {logging_mixin.py:188} INFO - [2024-05-28T18:39:21.829+0000] {dagbag.py:545} INFO - Filling up the DagBag from /home/airflow/.local/lib/python3.8/site-packages/airflow/example_dags/example_bash_operator.py
[2024-05-28T18:39:21.845+0000] {processor.py:840} INFO - DAG(s) 'example_bash_operator' retrieved from /home/airflow/.local/lib/python3.8/site-packages/airflow/example_dags/example_bash_operator.py
[2024-05-28T18:39:21.881+0000] {logging_mixin.py:188} INFO - [2024-05-28T18:39:21.881+0000] {dag.py:3096} INFO - Sync 1 DAGs
[2024-05-28T18:39:21.919+0000] {logging_mixin.py:188} INFO - [2024-05-28T18:39:21.918+0000] {dag.py:3954} INFO - Setting next_dagrun for example_bash_operator to 2024-05-27 00:00:00+00:00, run_after=2024-05-28 00:00:00+00:00
[2024-05-28T18:39:21.943+0000] {processor.py:183} INFO - Processing /home/airflow/.local/lib/python3.8/site-packages/airflow/example_dags/example_bash_operator.py took 0.130 seconds
[2024-05-28T18:39:52.150+0000] {processor.py:161} INFO - Started process (PID=1576) to work on /home/airflow/.local/lib/python3.8/site-packages/airflow/example_dags/example_bash_operator.py
[2024-05-28T18:39:52.151+0000] {processor.py:830} INFO - Processing file /home/airflow/.local/lib/python3.8/site-packages/airflow/example_dags/example_bash_operator.py for tasks to queue
[2024-05-28T18:39:52.153+0000] {logging_mixin.py:188} INFO - [2024-05-28T18:39:52.153+0000] {dagbag.py:545} INFO - Filling up the DagBag from /home/airflow/.local/lib/python3.8/site-packages/airflow/example_dags/example_bash_operator.py
[2024-05-28T18:39:52.169+0000] {processor.py:840} INFO - DAG(s) 'example_bash_operator' retrieved from /home/airflow/.local/lib/python3.8/site-packages/airflow/example_dags/example_bash_operator.py
[2024-05-28T18:39:52.202+0000] {logging_mixin.py:188} INFO - [2024-05-28T18:39:52.202+0000] {dag.py:3096} INFO - Sync 1 DAGs
[2024-05-28T18:39:52.228+0000] {logging_mixin.py:188} INFO - [2024-05-28T18:39:52.227+0000] {dag.py:3954} INFO - Setting next_dagrun for example_bash_operator to 2024-05-27 00:00:00+00:00, run_after=2024-05-28 00:00:00+00:00
[2024-05-28T18:39:52.252+0000] {processor.py:183} INFO - Processing /home/airflow/.local/lib/python3.8/site-packages/airflow/example_dags/example_bash_operator.py took 0.109 seconds
[2024-05-28T18:40:22.787+0000] {processor.py:161} INFO - Started process (PID=1647) to work on /home/airflow/.local/lib/python3.8/site-packages/airflow/example_dags/example_bash_operator.py
[2024-05-28T18:40:22.788+0000] {processor.py:830} INFO - Processing file /home/airflow/.local/lib/python3.8/site-packages/airflow/example_dags/example_bash_operator.py for tasks to queue
[2024-05-28T18:40:22.791+0000] {logging_mixin.py:188} INFO - [2024-05-28T18:40:22.790+0000] {dagbag.py:545} INFO - Filling up the DagBag from /home/airflow/.local/lib/python3.8/site-packages/airflow/example_dags/example_bash_operator.py
[2024-05-28T18:40:22.828+0000] {processor.py:840} INFO - DAG(s) 'example_bash_operator' retrieved from /home/airflow/.local/lib/python3.8/site-packages/airflow/example_dags/example_bash_operator.py
[2024-05-28T18:40:22.886+0000] {logging_mixin.py:188} INFO - [2024-05-28T18:40:22.886+0000] {dag.py:3096} INFO - Sync 1 DAGs
[2024-05-28T18:40:22.911+0000] {logging_mixin.py:188} INFO - [2024-05-28T18:40:22.910+0000] {dag.py:3954} INFO - Setting next_dagrun for example_bash_operator to 2024-05-27 00:00:00+00:00, run_after=2024-05-28 00:00:00+00:00
[2024-05-28T18:40:22.935+0000] {processor.py:183} INFO - Processing /home/airflow/.local/lib/python3.8/site-packages/airflow/example_dags/example_bash_operator.py took 0.158 seconds
[2024-05-28T18:40:53.237+0000] {processor.py:161} INFO - Started process (PID=1725) to work on /home/airflow/.local/lib/python3.8/site-packages/airflow/example_dags/example_bash_operator.py
[2024-05-28T18:40:53.238+0000] {processor.py:830} INFO - Processing file /home/airflow/.local/lib/python3.8/site-packages/airflow/example_dags/example_bash_operator.py for tasks to queue
[2024-05-28T18:40:53.241+0000] {logging_mixin.py:188} INFO - [2024-05-28T18:40:53.240+0000] {dagbag.py:545} INFO - Filling up the DagBag from /home/airflow/.local/lib/python3.8/site-packages/airflow/example_dags/example_bash_operator.py
[2024-05-28T18:40:53.255+0000] {processor.py:840} INFO - DAG(s) 'example_bash_operator' retrieved from /home/airflow/.local/lib/python3.8/site-packages/airflow/example_dags/example_bash_operator.py
[2024-05-28T18:40:53.286+0000] {logging_mixin.py:188} INFO - [2024-05-28T18:40:53.285+0000] {dag.py:3096} INFO - Sync 1 DAGs
[2024-05-28T18:40:53.309+0000] {logging_mixin.py:188} INFO - [2024-05-28T18:40:53.308+0000] {dag.py:3954} INFO - Setting next_dagrun for example_bash_operator to 2024-05-27 00:00:00+00:00, run_after=2024-05-28 00:00:00+00:00
[2024-05-28T18:40:53.334+0000] {processor.py:183} INFO - Processing /home/airflow/.local/lib/python3.8/site-packages/airflow/example_dags/example_bash_operator.py took 0.106 seconds
[2024-05-28T18:41:23.591+0000] {processor.py:161} INFO - Started process (PID=1796) to work on /home/airflow/.local/lib/python3.8/site-packages/airflow/example_dags/example_bash_operator.py
[2024-05-28T18:41:23.592+0000] {processor.py:830} INFO - Processing file /home/airflow/.local/lib/python3.8/site-packages/airflow/example_dags/example_bash_operator.py for tasks to queue
[2024-05-28T18:41:23.595+0000] {logging_mixin.py:188} INFO - [2024-05-28T18:41:23.594+0000] {dagbag.py:545} INFO - Filling up the DagBag from /home/airflow/.local/lib/python3.8/site-packages/airflow/example_dags/example_bash_operator.py
[2024-05-28T18:41:23.607+0000] {processor.py:840} INFO - DAG(s) 'example_bash_operator' retrieved from /home/airflow/.local/lib/python3.8/site-packages/airflow/example_dags/example_bash_operator.py
[2024-05-28T18:41:23.642+0000] {logging_mixin.py:188} INFO - [2024-05-28T18:41:23.641+0000] {dag.py:3096} INFO - Sync 1 DAGs
[2024-05-28T18:41:23.668+0000] {logging_mixin.py:188} INFO - [2024-05-28T18:41:23.668+0000] {dag.py:3954} INFO - Setting next_dagrun for example_bash_operator to 2024-05-27 00:00:00+00:00, run_after=2024-05-28 00:00:00+00:00
[2024-05-28T18:41:23.690+0000] {processor.py:183} INFO - Processing /home/airflow/.local/lib/python3.8/site-packages/airflow/example_dags/example_bash_operator.py took 0.105 seconds
[2024-05-28T18:41:53.880+0000] {processor.py:161} INFO - Started process (PID=1864) to work on /home/airflow/.local/lib/python3.8/site-packages/airflow/example_dags/example_bash_operator.py
[2024-05-28T18:41:53.881+0000] {processor.py:830} INFO - Processing file /home/airflow/.local/lib/python3.8/site-packages/airflow/example_dags/example_bash_operator.py for tasks to queue
[2024-05-28T18:41:53.883+0000] {logging_mixin.py:188} INFO - [2024-05-28T18:41:53.883+0000] {dagbag.py:545} INFO - Filling up the DagBag from /home/airflow/.local/lib/python3.8/site-packages/airflow/example_dags/example_bash_operator.py
[2024-05-28T18:41:53.896+0000] {processor.py:840} INFO - DAG(s) 'example_bash_operator' retrieved from /home/airflow/.local/lib/python3.8/site-packages/airflow/example_dags/example_bash_operator.py
[2024-05-28T18:41:53.927+0000] {logging_mixin.py:188} INFO - [2024-05-28T18:41:53.926+0000] {dag.py:3096} INFO - Sync 1 DAGs
[2024-05-28T18:41:53.948+0000] {logging_mixin.py:188} INFO - [2024-05-28T18:41:53.947+0000] {dag.py:3954} INFO - Setting next_dagrun for example_bash_operator to 2024-05-27 00:00:00+00:00, run_after=2024-05-28 00:00:00+00:00
[2024-05-28T18:41:53.970+0000] {processor.py:183} INFO - Processing /home/airflow/.local/lib/python3.8/site-packages/airflow/example_dags/example_bash_operator.py took 0.096 seconds
[2024-05-28T18:42:24.263+0000] {processor.py:161} INFO - Started process (PID=1942) to work on /home/airflow/.local/lib/python3.8/site-packages/airflow/example_dags/example_bash_operator.py
[2024-05-28T18:42:24.264+0000] {processor.py:830} INFO - Processing file /home/airflow/.local/lib/python3.8/site-packages/airflow/example_dags/example_bash_operator.py for tasks to queue
[2024-05-28T18:42:24.266+0000] {logging_mixin.py:188} INFO - [2024-05-28T18:42:24.266+0000] {dagbag.py:545} INFO - Filling up the DagBag from /home/airflow/.local/lib/python3.8/site-packages/airflow/example_dags/example_bash_operator.py
[2024-05-28T18:42:24.278+0000] {processor.py:840} INFO - DAG(s) 'example_bash_operator' retrieved from /home/airflow/.local/lib/python3.8/site-packages/airflow/example_dags/example_bash_operator.py
[2024-05-28T18:42:24.307+0000] {logging_mixin.py:188} INFO - [2024-05-28T18:42:24.306+0000] {dag.py:3096} INFO - Sync 1 DAGs
[2024-05-28T18:42:24.328+0000] {logging_mixin.py:188} INFO - [2024-05-28T18:42:24.328+0000] {dag.py:3954} INFO - Setting next_dagrun for example_bash_operator to 2024-05-27 00:00:00+00:00, run_after=2024-05-28 00:00:00+00:00
[2024-05-28T18:42:24.351+0000] {processor.py:183} INFO - Processing /home/airflow/.local/lib/python3.8/site-packages/airflow/example_dags/example_bash_operator.py took 0.095 seconds
[2024-05-28T18:42:54.527+0000] {processor.py:161} INFO - Started process (PID=2012) to work on /home/airflow/.local/lib/python3.8/site-packages/airflow/example_dags/example_bash_operator.py
[2024-05-28T18:42:54.529+0000] {processor.py:830} INFO - Processing file /home/airflow/.local/lib/python3.8/site-packages/airflow/example_dags/example_bash_operator.py for tasks to queue
[2024-05-28T18:42:54.531+0000] {logging_mixin.py:188} INFO - [2024-05-28T18:42:54.531+0000] {dagbag.py:545} INFO - Filling up the DagBag from /home/airflow/.local/lib/python3.8/site-packages/airflow/example_dags/example_bash_operator.py
[2024-05-28T18:42:54.544+0000] {processor.py:840} INFO - DAG(s) 'example_bash_operator' retrieved from /home/airflow/.local/lib/python3.8/site-packages/airflow/example_dags/example_bash_operator.py
[2024-05-28T18:42:54.575+0000] {logging_mixin.py:188} INFO - [2024-05-28T18:42:54.575+0000] {dag.py:3096} INFO - Sync 1 DAGs
[2024-05-28T18:42:54.597+0000] {logging_mixin.py:188} INFO - [2024-05-28T18:42:54.597+0000] {dag.py:3954} INFO - Setting next_dagrun for example_bash_operator to 2024-05-27 00:00:00+00:00, run_after=2024-05-28 00:00:00+00:00
[2024-05-28T18:42:54.618+0000] {processor.py:183} INFO - Processing /home/airflow/.local/lib/python3.8/site-packages/airflow/example_dags/example_bash_operator.py took 0.097 seconds
[2024-05-28T18:43:24.950+0000] {processor.py:161} INFO - Started process (PID=2091) to work on /home/airflow/.local/lib/python3.8/site-packages/airflow/example_dags/example_bash_operator.py
[2024-05-28T18:43:24.951+0000] {processor.py:830} INFO - Processing file /home/airflow/.local/lib/python3.8/site-packages/airflow/example_dags/example_bash_operator.py for tasks to queue
[2024-05-28T18:43:24.953+0000] {logging_mixin.py:188} INFO - [2024-05-28T18:43:24.953+0000] {dagbag.py:545} INFO - Filling up the DagBag from /home/airflow/.local/lib/python3.8/site-packages/airflow/example_dags/example_bash_operator.py
[2024-05-28T18:43:24.968+0000] {processor.py:840} INFO - DAG(s) 'example_bash_operator' retrieved from /home/airflow/.local/lib/python3.8/site-packages/airflow/example_dags/example_bash_operator.py
[2024-05-28T18:43:25.004+0000] {logging_mixin.py:188} INFO - [2024-05-28T18:43:25.004+0000] {dag.py:3096} INFO - Sync 1 DAGs
[2024-05-28T18:43:25.030+0000] {logging_mixin.py:188} INFO - [2024-05-28T18:43:25.030+0000] {dag.py:3954} INFO - Setting next_dagrun for example_bash_operator to 2024-05-27 00:00:00+00:00, run_after=2024-05-28 00:00:00+00:00
[2024-05-28T18:43:25.049+0000] {processor.py:183} INFO - Processing /home/airflow/.local/lib/python3.8/site-packages/airflow/example_dags/example_bash_operator.py took 0.105 seconds
[2024-05-28T18:43:55.209+0000] {processor.py:161} INFO - Started process (PID=2161) to work on /home/airflow/.local/lib/python3.8/site-packages/airflow/example_dags/example_bash_operator.py
[2024-05-28T18:43:55.210+0000] {processor.py:830} INFO - Processing file /home/airflow/.local/lib/python3.8/site-packages/airflow/example_dags/example_bash_operator.py for tasks to queue
[2024-05-28T18:43:55.212+0000] {logging_mixin.py:188} INFO - [2024-05-28T18:43:55.212+0000] {dagbag.py:545} INFO - Filling up the DagBag from /home/airflow/.local/lib/python3.8/site-packages/airflow/example_dags/example_bash_operator.py
[2024-05-28T18:43:55.225+0000] {processor.py:840} INFO - DAG(s) 'example_bash_operator' retrieved from /home/airflow/.local/lib/python3.8/site-packages/airflow/example_dags/example_bash_operator.py
[2024-05-28T18:43:55.255+0000] {logging_mixin.py:188} INFO - [2024-05-28T18:43:55.255+0000] {dag.py:3096} INFO - Sync 1 DAGs
[2024-05-28T18:43:55.275+0000] {logging_mixin.py:188} INFO - [2024-05-28T18:43:55.274+0000] {dag.py:3954} INFO - Setting next_dagrun for example_bash_operator to 2024-05-27 00:00:00+00:00, run_after=2024-05-28 00:00:00+00:00
[2024-05-28T18:43:55.295+0000] {processor.py:183} INFO - Processing /home/airflow/.local/lib/python3.8/site-packages/airflow/example_dags/example_bash_operator.py took 0.094 seconds
[2024-05-28T18:44:25.559+0000] {processor.py:161} INFO - Started process (PID=2233) to work on /home/airflow/.local/lib/python3.8/site-packages/airflow/example_dags/example_bash_operator.py
[2024-05-28T18:44:25.561+0000] {processor.py:830} INFO - Processing file /home/airflow/.local/lib/python3.8/site-packages/airflow/example_dags/example_bash_operator.py for tasks to queue
[2024-05-28T18:44:25.563+0000] {logging_mixin.py:188} INFO - [2024-05-28T18:44:25.563+0000] {dagbag.py:545} INFO - Filling up the DagBag from /home/airflow/.local/lib/python3.8/site-packages/airflow/example_dags/example_bash_operator.py
[2024-05-28T18:44:25.575+0000] {processor.py:840} INFO - DAG(s) 'example_bash_operator' retrieved from /home/airflow/.local/lib/python3.8/site-packages/airflow/example_dags/example_bash_operator.py
[2024-05-28T18:44:25.607+0000] {logging_mixin.py:188} INFO - [2024-05-28T18:44:25.606+0000] {dag.py:3096} INFO - Sync 1 DAGs
[2024-05-28T18:44:25.630+0000] {logging_mixin.py:188} INFO - [2024-05-28T18:44:25.629+0000] {dag.py:3954} INFO - Setting next_dagrun for example_bash_operator to 2024-05-27 00:00:00+00:00, run_after=2024-05-28 00:00:00+00:00
[2024-05-28T18:44:25.651+0000] {processor.py:183} INFO - Processing /home/airflow/.local/lib/python3.8/site-packages/airflow/example_dags/example_bash_operator.py took 0.098 seconds
[2024-05-28T18:44:55.806+0000] {processor.py:161} INFO - Started process (PID=2310) to work on /home/airflow/.local/lib/python3.8/site-packages/airflow/example_dags/example_bash_operator.py
[2024-05-28T18:44:55.807+0000] {processor.py:830} INFO - Processing file /home/airflow/.local/lib/python3.8/site-packages/airflow/example_dags/example_bash_operator.py for tasks to queue
[2024-05-28T18:44:55.809+0000] {logging_mixin.py:188} INFO - [2024-05-28T18:44:55.809+0000] {dagbag.py:545} INFO - Filling up the DagBag from /home/airflow/.local/lib/python3.8/site-packages/airflow/example_dags/example_bash_operator.py
[2024-05-28T18:44:55.822+0000] {processor.py:840} INFO - DAG(s) 'example_bash_operator' retrieved from /home/airflow/.local/lib/python3.8/site-packages/airflow/example_dags/example_bash_operator.py
[2024-05-28T18:44:55.851+0000] {logging_mixin.py:188} INFO - [2024-05-28T18:44:55.851+0000] {dag.py:3096} INFO - Sync 1 DAGs
[2024-05-28T18:44:55.871+0000] {logging_mixin.py:188} INFO - [2024-05-28T18:44:55.871+0000] {dag.py:3954} INFO - Setting next_dagrun for example_bash_operator to 2024-05-27 00:00:00+00:00, run_after=2024-05-28 00:00:00+00:00
[2024-05-28T18:44:55.892+0000] {processor.py:183} INFO - Processing /home/airflow/.local/lib/python3.8/site-packages/airflow/example_dags/example_bash_operator.py took 0.094 seconds
[2024-05-28T18:45:26.033+0000] {processor.py:161} INFO - Started process (PID=2380) to work on /home/airflow/.local/lib/python3.8/site-packages/airflow/example_dags/example_bash_operator.py
[2024-05-28T18:45:26.034+0000] {processor.py:830} INFO - Processing file /home/airflow/.local/lib/python3.8/site-packages/airflow/example_dags/example_bash_operator.py for tasks to queue
[2024-05-28T18:45:26.037+0000] {logging_mixin.py:188} INFO - [2024-05-28T18:45:26.036+0000] {dagbag.py:545} INFO - Filling up the DagBag from /home/airflow/.local/lib/python3.8/site-packages/airflow/example_dags/example_bash_operator.py
[2024-05-28T18:45:26.049+0000] {processor.py:840} INFO - DAG(s) 'example_bash_operator' retrieved from /home/airflow/.local/lib/python3.8/site-packages/airflow/example_dags/example_bash_operator.py
[2024-05-28T18:45:26.077+0000] {logging_mixin.py:188} INFO - [2024-05-28T18:45:26.077+0000] {dag.py:3096} INFO - Sync 1 DAGs
[2024-05-28T18:45:26.100+0000] {logging_mixin.py:188} INFO - [2024-05-28T18:45:26.099+0000] {dag.py:3954} INFO - Setting next_dagrun for example_bash_operator to 2024-05-27 00:00:00+00:00, run_after=2024-05-28 00:00:00+00:00
[2024-05-28T18:45:26.120+0000] {processor.py:183} INFO - Processing /home/airflow/.local/lib/python3.8/site-packages/airflow/example_dags/example_bash_operator.py took 0.093 seconds
[2024-05-28T18:45:56.498+0000] {processor.py:161} INFO - Started process (PID=2458) to work on /home/airflow/.local/lib/python3.8/site-packages/airflow/example_dags/example_bash_operator.py
[2024-05-28T18:45:56.500+0000] {processor.py:830} INFO - Processing file /home/airflow/.local/lib/python3.8/site-packages/airflow/example_dags/example_bash_operator.py for tasks to queue
[2024-05-28T18:45:56.502+0000] {logging_mixin.py:188} INFO - [2024-05-28T18:45:56.501+0000] {dagbag.py:545} INFO - Filling up the DagBag from /home/airflow/.local/lib/python3.8/site-packages/airflow/example_dags/example_bash_operator.py
[2024-05-28T18:45:56.517+0000] {processor.py:840} INFO - DAG(s) 'example_bash_operator' retrieved from /home/airflow/.local/lib/python3.8/site-packages/airflow/example_dags/example_bash_operator.py
[2024-05-28T18:45:56.555+0000] {logging_mixin.py:188} INFO - [2024-05-28T18:45:56.555+0000] {dag.py:3096} INFO - Sync 1 DAGs
[2024-05-28T18:45:56.589+0000] {logging_mixin.py:188} INFO - [2024-05-28T18:45:56.589+0000] {dag.py:3954} INFO - Setting next_dagrun for example_bash_operator to 2024-05-27 00:00:00+00:00, run_after=2024-05-28 00:00:00+00:00
[2024-05-28T18:45:56.616+0000] {processor.py:183} INFO - Processing /home/airflow/.local/lib/python3.8/site-packages/airflow/example_dags/example_bash_operator.py took 0.126 seconds
[2024-05-28T18:46:26.980+0000] {processor.py:161} INFO - Started process (PID=2528) to work on /home/airflow/.local/lib/python3.8/site-packages/airflow/example_dags/example_bash_operator.py
[2024-05-28T18:46:26.982+0000] {processor.py:830} INFO - Processing file /home/airflow/.local/lib/python3.8/site-packages/airflow/example_dags/example_bash_operator.py for tasks to queue
[2024-05-28T18:46:26.984+0000] {logging_mixin.py:188} INFO - [2024-05-28T18:46:26.984+0000] {dagbag.py:545} INFO - Filling up the DagBag from /home/airflow/.local/lib/python3.8/site-packages/airflow/example_dags/example_bash_operator.py
[2024-05-28T18:46:26.997+0000] {processor.py:840} INFO - DAG(s) 'example_bash_operator' retrieved from /home/airflow/.local/lib/python3.8/site-packages/airflow/example_dags/example_bash_operator.py
[2024-05-28T18:46:27.027+0000] {logging_mixin.py:188} INFO - [2024-05-28T18:46:27.027+0000] {dag.py:3096} INFO - Sync 1 DAGs
[2024-05-28T18:46:27.047+0000] {logging_mixin.py:188} INFO - [2024-05-28T18:46:27.047+0000] {dag.py:3954} INFO - Setting next_dagrun for example_bash_operator to 2024-05-27 00:00:00+00:00, run_after=2024-05-28 00:00:00+00:00
[2024-05-28T18:46:27.070+0000] {processor.py:183} INFO - Processing /home/airflow/.local/lib/python3.8/site-packages/airflow/example_dags/example_bash_operator.py took 0.097 seconds
[2024-05-28T18:46:57.388+0000] {processor.py:161} INFO - Started process (PID=2598) to work on /home/airflow/.local/lib/python3.8/site-packages/airflow/example_dags/example_bash_operator.py
[2024-05-28T18:46:57.389+0000] {processor.py:830} INFO - Processing file /home/airflow/.local/lib/python3.8/site-packages/airflow/example_dags/example_bash_operator.py for tasks to queue
[2024-05-28T18:46:57.391+0000] {logging_mixin.py:188} INFO - [2024-05-28T18:46:57.391+0000] {dagbag.py:545} INFO - Filling up the DagBag from /home/airflow/.local/lib/python3.8/site-packages/airflow/example_dags/example_bash_operator.py
[2024-05-28T18:46:57.403+0000] {processor.py:840} INFO - DAG(s) 'example_bash_operator' retrieved from /home/airflow/.local/lib/python3.8/site-packages/airflow/example_dags/example_bash_operator.py
[2024-05-28T18:46:57.447+0000] {logging_mixin.py:188} INFO - [2024-05-28T18:46:57.447+0000] {dag.py:3096} INFO - Sync 1 DAGs
[2024-05-28T18:46:57.473+0000] {logging_mixin.py:188} INFO - [2024-05-28T18:46:57.473+0000] {dag.py:3954} INFO - Setting next_dagrun for example_bash_operator to 2024-05-27 00:00:00+00:00, run_after=2024-05-28 00:00:00+00:00
[2024-05-28T18:46:57.501+0000] {processor.py:183} INFO - Processing /home/airflow/.local/lib/python3.8/site-packages/airflow/example_dags/example_bash_operator.py took 0.121 seconds
[2024-05-28T18:47:27.761+0000] {processor.py:161} INFO - Started process (PID=2676) to work on /home/airflow/.local/lib/python3.8/site-packages/airflow/example_dags/example_bash_operator.py
[2024-05-28T18:47:27.762+0000] {processor.py:830} INFO - Processing file /home/airflow/.local/lib/python3.8/site-packages/airflow/example_dags/example_bash_operator.py for tasks to queue
[2024-05-28T18:47:27.765+0000] {logging_mixin.py:188} INFO - [2024-05-28T18:47:27.764+0000] {dagbag.py:545} INFO - Filling up the DagBag from /home/airflow/.local/lib/python3.8/site-packages/airflow/example_dags/example_bash_operator.py
[2024-05-28T18:47:27.776+0000] {processor.py:840} INFO - DAG(s) 'example_bash_operator' retrieved from /home/airflow/.local/lib/python3.8/site-packages/airflow/example_dags/example_bash_operator.py
[2024-05-28T18:47:27.805+0000] {logging_mixin.py:188} INFO - [2024-05-28T18:47:27.805+0000] {dag.py:3096} INFO - Sync 1 DAGs
[2024-05-28T18:47:27.827+0000] {logging_mixin.py:188} INFO - [2024-05-28T18:47:27.826+0000] {dag.py:3954} INFO - Setting next_dagrun for example_bash_operator to 2024-05-27 00:00:00+00:00, run_after=2024-05-28 00:00:00+00:00
[2024-05-28T18:47:27.848+0000] {processor.py:183} INFO - Processing /home/airflow/.local/lib/python3.8/site-packages/airflow/example_dags/example_bash_operator.py took 0.094 seconds
[2024-05-28T18:47:58.046+0000] {processor.py:161} INFO - Started process (PID=2746) to work on /home/airflow/.local/lib/python3.8/site-packages/airflow/example_dags/example_bash_operator.py
[2024-05-28T18:47:58.047+0000] {processor.py:830} INFO - Processing file /home/airflow/.local/lib/python3.8/site-packages/airflow/example_dags/example_bash_operator.py for tasks to queue
[2024-05-28T18:47:58.050+0000] {logging_mixin.py:188} INFO - [2024-05-28T18:47:58.049+0000] {dagbag.py:545} INFO - Filling up the DagBag from /home/airflow/.local/lib/python3.8/site-packages/airflow/example_dags/example_bash_operator.py
[2024-05-28T18:47:58.064+0000] {processor.py:840} INFO - DAG(s) 'example_bash_operator' retrieved from /home/airflow/.local/lib/python3.8/site-packages/airflow/example_dags/example_bash_operator.py
[2024-05-28T18:47:58.095+0000] {logging_mixin.py:188} INFO - [2024-05-28T18:47:58.095+0000] {dag.py:3096} INFO - Sync 1 DAGs
[2024-05-28T18:47:58.121+0000] {logging_mixin.py:188} INFO - [2024-05-28T18:47:58.120+0000] {dag.py:3954} INFO - Setting next_dagrun for example_bash_operator to 2024-05-27 00:00:00+00:00, run_after=2024-05-28 00:00:00+00:00
[2024-05-28T18:47:58.140+0000] {processor.py:183} INFO - Processing /home/airflow/.local/lib/python3.8/site-packages/airflow/example_dags/example_bash_operator.py took 0.101 seconds
[2024-05-28T18:48:28.354+0000] {processor.py:161} INFO - Started process (PID=2823) to work on /home/airflow/.local/lib/python3.8/site-packages/airflow/example_dags/example_bash_operator.py
[2024-05-28T18:48:28.355+0000] {processor.py:830} INFO - Processing file /home/airflow/.local/lib/python3.8/site-packages/airflow/example_dags/example_bash_operator.py for tasks to queue
[2024-05-28T18:48:28.357+0000] {logging_mixin.py:188} INFO - [2024-05-28T18:48:28.357+0000] {dagbag.py:545} INFO - Filling up the DagBag from /home/airflow/.local/lib/python3.8/site-packages/airflow/example_dags/example_bash_operator.py
[2024-05-28T18:48:28.368+0000] {processor.py:840} INFO - DAG(s) 'example_bash_operator' retrieved from /home/airflow/.local/lib/python3.8/site-packages/airflow/example_dags/example_bash_operator.py
[2024-05-28T18:48:28.399+0000] {logging_mixin.py:188} INFO - [2024-05-28T18:48:28.399+0000] {dag.py:3096} INFO - Sync 1 DAGs
[2024-05-28T18:48:28.421+0000] {logging_mixin.py:188} INFO - [2024-05-28T18:48:28.421+0000] {dag.py:3954} INFO - Setting next_dagrun for example_bash_operator to 2024-05-27 00:00:00+00:00, run_after=2024-05-28 00:00:00+00:00
[2024-05-28T18:48:28.442+0000] {processor.py:183} INFO - Processing /home/airflow/.local/lib/python3.8/site-packages/airflow/example_dags/example_bash_operator.py took 0.094 seconds
[2024-05-28T18:48:58.687+0000] {processor.py:161} INFO - Started process (PID=2892) to work on /home/airflow/.local/lib/python3.8/site-packages/airflow/example_dags/example_bash_operator.py
[2024-05-28T18:48:58.688+0000] {processor.py:830} INFO - Processing file /home/airflow/.local/lib/python3.8/site-packages/airflow/example_dags/example_bash_operator.py for tasks to queue
[2024-05-28T18:48:58.690+0000] {logging_mixin.py:188} INFO - [2024-05-28T18:48:58.690+0000] {dagbag.py:545} INFO - Filling up the DagBag from /home/airflow/.local/lib/python3.8/site-packages/airflow/example_dags/example_bash_operator.py
[2024-05-28T18:48:58.702+0000] {processor.py:840} INFO - DAG(s) 'example_bash_operator' retrieved from /home/airflow/.local/lib/python3.8/site-packages/airflow/example_dags/example_bash_operator.py
[2024-05-28T18:48:58.731+0000] {logging_mixin.py:188} INFO - [2024-05-28T18:48:58.731+0000] {dag.py:3096} INFO - Sync 1 DAGs
[2024-05-28T18:48:58.752+0000] {logging_mixin.py:188} INFO - [2024-05-28T18:48:58.751+0000] {dag.py:3954} INFO - Setting next_dagrun for example_bash_operator to 2024-05-27 00:00:00+00:00, run_after=2024-05-28 00:00:00+00:00
[2024-05-28T18:48:58.773+0000] {processor.py:183} INFO - Processing /home/airflow/.local/lib/python3.8/site-packages/airflow/example_dags/example_bash_operator.py took 0.092 seconds
[2024-05-28T18:49:29.260+0000] {processor.py:161} INFO - Started process (PID=2970) to work on /home/airflow/.local/lib/python3.8/site-packages/airflow/example_dags/example_bash_operator.py
[2024-05-28T18:49:29.262+0000] {processor.py:830} INFO - Processing file /home/airflow/.local/lib/python3.8/site-packages/airflow/example_dags/example_bash_operator.py for tasks to queue
[2024-05-28T18:49:29.265+0000] {logging_mixin.py:188} INFO - [2024-05-28T18:49:29.265+0000] {dagbag.py:545} INFO - Filling up the DagBag from /home/airflow/.local/lib/python3.8/site-packages/airflow/example_dags/example_bash_operator.py
[2024-05-28T18:49:29.281+0000] {processor.py:840} INFO - DAG(s) 'example_bash_operator' retrieved from /home/airflow/.local/lib/python3.8/site-packages/airflow/example_dags/example_bash_operator.py
[2024-05-28T18:49:29.312+0000] {logging_mixin.py:188} INFO - [2024-05-28T18:49:29.312+0000] {dag.py:3096} INFO - Sync 1 DAGs
[2024-05-28T18:49:29.335+0000] {logging_mixin.py:188} INFO - [2024-05-28T18:49:29.335+0000] {dag.py:3954} INFO - Setting next_dagrun for example_bash_operator to 2024-05-27 00:00:00+00:00, run_after=2024-05-28 00:00:00+00:00
[2024-05-28T18:49:29.356+0000] {processor.py:183} INFO - Processing /home/airflow/.local/lib/python3.8/site-packages/airflow/example_dags/example_bash_operator.py took 0.104 seconds
[2024-05-28T18:49:59.745+0000] {processor.py:161} INFO - Started process (PID=3040) to work on /home/airflow/.local/lib/python3.8/site-packages/airflow/example_dags/example_bash_operator.py
[2024-05-28T18:49:59.746+0000] {processor.py:830} INFO - Processing file /home/airflow/.local/lib/python3.8/site-packages/airflow/example_dags/example_bash_operator.py for tasks to queue
[2024-05-28T18:49:59.748+0000] {logging_mixin.py:188} INFO - [2024-05-28T18:49:59.748+0000] {dagbag.py:545} INFO - Filling up the DagBag from /home/airflow/.local/lib/python3.8/site-packages/airflow/example_dags/example_bash_operator.py
[2024-05-28T18:49:59.759+0000] {processor.py:840} INFO - DAG(s) 'example_bash_operator' retrieved from /home/airflow/.local/lib/python3.8/site-packages/airflow/example_dags/example_bash_operator.py
[2024-05-28T18:49:59.793+0000] {logging_mixin.py:188} INFO - [2024-05-28T18:49:59.793+0000] {dag.py:3096} INFO - Sync 1 DAGs
[2024-05-28T18:49:59.815+0000] {logging_mixin.py:188} INFO - [2024-05-28T18:49:59.814+0000] {dag.py:3954} INFO - Setting next_dagrun for example_bash_operator to 2024-05-27 00:00:00+00:00, run_after=2024-05-28 00:00:00+00:00
[2024-05-28T18:49:59.837+0000] {processor.py:183} INFO - Processing /home/airflow/.local/lib/python3.8/site-packages/airflow/example_dags/example_bash_operator.py took 0.099 seconds
[2024-05-28T18:50:30.186+0000] {processor.py:161} INFO - Started process (PID=3117) to work on /home/airflow/.local/lib/python3.8/site-packages/airflow/example_dags/example_bash_operator.py
[2024-05-28T18:50:30.188+0000] {processor.py:830} INFO - Processing file /home/airflow/.local/lib/python3.8/site-packages/airflow/example_dags/example_bash_operator.py for tasks to queue
[2024-05-28T18:50:30.190+0000] {logging_mixin.py:188} INFO - [2024-05-28T18:50:30.189+0000] {dagbag.py:545} INFO - Filling up the DagBag from /home/airflow/.local/lib/python3.8/site-packages/airflow/example_dags/example_bash_operator.py
[2024-05-28T18:50:30.206+0000] {processor.py:840} INFO - DAG(s) 'example_bash_operator' retrieved from /home/airflow/.local/lib/python3.8/site-packages/airflow/example_dags/example_bash_operator.py
[2024-05-28T18:50:30.240+0000] {logging_mixin.py:188} INFO - [2024-05-28T18:50:30.240+0000] {dag.py:3096} INFO - Sync 1 DAGs
[2024-05-28T18:50:30.263+0000] {logging_mixin.py:188} INFO - [2024-05-28T18:50:30.263+0000] {dag.py:3954} INFO - Setting next_dagrun for example_bash_operator to 2024-05-27 00:00:00+00:00, run_after=2024-05-28 00:00:00+00:00
[2024-05-28T18:50:30.287+0000] {processor.py:183} INFO - Processing /home/airflow/.local/lib/python3.8/site-packages/airflow/example_dags/example_bash_operator.py took 0.107 seconds
[2024-05-28T18:51:00.398+0000] {processor.py:161} INFO - Started process (PID=3190) to work on /home/airflow/.local/lib/python3.8/site-packages/airflow/example_dags/example_bash_operator.py
[2024-05-28T18:51:00.399+0000] {processor.py:830} INFO - Processing file /home/airflow/.local/lib/python3.8/site-packages/airflow/example_dags/example_bash_operator.py for tasks to queue
[2024-05-28T18:51:00.401+0000] {logging_mixin.py:188} INFO - [2024-05-28T18:51:00.401+0000] {dagbag.py:545} INFO - Filling up the DagBag from /home/airflow/.local/lib/python3.8/site-packages/airflow/example_dags/example_bash_operator.py
[2024-05-28T18:51:00.412+0000] {processor.py:840} INFO - DAG(s) 'example_bash_operator' retrieved from /home/airflow/.local/lib/python3.8/site-packages/airflow/example_dags/example_bash_operator.py
[2024-05-28T18:51:00.444+0000] {logging_mixin.py:188} INFO - [2024-05-28T18:51:00.444+0000] {dag.py:3096} INFO - Sync 1 DAGs
[2024-05-28T18:51:00.471+0000] {logging_mixin.py:188} INFO - [2024-05-28T18:51:00.470+0000] {dag.py:3954} INFO - Setting next_dagrun for example_bash_operator to 2024-05-27 00:00:00+00:00, run_after=2024-05-28 00:00:00+00:00
[2024-05-28T18:51:00.491+0000] {processor.py:183} INFO - Processing /home/airflow/.local/lib/python3.8/site-packages/airflow/example_dags/example_bash_operator.py took 0.100 seconds
