[2024-05-28T18:29:19.155+0000] {processor.py:161} INFO - Started process (PID=92) to work on /home/airflow/.local/lib/python3.8/site-packages/airflow/example_dags/example_branch_python_dop_operator_3.py
[2024-05-28T18:29:19.157+0000] {processor.py:830} INFO - Processing file /home/airflow/.local/lib/python3.8/site-packages/airflow/example_dags/example_branch_python_dop_operator_3.py for tasks to queue
[2024-05-28T18:29:19.160+0000] {logging_mixin.py:188} INFO - [2024-05-28T18:29:19.159+0000] {dagbag.py:545} INFO - Filling up the DagBag from /home/airflow/.local/lib/python3.8/site-packages/airflow/example_dags/example_branch_python_dop_operator_3.py
[2024-05-28T18:29:19.179+0000] {processor.py:840} INFO - DAG(s) 'example_branch_dop_operator_v3' retrieved from /home/airflow/.local/lib/python3.8/site-packages/airflow/example_dags/example_branch_python_dop_operator_3.py
[2024-05-28T18:29:19.345+0000] {logging_mixin.py:188} INFO - [2024-05-28T18:29:19.345+0000] {dag.py:3096} INFO - Sync 1 DAGs
[2024-05-28T18:29:19.382+0000] {logging_mixin.py:188} INFO - [2024-05-28T18:29:19.382+0000] {dag.py:3954} INFO - Setting next_dagrun for example_branch_dop_operator_v3 to 2024-05-28 18:28:00+00:00, run_after=2024-05-28 18:29:00+00:00
[2024-05-28T18:29:19.420+0000] {processor.py:183} INFO - Processing /home/airflow/.local/lib/python3.8/site-packages/airflow/example_dags/example_branch_python_dop_operator_3.py took 0.274 seconds
[2024-05-28T18:29:50.410+0000] {processor.py:161} INFO - Started process (PID=162) to work on /home/airflow/.local/lib/python3.8/site-packages/airflow/example_dags/example_branch_python_dop_operator_3.py
[2024-05-28T18:29:50.412+0000] {processor.py:830} INFO - Processing file /home/airflow/.local/lib/python3.8/site-packages/airflow/example_dags/example_branch_python_dop_operator_3.py for tasks to queue
[2024-05-28T18:29:50.414+0000] {logging_mixin.py:188} INFO - [2024-05-28T18:29:50.414+0000] {dagbag.py:545} INFO - Filling up the DagBag from /home/airflow/.local/lib/python3.8/site-packages/airflow/example_dags/example_branch_python_dop_operator_3.py
[2024-05-28T18:29:50.423+0000] {processor.py:840} INFO - DAG(s) 'example_branch_dop_operator_v3' retrieved from /home/airflow/.local/lib/python3.8/site-packages/airflow/example_dags/example_branch_python_dop_operator_3.py
[2024-05-28T18:29:50.448+0000] {logging_mixin.py:188} INFO - [2024-05-28T18:29:50.448+0000] {dag.py:3096} INFO - Sync 1 DAGs
[2024-05-28T18:29:50.481+0000] {logging_mixin.py:188} INFO - [2024-05-28T18:29:50.481+0000] {dag.py:3954} INFO - Setting next_dagrun for example_branch_dop_operator_v3 to 2024-05-28 18:28:00+00:00, run_after=2024-05-28 18:29:00+00:00
[2024-05-28T18:29:50.508+0000] {processor.py:183} INFO - Processing /home/airflow/.local/lib/python3.8/site-packages/airflow/example_dags/example_branch_python_dop_operator_3.py took 0.107 seconds
[2024-05-28T18:30:20.851+0000] {processor.py:161} INFO - Started process (PID=233) to work on /home/airflow/.local/lib/python3.8/site-packages/airflow/example_dags/example_branch_python_dop_operator_3.py
[2024-05-28T18:30:20.853+0000] {processor.py:830} INFO - Processing file /home/airflow/.local/lib/python3.8/site-packages/airflow/example_dags/example_branch_python_dop_operator_3.py for tasks to queue
[2024-05-28T18:30:20.855+0000] {logging_mixin.py:188} INFO - [2024-05-28T18:30:20.854+0000] {dagbag.py:545} INFO - Filling up the DagBag from /home/airflow/.local/lib/python3.8/site-packages/airflow/example_dags/example_branch_python_dop_operator_3.py
[2024-05-28T18:30:20.863+0000] {processor.py:840} INFO - DAG(s) 'example_branch_dop_operator_v3' retrieved from /home/airflow/.local/lib/python3.8/site-packages/airflow/example_dags/example_branch_python_dop_operator_3.py
[2024-05-28T18:30:20.884+0000] {logging_mixin.py:188} INFO - [2024-05-28T18:30:20.884+0000] {dag.py:3096} INFO - Sync 1 DAGs
[2024-05-28T18:30:20.907+0000] {logging_mixin.py:188} INFO - [2024-05-28T18:30:20.907+0000] {dag.py:3954} INFO - Setting next_dagrun for example_branch_dop_operator_v3 to 2024-05-28 18:29:00+00:00, run_after=2024-05-28 18:30:00+00:00
[2024-05-28T18:30:20.930+0000] {processor.py:183} INFO - Processing /home/airflow/.local/lib/python3.8/site-packages/airflow/example_dags/example_branch_python_dop_operator_3.py took 0.085 seconds
[2024-05-28T18:30:51.434+0000] {processor.py:161} INFO - Started process (PID=303) to work on /home/airflow/.local/lib/python3.8/site-packages/airflow/example_dags/example_branch_python_dop_operator_3.py
[2024-05-28T18:30:51.435+0000] {processor.py:830} INFO - Processing file /home/airflow/.local/lib/python3.8/site-packages/airflow/example_dags/example_branch_python_dop_operator_3.py for tasks to queue
[2024-05-28T18:30:51.437+0000] {logging_mixin.py:188} INFO - [2024-05-28T18:30:51.437+0000] {dagbag.py:545} INFO - Filling up the DagBag from /home/airflow/.local/lib/python3.8/site-packages/airflow/example_dags/example_branch_python_dop_operator_3.py
[2024-05-28T18:30:51.445+0000] {processor.py:840} INFO - DAG(s) 'example_branch_dop_operator_v3' retrieved from /home/airflow/.local/lib/python3.8/site-packages/airflow/example_dags/example_branch_python_dop_operator_3.py
[2024-05-28T18:30:51.466+0000] {logging_mixin.py:188} INFO - [2024-05-28T18:30:51.466+0000] {dag.py:3096} INFO - Sync 1 DAGs
[2024-05-28T18:30:51.490+0000] {logging_mixin.py:188} INFO - [2024-05-28T18:30:51.490+0000] {dag.py:3954} INFO - Setting next_dagrun for example_branch_dop_operator_v3 to 2024-05-28 18:29:00+00:00, run_after=2024-05-28 18:30:00+00:00
[2024-05-28T18:30:51.513+0000] {processor.py:183} INFO - Processing /home/airflow/.local/lib/python3.8/site-packages/airflow/example_dags/example_branch_python_dop_operator_3.py took 0.085 seconds
[2024-05-28T18:31:21.584+0000] {processor.py:161} INFO - Started process (PID=381) to work on /home/airflow/.local/lib/python3.8/site-packages/airflow/example_dags/example_branch_python_dop_operator_3.py
[2024-05-28T18:31:21.586+0000] {processor.py:830} INFO - Processing file /home/airflow/.local/lib/python3.8/site-packages/airflow/example_dags/example_branch_python_dop_operator_3.py for tasks to queue
[2024-05-28T18:31:21.589+0000] {logging_mixin.py:188} INFO - [2024-05-28T18:31:21.588+0000] {dagbag.py:545} INFO - Filling up the DagBag from /home/airflow/.local/lib/python3.8/site-packages/airflow/example_dags/example_branch_python_dop_operator_3.py
[2024-05-28T18:31:21.605+0000] {processor.py:840} INFO - DAG(s) 'example_branch_dop_operator_v3' retrieved from /home/airflow/.local/lib/python3.8/site-packages/airflow/example_dags/example_branch_python_dop_operator_3.py
[2024-05-28T18:31:21.633+0000] {logging_mixin.py:188} INFO - [2024-05-28T18:31:21.633+0000] {dag.py:3096} INFO - Sync 1 DAGs
[2024-05-28T18:31:21.663+0000] {logging_mixin.py:188} INFO - [2024-05-28T18:31:21.663+0000] {dag.py:3954} INFO - Setting next_dagrun for example_branch_dop_operator_v3 to 2024-05-28 18:30:00+00:00, run_after=2024-05-28 18:31:00+00:00
[2024-05-28T18:31:21.686+0000] {processor.py:183} INFO - Processing /home/airflow/.local/lib/python3.8/site-packages/airflow/example_dags/example_branch_python_dop_operator_3.py took 0.117 seconds
[2024-05-28T18:31:52.144+0000] {processor.py:161} INFO - Started process (PID=450) to work on /home/airflow/.local/lib/python3.8/site-packages/airflow/example_dags/example_branch_python_dop_operator_3.py
[2024-05-28T18:31:52.146+0000] {processor.py:830} INFO - Processing file /home/airflow/.local/lib/python3.8/site-packages/airflow/example_dags/example_branch_python_dop_operator_3.py for tasks to queue
[2024-05-28T18:31:52.148+0000] {logging_mixin.py:188} INFO - [2024-05-28T18:31:52.147+0000] {dagbag.py:545} INFO - Filling up the DagBag from /home/airflow/.local/lib/python3.8/site-packages/airflow/example_dags/example_branch_python_dop_operator_3.py
[2024-05-28T18:31:52.158+0000] {processor.py:840} INFO - DAG(s) 'example_branch_dop_operator_v3' retrieved from /home/airflow/.local/lib/python3.8/site-packages/airflow/example_dags/example_branch_python_dop_operator_3.py
[2024-05-28T18:31:52.184+0000] {logging_mixin.py:188} INFO - [2024-05-28T18:31:52.183+0000] {dag.py:3096} INFO - Sync 1 DAGs
[2024-05-28T18:31:52.209+0000] {logging_mixin.py:188} INFO - [2024-05-28T18:31:52.209+0000] {dag.py:3954} INFO - Setting next_dagrun for example_branch_dop_operator_v3 to 2024-05-28 18:30:00+00:00, run_after=2024-05-28 18:31:00+00:00
[2024-05-28T18:31:52.231+0000] {processor.py:183} INFO - Processing /home/airflow/.local/lib/python3.8/site-packages/airflow/example_dags/example_branch_python_dop_operator_3.py took 0.093 seconds
[2024-05-28T18:32:22.466+0000] {processor.py:161} INFO - Started process (PID=520) to work on /home/airflow/.local/lib/python3.8/site-packages/airflow/example_dags/example_branch_python_dop_operator_3.py
[2024-05-28T18:32:22.467+0000] {processor.py:830} INFO - Processing file /home/airflow/.local/lib/python3.8/site-packages/airflow/example_dags/example_branch_python_dop_operator_3.py for tasks to queue
[2024-05-28T18:32:22.469+0000] {logging_mixin.py:188} INFO - [2024-05-28T18:32:22.469+0000] {dagbag.py:545} INFO - Filling up the DagBag from /home/airflow/.local/lib/python3.8/site-packages/airflow/example_dags/example_branch_python_dop_operator_3.py
[2024-05-28T18:32:22.479+0000] {processor.py:840} INFO - DAG(s) 'example_branch_dop_operator_v3' retrieved from /home/airflow/.local/lib/python3.8/site-packages/airflow/example_dags/example_branch_python_dop_operator_3.py
[2024-05-28T18:32:22.501+0000] {logging_mixin.py:188} INFO - [2024-05-28T18:32:22.501+0000] {dag.py:3096} INFO - Sync 1 DAGs
[2024-05-28T18:32:22.528+0000] {logging_mixin.py:188} INFO - [2024-05-28T18:32:22.528+0000] {dag.py:3954} INFO - Setting next_dagrun for example_branch_dop_operator_v3 to 2024-05-28 18:31:00+00:00, run_after=2024-05-28 18:32:00+00:00
[2024-05-28T18:32:22.549+0000] {processor.py:183} INFO - Processing /home/airflow/.local/lib/python3.8/site-packages/airflow/example_dags/example_branch_python_dop_operator_3.py took 0.090 seconds
[2024-05-28T18:32:52.742+0000] {processor.py:161} INFO - Started process (PID=590) to work on /home/airflow/.local/lib/python3.8/site-packages/airflow/example_dags/example_branch_python_dop_operator_3.py
[2024-05-28T18:32:52.743+0000] {processor.py:830} INFO - Processing file /home/airflow/.local/lib/python3.8/site-packages/airflow/example_dags/example_branch_python_dop_operator_3.py for tasks to queue
[2024-05-28T18:32:52.746+0000] {logging_mixin.py:188} INFO - [2024-05-28T18:32:52.745+0000] {dagbag.py:545} INFO - Filling up the DagBag from /home/airflow/.local/lib/python3.8/site-packages/airflow/example_dags/example_branch_python_dop_operator_3.py
[2024-05-28T18:32:52.757+0000] {processor.py:840} INFO - DAG(s) 'example_branch_dop_operator_v3' retrieved from /home/airflow/.local/lib/python3.8/site-packages/airflow/example_dags/example_branch_python_dop_operator_3.py
[2024-05-28T18:32:52.785+0000] {logging_mixin.py:188} INFO - [2024-05-28T18:32:52.785+0000] {dag.py:3096} INFO - Sync 1 DAGs
[2024-05-28T18:32:52.826+0000] {logging_mixin.py:188} INFO - [2024-05-28T18:32:52.826+0000] {dag.py:3954} INFO - Setting next_dagrun for example_branch_dop_operator_v3 to 2024-05-28 18:31:00+00:00, run_after=2024-05-28 18:32:00+00:00
[2024-05-28T18:32:52.854+0000] {processor.py:183} INFO - Processing /home/airflow/.local/lib/python3.8/site-packages/airflow/example_dags/example_branch_python_dop_operator_3.py took 0.119 seconds
[2024-05-28T18:33:23.307+0000] {processor.py:161} INFO - Started process (PID=667) to work on /home/airflow/.local/lib/python3.8/site-packages/airflow/example_dags/example_branch_python_dop_operator_3.py
[2024-05-28T18:33:23.308+0000] {processor.py:830} INFO - Processing file /home/airflow/.local/lib/python3.8/site-packages/airflow/example_dags/example_branch_python_dop_operator_3.py for tasks to queue
[2024-05-28T18:33:23.310+0000] {logging_mixin.py:188} INFO - [2024-05-28T18:33:23.309+0000] {dagbag.py:545} INFO - Filling up the DagBag from /home/airflow/.local/lib/python3.8/site-packages/airflow/example_dags/example_branch_python_dop_operator_3.py
[2024-05-28T18:33:23.321+0000] {processor.py:840} INFO - DAG(s) 'example_branch_dop_operator_v3' retrieved from /home/airflow/.local/lib/python3.8/site-packages/airflow/example_dags/example_branch_python_dop_operator_3.py
[2024-05-28T18:33:23.343+0000] {logging_mixin.py:188} INFO - [2024-05-28T18:33:23.343+0000] {dag.py:3096} INFO - Sync 1 DAGs
[2024-05-28T18:33:23.372+0000] {logging_mixin.py:188} INFO - [2024-05-28T18:33:23.372+0000] {dag.py:3954} INFO - Setting next_dagrun for example_branch_dop_operator_v3 to 2024-05-28 18:32:00+00:00, run_after=2024-05-28 18:33:00+00:00
[2024-05-28T18:33:23.397+0000] {processor.py:183} INFO - Processing /home/airflow/.local/lib/python3.8/site-packages/airflow/example_dags/example_branch_python_dop_operator_3.py took 0.097 seconds
[2024-05-28T18:33:53.796+0000] {processor.py:161} INFO - Started process (PID=737) to work on /home/airflow/.local/lib/python3.8/site-packages/airflow/example_dags/example_branch_python_dop_operator_3.py
[2024-05-28T18:33:53.798+0000] {processor.py:830} INFO - Processing file /home/airflow/.local/lib/python3.8/site-packages/airflow/example_dags/example_branch_python_dop_operator_3.py for tasks to queue
[2024-05-28T18:33:53.801+0000] {logging_mixin.py:188} INFO - [2024-05-28T18:33:53.800+0000] {dagbag.py:545} INFO - Filling up the DagBag from /home/airflow/.local/lib/python3.8/site-packages/airflow/example_dags/example_branch_python_dop_operator_3.py
[2024-05-28T18:33:53.811+0000] {processor.py:840} INFO - DAG(s) 'example_branch_dop_operator_v3' retrieved from /home/airflow/.local/lib/python3.8/site-packages/airflow/example_dags/example_branch_python_dop_operator_3.py
[2024-05-28T18:33:53.866+0000] {logging_mixin.py:188} INFO - [2024-05-28T18:33:53.866+0000] {dag.py:3096} INFO - Sync 1 DAGs
[2024-05-28T18:33:53.921+0000] {logging_mixin.py:188} INFO - [2024-05-28T18:33:53.920+0000] {dag.py:3954} INFO - Setting next_dagrun for example_branch_dop_operator_v3 to 2024-05-28 18:32:00+00:00, run_after=2024-05-28 18:33:00+00:00
[2024-05-28T18:33:53.974+0000] {processor.py:183} INFO - Processing /home/airflow/.local/lib/python3.8/site-packages/airflow/example_dags/example_branch_python_dop_operator_3.py took 0.185 seconds
[2024-05-28T18:34:24.955+0000] {processor.py:161} INFO - Started process (PID=814) to work on /home/airflow/.local/lib/python3.8/site-packages/airflow/example_dags/example_branch_python_dop_operator_3.py
[2024-05-28T18:34:24.957+0000] {processor.py:830} INFO - Processing file /home/airflow/.local/lib/python3.8/site-packages/airflow/example_dags/example_branch_python_dop_operator_3.py for tasks to queue
[2024-05-28T18:34:24.959+0000] {logging_mixin.py:188} INFO - [2024-05-28T18:34:24.959+0000] {dagbag.py:545} INFO - Filling up the DagBag from /home/airflow/.local/lib/python3.8/site-packages/airflow/example_dags/example_branch_python_dop_operator_3.py
[2024-05-28T18:34:24.968+0000] {processor.py:840} INFO - DAG(s) 'example_branch_dop_operator_v3' retrieved from /home/airflow/.local/lib/python3.8/site-packages/airflow/example_dags/example_branch_python_dop_operator_3.py
[2024-05-28T18:34:24.993+0000] {logging_mixin.py:188} INFO - [2024-05-28T18:34:24.992+0000] {dag.py:3096} INFO - Sync 1 DAGs
[2024-05-28T18:34:25.018+0000] {logging_mixin.py:188} INFO - [2024-05-28T18:34:25.018+0000] {dag.py:3954} INFO - Setting next_dagrun for example_branch_dop_operator_v3 to 2024-05-28 18:33:00+00:00, run_after=2024-05-28 18:34:00+00:00
[2024-05-28T18:34:25.041+0000] {processor.py:183} INFO - Processing /home/airflow/.local/lib/python3.8/site-packages/airflow/example_dags/example_branch_python_dop_operator_3.py took 0.092 seconds
[2024-05-28T18:34:55.739+0000] {processor.py:161} INFO - Started process (PID=885) to work on /home/airflow/.local/lib/python3.8/site-packages/airflow/example_dags/example_branch_python_dop_operator_3.py
[2024-05-28T18:34:55.740+0000] {processor.py:830} INFO - Processing file /home/airflow/.local/lib/python3.8/site-packages/airflow/example_dags/example_branch_python_dop_operator_3.py for tasks to queue
[2024-05-28T18:34:55.742+0000] {logging_mixin.py:188} INFO - [2024-05-28T18:34:55.742+0000] {dagbag.py:545} INFO - Filling up the DagBag from /home/airflow/.local/lib/python3.8/site-packages/airflow/example_dags/example_branch_python_dop_operator_3.py
[2024-05-28T18:34:55.753+0000] {processor.py:840} INFO - DAG(s) 'example_branch_dop_operator_v3' retrieved from /home/airflow/.local/lib/python3.8/site-packages/airflow/example_dags/example_branch_python_dop_operator_3.py
[2024-05-28T18:34:55.774+0000] {logging_mixin.py:188} INFO - [2024-05-28T18:34:55.774+0000] {dag.py:3096} INFO - Sync 1 DAGs
[2024-05-28T18:34:55.805+0000] {logging_mixin.py:188} INFO - [2024-05-28T18:34:55.804+0000] {dag.py:3954} INFO - Setting next_dagrun for example_branch_dop_operator_v3 to 2024-05-28 18:33:00+00:00, run_after=2024-05-28 18:34:00+00:00
[2024-05-28T18:34:55.836+0000] {processor.py:183} INFO - Processing /home/airflow/.local/lib/python3.8/site-packages/airflow/example_dags/example_branch_python_dop_operator_3.py took 0.104 seconds
[2024-05-28T18:35:26.714+0000] {processor.py:161} INFO - Started process (PID=955) to work on /home/airflow/.local/lib/python3.8/site-packages/airflow/example_dags/example_branch_python_dop_operator_3.py
[2024-05-28T18:35:26.715+0000] {processor.py:830} INFO - Processing file /home/airflow/.local/lib/python3.8/site-packages/airflow/example_dags/example_branch_python_dop_operator_3.py for tasks to queue
[2024-05-28T18:35:26.718+0000] {logging_mixin.py:188} INFO - [2024-05-28T18:35:26.717+0000] {dagbag.py:545} INFO - Filling up the DagBag from /home/airflow/.local/lib/python3.8/site-packages/airflow/example_dags/example_branch_python_dop_operator_3.py
[2024-05-28T18:35:26.732+0000] {processor.py:840} INFO - DAG(s) 'example_branch_dop_operator_v3' retrieved from /home/airflow/.local/lib/python3.8/site-packages/airflow/example_dags/example_branch_python_dop_operator_3.py
[2024-05-28T18:35:26.760+0000] {logging_mixin.py:188} INFO - [2024-05-28T18:35:26.759+0000] {dag.py:3096} INFO - Sync 1 DAGs
[2024-05-28T18:35:26.795+0000] {logging_mixin.py:188} INFO - [2024-05-28T18:35:26.794+0000] {dag.py:3954} INFO - Setting next_dagrun for example_branch_dop_operator_v3 to 2024-05-28 18:34:00+00:00, run_after=2024-05-28 18:35:00+00:00
[2024-05-28T18:35:26.827+0000] {processor.py:183} INFO - Processing /home/airflow/.local/lib/python3.8/site-packages/airflow/example_dags/example_branch_python_dop_operator_3.py took 0.121 seconds
[2024-05-28T18:35:56.915+0000] {processor.py:161} INFO - Started process (PID=1033) to work on /home/airflow/.local/lib/python3.8/site-packages/airflow/example_dags/example_branch_python_dop_operator_3.py
[2024-05-28T18:35:56.916+0000] {processor.py:830} INFO - Processing file /home/airflow/.local/lib/python3.8/site-packages/airflow/example_dags/example_branch_python_dop_operator_3.py for tasks to queue
[2024-05-28T18:35:56.919+0000] {logging_mixin.py:188} INFO - [2024-05-28T18:35:56.918+0000] {dagbag.py:545} INFO - Filling up the DagBag from /home/airflow/.local/lib/python3.8/site-packages/airflow/example_dags/example_branch_python_dop_operator_3.py
[2024-05-28T18:35:56.930+0000] {processor.py:840} INFO - DAG(s) 'example_branch_dop_operator_v3' retrieved from /home/airflow/.local/lib/python3.8/site-packages/airflow/example_dags/example_branch_python_dop_operator_3.py
[2024-05-28T18:35:56.955+0000] {logging_mixin.py:188} INFO - [2024-05-28T18:35:56.955+0000] {dag.py:3096} INFO - Sync 1 DAGs
[2024-05-28T18:35:56.990+0000] {logging_mixin.py:188} INFO - [2024-05-28T18:35:56.990+0000] {dag.py:3954} INFO - Setting next_dagrun for example_branch_dop_operator_v3 to 2024-05-28 18:34:00+00:00, run_after=2024-05-28 18:35:00+00:00
[2024-05-28T18:35:57.017+0000] {processor.py:183} INFO - Processing /home/airflow/.local/lib/python3.8/site-packages/airflow/example_dags/example_branch_python_dop_operator_3.py took 0.112 seconds
[2024-05-28T18:36:27.660+0000] {processor.py:161} INFO - Started process (PID=1103) to work on /home/airflow/.local/lib/python3.8/site-packages/airflow/example_dags/example_branch_python_dop_operator_3.py
[2024-05-28T18:36:27.661+0000] {processor.py:830} INFO - Processing file /home/airflow/.local/lib/python3.8/site-packages/airflow/example_dags/example_branch_python_dop_operator_3.py for tasks to queue
[2024-05-28T18:36:27.663+0000] {logging_mixin.py:188} INFO - [2024-05-28T18:36:27.663+0000] {dagbag.py:545} INFO - Filling up the DagBag from /home/airflow/.local/lib/python3.8/site-packages/airflow/example_dags/example_branch_python_dop_operator_3.py
[2024-05-28T18:36:27.673+0000] {processor.py:840} INFO - DAG(s) 'example_branch_dop_operator_v3' retrieved from /home/airflow/.local/lib/python3.8/site-packages/airflow/example_dags/example_branch_python_dop_operator_3.py
[2024-05-28T18:36:27.695+0000] {logging_mixin.py:188} INFO - [2024-05-28T18:36:27.694+0000] {dag.py:3096} INFO - Sync 1 DAGs
[2024-05-28T18:36:27.724+0000] {logging_mixin.py:188} INFO - [2024-05-28T18:36:27.724+0000] {dag.py:3954} INFO - Setting next_dagrun for example_branch_dop_operator_v3 to 2024-05-28 18:35:00+00:00, run_after=2024-05-28 18:36:00+00:00
[2024-05-28T18:36:27.748+0000] {processor.py:183} INFO - Processing /home/airflow/.local/lib/python3.8/site-packages/airflow/example_dags/example_branch_python_dop_operator_3.py took 0.096 seconds
[2024-05-28T18:36:57.873+0000] {processor.py:161} INFO - Started process (PID=1173) to work on /home/airflow/.local/lib/python3.8/site-packages/airflow/example_dags/example_branch_python_dop_operator_3.py
[2024-05-28T18:36:57.875+0000] {processor.py:830} INFO - Processing file /home/airflow/.local/lib/python3.8/site-packages/airflow/example_dags/example_branch_python_dop_operator_3.py for tasks to queue
[2024-05-28T18:36:57.878+0000] {logging_mixin.py:188} INFO - [2024-05-28T18:36:57.878+0000] {dagbag.py:545} INFO - Filling up the DagBag from /home/airflow/.local/lib/python3.8/site-packages/airflow/example_dags/example_branch_python_dop_operator_3.py
[2024-05-28T18:36:57.889+0000] {processor.py:840} INFO - DAG(s) 'example_branch_dop_operator_v3' retrieved from /home/airflow/.local/lib/python3.8/site-packages/airflow/example_dags/example_branch_python_dop_operator_3.py
[2024-05-28T18:36:57.911+0000] {logging_mixin.py:188} INFO - [2024-05-28T18:36:57.911+0000] {dag.py:3096} INFO - Sync 1 DAGs
[2024-05-28T18:36:57.936+0000] {logging_mixin.py:188} INFO - [2024-05-28T18:36:57.935+0000] {dag.py:3954} INFO - Setting next_dagrun for example_branch_dop_operator_v3 to 2024-05-28 18:35:00+00:00, run_after=2024-05-28 18:36:00+00:00
[2024-05-28T18:36:57.958+0000] {processor.py:183} INFO - Processing /home/airflow/.local/lib/python3.8/site-packages/airflow/example_dags/example_branch_python_dop_operator_3.py took 0.091 seconds
[2024-05-28T18:37:28.823+0000] {processor.py:161} INFO - Started process (PID=1251) to work on /home/airflow/.local/lib/python3.8/site-packages/airflow/example_dags/example_branch_python_dop_operator_3.py
[2024-05-28T18:37:28.824+0000] {processor.py:830} INFO - Processing file /home/airflow/.local/lib/python3.8/site-packages/airflow/example_dags/example_branch_python_dop_operator_3.py for tasks to queue
[2024-05-28T18:37:28.826+0000] {logging_mixin.py:188} INFO - [2024-05-28T18:37:28.826+0000] {dagbag.py:545} INFO - Filling up the DagBag from /home/airflow/.local/lib/python3.8/site-packages/airflow/example_dags/example_branch_python_dop_operator_3.py
[2024-05-28T18:37:28.835+0000] {processor.py:840} INFO - DAG(s) 'example_branch_dop_operator_v3' retrieved from /home/airflow/.local/lib/python3.8/site-packages/airflow/example_dags/example_branch_python_dop_operator_3.py
[2024-05-28T18:37:28.861+0000] {logging_mixin.py:188} INFO - [2024-05-28T18:37:28.860+0000] {dag.py:3096} INFO - Sync 1 DAGs
[2024-05-28T18:37:28.891+0000] {logging_mixin.py:188} INFO - [2024-05-28T18:37:28.890+0000] {dag.py:3954} INFO - Setting next_dagrun for example_branch_dop_operator_v3 to 2024-05-28 18:36:00+00:00, run_after=2024-05-28 18:37:00+00:00
[2024-05-28T18:37:28.914+0000] {processor.py:183} INFO - Processing /home/airflow/.local/lib/python3.8/site-packages/airflow/example_dags/example_branch_python_dop_operator_3.py took 0.098 seconds
[2024-05-28T18:37:59.216+0000] {processor.py:161} INFO - Started process (PID=1322) to work on /home/airflow/.local/lib/python3.8/site-packages/airflow/example_dags/example_branch_python_dop_operator_3.py
[2024-05-28T18:37:59.218+0000] {processor.py:830} INFO - Processing file /home/airflow/.local/lib/python3.8/site-packages/airflow/example_dags/example_branch_python_dop_operator_3.py for tasks to queue
[2024-05-28T18:37:59.219+0000] {logging_mixin.py:188} INFO - [2024-05-28T18:37:59.219+0000] {dagbag.py:545} INFO - Filling up the DagBag from /home/airflow/.local/lib/python3.8/site-packages/airflow/example_dags/example_branch_python_dop_operator_3.py
[2024-05-28T18:37:59.228+0000] {processor.py:840} INFO - DAG(s) 'example_branch_dop_operator_v3' retrieved from /home/airflow/.local/lib/python3.8/site-packages/airflow/example_dags/example_branch_python_dop_operator_3.py
[2024-05-28T18:37:59.250+0000] {logging_mixin.py:188} INFO - [2024-05-28T18:37:59.250+0000] {dag.py:3096} INFO - Sync 1 DAGs
[2024-05-28T18:37:59.274+0000] {logging_mixin.py:188} INFO - [2024-05-28T18:37:59.274+0000] {dag.py:3954} INFO - Setting next_dagrun for example_branch_dop_operator_v3 to 2024-05-28 18:36:00+00:00, run_after=2024-05-28 18:37:00+00:00
[2024-05-28T18:37:59.299+0000] {processor.py:183} INFO - Processing /home/airflow/.local/lib/python3.8/site-packages/airflow/example_dags/example_branch_python_dop_operator_3.py took 0.088 seconds
[2024-05-28T18:38:30.125+0000] {processor.py:161} INFO - Started process (PID=1399) to work on /home/airflow/.local/lib/python3.8/site-packages/airflow/example_dags/example_branch_python_dop_operator_3.py
[2024-05-28T18:38:30.139+0000] {processor.py:830} INFO - Processing file /home/airflow/.local/lib/python3.8/site-packages/airflow/example_dags/example_branch_python_dop_operator_3.py for tasks to queue
[2024-05-28T18:38:30.153+0000] {logging_mixin.py:188} INFO - [2024-05-28T18:38:30.153+0000] {dagbag.py:545} INFO - Filling up the DagBag from /home/airflow/.local/lib/python3.8/site-packages/airflow/example_dags/example_branch_python_dop_operator_3.py
[2024-05-28T18:38:30.200+0000] {processor.py:840} INFO - DAG(s) 'example_branch_dop_operator_v3' retrieved from /home/airflow/.local/lib/python3.8/site-packages/airflow/example_dags/example_branch_python_dop_operator_3.py
[2024-05-28T18:38:30.272+0000] {logging_mixin.py:188} INFO - [2024-05-28T18:38:30.272+0000] {dag.py:3096} INFO - Sync 1 DAGs
[2024-05-28T18:38:30.403+0000] {logging_mixin.py:188} INFO - [2024-05-28T18:38:30.403+0000] {dag.py:3954} INFO - Setting next_dagrun for example_branch_dop_operator_v3 to 2024-05-28 18:37:00+00:00, run_after=2024-05-28 18:38:00+00:00
[2024-05-28T18:38:30.499+0000] {processor.py:183} INFO - Processing /home/airflow/.local/lib/python3.8/site-packages/airflow/example_dags/example_branch_python_dop_operator_3.py took 0.394 seconds
[2024-05-28T18:39:00.653+0000] {processor.py:161} INFO - Started process (PID=1470) to work on /home/airflow/.local/lib/python3.8/site-packages/airflow/example_dags/example_branch_python_dop_operator_3.py
[2024-05-28T18:39:00.655+0000] {processor.py:830} INFO - Processing file /home/airflow/.local/lib/python3.8/site-packages/airflow/example_dags/example_branch_python_dop_operator_3.py for tasks to queue
[2024-05-28T18:39:00.657+0000] {logging_mixin.py:188} INFO - [2024-05-28T18:39:00.657+0000] {dagbag.py:545} INFO - Filling up the DagBag from /home/airflow/.local/lib/python3.8/site-packages/airflow/example_dags/example_branch_python_dop_operator_3.py
[2024-05-28T18:39:00.667+0000] {processor.py:840} INFO - DAG(s) 'example_branch_dop_operator_v3' retrieved from /home/airflow/.local/lib/python3.8/site-packages/airflow/example_dags/example_branch_python_dop_operator_3.py
[2024-05-28T18:39:00.689+0000] {logging_mixin.py:188} INFO - [2024-05-28T18:39:00.688+0000] {dag.py:3096} INFO - Sync 1 DAGs
[2024-05-28T18:39:00.713+0000] {logging_mixin.py:188} INFO - [2024-05-28T18:39:00.713+0000] {dag.py:3954} INFO - Setting next_dagrun for example_branch_dop_operator_v3 to 2024-05-28 18:38:00+00:00, run_after=2024-05-28 18:39:00+00:00
[2024-05-28T18:39:00.735+0000] {processor.py:183} INFO - Processing /home/airflow/.local/lib/python3.8/site-packages/airflow/example_dags/example_branch_python_dop_operator_3.py took 0.089 seconds
[2024-05-28T18:39:31.096+0000] {processor.py:161} INFO - Started process (PID=1540) to work on /home/airflow/.local/lib/python3.8/site-packages/airflow/example_dags/example_branch_python_dop_operator_3.py
[2024-05-28T18:39:31.097+0000] {processor.py:830} INFO - Processing file /home/airflow/.local/lib/python3.8/site-packages/airflow/example_dags/example_branch_python_dop_operator_3.py for tasks to queue
[2024-05-28T18:39:31.100+0000] {logging_mixin.py:188} INFO - [2024-05-28T18:39:31.100+0000] {dagbag.py:545} INFO - Filling up the DagBag from /home/airflow/.local/lib/python3.8/site-packages/airflow/example_dags/example_branch_python_dop_operator_3.py
[2024-05-28T18:39:31.109+0000] {processor.py:840} INFO - DAG(s) 'example_branch_dop_operator_v3' retrieved from /home/airflow/.local/lib/python3.8/site-packages/airflow/example_dags/example_branch_python_dop_operator_3.py
[2024-05-28T18:39:31.129+0000] {logging_mixin.py:188} INFO - [2024-05-28T18:39:31.129+0000] {dag.py:3096} INFO - Sync 1 DAGs
[2024-05-28T18:39:31.156+0000] {logging_mixin.py:188} INFO - [2024-05-28T18:39:31.156+0000] {dag.py:3954} INFO - Setting next_dagrun for example_branch_dop_operator_v3 to 2024-05-28 18:38:00+00:00, run_after=2024-05-28 18:39:00+00:00
[2024-05-28T18:39:31.178+0000] {processor.py:183} INFO - Processing /home/airflow/.local/lib/python3.8/site-packages/airflow/example_dags/example_branch_python_dop_operator_3.py took 0.088 seconds
[2024-05-28T18:40:01.596+0000] {processor.py:161} INFO - Started process (PID=1610) to work on /home/airflow/.local/lib/python3.8/site-packages/airflow/example_dags/example_branch_python_dop_operator_3.py
[2024-05-28T18:40:01.597+0000] {processor.py:830} INFO - Processing file /home/airflow/.local/lib/python3.8/site-packages/airflow/example_dags/example_branch_python_dop_operator_3.py for tasks to queue
[2024-05-28T18:40:01.601+0000] {logging_mixin.py:188} INFO - [2024-05-28T18:40:01.600+0000] {dagbag.py:545} INFO - Filling up the DagBag from /home/airflow/.local/lib/python3.8/site-packages/airflow/example_dags/example_branch_python_dop_operator_3.py
[2024-05-28T18:40:01.613+0000] {processor.py:840} INFO - DAG(s) 'example_branch_dop_operator_v3' retrieved from /home/airflow/.local/lib/python3.8/site-packages/airflow/example_dags/example_branch_python_dop_operator_3.py
[2024-05-28T18:40:01.638+0000] {logging_mixin.py:188} INFO - [2024-05-28T18:40:01.637+0000] {dag.py:3096} INFO - Sync 1 DAGs
[2024-05-28T18:40:01.670+0000] {logging_mixin.py:188} INFO - [2024-05-28T18:40:01.669+0000] {dag.py:3954} INFO - Setting next_dagrun for example_branch_dop_operator_v3 to 2024-05-28 18:39:00+00:00, run_after=2024-05-28 18:40:00+00:00
[2024-05-28T18:40:01.699+0000] {processor.py:183} INFO - Processing /home/airflow/.local/lib/python3.8/site-packages/airflow/example_dags/example_branch_python_dop_operator_3.py took 0.111 seconds
[2024-05-28T18:40:32.127+0000] {processor.py:161} INFO - Started process (PID=1689) to work on /home/airflow/.local/lib/python3.8/site-packages/airflow/example_dags/example_branch_python_dop_operator_3.py
[2024-05-28T18:40:32.129+0000] {processor.py:830} INFO - Processing file /home/airflow/.local/lib/python3.8/site-packages/airflow/example_dags/example_branch_python_dop_operator_3.py for tasks to queue
[2024-05-28T18:40:32.131+0000] {logging_mixin.py:188} INFO - [2024-05-28T18:40:32.130+0000] {dagbag.py:545} INFO - Filling up the DagBag from /home/airflow/.local/lib/python3.8/site-packages/airflow/example_dags/example_branch_python_dop_operator_3.py
[2024-05-28T18:40:32.141+0000] {processor.py:840} INFO - DAG(s) 'example_branch_dop_operator_v3' retrieved from /home/airflow/.local/lib/python3.8/site-packages/airflow/example_dags/example_branch_python_dop_operator_3.py
[2024-05-28T18:40:32.162+0000] {logging_mixin.py:188} INFO - [2024-05-28T18:40:32.162+0000] {dag.py:3096} INFO - Sync 1 DAGs
[2024-05-28T18:40:32.185+0000] {logging_mixin.py:188} INFO - [2024-05-28T18:40:32.185+0000] {dag.py:3954} INFO - Setting next_dagrun for example_branch_dop_operator_v3 to 2024-05-28 18:39:00+00:00, run_after=2024-05-28 18:40:00+00:00
[2024-05-28T18:40:32.209+0000] {processor.py:183} INFO - Processing /home/airflow/.local/lib/python3.8/site-packages/airflow/example_dags/example_branch_python_dop_operator_3.py took 0.088 seconds
[2024-05-28T18:41:02.552+0000] {processor.py:161} INFO - Started process (PID=1759) to work on /home/airflow/.local/lib/python3.8/site-packages/airflow/example_dags/example_branch_python_dop_operator_3.py
[2024-05-28T18:41:02.557+0000] {processor.py:830} INFO - Processing file /home/airflow/.local/lib/python3.8/site-packages/airflow/example_dags/example_branch_python_dop_operator_3.py for tasks to queue
[2024-05-28T18:41:02.560+0000] {logging_mixin.py:188} INFO - [2024-05-28T18:41:02.559+0000] {dagbag.py:545} INFO - Filling up the DagBag from /home/airflow/.local/lib/python3.8/site-packages/airflow/example_dags/example_branch_python_dop_operator_3.py
[2024-05-28T18:41:02.573+0000] {processor.py:840} INFO - DAG(s) 'example_branch_dop_operator_v3' retrieved from /home/airflow/.local/lib/python3.8/site-packages/airflow/example_dags/example_branch_python_dop_operator_3.py
[2024-05-28T18:41:02.606+0000] {logging_mixin.py:188} INFO - [2024-05-28T18:41:02.606+0000] {dag.py:3096} INFO - Sync 1 DAGs
[2024-05-28T18:41:02.637+0000] {logging_mixin.py:188} INFO - [2024-05-28T18:41:02.637+0000] {dag.py:3954} INFO - Setting next_dagrun for example_branch_dop_operator_v3 to 2024-05-28 18:40:00+00:00, run_after=2024-05-28 18:41:00+00:00
[2024-05-28T18:41:02.660+0000] {processor.py:183} INFO - Processing /home/airflow/.local/lib/python3.8/site-packages/airflow/example_dags/example_branch_python_dop_operator_3.py took 0.115 seconds
[2024-05-28T18:41:32.771+0000] {processor.py:161} INFO - Started process (PID=1837) to work on /home/airflow/.local/lib/python3.8/site-packages/airflow/example_dags/example_branch_python_dop_operator_3.py
[2024-05-28T18:41:32.773+0000] {processor.py:830} INFO - Processing file /home/airflow/.local/lib/python3.8/site-packages/airflow/example_dags/example_branch_python_dop_operator_3.py for tasks to queue
[2024-05-28T18:41:32.777+0000] {logging_mixin.py:188} INFO - [2024-05-28T18:41:32.777+0000] {dagbag.py:545} INFO - Filling up the DagBag from /home/airflow/.local/lib/python3.8/site-packages/airflow/example_dags/example_branch_python_dop_operator_3.py
[2024-05-28T18:41:32.790+0000] {processor.py:840} INFO - DAG(s) 'example_branch_dop_operator_v3' retrieved from /home/airflow/.local/lib/python3.8/site-packages/airflow/example_dags/example_branch_python_dop_operator_3.py
[2024-05-28T18:41:32.825+0000] {logging_mixin.py:188} INFO - [2024-05-28T18:41:32.825+0000] {dag.py:3096} INFO - Sync 1 DAGs
[2024-05-28T18:41:32.861+0000] {logging_mixin.py:188} INFO - [2024-05-28T18:41:32.861+0000] {dag.py:3954} INFO - Setting next_dagrun for example_branch_dop_operator_v3 to 2024-05-28 18:40:00+00:00, run_after=2024-05-28 18:41:00+00:00
[2024-05-28T18:41:32.884+0000] {processor.py:183} INFO - Processing /home/airflow/.local/lib/python3.8/site-packages/airflow/example_dags/example_branch_python_dop_operator_3.py took 0.122 seconds
[2024-05-28T18:42:03.182+0000] {processor.py:161} INFO - Started process (PID=1906) to work on /home/airflow/.local/lib/python3.8/site-packages/airflow/example_dags/example_branch_python_dop_operator_3.py
[2024-05-28T18:42:03.183+0000] {processor.py:830} INFO - Processing file /home/airflow/.local/lib/python3.8/site-packages/airflow/example_dags/example_branch_python_dop_operator_3.py for tasks to queue
[2024-05-28T18:42:03.185+0000] {logging_mixin.py:188} INFO - [2024-05-28T18:42:03.185+0000] {dagbag.py:545} INFO - Filling up the DagBag from /home/airflow/.local/lib/python3.8/site-packages/airflow/example_dags/example_branch_python_dop_operator_3.py
[2024-05-28T18:42:03.193+0000] {processor.py:840} INFO - DAG(s) 'example_branch_dop_operator_v3' retrieved from /home/airflow/.local/lib/python3.8/site-packages/airflow/example_dags/example_branch_python_dop_operator_3.py
[2024-05-28T18:42:03.213+0000] {logging_mixin.py:188} INFO - [2024-05-28T18:42:03.213+0000] {dag.py:3096} INFO - Sync 1 DAGs
[2024-05-28T18:42:03.238+0000] {logging_mixin.py:188} INFO - [2024-05-28T18:42:03.237+0000] {dag.py:3954} INFO - Setting next_dagrun for example_branch_dop_operator_v3 to 2024-05-28 18:41:00+00:00, run_after=2024-05-28 18:42:00+00:00
[2024-05-28T18:42:03.259+0000] {processor.py:183} INFO - Processing /home/airflow/.local/lib/python3.8/site-packages/airflow/example_dags/example_branch_python_dop_operator_3.py took 0.083 seconds
[2024-05-28T18:42:33.514+0000] {processor.py:161} INFO - Started process (PID=1983) to work on /home/airflow/.local/lib/python3.8/site-packages/airflow/example_dags/example_branch_python_dop_operator_3.py
[2024-05-28T18:42:33.516+0000] {processor.py:830} INFO - Processing file /home/airflow/.local/lib/python3.8/site-packages/airflow/example_dags/example_branch_python_dop_operator_3.py for tasks to queue
[2024-05-28T18:42:33.518+0000] {logging_mixin.py:188} INFO - [2024-05-28T18:42:33.517+0000] {dagbag.py:545} INFO - Filling up the DagBag from /home/airflow/.local/lib/python3.8/site-packages/airflow/example_dags/example_branch_python_dop_operator_3.py
[2024-05-28T18:42:33.526+0000] {processor.py:840} INFO - DAG(s) 'example_branch_dop_operator_v3' retrieved from /home/airflow/.local/lib/python3.8/site-packages/airflow/example_dags/example_branch_python_dop_operator_3.py
[2024-05-28T18:42:33.550+0000] {logging_mixin.py:188} INFO - [2024-05-28T18:42:33.550+0000] {dag.py:3096} INFO - Sync 1 DAGs
[2024-05-28T18:42:33.574+0000] {logging_mixin.py:188} INFO - [2024-05-28T18:42:33.574+0000] {dag.py:3954} INFO - Setting next_dagrun for example_branch_dop_operator_v3 to 2024-05-28 18:41:00+00:00, run_after=2024-05-28 18:42:00+00:00
[2024-05-28T18:42:33.598+0000] {processor.py:183} INFO - Processing /home/airflow/.local/lib/python3.8/site-packages/airflow/example_dags/example_branch_python_dop_operator_3.py took 0.090 seconds
[2024-05-28T18:43:03.899+0000] {processor.py:161} INFO - Started process (PID=2055) to work on /home/airflow/.local/lib/python3.8/site-packages/airflow/example_dags/example_branch_python_dop_operator_3.py
[2024-05-28T18:43:03.900+0000] {processor.py:830} INFO - Processing file /home/airflow/.local/lib/python3.8/site-packages/airflow/example_dags/example_branch_python_dop_operator_3.py for tasks to queue
[2024-05-28T18:43:03.902+0000] {logging_mixin.py:188} INFO - [2024-05-28T18:43:03.902+0000] {dagbag.py:545} INFO - Filling up the DagBag from /home/airflow/.local/lib/python3.8/site-packages/airflow/example_dags/example_branch_python_dop_operator_3.py
[2024-05-28T18:43:03.911+0000] {processor.py:840} INFO - DAG(s) 'example_branch_dop_operator_v3' retrieved from /home/airflow/.local/lib/python3.8/site-packages/airflow/example_dags/example_branch_python_dop_operator_3.py
[2024-05-28T18:43:03.931+0000] {logging_mixin.py:188} INFO - [2024-05-28T18:43:03.931+0000] {dag.py:3096} INFO - Sync 1 DAGs
[2024-05-28T18:43:03.955+0000] {logging_mixin.py:188} INFO - [2024-05-28T18:43:03.955+0000] {dag.py:3954} INFO - Setting next_dagrun for example_branch_dop_operator_v3 to 2024-05-28 18:42:00+00:00, run_after=2024-05-28 18:43:00+00:00
[2024-05-28T18:43:03.978+0000] {processor.py:183} INFO - Processing /home/airflow/.local/lib/python3.8/site-packages/airflow/example_dags/example_branch_python_dop_operator_3.py took 0.086 seconds
[2024-05-28T18:43:34.151+0000] {processor.py:161} INFO - Started process (PID=2125) to work on /home/airflow/.local/lib/python3.8/site-packages/airflow/example_dags/example_branch_python_dop_operator_3.py
[2024-05-28T18:43:34.152+0000] {processor.py:830} INFO - Processing file /home/airflow/.local/lib/python3.8/site-packages/airflow/example_dags/example_branch_python_dop_operator_3.py for tasks to queue
[2024-05-28T18:43:34.154+0000] {logging_mixin.py:188} INFO - [2024-05-28T18:43:34.154+0000] {dagbag.py:545} INFO - Filling up the DagBag from /home/airflow/.local/lib/python3.8/site-packages/airflow/example_dags/example_branch_python_dop_operator_3.py
[2024-05-28T18:43:34.162+0000] {processor.py:840} INFO - DAG(s) 'example_branch_dop_operator_v3' retrieved from /home/airflow/.local/lib/python3.8/site-packages/airflow/example_dags/example_branch_python_dop_operator_3.py
[2024-05-28T18:43:34.182+0000] {logging_mixin.py:188} INFO - [2024-05-28T18:43:34.181+0000] {dag.py:3096} INFO - Sync 1 DAGs
[2024-05-28T18:43:34.205+0000] {logging_mixin.py:188} INFO - [2024-05-28T18:43:34.204+0000] {dag.py:3954} INFO - Setting next_dagrun for example_branch_dop_operator_v3 to 2024-05-28 18:42:00+00:00, run_after=2024-05-28 18:43:00+00:00
[2024-05-28T18:43:34.227+0000] {processor.py:183} INFO - Processing /home/airflow/.local/lib/python3.8/site-packages/airflow/example_dags/example_branch_python_dop_operator_3.py took 0.082 seconds
[2024-05-28T18:44:04.475+0000] {processor.py:161} INFO - Started process (PID=2203) to work on /home/airflow/.local/lib/python3.8/site-packages/airflow/example_dags/example_branch_python_dop_operator_3.py
[2024-05-28T18:44:04.476+0000] {processor.py:830} INFO - Processing file /home/airflow/.local/lib/python3.8/site-packages/airflow/example_dags/example_branch_python_dop_operator_3.py for tasks to queue
[2024-05-28T18:44:04.478+0000] {logging_mixin.py:188} INFO - [2024-05-28T18:44:04.478+0000] {dagbag.py:545} INFO - Filling up the DagBag from /home/airflow/.local/lib/python3.8/site-packages/airflow/example_dags/example_branch_python_dop_operator_3.py
[2024-05-28T18:44:04.487+0000] {processor.py:840} INFO - DAG(s) 'example_branch_dop_operator_v3' retrieved from /home/airflow/.local/lib/python3.8/site-packages/airflow/example_dags/example_branch_python_dop_operator_3.py
[2024-05-28T18:44:04.508+0000] {logging_mixin.py:188} INFO - [2024-05-28T18:44:04.507+0000] {dag.py:3096} INFO - Sync 1 DAGs
[2024-05-28T18:44:04.534+0000] {logging_mixin.py:188} INFO - [2024-05-28T18:44:04.534+0000] {dag.py:3954} INFO - Setting next_dagrun for example_branch_dop_operator_v3 to 2024-05-28 18:43:00+00:00, run_after=2024-05-28 18:44:00+00:00
[2024-05-28T18:44:04.556+0000] {processor.py:183} INFO - Processing /home/airflow/.local/lib/python3.8/site-packages/airflow/example_dags/example_branch_python_dop_operator_3.py took 0.086 seconds
[2024-05-28T18:44:34.754+0000] {processor.py:161} INFO - Started process (PID=2274) to work on /home/airflow/.local/lib/python3.8/site-packages/airflow/example_dags/example_branch_python_dop_operator_3.py
[2024-05-28T18:44:34.755+0000] {processor.py:830} INFO - Processing file /home/airflow/.local/lib/python3.8/site-packages/airflow/example_dags/example_branch_python_dop_operator_3.py for tasks to queue
[2024-05-28T18:44:34.757+0000] {logging_mixin.py:188} INFO - [2024-05-28T18:44:34.757+0000] {dagbag.py:545} INFO - Filling up the DagBag from /home/airflow/.local/lib/python3.8/site-packages/airflow/example_dags/example_branch_python_dop_operator_3.py
[2024-05-28T18:44:34.767+0000] {processor.py:840} INFO - DAG(s) 'example_branch_dop_operator_v3' retrieved from /home/airflow/.local/lib/python3.8/site-packages/airflow/example_dags/example_branch_python_dop_operator_3.py
[2024-05-28T18:44:34.790+0000] {logging_mixin.py:188} INFO - [2024-05-28T18:44:34.790+0000] {dag.py:3096} INFO - Sync 1 DAGs
[2024-05-28T18:44:34.818+0000] {logging_mixin.py:188} INFO - [2024-05-28T18:44:34.818+0000] {dag.py:3954} INFO - Setting next_dagrun for example_branch_dop_operator_v3 to 2024-05-28 18:43:00+00:00, run_after=2024-05-28 18:44:00+00:00
[2024-05-28T18:44:34.842+0000] {processor.py:183} INFO - Processing /home/airflow/.local/lib/python3.8/site-packages/airflow/example_dags/example_branch_python_dop_operator_3.py took 0.094 seconds
[2024-05-28T18:45:04.974+0000] {processor.py:161} INFO - Started process (PID=2352) to work on /home/airflow/.local/lib/python3.8/site-packages/airflow/example_dags/example_branch_python_dop_operator_3.py
[2024-05-28T18:45:04.975+0000] {processor.py:830} INFO - Processing file /home/airflow/.local/lib/python3.8/site-packages/airflow/example_dags/example_branch_python_dop_operator_3.py for tasks to queue
[2024-05-28T18:45:04.977+0000] {logging_mixin.py:188} INFO - [2024-05-28T18:45:04.976+0000] {dagbag.py:545} INFO - Filling up the DagBag from /home/airflow/.local/lib/python3.8/site-packages/airflow/example_dags/example_branch_python_dop_operator_3.py
[2024-05-28T18:45:04.986+0000] {processor.py:840} INFO - DAG(s) 'example_branch_dop_operator_v3' retrieved from /home/airflow/.local/lib/python3.8/site-packages/airflow/example_dags/example_branch_python_dop_operator_3.py
[2024-05-28T18:45:05.009+0000] {logging_mixin.py:188} INFO - [2024-05-28T18:45:05.009+0000] {dag.py:3096} INFO - Sync 1 DAGs
[2024-05-28T18:45:05.045+0000] {logging_mixin.py:188} INFO - [2024-05-28T18:45:05.044+0000] {dag.py:3954} INFO - Setting next_dagrun for example_branch_dop_operator_v3 to 2024-05-28 18:44:00+00:00, run_after=2024-05-28 18:45:00+00:00
[2024-05-28T18:45:05.070+0000] {processor.py:183} INFO - Processing /home/airflow/.local/lib/python3.8/site-packages/airflow/example_dags/example_branch_python_dop_operator_3.py took 0.103 seconds
[2024-05-28T18:45:35.449+0000] {processor.py:161} INFO - Started process (PID=2422) to work on /home/airflow/.local/lib/python3.8/site-packages/airflow/example_dags/example_branch_python_dop_operator_3.py
[2024-05-28T18:45:35.450+0000] {processor.py:830} INFO - Processing file /home/airflow/.local/lib/python3.8/site-packages/airflow/example_dags/example_branch_python_dop_operator_3.py for tasks to queue
[2024-05-28T18:45:35.452+0000] {logging_mixin.py:188} INFO - [2024-05-28T18:45:35.451+0000] {dagbag.py:545} INFO - Filling up the DagBag from /home/airflow/.local/lib/python3.8/site-packages/airflow/example_dags/example_branch_python_dop_operator_3.py
[2024-05-28T18:45:35.460+0000] {processor.py:840} INFO - DAG(s) 'example_branch_dop_operator_v3' retrieved from /home/airflow/.local/lib/python3.8/site-packages/airflow/example_dags/example_branch_python_dop_operator_3.py
[2024-05-28T18:45:35.482+0000] {logging_mixin.py:188} INFO - [2024-05-28T18:45:35.482+0000] {dag.py:3096} INFO - Sync 1 DAGs
[2024-05-28T18:45:35.509+0000] {logging_mixin.py:188} INFO - [2024-05-28T18:45:35.508+0000] {dag.py:3954} INFO - Setting next_dagrun for example_branch_dop_operator_v3 to 2024-05-28 18:44:00+00:00, run_after=2024-05-28 18:45:00+00:00
[2024-05-28T18:45:35.532+0000] {processor.py:183} INFO - Processing /home/airflow/.local/lib/python3.8/site-packages/airflow/example_dags/example_branch_python_dop_operator_3.py took 0.089 seconds
[2024-05-28T18:46:05.825+0000] {processor.py:161} INFO - Started process (PID=2492) to work on /home/airflow/.local/lib/python3.8/site-packages/airflow/example_dags/example_branch_python_dop_operator_3.py
[2024-05-28T18:46:05.827+0000] {processor.py:830} INFO - Processing file /home/airflow/.local/lib/python3.8/site-packages/airflow/example_dags/example_branch_python_dop_operator_3.py for tasks to queue
[2024-05-28T18:46:05.829+0000] {logging_mixin.py:188} INFO - [2024-05-28T18:46:05.829+0000] {dagbag.py:545} INFO - Filling up the DagBag from /home/airflow/.local/lib/python3.8/site-packages/airflow/example_dags/example_branch_python_dop_operator_3.py
[2024-05-28T18:46:05.837+0000] {processor.py:840} INFO - DAG(s) 'example_branch_dop_operator_v3' retrieved from /home/airflow/.local/lib/python3.8/site-packages/airflow/example_dags/example_branch_python_dop_operator_3.py
[2024-05-28T18:46:05.857+0000] {logging_mixin.py:188} INFO - [2024-05-28T18:46:05.856+0000] {dag.py:3096} INFO - Sync 1 DAGs
[2024-05-28T18:46:05.883+0000] {logging_mixin.py:188} INFO - [2024-05-28T18:46:05.882+0000] {dag.py:3954} INFO - Setting next_dagrun for example_branch_dop_operator_v3 to 2024-05-28 18:45:00+00:00, run_after=2024-05-28 18:46:00+00:00
[2024-05-28T18:46:05.905+0000] {processor.py:183} INFO - Processing /home/airflow/.local/lib/python3.8/site-packages/airflow/example_dags/example_branch_python_dop_operator_3.py took 0.086 seconds
[2024-05-28T18:46:36.362+0000] {processor.py:161} INFO - Started process (PID=2570) to work on /home/airflow/.local/lib/python3.8/site-packages/airflow/example_dags/example_branch_python_dop_operator_3.py
[2024-05-28T18:46:36.363+0000] {processor.py:830} INFO - Processing file /home/airflow/.local/lib/python3.8/site-packages/airflow/example_dags/example_branch_python_dop_operator_3.py for tasks to queue
[2024-05-28T18:46:36.365+0000] {logging_mixin.py:188} INFO - [2024-05-28T18:46:36.365+0000] {dagbag.py:545} INFO - Filling up the DagBag from /home/airflow/.local/lib/python3.8/site-packages/airflow/example_dags/example_branch_python_dop_operator_3.py
[2024-05-28T18:46:36.374+0000] {processor.py:840} INFO - DAG(s) 'example_branch_dop_operator_v3' retrieved from /home/airflow/.local/lib/python3.8/site-packages/airflow/example_dags/example_branch_python_dop_operator_3.py
[2024-05-28T18:46:36.395+0000] {logging_mixin.py:188} INFO - [2024-05-28T18:46:36.395+0000] {dag.py:3096} INFO - Sync 1 DAGs
[2024-05-28T18:46:36.419+0000] {logging_mixin.py:188} INFO - [2024-05-28T18:46:36.418+0000] {dag.py:3954} INFO - Setting next_dagrun for example_branch_dop_operator_v3 to 2024-05-28 18:45:00+00:00, run_after=2024-05-28 18:46:00+00:00
[2024-05-28T18:46:36.442+0000] {processor.py:183} INFO - Processing /home/airflow/.local/lib/python3.8/site-packages/airflow/example_dags/example_branch_python_dop_operator_3.py took 0.086 seconds
[2024-05-28T18:47:06.688+0000] {processor.py:161} INFO - Started process (PID=2640) to work on /home/airflow/.local/lib/python3.8/site-packages/airflow/example_dags/example_branch_python_dop_operator_3.py
[2024-05-28T18:47:06.689+0000] {processor.py:830} INFO - Processing file /home/airflow/.local/lib/python3.8/site-packages/airflow/example_dags/example_branch_python_dop_operator_3.py for tasks to queue
[2024-05-28T18:47:06.691+0000] {logging_mixin.py:188} INFO - [2024-05-28T18:47:06.691+0000] {dagbag.py:545} INFO - Filling up the DagBag from /home/airflow/.local/lib/python3.8/site-packages/airflow/example_dags/example_branch_python_dop_operator_3.py
[2024-05-28T18:47:06.699+0000] {processor.py:840} INFO - DAG(s) 'example_branch_dop_operator_v3' retrieved from /home/airflow/.local/lib/python3.8/site-packages/airflow/example_dags/example_branch_python_dop_operator_3.py
[2024-05-28T18:47:06.721+0000] {logging_mixin.py:188} INFO - [2024-05-28T18:47:06.720+0000] {dag.py:3096} INFO - Sync 1 DAGs
[2024-05-28T18:47:06.743+0000] {logging_mixin.py:188} INFO - [2024-05-28T18:47:06.743+0000] {dag.py:3954} INFO - Setting next_dagrun for example_branch_dop_operator_v3 to 2024-05-28 18:46:00+00:00, run_after=2024-05-28 18:47:00+00:00
[2024-05-28T18:47:06.764+0000] {processor.py:183} INFO - Processing /home/airflow/.local/lib/python3.8/site-packages/airflow/example_dags/example_branch_python_dop_operator_3.py took 0.081 seconds
[2024-05-28T18:47:37.009+0000] {processor.py:161} INFO - Started process (PID=2718) to work on /home/airflow/.local/lib/python3.8/site-packages/airflow/example_dags/example_branch_python_dop_operator_3.py
[2024-05-28T18:47:37.010+0000] {processor.py:830} INFO - Processing file /home/airflow/.local/lib/python3.8/site-packages/airflow/example_dags/example_branch_python_dop_operator_3.py for tasks to queue
[2024-05-28T18:47:37.012+0000] {logging_mixin.py:188} INFO - [2024-05-28T18:47:37.012+0000] {dagbag.py:545} INFO - Filling up the DagBag from /home/airflow/.local/lib/python3.8/site-packages/airflow/example_dags/example_branch_python_dop_operator_3.py
[2024-05-28T18:47:37.021+0000] {processor.py:840} INFO - DAG(s) 'example_branch_dop_operator_v3' retrieved from /home/airflow/.local/lib/python3.8/site-packages/airflow/example_dags/example_branch_python_dop_operator_3.py
[2024-05-28T18:47:37.047+0000] {logging_mixin.py:188} INFO - [2024-05-28T18:47:37.047+0000] {dag.py:3096} INFO - Sync 1 DAGs
[2024-05-28T18:47:37.083+0000] {logging_mixin.py:188} INFO - [2024-05-28T18:47:37.082+0000] {dag.py:3954} INFO - Setting next_dagrun for example_branch_dop_operator_v3 to 2024-05-28 18:46:00+00:00, run_after=2024-05-28 18:47:00+00:00
[2024-05-28T18:47:37.107+0000] {processor.py:183} INFO - Processing /home/airflow/.local/lib/python3.8/site-packages/airflow/example_dags/example_branch_python_dop_operator_3.py took 0.104 seconds
[2024-05-28T18:48:07.314+0000] {processor.py:161} INFO - Started process (PID=2788) to work on /home/airflow/.local/lib/python3.8/site-packages/airflow/example_dags/example_branch_python_dop_operator_3.py
[2024-05-28T18:48:07.315+0000] {processor.py:830} INFO - Processing file /home/airflow/.local/lib/python3.8/site-packages/airflow/example_dags/example_branch_python_dop_operator_3.py for tasks to queue
[2024-05-28T18:48:07.317+0000] {logging_mixin.py:188} INFO - [2024-05-28T18:48:07.317+0000] {dagbag.py:545} INFO - Filling up the DagBag from /home/airflow/.local/lib/python3.8/site-packages/airflow/example_dags/example_branch_python_dop_operator_3.py
[2024-05-28T18:48:07.325+0000] {processor.py:840} INFO - DAG(s) 'example_branch_dop_operator_v3' retrieved from /home/airflow/.local/lib/python3.8/site-packages/airflow/example_dags/example_branch_python_dop_operator_3.py
[2024-05-28T18:48:07.345+0000] {logging_mixin.py:188} INFO - [2024-05-28T18:48:07.345+0000] {dag.py:3096} INFO - Sync 1 DAGs
[2024-05-28T18:48:07.374+0000] {logging_mixin.py:188} INFO - [2024-05-28T18:48:07.373+0000] {dag.py:3954} INFO - Setting next_dagrun for example_branch_dop_operator_v3 to 2024-05-28 18:47:00+00:00, run_after=2024-05-28 18:48:00+00:00
[2024-05-28T18:48:07.398+0000] {processor.py:183} INFO - Processing /home/airflow/.local/lib/python3.8/site-packages/airflow/example_dags/example_branch_python_dop_operator_3.py took 0.090 seconds
[2024-05-28T18:48:37.667+0000] {processor.py:161} INFO - Started process (PID=2858) to work on /home/airflow/.local/lib/python3.8/site-packages/airflow/example_dags/example_branch_python_dop_operator_3.py
[2024-05-28T18:48:37.668+0000] {processor.py:830} INFO - Processing file /home/airflow/.local/lib/python3.8/site-packages/airflow/example_dags/example_branch_python_dop_operator_3.py for tasks to queue
[2024-05-28T18:48:37.670+0000] {logging_mixin.py:188} INFO - [2024-05-28T18:48:37.670+0000] {dagbag.py:545} INFO - Filling up the DagBag from /home/airflow/.local/lib/python3.8/site-packages/airflow/example_dags/example_branch_python_dop_operator_3.py
[2024-05-28T18:48:37.679+0000] {processor.py:840} INFO - DAG(s) 'example_branch_dop_operator_v3' retrieved from /home/airflow/.local/lib/python3.8/site-packages/airflow/example_dags/example_branch_python_dop_operator_3.py
[2024-05-28T18:48:37.700+0000] {logging_mixin.py:188} INFO - [2024-05-28T18:48:37.700+0000] {dag.py:3096} INFO - Sync 1 DAGs
[2024-05-28T18:48:37.727+0000] {logging_mixin.py:188} INFO - [2024-05-28T18:48:37.727+0000] {dag.py:3954} INFO - Setting next_dagrun for example_branch_dop_operator_v3 to 2024-05-28 18:47:00+00:00, run_after=2024-05-28 18:48:00+00:00
[2024-05-28T18:48:37.749+0000] {processor.py:183} INFO - Processing /home/airflow/.local/lib/python3.8/site-packages/airflow/example_dags/example_branch_python_dop_operator_3.py took 0.088 seconds
[2024-05-28T18:49:08.235+0000] {processor.py:161} INFO - Started process (PID=2936) to work on /home/airflow/.local/lib/python3.8/site-packages/airflow/example_dags/example_branch_python_dop_operator_3.py
[2024-05-28T18:49:08.236+0000] {processor.py:830} INFO - Processing file /home/airflow/.local/lib/python3.8/site-packages/airflow/example_dags/example_branch_python_dop_operator_3.py for tasks to queue
[2024-05-28T18:49:08.238+0000] {logging_mixin.py:188} INFO - [2024-05-28T18:49:08.238+0000] {dagbag.py:545} INFO - Filling up the DagBag from /home/airflow/.local/lib/python3.8/site-packages/airflow/example_dags/example_branch_python_dop_operator_3.py
[2024-05-28T18:49:08.247+0000] {processor.py:840} INFO - DAG(s) 'example_branch_dop_operator_v3' retrieved from /home/airflow/.local/lib/python3.8/site-packages/airflow/example_dags/example_branch_python_dop_operator_3.py
[2024-05-28T18:49:08.268+0000] {logging_mixin.py:188} INFO - [2024-05-28T18:49:08.268+0000] {dag.py:3096} INFO - Sync 1 DAGs
[2024-05-28T18:49:08.296+0000] {logging_mixin.py:188} INFO - [2024-05-28T18:49:08.296+0000] {dag.py:3954} INFO - Setting next_dagrun for example_branch_dop_operator_v3 to 2024-05-28 18:48:00+00:00, run_after=2024-05-28 18:49:00+00:00
[2024-05-28T18:49:08.321+0000] {processor.py:183} INFO - Processing /home/airflow/.local/lib/python3.8/site-packages/airflow/example_dags/example_branch_python_dop_operator_3.py took 0.092 seconds
[2024-05-28T18:49:38.705+0000] {processor.py:161} INFO - Started process (PID=3006) to work on /home/airflow/.local/lib/python3.8/site-packages/airflow/example_dags/example_branch_python_dop_operator_3.py
[2024-05-28T18:49:38.706+0000] {processor.py:830} INFO - Processing file /home/airflow/.local/lib/python3.8/site-packages/airflow/example_dags/example_branch_python_dop_operator_3.py for tasks to queue
[2024-05-28T18:49:38.708+0000] {logging_mixin.py:188} INFO - [2024-05-28T18:49:38.708+0000] {dagbag.py:545} INFO - Filling up the DagBag from /home/airflow/.local/lib/python3.8/site-packages/airflow/example_dags/example_branch_python_dop_operator_3.py
[2024-05-28T18:49:38.717+0000] {processor.py:840} INFO - DAG(s) 'example_branch_dop_operator_v3' retrieved from /home/airflow/.local/lib/python3.8/site-packages/airflow/example_dags/example_branch_python_dop_operator_3.py
[2024-05-28T18:49:38.735+0000] {logging_mixin.py:188} INFO - [2024-05-28T18:49:38.735+0000] {dag.py:3096} INFO - Sync 1 DAGs
[2024-05-28T18:49:38.760+0000] {logging_mixin.py:188} INFO - [2024-05-28T18:49:38.759+0000] {dag.py:3954} INFO - Setting next_dagrun for example_branch_dop_operator_v3 to 2024-05-28 18:48:00+00:00, run_after=2024-05-28 18:49:00+00:00
[2024-05-28T18:49:38.781+0000] {processor.py:183} INFO - Processing /home/airflow/.local/lib/python3.8/site-packages/airflow/example_dags/example_branch_python_dop_operator_3.py took 0.082 seconds
[2024-05-28T18:50:09.146+0000] {processor.py:161} INFO - Started process (PID=3084) to work on /home/airflow/.local/lib/python3.8/site-packages/airflow/example_dags/example_branch_python_dop_operator_3.py
[2024-05-28T18:50:09.148+0000] {processor.py:830} INFO - Processing file /home/airflow/.local/lib/python3.8/site-packages/airflow/example_dags/example_branch_python_dop_operator_3.py for tasks to queue
[2024-05-28T18:50:09.150+0000] {logging_mixin.py:188} INFO - [2024-05-28T18:50:09.149+0000] {dagbag.py:545} INFO - Filling up the DagBag from /home/airflow/.local/lib/python3.8/site-packages/airflow/example_dags/example_branch_python_dop_operator_3.py
[2024-05-28T18:50:09.158+0000] {processor.py:840} INFO - DAG(s) 'example_branch_dop_operator_v3' retrieved from /home/airflow/.local/lib/python3.8/site-packages/airflow/example_dags/example_branch_python_dop_operator_3.py
[2024-05-28T18:50:09.178+0000] {logging_mixin.py:188} INFO - [2024-05-28T18:50:09.177+0000] {dag.py:3096} INFO - Sync 1 DAGs
[2024-05-28T18:50:09.201+0000] {logging_mixin.py:188} INFO - [2024-05-28T18:50:09.201+0000] {dag.py:3954} INFO - Setting next_dagrun for example_branch_dop_operator_v3 to 2024-05-28 18:49:00+00:00, run_after=2024-05-28 18:50:00+00:00
[2024-05-28T18:50:09.224+0000] {processor.py:183} INFO - Processing /home/airflow/.local/lib/python3.8/site-packages/airflow/example_dags/example_branch_python_dop_operator_3.py took 0.083 seconds
[2024-05-28T18:50:39.323+0000] {processor.py:161} INFO - Started process (PID=3154) to work on /home/airflow/.local/lib/python3.8/site-packages/airflow/example_dags/example_branch_python_dop_operator_3.py
[2024-05-28T18:50:39.324+0000] {processor.py:830} INFO - Processing file /home/airflow/.local/lib/python3.8/site-packages/airflow/example_dags/example_branch_python_dop_operator_3.py for tasks to queue
[2024-05-28T18:50:39.326+0000] {logging_mixin.py:188} INFO - [2024-05-28T18:50:39.325+0000] {dagbag.py:545} INFO - Filling up the DagBag from /home/airflow/.local/lib/python3.8/site-packages/airflow/example_dags/example_branch_python_dop_operator_3.py
[2024-05-28T18:50:39.334+0000] {processor.py:840} INFO - DAG(s) 'example_branch_dop_operator_v3' retrieved from /home/airflow/.local/lib/python3.8/site-packages/airflow/example_dags/example_branch_python_dop_operator_3.py
[2024-05-28T18:50:39.353+0000] {logging_mixin.py:188} INFO - [2024-05-28T18:50:39.353+0000] {dag.py:3096} INFO - Sync 1 DAGs
[2024-05-28T18:50:39.376+0000] {logging_mixin.py:188} INFO - [2024-05-28T18:50:39.376+0000] {dag.py:3954} INFO - Setting next_dagrun for example_branch_dop_operator_v3 to 2024-05-28 18:49:00+00:00, run_after=2024-05-28 18:50:00+00:00
[2024-05-28T18:50:39.395+0000] {processor.py:183} INFO - Processing /home/airflow/.local/lib/python3.8/site-packages/airflow/example_dags/example_branch_python_dop_operator_3.py took 0.078 seconds
