[2024-05-28T18:29:09.254+0000] {processor.py:161} INFO - Started process (PID=43) to work on /home/airflow/.local/lib/python3.8/site-packages/airflow/example_dags/example_setup_teardown.py
[2024-05-28T18:29:09.256+0000] {processor.py:830} INFO - Processing file /home/airflow/.local/lib/python3.8/site-packages/airflow/example_dags/example_setup_teardown.py for tasks to queue
[2024-05-28T18:29:09.258+0000] {logging_mixin.py:188} INFO - [2024-05-28T18:29:09.257+0000] {dagbag.py:545} INFO - Filling up the DagBag from /home/airflow/.local/lib/python3.8/site-packages/airflow/example_dags/example_setup_teardown.py
[2024-05-28T18:29:09.272+0000] {processor.py:840} INFO - DAG(s) 'example_setup_teardown' retrieved from /home/airflow/.local/lib/python3.8/site-packages/airflow/example_dags/example_setup_teardown.py
[2024-05-28T18:29:09.320+0000] {logging_mixin.py:188} INFO - [2024-05-28T18:29:09.320+0000] {dag.py:3096} INFO - Sync 1 DAGs
[2024-05-28T18:29:09.464+0000] {logging_mixin.py:188} INFO - [2024-05-28T18:29:09.464+0000] {dag.py:3954} INFO - Setting next_dagrun for example_setup_teardown to 2024-05-27 00:00:00+00:00, run_after=2024-05-28 00:00:00+00:00
[2024-05-28T18:29:09.536+0000] {processor.py:183} INFO - Processing /home/airflow/.local/lib/python3.8/site-packages/airflow/example_dags/example_setup_teardown.py took 0.288 seconds
[2024-05-28T18:29:39.607+0000] {processor.py:161} INFO - Started process (PID=113) to work on /home/airflow/.local/lib/python3.8/site-packages/airflow/example_dags/example_setup_teardown.py
[2024-05-28T18:29:39.609+0000] {processor.py:830} INFO - Processing file /home/airflow/.local/lib/python3.8/site-packages/airflow/example_dags/example_setup_teardown.py for tasks to queue
[2024-05-28T18:29:39.611+0000] {logging_mixin.py:188} INFO - [2024-05-28T18:29:39.611+0000] {dagbag.py:545} INFO - Filling up the DagBag from /home/airflow/.local/lib/python3.8/site-packages/airflow/example_dags/example_setup_teardown.py
[2024-05-28T18:29:39.626+0000] {processor.py:840} INFO - DAG(s) 'example_setup_teardown' retrieved from /home/airflow/.local/lib/python3.8/site-packages/airflow/example_dags/example_setup_teardown.py
[2024-05-28T18:29:39.784+0000] {logging_mixin.py:188} INFO - [2024-05-28T18:29:39.784+0000] {dag.py:3096} INFO - Sync 1 DAGs
[2024-05-28T18:29:39.811+0000] {logging_mixin.py:188} INFO - [2024-05-28T18:29:39.811+0000] {dag.py:3954} INFO - Setting next_dagrun for example_setup_teardown to 2024-05-27 00:00:00+00:00, run_after=2024-05-28 00:00:00+00:00
[2024-05-28T18:29:39.837+0000] {processor.py:183} INFO - Processing /home/airflow/.local/lib/python3.8/site-packages/airflow/example_dags/example_setup_teardown.py took 0.237 seconds
[2024-05-28T18:30:10.093+0000] {processor.py:161} INFO - Started process (PID=183) to work on /home/airflow/.local/lib/python3.8/site-packages/airflow/example_dags/example_setup_teardown.py
[2024-05-28T18:30:10.094+0000] {processor.py:830} INFO - Processing file /home/airflow/.local/lib/python3.8/site-packages/airflow/example_dags/example_setup_teardown.py for tasks to queue
[2024-05-28T18:30:10.096+0000] {logging_mixin.py:188} INFO - [2024-05-28T18:30:10.096+0000] {dagbag.py:545} INFO - Filling up the DagBag from /home/airflow/.local/lib/python3.8/site-packages/airflow/example_dags/example_setup_teardown.py
[2024-05-28T18:30:10.103+0000] {processor.py:840} INFO - DAG(s) 'example_setup_teardown' retrieved from /home/airflow/.local/lib/python3.8/site-packages/airflow/example_dags/example_setup_teardown.py
[2024-05-28T18:30:10.130+0000] {logging_mixin.py:188} INFO - [2024-05-28T18:30:10.130+0000] {dag.py:3096} INFO - Sync 1 DAGs
[2024-05-28T18:30:10.152+0000] {logging_mixin.py:188} INFO - [2024-05-28T18:30:10.152+0000] {dag.py:3954} INFO - Setting next_dagrun for example_setup_teardown to 2024-05-27 00:00:00+00:00, run_after=2024-05-28 00:00:00+00:00
[2024-05-28T18:30:10.170+0000] {processor.py:183} INFO - Processing /home/airflow/.local/lib/python3.8/site-packages/airflow/example_dags/example_setup_teardown.py took 0.085 seconds
[2024-05-28T18:30:40.487+0000] {processor.py:161} INFO - Started process (PID=253) to work on /home/airflow/.local/lib/python3.8/site-packages/airflow/example_dags/example_setup_teardown.py
[2024-05-28T18:30:40.488+0000] {processor.py:830} INFO - Processing file /home/airflow/.local/lib/python3.8/site-packages/airflow/example_dags/example_setup_teardown.py for tasks to queue
[2024-05-28T18:30:40.490+0000] {logging_mixin.py:188} INFO - [2024-05-28T18:30:40.490+0000] {dagbag.py:545} INFO - Filling up the DagBag from /home/airflow/.local/lib/python3.8/site-packages/airflow/example_dags/example_setup_teardown.py
[2024-05-28T18:30:40.497+0000] {processor.py:840} INFO - DAG(s) 'example_setup_teardown' retrieved from /home/airflow/.local/lib/python3.8/site-packages/airflow/example_dags/example_setup_teardown.py
[2024-05-28T18:30:40.519+0000] {logging_mixin.py:188} INFO - [2024-05-28T18:30:40.518+0000] {dag.py:3096} INFO - Sync 1 DAGs
[2024-05-28T18:30:40.538+0000] {logging_mixin.py:188} INFO - [2024-05-28T18:30:40.538+0000] {dag.py:3954} INFO - Setting next_dagrun for example_setup_teardown to 2024-05-27 00:00:00+00:00, run_after=2024-05-28 00:00:00+00:00
[2024-05-28T18:30:40.560+0000] {processor.py:183} INFO - Processing /home/airflow/.local/lib/python3.8/site-packages/airflow/example_dags/example_setup_teardown.py took 0.079 seconds
[2024-05-28T18:31:11.053+0000] {processor.py:161} INFO - Started process (PID=331) to work on /home/airflow/.local/lib/python3.8/site-packages/airflow/example_dags/example_setup_teardown.py
[2024-05-28T18:31:11.054+0000] {processor.py:830} INFO - Processing file /home/airflow/.local/lib/python3.8/site-packages/airflow/example_dags/example_setup_teardown.py for tasks to queue
[2024-05-28T18:31:11.055+0000] {logging_mixin.py:188} INFO - [2024-05-28T18:31:11.055+0000] {dagbag.py:545} INFO - Filling up the DagBag from /home/airflow/.local/lib/python3.8/site-packages/airflow/example_dags/example_setup_teardown.py
[2024-05-28T18:31:11.062+0000] {processor.py:840} INFO - DAG(s) 'example_setup_teardown' retrieved from /home/airflow/.local/lib/python3.8/site-packages/airflow/example_dags/example_setup_teardown.py
[2024-05-28T18:31:11.082+0000] {logging_mixin.py:188} INFO - [2024-05-28T18:31:11.082+0000] {dag.py:3096} INFO - Sync 1 DAGs
[2024-05-28T18:31:11.101+0000] {logging_mixin.py:188} INFO - [2024-05-28T18:31:11.101+0000] {dag.py:3954} INFO - Setting next_dagrun for example_setup_teardown to 2024-05-27 00:00:00+00:00, run_after=2024-05-28 00:00:00+00:00
[2024-05-28T18:31:11.122+0000] {processor.py:183} INFO - Processing /home/airflow/.local/lib/python3.8/site-packages/airflow/example_dags/example_setup_teardown.py took 0.075 seconds
[2024-05-28T18:31:41.380+0000] {processor.py:161} INFO - Started process (PID=400) to work on /home/airflow/.local/lib/python3.8/site-packages/airflow/example_dags/example_setup_teardown.py
[2024-05-28T18:31:41.382+0000] {processor.py:830} INFO - Processing file /home/airflow/.local/lib/python3.8/site-packages/airflow/example_dags/example_setup_teardown.py for tasks to queue
[2024-05-28T18:31:41.384+0000] {logging_mixin.py:188} INFO - [2024-05-28T18:31:41.383+0000] {dagbag.py:545} INFO - Filling up the DagBag from /home/airflow/.local/lib/python3.8/site-packages/airflow/example_dags/example_setup_teardown.py
[2024-05-28T18:31:41.391+0000] {processor.py:840} INFO - DAG(s) 'example_setup_teardown' retrieved from /home/airflow/.local/lib/python3.8/site-packages/airflow/example_dags/example_setup_teardown.py
[2024-05-28T18:31:41.413+0000] {logging_mixin.py:188} INFO - [2024-05-28T18:31:41.413+0000] {dag.py:3096} INFO - Sync 1 DAGs
[2024-05-28T18:31:41.433+0000] {logging_mixin.py:188} INFO - [2024-05-28T18:31:41.432+0000] {dag.py:3954} INFO - Setting next_dagrun for example_setup_teardown to 2024-05-27 00:00:00+00:00, run_after=2024-05-28 00:00:00+00:00
[2024-05-28T18:31:41.455+0000] {processor.py:183} INFO - Processing /home/airflow/.local/lib/python3.8/site-packages/airflow/example_dags/example_setup_teardown.py took 0.081 seconds
[2024-05-28T18:32:11.977+0000] {processor.py:161} INFO - Started process (PID=470) to work on /home/airflow/.local/lib/python3.8/site-packages/airflow/example_dags/example_setup_teardown.py
[2024-05-28T18:32:11.979+0000] {processor.py:830} INFO - Processing file /home/airflow/.local/lib/python3.8/site-packages/airflow/example_dags/example_setup_teardown.py for tasks to queue
[2024-05-28T18:32:11.994+0000] {logging_mixin.py:188} INFO - [2024-05-28T18:32:11.990+0000] {dagbag.py:545} INFO - Filling up the DagBag from /home/airflow/.local/lib/python3.8/site-packages/airflow/example_dags/example_setup_teardown.py
[2024-05-28T18:32:12.020+0000] {processor.py:840} INFO - DAG(s) 'example_setup_teardown' retrieved from /home/airflow/.local/lib/python3.8/site-packages/airflow/example_dags/example_setup_teardown.py
[2024-05-28T18:32:12.088+0000] {logging_mixin.py:188} INFO - [2024-05-28T18:32:12.088+0000] {dag.py:3096} INFO - Sync 1 DAGs
[2024-05-28T18:32:12.170+0000] {logging_mixin.py:188} INFO - [2024-05-28T18:32:12.170+0000] {dag.py:3954} INFO - Setting next_dagrun for example_setup_teardown to 2024-05-27 00:00:00+00:00, run_after=2024-05-28 00:00:00+00:00
[2024-05-28T18:32:12.248+0000] {processor.py:183} INFO - Processing /home/airflow/.local/lib/python3.8/site-packages/airflow/example_dags/example_setup_teardown.py took 0.288 seconds
[2024-05-28T18:32:43.191+0000] {processor.py:161} INFO - Started process (PID=547) to work on /home/airflow/.local/lib/python3.8/site-packages/airflow/example_dags/example_setup_teardown.py
[2024-05-28T18:32:43.193+0000] {processor.py:830} INFO - Processing file /home/airflow/.local/lib/python3.8/site-packages/airflow/example_dags/example_setup_teardown.py for tasks to queue
[2024-05-28T18:32:43.195+0000] {logging_mixin.py:188} INFO - [2024-05-28T18:32:43.195+0000] {dagbag.py:545} INFO - Filling up the DagBag from /home/airflow/.local/lib/python3.8/site-packages/airflow/example_dags/example_setup_teardown.py
[2024-05-28T18:32:43.204+0000] {processor.py:840} INFO - DAG(s) 'example_setup_teardown' retrieved from /home/airflow/.local/lib/python3.8/site-packages/airflow/example_dags/example_setup_teardown.py
[2024-05-28T18:32:43.227+0000] {logging_mixin.py:188} INFO - [2024-05-28T18:32:43.227+0000] {dag.py:3096} INFO - Sync 1 DAGs
[2024-05-28T18:32:43.248+0000] {logging_mixin.py:188} INFO - [2024-05-28T18:32:43.248+0000] {dag.py:3954} INFO - Setting next_dagrun for example_setup_teardown to 2024-05-27 00:00:00+00:00, run_after=2024-05-28 00:00:00+00:00
[2024-05-28T18:32:43.271+0000] {processor.py:183} INFO - Processing /home/airflow/.local/lib/python3.8/site-packages/airflow/example_dags/example_setup_teardown.py took 0.088 seconds
[2024-05-28T18:33:13.522+0000] {processor.py:161} INFO - Started process (PID=617) to work on /home/airflow/.local/lib/python3.8/site-packages/airflow/example_dags/example_setup_teardown.py
[2024-05-28T18:33:13.523+0000] {processor.py:830} INFO - Processing file /home/airflow/.local/lib/python3.8/site-packages/airflow/example_dags/example_setup_teardown.py for tasks to queue
[2024-05-28T18:33:13.525+0000] {logging_mixin.py:188} INFO - [2024-05-28T18:33:13.525+0000] {dagbag.py:545} INFO - Filling up the DagBag from /home/airflow/.local/lib/python3.8/site-packages/airflow/example_dags/example_setup_teardown.py
[2024-05-28T18:33:13.531+0000] {processor.py:840} INFO - DAG(s) 'example_setup_teardown' retrieved from /home/airflow/.local/lib/python3.8/site-packages/airflow/example_dags/example_setup_teardown.py
[2024-05-28T18:33:13.552+0000] {logging_mixin.py:188} INFO - [2024-05-28T18:33:13.552+0000] {dag.py:3096} INFO - Sync 1 DAGs
[2024-05-28T18:33:13.573+0000] {logging_mixin.py:188} INFO - [2024-05-28T18:33:13.572+0000] {dag.py:3954} INFO - Setting next_dagrun for example_setup_teardown to 2024-05-27 00:00:00+00:00, run_after=2024-05-28 00:00:00+00:00
[2024-05-28T18:33:13.594+0000] {processor.py:183} INFO - Processing /home/airflow/.local/lib/python3.8/site-packages/airflow/example_dags/example_setup_teardown.py took 0.078 seconds
[2024-05-28T18:33:44.082+0000] {processor.py:161} INFO - Started process (PID=687) to work on /home/airflow/.local/lib/python3.8/site-packages/airflow/example_dags/example_setup_teardown.py
[2024-05-28T18:33:44.084+0000] {processor.py:830} INFO - Processing file /home/airflow/.local/lib/python3.8/site-packages/airflow/example_dags/example_setup_teardown.py for tasks to queue
[2024-05-28T18:33:44.087+0000] {logging_mixin.py:188} INFO - [2024-05-28T18:33:44.087+0000] {dagbag.py:545} INFO - Filling up the DagBag from /home/airflow/.local/lib/python3.8/site-packages/airflow/example_dags/example_setup_teardown.py
[2024-05-28T18:33:44.098+0000] {processor.py:840} INFO - DAG(s) 'example_setup_teardown' retrieved from /home/airflow/.local/lib/python3.8/site-packages/airflow/example_dags/example_setup_teardown.py
[2024-05-28T18:33:44.126+0000] {logging_mixin.py:188} INFO - [2024-05-28T18:33:44.126+0000] {dag.py:3096} INFO - Sync 1 DAGs
[2024-05-28T18:33:44.156+0000] {logging_mixin.py:188} INFO - [2024-05-28T18:33:44.156+0000] {dag.py:3954} INFO - Setting next_dagrun for example_setup_teardown to 2024-05-27 00:00:00+00:00, run_after=2024-05-28 00:00:00+00:00
[2024-05-28T18:33:44.184+0000] {processor.py:183} INFO - Processing /home/airflow/.local/lib/python3.8/site-packages/airflow/example_dags/example_setup_teardown.py took 0.112 seconds
[2024-05-28T18:34:14.236+0000] {processor.py:161} INFO - Started process (PID=765) to work on /home/airflow/.local/lib/python3.8/site-packages/airflow/example_dags/example_setup_teardown.py
[2024-05-28T18:34:14.237+0000] {processor.py:830} INFO - Processing file /home/airflow/.local/lib/python3.8/site-packages/airflow/example_dags/example_setup_teardown.py for tasks to queue
[2024-05-28T18:34:14.240+0000] {logging_mixin.py:188} INFO - [2024-05-28T18:34:14.239+0000] {dagbag.py:545} INFO - Filling up the DagBag from /home/airflow/.local/lib/python3.8/site-packages/airflow/example_dags/example_setup_teardown.py
[2024-05-28T18:34:14.248+0000] {processor.py:840} INFO - DAG(s) 'example_setup_teardown' retrieved from /home/airflow/.local/lib/python3.8/site-packages/airflow/example_dags/example_setup_teardown.py
[2024-05-28T18:34:14.276+0000] {logging_mixin.py:188} INFO - [2024-05-28T18:34:14.276+0000] {dag.py:3096} INFO - Sync 1 DAGs
[2024-05-28T18:34:14.304+0000] {logging_mixin.py:188} INFO - [2024-05-28T18:34:14.303+0000] {dag.py:3954} INFO - Setting next_dagrun for example_setup_teardown to 2024-05-27 00:00:00+00:00, run_after=2024-05-28 00:00:00+00:00
[2024-05-28T18:34:14.327+0000] {processor.py:183} INFO - Processing /home/airflow/.local/lib/python3.8/site-packages/airflow/example_dags/example_setup_teardown.py took 0.098 seconds
[2024-05-28T18:34:44.609+0000] {processor.py:161} INFO - Started process (PID=835) to work on /home/airflow/.local/lib/python3.8/site-packages/airflow/example_dags/example_setup_teardown.py
[2024-05-28T18:34:44.610+0000] {processor.py:830} INFO - Processing file /home/airflow/.local/lib/python3.8/site-packages/airflow/example_dags/example_setup_teardown.py for tasks to queue
[2024-05-28T18:34:44.612+0000] {logging_mixin.py:188} INFO - [2024-05-28T18:34:44.612+0000] {dagbag.py:545} INFO - Filling up the DagBag from /home/airflow/.local/lib/python3.8/site-packages/airflow/example_dags/example_setup_teardown.py
[2024-05-28T18:34:44.621+0000] {processor.py:840} INFO - DAG(s) 'example_setup_teardown' retrieved from /home/airflow/.local/lib/python3.8/site-packages/airflow/example_dags/example_setup_teardown.py
[2024-05-28T18:34:44.646+0000] {logging_mixin.py:188} INFO - [2024-05-28T18:34:44.646+0000] {dag.py:3096} INFO - Sync 1 DAGs
[2024-05-28T18:34:44.667+0000] {logging_mixin.py:188} INFO - [2024-05-28T18:34:44.667+0000] {dag.py:3954} INFO - Setting next_dagrun for example_setup_teardown to 2024-05-27 00:00:00+00:00, run_after=2024-05-28 00:00:00+00:00
[2024-05-28T18:34:44.689+0000] {processor.py:183} INFO - Processing /home/airflow/.local/lib/python3.8/site-packages/airflow/example_dags/example_setup_teardown.py took 0.085 seconds
[2024-05-28T18:35:15.338+0000] {processor.py:161} INFO - Started process (PID=905) to work on /home/airflow/.local/lib/python3.8/site-packages/airflow/example_dags/example_setup_teardown.py
[2024-05-28T18:35:15.340+0000] {processor.py:830} INFO - Processing file /home/airflow/.local/lib/python3.8/site-packages/airflow/example_dags/example_setup_teardown.py for tasks to queue
[2024-05-28T18:35:15.343+0000] {logging_mixin.py:188} INFO - [2024-05-28T18:35:15.342+0000] {dagbag.py:545} INFO - Filling up the DagBag from /home/airflow/.local/lib/python3.8/site-packages/airflow/example_dags/example_setup_teardown.py
[2024-05-28T18:35:15.350+0000] {processor.py:840} INFO - DAG(s) 'example_setup_teardown' retrieved from /home/airflow/.local/lib/python3.8/site-packages/airflow/example_dags/example_setup_teardown.py
[2024-05-28T18:35:15.377+0000] {logging_mixin.py:188} INFO - [2024-05-28T18:35:15.376+0000] {dag.py:3096} INFO - Sync 1 DAGs
[2024-05-28T18:35:15.404+0000] {logging_mixin.py:188} INFO - [2024-05-28T18:35:15.403+0000] {dag.py:3954} INFO - Setting next_dagrun for example_setup_teardown to 2024-05-27 00:00:00+00:00, run_after=2024-05-28 00:00:00+00:00
[2024-05-28T18:35:15.430+0000] {processor.py:183} INFO - Processing /home/airflow/.local/lib/python3.8/site-packages/airflow/example_dags/example_setup_teardown.py took 0.098 seconds
[2024-05-28T18:35:45.702+0000] {processor.py:161} INFO - Started process (PID=983) to work on /home/airflow/.local/lib/python3.8/site-packages/airflow/example_dags/example_setup_teardown.py
[2024-05-28T18:35:45.703+0000] {processor.py:830} INFO - Processing file /home/airflow/.local/lib/python3.8/site-packages/airflow/example_dags/example_setup_teardown.py for tasks to queue
[2024-05-28T18:35:45.705+0000] {logging_mixin.py:188} INFO - [2024-05-28T18:35:45.705+0000] {dagbag.py:545} INFO - Filling up the DagBag from /home/airflow/.local/lib/python3.8/site-packages/airflow/example_dags/example_setup_teardown.py
[2024-05-28T18:35:45.712+0000] {processor.py:840} INFO - DAG(s) 'example_setup_teardown' retrieved from /home/airflow/.local/lib/python3.8/site-packages/airflow/example_dags/example_setup_teardown.py
[2024-05-28T18:35:45.735+0000] {logging_mixin.py:188} INFO - [2024-05-28T18:35:45.734+0000] {dag.py:3096} INFO - Sync 1 DAGs
[2024-05-28T18:35:45.756+0000] {logging_mixin.py:188} INFO - [2024-05-28T18:35:45.755+0000] {dag.py:3954} INFO - Setting next_dagrun for example_setup_teardown to 2024-05-27 00:00:00+00:00, run_after=2024-05-28 00:00:00+00:00
[2024-05-28T18:35:45.778+0000] {processor.py:183} INFO - Processing /home/airflow/.local/lib/python3.8/site-packages/airflow/example_dags/example_setup_teardown.py took 0.082 seconds
[2024-05-28T18:36:16.019+0000] {processor.py:161} INFO - Started process (PID=1053) to work on /home/airflow/.local/lib/python3.8/site-packages/airflow/example_dags/example_setup_teardown.py
[2024-05-28T18:36:16.020+0000] {processor.py:830} INFO - Processing file /home/airflow/.local/lib/python3.8/site-packages/airflow/example_dags/example_setup_teardown.py for tasks to queue
[2024-05-28T18:36:16.022+0000] {logging_mixin.py:188} INFO - [2024-05-28T18:36:16.022+0000] {dagbag.py:545} INFO - Filling up the DagBag from /home/airflow/.local/lib/python3.8/site-packages/airflow/example_dags/example_setup_teardown.py
[2024-05-28T18:36:16.028+0000] {processor.py:840} INFO - DAG(s) 'example_setup_teardown' retrieved from /home/airflow/.local/lib/python3.8/site-packages/airflow/example_dags/example_setup_teardown.py
[2024-05-28T18:36:16.048+0000] {logging_mixin.py:188} INFO - [2024-05-28T18:36:16.048+0000] {dag.py:3096} INFO - Sync 1 DAGs
[2024-05-28T18:36:16.068+0000] {logging_mixin.py:188} INFO - [2024-05-28T18:36:16.068+0000] {dag.py:3954} INFO - Setting next_dagrun for example_setup_teardown to 2024-05-27 00:00:00+00:00, run_after=2024-05-28 00:00:00+00:00
[2024-05-28T18:36:16.092+0000] {processor.py:183} INFO - Processing /home/airflow/.local/lib/python3.8/site-packages/airflow/example_dags/example_setup_teardown.py took 0.079 seconds
[2024-05-28T18:36:46.275+0000] {processor.py:161} INFO - Started process (PID=1130) to work on /home/airflow/.local/lib/python3.8/site-packages/airflow/example_dags/example_setup_teardown.py
[2024-05-28T18:36:46.277+0000] {processor.py:830} INFO - Processing file /home/airflow/.local/lib/python3.8/site-packages/airflow/example_dags/example_setup_teardown.py for tasks to queue
[2024-05-28T18:36:46.279+0000] {logging_mixin.py:188} INFO - [2024-05-28T18:36:46.278+0000] {dagbag.py:545} INFO - Filling up the DagBag from /home/airflow/.local/lib/python3.8/site-packages/airflow/example_dags/example_setup_teardown.py
[2024-05-28T18:36:46.285+0000] {processor.py:840} INFO - DAG(s) 'example_setup_teardown' retrieved from /home/airflow/.local/lib/python3.8/site-packages/airflow/example_dags/example_setup_teardown.py
[2024-05-28T18:36:46.311+0000] {logging_mixin.py:188} INFO - [2024-05-28T18:36:46.311+0000] {dag.py:3096} INFO - Sync 1 DAGs
[2024-05-28T18:36:46.337+0000] {logging_mixin.py:188} INFO - [2024-05-28T18:36:46.336+0000] {dag.py:3954} INFO - Setting next_dagrun for example_setup_teardown to 2024-05-27 00:00:00+00:00, run_after=2024-05-28 00:00:00+00:00
[2024-05-28T18:36:46.362+0000] {processor.py:183} INFO - Processing /home/airflow/.local/lib/python3.8/site-packages/airflow/example_dags/example_setup_teardown.py took 0.094 seconds
[2024-05-28T18:37:16.478+0000] {processor.py:161} INFO - Started process (PID=1201) to work on /home/airflow/.local/lib/python3.8/site-packages/airflow/example_dags/example_setup_teardown.py
[2024-05-28T18:37:16.479+0000] {processor.py:830} INFO - Processing file /home/airflow/.local/lib/python3.8/site-packages/airflow/example_dags/example_setup_teardown.py for tasks to queue
[2024-05-28T18:37:16.482+0000] {logging_mixin.py:188} INFO - [2024-05-28T18:37:16.481+0000] {dagbag.py:545} INFO - Filling up the DagBag from /home/airflow/.local/lib/python3.8/site-packages/airflow/example_dags/example_setup_teardown.py
[2024-05-28T18:37:16.489+0000] {processor.py:840} INFO - DAG(s) 'example_setup_teardown' retrieved from /home/airflow/.local/lib/python3.8/site-packages/airflow/example_dags/example_setup_teardown.py
[2024-05-28T18:37:16.516+0000] {logging_mixin.py:188} INFO - [2024-05-28T18:37:16.515+0000] {dag.py:3096} INFO - Sync 1 DAGs
[2024-05-28T18:37:16.551+0000] {logging_mixin.py:188} INFO - [2024-05-28T18:37:16.550+0000] {dag.py:3954} INFO - Setting next_dagrun for example_setup_teardown to 2024-05-27 00:00:00+00:00, run_after=2024-05-28 00:00:00+00:00
[2024-05-28T18:37:16.575+0000] {processor.py:183} INFO - Processing /home/airflow/.local/lib/python3.8/site-packages/airflow/example_dags/example_setup_teardown.py took 0.105 seconds
[2024-05-28T18:37:46.829+0000] {processor.py:161} INFO - Started process (PID=1272) to work on /home/airflow/.local/lib/python3.8/site-packages/airflow/example_dags/example_setup_teardown.py
[2024-05-28T18:37:46.830+0000] {processor.py:830} INFO - Processing file /home/airflow/.local/lib/python3.8/site-packages/airflow/example_dags/example_setup_teardown.py for tasks to queue
[2024-05-28T18:37:46.832+0000] {logging_mixin.py:188} INFO - [2024-05-28T18:37:46.832+0000] {dagbag.py:545} INFO - Filling up the DagBag from /home/airflow/.local/lib/python3.8/site-packages/airflow/example_dags/example_setup_teardown.py
[2024-05-28T18:37:46.840+0000] {processor.py:840} INFO - DAG(s) 'example_setup_teardown' retrieved from /home/airflow/.local/lib/python3.8/site-packages/airflow/example_dags/example_setup_teardown.py
[2024-05-28T18:37:46.862+0000] {logging_mixin.py:188} INFO - [2024-05-28T18:37:46.862+0000] {dag.py:3096} INFO - Sync 1 DAGs
[2024-05-28T18:37:46.888+0000] {logging_mixin.py:188} INFO - [2024-05-28T18:37:46.887+0000] {dag.py:3954} INFO - Setting next_dagrun for example_setup_teardown to 2024-05-27 00:00:00+00:00, run_after=2024-05-28 00:00:00+00:00
[2024-05-28T18:37:46.912+0000] {processor.py:183} INFO - Processing /home/airflow/.local/lib/python3.8/site-packages/airflow/example_dags/example_setup_teardown.py took 0.088 seconds
[2024-05-28T18:38:17.121+0000] {processor.py:161} INFO - Started process (PID=1350) to work on /home/airflow/.local/lib/python3.8/site-packages/airflow/example_dags/example_setup_teardown.py
[2024-05-28T18:38:17.123+0000] {processor.py:830} INFO - Processing file /home/airflow/.local/lib/python3.8/site-packages/airflow/example_dags/example_setup_teardown.py for tasks to queue
[2024-05-28T18:38:17.125+0000] {logging_mixin.py:188} INFO - [2024-05-28T18:38:17.125+0000] {dagbag.py:545} INFO - Filling up the DagBag from /home/airflow/.local/lib/python3.8/site-packages/airflow/example_dags/example_setup_teardown.py
[2024-05-28T18:38:17.134+0000] {processor.py:840} INFO - DAG(s) 'example_setup_teardown' retrieved from /home/airflow/.local/lib/python3.8/site-packages/airflow/example_dags/example_setup_teardown.py
[2024-05-28T18:38:17.159+0000] {logging_mixin.py:188} INFO - [2024-05-28T18:38:17.159+0000] {dag.py:3096} INFO - Sync 1 DAGs
[2024-05-28T18:38:17.187+0000] {logging_mixin.py:188} INFO - [2024-05-28T18:38:17.187+0000] {dag.py:3954} INFO - Setting next_dagrun for example_setup_teardown to 2024-05-27 00:00:00+00:00, run_after=2024-05-28 00:00:00+00:00
[2024-05-28T18:38:17.213+0000] {processor.py:183} INFO - Processing /home/airflow/.local/lib/python3.8/site-packages/airflow/example_dags/example_setup_teardown.py took 0.103 seconds
[2024-05-28T18:38:47.841+0000] {processor.py:161} INFO - Started process (PID=1420) to work on /home/airflow/.local/lib/python3.8/site-packages/airflow/example_dags/example_setup_teardown.py
[2024-05-28T18:38:47.842+0000] {processor.py:830} INFO - Processing file /home/airflow/.local/lib/python3.8/site-packages/airflow/example_dags/example_setup_teardown.py for tasks to queue
[2024-05-28T18:38:47.844+0000] {logging_mixin.py:188} INFO - [2024-05-28T18:38:47.843+0000] {dagbag.py:545} INFO - Filling up the DagBag from /home/airflow/.local/lib/python3.8/site-packages/airflow/example_dags/example_setup_teardown.py
[2024-05-28T18:38:47.851+0000] {processor.py:840} INFO - DAG(s) 'example_setup_teardown' retrieved from /home/airflow/.local/lib/python3.8/site-packages/airflow/example_dags/example_setup_teardown.py
[2024-05-28T18:38:47.873+0000] {logging_mixin.py:188} INFO - [2024-05-28T18:38:47.872+0000] {dag.py:3096} INFO - Sync 1 DAGs
[2024-05-28T18:38:47.896+0000] {logging_mixin.py:188} INFO - [2024-05-28T18:38:47.895+0000] {dag.py:3954} INFO - Setting next_dagrun for example_setup_teardown to 2024-05-27 00:00:00+00:00, run_after=2024-05-28 00:00:00+00:00
[2024-05-28T18:38:47.923+0000] {processor.py:183} INFO - Processing /home/airflow/.local/lib/python3.8/site-packages/airflow/example_dags/example_setup_teardown.py took 0.088 seconds
[2024-05-28T18:39:18.357+0000] {processor.py:161} INFO - Started process (PID=1490) to work on /home/airflow/.local/lib/python3.8/site-packages/airflow/example_dags/example_setup_teardown.py
[2024-05-28T18:39:18.359+0000] {processor.py:830} INFO - Processing file /home/airflow/.local/lib/python3.8/site-packages/airflow/example_dags/example_setup_teardown.py for tasks to queue
[2024-05-28T18:39:18.361+0000] {logging_mixin.py:188} INFO - [2024-05-28T18:39:18.361+0000] {dagbag.py:545} INFO - Filling up the DagBag from /home/airflow/.local/lib/python3.8/site-packages/airflow/example_dags/example_setup_teardown.py
[2024-05-28T18:39:18.374+0000] {processor.py:840} INFO - DAG(s) 'example_setup_teardown' retrieved from /home/airflow/.local/lib/python3.8/site-packages/airflow/example_dags/example_setup_teardown.py
[2024-05-28T18:39:18.407+0000] {logging_mixin.py:188} INFO - [2024-05-28T18:39:18.406+0000] {dag.py:3096} INFO - Sync 1 DAGs
[2024-05-28T18:39:18.454+0000] {logging_mixin.py:188} INFO - [2024-05-28T18:39:18.453+0000] {dag.py:3954} INFO - Setting next_dagrun for example_setup_teardown to 2024-05-27 00:00:00+00:00, run_after=2024-05-28 00:00:00+00:00
[2024-05-28T18:39:18.503+0000] {processor.py:183} INFO - Processing /home/airflow/.local/lib/python3.8/site-packages/airflow/example_dags/example_setup_teardown.py took 0.154 seconds
[2024-05-28T18:39:48.623+0000] {processor.py:161} INFO - Started process (PID=1560) to work on /home/airflow/.local/lib/python3.8/site-packages/airflow/example_dags/example_setup_teardown.py
[2024-05-28T18:39:48.624+0000] {processor.py:830} INFO - Processing file /home/airflow/.local/lib/python3.8/site-packages/airflow/example_dags/example_setup_teardown.py for tasks to queue
[2024-05-28T18:39:48.626+0000] {logging_mixin.py:188} INFO - [2024-05-28T18:39:48.626+0000] {dagbag.py:545} INFO - Filling up the DagBag from /home/airflow/.local/lib/python3.8/site-packages/airflow/example_dags/example_setup_teardown.py
[2024-05-28T18:39:48.634+0000] {processor.py:840} INFO - DAG(s) 'example_setup_teardown' retrieved from /home/airflow/.local/lib/python3.8/site-packages/airflow/example_dags/example_setup_teardown.py
[2024-05-28T18:39:48.656+0000] {logging_mixin.py:188} INFO - [2024-05-28T18:39:48.656+0000] {dag.py:3096} INFO - Sync 1 DAGs
[2024-05-28T18:39:48.680+0000] {logging_mixin.py:188} INFO - [2024-05-28T18:39:48.680+0000] {dag.py:3954} INFO - Setting next_dagrun for example_setup_teardown to 2024-05-27 00:00:00+00:00, run_after=2024-05-28 00:00:00+00:00
[2024-05-28T18:39:48.701+0000] {processor.py:183} INFO - Processing /home/airflow/.local/lib/python3.8/site-packages/airflow/example_dags/example_setup_teardown.py took 0.086 seconds
[2024-05-28T18:40:19.325+0000] {processor.py:161} INFO - Started process (PID=1639) to work on /home/airflow/.local/lib/python3.8/site-packages/airflow/example_dags/example_setup_teardown.py
[2024-05-28T18:40:19.326+0000] {processor.py:830} INFO - Processing file /home/airflow/.local/lib/python3.8/site-packages/airflow/example_dags/example_setup_teardown.py for tasks to queue
[2024-05-28T18:40:19.328+0000] {logging_mixin.py:188} INFO - [2024-05-28T18:40:19.328+0000] {dagbag.py:545} INFO - Filling up the DagBag from /home/airflow/.local/lib/python3.8/site-packages/airflow/example_dags/example_setup_teardown.py
[2024-05-28T18:40:19.334+0000] {processor.py:840} INFO - DAG(s) 'example_setup_teardown' retrieved from /home/airflow/.local/lib/python3.8/site-packages/airflow/example_dags/example_setup_teardown.py
[2024-05-28T18:40:19.356+0000] {logging_mixin.py:188} INFO - [2024-05-28T18:40:19.356+0000] {dag.py:3096} INFO - Sync 1 DAGs
[2024-05-28T18:40:19.375+0000] {logging_mixin.py:188} INFO - [2024-05-28T18:40:19.375+0000] {dag.py:3954} INFO - Setting next_dagrun for example_setup_teardown to 2024-05-27 00:00:00+00:00, run_after=2024-05-28 00:00:00+00:00
[2024-05-28T18:40:19.399+0000] {processor.py:183} INFO - Processing /home/airflow/.local/lib/python3.8/site-packages/airflow/example_dags/example_setup_teardown.py took 0.080 seconds
[2024-05-28T18:40:49.776+0000] {processor.py:161} INFO - Started process (PID=1709) to work on /home/airflow/.local/lib/python3.8/site-packages/airflow/example_dags/example_setup_teardown.py
[2024-05-28T18:40:49.777+0000] {processor.py:830} INFO - Processing file /home/airflow/.local/lib/python3.8/site-packages/airflow/example_dags/example_setup_teardown.py for tasks to queue
[2024-05-28T18:40:49.779+0000] {logging_mixin.py:188} INFO - [2024-05-28T18:40:49.779+0000] {dagbag.py:545} INFO - Filling up the DagBag from /home/airflow/.local/lib/python3.8/site-packages/airflow/example_dags/example_setup_teardown.py
[2024-05-28T18:40:49.786+0000] {processor.py:840} INFO - DAG(s) 'example_setup_teardown' retrieved from /home/airflow/.local/lib/python3.8/site-packages/airflow/example_dags/example_setup_teardown.py
[2024-05-28T18:40:49.817+0000] {logging_mixin.py:188} INFO - [2024-05-28T18:40:49.816+0000] {dag.py:3096} INFO - Sync 1 DAGs
[2024-05-28T18:40:49.845+0000] {logging_mixin.py:188} INFO - [2024-05-28T18:40:49.845+0000] {dag.py:3954} INFO - Setting next_dagrun for example_setup_teardown to 2024-05-27 00:00:00+00:00, run_after=2024-05-28 00:00:00+00:00
[2024-05-28T18:40:49.873+0000] {processor.py:183} INFO - Processing /home/airflow/.local/lib/python3.8/site-packages/airflow/example_dags/example_setup_teardown.py took 0.104 seconds
[2024-05-28T18:41:20.106+0000] {processor.py:161} INFO - Started process (PID=1787) to work on /home/airflow/.local/lib/python3.8/site-packages/airflow/example_dags/example_setup_teardown.py
[2024-05-28T18:41:20.107+0000] {processor.py:830} INFO - Processing file /home/airflow/.local/lib/python3.8/site-packages/airflow/example_dags/example_setup_teardown.py for tasks to queue
[2024-05-28T18:41:20.110+0000] {logging_mixin.py:188} INFO - [2024-05-28T18:41:20.109+0000] {dagbag.py:545} INFO - Filling up the DagBag from /home/airflow/.local/lib/python3.8/site-packages/airflow/example_dags/example_setup_teardown.py
[2024-05-28T18:41:20.117+0000] {processor.py:840} INFO - DAG(s) 'example_setup_teardown' retrieved from /home/airflow/.local/lib/python3.8/site-packages/airflow/example_dags/example_setup_teardown.py
[2024-05-28T18:41:20.142+0000] {logging_mixin.py:188} INFO - [2024-05-28T18:41:20.141+0000] {dag.py:3096} INFO - Sync 1 DAGs
[2024-05-28T18:41:20.171+0000] {logging_mixin.py:188} INFO - [2024-05-28T18:41:20.171+0000] {dag.py:3954} INFO - Setting next_dagrun for example_setup_teardown to 2024-05-27 00:00:00+00:00, run_after=2024-05-28 00:00:00+00:00
[2024-05-28T18:41:20.198+0000] {processor.py:183} INFO - Processing /home/airflow/.local/lib/python3.8/site-packages/airflow/example_dags/example_setup_teardown.py took 0.099 seconds
[2024-05-28T18:41:50.487+0000] {processor.py:161} INFO - Started process (PID=1856) to work on /home/airflow/.local/lib/python3.8/site-packages/airflow/example_dags/example_setup_teardown.py
[2024-05-28T18:41:50.489+0000] {processor.py:830} INFO - Processing file /home/airflow/.local/lib/python3.8/site-packages/airflow/example_dags/example_setup_teardown.py for tasks to queue
[2024-05-28T18:41:50.492+0000] {logging_mixin.py:188} INFO - [2024-05-28T18:41:50.491+0000] {dagbag.py:545} INFO - Filling up the DagBag from /home/airflow/.local/lib/python3.8/site-packages/airflow/example_dags/example_setup_teardown.py
[2024-05-28T18:41:50.499+0000] {processor.py:840} INFO - DAG(s) 'example_setup_teardown' retrieved from /home/airflow/.local/lib/python3.8/site-packages/airflow/example_dags/example_setup_teardown.py
[2024-05-28T18:41:50.524+0000] {logging_mixin.py:188} INFO - [2024-05-28T18:41:50.524+0000] {dag.py:3096} INFO - Sync 1 DAGs
[2024-05-28T18:41:50.548+0000] {logging_mixin.py:188} INFO - [2024-05-28T18:41:50.547+0000] {dag.py:3954} INFO - Setting next_dagrun for example_setup_teardown to 2024-05-27 00:00:00+00:00, run_after=2024-05-28 00:00:00+00:00
[2024-05-28T18:41:50.573+0000] {processor.py:183} INFO - Processing /home/airflow/.local/lib/python3.8/site-packages/airflow/example_dags/example_setup_teardown.py took 0.094 seconds
[2024-05-28T18:42:20.812+0000] {processor.py:161} INFO - Started process (PID=1933) to work on /home/airflow/.local/lib/python3.8/site-packages/airflow/example_dags/example_setup_teardown.py
[2024-05-28T18:42:20.815+0000] {processor.py:830} INFO - Processing file /home/airflow/.local/lib/python3.8/site-packages/airflow/example_dags/example_setup_teardown.py for tasks to queue
[2024-05-28T18:42:20.817+0000] {logging_mixin.py:188} INFO - [2024-05-28T18:42:20.816+0000] {dagbag.py:545} INFO - Filling up the DagBag from /home/airflow/.local/lib/python3.8/site-packages/airflow/example_dags/example_setup_teardown.py
[2024-05-28T18:42:20.823+0000] {processor.py:840} INFO - DAG(s) 'example_setup_teardown' retrieved from /home/airflow/.local/lib/python3.8/site-packages/airflow/example_dags/example_setup_teardown.py
[2024-05-28T18:42:20.845+0000] {logging_mixin.py:188} INFO - [2024-05-28T18:42:20.845+0000] {dag.py:3096} INFO - Sync 1 DAGs
[2024-05-28T18:42:20.866+0000] {logging_mixin.py:188} INFO - [2024-05-28T18:42:20.866+0000] {dag.py:3954} INFO - Setting next_dagrun for example_setup_teardown to 2024-05-27 00:00:00+00:00, run_after=2024-05-28 00:00:00+00:00
[2024-05-28T18:42:20.889+0000] {processor.py:183} INFO - Processing /home/airflow/.local/lib/python3.8/site-packages/airflow/example_dags/example_setup_teardown.py took 0.083 seconds
[2024-05-28T18:42:51.096+0000] {processor.py:161} INFO - Started process (PID=2004) to work on /home/airflow/.local/lib/python3.8/site-packages/airflow/example_dags/example_setup_teardown.py
[2024-05-28T18:42:51.097+0000] {processor.py:830} INFO - Processing file /home/airflow/.local/lib/python3.8/site-packages/airflow/example_dags/example_setup_teardown.py for tasks to queue
[2024-05-28T18:42:51.099+0000] {logging_mixin.py:188} INFO - [2024-05-28T18:42:51.098+0000] {dagbag.py:545} INFO - Filling up the DagBag from /home/airflow/.local/lib/python3.8/site-packages/airflow/example_dags/example_setup_teardown.py
[2024-05-28T18:42:51.105+0000] {processor.py:840} INFO - DAG(s) 'example_setup_teardown' retrieved from /home/airflow/.local/lib/python3.8/site-packages/airflow/example_dags/example_setup_teardown.py
[2024-05-28T18:42:51.127+0000] {logging_mixin.py:188} INFO - [2024-05-28T18:42:51.126+0000] {dag.py:3096} INFO - Sync 1 DAGs
[2024-05-28T18:42:51.147+0000] {logging_mixin.py:188} INFO - [2024-05-28T18:42:51.147+0000] {dag.py:3954} INFO - Setting next_dagrun for example_setup_teardown to 2024-05-27 00:00:00+00:00, run_after=2024-05-28 00:00:00+00:00
[2024-05-28T18:42:51.171+0000] {processor.py:183} INFO - Processing /home/airflow/.local/lib/python3.8/site-packages/airflow/example_dags/example_setup_teardown.py took 0.081 seconds
[2024-05-28T18:43:21.489+0000] {processor.py:161} INFO - Started process (PID=2075) to work on /home/airflow/.local/lib/python3.8/site-packages/airflow/example_dags/example_setup_teardown.py
[2024-05-28T18:43:21.491+0000] {processor.py:830} INFO - Processing file /home/airflow/.local/lib/python3.8/site-packages/airflow/example_dags/example_setup_teardown.py for tasks to queue
[2024-05-28T18:43:21.493+0000] {logging_mixin.py:188} INFO - [2024-05-28T18:43:21.492+0000] {dagbag.py:545} INFO - Filling up the DagBag from /home/airflow/.local/lib/python3.8/site-packages/airflow/example_dags/example_setup_teardown.py
[2024-05-28T18:43:21.499+0000] {processor.py:840} INFO - DAG(s) 'example_setup_teardown' retrieved from /home/airflow/.local/lib/python3.8/site-packages/airflow/example_dags/example_setup_teardown.py
[2024-05-28T18:43:21.533+0000] {logging_mixin.py:188} INFO - [2024-05-28T18:43:21.532+0000] {dag.py:3096} INFO - Sync 1 DAGs
[2024-05-28T18:43:21.553+0000] {logging_mixin.py:188} INFO - [2024-05-28T18:43:21.552+0000] {dag.py:3954} INFO - Setting next_dagrun for example_setup_teardown to 2024-05-27 00:00:00+00:00, run_after=2024-05-28 00:00:00+00:00
[2024-05-28T18:43:21.575+0000] {processor.py:183} INFO - Processing /home/airflow/.local/lib/python3.8/site-packages/airflow/example_dags/example_setup_teardown.py took 0.091 seconds
[2024-05-28T18:43:51.751+0000] {processor.py:161} INFO - Started process (PID=2153) to work on /home/airflow/.local/lib/python3.8/site-packages/airflow/example_dags/example_setup_teardown.py
[2024-05-28T18:43:51.753+0000] {processor.py:830} INFO - Processing file /home/airflow/.local/lib/python3.8/site-packages/airflow/example_dags/example_setup_teardown.py for tasks to queue
[2024-05-28T18:43:51.755+0000] {logging_mixin.py:188} INFO - [2024-05-28T18:43:51.755+0000] {dagbag.py:545} INFO - Filling up the DagBag from /home/airflow/.local/lib/python3.8/site-packages/airflow/example_dags/example_setup_teardown.py
[2024-05-28T18:43:51.762+0000] {processor.py:840} INFO - DAG(s) 'example_setup_teardown' retrieved from /home/airflow/.local/lib/python3.8/site-packages/airflow/example_dags/example_setup_teardown.py
[2024-05-28T18:43:51.786+0000] {logging_mixin.py:188} INFO - [2024-05-28T18:43:51.785+0000] {dag.py:3096} INFO - Sync 1 DAGs
[2024-05-28T18:43:51.808+0000] {logging_mixin.py:188} INFO - [2024-05-28T18:43:51.807+0000] {dag.py:3954} INFO - Setting next_dagrun for example_setup_teardown to 2024-05-27 00:00:00+00:00, run_after=2024-05-28 00:00:00+00:00
[2024-05-28T18:43:51.831+0000] {processor.py:183} INFO - Processing /home/airflow/.local/lib/python3.8/site-packages/airflow/example_dags/example_setup_teardown.py took 0.086 seconds
[2024-05-28T18:44:22.173+0000] {processor.py:161} INFO - Started process (PID=2224) to work on /home/airflow/.local/lib/python3.8/site-packages/airflow/example_dags/example_setup_teardown.py
[2024-05-28T18:44:22.174+0000] {processor.py:830} INFO - Processing file /home/airflow/.local/lib/python3.8/site-packages/airflow/example_dags/example_setup_teardown.py for tasks to queue
[2024-05-28T18:44:22.176+0000] {logging_mixin.py:188} INFO - [2024-05-28T18:44:22.175+0000] {dagbag.py:545} INFO - Filling up the DagBag from /home/airflow/.local/lib/python3.8/site-packages/airflow/example_dags/example_setup_teardown.py
[2024-05-28T18:44:22.182+0000] {processor.py:840} INFO - DAG(s) 'example_setup_teardown' retrieved from /home/airflow/.local/lib/python3.8/site-packages/airflow/example_dags/example_setup_teardown.py
[2024-05-28T18:44:22.203+0000] {logging_mixin.py:188} INFO - [2024-05-28T18:44:22.202+0000] {dag.py:3096} INFO - Sync 1 DAGs
[2024-05-28T18:44:22.221+0000] {logging_mixin.py:188} INFO - [2024-05-28T18:44:22.221+0000] {dag.py:3954} INFO - Setting next_dagrun for example_setup_teardown to 2024-05-27 00:00:00+00:00, run_after=2024-05-28 00:00:00+00:00
[2024-05-28T18:44:22.244+0000] {processor.py:183} INFO - Processing /home/airflow/.local/lib/python3.8/site-packages/airflow/example_dags/example_setup_teardown.py took 0.077 seconds
[2024-05-28T18:44:52.353+0000] {processor.py:161} INFO - Started process (PID=2302) to work on /home/airflow/.local/lib/python3.8/site-packages/airflow/example_dags/example_setup_teardown.py
[2024-05-28T18:44:52.354+0000] {processor.py:830} INFO - Processing file /home/airflow/.local/lib/python3.8/site-packages/airflow/example_dags/example_setup_teardown.py for tasks to queue
[2024-05-28T18:44:52.356+0000] {logging_mixin.py:188} INFO - [2024-05-28T18:44:52.356+0000] {dagbag.py:545} INFO - Filling up the DagBag from /home/airflow/.local/lib/python3.8/site-packages/airflow/example_dags/example_setup_teardown.py
[2024-05-28T18:44:52.365+0000] {processor.py:840} INFO - DAG(s) 'example_setup_teardown' retrieved from /home/airflow/.local/lib/python3.8/site-packages/airflow/example_dags/example_setup_teardown.py
[2024-05-28T18:44:52.386+0000] {logging_mixin.py:188} INFO - [2024-05-28T18:44:52.386+0000] {dag.py:3096} INFO - Sync 1 DAGs
[2024-05-28T18:44:52.407+0000] {logging_mixin.py:188} INFO - [2024-05-28T18:44:52.407+0000] {dag.py:3954} INFO - Setting next_dagrun for example_setup_teardown to 2024-05-27 00:00:00+00:00, run_after=2024-05-28 00:00:00+00:00
[2024-05-28T18:44:52.434+0000] {processor.py:183} INFO - Processing /home/airflow/.local/lib/python3.8/site-packages/airflow/example_dags/example_setup_teardown.py took 0.086 seconds
[2024-05-28T18:45:22.591+0000] {processor.py:161} INFO - Started process (PID=2370) to work on /home/airflow/.local/lib/python3.8/site-packages/airflow/example_dags/example_setup_teardown.py
[2024-05-28T18:45:22.592+0000] {processor.py:830} INFO - Processing file /home/airflow/.local/lib/python3.8/site-packages/airflow/example_dags/example_setup_teardown.py for tasks to queue
[2024-05-28T18:45:22.594+0000] {logging_mixin.py:188} INFO - [2024-05-28T18:45:22.594+0000] {dagbag.py:545} INFO - Filling up the DagBag from /home/airflow/.local/lib/python3.8/site-packages/airflow/example_dags/example_setup_teardown.py
[2024-05-28T18:45:22.601+0000] {processor.py:840} INFO - DAG(s) 'example_setup_teardown' retrieved from /home/airflow/.local/lib/python3.8/site-packages/airflow/example_dags/example_setup_teardown.py
[2024-05-28T18:45:22.621+0000] {logging_mixin.py:188} INFO - [2024-05-28T18:45:22.621+0000] {dag.py:3096} INFO - Sync 1 DAGs
[2024-05-28T18:45:22.640+0000] {logging_mixin.py:188} INFO - [2024-05-28T18:45:22.640+0000] {dag.py:3954} INFO - Setting next_dagrun for example_setup_teardown to 2024-05-27 00:00:00+00:00, run_after=2024-05-28 00:00:00+00:00
[2024-05-28T18:45:22.662+0000] {processor.py:183} INFO - Processing /home/airflow/.local/lib/python3.8/site-packages/airflow/example_dags/example_setup_teardown.py took 0.077 seconds
[2024-05-28T18:45:52.988+0000] {processor.py:161} INFO - Started process (PID=2440) to work on /home/airflow/.local/lib/python3.8/site-packages/airflow/example_dags/example_setup_teardown.py
[2024-05-28T18:45:52.990+0000] {processor.py:830} INFO - Processing file /home/airflow/.local/lib/python3.8/site-packages/airflow/example_dags/example_setup_teardown.py for tasks to queue
[2024-05-28T18:45:52.991+0000] {logging_mixin.py:188} INFO - [2024-05-28T18:45:52.991+0000] {dagbag.py:545} INFO - Filling up the DagBag from /home/airflow/.local/lib/python3.8/site-packages/airflow/example_dags/example_setup_teardown.py
[2024-05-28T18:45:52.998+0000] {processor.py:840} INFO - DAG(s) 'example_setup_teardown' retrieved from /home/airflow/.local/lib/python3.8/site-packages/airflow/example_dags/example_setup_teardown.py
[2024-05-28T18:45:53.018+0000] {logging_mixin.py:188} INFO - [2024-05-28T18:45:53.017+0000] {dag.py:3096} INFO - Sync 1 DAGs
[2024-05-28T18:45:53.037+0000] {logging_mixin.py:188} INFO - [2024-05-28T18:45:53.037+0000] {dag.py:3954} INFO - Setting next_dagrun for example_setup_teardown to 2024-05-27 00:00:00+00:00, run_after=2024-05-28 00:00:00+00:00
[2024-05-28T18:45:53.058+0000] {processor.py:183} INFO - Processing /home/airflow/.local/lib/python3.8/site-packages/airflow/example_dags/example_setup_teardown.py took 0.075 seconds
[2024-05-28T18:46:23.475+0000] {processor.py:161} INFO - Started process (PID=2518) to work on /home/airflow/.local/lib/python3.8/site-packages/airflow/example_dags/example_setup_teardown.py
[2024-05-28T18:46:23.476+0000] {processor.py:830} INFO - Processing file /home/airflow/.local/lib/python3.8/site-packages/airflow/example_dags/example_setup_teardown.py for tasks to queue
[2024-05-28T18:46:23.478+0000] {logging_mixin.py:188} INFO - [2024-05-28T18:46:23.478+0000] {dagbag.py:545} INFO - Filling up the DagBag from /home/airflow/.local/lib/python3.8/site-packages/airflow/example_dags/example_setup_teardown.py
[2024-05-28T18:46:23.486+0000] {processor.py:840} INFO - DAG(s) 'example_setup_teardown' retrieved from /home/airflow/.local/lib/python3.8/site-packages/airflow/example_dags/example_setup_teardown.py
[2024-05-28T18:46:23.513+0000] {logging_mixin.py:188} INFO - [2024-05-28T18:46:23.513+0000] {dag.py:3096} INFO - Sync 1 DAGs
[2024-05-28T18:46:23.537+0000] {logging_mixin.py:188} INFO - [2024-05-28T18:46:23.537+0000] {dag.py:3954} INFO - Setting next_dagrun for example_setup_teardown to 2024-05-27 00:00:00+00:00, run_after=2024-05-28 00:00:00+00:00
[2024-05-28T18:46:23.561+0000] {processor.py:183} INFO - Processing /home/airflow/.local/lib/python3.8/site-packages/airflow/example_dags/example_setup_teardown.py took 0.094 seconds
[2024-05-28T18:46:53.941+0000] {processor.py:161} INFO - Started process (PID=2588) to work on /home/airflow/.local/lib/python3.8/site-packages/airflow/example_dags/example_setup_teardown.py
[2024-05-28T18:46:53.942+0000] {processor.py:830} INFO - Processing file /home/airflow/.local/lib/python3.8/site-packages/airflow/example_dags/example_setup_teardown.py for tasks to queue
[2024-05-28T18:46:53.944+0000] {logging_mixin.py:188} INFO - [2024-05-28T18:46:53.943+0000] {dagbag.py:545} INFO - Filling up the DagBag from /home/airflow/.local/lib/python3.8/site-packages/airflow/example_dags/example_setup_teardown.py
[2024-05-28T18:46:53.950+0000] {processor.py:840} INFO - DAG(s) 'example_setup_teardown' retrieved from /home/airflow/.local/lib/python3.8/site-packages/airflow/example_dags/example_setup_teardown.py
[2024-05-28T18:46:53.972+0000] {logging_mixin.py:188} INFO - [2024-05-28T18:46:53.971+0000] {dag.py:3096} INFO - Sync 1 DAGs
[2024-05-28T18:46:53.991+0000] {logging_mixin.py:188} INFO - [2024-05-28T18:46:53.991+0000] {dag.py:3954} INFO - Setting next_dagrun for example_setup_teardown to 2024-05-27 00:00:00+00:00, run_after=2024-05-28 00:00:00+00:00
[2024-05-28T18:46:54.012+0000] {processor.py:183} INFO - Processing /home/airflow/.local/lib/python3.8/site-packages/airflow/example_dags/example_setup_teardown.py took 0.078 seconds
[2024-05-28T18:47:24.286+0000] {processor.py:161} INFO - Started process (PID=2666) to work on /home/airflow/.local/lib/python3.8/site-packages/airflow/example_dags/example_setup_teardown.py
[2024-05-28T18:47:24.287+0000] {processor.py:830} INFO - Processing file /home/airflow/.local/lib/python3.8/site-packages/airflow/example_dags/example_setup_teardown.py for tasks to queue
[2024-05-28T18:47:24.289+0000] {logging_mixin.py:188} INFO - [2024-05-28T18:47:24.289+0000] {dagbag.py:545} INFO - Filling up the DagBag from /home/airflow/.local/lib/python3.8/site-packages/airflow/example_dags/example_setup_teardown.py
[2024-05-28T18:47:24.296+0000] {processor.py:840} INFO - DAG(s) 'example_setup_teardown' retrieved from /home/airflow/.local/lib/python3.8/site-packages/airflow/example_dags/example_setup_teardown.py
[2024-05-28T18:47:24.317+0000] {logging_mixin.py:188} INFO - [2024-05-28T18:47:24.317+0000] {dag.py:3096} INFO - Sync 1 DAGs
[2024-05-28T18:47:24.342+0000] {logging_mixin.py:188} INFO - [2024-05-28T18:47:24.341+0000] {dag.py:3954} INFO - Setting next_dagrun for example_setup_teardown to 2024-05-27 00:00:00+00:00, run_after=2024-05-28 00:00:00+00:00
[2024-05-28T18:47:24.365+0000] {processor.py:183} INFO - Processing /home/airflow/.local/lib/python3.8/site-packages/airflow/example_dags/example_setup_teardown.py took 0.085 seconds
[2024-05-28T18:47:54.597+0000] {processor.py:161} INFO - Started process (PID=2736) to work on /home/airflow/.local/lib/python3.8/site-packages/airflow/example_dags/example_setup_teardown.py
[2024-05-28T18:47:54.598+0000] {processor.py:830} INFO - Processing file /home/airflow/.local/lib/python3.8/site-packages/airflow/example_dags/example_setup_teardown.py for tasks to queue
[2024-05-28T18:47:54.600+0000] {logging_mixin.py:188} INFO - [2024-05-28T18:47:54.600+0000] {dagbag.py:545} INFO - Filling up the DagBag from /home/airflow/.local/lib/python3.8/site-packages/airflow/example_dags/example_setup_teardown.py
[2024-05-28T18:47:54.606+0000] {processor.py:840} INFO - DAG(s) 'example_setup_teardown' retrieved from /home/airflow/.local/lib/python3.8/site-packages/airflow/example_dags/example_setup_teardown.py
[2024-05-28T18:47:54.627+0000] {logging_mixin.py:188} INFO - [2024-05-28T18:47:54.627+0000] {dag.py:3096} INFO - Sync 1 DAGs
[2024-05-28T18:47:54.646+0000] {logging_mixin.py:188} INFO - [2024-05-28T18:47:54.646+0000] {dag.py:3954} INFO - Setting next_dagrun for example_setup_teardown to 2024-05-27 00:00:00+00:00, run_after=2024-05-28 00:00:00+00:00
[2024-05-28T18:47:54.668+0000] {processor.py:183} INFO - Processing /home/airflow/.local/lib/python3.8/site-packages/airflow/example_dags/example_setup_teardown.py took 0.077 seconds
[2024-05-28T18:48:24.871+0000] {processor.py:161} INFO - Started process (PID=2806) to work on /home/airflow/.local/lib/python3.8/site-packages/airflow/example_dags/example_setup_teardown.py
[2024-05-28T18:48:24.872+0000] {processor.py:830} INFO - Processing file /home/airflow/.local/lib/python3.8/site-packages/airflow/example_dags/example_setup_teardown.py for tasks to queue
[2024-05-28T18:48:24.874+0000] {logging_mixin.py:188} INFO - [2024-05-28T18:48:24.874+0000] {dagbag.py:545} INFO - Filling up the DagBag from /home/airflow/.local/lib/python3.8/site-packages/airflow/example_dags/example_setup_teardown.py
[2024-05-28T18:48:24.880+0000] {processor.py:840} INFO - DAG(s) 'example_setup_teardown' retrieved from /home/airflow/.local/lib/python3.8/site-packages/airflow/example_dags/example_setup_teardown.py
[2024-05-28T18:48:24.904+0000] {logging_mixin.py:188} INFO - [2024-05-28T18:48:24.904+0000] {dag.py:3096} INFO - Sync 1 DAGs
[2024-05-28T18:48:24.925+0000] {logging_mixin.py:188} INFO - [2024-05-28T18:48:24.925+0000] {dag.py:3954} INFO - Setting next_dagrun for example_setup_teardown to 2024-05-27 00:00:00+00:00, run_after=2024-05-28 00:00:00+00:00
[2024-05-28T18:48:24.949+0000] {processor.py:183} INFO - Processing /home/airflow/.local/lib/python3.8/site-packages/airflow/example_dags/example_setup_teardown.py took 0.085 seconds
[2024-05-28T18:48:55.242+0000] {processor.py:161} INFO - Started process (PID=2884) to work on /home/airflow/.local/lib/python3.8/site-packages/airflow/example_dags/example_setup_teardown.py
[2024-05-28T18:48:55.243+0000] {processor.py:830} INFO - Processing file /home/airflow/.local/lib/python3.8/site-packages/airflow/example_dags/example_setup_teardown.py for tasks to queue
[2024-05-28T18:48:55.244+0000] {logging_mixin.py:188} INFO - [2024-05-28T18:48:55.244+0000] {dagbag.py:545} INFO - Filling up the DagBag from /home/airflow/.local/lib/python3.8/site-packages/airflow/example_dags/example_setup_teardown.py
[2024-05-28T18:48:55.251+0000] {processor.py:840} INFO - DAG(s) 'example_setup_teardown' retrieved from /home/airflow/.local/lib/python3.8/site-packages/airflow/example_dags/example_setup_teardown.py
[2024-05-28T18:48:55.271+0000] {logging_mixin.py:188} INFO - [2024-05-28T18:48:55.271+0000] {dag.py:3096} INFO - Sync 1 DAGs
[2024-05-28T18:48:55.290+0000] {logging_mixin.py:188} INFO - [2024-05-28T18:48:55.290+0000] {dag.py:3954} INFO - Setting next_dagrun for example_setup_teardown to 2024-05-27 00:00:00+00:00, run_after=2024-05-28 00:00:00+00:00
[2024-05-28T18:48:55.313+0000] {processor.py:183} INFO - Processing /home/airflow/.local/lib/python3.8/site-packages/airflow/example_dags/example_setup_teardown.py took 0.078 seconds
[2024-05-28T18:49:25.874+0000] {processor.py:161} INFO - Started process (PID=2954) to work on /home/airflow/.local/lib/python3.8/site-packages/airflow/example_dags/example_setup_teardown.py
[2024-05-28T18:49:25.875+0000] {processor.py:830} INFO - Processing file /home/airflow/.local/lib/python3.8/site-packages/airflow/example_dags/example_setup_teardown.py for tasks to queue
[2024-05-28T18:49:25.877+0000] {logging_mixin.py:188} INFO - [2024-05-28T18:49:25.877+0000] {dagbag.py:545} INFO - Filling up the DagBag from /home/airflow/.local/lib/python3.8/site-packages/airflow/example_dags/example_setup_teardown.py
[2024-05-28T18:49:25.883+0000] {processor.py:840} INFO - DAG(s) 'example_setup_teardown' retrieved from /home/airflow/.local/lib/python3.8/site-packages/airflow/example_dags/example_setup_teardown.py
[2024-05-28T18:49:25.906+0000] {logging_mixin.py:188} INFO - [2024-05-28T18:49:25.906+0000] {dag.py:3096} INFO - Sync 1 DAGs
[2024-05-28T18:49:25.925+0000] {logging_mixin.py:188} INFO - [2024-05-28T18:49:25.925+0000] {dag.py:3954} INFO - Setting next_dagrun for example_setup_teardown to 2024-05-27 00:00:00+00:00, run_after=2024-05-28 00:00:00+00:00
[2024-05-28T18:49:25.947+0000] {processor.py:183} INFO - Processing /home/airflow/.local/lib/python3.8/site-packages/airflow/example_dags/example_setup_teardown.py took 0.079 seconds
[2024-05-28T18:49:56.307+0000] {processor.py:161} INFO - Started process (PID=3032) to work on /home/airflow/.local/lib/python3.8/site-packages/airflow/example_dags/example_setup_teardown.py
[2024-05-28T18:49:56.309+0000] {processor.py:830} INFO - Processing file /home/airflow/.local/lib/python3.8/site-packages/airflow/example_dags/example_setup_teardown.py for tasks to queue
[2024-05-28T18:49:56.310+0000] {logging_mixin.py:188} INFO - [2024-05-28T18:49:56.310+0000] {dagbag.py:545} INFO - Filling up the DagBag from /home/airflow/.local/lib/python3.8/site-packages/airflow/example_dags/example_setup_teardown.py
[2024-05-28T18:49:56.316+0000] {processor.py:840} INFO - DAG(s) 'example_setup_teardown' retrieved from /home/airflow/.local/lib/python3.8/site-packages/airflow/example_dags/example_setup_teardown.py
[2024-05-28T18:49:56.339+0000] {logging_mixin.py:188} INFO - [2024-05-28T18:49:56.339+0000] {dag.py:3096} INFO - Sync 1 DAGs
[2024-05-28T18:49:56.358+0000] {logging_mixin.py:188} INFO - [2024-05-28T18:49:56.357+0000] {dag.py:3954} INFO - Setting next_dagrun for example_setup_teardown to 2024-05-27 00:00:00+00:00, run_after=2024-05-28 00:00:00+00:00
[2024-05-28T18:49:56.379+0000] {processor.py:183} INFO - Processing /home/airflow/.local/lib/python3.8/site-packages/airflow/example_dags/example_setup_teardown.py took 0.078 seconds
[2024-05-28T18:50:26.727+0000] {processor.py:161} INFO - Started process (PID=3102) to work on /home/airflow/.local/lib/python3.8/site-packages/airflow/example_dags/example_setup_teardown.py
[2024-05-28T18:50:26.728+0000] {processor.py:830} INFO - Processing file /home/airflow/.local/lib/python3.8/site-packages/airflow/example_dags/example_setup_teardown.py for tasks to queue
[2024-05-28T18:50:26.730+0000] {logging_mixin.py:188} INFO - [2024-05-28T18:50:26.730+0000] {dagbag.py:545} INFO - Filling up the DagBag from /home/airflow/.local/lib/python3.8/site-packages/airflow/example_dags/example_setup_teardown.py
[2024-05-28T18:50:26.736+0000] {processor.py:840} INFO - DAG(s) 'example_setup_teardown' retrieved from /home/airflow/.local/lib/python3.8/site-packages/airflow/example_dags/example_setup_teardown.py
[2024-05-28T18:50:26.757+0000] {logging_mixin.py:188} INFO - [2024-05-28T18:50:26.757+0000] {dag.py:3096} INFO - Sync 1 DAGs
[2024-05-28T18:50:26.777+0000] {logging_mixin.py:188} INFO - [2024-05-28T18:50:26.777+0000] {dag.py:3954} INFO - Setting next_dagrun for example_setup_teardown to 2024-05-27 00:00:00+00:00, run_after=2024-05-28 00:00:00+00:00
[2024-05-28T18:50:26.799+0000] {processor.py:183} INFO - Processing /home/airflow/.local/lib/python3.8/site-packages/airflow/example_dags/example_setup_teardown.py took 0.077 seconds
[2024-05-28T18:50:56.928+0000] {processor.py:161} INFO - Started process (PID=3181) to work on /home/airflow/.local/lib/python3.8/site-packages/airflow/example_dags/example_setup_teardown.py
[2024-05-28T18:50:56.929+0000] {processor.py:830} INFO - Processing file /home/airflow/.local/lib/python3.8/site-packages/airflow/example_dags/example_setup_teardown.py for tasks to queue
[2024-05-28T18:50:56.931+0000] {logging_mixin.py:188} INFO - [2024-05-28T18:50:56.931+0000] {dagbag.py:545} INFO - Filling up the DagBag from /home/airflow/.local/lib/python3.8/site-packages/airflow/example_dags/example_setup_teardown.py
[2024-05-28T18:50:56.938+0000] {processor.py:840} INFO - DAG(s) 'example_setup_teardown' retrieved from /home/airflow/.local/lib/python3.8/site-packages/airflow/example_dags/example_setup_teardown.py
[2024-05-28T18:50:56.963+0000] {logging_mixin.py:188} INFO - [2024-05-28T18:50:56.963+0000] {dag.py:3096} INFO - Sync 1 DAGs
[2024-05-28T18:50:56.988+0000] {logging_mixin.py:188} INFO - [2024-05-28T18:50:56.987+0000] {dag.py:3954} INFO - Setting next_dagrun for example_setup_teardown to 2024-05-27 00:00:00+00:00, run_after=2024-05-28 00:00:00+00:00
[2024-05-28T18:50:57.008+0000] {processor.py:183} INFO - Processing /home/airflow/.local/lib/python3.8/site-packages/airflow/example_dags/example_setup_teardown.py took 0.086 seconds
