[2024-05-28T18:29:11.925+0000] {processor.py:161} INFO - Started process (PID=52) to work on /home/airflow/.local/lib/python3.8/site-packages/airflow/example_dags/tutorial_taskflow_api.py
[2024-05-28T18:29:11.928+0000] {processor.py:830} INFO - Processing file /home/airflow/.local/lib/python3.8/site-packages/airflow/example_dags/tutorial_taskflow_api.py for tasks to queue
[2024-05-28T18:29:11.932+0000] {logging_mixin.py:188} INFO - [2024-05-28T18:29:11.932+0000] {dagbag.py:545} INFO - Filling up the DagBag from /home/airflow/.local/lib/python3.8/site-packages/airflow/example_dags/tutorial_taskflow_api.py
[2024-05-28T18:29:11.950+0000] {processor.py:840} INFO - DAG(s) 'tutorial_taskflow_api' retrieved from /home/airflow/.local/lib/python3.8/site-packages/airflow/example_dags/tutorial_taskflow_api.py
[2024-05-28T18:29:11.977+0000] {logging_mixin.py:188} INFO - [2024-05-28T18:29:11.976+0000] {dag.py:3096} INFO - Sync 1 DAGs
[2024-05-28T18:29:12.027+0000] {logging_mixin.py:188} INFO - [2024-05-28T18:29:12.027+0000] {dag.py:3954} INFO - Setting next_dagrun for tutorial_taskflow_api to None, run_after=None
[2024-05-28T18:29:12.115+0000] {processor.py:183} INFO - Processing /home/airflow/.local/lib/python3.8/site-packages/airflow/example_dags/tutorial_taskflow_api.py took 0.334 seconds
[2024-05-28T18:29:42.275+0000] {processor.py:161} INFO - Started process (PID=122) to work on /home/airflow/.local/lib/python3.8/site-packages/airflow/example_dags/tutorial_taskflow_api.py
[2024-05-28T18:29:42.276+0000] {processor.py:830} INFO - Processing file /home/airflow/.local/lib/python3.8/site-packages/airflow/example_dags/tutorial_taskflow_api.py for tasks to queue
[2024-05-28T18:29:42.278+0000] {logging_mixin.py:188} INFO - [2024-05-28T18:29:42.278+0000] {dagbag.py:545} INFO - Filling up the DagBag from /home/airflow/.local/lib/python3.8/site-packages/airflow/example_dags/tutorial_taskflow_api.py
[2024-05-28T18:29:42.284+0000] {processor.py:840} INFO - DAG(s) 'tutorial_taskflow_api' retrieved from /home/airflow/.local/lib/python3.8/site-packages/airflow/example_dags/tutorial_taskflow_api.py
[2024-05-28T18:29:42.377+0000] {logging_mixin.py:188} INFO - [2024-05-28T18:29:42.376+0000] {dag.py:3096} INFO - Sync 1 DAGs
[2024-05-28T18:29:42.386+0000] {logging_mixin.py:188} INFO - [2024-05-28T18:29:42.386+0000] {dag.py:3954} INFO - Setting next_dagrun for tutorial_taskflow_api to None, run_after=None
[2024-05-28T18:29:42.406+0000] {processor.py:183} INFO - Processing /home/airflow/.local/lib/python3.8/site-packages/airflow/example_dags/tutorial_taskflow_api.py took 0.137 seconds
[2024-05-28T18:30:12.673+0000] {processor.py:161} INFO - Started process (PID=192) to work on /home/airflow/.local/lib/python3.8/site-packages/airflow/example_dags/tutorial_taskflow_api.py
[2024-05-28T18:30:12.675+0000] {processor.py:830} INFO - Processing file /home/airflow/.local/lib/python3.8/site-packages/airflow/example_dags/tutorial_taskflow_api.py for tasks to queue
[2024-05-28T18:30:12.676+0000] {logging_mixin.py:188} INFO - [2024-05-28T18:30:12.676+0000] {dagbag.py:545} INFO - Filling up the DagBag from /home/airflow/.local/lib/python3.8/site-packages/airflow/example_dags/tutorial_taskflow_api.py
[2024-05-28T18:30:12.682+0000] {processor.py:840} INFO - DAG(s) 'tutorial_taskflow_api' retrieved from /home/airflow/.local/lib/python3.8/site-packages/airflow/example_dags/tutorial_taskflow_api.py
[2024-05-28T18:30:12.705+0000] {logging_mixin.py:188} INFO - [2024-05-28T18:30:12.705+0000] {dag.py:3096} INFO - Sync 1 DAGs
[2024-05-28T18:30:12.721+0000] {logging_mixin.py:188} INFO - [2024-05-28T18:30:12.721+0000] {dag.py:3954} INFO - Setting next_dagrun for tutorial_taskflow_api to None, run_after=None
[2024-05-28T18:30:12.744+0000] {processor.py:183} INFO - Processing /home/airflow/.local/lib/python3.8/site-packages/airflow/example_dags/tutorial_taskflow_api.py took 0.076 seconds
[2024-05-28T18:30:43.132+0000] {processor.py:161} INFO - Started process (PID=270) to work on /home/airflow/.local/lib/python3.8/site-packages/airflow/example_dags/tutorial_taskflow_api.py
[2024-05-28T18:30:43.133+0000] {processor.py:830} INFO - Processing file /home/airflow/.local/lib/python3.8/site-packages/airflow/example_dags/tutorial_taskflow_api.py for tasks to queue
[2024-05-28T18:30:43.135+0000] {logging_mixin.py:188} INFO - [2024-05-28T18:30:43.134+0000] {dagbag.py:545} INFO - Filling up the DagBag from /home/airflow/.local/lib/python3.8/site-packages/airflow/example_dags/tutorial_taskflow_api.py
[2024-05-28T18:30:43.143+0000] {processor.py:840} INFO - DAG(s) 'tutorial_taskflow_api' retrieved from /home/airflow/.local/lib/python3.8/site-packages/airflow/example_dags/tutorial_taskflow_api.py
[2024-05-28T18:30:43.167+0000] {logging_mixin.py:188} INFO - [2024-05-28T18:30:43.166+0000] {dag.py:3096} INFO - Sync 1 DAGs
[2024-05-28T18:30:43.182+0000] {logging_mixin.py:188} INFO - [2024-05-28T18:30:43.182+0000] {dag.py:3954} INFO - Setting next_dagrun for tutorial_taskflow_api to None, run_after=None
[2024-05-28T18:30:43.204+0000] {processor.py:183} INFO - Processing /home/airflow/.local/lib/python3.8/site-packages/airflow/example_dags/tutorial_taskflow_api.py took 0.078 seconds
[2024-05-28T18:31:13.630+0000] {processor.py:161} INFO - Started process (PID=340) to work on /home/airflow/.local/lib/python3.8/site-packages/airflow/example_dags/tutorial_taskflow_api.py
[2024-05-28T18:31:13.632+0000] {processor.py:830} INFO - Processing file /home/airflow/.local/lib/python3.8/site-packages/airflow/example_dags/tutorial_taskflow_api.py for tasks to queue
[2024-05-28T18:31:13.633+0000] {logging_mixin.py:188} INFO - [2024-05-28T18:31:13.633+0000] {dagbag.py:545} INFO - Filling up the DagBag from /home/airflow/.local/lib/python3.8/site-packages/airflow/example_dags/tutorial_taskflow_api.py
[2024-05-28T18:31:13.640+0000] {processor.py:840} INFO - DAG(s) 'tutorial_taskflow_api' retrieved from /home/airflow/.local/lib/python3.8/site-packages/airflow/example_dags/tutorial_taskflow_api.py
[2024-05-28T18:31:13.664+0000] {logging_mixin.py:188} INFO - [2024-05-28T18:31:13.664+0000] {dag.py:3096} INFO - Sync 1 DAGs
[2024-05-28T18:31:13.676+0000] {logging_mixin.py:188} INFO - [2024-05-28T18:31:13.676+0000] {dag.py:3954} INFO - Setting next_dagrun for tutorial_taskflow_api to None, run_after=None
[2024-05-28T18:31:13.697+0000] {processor.py:183} INFO - Processing /home/airflow/.local/lib/python3.8/site-packages/airflow/example_dags/tutorial_taskflow_api.py took 0.073 seconds
[2024-05-28T18:31:43.983+0000] {processor.py:161} INFO - Started process (PID=408) to work on /home/airflow/.local/lib/python3.8/site-packages/airflow/example_dags/tutorial_taskflow_api.py
[2024-05-28T18:31:43.984+0000] {processor.py:830} INFO - Processing file /home/airflow/.local/lib/python3.8/site-packages/airflow/example_dags/tutorial_taskflow_api.py for tasks to queue
[2024-05-28T18:31:43.986+0000] {logging_mixin.py:188} INFO - [2024-05-28T18:31:43.986+0000] {dagbag.py:545} INFO - Filling up the DagBag from /home/airflow/.local/lib/python3.8/site-packages/airflow/example_dags/tutorial_taskflow_api.py
[2024-05-28T18:31:43.993+0000] {processor.py:840} INFO - DAG(s) 'tutorial_taskflow_api' retrieved from /home/airflow/.local/lib/python3.8/site-packages/airflow/example_dags/tutorial_taskflow_api.py
[2024-05-28T18:31:44.015+0000] {logging_mixin.py:188} INFO - [2024-05-28T18:31:44.015+0000] {dag.py:3096} INFO - Sync 1 DAGs
[2024-05-28T18:31:44.027+0000] {logging_mixin.py:188} INFO - [2024-05-28T18:31:44.027+0000] {dag.py:3954} INFO - Setting next_dagrun for tutorial_taskflow_api to None, run_after=None
[2024-05-28T18:31:44.046+0000] {processor.py:183} INFO - Processing /home/airflow/.local/lib/python3.8/site-packages/airflow/example_dags/tutorial_taskflow_api.py took 0.070 seconds
[2024-05-28T18:32:14.676+0000] {processor.py:161} INFO - Started process (PID=485) to work on /home/airflow/.local/lib/python3.8/site-packages/airflow/example_dags/tutorial_taskflow_api.py
[2024-05-28T18:32:14.677+0000] {processor.py:830} INFO - Processing file /home/airflow/.local/lib/python3.8/site-packages/airflow/example_dags/tutorial_taskflow_api.py for tasks to queue
[2024-05-28T18:32:14.682+0000] {logging_mixin.py:188} INFO - [2024-05-28T18:32:14.682+0000] {dagbag.py:545} INFO - Filling up the DagBag from /home/airflow/.local/lib/python3.8/site-packages/airflow/example_dags/tutorial_taskflow_api.py
[2024-05-28T18:32:14.706+0000] {processor.py:840} INFO - DAG(s) 'tutorial_taskflow_api' retrieved from /home/airflow/.local/lib/python3.8/site-packages/airflow/example_dags/tutorial_taskflow_api.py
[2024-05-28T18:32:14.777+0000] {logging_mixin.py:188} INFO - [2024-05-28T18:32:14.777+0000] {dag.py:3096} INFO - Sync 1 DAGs
[2024-05-28T18:32:14.846+0000] {logging_mixin.py:188} INFO - [2024-05-28T18:32:14.846+0000] {dag.py:3954} INFO - Setting next_dagrun for tutorial_taskflow_api to None, run_after=None
[2024-05-28T18:32:14.927+0000] {processor.py:183} INFO - Processing /home/airflow/.local/lib/python3.8/site-packages/airflow/example_dags/tutorial_taskflow_api.py took 0.273 seconds
[2024-05-28T18:32:45.660+0000] {processor.py:161} INFO - Started process (PID=557) to work on /home/airflow/.local/lib/python3.8/site-packages/airflow/example_dags/tutorial_taskflow_api.py
[2024-05-28T18:32:45.661+0000] {processor.py:830} INFO - Processing file /home/airflow/.local/lib/python3.8/site-packages/airflow/example_dags/tutorial_taskflow_api.py for tasks to queue
[2024-05-28T18:32:45.663+0000] {logging_mixin.py:188} INFO - [2024-05-28T18:32:45.663+0000] {dagbag.py:545} INFO - Filling up the DagBag from /home/airflow/.local/lib/python3.8/site-packages/airflow/example_dags/tutorial_taskflow_api.py
[2024-05-28T18:32:45.670+0000] {processor.py:840} INFO - DAG(s) 'tutorial_taskflow_api' retrieved from /home/airflow/.local/lib/python3.8/site-packages/airflow/example_dags/tutorial_taskflow_api.py
[2024-05-28T18:32:45.692+0000] {logging_mixin.py:188} INFO - [2024-05-28T18:32:45.692+0000] {dag.py:3096} INFO - Sync 1 DAGs
[2024-05-28T18:32:45.703+0000] {logging_mixin.py:188} INFO - [2024-05-28T18:32:45.703+0000] {dag.py:3954} INFO - Setting next_dagrun for tutorial_taskflow_api to None, run_after=None
[2024-05-28T18:32:45.726+0000] {processor.py:183} INFO - Processing /home/airflow/.local/lib/python3.8/site-packages/airflow/example_dags/tutorial_taskflow_api.py took 0.075 seconds
[2024-05-28T18:33:15.978+0000] {processor.py:161} INFO - Started process (PID=625) to work on /home/airflow/.local/lib/python3.8/site-packages/airflow/example_dags/tutorial_taskflow_api.py
[2024-05-28T18:33:15.980+0000] {processor.py:830} INFO - Processing file /home/airflow/.local/lib/python3.8/site-packages/airflow/example_dags/tutorial_taskflow_api.py for tasks to queue
[2024-05-28T18:33:15.982+0000] {logging_mixin.py:188} INFO - [2024-05-28T18:33:15.981+0000] {dagbag.py:545} INFO - Filling up the DagBag from /home/airflow/.local/lib/python3.8/site-packages/airflow/example_dags/tutorial_taskflow_api.py
[2024-05-28T18:33:15.988+0000] {processor.py:840} INFO - DAG(s) 'tutorial_taskflow_api' retrieved from /home/airflow/.local/lib/python3.8/site-packages/airflow/example_dags/tutorial_taskflow_api.py
[2024-05-28T18:33:16.008+0000] {logging_mixin.py:188} INFO - [2024-05-28T18:33:16.008+0000] {dag.py:3096} INFO - Sync 1 DAGs
[2024-05-28T18:33:16.020+0000] {logging_mixin.py:188} INFO - [2024-05-28T18:33:16.019+0000] {dag.py:3954} INFO - Setting next_dagrun for tutorial_taskflow_api to None, run_after=None
[2024-05-28T18:33:16.044+0000] {processor.py:183} INFO - Processing /home/airflow/.local/lib/python3.8/site-packages/airflow/example_dags/tutorial_taskflow_api.py took 0.072 seconds
[2024-05-28T18:33:46.631+0000] {processor.py:161} INFO - Started process (PID=703) to work on /home/airflow/.local/lib/python3.8/site-packages/airflow/example_dags/tutorial_taskflow_api.py
[2024-05-28T18:33:46.632+0000] {processor.py:830} INFO - Processing file /home/airflow/.local/lib/python3.8/site-packages/airflow/example_dags/tutorial_taskflow_api.py for tasks to queue
[2024-05-28T18:33:46.634+0000] {logging_mixin.py:188} INFO - [2024-05-28T18:33:46.634+0000] {dagbag.py:545} INFO - Filling up the DagBag from /home/airflow/.local/lib/python3.8/site-packages/airflow/example_dags/tutorial_taskflow_api.py
[2024-05-28T18:33:46.641+0000] {processor.py:840} INFO - DAG(s) 'tutorial_taskflow_api' retrieved from /home/airflow/.local/lib/python3.8/site-packages/airflow/example_dags/tutorial_taskflow_api.py
[2024-05-28T18:33:46.666+0000] {logging_mixin.py:188} INFO - [2024-05-28T18:33:46.665+0000] {dag.py:3096} INFO - Sync 1 DAGs
[2024-05-28T18:33:46.682+0000] {logging_mixin.py:188} INFO - [2024-05-28T18:33:46.682+0000] {dag.py:3954} INFO - Setting next_dagrun for tutorial_taskflow_api to None, run_after=None
[2024-05-28T18:33:46.703+0000] {processor.py:183} INFO - Processing /home/airflow/.local/lib/python3.8/site-packages/airflow/example_dags/tutorial_taskflow_api.py took 0.078 seconds
[2024-05-28T18:34:16.925+0000] {processor.py:161} INFO - Started process (PID=774) to work on /home/airflow/.local/lib/python3.8/site-packages/airflow/example_dags/tutorial_taskflow_api.py
[2024-05-28T18:34:16.926+0000] {processor.py:830} INFO - Processing file /home/airflow/.local/lib/python3.8/site-packages/airflow/example_dags/tutorial_taskflow_api.py for tasks to queue
[2024-05-28T18:34:16.929+0000] {logging_mixin.py:188} INFO - [2024-05-28T18:34:16.929+0000] {dagbag.py:545} INFO - Filling up the DagBag from /home/airflow/.local/lib/python3.8/site-packages/airflow/example_dags/tutorial_taskflow_api.py
[2024-05-28T18:34:16.936+0000] {processor.py:840} INFO - DAG(s) 'tutorial_taskflow_api' retrieved from /home/airflow/.local/lib/python3.8/site-packages/airflow/example_dags/tutorial_taskflow_api.py
[2024-05-28T18:34:16.959+0000] {logging_mixin.py:188} INFO - [2024-05-28T18:34:16.959+0000] {dag.py:3096} INFO - Sync 1 DAGs
[2024-05-28T18:34:16.973+0000] {logging_mixin.py:188} INFO - [2024-05-28T18:34:16.973+0000] {dag.py:3954} INFO - Setting next_dagrun for tutorial_taskflow_api to None, run_after=None
[2024-05-28T18:34:16.998+0000] {processor.py:183} INFO - Processing /home/airflow/.local/lib/python3.8/site-packages/airflow/example_dags/tutorial_taskflow_api.py took 0.079 seconds
[2024-05-28T18:34:47.054+0000] {processor.py:161} INFO - Started process (PID=844) to work on /home/airflow/.local/lib/python3.8/site-packages/airflow/example_dags/tutorial_taskflow_api.py
[2024-05-28T18:34:47.055+0000] {processor.py:830} INFO - Processing file /home/airflow/.local/lib/python3.8/site-packages/airflow/example_dags/tutorial_taskflow_api.py for tasks to queue
[2024-05-28T18:34:47.058+0000] {logging_mixin.py:188} INFO - [2024-05-28T18:34:47.057+0000] {dagbag.py:545} INFO - Filling up the DagBag from /home/airflow/.local/lib/python3.8/site-packages/airflow/example_dags/tutorial_taskflow_api.py
[2024-05-28T18:34:47.065+0000] {processor.py:840} INFO - DAG(s) 'tutorial_taskflow_api' retrieved from /home/airflow/.local/lib/python3.8/site-packages/airflow/example_dags/tutorial_taskflow_api.py
[2024-05-28T18:34:47.087+0000] {logging_mixin.py:188} INFO - [2024-05-28T18:34:47.087+0000] {dag.py:3096} INFO - Sync 1 DAGs
[2024-05-28T18:34:47.099+0000] {logging_mixin.py:188} INFO - [2024-05-28T18:34:47.099+0000] {dag.py:3954} INFO - Setting next_dagrun for tutorial_taskflow_api to None, run_after=None
[2024-05-28T18:34:47.118+0000] {processor.py:183} INFO - Processing /home/airflow/.local/lib/python3.8/site-packages/airflow/example_dags/tutorial_taskflow_api.py took 0.073 seconds
[2024-05-28T18:35:18.076+0000] {processor.py:161} INFO - Started process (PID=922) to work on /home/airflow/.local/lib/python3.8/site-packages/airflow/example_dags/tutorial_taskflow_api.py
[2024-05-28T18:35:18.078+0000] {processor.py:830} INFO - Processing file /home/airflow/.local/lib/python3.8/site-packages/airflow/example_dags/tutorial_taskflow_api.py for tasks to queue
[2024-05-28T18:35:18.081+0000] {logging_mixin.py:188} INFO - [2024-05-28T18:35:18.081+0000] {dagbag.py:545} INFO - Filling up the DagBag from /home/airflow/.local/lib/python3.8/site-packages/airflow/example_dags/tutorial_taskflow_api.py
[2024-05-28T18:35:18.090+0000] {processor.py:840} INFO - DAG(s) 'tutorial_taskflow_api' retrieved from /home/airflow/.local/lib/python3.8/site-packages/airflow/example_dags/tutorial_taskflow_api.py
[2024-05-28T18:35:18.122+0000] {logging_mixin.py:188} INFO - [2024-05-28T18:35:18.121+0000] {dag.py:3096} INFO - Sync 1 DAGs
[2024-05-28T18:35:18.156+0000] {logging_mixin.py:188} INFO - [2024-05-28T18:35:18.156+0000] {dag.py:3954} INFO - Setting next_dagrun for tutorial_taskflow_api to None, run_after=None
[2024-05-28T18:35:18.223+0000] {processor.py:183} INFO - Processing /home/airflow/.local/lib/python3.8/site-packages/airflow/example_dags/tutorial_taskflow_api.py took 0.158 seconds
[2024-05-28T18:35:48.629+0000] {processor.py:161} INFO - Started process (PID=992) to work on /home/airflow/.local/lib/python3.8/site-packages/airflow/example_dags/tutorial_taskflow_api.py
[2024-05-28T18:35:48.630+0000] {processor.py:830} INFO - Processing file /home/airflow/.local/lib/python3.8/site-packages/airflow/example_dags/tutorial_taskflow_api.py for tasks to queue
[2024-05-28T18:35:48.632+0000] {logging_mixin.py:188} INFO - [2024-05-28T18:35:48.632+0000] {dagbag.py:545} INFO - Filling up the DagBag from /home/airflow/.local/lib/python3.8/site-packages/airflow/example_dags/tutorial_taskflow_api.py
[2024-05-28T18:35:48.642+0000] {processor.py:840} INFO - DAG(s) 'tutorial_taskflow_api' retrieved from /home/airflow/.local/lib/python3.8/site-packages/airflow/example_dags/tutorial_taskflow_api.py
[2024-05-28T18:35:48.667+0000] {logging_mixin.py:188} INFO - [2024-05-28T18:35:48.666+0000] {dag.py:3096} INFO - Sync 1 DAGs
[2024-05-28T18:35:48.686+0000] {logging_mixin.py:188} INFO - [2024-05-28T18:35:48.686+0000] {dag.py:3954} INFO - Setting next_dagrun for tutorial_taskflow_api to None, run_after=None
[2024-05-28T18:35:48.713+0000] {processor.py:183} INFO - Processing /home/airflow/.local/lib/python3.8/site-packages/airflow/example_dags/tutorial_taskflow_api.py took 0.093 seconds
[2024-05-28T18:36:19.480+0000] {processor.py:161} INFO - Started process (PID=1062) to work on /home/airflow/.local/lib/python3.8/site-packages/airflow/example_dags/tutorial_taskflow_api.py
[2024-05-28T18:36:19.481+0000] {processor.py:830} INFO - Processing file /home/airflow/.local/lib/python3.8/site-packages/airflow/example_dags/tutorial_taskflow_api.py for tasks to queue
[2024-05-28T18:36:19.483+0000] {logging_mixin.py:188} INFO - [2024-05-28T18:36:19.483+0000] {dagbag.py:545} INFO - Filling up the DagBag from /home/airflow/.local/lib/python3.8/site-packages/airflow/example_dags/tutorial_taskflow_api.py
[2024-05-28T18:36:19.491+0000] {processor.py:840} INFO - DAG(s) 'tutorial_taskflow_api' retrieved from /home/airflow/.local/lib/python3.8/site-packages/airflow/example_dags/tutorial_taskflow_api.py
[2024-05-28T18:36:19.513+0000] {logging_mixin.py:188} INFO - [2024-05-28T18:36:19.513+0000] {dag.py:3096} INFO - Sync 1 DAGs
[2024-05-28T18:36:19.527+0000] {logging_mixin.py:188} INFO - [2024-05-28T18:36:19.527+0000] {dag.py:3954} INFO - Setting next_dagrun for tutorial_taskflow_api to None, run_after=None
[2024-05-28T18:36:19.546+0000] {processor.py:183} INFO - Processing /home/airflow/.local/lib/python3.8/site-packages/airflow/example_dags/tutorial_taskflow_api.py took 0.074 seconds
[2024-05-28T18:36:49.855+0000] {processor.py:161} INFO - Started process (PID=1140) to work on /home/airflow/.local/lib/python3.8/site-packages/airflow/example_dags/tutorial_taskflow_api.py
[2024-05-28T18:36:49.857+0000] {processor.py:830} INFO - Processing file /home/airflow/.local/lib/python3.8/site-packages/airflow/example_dags/tutorial_taskflow_api.py for tasks to queue
[2024-05-28T18:36:49.858+0000] {logging_mixin.py:188} INFO - [2024-05-28T18:36:49.858+0000] {dagbag.py:545} INFO - Filling up the DagBag from /home/airflow/.local/lib/python3.8/site-packages/airflow/example_dags/tutorial_taskflow_api.py
[2024-05-28T18:36:49.864+0000] {processor.py:840} INFO - DAG(s) 'tutorial_taskflow_api' retrieved from /home/airflow/.local/lib/python3.8/site-packages/airflow/example_dags/tutorial_taskflow_api.py
[2024-05-28T18:36:49.887+0000] {logging_mixin.py:188} INFO - [2024-05-28T18:36:49.886+0000] {dag.py:3096} INFO - Sync 1 DAGs
[2024-05-28T18:36:49.900+0000] {logging_mixin.py:188} INFO - [2024-05-28T18:36:49.900+0000] {dag.py:3954} INFO - Setting next_dagrun for tutorial_taskflow_api to None, run_after=None
[2024-05-28T18:36:49.922+0000] {processor.py:183} INFO - Processing /home/airflow/.local/lib/python3.8/site-packages/airflow/example_dags/tutorial_taskflow_api.py took 0.072 seconds
[2024-05-28T18:37:20.155+0000] {processor.py:161} INFO - Started process (PID=1210) to work on /home/airflow/.local/lib/python3.8/site-packages/airflow/example_dags/tutorial_taskflow_api.py
[2024-05-28T18:37:20.157+0000] {processor.py:830} INFO - Processing file /home/airflow/.local/lib/python3.8/site-packages/airflow/example_dags/tutorial_taskflow_api.py for tasks to queue
[2024-05-28T18:37:20.168+0000] {logging_mixin.py:188} INFO - [2024-05-28T18:37:20.159+0000] {dagbag.py:545} INFO - Filling up the DagBag from /home/airflow/.local/lib/python3.8/site-packages/airflow/example_dags/tutorial_taskflow_api.py
[2024-05-28T18:37:20.180+0000] {processor.py:840} INFO - DAG(s) 'tutorial_taskflow_api' retrieved from /home/airflow/.local/lib/python3.8/site-packages/airflow/example_dags/tutorial_taskflow_api.py
[2024-05-28T18:37:20.222+0000] {logging_mixin.py:188} INFO - [2024-05-28T18:37:20.221+0000] {dag.py:3096} INFO - Sync 1 DAGs
[2024-05-28T18:37:20.242+0000] {logging_mixin.py:188} INFO - [2024-05-28T18:37:20.242+0000] {dag.py:3954} INFO - Setting next_dagrun for tutorial_taskflow_api to None, run_after=None
[2024-05-28T18:37:20.289+0000] {processor.py:183} INFO - Processing /home/airflow/.local/lib/python3.8/site-packages/airflow/example_dags/tutorial_taskflow_api.py took 0.153 seconds
[2024-05-28T18:37:50.416+0000] {processor.py:161} INFO - Started process (PID=1289) to work on /home/airflow/.local/lib/python3.8/site-packages/airflow/example_dags/tutorial_taskflow_api.py
[2024-05-28T18:37:50.420+0000] {processor.py:830} INFO - Processing file /home/airflow/.local/lib/python3.8/site-packages/airflow/example_dags/tutorial_taskflow_api.py for tasks to queue
[2024-05-28T18:37:50.424+0000] {logging_mixin.py:188} INFO - [2024-05-28T18:37:50.423+0000] {dagbag.py:545} INFO - Filling up the DagBag from /home/airflow/.local/lib/python3.8/site-packages/airflow/example_dags/tutorial_taskflow_api.py
[2024-05-28T18:37:50.432+0000] {processor.py:840} INFO - DAG(s) 'tutorial_taskflow_api' retrieved from /home/airflow/.local/lib/python3.8/site-packages/airflow/example_dags/tutorial_taskflow_api.py
[2024-05-28T18:37:50.459+0000] {logging_mixin.py:188} INFO - [2024-05-28T18:37:50.458+0000] {dag.py:3096} INFO - Sync 1 DAGs
[2024-05-28T18:37:50.476+0000] {logging_mixin.py:188} INFO - [2024-05-28T18:37:50.476+0000] {dag.py:3954} INFO - Setting next_dagrun for tutorial_taskflow_api to None, run_after=None
[2024-05-28T18:37:50.499+0000] {processor.py:183} INFO - Processing /home/airflow/.local/lib/python3.8/site-packages/airflow/example_dags/tutorial_taskflow_api.py took 0.092 seconds
[2024-05-28T18:38:20.714+0000] {processor.py:161} INFO - Started process (PID=1359) to work on /home/airflow/.local/lib/python3.8/site-packages/airflow/example_dags/tutorial_taskflow_api.py
[2024-05-28T18:38:20.715+0000] {processor.py:830} INFO - Processing file /home/airflow/.local/lib/python3.8/site-packages/airflow/example_dags/tutorial_taskflow_api.py for tasks to queue
[2024-05-28T18:38:20.717+0000] {logging_mixin.py:188} INFO - [2024-05-28T18:38:20.717+0000] {dagbag.py:545} INFO - Filling up the DagBag from /home/airflow/.local/lib/python3.8/site-packages/airflow/example_dags/tutorial_taskflow_api.py
[2024-05-28T18:38:20.723+0000] {processor.py:840} INFO - DAG(s) 'tutorial_taskflow_api' retrieved from /home/airflow/.local/lib/python3.8/site-packages/airflow/example_dags/tutorial_taskflow_api.py
[2024-05-28T18:38:20.743+0000] {logging_mixin.py:188} INFO - [2024-05-28T18:38:20.743+0000] {dag.py:3096} INFO - Sync 1 DAGs
[2024-05-28T18:38:20.755+0000] {logging_mixin.py:188} INFO - [2024-05-28T18:38:20.755+0000] {dag.py:3954} INFO - Setting next_dagrun for tutorial_taskflow_api to None, run_after=None
[2024-05-28T18:38:20.775+0000] {processor.py:183} INFO - Processing /home/airflow/.local/lib/python3.8/site-packages/airflow/example_dags/tutorial_taskflow_api.py took 0.067 seconds
[2024-05-28T18:38:51.313+0000] {processor.py:161} INFO - Started process (PID=1429) to work on /home/airflow/.local/lib/python3.8/site-packages/airflow/example_dags/tutorial_taskflow_api.py
[2024-05-28T18:38:51.315+0000] {processor.py:830} INFO - Processing file /home/airflow/.local/lib/python3.8/site-packages/airflow/example_dags/tutorial_taskflow_api.py for tasks to queue
[2024-05-28T18:38:51.317+0000] {logging_mixin.py:188} INFO - [2024-05-28T18:38:51.317+0000] {dagbag.py:545} INFO - Filling up the DagBag from /home/airflow/.local/lib/python3.8/site-packages/airflow/example_dags/tutorial_taskflow_api.py
[2024-05-28T18:38:51.323+0000] {processor.py:840} INFO - DAG(s) 'tutorial_taskflow_api' retrieved from /home/airflow/.local/lib/python3.8/site-packages/airflow/example_dags/tutorial_taskflow_api.py
[2024-05-28T18:38:51.344+0000] {logging_mixin.py:188} INFO - [2024-05-28T18:38:51.344+0000] {dag.py:3096} INFO - Sync 1 DAGs
[2024-05-28T18:38:51.356+0000] {logging_mixin.py:188} INFO - [2024-05-28T18:38:51.356+0000] {dag.py:3954} INFO - Setting next_dagrun for tutorial_taskflow_api to None, run_after=None
[2024-05-28T18:38:51.377+0000] {processor.py:183} INFO - Processing /home/airflow/.local/lib/python3.8/site-packages/airflow/example_dags/tutorial_taskflow_api.py took 0.071 seconds
[2024-05-28T18:39:21.853+0000] {processor.py:161} INFO - Started process (PID=1499) to work on /home/airflow/.local/lib/python3.8/site-packages/airflow/example_dags/tutorial_taskflow_api.py
[2024-05-28T18:39:21.854+0000] {processor.py:830} INFO - Processing file /home/airflow/.local/lib/python3.8/site-packages/airflow/example_dags/tutorial_taskflow_api.py for tasks to queue
[2024-05-28T18:39:21.856+0000] {logging_mixin.py:188} INFO - [2024-05-28T18:39:21.856+0000] {dagbag.py:545} INFO - Filling up the DagBag from /home/airflow/.local/lib/python3.8/site-packages/airflow/example_dags/tutorial_taskflow_api.py
[2024-05-28T18:39:21.863+0000] {processor.py:840} INFO - DAG(s) 'tutorial_taskflow_api' retrieved from /home/airflow/.local/lib/python3.8/site-packages/airflow/example_dags/tutorial_taskflow_api.py
[2024-05-28T18:39:21.888+0000] {logging_mixin.py:188} INFO - [2024-05-28T18:39:21.888+0000] {dag.py:3096} INFO - Sync 1 DAGs
[2024-05-28T18:39:21.906+0000] {logging_mixin.py:188} INFO - [2024-05-28T18:39:21.906+0000] {dag.py:3954} INFO - Setting next_dagrun for tutorial_taskflow_api to None, run_after=None
[2024-05-28T18:39:21.935+0000] {processor.py:183} INFO - Processing /home/airflow/.local/lib/python3.8/site-packages/airflow/example_dags/tutorial_taskflow_api.py took 0.091 seconds
[2024-05-28T18:39:52.175+0000] {processor.py:161} INFO - Started process (PID=1577) to work on /home/airflow/.local/lib/python3.8/site-packages/airflow/example_dags/tutorial_taskflow_api.py
[2024-05-28T18:39:52.177+0000] {processor.py:830} INFO - Processing file /home/airflow/.local/lib/python3.8/site-packages/airflow/example_dags/tutorial_taskflow_api.py for tasks to queue
[2024-05-28T18:39:52.180+0000] {logging_mixin.py:188} INFO - [2024-05-28T18:39:52.179+0000] {dagbag.py:545} INFO - Filling up the DagBag from /home/airflow/.local/lib/python3.8/site-packages/airflow/example_dags/tutorial_taskflow_api.py
[2024-05-28T18:39:52.187+0000] {processor.py:840} INFO - DAG(s) 'tutorial_taskflow_api' retrieved from /home/airflow/.local/lib/python3.8/site-packages/airflow/example_dags/tutorial_taskflow_api.py
[2024-05-28T18:39:52.211+0000] {logging_mixin.py:188} INFO - [2024-05-28T18:39:52.211+0000] {dag.py:3096} INFO - Sync 1 DAGs
[2024-05-28T18:39:52.224+0000] {logging_mixin.py:188} INFO - [2024-05-28T18:39:52.224+0000] {dag.py:3954} INFO - Setting next_dagrun for tutorial_taskflow_api to None, run_after=None
[2024-05-28T18:39:52.249+0000] {processor.py:183} INFO - Processing /home/airflow/.local/lib/python3.8/site-packages/airflow/example_dags/tutorial_taskflow_api.py took 0.081 seconds
[2024-05-28T18:40:22.825+0000] {processor.py:161} INFO - Started process (PID=1648) to work on /home/airflow/.local/lib/python3.8/site-packages/airflow/example_dags/tutorial_taskflow_api.py
[2024-05-28T18:40:22.829+0000] {processor.py:830} INFO - Processing file /home/airflow/.local/lib/python3.8/site-packages/airflow/example_dags/tutorial_taskflow_api.py for tasks to queue
[2024-05-28T18:40:22.841+0000] {logging_mixin.py:188} INFO - [2024-05-28T18:40:22.840+0000] {dagbag.py:545} INFO - Filling up the DagBag from /home/airflow/.local/lib/python3.8/site-packages/airflow/example_dags/tutorial_taskflow_api.py
[2024-05-28T18:40:22.854+0000] {processor.py:840} INFO - DAG(s) 'tutorial_taskflow_api' retrieved from /home/airflow/.local/lib/python3.8/site-packages/airflow/example_dags/tutorial_taskflow_api.py
[2024-05-28T18:40:22.892+0000] {logging_mixin.py:188} INFO - [2024-05-28T18:40:22.891+0000] {dag.py:3096} INFO - Sync 1 DAGs
[2024-05-28T18:40:22.904+0000] {logging_mixin.py:188} INFO - [2024-05-28T18:40:22.904+0000] {dag.py:3954} INFO - Setting next_dagrun for tutorial_taskflow_api to None, run_after=None
[2024-05-28T18:40:22.931+0000] {processor.py:183} INFO - Processing /home/airflow/.local/lib/python3.8/site-packages/airflow/example_dags/tutorial_taskflow_api.py took 0.132 seconds
[2024-05-28T18:40:53.259+0000] {processor.py:161} INFO - Started process (PID=1726) to work on /home/airflow/.local/lib/python3.8/site-packages/airflow/example_dags/tutorial_taskflow_api.py
[2024-05-28T18:40:53.261+0000] {processor.py:830} INFO - Processing file /home/airflow/.local/lib/python3.8/site-packages/airflow/example_dags/tutorial_taskflow_api.py for tasks to queue
[2024-05-28T18:40:53.263+0000] {logging_mixin.py:188} INFO - [2024-05-28T18:40:53.262+0000] {dagbag.py:545} INFO - Filling up the DagBag from /home/airflow/.local/lib/python3.8/site-packages/airflow/example_dags/tutorial_taskflow_api.py
[2024-05-28T18:40:53.269+0000] {processor.py:840} INFO - DAG(s) 'tutorial_taskflow_api' retrieved from /home/airflow/.local/lib/python3.8/site-packages/airflow/example_dags/tutorial_taskflow_api.py
[2024-05-28T18:40:53.291+0000] {logging_mixin.py:188} INFO - [2024-05-28T18:40:53.290+0000] {dag.py:3096} INFO - Sync 1 DAGs
[2024-05-28T18:40:53.303+0000] {logging_mixin.py:188} INFO - [2024-05-28T18:40:53.303+0000] {dag.py:3954} INFO - Setting next_dagrun for tutorial_taskflow_api to None, run_after=None
[2024-05-28T18:40:53.325+0000] {processor.py:183} INFO - Processing /home/airflow/.local/lib/python3.8/site-packages/airflow/example_dags/tutorial_taskflow_api.py took 0.072 seconds
[2024-05-28T18:41:23.563+0000] {processor.py:161} INFO - Started process (PID=1795) to work on /home/airflow/.local/lib/python3.8/site-packages/airflow/example_dags/tutorial_taskflow_api.py
[2024-05-28T18:41:23.564+0000] {processor.py:830} INFO - Processing file /home/airflow/.local/lib/python3.8/site-packages/airflow/example_dags/tutorial_taskflow_api.py for tasks to queue
[2024-05-28T18:41:23.566+0000] {logging_mixin.py:188} INFO - [2024-05-28T18:41:23.566+0000] {dagbag.py:545} INFO - Filling up the DagBag from /home/airflow/.local/lib/python3.8/site-packages/airflow/example_dags/tutorial_taskflow_api.py
[2024-05-28T18:41:23.573+0000] {processor.py:840} INFO - DAG(s) 'tutorial_taskflow_api' retrieved from /home/airflow/.local/lib/python3.8/site-packages/airflow/example_dags/tutorial_taskflow_api.py
[2024-05-28T18:41:23.594+0000] {logging_mixin.py:188} INFO - [2024-05-28T18:41:23.594+0000] {dag.py:3096} INFO - Sync 1 DAGs
[2024-05-28T18:41:23.606+0000] {logging_mixin.py:188} INFO - [2024-05-28T18:41:23.605+0000] {dag.py:3954} INFO - Setting next_dagrun for tutorial_taskflow_api to None, run_after=None
[2024-05-28T18:41:23.629+0000] {processor.py:183} INFO - Processing /home/airflow/.local/lib/python3.8/site-packages/airflow/example_dags/tutorial_taskflow_api.py took 0.074 seconds
[2024-05-28T18:41:53.900+0000] {processor.py:161} INFO - Started process (PID=1865) to work on /home/airflow/.local/lib/python3.8/site-packages/airflow/example_dags/tutorial_taskflow_api.py
[2024-05-28T18:41:53.901+0000] {processor.py:830} INFO - Processing file /home/airflow/.local/lib/python3.8/site-packages/airflow/example_dags/tutorial_taskflow_api.py for tasks to queue
[2024-05-28T18:41:53.903+0000] {logging_mixin.py:188} INFO - [2024-05-28T18:41:53.903+0000] {dagbag.py:545} INFO - Filling up the DagBag from /home/airflow/.local/lib/python3.8/site-packages/airflow/example_dags/tutorial_taskflow_api.py
[2024-05-28T18:41:53.911+0000] {processor.py:840} INFO - DAG(s) 'tutorial_taskflow_api' retrieved from /home/airflow/.local/lib/python3.8/site-packages/airflow/example_dags/tutorial_taskflow_api.py
[2024-05-28T18:41:53.932+0000] {logging_mixin.py:188} INFO - [2024-05-28T18:41:53.932+0000] {dag.py:3096} INFO - Sync 1 DAGs
[2024-05-28T18:41:53.944+0000] {logging_mixin.py:188} INFO - [2024-05-28T18:41:53.944+0000] {dag.py:3954} INFO - Setting next_dagrun for tutorial_taskflow_api to None, run_after=None
[2024-05-28T18:41:53.965+0000] {processor.py:183} INFO - Processing /home/airflow/.local/lib/python3.8/site-packages/airflow/example_dags/tutorial_taskflow_api.py took 0.071 seconds
[2024-05-28T18:42:24.290+0000] {processor.py:161} INFO - Started process (PID=1943) to work on /home/airflow/.local/lib/python3.8/site-packages/airflow/example_dags/tutorial_taskflow_api.py
[2024-05-28T18:42:24.291+0000] {processor.py:830} INFO - Processing file /home/airflow/.local/lib/python3.8/site-packages/airflow/example_dags/tutorial_taskflow_api.py for tasks to queue
[2024-05-28T18:42:24.293+0000] {logging_mixin.py:188} INFO - [2024-05-28T18:42:24.293+0000] {dagbag.py:545} INFO - Filling up the DagBag from /home/airflow/.local/lib/python3.8/site-packages/airflow/example_dags/tutorial_taskflow_api.py
[2024-05-28T18:42:24.299+0000] {processor.py:840} INFO - DAG(s) 'tutorial_taskflow_api' retrieved from /home/airflow/.local/lib/python3.8/site-packages/airflow/example_dags/tutorial_taskflow_api.py
[2024-05-28T18:42:24.320+0000] {logging_mixin.py:188} INFO - [2024-05-28T18:42:24.319+0000] {dag.py:3096} INFO - Sync 1 DAGs
[2024-05-28T18:42:24.331+0000] {logging_mixin.py:188} INFO - [2024-05-28T18:42:24.331+0000] {dag.py:3954} INFO - Setting next_dagrun for tutorial_taskflow_api to None, run_after=None
[2024-05-28T18:42:24.354+0000] {processor.py:183} INFO - Processing /home/airflow/.local/lib/python3.8/site-packages/airflow/example_dags/tutorial_taskflow_api.py took 0.070 seconds
[2024-05-28T18:42:54.556+0000] {processor.py:161} INFO - Started process (PID=2013) to work on /home/airflow/.local/lib/python3.8/site-packages/airflow/example_dags/tutorial_taskflow_api.py
[2024-05-28T18:42:54.557+0000] {processor.py:830} INFO - Processing file /home/airflow/.local/lib/python3.8/site-packages/airflow/example_dags/tutorial_taskflow_api.py for tasks to queue
[2024-05-28T18:42:54.560+0000] {logging_mixin.py:188} INFO - [2024-05-28T18:42:54.559+0000] {dagbag.py:545} INFO - Filling up the DagBag from /home/airflow/.local/lib/python3.8/site-packages/airflow/example_dags/tutorial_taskflow_api.py
[2024-05-28T18:42:54.566+0000] {processor.py:840} INFO - DAG(s) 'tutorial_taskflow_api' retrieved from /home/airflow/.local/lib/python3.8/site-packages/airflow/example_dags/tutorial_taskflow_api.py
[2024-05-28T18:42:54.588+0000] {logging_mixin.py:188} INFO - [2024-05-28T18:42:54.588+0000] {dag.py:3096} INFO - Sync 1 DAGs
[2024-05-28T18:42:54.601+0000] {logging_mixin.py:188} INFO - [2024-05-28T18:42:54.600+0000] {dag.py:3954} INFO - Setting next_dagrun for tutorial_taskflow_api to None, run_after=None
[2024-05-28T18:42:54.621+0000] {processor.py:183} INFO - Processing /home/airflow/.local/lib/python3.8/site-packages/airflow/example_dags/tutorial_taskflow_api.py took 0.071 seconds
[2024-05-28T18:43:24.982+0000] {processor.py:161} INFO - Started process (PID=2092) to work on /home/airflow/.local/lib/python3.8/site-packages/airflow/example_dags/tutorial_taskflow_api.py
[2024-05-28T18:43:24.983+0000] {processor.py:830} INFO - Processing file /home/airflow/.local/lib/python3.8/site-packages/airflow/example_dags/tutorial_taskflow_api.py for tasks to queue
[2024-05-28T18:43:24.985+0000] {logging_mixin.py:188} INFO - [2024-05-28T18:43:24.985+0000] {dagbag.py:545} INFO - Filling up the DagBag from /home/airflow/.local/lib/python3.8/site-packages/airflow/example_dags/tutorial_taskflow_api.py
[2024-05-28T18:43:24.992+0000] {processor.py:840} INFO - DAG(s) 'tutorial_taskflow_api' retrieved from /home/airflow/.local/lib/python3.8/site-packages/airflow/example_dags/tutorial_taskflow_api.py
[2024-05-28T18:43:25.014+0000] {logging_mixin.py:188} INFO - [2024-05-28T18:43:25.014+0000] {dag.py:3096} INFO - Sync 1 DAGs
[2024-05-28T18:43:25.027+0000] {logging_mixin.py:188} INFO - [2024-05-28T18:43:25.027+0000] {dag.py:3954} INFO - Setting next_dagrun for tutorial_taskflow_api to None, run_after=None
[2024-05-28T18:43:25.049+0000] {processor.py:183} INFO - Processing /home/airflow/.local/lib/python3.8/site-packages/airflow/example_dags/tutorial_taskflow_api.py took 0.074 seconds
[2024-05-28T18:43:55.232+0000] {processor.py:161} INFO - Started process (PID=2162) to work on /home/airflow/.local/lib/python3.8/site-packages/airflow/example_dags/tutorial_taskflow_api.py
[2024-05-28T18:43:55.233+0000] {processor.py:830} INFO - Processing file /home/airflow/.local/lib/python3.8/site-packages/airflow/example_dags/tutorial_taskflow_api.py for tasks to queue
[2024-05-28T18:43:55.236+0000] {logging_mixin.py:188} INFO - [2024-05-28T18:43:55.235+0000] {dagbag.py:545} INFO - Filling up the DagBag from /home/airflow/.local/lib/python3.8/site-packages/airflow/example_dags/tutorial_taskflow_api.py
[2024-05-28T18:43:55.242+0000] {processor.py:840} INFO - DAG(s) 'tutorial_taskflow_api' retrieved from /home/airflow/.local/lib/python3.8/site-packages/airflow/example_dags/tutorial_taskflow_api.py
[2024-05-28T18:43:55.263+0000] {logging_mixin.py:188} INFO - [2024-05-28T18:43:55.262+0000] {dag.py:3096} INFO - Sync 1 DAGs
[2024-05-28T18:43:55.274+0000] {logging_mixin.py:188} INFO - [2024-05-28T18:43:55.274+0000] {dag.py:3954} INFO - Setting next_dagrun for tutorial_taskflow_api to None, run_after=None
[2024-05-28T18:43:55.295+0000] {processor.py:183} INFO - Processing /home/airflow/.local/lib/python3.8/site-packages/airflow/example_dags/tutorial_taskflow_api.py took 0.069 seconds
[2024-05-28T18:44:25.534+0000] {processor.py:161} INFO - Started process (PID=2232) to work on /home/airflow/.local/lib/python3.8/site-packages/airflow/example_dags/tutorial_taskflow_api.py
[2024-05-28T18:44:25.535+0000] {processor.py:830} INFO - Processing file /home/airflow/.local/lib/python3.8/site-packages/airflow/example_dags/tutorial_taskflow_api.py for tasks to queue
[2024-05-28T18:44:25.538+0000] {logging_mixin.py:188} INFO - [2024-05-28T18:44:25.537+0000] {dagbag.py:545} INFO - Filling up the DagBag from /home/airflow/.local/lib/python3.8/site-packages/airflow/example_dags/tutorial_taskflow_api.py
[2024-05-28T18:44:25.545+0000] {processor.py:840} INFO - DAG(s) 'tutorial_taskflow_api' retrieved from /home/airflow/.local/lib/python3.8/site-packages/airflow/example_dags/tutorial_taskflow_api.py
[2024-05-28T18:44:25.566+0000] {logging_mixin.py:188} INFO - [2024-05-28T18:44:25.566+0000] {dag.py:3096} INFO - Sync 1 DAGs
[2024-05-28T18:44:25.579+0000] {logging_mixin.py:188} INFO - [2024-05-28T18:44:25.578+0000] {dag.py:3954} INFO - Setting next_dagrun for tutorial_taskflow_api to None, run_after=None
[2024-05-28T18:44:25.599+0000] {processor.py:183} INFO - Processing /home/airflow/.local/lib/python3.8/site-packages/airflow/example_dags/tutorial_taskflow_api.py took 0.073 seconds
[2024-05-28T18:44:55.833+0000] {processor.py:161} INFO - Started process (PID=2311) to work on /home/airflow/.local/lib/python3.8/site-packages/airflow/example_dags/tutorial_taskflow_api.py
[2024-05-28T18:44:55.834+0000] {processor.py:830} INFO - Processing file /home/airflow/.local/lib/python3.8/site-packages/airflow/example_dags/tutorial_taskflow_api.py for tasks to queue
[2024-05-28T18:44:55.836+0000] {logging_mixin.py:188} INFO - [2024-05-28T18:44:55.836+0000] {dagbag.py:545} INFO - Filling up the DagBag from /home/airflow/.local/lib/python3.8/site-packages/airflow/example_dags/tutorial_taskflow_api.py
[2024-05-28T18:44:55.842+0000] {processor.py:840} INFO - DAG(s) 'tutorial_taskflow_api' retrieved from /home/airflow/.local/lib/python3.8/site-packages/airflow/example_dags/tutorial_taskflow_api.py
[2024-05-28T18:44:55.863+0000] {logging_mixin.py:188} INFO - [2024-05-28T18:44:55.863+0000] {dag.py:3096} INFO - Sync 1 DAGs
[2024-05-28T18:44:55.874+0000] {logging_mixin.py:188} INFO - [2024-05-28T18:44:55.874+0000] {dag.py:3954} INFO - Setting next_dagrun for tutorial_taskflow_api to None, run_after=None
[2024-05-28T18:44:55.895+0000] {processor.py:183} INFO - Processing /home/airflow/.local/lib/python3.8/site-packages/airflow/example_dags/tutorial_taskflow_api.py took 0.068 seconds
[2024-05-28T18:45:26.059+0000] {processor.py:161} INFO - Started process (PID=2381) to work on /home/airflow/.local/lib/python3.8/site-packages/airflow/example_dags/tutorial_taskflow_api.py
[2024-05-28T18:45:26.060+0000] {processor.py:830} INFO - Processing file /home/airflow/.local/lib/python3.8/site-packages/airflow/example_dags/tutorial_taskflow_api.py for tasks to queue
[2024-05-28T18:45:26.062+0000] {logging_mixin.py:188} INFO - [2024-05-28T18:45:26.062+0000] {dagbag.py:545} INFO - Filling up the DagBag from /home/airflow/.local/lib/python3.8/site-packages/airflow/example_dags/tutorial_taskflow_api.py
[2024-05-28T18:45:26.068+0000] {processor.py:840} INFO - DAG(s) 'tutorial_taskflow_api' retrieved from /home/airflow/.local/lib/python3.8/site-packages/airflow/example_dags/tutorial_taskflow_api.py
[2024-05-28T18:45:26.089+0000] {logging_mixin.py:188} INFO - [2024-05-28T18:45:26.089+0000] {dag.py:3096} INFO - Sync 1 DAGs
[2024-05-28T18:45:26.103+0000] {logging_mixin.py:188} INFO - [2024-05-28T18:45:26.102+0000] {dag.py:3954} INFO - Setting next_dagrun for tutorial_taskflow_api to None, run_after=None
[2024-05-28T18:45:26.123+0000] {processor.py:183} INFO - Processing /home/airflow/.local/lib/python3.8/site-packages/airflow/example_dags/tutorial_taskflow_api.py took 0.070 seconds
[2024-05-28T18:45:56.525+0000] {processor.py:161} INFO - Started process (PID=2459) to work on /home/airflow/.local/lib/python3.8/site-packages/airflow/example_dags/tutorial_taskflow_api.py
[2024-05-28T18:45:56.526+0000] {processor.py:830} INFO - Processing file /home/airflow/.local/lib/python3.8/site-packages/airflow/example_dags/tutorial_taskflow_api.py for tasks to queue
[2024-05-28T18:45:56.529+0000] {logging_mixin.py:188} INFO - [2024-05-28T18:45:56.528+0000] {dagbag.py:545} INFO - Filling up the DagBag from /home/airflow/.local/lib/python3.8/site-packages/airflow/example_dags/tutorial_taskflow_api.py
[2024-05-28T18:45:56.538+0000] {processor.py:840} INFO - DAG(s) 'tutorial_taskflow_api' retrieved from /home/airflow/.local/lib/python3.8/site-packages/airflow/example_dags/tutorial_taskflow_api.py
[2024-05-28T18:45:56.567+0000] {logging_mixin.py:188} INFO - [2024-05-28T18:45:56.566+0000] {dag.py:3096} INFO - Sync 1 DAGs
[2024-05-28T18:45:56.582+0000] {logging_mixin.py:188} INFO - [2024-05-28T18:45:56.582+0000] {dag.py:3954} INFO - Setting next_dagrun for tutorial_taskflow_api to None, run_after=None
[2024-05-28T18:45:56.605+0000] {processor.py:183} INFO - Processing /home/airflow/.local/lib/python3.8/site-packages/airflow/example_dags/tutorial_taskflow_api.py took 0.087 seconds
[2024-05-28T18:46:27.004+0000] {processor.py:161} INFO - Started process (PID=2529) to work on /home/airflow/.local/lib/python3.8/site-packages/airflow/example_dags/tutorial_taskflow_api.py
[2024-05-28T18:46:27.006+0000] {processor.py:830} INFO - Processing file /home/airflow/.local/lib/python3.8/site-packages/airflow/example_dags/tutorial_taskflow_api.py for tasks to queue
[2024-05-28T18:46:27.008+0000] {logging_mixin.py:188} INFO - [2024-05-28T18:46:27.008+0000] {dagbag.py:545} INFO - Filling up the DagBag from /home/airflow/.local/lib/python3.8/site-packages/airflow/example_dags/tutorial_taskflow_api.py
[2024-05-28T18:46:27.014+0000] {processor.py:840} INFO - DAG(s) 'tutorial_taskflow_api' retrieved from /home/airflow/.local/lib/python3.8/site-packages/airflow/example_dags/tutorial_taskflow_api.py
[2024-05-28T18:46:27.036+0000] {logging_mixin.py:188} INFO - [2024-05-28T18:46:27.036+0000] {dag.py:3096} INFO - Sync 1 DAGs
[2024-05-28T18:46:27.047+0000] {logging_mixin.py:188} INFO - [2024-05-28T18:46:27.047+0000] {dag.py:3954} INFO - Setting next_dagrun for tutorial_taskflow_api to None, run_after=None
[2024-05-28T18:46:27.069+0000] {processor.py:183} INFO - Processing /home/airflow/.local/lib/python3.8/site-packages/airflow/example_dags/tutorial_taskflow_api.py took 0.071 seconds
[2024-05-28T18:46:57.510+0000] {processor.py:161} INFO - Started process (PID=2606) to work on /home/airflow/.local/lib/python3.8/site-packages/airflow/example_dags/tutorial_taskflow_api.py
[2024-05-28T18:46:57.512+0000] {processor.py:830} INFO - Processing file /home/airflow/.local/lib/python3.8/site-packages/airflow/example_dags/tutorial_taskflow_api.py for tasks to queue
[2024-05-28T18:46:57.514+0000] {logging_mixin.py:188} INFO - [2024-05-28T18:46:57.514+0000] {dagbag.py:545} INFO - Filling up the DagBag from /home/airflow/.local/lib/python3.8/site-packages/airflow/example_dags/tutorial_taskflow_api.py
[2024-05-28T18:46:57.522+0000] {processor.py:840} INFO - DAG(s) 'tutorial_taskflow_api' retrieved from /home/airflow/.local/lib/python3.8/site-packages/airflow/example_dags/tutorial_taskflow_api.py
[2024-05-28T18:46:57.549+0000] {logging_mixin.py:188} INFO - [2024-05-28T18:46:57.548+0000] {dag.py:3096} INFO - Sync 1 DAGs
[2024-05-28T18:46:57.563+0000] {logging_mixin.py:188} INFO - [2024-05-28T18:46:57.563+0000] {dag.py:3954} INFO - Setting next_dagrun for tutorial_taskflow_api to None, run_after=None
[2024-05-28T18:46:57.586+0000] {processor.py:183} INFO - Processing /home/airflow/.local/lib/python3.8/site-packages/airflow/example_dags/tutorial_taskflow_api.py took 0.084 seconds
[2024-05-28T18:47:27.776+0000] {processor.py:161} INFO - Started process (PID=2677) to work on /home/airflow/.local/lib/python3.8/site-packages/airflow/example_dags/tutorial_taskflow_api.py
[2024-05-28T18:47:27.777+0000] {processor.py:830} INFO - Processing file /home/airflow/.local/lib/python3.8/site-packages/airflow/example_dags/tutorial_taskflow_api.py for tasks to queue
[2024-05-28T18:47:27.779+0000] {logging_mixin.py:188} INFO - [2024-05-28T18:47:27.779+0000] {dagbag.py:545} INFO - Filling up the DagBag from /home/airflow/.local/lib/python3.8/site-packages/airflow/example_dags/tutorial_taskflow_api.py
[2024-05-28T18:47:27.786+0000] {processor.py:840} INFO - DAG(s) 'tutorial_taskflow_api' retrieved from /home/airflow/.local/lib/python3.8/site-packages/airflow/example_dags/tutorial_taskflow_api.py
[2024-05-28T18:47:27.807+0000] {logging_mixin.py:188} INFO - [2024-05-28T18:47:27.806+0000] {dag.py:3096} INFO - Sync 1 DAGs
[2024-05-28T18:47:27.818+0000] {logging_mixin.py:188} INFO - [2024-05-28T18:47:27.817+0000] {dag.py:3954} INFO - Setting next_dagrun for tutorial_taskflow_api to None, run_after=None
[2024-05-28T18:47:27.838+0000] {processor.py:183} INFO - Processing /home/airflow/.local/lib/python3.8/site-packages/airflow/example_dags/tutorial_taskflow_api.py took 0.069 seconds
[2024-05-28T18:47:58.078+0000] {processor.py:161} INFO - Started process (PID=2747) to work on /home/airflow/.local/lib/python3.8/site-packages/airflow/example_dags/tutorial_taskflow_api.py
[2024-05-28T18:47:58.079+0000] {processor.py:830} INFO - Processing file /home/airflow/.local/lib/python3.8/site-packages/airflow/example_dags/tutorial_taskflow_api.py for tasks to queue
[2024-05-28T18:47:58.081+0000] {logging_mixin.py:188} INFO - [2024-05-28T18:47:58.081+0000] {dagbag.py:545} INFO - Filling up the DagBag from /home/airflow/.local/lib/python3.8/site-packages/airflow/example_dags/tutorial_taskflow_api.py
[2024-05-28T18:47:58.087+0000] {processor.py:840} INFO - DAG(s) 'tutorial_taskflow_api' retrieved from /home/airflow/.local/lib/python3.8/site-packages/airflow/example_dags/tutorial_taskflow_api.py
[2024-05-28T18:47:58.110+0000] {logging_mixin.py:188} INFO - [2024-05-28T18:47:58.109+0000] {dag.py:3096} INFO - Sync 1 DAGs
[2024-05-28T18:47:58.125+0000] {logging_mixin.py:188} INFO - [2024-05-28T18:47:58.125+0000] {dag.py:3954} INFO - Setting next_dagrun for tutorial_taskflow_api to None, run_after=None
[2024-05-28T18:47:58.149+0000] {processor.py:183} INFO - Processing /home/airflow/.local/lib/python3.8/site-packages/airflow/example_dags/tutorial_taskflow_api.py took 0.078 seconds
[2024-05-28T18:48:28.474+0000] {processor.py:161} INFO - Started process (PID=2825) to work on /home/airflow/.local/lib/python3.8/site-packages/airflow/example_dags/tutorial_taskflow_api.py
[2024-05-28T18:48:28.476+0000] {processor.py:830} INFO - Processing file /home/airflow/.local/lib/python3.8/site-packages/airflow/example_dags/tutorial_taskflow_api.py for tasks to queue
[2024-05-28T18:48:28.478+0000] {logging_mixin.py:188} INFO - [2024-05-28T18:48:28.477+0000] {dagbag.py:545} INFO - Filling up the DagBag from /home/airflow/.local/lib/python3.8/site-packages/airflow/example_dags/tutorial_taskflow_api.py
[2024-05-28T18:48:28.483+0000] {processor.py:840} INFO - DAG(s) 'tutorial_taskflow_api' retrieved from /home/airflow/.local/lib/python3.8/site-packages/airflow/example_dags/tutorial_taskflow_api.py
[2024-05-28T18:48:28.505+0000] {logging_mixin.py:188} INFO - [2024-05-28T18:48:28.505+0000] {dag.py:3096} INFO - Sync 1 DAGs
[2024-05-28T18:48:28.517+0000] {logging_mixin.py:188} INFO - [2024-05-28T18:48:28.517+0000] {dag.py:3954} INFO - Setting next_dagrun for tutorial_taskflow_api to None, run_after=None
[2024-05-28T18:48:28.541+0000] {processor.py:183} INFO - Processing /home/airflow/.local/lib/python3.8/site-packages/airflow/example_dags/tutorial_taskflow_api.py took 0.072 seconds
[2024-05-28T18:48:58.715+0000] {processor.py:161} INFO - Started process (PID=2893) to work on /home/airflow/.local/lib/python3.8/site-packages/airflow/example_dags/tutorial_taskflow_api.py
[2024-05-28T18:48:58.716+0000] {processor.py:830} INFO - Processing file /home/airflow/.local/lib/python3.8/site-packages/airflow/example_dags/tutorial_taskflow_api.py for tasks to queue
[2024-05-28T18:48:58.718+0000] {logging_mixin.py:188} INFO - [2024-05-28T18:48:58.718+0000] {dagbag.py:545} INFO - Filling up the DagBag from /home/airflow/.local/lib/python3.8/site-packages/airflow/example_dags/tutorial_taskflow_api.py
[2024-05-28T18:48:58.725+0000] {processor.py:840} INFO - DAG(s) 'tutorial_taskflow_api' retrieved from /home/airflow/.local/lib/python3.8/site-packages/airflow/example_dags/tutorial_taskflow_api.py
[2024-05-28T18:48:58.746+0000] {logging_mixin.py:188} INFO - [2024-05-28T18:48:58.746+0000] {dag.py:3096} INFO - Sync 1 DAGs
[2024-05-28T18:48:58.758+0000] {logging_mixin.py:188} INFO - [2024-05-28T18:48:58.758+0000] {dag.py:3954} INFO - Setting next_dagrun for tutorial_taskflow_api to None, run_after=None
[2024-05-28T18:48:58.779+0000] {processor.py:183} INFO - Processing /home/airflow/.local/lib/python3.8/site-packages/airflow/example_dags/tutorial_taskflow_api.py took 0.070 seconds
[2024-05-28T18:49:29.278+0000] {processor.py:161} INFO - Started process (PID=2971) to work on /home/airflow/.local/lib/python3.8/site-packages/airflow/example_dags/tutorial_taskflow_api.py
[2024-05-28T18:49:29.280+0000] {processor.py:830} INFO - Processing file /home/airflow/.local/lib/python3.8/site-packages/airflow/example_dags/tutorial_taskflow_api.py for tasks to queue
[2024-05-28T18:49:29.281+0000] {logging_mixin.py:188} INFO - [2024-05-28T18:49:29.281+0000] {dagbag.py:545} INFO - Filling up the DagBag from /home/airflow/.local/lib/python3.8/site-packages/airflow/example_dags/tutorial_taskflow_api.py
[2024-05-28T18:49:29.288+0000] {processor.py:840} INFO - DAG(s) 'tutorial_taskflow_api' retrieved from /home/airflow/.local/lib/python3.8/site-packages/airflow/example_dags/tutorial_taskflow_api.py
[2024-05-28T18:49:29.308+0000] {logging_mixin.py:188} INFO - [2024-05-28T18:49:29.307+0000] {dag.py:3096} INFO - Sync 1 DAGs
[2024-05-28T18:49:29.319+0000] {logging_mixin.py:188} INFO - [2024-05-28T18:49:29.319+0000] {dag.py:3954} INFO - Setting next_dagrun for tutorial_taskflow_api to None, run_after=None
[2024-05-28T18:49:29.339+0000] {processor.py:183} INFO - Processing /home/airflow/.local/lib/python3.8/site-packages/airflow/example_dags/tutorial_taskflow_api.py took 0.067 seconds
[2024-05-28T18:49:59.768+0000] {processor.py:161} INFO - Started process (PID=3041) to work on /home/airflow/.local/lib/python3.8/site-packages/airflow/example_dags/tutorial_taskflow_api.py
[2024-05-28T18:49:59.769+0000] {processor.py:830} INFO - Processing file /home/airflow/.local/lib/python3.8/site-packages/airflow/example_dags/tutorial_taskflow_api.py for tasks to queue
[2024-05-28T18:49:59.771+0000] {logging_mixin.py:188} INFO - [2024-05-28T18:49:59.771+0000] {dagbag.py:545} INFO - Filling up the DagBag from /home/airflow/.local/lib/python3.8/site-packages/airflow/example_dags/tutorial_taskflow_api.py
[2024-05-28T18:49:59.777+0000] {processor.py:840} INFO - DAG(s) 'tutorial_taskflow_api' retrieved from /home/airflow/.local/lib/python3.8/site-packages/airflow/example_dags/tutorial_taskflow_api.py
[2024-05-28T18:49:59.797+0000] {logging_mixin.py:188} INFO - [2024-05-28T18:49:59.797+0000] {dag.py:3096} INFO - Sync 1 DAGs
[2024-05-28T18:49:59.808+0000] {logging_mixin.py:188} INFO - [2024-05-28T18:49:59.808+0000] {dag.py:3954} INFO - Setting next_dagrun for tutorial_taskflow_api to None, run_after=None
[2024-05-28T18:49:59.828+0000] {processor.py:183} INFO - Processing /home/airflow/.local/lib/python3.8/site-packages/airflow/example_dags/tutorial_taskflow_api.py took 0.067 seconds
[2024-05-28T18:50:30.199+0000] {processor.py:161} INFO - Started process (PID=3118) to work on /home/airflow/.local/lib/python3.8/site-packages/airflow/example_dags/tutorial_taskflow_api.py
[2024-05-28T18:50:30.200+0000] {processor.py:830} INFO - Processing file /home/airflow/.local/lib/python3.8/site-packages/airflow/example_dags/tutorial_taskflow_api.py for tasks to queue
[2024-05-28T18:50:30.202+0000] {logging_mixin.py:188} INFO - [2024-05-28T18:50:30.202+0000] {dagbag.py:545} INFO - Filling up the DagBag from /home/airflow/.local/lib/python3.8/site-packages/airflow/example_dags/tutorial_taskflow_api.py
[2024-05-28T18:50:30.209+0000] {processor.py:840} INFO - DAG(s) 'tutorial_taskflow_api' retrieved from /home/airflow/.local/lib/python3.8/site-packages/airflow/example_dags/tutorial_taskflow_api.py
[2024-05-28T18:50:30.232+0000] {logging_mixin.py:188} INFO - [2024-05-28T18:50:30.232+0000] {dag.py:3096} INFO - Sync 1 DAGs
[2024-05-28T18:50:30.244+0000] {logging_mixin.py:188} INFO - [2024-05-28T18:50:30.243+0000] {dag.py:3954} INFO - Setting next_dagrun for tutorial_taskflow_api to None, run_after=None
[2024-05-28T18:50:30.266+0000] {processor.py:183} INFO - Processing /home/airflow/.local/lib/python3.8/site-packages/airflow/example_dags/tutorial_taskflow_api.py took 0.073 seconds
[2024-05-28T18:51:00.383+0000] {processor.py:161} INFO - Started process (PID=3189) to work on /home/airflow/.local/lib/python3.8/site-packages/airflow/example_dags/tutorial_taskflow_api.py
[2024-05-28T18:51:00.384+0000] {processor.py:830} INFO - Processing file /home/airflow/.local/lib/python3.8/site-packages/airflow/example_dags/tutorial_taskflow_api.py for tasks to queue
[2024-05-28T18:51:00.386+0000] {logging_mixin.py:188} INFO - [2024-05-28T18:51:00.386+0000] {dagbag.py:545} INFO - Filling up the DagBag from /home/airflow/.local/lib/python3.8/site-packages/airflow/example_dags/tutorial_taskflow_api.py
[2024-05-28T18:51:00.394+0000] {processor.py:840} INFO - DAG(s) 'tutorial_taskflow_api' retrieved from /home/airflow/.local/lib/python3.8/site-packages/airflow/example_dags/tutorial_taskflow_api.py
[2024-05-28T18:51:00.413+0000] {logging_mixin.py:188} INFO - [2024-05-28T18:51:00.413+0000] {dag.py:3096} INFO - Sync 1 DAGs
[2024-05-28T18:51:00.426+0000] {logging_mixin.py:188} INFO - [2024-05-28T18:51:00.426+0000] {dag.py:3954} INFO - Setting next_dagrun for tutorial_taskflow_api to None, run_after=None
[2024-05-28T18:51:00.443+0000] {processor.py:183} INFO - Processing /home/airflow/.local/lib/python3.8/site-packages/airflow/example_dags/tutorial_taskflow_api.py took 0.068 seconds
