[2024-06-04T02:35:29.683+0000] {local_task_job_runner.py:120} INFO - ::group::Pre task execution logs
[2024-06-04T02:35:29.707+0000] {taskinstance.py:2076} INFO - Dependencies all met for dep_context=non-requeueable deps ti=<TaskInstance: ingestion_data.insertar_datos manual__2024-06-04T02:35:17.513706+00:00 [queued]>
[2024-06-04T02:35:29.716+0000] {taskinstance.py:2076} INFO - Dependencies all met for dep_context=requeueable deps ti=<TaskInstance: ingestion_data.insertar_datos manual__2024-06-04T02:35:17.513706+00:00 [queued]>
[2024-06-04T02:35:29.718+0000] {taskinstance.py:2306} INFO - Starting attempt 1 of 2
[2024-06-04T02:35:29.732+0000] {taskinstance.py:2330} INFO - Executing <Task(PythonOperator): insertar_datos> on 2024-06-04 02:35:17.513706+00:00
[2024-06-04T02:35:29.740+0000] {standard_task_runner.py:63} INFO - Started process 7265 to run task
[2024-06-04T02:35:29.742+0000] {standard_task_runner.py:90} INFO - Running: ['***', 'tasks', 'run', 'ingestion_data', 'insertar_datos', 'manual__2024-06-04T02:35:17.513706+00:00', '--job-id', '106', '--raw', '--subdir', 'DAGS_FOLDER/dag_entregable_fedebar.py', '--cfg-path', '/tmp/tmpo3n3qxob']
[2024-06-04T02:35:29.744+0000] {standard_task_runner.py:91} INFO - Job 106: Subtask insertar_datos
[2024-06-04T02:35:29.807+0000] {task_command.py:426} INFO - Running <TaskInstance: ingestion_data.insertar_datos manual__2024-06-04T02:35:17.513706+00:00 [running]> on host 167cb9f6b96a
[2024-06-04T02:35:29.898+0000] {taskinstance.py:2648} INFO - Exporting env vars: AIRFLOW_CTX_DAG_OWNER='FedeBar' AIRFLOW_CTX_DAG_ID='ingestion_data' AIRFLOW_CTX_TASK_ID='insertar_datos' AIRFLOW_CTX_EXECUTION_DATE='2024-06-04T02:35:17.513706+00:00' AIRFLOW_CTX_TRY_NUMBER='1' AIRFLOW_CTX_DAG_RUN_ID='manual__2024-06-04T02:35:17.513706+00:00'
[2024-06-04T02:35:29.899+0000] {taskinstance.py:430} INFO - ::endgroup::
[2024-06-04T02:35:29.911+0000] {base.py:84} INFO - Using connection ID 'coder-redshift-fede' for task execution.
[2024-06-04T02:35:29.912+0000] {weather_info_ETL.py:19} INFO - Conectando a Redshift en data-engineer-cluster.cyhh5bfevlmn.us-east-1.redshift.amazonaws.com:5439/data-engineer-database
[2024-06-04T02:35:31.315+0000] {warnings.py:109} WARNING - /opt/***/dags/weather_info_ETL.py:168: UserWarning: pandas only supports SQLAlchemy connectable (engine/connection) or database string URI or sqlite3 DBAPI2 connection. Other DBAPI2 objects are not tested. Please consider using SQLAlchemy.
  existing_data = pd.read_sql(existing_data_query, conn)

[2024-06-04T02:35:32.130+0000] {warnings.py:109} WARNING - /opt/***/dags/weather_info_ETL.py:171: UserWarning: pandas only supports SQLAlchemy connectable (engine/connection) or database string URI or sqlite3 DBAPI2 connection. Other DBAPI2 objects are not tested. Please consider using SQLAlchemy.
  max_existing_load_date = pd.read_sql(max_existing_load_date_query, conn).iloc[0, 0]

[2024-06-04T02:35:32.354+0000] {weather_info_ETL.py:157} ERROR - Archivo no encontrado: [Errno 2] No such file or directory: 'C:\\Fede\\Data Engineer Coderhouse\\Coder-entregable-3\\***_docker\\poblacion.csv'
[2024-06-04T02:35:32.768+0000] {weather_info_ETL.py:197} ERROR - Error al insertar datos en Redshift: INSERT has more target columns than expressions

[2024-06-04T02:35:32.770+0000] {weather_info_ETL.py:200} INFO - Conexión a Redshift cerrada.
[2024-06-04T02:35:32.771+0000] {python.py:237} INFO - Done. Returned value was: None
[2024-06-04T02:35:32.772+0000] {taskinstance.py:441} INFO - ::group::Post task execution logs
[2024-06-04T02:35:32.784+0000] {taskinstance.py:1206} INFO - Marking task as SUCCESS. dag_id=ingestion_data, task_id=insertar_datos, run_id=manual__2024-06-04T02:35:17.513706+00:00, execution_date=20240604T023517, start_date=20240604T023529, end_date=20240604T023532
[2024-06-04T02:35:32.817+0000] {local_task_job_runner.py:240} INFO - Task exited with return code 0
[2024-06-04T02:35:32.838+0000] {taskinstance.py:3498} INFO - 1 downstream tasks scheduled from follow-on schedule check
[2024-06-04T02:35:32.842+0000] {local_task_job_runner.py:222} INFO - ::endgroup::
