[2024-06-03T23:07:41.046+0000] {local_task_job_runner.py:120} INFO - ::group::Pre task execution logs
[2024-06-03T23:07:41.079+0000] {taskinstance.py:2076} INFO - Dependencies all met for dep_context=non-requeueable deps ti=<TaskInstance: ingestion_data.insertar_datos manual__2024-06-03T23:07:30.697572+00:00 [queued]>
[2024-06-03T23:07:41.093+0000] {taskinstance.py:2076} INFO - Dependencies all met for dep_context=requeueable deps ti=<TaskInstance: ingestion_data.insertar_datos manual__2024-06-03T23:07:30.697572+00:00 [queued]>
[2024-06-03T23:07:41.094+0000] {taskinstance.py:2306} INFO - Starting attempt 1 of 2
[2024-06-03T23:07:41.108+0000] {taskinstance.py:2330} INFO - Executing <Task(PythonOperator): insertar_datos> on 2024-06-03 23:07:30.697572+00:00
[2024-06-03T23:07:41.118+0000] {standard_task_runner.py:63} INFO - Started process 286 to run task
[2024-06-03T23:07:41.123+0000] {standard_task_runner.py:90} INFO - Running: ['***', 'tasks', 'run', 'ingestion_data', 'insertar_datos', 'manual__2024-06-03T23:07:30.697572+00:00', '--job-id', '59', '--raw', '--subdir', 'DAGS_FOLDER/dag_entregable_fedebar.py', '--cfg-path', '/tmp/tmpra4ncrqw']
[2024-06-03T23:07:41.124+0000] {standard_task_runner.py:91} INFO - Job 59: Subtask insertar_datos
[2024-06-03T23:07:41.181+0000] {task_command.py:426} INFO - Running <TaskInstance: ingestion_data.insertar_datos manual__2024-06-03T23:07:30.697572+00:00 [running]> on host 167cb9f6b96a
[2024-06-03T23:07:41.277+0000] {taskinstance.py:2648} INFO - Exporting env vars: AIRFLOW_CTX_DAG_OWNER='FedeBar' AIRFLOW_CTX_DAG_ID='ingestion_data' AIRFLOW_CTX_TASK_ID='insertar_datos' AIRFLOW_CTX_EXECUTION_DATE='2024-06-03T23:07:30.697572+00:00' AIRFLOW_CTX_TRY_NUMBER='1' AIRFLOW_CTX_DAG_RUN_ID='manual__2024-06-03T23:07:30.697572+00:00'
[2024-06-03T23:07:41.279+0000] {taskinstance.py:430} INFO - ::endgroup::
[2024-06-03T23:07:41.290+0000] {base.py:84} INFO - Using connection ID 'coder-redshift-fede' for task execution.
[2024-06-03T23:07:41.291+0000] {weather_info_ETL.py:15} INFO - Conectando a Redshift en data-engineer-cluster.cyhh5bfevlmn.us-east-1.redshift.amazonaws.com:5439/data-engineer-database
[2024-06-03T23:07:42.858+0000] {warnings.py:109} WARNING - /opt/***/dags/weather_info_ETL.py:151: UserWarning: pandas only supports SQLAlchemy connectable (engine/connection) or database string URI or sqlite3 DBAPI2 connection. Other DBAPI2 objects are not tested. Please consider using SQLAlchemy.
  existing_data = pd.read_sql(query_existing_data, conn)

[2024-06-03T23:07:43.622+0000] {warnings.py:109} WARNING - /opt/***/dags/weather_info_ETL.py:155: UserWarning: pandas only supports SQLAlchemy connectable (engine/connection) or database string URI or sqlite3 DBAPI2 connection. Other DBAPI2 objects are not tested. Please consider using SQLAlchemy.
  max_existing_load_date = pd.read_sql(query_max_load_date, conn).iloc[0, 0]

[2024-06-03T23:07:43.801+0000] {taskinstance.py:441} INFO - ::group::Post task execution logs
[2024-06-03T23:07:43.802+0000] {taskinstance.py:2905} ERROR - Task failed with exception
Traceback (most recent call last):
  File "/home/airflow/.local/lib/python3.8/site-packages/airflow/models/taskinstance.py", line 465, in _execute_task
    result = _execute_callable(context=context, **execute_callable_kwargs)
  File "/home/airflow/.local/lib/python3.8/site-packages/airflow/models/taskinstance.py", line 432, in _execute_callable
    return execute_callable(context=context, **execute_callable_kwargs)
  File "/home/airflow/.local/lib/python3.8/site-packages/airflow/models/baseoperator.py", line 400, in wrapper
    return func(self, *args, **kwargs)
  File "/home/airflow/.local/lib/python3.8/site-packages/airflow/operators/python.py", line 235, in execute
    return_value = self.execute_callable()
  File "/home/airflow/.local/lib/python3.8/site-packages/airflow/operators/python.py", line 252, in execute_callable
    return self.python_callable(*self.op_args, **self.op_kwargs)
  File "/opt/airflow/dags/weather_info_ETL.py", line 157, in insertar_data
    max_daily_load_date = completed_dataframe['load_date'].max()
NameError: name 'completed_dataframe' is not defined
[2024-06-03T23:07:43.816+0000] {taskinstance.py:1206} INFO - Marking task as UP_FOR_RETRY. dag_id=ingestion_data, task_id=insertar_datos, run_id=manual__2024-06-03T23:07:30.697572+00:00, execution_date=20240603T230730, start_date=20240603T230741, end_date=20240603T230743
[2024-06-03T23:07:43.832+0000] {standard_task_runner.py:110} ERROR - Failed to execute job 59 for task insertar_datos (name 'completed_dataframe' is not defined; 286)
[2024-06-03T23:07:43.867+0000] {local_task_job_runner.py:240} INFO - Task exited with return code 1
[2024-06-03T23:07:43.885+0000] {taskinstance.py:3498} INFO - 0 downstream tasks scheduled from follow-on schedule check
[2024-06-03T23:07:43.888+0000] {local_task_job_runner.py:222} INFO - ::endgroup::
