[2024-06-06T00:00:16.566+0000] {processor.py:161} INFO - Started process (PID=7562) to work on /opt/airflow/dags/weather_info_ETL.py
[2024-06-06T00:00:16.567+0000] {processor.py:830} INFO - Processing file /opt/airflow/dags/weather_info_ETL.py for tasks to queue
[2024-06-06T00:00:16.568+0000] {logging_mixin.py:188} INFO - [2024-06-06T00:00:16.568+0000] {dagbag.py:545} INFO - Filling up the DagBag from /opt/airflow/dags/weather_info_ETL.py
[2024-06-06T00:00:17.153+0000] {processor.py:842} WARNING - No viable dags retrieved from /opt/airflow/dags/weather_info_ETL.py
[2024-06-06T00:00:17.167+0000] {processor.py:183} INFO - Processing /opt/airflow/dags/weather_info_ETL.py took 0.609 seconds
[2024-06-06T00:00:47.280+0000] {processor.py:161} INFO - Started process (PID=7646) to work on /opt/airflow/dags/weather_info_ETL.py
[2024-06-06T00:00:47.281+0000] {processor.py:830} INFO - Processing file /opt/airflow/dags/weather_info_ETL.py for tasks to queue
[2024-06-06T00:00:47.283+0000] {logging_mixin.py:188} INFO - [2024-06-06T00:00:47.282+0000] {dagbag.py:545} INFO - Filling up the DagBag from /opt/airflow/dags/weather_info_ETL.py
[2024-06-06T00:00:47.822+0000] {processor.py:842} WARNING - No viable dags retrieved from /opt/airflow/dags/weather_info_ETL.py
[2024-06-06T00:00:47.837+0000] {processor.py:183} INFO - Processing /opt/airflow/dags/weather_info_ETL.py took 0.564 seconds
[2024-06-06T00:01:18.544+0000] {processor.py:161} INFO - Started process (PID=7718) to work on /opt/airflow/dags/weather_info_ETL.py
[2024-06-06T00:01:18.545+0000] {processor.py:830} INFO - Processing file /opt/airflow/dags/weather_info_ETL.py for tasks to queue
[2024-06-06T00:01:18.547+0000] {logging_mixin.py:188} INFO - [2024-06-06T00:01:18.546+0000] {dagbag.py:545} INFO - Filling up the DagBag from /opt/airflow/dags/weather_info_ETL.py
[2024-06-06T00:01:19.009+0000] {processor.py:842} WARNING - No viable dags retrieved from /opt/airflow/dags/weather_info_ETL.py
[2024-06-06T00:01:19.023+0000] {processor.py:183} INFO - Processing /opt/airflow/dags/weather_info_ETL.py took 0.485 seconds
[2024-06-06T00:01:49.620+0000] {processor.py:161} INFO - Started process (PID=7799) to work on /opt/airflow/dags/weather_info_ETL.py
[2024-06-06T00:01:49.621+0000] {processor.py:830} INFO - Processing file /opt/airflow/dags/weather_info_ETL.py for tasks to queue
[2024-06-06T00:01:49.622+0000] {logging_mixin.py:188} INFO - [2024-06-06T00:01:49.622+0000] {dagbag.py:545} INFO - Filling up the DagBag from /opt/airflow/dags/weather_info_ETL.py
[2024-06-06T00:01:50.226+0000] {processor.py:842} WARNING - No viable dags retrieved from /opt/airflow/dags/weather_info_ETL.py
[2024-06-06T00:01:50.237+0000] {processor.py:183} INFO - Processing /opt/airflow/dags/weather_info_ETL.py took 0.624 seconds
[2024-06-06T00:02:21.109+0000] {processor.py:161} INFO - Started process (PID=7871) to work on /opt/airflow/dags/weather_info_ETL.py
[2024-06-06T00:02:21.110+0000] {processor.py:830} INFO - Processing file /opt/airflow/dags/weather_info_ETL.py for tasks to queue
[2024-06-06T00:02:21.111+0000] {logging_mixin.py:188} INFO - [2024-06-06T00:02:21.111+0000] {dagbag.py:545} INFO - Filling up the DagBag from /opt/airflow/dags/weather_info_ETL.py
[2024-06-06T00:02:21.630+0000] {processor.py:842} WARNING - No viable dags retrieved from /opt/airflow/dags/weather_info_ETL.py
[2024-06-06T00:02:21.644+0000] {processor.py:183} INFO - Processing /opt/airflow/dags/weather_info_ETL.py took 0.542 seconds
[2024-06-06T00:02:52.593+0000] {processor.py:161} INFO - Started process (PID=7944) to work on /opt/airflow/dags/weather_info_ETL.py
[2024-06-06T00:02:52.594+0000] {processor.py:830} INFO - Processing file /opt/airflow/dags/weather_info_ETL.py for tasks to queue
[2024-06-06T00:02:52.595+0000] {logging_mixin.py:188} INFO - [2024-06-06T00:02:52.595+0000] {dagbag.py:545} INFO - Filling up the DagBag from /opt/airflow/dags/weather_info_ETL.py
[2024-06-06T00:02:53.408+0000] {processor.py:842} WARNING - No viable dags retrieved from /opt/airflow/dags/weather_info_ETL.py
[2024-06-06T00:02:53.423+0000] {processor.py:183} INFO - Processing /opt/airflow/dags/weather_info_ETL.py took 0.839 seconds
[2024-06-06T00:03:24.379+0000] {processor.py:161} INFO - Started process (PID=8023) to work on /opt/airflow/dags/weather_info_ETL.py
[2024-06-06T00:03:24.380+0000] {processor.py:830} INFO - Processing file /opt/airflow/dags/weather_info_ETL.py for tasks to queue
[2024-06-06T00:03:24.381+0000] {logging_mixin.py:188} INFO - [2024-06-06T00:03:24.381+0000] {dagbag.py:545} INFO - Filling up the DagBag from /opt/airflow/dags/weather_info_ETL.py
[2024-06-06T00:03:24.872+0000] {processor.py:842} WARNING - No viable dags retrieved from /opt/airflow/dags/weather_info_ETL.py
[2024-06-06T00:03:24.885+0000] {processor.py:183} INFO - Processing /opt/airflow/dags/weather_info_ETL.py took 0.511 seconds
[2024-06-06T00:03:55.805+0000] {processor.py:161} INFO - Started process (PID=8095) to work on /opt/airflow/dags/weather_info_ETL.py
[2024-06-06T00:03:55.806+0000] {processor.py:830} INFO - Processing file /opt/airflow/dags/weather_info_ETL.py for tasks to queue
[2024-06-06T00:03:55.807+0000] {logging_mixin.py:188} INFO - [2024-06-06T00:03:55.807+0000] {dagbag.py:545} INFO - Filling up the DagBag from /opt/airflow/dags/weather_info_ETL.py
[2024-06-06T00:03:56.318+0000] {processor.py:842} WARNING - No viable dags retrieved from /opt/airflow/dags/weather_info_ETL.py
[2024-06-06T00:03:56.331+0000] {processor.py:183} INFO - Processing /opt/airflow/dags/weather_info_ETL.py took 0.532 seconds
[2024-06-06T00:04:26.748+0000] {processor.py:161} INFO - Started process (PID=8175) to work on /opt/airflow/dags/weather_info_ETL.py
[2024-06-06T00:04:26.750+0000] {processor.py:830} INFO - Processing file /opt/airflow/dags/weather_info_ETL.py for tasks to queue
[2024-06-06T00:04:26.752+0000] {logging_mixin.py:188} INFO - [2024-06-06T00:04:26.751+0000] {dagbag.py:545} INFO - Filling up the DagBag from /opt/airflow/dags/weather_info_ETL.py
[2024-06-06T00:04:27.309+0000] {processor.py:842} WARNING - No viable dags retrieved from /opt/airflow/dags/weather_info_ETL.py
[2024-06-06T00:04:27.325+0000] {processor.py:183} INFO - Processing /opt/airflow/dags/weather_info_ETL.py took 0.583 seconds
[2024-06-06T00:04:58.259+0000] {processor.py:161} INFO - Started process (PID=8248) to work on /opt/airflow/dags/weather_info_ETL.py
[2024-06-06T00:04:58.260+0000] {processor.py:830} INFO - Processing file /opt/airflow/dags/weather_info_ETL.py for tasks to queue
[2024-06-06T00:04:58.261+0000] {logging_mixin.py:188} INFO - [2024-06-06T00:04:58.261+0000] {dagbag.py:545} INFO - Filling up the DagBag from /opt/airflow/dags/weather_info_ETL.py
[2024-06-06T00:04:58.981+0000] {processor.py:842} WARNING - No viable dags retrieved from /opt/airflow/dags/weather_info_ETL.py
[2024-06-06T00:04:58.996+0000] {processor.py:183} INFO - Processing /opt/airflow/dags/weather_info_ETL.py took 0.743 seconds
[2024-06-06T00:05:29.291+0000] {processor.py:161} INFO - Started process (PID=8328) to work on /opt/airflow/dags/weather_info_ETL.py
[2024-06-06T00:05:29.292+0000] {processor.py:830} INFO - Processing file /opt/airflow/dags/weather_info_ETL.py for tasks to queue
[2024-06-06T00:05:29.293+0000] {logging_mixin.py:188} INFO - [2024-06-06T00:05:29.293+0000] {dagbag.py:545} INFO - Filling up the DagBag from /opt/airflow/dags/weather_info_ETL.py
[2024-06-06T00:05:29.804+0000] {processor.py:842} WARNING - No viable dags retrieved from /opt/airflow/dags/weather_info_ETL.py
[2024-06-06T00:05:29.817+0000] {processor.py:183} INFO - Processing /opt/airflow/dags/weather_info_ETL.py took 0.532 seconds
[2024-06-06T00:06:00.225+0000] {processor.py:161} INFO - Started process (PID=8399) to work on /opt/airflow/dags/weather_info_ETL.py
[2024-06-06T00:06:00.226+0000] {processor.py:830} INFO - Processing file /opt/airflow/dags/weather_info_ETL.py for tasks to queue
[2024-06-06T00:06:00.227+0000] {logging_mixin.py:188} INFO - [2024-06-06T00:06:00.227+0000] {dagbag.py:545} INFO - Filling up the DagBag from /opt/airflow/dags/weather_info_ETL.py
[2024-06-06T00:06:00.814+0000] {processor.py:842} WARNING - No viable dags retrieved from /opt/airflow/dags/weather_info_ETL.py
[2024-06-06T00:06:00.826+0000] {processor.py:183} INFO - Processing /opt/airflow/dags/weather_info_ETL.py took 0.607 seconds
[2024-06-06T00:06:31.306+0000] {processor.py:161} INFO - Started process (PID=8479) to work on /opt/airflow/dags/weather_info_ETL.py
[2024-06-06T00:06:31.307+0000] {processor.py:830} INFO - Processing file /opt/airflow/dags/weather_info_ETL.py for tasks to queue
[2024-06-06T00:06:31.308+0000] {logging_mixin.py:188} INFO - [2024-06-06T00:06:31.308+0000] {dagbag.py:545} INFO - Filling up the DagBag from /opt/airflow/dags/weather_info_ETL.py
[2024-06-06T00:06:31.847+0000] {processor.py:842} WARNING - No viable dags retrieved from /opt/airflow/dags/weather_info_ETL.py
[2024-06-06T00:06:31.860+0000] {processor.py:183} INFO - Processing /opt/airflow/dags/weather_info_ETL.py took 0.563 seconds
[2024-06-06T00:07:02.446+0000] {processor.py:161} INFO - Started process (PID=8550) to work on /opt/airflow/dags/weather_info_ETL.py
[2024-06-06T00:07:02.447+0000] {processor.py:830} INFO - Processing file /opt/airflow/dags/weather_info_ETL.py for tasks to queue
[2024-06-06T00:07:02.449+0000] {logging_mixin.py:188} INFO - [2024-06-06T00:07:02.448+0000] {dagbag.py:545} INFO - Filling up the DagBag from /opt/airflow/dags/weather_info_ETL.py
[2024-06-06T00:07:03.048+0000] {processor.py:842} WARNING - No viable dags retrieved from /opt/airflow/dags/weather_info_ETL.py
[2024-06-06T00:07:03.063+0000] {processor.py:183} INFO - Processing /opt/airflow/dags/weather_info_ETL.py took 0.625 seconds
[2024-06-06T00:07:33.211+0000] {processor.py:161} INFO - Started process (PID=8631) to work on /opt/airflow/dags/weather_info_ETL.py
[2024-06-06T00:07:33.213+0000] {processor.py:830} INFO - Processing file /opt/airflow/dags/weather_info_ETL.py for tasks to queue
[2024-06-06T00:07:33.214+0000] {logging_mixin.py:188} INFO - [2024-06-06T00:07:33.213+0000] {dagbag.py:545} INFO - Filling up the DagBag from /opt/airflow/dags/weather_info_ETL.py
[2024-06-06T00:07:33.812+0000] {processor.py:842} WARNING - No viable dags retrieved from /opt/airflow/dags/weather_info_ETL.py
[2024-06-06T00:07:33.825+0000] {processor.py:183} INFO - Processing /opt/airflow/dags/weather_info_ETL.py took 0.622 seconds
[2024-06-06T00:08:04.241+0000] {processor.py:161} INFO - Started process (PID=8702) to work on /opt/airflow/dags/weather_info_ETL.py
[2024-06-06T00:08:04.242+0000] {processor.py:830} INFO - Processing file /opt/airflow/dags/weather_info_ETL.py for tasks to queue
[2024-06-06T00:08:04.243+0000] {logging_mixin.py:188} INFO - [2024-06-06T00:08:04.243+0000] {dagbag.py:545} INFO - Filling up the DagBag from /opt/airflow/dags/weather_info_ETL.py
[2024-06-06T00:08:04.673+0000] {processor.py:842} WARNING - No viable dags retrieved from /opt/airflow/dags/weather_info_ETL.py
[2024-06-06T00:08:04.688+0000] {processor.py:183} INFO - Processing /opt/airflow/dags/weather_info_ETL.py took 0.453 seconds
[2024-06-06T00:08:35.350+0000] {processor.py:161} INFO - Started process (PID=8774) to work on /opt/airflow/dags/weather_info_ETL.py
[2024-06-06T00:08:35.351+0000] {processor.py:830} INFO - Processing file /opt/airflow/dags/weather_info_ETL.py for tasks to queue
[2024-06-06T00:08:35.353+0000] {logging_mixin.py:188} INFO - [2024-06-06T00:08:35.353+0000] {dagbag.py:545} INFO - Filling up the DagBag from /opt/airflow/dags/weather_info_ETL.py
[2024-06-06T00:08:35.786+0000] {processor.py:842} WARNING - No viable dags retrieved from /opt/airflow/dags/weather_info_ETL.py
[2024-06-06T00:08:35.801+0000] {processor.py:183} INFO - Processing /opt/airflow/dags/weather_info_ETL.py took 0.457 seconds
[2024-06-06T00:09:06.304+0000] {processor.py:161} INFO - Started process (PID=8854) to work on /opt/airflow/dags/weather_info_ETL.py
[2024-06-06T00:09:06.305+0000] {processor.py:830} INFO - Processing file /opt/airflow/dags/weather_info_ETL.py for tasks to queue
[2024-06-06T00:09:06.306+0000] {logging_mixin.py:188} INFO - [2024-06-06T00:09:06.306+0000] {dagbag.py:545} INFO - Filling up the DagBag from /opt/airflow/dags/weather_info_ETL.py
[2024-06-06T00:09:06.716+0000] {processor.py:842} WARNING - No viable dags retrieved from /opt/airflow/dags/weather_info_ETL.py
[2024-06-06T00:09:06.732+0000] {processor.py:183} INFO - Processing /opt/airflow/dags/weather_info_ETL.py took 0.436 seconds
[2024-06-06T00:09:37.039+0000] {processor.py:161} INFO - Started process (PID=8927) to work on /opt/airflow/dags/weather_info_ETL.py
[2024-06-06T00:09:37.040+0000] {processor.py:830} INFO - Processing file /opt/airflow/dags/weather_info_ETL.py for tasks to queue
[2024-06-06T00:09:37.042+0000] {logging_mixin.py:188} INFO - [2024-06-06T00:09:37.041+0000] {dagbag.py:545} INFO - Filling up the DagBag from /opt/airflow/dags/weather_info_ETL.py
[2024-06-06T00:09:37.430+0000] {processor.py:842} WARNING - No viable dags retrieved from /opt/airflow/dags/weather_info_ETL.py
[2024-06-06T00:09:37.445+0000] {processor.py:183} INFO - Processing /opt/airflow/dags/weather_info_ETL.py took 0.413 seconds
[2024-06-06T00:10:07.574+0000] {processor.py:161} INFO - Started process (PID=9007) to work on /opt/airflow/dags/weather_info_ETL.py
[2024-06-06T00:10:07.575+0000] {processor.py:830} INFO - Processing file /opt/airflow/dags/weather_info_ETL.py for tasks to queue
[2024-06-06T00:10:07.576+0000] {logging_mixin.py:188} INFO - [2024-06-06T00:10:07.576+0000] {dagbag.py:545} INFO - Filling up the DagBag from /opt/airflow/dags/weather_info_ETL.py
[2024-06-06T00:10:07.963+0000] {processor.py:842} WARNING - No viable dags retrieved from /opt/airflow/dags/weather_info_ETL.py
[2024-06-06T00:10:07.977+0000] {processor.py:183} INFO - Processing /opt/airflow/dags/weather_info_ETL.py took 0.409 seconds
[2024-06-06T00:10:38.222+0000] {processor.py:161} INFO - Started process (PID=9077) to work on /opt/airflow/dags/weather_info_ETL.py
[2024-06-06T00:10:38.223+0000] {processor.py:830} INFO - Processing file /opt/airflow/dags/weather_info_ETL.py for tasks to queue
[2024-06-06T00:10:38.224+0000] {logging_mixin.py:188} INFO - [2024-06-06T00:10:38.224+0000] {dagbag.py:545} INFO - Filling up the DagBag from /opt/airflow/dags/weather_info_ETL.py
[2024-06-06T00:10:38.615+0000] {processor.py:842} WARNING - No viable dags retrieved from /opt/airflow/dags/weather_info_ETL.py
[2024-06-06T00:10:38.629+0000] {processor.py:183} INFO - Processing /opt/airflow/dags/weather_info_ETL.py took 0.415 seconds
[2024-06-06T00:11:08.756+0000] {processor.py:161} INFO - Started process (PID=9157) to work on /opt/airflow/dags/weather_info_ETL.py
[2024-06-06T00:11:08.757+0000] {processor.py:830} INFO - Processing file /opt/airflow/dags/weather_info_ETL.py for tasks to queue
[2024-06-06T00:11:08.758+0000] {logging_mixin.py:188} INFO - [2024-06-06T00:11:08.758+0000] {dagbag.py:545} INFO - Filling up the DagBag from /opt/airflow/dags/weather_info_ETL.py
[2024-06-06T00:11:09.287+0000] {processor.py:842} WARNING - No viable dags retrieved from /opt/airflow/dags/weather_info_ETL.py
[2024-06-06T00:11:09.303+0000] {processor.py:183} INFO - Processing /opt/airflow/dags/weather_info_ETL.py took 0.556 seconds
[2024-06-06T00:11:40.002+0000] {processor.py:161} INFO - Started process (PID=9229) to work on /opt/airflow/dags/weather_info_ETL.py
[2024-06-06T00:11:40.003+0000] {processor.py:830} INFO - Processing file /opt/airflow/dags/weather_info_ETL.py for tasks to queue
[2024-06-06T00:11:40.004+0000] {logging_mixin.py:188} INFO - [2024-06-06T00:11:40.004+0000] {dagbag.py:545} INFO - Filling up the DagBag from /opt/airflow/dags/weather_info_ETL.py
[2024-06-06T00:11:40.398+0000] {processor.py:842} WARNING - No viable dags retrieved from /opt/airflow/dags/weather_info_ETL.py
[2024-06-06T00:11:40.413+0000] {processor.py:183} INFO - Processing /opt/airflow/dags/weather_info_ETL.py took 0.418 seconds
[2024-06-06T00:12:10.593+0000] {processor.py:161} INFO - Started process (PID=9302) to work on /opt/airflow/dags/weather_info_ETL.py
[2024-06-06T00:12:10.594+0000] {processor.py:830} INFO - Processing file /opt/airflow/dags/weather_info_ETL.py for tasks to queue
[2024-06-06T00:12:10.595+0000] {logging_mixin.py:188} INFO - [2024-06-06T00:12:10.595+0000] {dagbag.py:545} INFO - Filling up the DagBag from /opt/airflow/dags/weather_info_ETL.py
[2024-06-06T00:12:10.972+0000] {processor.py:842} WARNING - No viable dags retrieved from /opt/airflow/dags/weather_info_ETL.py
[2024-06-06T00:12:10.986+0000] {processor.py:183} INFO - Processing /opt/airflow/dags/weather_info_ETL.py took 0.399 seconds
[2024-06-06T00:12:41.318+0000] {processor.py:161} INFO - Started process (PID=9383) to work on /opt/airflow/dags/weather_info_ETL.py
[2024-06-06T00:12:41.319+0000] {processor.py:830} INFO - Processing file /opt/airflow/dags/weather_info_ETL.py for tasks to queue
[2024-06-06T00:12:41.320+0000] {logging_mixin.py:188} INFO - [2024-06-06T00:12:41.319+0000] {dagbag.py:545} INFO - Filling up the DagBag from /opt/airflow/dags/weather_info_ETL.py
[2024-06-06T00:12:41.743+0000] {processor.py:842} WARNING - No viable dags retrieved from /opt/airflow/dags/weather_info_ETL.py
[2024-06-06T00:12:41.756+0000] {processor.py:183} INFO - Processing /opt/airflow/dags/weather_info_ETL.py took 0.448 seconds
[2024-06-06T00:13:12.152+0000] {processor.py:161} INFO - Started process (PID=9453) to work on /opt/airflow/dags/weather_info_ETL.py
[2024-06-06T00:13:12.153+0000] {processor.py:830} INFO - Processing file /opt/airflow/dags/weather_info_ETL.py for tasks to queue
[2024-06-06T00:13:12.154+0000] {logging_mixin.py:188} INFO - [2024-06-06T00:13:12.154+0000] {dagbag.py:545} INFO - Filling up the DagBag from /opt/airflow/dags/weather_info_ETL.py
[2024-06-06T00:13:12.653+0000] {processor.py:842} WARNING - No viable dags retrieved from /opt/airflow/dags/weather_info_ETL.py
[2024-06-06T00:13:12.670+0000] {processor.py:183} INFO - Processing /opt/airflow/dags/weather_info_ETL.py took 0.526 seconds
[2024-06-06T00:13:43.055+0000] {processor.py:161} INFO - Started process (PID=9533) to work on /opt/airflow/dags/weather_info_ETL.py
[2024-06-06T00:13:43.056+0000] {processor.py:830} INFO - Processing file /opt/airflow/dags/weather_info_ETL.py for tasks to queue
[2024-06-06T00:13:43.057+0000] {logging_mixin.py:188} INFO - [2024-06-06T00:13:43.057+0000] {dagbag.py:545} INFO - Filling up the DagBag from /opt/airflow/dags/weather_info_ETL.py
[2024-06-06T00:13:43.603+0000] {processor.py:842} WARNING - No viable dags retrieved from /opt/airflow/dags/weather_info_ETL.py
[2024-06-06T00:13:43.625+0000] {processor.py:183} INFO - Processing /opt/airflow/dags/weather_info_ETL.py took 0.577 seconds
[2024-06-06T00:14:13.694+0000] {processor.py:161} INFO - Started process (PID=9607) to work on /opt/airflow/dags/weather_info_ETL.py
[2024-06-06T00:14:13.695+0000] {processor.py:830} INFO - Processing file /opt/airflow/dags/weather_info_ETL.py for tasks to queue
[2024-06-06T00:14:13.696+0000] {logging_mixin.py:188} INFO - [2024-06-06T00:14:13.696+0000] {dagbag.py:545} INFO - Filling up the DagBag from /opt/airflow/dags/weather_info_ETL.py
[2024-06-06T00:14:14.283+0000] {processor.py:842} WARNING - No viable dags retrieved from /opt/airflow/dags/weather_info_ETL.py
[2024-06-06T00:14:14.297+0000] {processor.py:183} INFO - Processing /opt/airflow/dags/weather_info_ETL.py took 0.608 seconds
[2024-06-06T00:14:44.733+0000] {processor.py:161} INFO - Started process (PID=9679) to work on /opt/airflow/dags/weather_info_ETL.py
[2024-06-06T00:14:44.734+0000] {processor.py:830} INFO - Processing file /opt/airflow/dags/weather_info_ETL.py for tasks to queue
[2024-06-06T00:14:44.735+0000] {logging_mixin.py:188} INFO - [2024-06-06T00:14:44.735+0000] {dagbag.py:545} INFO - Filling up the DagBag from /opt/airflow/dags/weather_info_ETL.py
[2024-06-06T00:14:45.729+0000] {processor.py:842} WARNING - No viable dags retrieved from /opt/airflow/dags/weather_info_ETL.py
[2024-06-06T00:14:45.741+0000] {processor.py:183} INFO - Processing /opt/airflow/dags/weather_info_ETL.py took 1.015 seconds
[2024-06-06T00:15:15.874+0000] {processor.py:161} INFO - Started process (PID=9759) to work on /opt/airflow/dags/weather_info_ETL.py
[2024-06-06T00:15:15.875+0000] {processor.py:830} INFO - Processing file /opt/airflow/dags/weather_info_ETL.py for tasks to queue
[2024-06-06T00:15:15.876+0000] {logging_mixin.py:188} INFO - [2024-06-06T00:15:15.876+0000] {dagbag.py:545} INFO - Filling up the DagBag from /opt/airflow/dags/weather_info_ETL.py
[2024-06-06T00:15:16.380+0000] {processor.py:842} WARNING - No viable dags retrieved from /opt/airflow/dags/weather_info_ETL.py
[2024-06-06T00:15:16.393+0000] {processor.py:183} INFO - Processing /opt/airflow/dags/weather_info_ETL.py took 0.527 seconds
[2024-06-06T00:15:46.479+0000] {processor.py:161} INFO - Started process (PID=9831) to work on /opt/airflow/dags/weather_info_ETL.py
[2024-06-06T00:15:46.480+0000] {processor.py:830} INFO - Processing file /opt/airflow/dags/weather_info_ETL.py for tasks to queue
[2024-06-06T00:15:46.481+0000] {logging_mixin.py:188} INFO - [2024-06-06T00:15:46.481+0000] {dagbag.py:545} INFO - Filling up the DagBag from /opt/airflow/dags/weather_info_ETL.py
[2024-06-06T00:15:47.040+0000] {processor.py:842} WARNING - No viable dags retrieved from /opt/airflow/dags/weather_info_ETL.py
[2024-06-06T00:15:47.051+0000] {processor.py:183} INFO - Processing /opt/airflow/dags/weather_info_ETL.py took 0.578 seconds
[2024-06-06T00:15:51.831+0000] {processor.py:161} INFO - Started process (PID=9842) to work on /opt/airflow/dags/weather_info_ETL.py
[2024-06-06T00:15:51.833+0000] {processor.py:830} INFO - Processing file /opt/airflow/dags/weather_info_ETL.py for tasks to queue
[2024-06-06T00:15:51.834+0000] {logging_mixin.py:188} INFO - [2024-06-06T00:15:51.834+0000] {dagbag.py:545} INFO - Filling up the DagBag from /opt/airflow/dags/weather_info_ETL.py
[2024-06-06T00:15:51.842+0000] {logging_mixin.py:188} INFO - [2024-06-06T00:15:51.842+0000] {dagbag.py:334} INFO - File /opt/airflow/dags/weather_info_ETL.py assumed to contain no DAGs. Skipping.
[2024-06-06T00:15:51.843+0000] {processor.py:842} WARNING - No viable dags retrieved from /opt/airflow/dags/weather_info_ETL.py
[2024-06-06T00:15:51.859+0000] {processor.py:183} INFO - Processing /opt/airflow/dags/weather_info_ETL.py took 0.034 seconds
[2024-06-06T00:16:22.166+0000] {processor.py:161} INFO - Started process (PID=9912) to work on /opt/airflow/dags/weather_info_ETL.py
[2024-06-06T00:16:22.167+0000] {processor.py:830} INFO - Processing file /opt/airflow/dags/weather_info_ETL.py for tasks to queue
[2024-06-06T00:16:22.169+0000] {logging_mixin.py:188} INFO - [2024-06-06T00:16:22.169+0000] {dagbag.py:545} INFO - Filling up the DagBag from /opt/airflow/dags/weather_info_ETL.py
[2024-06-06T00:16:22.179+0000] {logging_mixin.py:188} INFO - [2024-06-06T00:16:22.179+0000] {dagbag.py:334} INFO - File /opt/airflow/dags/weather_info_ETL.py assumed to contain no DAGs. Skipping.
[2024-06-06T00:16:22.180+0000] {processor.py:842} WARNING - No viable dags retrieved from /opt/airflow/dags/weather_info_ETL.py
[2024-06-06T00:16:22.194+0000] {processor.py:183} INFO - Processing /opt/airflow/dags/weather_info_ETL.py took 0.035 seconds
[2024-06-06T00:16:52.321+0000] {processor.py:161} INFO - Started process (PID=9983) to work on /opt/airflow/dags/weather_info_ETL.py
[2024-06-06T00:16:52.322+0000] {processor.py:830} INFO - Processing file /opt/airflow/dags/weather_info_ETL.py for tasks to queue
[2024-06-06T00:16:52.323+0000] {logging_mixin.py:188} INFO - [2024-06-06T00:16:52.322+0000] {dagbag.py:545} INFO - Filling up the DagBag from /opt/airflow/dags/weather_info_ETL.py
[2024-06-06T00:16:52.328+0000] {logging_mixin.py:188} INFO - [2024-06-06T00:16:52.328+0000] {dagbag.py:334} INFO - File /opt/airflow/dags/weather_info_ETL.py assumed to contain no DAGs. Skipping.
[2024-06-06T00:16:52.329+0000] {processor.py:842} WARNING - No viable dags retrieved from /opt/airflow/dags/weather_info_ETL.py
[2024-06-06T00:16:52.344+0000] {processor.py:183} INFO - Processing /opt/airflow/dags/weather_info_ETL.py took 0.030 seconds
[2024-06-06T00:17:22.880+0000] {processor.py:161} INFO - Started process (PID=10061) to work on /opt/airflow/dags/weather_info_ETL.py
[2024-06-06T00:17:22.881+0000] {processor.py:830} INFO - Processing file /opt/airflow/dags/weather_info_ETL.py for tasks to queue
[2024-06-06T00:17:22.882+0000] {logging_mixin.py:188} INFO - [2024-06-06T00:17:22.882+0000] {dagbag.py:545} INFO - Filling up the DagBag from /opt/airflow/dags/weather_info_ETL.py
[2024-06-06T00:17:22.888+0000] {logging_mixin.py:188} INFO - [2024-06-06T00:17:22.888+0000] {dagbag.py:334} INFO - File /opt/airflow/dags/weather_info_ETL.py assumed to contain no DAGs. Skipping.
[2024-06-06T00:17:22.888+0000] {processor.py:842} WARNING - No viable dags retrieved from /opt/airflow/dags/weather_info_ETL.py
[2024-06-06T00:17:22.902+0000] {processor.py:183} INFO - Processing /opt/airflow/dags/weather_info_ETL.py took 0.028 seconds
[2024-06-06T00:17:53.227+0000] {processor.py:161} INFO - Started process (PID=10131) to work on /opt/airflow/dags/weather_info_ETL.py
[2024-06-06T00:17:53.228+0000] {processor.py:830} INFO - Processing file /opt/airflow/dags/weather_info_ETL.py for tasks to queue
[2024-06-06T00:17:53.229+0000] {logging_mixin.py:188} INFO - [2024-06-06T00:17:53.229+0000] {dagbag.py:545} INFO - Filling up the DagBag from /opt/airflow/dags/weather_info_ETL.py
[2024-06-06T00:17:53.235+0000] {logging_mixin.py:188} INFO - [2024-06-06T00:17:53.234+0000] {dagbag.py:334} INFO - File /opt/airflow/dags/weather_info_ETL.py assumed to contain no DAGs. Skipping.
[2024-06-06T00:17:53.235+0000] {processor.py:842} WARNING - No viable dags retrieved from /opt/airflow/dags/weather_info_ETL.py
[2024-06-06T00:17:53.250+0000] {processor.py:183} INFO - Processing /opt/airflow/dags/weather_info_ETL.py took 0.030 seconds
[2024-06-06T00:18:23.442+0000] {processor.py:161} INFO - Started process (PID=10209) to work on /opt/airflow/dags/weather_info_ETL.py
[2024-06-06T00:18:23.444+0000] {processor.py:830} INFO - Processing file /opt/airflow/dags/weather_info_ETL.py for tasks to queue
[2024-06-06T00:18:23.446+0000] {logging_mixin.py:188} INFO - [2024-06-06T00:18:23.446+0000] {dagbag.py:545} INFO - Filling up the DagBag from /opt/airflow/dags/weather_info_ETL.py
[2024-06-06T00:18:23.454+0000] {logging_mixin.py:188} INFO - [2024-06-06T00:18:23.453+0000] {dagbag.py:334} INFO - File /opt/airflow/dags/weather_info_ETL.py assumed to contain no DAGs. Skipping.
[2024-06-06T00:18:23.454+0000] {processor.py:842} WARNING - No viable dags retrieved from /opt/airflow/dags/weather_info_ETL.py
[2024-06-06T00:18:23.468+0000] {processor.py:183} INFO - Processing /opt/airflow/dags/weather_info_ETL.py took 0.033 seconds
[2024-06-06T00:18:53.816+0000] {processor.py:161} INFO - Started process (PID=10279) to work on /opt/airflow/dags/weather_info_ETL.py
[2024-06-06T00:18:53.818+0000] {processor.py:830} INFO - Processing file /opt/airflow/dags/weather_info_ETL.py for tasks to queue
[2024-06-06T00:18:53.819+0000] {logging_mixin.py:188} INFO - [2024-06-06T00:18:53.819+0000] {dagbag.py:545} INFO - Filling up the DagBag from /opt/airflow/dags/weather_info_ETL.py
[2024-06-06T00:18:53.827+0000] {logging_mixin.py:188} INFO - [2024-06-06T00:18:53.826+0000] {dagbag.py:334} INFO - File /opt/airflow/dags/weather_info_ETL.py assumed to contain no DAGs. Skipping.
[2024-06-06T00:18:53.828+0000] {processor.py:842} WARNING - No viable dags retrieved from /opt/airflow/dags/weather_info_ETL.py
[2024-06-06T00:18:53.843+0000] {processor.py:183} INFO - Processing /opt/airflow/dags/weather_info_ETL.py took 0.035 seconds
[2024-06-06T00:19:24.186+0000] {processor.py:161} INFO - Started process (PID=10357) to work on /opt/airflow/dags/weather_info_ETL.py
[2024-06-06T00:19:24.187+0000] {processor.py:830} INFO - Processing file /opt/airflow/dags/weather_info_ETL.py for tasks to queue
[2024-06-06T00:19:24.188+0000] {logging_mixin.py:188} INFO - [2024-06-06T00:19:24.187+0000] {dagbag.py:545} INFO - Filling up the DagBag from /opt/airflow/dags/weather_info_ETL.py
[2024-06-06T00:19:24.195+0000] {logging_mixin.py:188} INFO - [2024-06-06T00:19:24.195+0000] {dagbag.py:334} INFO - File /opt/airflow/dags/weather_info_ETL.py assumed to contain no DAGs. Skipping.
[2024-06-06T00:19:24.196+0000] {processor.py:842} WARNING - No viable dags retrieved from /opt/airflow/dags/weather_info_ETL.py
[2024-06-06T00:19:24.212+0000] {processor.py:183} INFO - Processing /opt/airflow/dags/weather_info_ETL.py took 0.033 seconds
[2024-06-06T00:24:48.977+0000] {processor.py:161} INFO - Started process (PID=11149) to work on /opt/airflow/dags/weather_info_ETL.py
[2024-06-06T00:24:48.979+0000] {processor.py:830} INFO - Processing file /opt/airflow/dags/weather_info_ETL.py for tasks to queue
[2024-06-06T00:24:48.980+0000] {logging_mixin.py:188} INFO - [2024-06-06T00:24:48.980+0000] {dagbag.py:545} INFO - Filling up the DagBag from /opt/airflow/dags/weather_info_ETL.py
[2024-06-06T00:24:49.511+0000] {processor.py:842} WARNING - No viable dags retrieved from /opt/airflow/dags/weather_info_ETL.py
[2024-06-06T00:24:49.523+0000] {processor.py:183} INFO - Processing /opt/airflow/dags/weather_info_ETL.py took 0.551 seconds
[2024-06-06T00:25:13.376+0000] {processor.py:161} INFO - Started process (PID=11223) to work on /opt/airflow/dags/weather_info_ETL.py
[2024-06-06T00:25:13.377+0000] {processor.py:830} INFO - Processing file /opt/airflow/dags/weather_info_ETL.py for tasks to queue
[2024-06-06T00:25:13.378+0000] {logging_mixin.py:188} INFO - [2024-06-06T00:25:13.378+0000] {dagbag.py:545} INFO - Filling up the DagBag from /opt/airflow/dags/weather_info_ETL.py
[2024-06-06T00:25:13.936+0000] {processor.py:842} WARNING - No viable dags retrieved from /opt/airflow/dags/weather_info_ETL.py
[2024-06-06T00:25:13.953+0000] {processor.py:183} INFO - Processing /opt/airflow/dags/weather_info_ETL.py took 0.584 seconds
[2024-06-06T00:25:44.292+0000] {processor.py:161} INFO - Started process (PID=11302) to work on /opt/airflow/dags/weather_info_ETL.py
[2024-06-06T00:25:44.293+0000] {processor.py:830} INFO - Processing file /opt/airflow/dags/weather_info_ETL.py for tasks to queue
[2024-06-06T00:25:44.294+0000] {logging_mixin.py:188} INFO - [2024-06-06T00:25:44.293+0000] {dagbag.py:545} INFO - Filling up the DagBag from /opt/airflow/dags/weather_info_ETL.py
[2024-06-06T00:25:44.853+0000] {processor.py:842} WARNING - No viable dags retrieved from /opt/airflow/dags/weather_info_ETL.py
[2024-06-06T00:25:44.865+0000] {processor.py:183} INFO - Processing /opt/airflow/dags/weather_info_ETL.py took 0.582 seconds
[2024-06-06T00:26:14.994+0000] {processor.py:161} INFO - Started process (PID=11374) to work on /opt/airflow/dags/weather_info_ETL.py
[2024-06-06T00:26:14.995+0000] {processor.py:830} INFO - Processing file /opt/airflow/dags/weather_info_ETL.py for tasks to queue
[2024-06-06T00:26:14.996+0000] {logging_mixin.py:188} INFO - [2024-06-06T00:26:14.996+0000] {dagbag.py:545} INFO - Filling up the DagBag from /opt/airflow/dags/weather_info_ETL.py
[2024-06-06T00:26:15.482+0000] {processor.py:842} WARNING - No viable dags retrieved from /opt/airflow/dags/weather_info_ETL.py
[2024-06-06T00:26:15.495+0000] {processor.py:183} INFO - Processing /opt/airflow/dags/weather_info_ETL.py took 0.508 seconds
[2024-06-06T00:26:45.735+0000] {processor.py:161} INFO - Started process (PID=11444) to work on /opt/airflow/dags/weather_info_ETL.py
[2024-06-06T00:26:45.736+0000] {processor.py:830} INFO - Processing file /opt/airflow/dags/weather_info_ETL.py for tasks to queue
[2024-06-06T00:26:45.737+0000] {logging_mixin.py:188} INFO - [2024-06-06T00:26:45.737+0000] {dagbag.py:545} INFO - Filling up the DagBag from /opt/airflow/dags/weather_info_ETL.py
[2024-06-06T00:26:46.394+0000] {processor.py:842} WARNING - No viable dags retrieved from /opt/airflow/dags/weather_info_ETL.py
[2024-06-06T00:26:46.411+0000] {processor.py:183} INFO - Processing /opt/airflow/dags/weather_info_ETL.py took 0.684 seconds
[2024-06-06T00:27:17.034+0000] {processor.py:161} INFO - Started process (PID=11524) to work on /opt/airflow/dags/weather_info_ETL.py
[2024-06-06T00:27:17.035+0000] {processor.py:830} INFO - Processing file /opt/airflow/dags/weather_info_ETL.py for tasks to queue
[2024-06-06T00:27:17.036+0000] {logging_mixin.py:188} INFO - [2024-06-06T00:27:17.036+0000] {dagbag.py:545} INFO - Filling up the DagBag from /opt/airflow/dags/weather_info_ETL.py
[2024-06-06T00:27:17.570+0000] {processor.py:842} WARNING - No viable dags retrieved from /opt/airflow/dags/weather_info_ETL.py
[2024-06-06T00:27:17.585+0000] {processor.py:183} INFO - Processing /opt/airflow/dags/weather_info_ETL.py took 0.558 seconds
[2024-06-06T00:27:48.251+0000] {processor.py:161} INFO - Started process (PID=11596) to work on /opt/airflow/dags/weather_info_ETL.py
[2024-06-06T00:27:48.253+0000] {processor.py:830} INFO - Processing file /opt/airflow/dags/weather_info_ETL.py for tasks to queue
[2024-06-06T00:27:48.254+0000] {logging_mixin.py:188} INFO - [2024-06-06T00:27:48.254+0000] {dagbag.py:545} INFO - Filling up the DagBag from /opt/airflow/dags/weather_info_ETL.py
[2024-06-06T00:27:48.852+0000] {processor.py:842} WARNING - No viable dags retrieved from /opt/airflow/dags/weather_info_ETL.py
[2024-06-06T00:27:48.865+0000] {processor.py:183} INFO - Processing /opt/airflow/dags/weather_info_ETL.py took 0.624 seconds
[2024-06-06T00:28:19.694+0000] {processor.py:161} INFO - Started process (PID=11676) to work on /opt/airflow/dags/weather_info_ETL.py
[2024-06-06T00:28:19.695+0000] {processor.py:830} INFO - Processing file /opt/airflow/dags/weather_info_ETL.py for tasks to queue
[2024-06-06T00:28:19.697+0000] {logging_mixin.py:188} INFO - [2024-06-06T00:28:19.696+0000] {dagbag.py:545} INFO - Filling up the DagBag from /opt/airflow/dags/weather_info_ETL.py
[2024-06-06T00:28:20.224+0000] {processor.py:842} WARNING - No viable dags retrieved from /opt/airflow/dags/weather_info_ETL.py
[2024-06-06T00:28:20.237+0000] {processor.py:183} INFO - Processing /opt/airflow/dags/weather_info_ETL.py took 0.553 seconds
[2024-06-06T00:28:50.746+0000] {processor.py:161} INFO - Started process (PID=11749) to work on /opt/airflow/dags/weather_info_ETL.py
[2024-06-06T00:28:50.747+0000] {processor.py:830} INFO - Processing file /opt/airflow/dags/weather_info_ETL.py for tasks to queue
[2024-06-06T00:28:50.749+0000] {logging_mixin.py:188} INFO - [2024-06-06T00:28:50.748+0000] {dagbag.py:545} INFO - Filling up the DagBag from /opt/airflow/dags/weather_info_ETL.py
[2024-06-06T00:28:51.301+0000] {processor.py:842} WARNING - No viable dags retrieved from /opt/airflow/dags/weather_info_ETL.py
[2024-06-06T00:28:51.316+0000] {processor.py:183} INFO - Processing /opt/airflow/dags/weather_info_ETL.py took 0.577 seconds
[2024-06-06T00:29:22.173+0000] {processor.py:161} INFO - Started process (PID=11829) to work on /opt/airflow/dags/weather_info_ETL.py
[2024-06-06T00:29:22.175+0000] {processor.py:830} INFO - Processing file /opt/airflow/dags/weather_info_ETL.py for tasks to queue
[2024-06-06T00:29:22.176+0000] {logging_mixin.py:188} INFO - [2024-06-06T00:29:22.176+0000] {dagbag.py:545} INFO - Filling up the DagBag from /opt/airflow/dags/weather_info_ETL.py
[2024-06-06T00:29:22.732+0000] {processor.py:842} WARNING - No viable dags retrieved from /opt/airflow/dags/weather_info_ETL.py
[2024-06-06T00:29:22.745+0000] {processor.py:183} INFO - Processing /opt/airflow/dags/weather_info_ETL.py took 0.578 seconds
[2024-06-06T00:29:53.103+0000] {processor.py:161} INFO - Started process (PID=11903) to work on /opt/airflow/dags/weather_info_ETL.py
[2024-06-06T00:29:53.104+0000] {processor.py:830} INFO - Processing file /opt/airflow/dags/weather_info_ETL.py for tasks to queue
[2024-06-06T00:29:53.105+0000] {logging_mixin.py:188} INFO - [2024-06-06T00:29:53.105+0000] {dagbag.py:545} INFO - Filling up the DagBag from /opt/airflow/dags/weather_info_ETL.py
[2024-06-06T00:29:53.602+0000] {processor.py:842} WARNING - No viable dags retrieved from /opt/airflow/dags/weather_info_ETL.py
[2024-06-06T00:29:53.615+0000] {processor.py:183} INFO - Processing /opt/airflow/dags/weather_info_ETL.py took 0.520 seconds
[2024-06-06T00:30:24.478+0000] {processor.py:161} INFO - Started process (PID=11983) to work on /opt/airflow/dags/weather_info_ETL.py
[2024-06-06T00:30:24.480+0000] {processor.py:830} INFO - Processing file /opt/airflow/dags/weather_info_ETL.py for tasks to queue
[2024-06-06T00:30:24.481+0000] {logging_mixin.py:188} INFO - [2024-06-06T00:30:24.480+0000] {dagbag.py:545} INFO - Filling up the DagBag from /opt/airflow/dags/weather_info_ETL.py
[2024-06-06T00:30:25.027+0000] {processor.py:842} WARNING - No viable dags retrieved from /opt/airflow/dags/weather_info_ETL.py
[2024-06-06T00:30:25.041+0000] {processor.py:183} INFO - Processing /opt/airflow/dags/weather_info_ETL.py took 0.569 seconds
[2024-06-06T00:30:55.151+0000] {processor.py:161} INFO - Started process (PID=12055) to work on /opt/airflow/dags/weather_info_ETL.py
[2024-06-06T00:30:55.152+0000] {processor.py:830} INFO - Processing file /opt/airflow/dags/weather_info_ETL.py for tasks to queue
[2024-06-06T00:30:55.154+0000] {logging_mixin.py:188} INFO - [2024-06-06T00:30:55.154+0000] {dagbag.py:545} INFO - Filling up the DagBag from /opt/airflow/dags/weather_info_ETL.py
[2024-06-06T00:30:55.696+0000] {processor.py:842} WARNING - No viable dags retrieved from /opt/airflow/dags/weather_info_ETL.py
[2024-06-06T00:30:55.709+0000] {processor.py:183} INFO - Processing /opt/airflow/dags/weather_info_ETL.py took 0.566 seconds
[2024-06-06T00:31:26.437+0000] {processor.py:161} INFO - Started process (PID=12134) to work on /opt/airflow/dags/weather_info_ETL.py
[2024-06-06T00:31:26.438+0000] {processor.py:830} INFO - Processing file /opt/airflow/dags/weather_info_ETL.py for tasks to queue
[2024-06-06T00:31:26.439+0000] {logging_mixin.py:188} INFO - [2024-06-06T00:31:26.439+0000] {dagbag.py:545} INFO - Filling up the DagBag from /opt/airflow/dags/weather_info_ETL.py
[2024-06-06T00:31:26.453+0000] {logging_mixin.py:188} INFO - [2024-06-06T00:31:26.451+0000] {dagbag.py:355} ERROR - Failed to import: /opt/airflow/dags/weather_info_ETL.py
Traceback (most recent call last):
  File "/home/airflow/.local/lib/python3.8/site-packages/airflow/models/dagbag.py", line 351, in parse
    loader.exec_module(new_module)
  File "<frozen importlib._bootstrap_external>", line 839, in exec_module
  File "<frozen importlib._bootstrap_external>", line 976, in get_code
  File "<frozen importlib._bootstrap_external>", line 906, in source_to_code
  File "<frozen importlib._bootstrap>", line 219, in _call_with_frames_removed
  File "/opt/airflow/dags/weather_info_ETL.py", line 198
    rflow.operators.python_operator import PythonOperator
                                    ^
SyntaxError: invalid syntax
[2024-06-06T00:31:26.453+0000] {processor.py:842} WARNING - No viable dags retrieved from /opt/airflow/dags/weather_info_ETL.py
[2024-06-06T00:31:26.471+0000] {processor.py:183} INFO - Processing /opt/airflow/dags/weather_info_ETL.py took 0.042 seconds
[2024-06-06T00:31:56.849+0000] {processor.py:161} INFO - Started process (PID=12205) to work on /opt/airflow/dags/weather_info_ETL.py
[2024-06-06T00:31:56.850+0000] {processor.py:830} INFO - Processing file /opt/airflow/dags/weather_info_ETL.py for tasks to queue
[2024-06-06T00:31:56.852+0000] {logging_mixin.py:188} INFO - [2024-06-06T00:31:56.851+0000] {dagbag.py:545} INFO - Filling up the DagBag from /opt/airflow/dags/weather_info_ETL.py
[2024-06-06T00:31:56.862+0000] {logging_mixin.py:188} INFO - [2024-06-06T00:31:56.862+0000] {dagbag.py:355} ERROR - Failed to import: /opt/airflow/dags/weather_info_ETL.py
Traceback (most recent call last):
  File "/home/airflow/.local/lib/python3.8/site-packages/airflow/models/dagbag.py", line 351, in parse
    loader.exec_module(new_module)
  File "<frozen importlib._bootstrap_external>", line 839, in exec_module
  File "<frozen importlib._bootstrap_external>", line 976, in get_code
  File "<frozen importlib._bootstrap_external>", line 906, in source_to_code
  File "<frozen importlib._bootstrap>", line 219, in _call_with_frames_removed
  File "/opt/airflow/dags/weather_info_ETL.py", line 198
    rflow.operators.python_operator import PythonOperator
                                    ^
SyntaxError: invalid syntax
[2024-06-06T00:31:56.863+0000] {processor.py:842} WARNING - No viable dags retrieved from /opt/airflow/dags/weather_info_ETL.py
[2024-06-06T00:31:56.896+0000] {processor.py:183} INFO - Processing /opt/airflow/dags/weather_info_ETL.py took 0.056 seconds
[2024-06-06T00:32:15.163+0000] {processor.py:161} INFO - Started process (PID=12253) to work on /opt/airflow/dags/weather_info_ETL.py
[2024-06-06T00:32:15.164+0000] {processor.py:830} INFO - Processing file /opt/airflow/dags/weather_info_ETL.py for tasks to queue
[2024-06-06T00:32:15.166+0000] {logging_mixin.py:188} INFO - [2024-06-06T00:32:15.165+0000] {dagbag.py:545} INFO - Filling up the DagBag from /opt/airflow/dags/weather_info_ETL.py
[2024-06-06T00:32:15.845+0000] {processor.py:842} WARNING - No viable dags retrieved from /opt/airflow/dags/weather_info_ETL.py
[2024-06-06T00:32:15.856+0000] {processor.py:183} INFO - Processing /opt/airflow/dags/weather_info_ETL.py took 0.702 seconds
[2024-06-06T00:32:46.220+0000] {processor.py:161} INFO - Started process (PID=12328) to work on /opt/airflow/dags/weather_info_ETL.py
[2024-06-06T00:32:46.222+0000] {processor.py:830} INFO - Processing file /opt/airflow/dags/weather_info_ETL.py for tasks to queue
[2024-06-06T00:32:46.223+0000] {logging_mixin.py:188} INFO - [2024-06-06T00:32:46.223+0000] {dagbag.py:545} INFO - Filling up the DagBag from /opt/airflow/dags/weather_info_ETL.py
[2024-06-06T00:32:46.890+0000] {processor.py:842} WARNING - No viable dags retrieved from /opt/airflow/dags/weather_info_ETL.py
[2024-06-06T00:32:46.904+0000] {processor.py:183} INFO - Processing /opt/airflow/dags/weather_info_ETL.py took 0.694 seconds
[2024-06-06T00:33:16.963+0000] {processor.py:161} INFO - Started process (PID=12412) to work on /opt/airflow/dags/weather_info_ETL.py
[2024-06-06T00:33:16.964+0000] {processor.py:830} INFO - Processing file /opt/airflow/dags/weather_info_ETL.py for tasks to queue
[2024-06-06T00:33:16.965+0000] {logging_mixin.py:188} INFO - [2024-06-06T00:33:16.965+0000] {dagbag.py:545} INFO - Filling up the DagBag from /opt/airflow/dags/weather_info_ETL.py
[2024-06-06T00:33:17.491+0000] {processor.py:842} WARNING - No viable dags retrieved from /opt/airflow/dags/weather_info_ETL.py
[2024-06-06T00:33:17.504+0000] {processor.py:183} INFO - Processing /opt/airflow/dags/weather_info_ETL.py took 0.548 seconds
[2024-06-06T00:33:47.728+0000] {processor.py:161} INFO - Started process (PID=12485) to work on /opt/airflow/dags/weather_info_ETL.py
[2024-06-06T00:33:47.730+0000] {processor.py:830} INFO - Processing file /opt/airflow/dags/weather_info_ETL.py for tasks to queue
[2024-06-06T00:33:47.732+0000] {logging_mixin.py:188} INFO - [2024-06-06T00:33:47.731+0000] {dagbag.py:545} INFO - Filling up the DagBag from /opt/airflow/dags/weather_info_ETL.py
[2024-06-06T00:33:48.423+0000] {processor.py:842} WARNING - No viable dags retrieved from /opt/airflow/dags/weather_info_ETL.py
[2024-06-06T00:33:48.439+0000] {processor.py:183} INFO - Processing /opt/airflow/dags/weather_info_ETL.py took 0.720 seconds
[2024-06-06T00:34:19.325+0000] {processor.py:161} INFO - Started process (PID=12557) to work on /opt/airflow/dags/weather_info_ETL.py
[2024-06-06T00:34:19.326+0000] {processor.py:830} INFO - Processing file /opt/airflow/dags/weather_info_ETL.py for tasks to queue
[2024-06-06T00:34:19.327+0000] {logging_mixin.py:188} INFO - [2024-06-06T00:34:19.327+0000] {dagbag.py:545} INFO - Filling up the DagBag from /opt/airflow/dags/weather_info_ETL.py
[2024-06-06T00:34:19.910+0000] {processor.py:842} WARNING - No viable dags retrieved from /opt/airflow/dags/weather_info_ETL.py
[2024-06-06T00:34:19.922+0000] {processor.py:183} INFO - Processing /opt/airflow/dags/weather_info_ETL.py took 0.604 seconds
[2024-06-06T00:34:50.048+0000] {processor.py:161} INFO - Started process (PID=12641) to work on /opt/airflow/dags/weather_info_ETL.py
[2024-06-06T00:34:50.049+0000] {processor.py:830} INFO - Processing file /opt/airflow/dags/weather_info_ETL.py for tasks to queue
[2024-06-06T00:34:50.051+0000] {logging_mixin.py:188} INFO - [2024-06-06T00:34:50.050+0000] {dagbag.py:545} INFO - Filling up the DagBag from /opt/airflow/dags/weather_info_ETL.py
[2024-06-06T00:34:50.588+0000] {processor.py:842} WARNING - No viable dags retrieved from /opt/airflow/dags/weather_info_ETL.py
[2024-06-06T00:34:50.599+0000] {processor.py:183} INFO - Processing /opt/airflow/dags/weather_info_ETL.py took 0.558 seconds
[2024-06-06T00:35:20.657+0000] {processor.py:161} INFO - Started process (PID=12717) to work on /opt/airflow/dags/weather_info_ETL.py
[2024-06-06T00:35:20.659+0000] {processor.py:830} INFO - Processing file /opt/airflow/dags/weather_info_ETL.py for tasks to queue
[2024-06-06T00:35:20.660+0000] {logging_mixin.py:188} INFO - [2024-06-06T00:35:20.660+0000] {dagbag.py:545} INFO - Filling up the DagBag from /opt/airflow/dags/weather_info_ETL.py
[2024-06-06T00:35:21.202+0000] {processor.py:842} WARNING - No viable dags retrieved from /opt/airflow/dags/weather_info_ETL.py
[2024-06-06T00:35:21.215+0000] {processor.py:183} INFO - Processing /opt/airflow/dags/weather_info_ETL.py took 0.564 seconds
[2024-06-06T00:35:52.178+0000] {processor.py:161} INFO - Started process (PID=12803) to work on /opt/airflow/dags/weather_info_ETL.py
[2024-06-06T00:35:52.180+0000] {processor.py:830} INFO - Processing file /opt/airflow/dags/weather_info_ETL.py for tasks to queue
[2024-06-06T00:35:52.181+0000] {logging_mixin.py:188} INFO - [2024-06-06T00:35:52.180+0000] {dagbag.py:545} INFO - Filling up the DagBag from /opt/airflow/dags/weather_info_ETL.py
[2024-06-06T00:35:52.687+0000] {processor.py:842} WARNING - No viable dags retrieved from /opt/airflow/dags/weather_info_ETL.py
[2024-06-06T00:35:52.699+0000] {processor.py:183} INFO - Processing /opt/airflow/dags/weather_info_ETL.py took 0.530 seconds
[2024-06-06T00:36:23.415+0000] {processor.py:161} INFO - Started process (PID=12875) to work on /opt/airflow/dags/weather_info_ETL.py
[2024-06-06T00:36:23.416+0000] {processor.py:830} INFO - Processing file /opt/airflow/dags/weather_info_ETL.py for tasks to queue
[2024-06-06T00:36:23.417+0000] {logging_mixin.py:188} INFO - [2024-06-06T00:36:23.417+0000] {dagbag.py:545} INFO - Filling up the DagBag from /opt/airflow/dags/weather_info_ETL.py
[2024-06-06T00:36:23.947+0000] {processor.py:842} WARNING - No viable dags retrieved from /opt/airflow/dags/weather_info_ETL.py
[2024-06-06T00:36:23.959+0000] {processor.py:183} INFO - Processing /opt/airflow/dags/weather_info_ETL.py took 0.552 seconds
[2024-06-06T00:36:54.225+0000] {processor.py:161} INFO - Started process (PID=12955) to work on /opt/airflow/dags/weather_info_ETL.py
[2024-06-06T00:36:54.226+0000] {processor.py:830} INFO - Processing file /opt/airflow/dags/weather_info_ETL.py for tasks to queue
[2024-06-06T00:36:54.227+0000] {logging_mixin.py:188} INFO - [2024-06-06T00:36:54.227+0000] {dagbag.py:545} INFO - Filling up the DagBag from /opt/airflow/dags/weather_info_ETL.py
[2024-06-06T00:36:54.797+0000] {processor.py:842} WARNING - No viable dags retrieved from /opt/airflow/dags/weather_info_ETL.py
[2024-06-06T00:36:54.810+0000] {processor.py:183} INFO - Processing /opt/airflow/dags/weather_info_ETL.py took 0.593 seconds
[2024-06-06T00:37:24.948+0000] {processor.py:161} INFO - Started process (PID=13028) to work on /opt/airflow/dags/weather_info_ETL.py
[2024-06-06T00:37:24.949+0000] {processor.py:830} INFO - Processing file /opt/airflow/dags/weather_info_ETL.py for tasks to queue
[2024-06-06T00:37:24.951+0000] {logging_mixin.py:188} INFO - [2024-06-06T00:37:24.950+0000] {dagbag.py:545} INFO - Filling up the DagBag from /opt/airflow/dags/weather_info_ETL.py
[2024-06-06T00:37:25.609+0000] {processor.py:842} WARNING - No viable dags retrieved from /opt/airflow/dags/weather_info_ETL.py
[2024-06-06T00:37:25.623+0000] {processor.py:183} INFO - Processing /opt/airflow/dags/weather_info_ETL.py took 0.684 seconds
[2024-06-06T00:37:56.318+0000] {processor.py:161} INFO - Started process (PID=13108) to work on /opt/airflow/dags/weather_info_ETL.py
[2024-06-06T00:37:56.320+0000] {processor.py:830} INFO - Processing file /opt/airflow/dags/weather_info_ETL.py for tasks to queue
[2024-06-06T00:37:56.322+0000] {logging_mixin.py:188} INFO - [2024-06-06T00:37:56.321+0000] {dagbag.py:545} INFO - Filling up the DagBag from /opt/airflow/dags/weather_info_ETL.py
[2024-06-06T00:37:56.862+0000] {processor.py:842} WARNING - No viable dags retrieved from /opt/airflow/dags/weather_info_ETL.py
[2024-06-06T00:37:56.876+0000] {processor.py:183} INFO - Processing /opt/airflow/dags/weather_info_ETL.py took 0.564 seconds
[2024-06-06T00:38:27.702+0000] {processor.py:161} INFO - Started process (PID=13180) to work on /opt/airflow/dags/weather_info_ETL.py
[2024-06-06T00:38:27.704+0000] {processor.py:830} INFO - Processing file /opt/airflow/dags/weather_info_ETL.py for tasks to queue
[2024-06-06T00:38:27.706+0000] {logging_mixin.py:188} INFO - [2024-06-06T00:38:27.706+0000] {dagbag.py:545} INFO - Filling up the DagBag from /opt/airflow/dags/weather_info_ETL.py
[2024-06-06T00:38:28.226+0000] {processor.py:842} WARNING - No viable dags retrieved from /opt/airflow/dags/weather_info_ETL.py
[2024-06-06T00:38:28.241+0000] {processor.py:183} INFO - Processing /opt/airflow/dags/weather_info_ETL.py took 0.547 seconds
[2024-06-06T00:38:58.444+0000] {processor.py:161} INFO - Started process (PID=13259) to work on /opt/airflow/dags/weather_info_ETL.py
[2024-06-06T00:38:58.445+0000] {processor.py:830} INFO - Processing file /opt/airflow/dags/weather_info_ETL.py for tasks to queue
[2024-06-06T00:38:58.447+0000] {logging_mixin.py:188} INFO - [2024-06-06T00:38:58.446+0000] {dagbag.py:545} INFO - Filling up the DagBag from /opt/airflow/dags/weather_info_ETL.py
[2024-06-06T00:38:59.111+0000] {processor.py:842} WARNING - No viable dags retrieved from /opt/airflow/dags/weather_info_ETL.py
[2024-06-06T00:38:59.122+0000] {processor.py:183} INFO - Processing /opt/airflow/dags/weather_info_ETL.py took 0.685 seconds
[2024-06-06T00:39:29.223+0000] {processor.py:161} INFO - Started process (PID=13332) to work on /opt/airflow/dags/weather_info_ETL.py
[2024-06-06T00:39:29.224+0000] {processor.py:830} INFO - Processing file /opt/airflow/dags/weather_info_ETL.py for tasks to queue
[2024-06-06T00:39:29.224+0000] {logging_mixin.py:188} INFO - [2024-06-06T00:39:29.224+0000] {dagbag.py:545} INFO - Filling up the DagBag from /opt/airflow/dags/weather_info_ETL.py
[2024-06-06T00:39:29.698+0000] {processor.py:842} WARNING - No viable dags retrieved from /opt/airflow/dags/weather_info_ETL.py
[2024-06-06T00:39:29.712+0000] {processor.py:183} INFO - Processing /opt/airflow/dags/weather_info_ETL.py took 0.495 seconds
[2024-06-06T00:39:59.813+0000] {processor.py:161} INFO - Started process (PID=13403) to work on /opt/airflow/dags/weather_info_ETL.py
[2024-06-06T00:39:59.814+0000] {processor.py:830} INFO - Processing file /opt/airflow/dags/weather_info_ETL.py for tasks to queue
[2024-06-06T00:39:59.815+0000] {logging_mixin.py:188} INFO - [2024-06-06T00:39:59.815+0000] {dagbag.py:545} INFO - Filling up the DagBag from /opt/airflow/dags/weather_info_ETL.py
[2024-06-06T00:40:00.386+0000] {processor.py:842} WARNING - No viable dags retrieved from /opt/airflow/dags/weather_info_ETL.py
[2024-06-06T00:40:00.402+0000] {processor.py:183} INFO - Processing /opt/airflow/dags/weather_info_ETL.py took 0.596 seconds
[2024-06-06T00:40:30.493+0000] {processor.py:161} INFO - Started process (PID=13484) to work on /opt/airflow/dags/weather_info_ETL.py
[2024-06-06T00:40:30.494+0000] {processor.py:830} INFO - Processing file /opt/airflow/dags/weather_info_ETL.py for tasks to queue
[2024-06-06T00:40:30.495+0000] {logging_mixin.py:188} INFO - [2024-06-06T00:40:30.495+0000] {dagbag.py:545} INFO - Filling up the DagBag from /opt/airflow/dags/weather_info_ETL.py
[2024-06-06T00:40:31.009+0000] {processor.py:842} WARNING - No viable dags retrieved from /opt/airflow/dags/weather_info_ETL.py
[2024-06-06T00:40:31.022+0000] {processor.py:183} INFO - Processing /opt/airflow/dags/weather_info_ETL.py took 0.537 seconds
[2024-06-06T00:41:01.215+0000] {processor.py:161} INFO - Started process (PID=13556) to work on /opt/airflow/dags/weather_info_ETL.py
[2024-06-06T00:41:01.216+0000] {processor.py:830} INFO - Processing file /opt/airflow/dags/weather_info_ETL.py for tasks to queue
[2024-06-06T00:41:01.217+0000] {logging_mixin.py:188} INFO - [2024-06-06T00:41:01.217+0000] {dagbag.py:545} INFO - Filling up the DagBag from /opt/airflow/dags/weather_info_ETL.py
[2024-06-06T00:41:01.726+0000] {processor.py:842} WARNING - No viable dags retrieved from /opt/airflow/dags/weather_info_ETL.py
[2024-06-06T00:41:01.739+0000] {processor.py:183} INFO - Processing /opt/airflow/dags/weather_info_ETL.py took 0.530 seconds
[2024-06-06T00:41:32.086+0000] {processor.py:161} INFO - Started process (PID=13637) to work on /opt/airflow/dags/weather_info_ETL.py
[2024-06-06T00:41:32.088+0000] {processor.py:830} INFO - Processing file /opt/airflow/dags/weather_info_ETL.py for tasks to queue
[2024-06-06T00:41:32.089+0000] {logging_mixin.py:188} INFO - [2024-06-06T00:41:32.088+0000] {dagbag.py:545} INFO - Filling up the DagBag from /opt/airflow/dags/weather_info_ETL.py
[2024-06-06T00:41:32.658+0000] {processor.py:842} WARNING - No viable dags retrieved from /opt/airflow/dags/weather_info_ETL.py
[2024-06-06T00:41:32.671+0000] {processor.py:183} INFO - Processing /opt/airflow/dags/weather_info_ETL.py took 0.591 seconds
[2024-06-06T00:42:03.284+0000] {processor.py:161} INFO - Started process (PID=13709) to work on /opt/airflow/dags/weather_info_ETL.py
[2024-06-06T00:42:03.285+0000] {processor.py:830} INFO - Processing file /opt/airflow/dags/weather_info_ETL.py for tasks to queue
[2024-06-06T00:42:03.287+0000] {logging_mixin.py:188} INFO - [2024-06-06T00:42:03.287+0000] {dagbag.py:545} INFO - Filling up the DagBag from /opt/airflow/dags/weather_info_ETL.py
[2024-06-06T00:42:03.800+0000] {processor.py:842} WARNING - No viable dags retrieved from /opt/airflow/dags/weather_info_ETL.py
[2024-06-06T00:42:03.812+0000] {processor.py:183} INFO - Processing /opt/airflow/dags/weather_info_ETL.py took 0.537 seconds
[2024-06-06T00:42:34.276+0000] {processor.py:161} INFO - Started process (PID=13781) to work on /opt/airflow/dags/weather_info_ETL.py
[2024-06-06T00:42:34.278+0000] {processor.py:830} INFO - Processing file /opt/airflow/dags/weather_info_ETL.py for tasks to queue
[2024-06-06T00:42:34.279+0000] {logging_mixin.py:188} INFO - [2024-06-06T00:42:34.278+0000] {dagbag.py:545} INFO - Filling up the DagBag from /opt/airflow/dags/weather_info_ETL.py
[2024-06-06T00:42:34.848+0000] {processor.py:842} WARNING - No viable dags retrieved from /opt/airflow/dags/weather_info_ETL.py
[2024-06-06T00:42:34.862+0000] {processor.py:183} INFO - Processing /opt/airflow/dags/weather_info_ETL.py took 0.592 seconds
[2024-06-06T00:43:05.254+0000] {processor.py:161} INFO - Started process (PID=13862) to work on /opt/airflow/dags/weather_info_ETL.py
[2024-06-06T00:43:05.255+0000] {processor.py:830} INFO - Processing file /opt/airflow/dags/weather_info_ETL.py for tasks to queue
[2024-06-06T00:43:05.256+0000] {logging_mixin.py:188} INFO - [2024-06-06T00:43:05.256+0000] {dagbag.py:545} INFO - Filling up the DagBag from /opt/airflow/dags/weather_info_ETL.py
[2024-06-06T00:43:05.831+0000] {processor.py:842} WARNING - No viable dags retrieved from /opt/airflow/dags/weather_info_ETL.py
[2024-06-06T00:43:05.844+0000] {processor.py:183} INFO - Processing /opt/airflow/dags/weather_info_ETL.py took 0.603 seconds
[2024-06-06T00:43:36.408+0000] {processor.py:161} INFO - Started process (PID=13934) to work on /opt/airflow/dags/weather_info_ETL.py
[2024-06-06T00:43:36.409+0000] {processor.py:830} INFO - Processing file /opt/airflow/dags/weather_info_ETL.py for tasks to queue
[2024-06-06T00:43:36.411+0000] {logging_mixin.py:188} INFO - [2024-06-06T00:43:36.410+0000] {dagbag.py:545} INFO - Filling up the DagBag from /opt/airflow/dags/weather_info_ETL.py
[2024-06-06T00:43:37.062+0000] {processor.py:842} WARNING - No viable dags retrieved from /opt/airflow/dags/weather_info_ETL.py
[2024-06-06T00:43:37.077+0000] {processor.py:183} INFO - Processing /opt/airflow/dags/weather_info_ETL.py took 0.676 seconds
[2024-06-06T00:44:07.516+0000] {processor.py:161} INFO - Started process (PID=14013) to work on /opt/airflow/dags/weather_info_ETL.py
[2024-06-06T00:44:07.517+0000] {processor.py:830} INFO - Processing file /opt/airflow/dags/weather_info_ETL.py for tasks to queue
[2024-06-06T00:44:07.518+0000] {logging_mixin.py:188} INFO - [2024-06-06T00:44:07.518+0000] {dagbag.py:545} INFO - Filling up the DagBag from /opt/airflow/dags/weather_info_ETL.py
[2024-06-06T00:44:08.148+0000] {processor.py:842} WARNING - No viable dags retrieved from /opt/airflow/dags/weather_info_ETL.py
[2024-06-06T00:44:08.159+0000] {processor.py:183} INFO - Processing /opt/airflow/dags/weather_info_ETL.py took 0.652 seconds
[2024-06-06T00:44:38.624+0000] {processor.py:161} INFO - Started process (PID=14086) to work on /opt/airflow/dags/weather_info_ETL.py
[2024-06-06T00:44:38.626+0000] {processor.py:830} INFO - Processing file /opt/airflow/dags/weather_info_ETL.py for tasks to queue
[2024-06-06T00:44:38.627+0000] {logging_mixin.py:188} INFO - [2024-06-06T00:44:38.627+0000] {dagbag.py:545} INFO - Filling up the DagBag from /opt/airflow/dags/weather_info_ETL.py
[2024-06-06T00:44:39.160+0000] {processor.py:842} WARNING - No viable dags retrieved from /opt/airflow/dags/weather_info_ETL.py
[2024-06-06T00:44:39.174+0000] {processor.py:183} INFO - Processing /opt/airflow/dags/weather_info_ETL.py took 0.555 seconds
[2024-06-06T00:45:09.344+0000] {processor.py:161} INFO - Started process (PID=14158) to work on /opt/airflow/dags/weather_info_ETL.py
[2024-06-06T00:45:09.346+0000] {processor.py:830} INFO - Processing file /opt/airflow/dags/weather_info_ETL.py for tasks to queue
[2024-06-06T00:45:09.347+0000] {logging_mixin.py:188} INFO - [2024-06-06T00:45:09.347+0000] {dagbag.py:545} INFO - Filling up the DagBag from /opt/airflow/dags/weather_info_ETL.py
[2024-06-06T00:45:09.821+0000] {processor.py:842} WARNING - No viable dags retrieved from /opt/airflow/dags/weather_info_ETL.py
[2024-06-06T00:45:09.836+0000] {processor.py:183} INFO - Processing /opt/airflow/dags/weather_info_ETL.py took 0.499 seconds
[2024-06-06T00:45:40.395+0000] {processor.py:161} INFO - Started process (PID=14238) to work on /opt/airflow/dags/weather_info_ETL.py
[2024-06-06T00:45:40.396+0000] {processor.py:830} INFO - Processing file /opt/airflow/dags/weather_info_ETL.py for tasks to queue
[2024-06-06T00:45:40.397+0000] {logging_mixin.py:188} INFO - [2024-06-06T00:45:40.397+0000] {dagbag.py:545} INFO - Filling up the DagBag from /opt/airflow/dags/weather_info_ETL.py
[2024-06-06T00:45:40.800+0000] {processor.py:842} WARNING - No viable dags retrieved from /opt/airflow/dags/weather_info_ETL.py
[2024-06-06T00:45:40.816+0000] {processor.py:183} INFO - Processing /opt/airflow/dags/weather_info_ETL.py took 0.429 seconds
[2024-06-06T00:46:10.974+0000] {processor.py:161} INFO - Started process (PID=14310) to work on /opt/airflow/dags/weather_info_ETL.py
[2024-06-06T00:46:10.976+0000] {processor.py:830} INFO - Processing file /opt/airflow/dags/weather_info_ETL.py for tasks to queue
[2024-06-06T00:46:10.977+0000] {logging_mixin.py:188} INFO - [2024-06-06T00:46:10.977+0000] {dagbag.py:545} INFO - Filling up the DagBag from /opt/airflow/dags/weather_info_ETL.py
[2024-06-06T00:46:11.414+0000] {processor.py:842} WARNING - No viable dags retrieved from /opt/airflow/dags/weather_info_ETL.py
[2024-06-06T00:46:11.429+0000] {processor.py:183} INFO - Processing /opt/airflow/dags/weather_info_ETL.py took 0.462 seconds
[2024-06-06T00:46:39.836+0000] {processor.py:161} INFO - Started process (PID=14380) to work on /opt/airflow/dags/weather_info_ETL.py
[2024-06-06T00:46:39.837+0000] {processor.py:830} INFO - Processing file /opt/airflow/dags/weather_info_ETL.py for tasks to queue
[2024-06-06T00:46:39.838+0000] {logging_mixin.py:188} INFO - [2024-06-06T00:46:39.838+0000] {dagbag.py:545} INFO - Filling up the DagBag from /opt/airflow/dags/weather_info_ETL.py
[2024-06-06T00:46:40.415+0000] {processor.py:842} WARNING - No viable dags retrieved from /opt/airflow/dags/weather_info_ETL.py
[2024-06-06T00:46:40.465+0000] {processor.py:183} INFO - Processing /opt/airflow/dags/weather_info_ETL.py took 0.636 seconds
[2024-06-06T00:47:11.264+0000] {processor.py:161} INFO - Started process (PID=14460) to work on /opt/airflow/dags/weather_info_ETL.py
[2024-06-06T00:47:11.266+0000] {processor.py:830} INFO - Processing file /opt/airflow/dags/weather_info_ETL.py for tasks to queue
[2024-06-06T00:47:11.267+0000] {logging_mixin.py:188} INFO - [2024-06-06T00:47:11.267+0000] {dagbag.py:545} INFO - Filling up the DagBag from /opt/airflow/dags/weather_info_ETL.py
[2024-06-06T00:47:11.878+0000] {processor.py:842} WARNING - No viable dags retrieved from /opt/airflow/dags/weather_info_ETL.py
[2024-06-06T00:47:11.893+0000] {processor.py:183} INFO - Processing /opt/airflow/dags/weather_info_ETL.py took 0.635 seconds
[2024-06-06T00:47:42.438+0000] {processor.py:161} INFO - Started process (PID=14532) to work on /opt/airflow/dags/weather_info_ETL.py
[2024-06-06T00:47:42.439+0000] {processor.py:830} INFO - Processing file /opt/airflow/dags/weather_info_ETL.py for tasks to queue
[2024-06-06T00:47:42.440+0000] {logging_mixin.py:188} INFO - [2024-06-06T00:47:42.440+0000] {dagbag.py:545} INFO - Filling up the DagBag from /opt/airflow/dags/weather_info_ETL.py
[2024-06-06T00:47:42.818+0000] {processor.py:842} WARNING - No viable dags retrieved from /opt/airflow/dags/weather_info_ETL.py
[2024-06-06T00:47:42.834+0000] {processor.py:183} INFO - Processing /opt/airflow/dags/weather_info_ETL.py took 0.403 seconds
[2024-06-06T00:48:12.970+0000] {processor.py:161} INFO - Started process (PID=14612) to work on /opt/airflow/dags/weather_info_ETL.py
[2024-06-06T00:48:12.972+0000] {processor.py:830} INFO - Processing file /opt/airflow/dags/weather_info_ETL.py for tasks to queue
[2024-06-06T00:48:12.973+0000] {logging_mixin.py:188} INFO - [2024-06-06T00:48:12.972+0000] {dagbag.py:545} INFO - Filling up the DagBag from /opt/airflow/dags/weather_info_ETL.py
[2024-06-06T00:48:13.416+0000] {processor.py:842} WARNING - No viable dags retrieved from /opt/airflow/dags/weather_info_ETL.py
[2024-06-06T00:48:13.432+0000] {processor.py:183} INFO - Processing /opt/airflow/dags/weather_info_ETL.py took 0.472 seconds
[2024-06-06T00:48:43.587+0000] {processor.py:161} INFO - Started process (PID=14684) to work on /opt/airflow/dags/weather_info_ETL.py
[2024-06-06T00:48:43.588+0000] {processor.py:830} INFO - Processing file /opt/airflow/dags/weather_info_ETL.py for tasks to queue
[2024-06-06T00:48:43.592+0000] {logging_mixin.py:188} INFO - [2024-06-06T00:48:43.590+0000] {dagbag.py:545} INFO - Filling up the DagBag from /opt/airflow/dags/weather_info_ETL.py
[2024-06-06T00:48:44.785+0000] {processor.py:842} WARNING - No viable dags retrieved from /opt/airflow/dags/weather_info_ETL.py
[2024-06-06T00:48:44.800+0000] {processor.py:183} INFO - Processing /opt/airflow/dags/weather_info_ETL.py took 1.257 seconds
[2024-06-06T00:49:15.123+0000] {processor.py:161} INFO - Started process (PID=14756) to work on /opt/airflow/dags/weather_info_ETL.py
[2024-06-06T00:49:15.125+0000] {processor.py:830} INFO - Processing file /opt/airflow/dags/weather_info_ETL.py for tasks to queue
[2024-06-06T00:49:15.127+0000] {logging_mixin.py:188} INFO - [2024-06-06T00:49:15.126+0000] {dagbag.py:545} INFO - Filling up the DagBag from /opt/airflow/dags/weather_info_ETL.py
[2024-06-06T00:49:15.835+0000] {processor.py:842} WARNING - No viable dags retrieved from /opt/airflow/dags/weather_info_ETL.py
[2024-06-06T00:49:15.858+0000] {processor.py:183} INFO - Processing /opt/airflow/dags/weather_info_ETL.py took 0.745 seconds
[2024-06-06T00:49:46.096+0000] {processor.py:161} INFO - Started process (PID=14836) to work on /opt/airflow/dags/weather_info_ETL.py
[2024-06-06T00:49:46.097+0000] {processor.py:830} INFO - Processing file /opt/airflow/dags/weather_info_ETL.py for tasks to queue
[2024-06-06T00:49:46.099+0000] {logging_mixin.py:188} INFO - [2024-06-06T00:49:46.098+0000] {dagbag.py:545} INFO - Filling up the DagBag from /opt/airflow/dags/weather_info_ETL.py
[2024-06-06T00:49:46.531+0000] {processor.py:842} WARNING - No viable dags retrieved from /opt/airflow/dags/weather_info_ETL.py
[2024-06-06T00:49:46.548+0000] {processor.py:183} INFO - Processing /opt/airflow/dags/weather_info_ETL.py took 0.459 seconds
[2024-06-06T00:50:17.069+0000] {processor.py:161} INFO - Started process (PID=14909) to work on /opt/airflow/dags/weather_info_ETL.py
[2024-06-06T00:50:17.071+0000] {processor.py:830} INFO - Processing file /opt/airflow/dags/weather_info_ETL.py for tasks to queue
[2024-06-06T00:50:17.072+0000] {logging_mixin.py:188} INFO - [2024-06-06T00:50:17.072+0000] {dagbag.py:545} INFO - Filling up the DagBag from /opt/airflow/dags/weather_info_ETL.py
[2024-06-06T00:50:17.538+0000] {processor.py:842} WARNING - No viable dags retrieved from /opt/airflow/dags/weather_info_ETL.py
[2024-06-06T00:50:17.554+0000] {processor.py:183} INFO - Processing /opt/airflow/dags/weather_info_ETL.py took 0.492 seconds
[2024-06-06T00:50:47.690+0000] {processor.py:161} INFO - Started process (PID=14981) to work on /opt/airflow/dags/weather_info_ETL.py
[2024-06-06T00:50:47.692+0000] {processor.py:830} INFO - Processing file /opt/airflow/dags/weather_info_ETL.py for tasks to queue
[2024-06-06T00:50:47.693+0000] {logging_mixin.py:188} INFO - [2024-06-06T00:50:47.692+0000] {dagbag.py:545} INFO - Filling up the DagBag from /opt/airflow/dags/weather_info_ETL.py
[2024-06-06T00:50:48.149+0000] {processor.py:842} WARNING - No viable dags retrieved from /opt/airflow/dags/weather_info_ETL.py
[2024-06-06T00:50:48.163+0000] {processor.py:183} INFO - Processing /opt/airflow/dags/weather_info_ETL.py took 0.481 seconds
[2024-06-06T00:51:18.268+0000] {processor.py:161} INFO - Started process (PID=15063) to work on /opt/airflow/dags/weather_info_ETL.py
[2024-06-06T00:51:18.270+0000] {processor.py:830} INFO - Processing file /opt/airflow/dags/weather_info_ETL.py for tasks to queue
[2024-06-06T00:51:18.271+0000] {logging_mixin.py:188} INFO - [2024-06-06T00:51:18.270+0000] {dagbag.py:545} INFO - Filling up the DagBag from /opt/airflow/dags/weather_info_ETL.py
[2024-06-06T00:51:18.681+0000] {processor.py:842} WARNING - No viable dags retrieved from /opt/airflow/dags/weather_info_ETL.py
[2024-06-06T00:51:18.697+0000] {processor.py:183} INFO - Processing /opt/airflow/dags/weather_info_ETL.py took 0.434 seconds
[2024-06-06T00:51:48.915+0000] {processor.py:161} INFO - Started process (PID=15133) to work on /opt/airflow/dags/weather_info_ETL.py
[2024-06-06T00:51:48.916+0000] {processor.py:830} INFO - Processing file /opt/airflow/dags/weather_info_ETL.py for tasks to queue
[2024-06-06T00:51:48.917+0000] {logging_mixin.py:188} INFO - [2024-06-06T00:51:48.917+0000] {dagbag.py:545} INFO - Filling up the DagBag from /opt/airflow/dags/weather_info_ETL.py
[2024-06-06T00:51:49.368+0000] {processor.py:842} WARNING - No viable dags retrieved from /opt/airflow/dags/weather_info_ETL.py
[2024-06-06T00:51:49.382+0000] {processor.py:183} INFO - Processing /opt/airflow/dags/weather_info_ETL.py took 0.475 seconds
[2024-06-06T00:52:19.467+0000] {processor.py:161} INFO - Started process (PID=15207) to work on /opt/airflow/dags/weather_info_ETL.py
[2024-06-06T00:52:19.468+0000] {processor.py:830} INFO - Processing file /opt/airflow/dags/weather_info_ETL.py for tasks to queue
[2024-06-06T00:52:19.469+0000] {logging_mixin.py:188} INFO - [2024-06-06T00:52:19.469+0000] {dagbag.py:545} INFO - Filling up the DagBag from /opt/airflow/dags/weather_info_ETL.py
[2024-06-06T00:52:20.022+0000] {processor.py:842} WARNING - No viable dags retrieved from /opt/airflow/dags/weather_info_ETL.py
[2024-06-06T00:52:20.035+0000] {processor.py:183} INFO - Processing /opt/airflow/dags/weather_info_ETL.py took 0.576 seconds
[2024-06-06T00:52:50.858+0000] {processor.py:161} INFO - Started process (PID=15287) to work on /opt/airflow/dags/weather_info_ETL.py
[2024-06-06T00:52:50.859+0000] {processor.py:830} INFO - Processing file /opt/airflow/dags/weather_info_ETL.py for tasks to queue
[2024-06-06T00:52:50.860+0000] {logging_mixin.py:188} INFO - [2024-06-06T00:52:50.860+0000] {dagbag.py:545} INFO - Filling up the DagBag from /opt/airflow/dags/weather_info_ETL.py
[2024-06-06T00:52:51.438+0000] {processor.py:842} WARNING - No viable dags retrieved from /opt/airflow/dags/weather_info_ETL.py
[2024-06-06T00:52:51.451+0000] {processor.py:183} INFO - Processing /opt/airflow/dags/weather_info_ETL.py took 0.601 seconds
[2024-06-06T00:53:22.120+0000] {processor.py:161} INFO - Started process (PID=15360) to work on /opt/airflow/dags/weather_info_ETL.py
[2024-06-06T00:53:22.122+0000] {processor.py:830} INFO - Processing file /opt/airflow/dags/weather_info_ETL.py for tasks to queue
[2024-06-06T00:53:22.123+0000] {logging_mixin.py:188} INFO - [2024-06-06T00:53:22.122+0000] {dagbag.py:545} INFO - Filling up the DagBag from /opt/airflow/dags/weather_info_ETL.py
[2024-06-06T00:53:22.642+0000] {processor.py:842} WARNING - No viable dags retrieved from /opt/airflow/dags/weather_info_ETL.py
[2024-06-06T00:53:22.655+0000] {processor.py:183} INFO - Processing /opt/airflow/dags/weather_info_ETL.py took 0.541 seconds
[2024-06-06T00:53:52.882+0000] {processor.py:161} INFO - Started process (PID=15440) to work on /opt/airflow/dags/weather_info_ETL.py
[2024-06-06T00:53:52.884+0000] {processor.py:830} INFO - Processing file /opt/airflow/dags/weather_info_ETL.py for tasks to queue
[2024-06-06T00:53:52.886+0000] {logging_mixin.py:188} INFO - [2024-06-06T00:53:52.885+0000] {dagbag.py:545} INFO - Filling up the DagBag from /opt/airflow/dags/weather_info_ETL.py
[2024-06-06T00:53:53.611+0000] {processor.py:842} WARNING - No viable dags retrieved from /opt/airflow/dags/weather_info_ETL.py
[2024-06-06T00:53:53.621+0000] {processor.py:183} INFO - Processing /opt/airflow/dags/weather_info_ETL.py took 0.746 seconds
[2024-06-06T00:54:24.110+0000] {processor.py:161} INFO - Started process (PID=15512) to work on /opt/airflow/dags/weather_info_ETL.py
[2024-06-06T00:54:24.111+0000] {processor.py:830} INFO - Processing file /opt/airflow/dags/weather_info_ETL.py for tasks to queue
[2024-06-06T00:54:24.112+0000] {logging_mixin.py:188} INFO - [2024-06-06T00:54:24.112+0000] {dagbag.py:545} INFO - Filling up the DagBag from /opt/airflow/dags/weather_info_ETL.py
[2024-06-06T00:54:24.672+0000] {processor.py:842} WARNING - No viable dags retrieved from /opt/airflow/dags/weather_info_ETL.py
[2024-06-06T00:54:24.684+0000] {processor.py:183} INFO - Processing /opt/airflow/dags/weather_info_ETL.py took 0.584 seconds
[2024-06-06T00:54:55.200+0000] {processor.py:161} INFO - Started process (PID=15592) to work on /opt/airflow/dags/weather_info_ETL.py
[2024-06-06T00:54:55.201+0000] {processor.py:830} INFO - Processing file /opt/airflow/dags/weather_info_ETL.py for tasks to queue
[2024-06-06T00:54:55.203+0000] {logging_mixin.py:188} INFO - [2024-06-06T00:54:55.203+0000] {dagbag.py:545} INFO - Filling up the DagBag from /opt/airflow/dags/weather_info_ETL.py
[2024-06-06T00:54:55.953+0000] {processor.py:842} WARNING - No viable dags retrieved from /opt/airflow/dags/weather_info_ETL.py
[2024-06-06T00:54:55.966+0000] {processor.py:183} INFO - Processing /opt/airflow/dags/weather_info_ETL.py took 0.773 seconds
[2024-06-06T00:55:26.595+0000] {processor.py:161} INFO - Started process (PID=15664) to work on /opt/airflow/dags/weather_info_ETL.py
[2024-06-06T00:55:26.597+0000] {processor.py:830} INFO - Processing file /opt/airflow/dags/weather_info_ETL.py for tasks to queue
[2024-06-06T00:55:26.598+0000] {logging_mixin.py:188} INFO - [2024-06-06T00:55:26.598+0000] {dagbag.py:545} INFO - Filling up the DagBag from /opt/airflow/dags/weather_info_ETL.py
[2024-06-06T00:55:27.499+0000] {processor.py:842} WARNING - No viable dags retrieved from /opt/airflow/dags/weather_info_ETL.py
[2024-06-06T00:55:27.516+0000] {processor.py:183} INFO - Processing /opt/airflow/dags/weather_info_ETL.py took 0.929 seconds
[2024-06-06T00:55:58.372+0000] {processor.py:161} INFO - Started process (PID=15746) to work on /opt/airflow/dags/weather_info_ETL.py
[2024-06-06T00:55:58.373+0000] {processor.py:830} INFO - Processing file /opt/airflow/dags/weather_info_ETL.py for tasks to queue
[2024-06-06T00:55:58.374+0000] {logging_mixin.py:188} INFO - [2024-06-06T00:55:58.374+0000] {dagbag.py:545} INFO - Filling up the DagBag from /opt/airflow/dags/weather_info_ETL.py
[2024-06-06T00:55:58.895+0000] {processor.py:842} WARNING - No viable dags retrieved from /opt/airflow/dags/weather_info_ETL.py
[2024-06-06T00:55:58.906+0000] {processor.py:183} INFO - Processing /opt/airflow/dags/weather_info_ETL.py took 0.540 seconds
[2024-06-06T00:56:29.081+0000] {processor.py:161} INFO - Started process (PID=15820) to work on /opt/airflow/dags/weather_info_ETL.py
[2024-06-06T00:56:29.082+0000] {processor.py:830} INFO - Processing file /opt/airflow/dags/weather_info_ETL.py for tasks to queue
[2024-06-06T00:56:29.084+0000] {logging_mixin.py:188} INFO - [2024-06-06T00:56:29.084+0000] {dagbag.py:545} INFO - Filling up the DagBag from /opt/airflow/dags/weather_info_ETL.py
[2024-06-06T00:56:29.667+0000] {processor.py:842} WARNING - No viable dags retrieved from /opt/airflow/dags/weather_info_ETL.py
[2024-06-06T00:56:29.678+0000] {processor.py:183} INFO - Processing /opt/airflow/dags/weather_info_ETL.py took 0.606 seconds
