[2024-06-04T00:05:50.792+0000] {local_task_job_runner.py:120} INFO - ::group::Pre task execution logs
[2024-06-04T00:05:50.815+0000] {taskinstance.py:2076} INFO - Dependencies all met for dep_context=non-requeueable deps ti=<TaskInstance: ingestion_data.levantar_datos_API manual__2024-06-04T00:02:43.634887+00:00 [queued]>
[2024-06-04T00:05:50.827+0000] {taskinstance.py:2076} INFO - Dependencies all met for dep_context=requeueable deps ti=<TaskInstance: ingestion_data.levantar_datos_API manual__2024-06-04T00:02:43.634887+00:00 [queued]>
[2024-06-04T00:05:50.829+0000] {taskinstance.py:2306} INFO - Starting attempt 2 of 2
[2024-06-04T00:05:50.843+0000] {taskinstance.py:2330} INFO - Executing <Task(PythonOperator): levantar_datos_API> on 2024-06-04 00:02:43.634887+00:00
[2024-06-04T00:05:50.850+0000] {standard_task_runner.py:63} INFO - Started process 2432 to run task
[2024-06-04T00:05:50.853+0000] {standard_task_runner.py:90} INFO - Running: ['***', 'tasks', 'run', 'ingestion_data', 'levantar_datos_API', 'manual__2024-06-04T00:02:43.634887+00:00', '--job-id', '74', '--raw', '--subdir', 'DAGS_FOLDER/dag_entregable_fedebar.py', '--cfg-path', '/tmp/tmpacup3wcn']
[2024-06-04T00:05:50.855+0000] {standard_task_runner.py:91} INFO - Job 74: Subtask levantar_datos_API
[2024-06-04T00:05:50.917+0000] {task_command.py:426} INFO - Running <TaskInstance: ingestion_data.levantar_datos_API manual__2024-06-04T00:02:43.634887+00:00 [running]> on host 167cb9f6b96a
[2024-06-04T00:05:51.003+0000] {taskinstance.py:2648} INFO - Exporting env vars: AIRFLOW_CTX_DAG_OWNER='FedeBar' AIRFLOW_CTX_DAG_ID='ingestion_data' AIRFLOW_CTX_TASK_ID='levantar_datos_API' AIRFLOW_CTX_EXECUTION_DATE='2024-06-04T00:02:43.634887+00:00' AIRFLOW_CTX_TRY_NUMBER='2' AIRFLOW_CTX_DAG_RUN_ID='manual__2024-06-04T00:02:43.634887+00:00'
[2024-06-04T00:05:51.004+0000] {taskinstance.py:430} INFO - ::endgroup::
[2024-06-04T00:05:51.018+0000] {taskinstance.py:441} INFO - ::group::Post task execution logs
[2024-06-04T00:05:51.019+0000] {taskinstance.py:2905} ERROR - Task failed with exception
Traceback (most recent call last):
  File "/home/airflow/.local/lib/python3.8/site-packages/airflow/models/taskinstance.py", line 465, in _execute_task
    result = _execute_callable(context=context, **execute_callable_kwargs)
  File "/home/airflow/.local/lib/python3.8/site-packages/airflow/models/taskinstance.py", line 432, in _execute_callable
    return execute_callable(context=context, **execute_callable_kwargs)
  File "/home/airflow/.local/lib/python3.8/site-packages/airflow/models/baseoperator.py", line 400, in wrapper
    return func(self, *args, **kwargs)
  File "/home/airflow/.local/lib/python3.8/site-packages/airflow/operators/python.py", line 235, in execute
    return_value = self.execute_callable()
  File "/home/airflow/.local/lib/python3.8/site-packages/airflow/operators/python.py", line 252, in execute_callable
    return self.python_callable(*self.op_args, **self.op_kwargs)
  File "/opt/airflow/dags/weather_info_ETL.py", line 101, in traer_datos_clima
    daily = response.Daily()
AttributeError: 'dict' object has no attribute 'Daily'
[2024-06-04T00:05:51.037+0000] {taskinstance.py:1206} INFO - Marking task as FAILED. dag_id=ingestion_data, task_id=levantar_datos_API, run_id=manual__2024-06-04T00:02:43.634887+00:00, execution_date=20240604T000243, start_date=20240604T000550, end_date=20240604T000551
[2024-06-04T00:05:51.049+0000] {standard_task_runner.py:110} ERROR - Failed to execute job 74 for task levantar_datos_API ('dict' object has no attribute 'Daily'; 2432)
[2024-06-04T00:05:51.067+0000] {local_task_job_runner.py:240} INFO - Task exited with return code 1
[2024-06-04T00:05:51.090+0000] {taskinstance.py:3498} INFO - 0 downstream tasks scheduled from follow-on schedule check
[2024-06-04T00:05:51.095+0000] {local_task_job_runner.py:222} INFO - ::endgroup::
