[2024-06-03T23:01:48.645+0000] {processor.py:161} INFO - Started process (PID=40) to work on /opt/airflow/dags/weather_info_ETL.py
[2024-06-03T23:01:48.663+0000] {processor.py:830} INFO - Processing file /opt/airflow/dags/weather_info_ETL.py for tasks to queue
[2024-06-03T23:01:48.699+0000] {logging_mixin.py:188} INFO - [2024-06-03T23:01:48.695+0000] {dagbag.py:545} INFO - Filling up the DagBag from /opt/airflow/dags/weather_info_ETL.py
[2024-06-03T23:01:53.723+0000] {processor.py:842} WARNING - No viable dags retrieved from /opt/airflow/dags/weather_info_ETL.py
[2024-06-03T23:01:53.906+0000] {processor.py:183} INFO - Processing /opt/airflow/dags/weather_info_ETL.py took 5.372 seconds
[2024-06-03T23:02:25.043+0000] {processor.py:161} INFO - Started process (PID=112) to work on /opt/airflow/dags/weather_info_ETL.py
[2024-06-03T23:02:25.046+0000] {processor.py:830} INFO - Processing file /opt/airflow/dags/weather_info_ETL.py for tasks to queue
[2024-06-03T23:02:25.050+0000] {logging_mixin.py:188} INFO - [2024-06-03T23:02:25.049+0000] {dagbag.py:545} INFO - Filling up the DagBag from /opt/airflow/dags/weather_info_ETL.py
[2024-06-03T23:02:26.264+0000] {processor.py:842} WARNING - No viable dags retrieved from /opt/airflow/dags/weather_info_ETL.py
[2024-06-03T23:02:26.281+0000] {processor.py:183} INFO - Processing /opt/airflow/dags/weather_info_ETL.py took 1.246 seconds
[2024-06-03T23:02:56.997+0000] {processor.py:161} INFO - Started process (PID=184) to work on /opt/airflow/dags/weather_info_ETL.py
[2024-06-03T23:02:56.999+0000] {processor.py:830} INFO - Processing file /opt/airflow/dags/weather_info_ETL.py for tasks to queue
[2024-06-03T23:02:57.002+0000] {logging_mixin.py:188} INFO - [2024-06-03T23:02:57.001+0000] {dagbag.py:545} INFO - Filling up the DagBag from /opt/airflow/dags/weather_info_ETL.py
[2024-06-03T23:02:58.554+0000] {processor.py:842} WARNING - No viable dags retrieved from /opt/airflow/dags/weather_info_ETL.py
[2024-06-03T23:02:58.572+0000] {processor.py:183} INFO - Processing /opt/airflow/dags/weather_info_ETL.py took 1.592 seconds
[2024-06-03T23:03:28.930+0000] {processor.py:161} INFO - Started process (PID=264) to work on /opt/airflow/dags/weather_info_ETL.py
[2024-06-03T23:03:28.931+0000] {processor.py:830} INFO - Processing file /opt/airflow/dags/weather_info_ETL.py for tasks to queue
[2024-06-03T23:03:28.934+0000] {logging_mixin.py:188} INFO - [2024-06-03T23:03:28.933+0000] {dagbag.py:545} INFO - Filling up the DagBag from /opt/airflow/dags/weather_info_ETL.py
[2024-06-03T23:03:29.711+0000] {processor.py:842} WARNING - No viable dags retrieved from /opt/airflow/dags/weather_info_ETL.py
[2024-06-03T23:03:29.726+0000] {processor.py:183} INFO - Processing /opt/airflow/dags/weather_info_ETL.py took 0.802 seconds
[2024-06-03T23:04:00.082+0000] {processor.py:161} INFO - Started process (PID=336) to work on /opt/airflow/dags/weather_info_ETL.py
[2024-06-03T23:04:00.085+0000] {processor.py:830} INFO - Processing file /opt/airflow/dags/weather_info_ETL.py for tasks to queue
[2024-06-03T23:04:00.087+0000] {logging_mixin.py:188} INFO - [2024-06-03T23:04:00.086+0000] {dagbag.py:545} INFO - Filling up the DagBag from /opt/airflow/dags/weather_info_ETL.py
[2024-06-03T23:04:00.738+0000] {processor.py:842} WARNING - No viable dags retrieved from /opt/airflow/dags/weather_info_ETL.py
[2024-06-03T23:04:00.756+0000] {processor.py:183} INFO - Processing /opt/airflow/dags/weather_info_ETL.py took 0.684 seconds
[2024-06-03T23:04:31.470+0000] {processor.py:161} INFO - Started process (PID=407) to work on /opt/airflow/dags/weather_info_ETL.py
[2024-06-03T23:04:31.472+0000] {processor.py:830} INFO - Processing file /opt/airflow/dags/weather_info_ETL.py for tasks to queue
[2024-06-03T23:04:31.485+0000] {logging_mixin.py:188} INFO - [2024-06-03T23:04:31.485+0000] {dagbag.py:545} INFO - Filling up the DagBag from /opt/airflow/dags/weather_info_ETL.py
[2024-06-03T23:04:32.650+0000] {processor.py:842} WARNING - No viable dags retrieved from /opt/airflow/dags/weather_info_ETL.py
[2024-06-03T23:04:32.691+0000] {processor.py:183} INFO - Processing /opt/airflow/dags/weather_info_ETL.py took 1.244 seconds
[2024-06-03T23:05:03.233+0000] {processor.py:161} INFO - Started process (PID=487) to work on /opt/airflow/dags/weather_info_ETL.py
[2024-06-03T23:05:03.243+0000] {processor.py:830} INFO - Processing file /opt/airflow/dags/weather_info_ETL.py for tasks to queue
[2024-06-03T23:05:03.248+0000] {logging_mixin.py:188} INFO - [2024-06-03T23:05:03.248+0000] {dagbag.py:545} INFO - Filling up the DagBag from /opt/airflow/dags/weather_info_ETL.py
[2024-06-03T23:05:04.337+0000] {processor.py:842} WARNING - No viable dags retrieved from /opt/airflow/dags/weather_info_ETL.py
[2024-06-03T23:05:04.352+0000] {processor.py:183} INFO - Processing /opt/airflow/dags/weather_info_ETL.py took 1.139 seconds
[2024-06-03T23:05:35.375+0000] {processor.py:161} INFO - Started process (PID=559) to work on /opt/airflow/dags/weather_info_ETL.py
[2024-06-03T23:05:35.379+0000] {processor.py:830} INFO - Processing file /opt/airflow/dags/weather_info_ETL.py for tasks to queue
[2024-06-03T23:05:35.383+0000] {logging_mixin.py:188} INFO - [2024-06-03T23:05:35.382+0000] {dagbag.py:545} INFO - Filling up the DagBag from /opt/airflow/dags/weather_info_ETL.py
[2024-06-03T23:05:37.010+0000] {processor.py:842} WARNING - No viable dags retrieved from /opt/airflow/dags/weather_info_ETL.py
[2024-06-03T23:05:37.036+0000] {processor.py:183} INFO - Processing /opt/airflow/dags/weather_info_ETL.py took 1.671 seconds
[2024-06-03T23:06:07.205+0000] {processor.py:161} INFO - Started process (PID=631) to work on /opt/airflow/dags/weather_info_ETL.py
[2024-06-03T23:06:07.207+0000] {processor.py:830} INFO - Processing file /opt/airflow/dags/weather_info_ETL.py for tasks to queue
[2024-06-03T23:06:07.211+0000] {logging_mixin.py:188} INFO - [2024-06-03T23:06:07.210+0000] {dagbag.py:545} INFO - Filling up the DagBag from /opt/airflow/dags/weather_info_ETL.py
[2024-06-03T23:06:07.929+0000] {processor.py:842} WARNING - No viable dags retrieved from /opt/airflow/dags/weather_info_ETL.py
[2024-06-03T23:06:07.945+0000] {processor.py:183} INFO - Processing /opt/airflow/dags/weather_info_ETL.py took 0.748 seconds
[2024-06-03T23:06:38.330+0000] {processor.py:161} INFO - Started process (PID=711) to work on /opt/airflow/dags/weather_info_ETL.py
[2024-06-03T23:06:38.331+0000] {processor.py:830} INFO - Processing file /opt/airflow/dags/weather_info_ETL.py for tasks to queue
[2024-06-03T23:06:38.334+0000] {logging_mixin.py:188} INFO - [2024-06-03T23:06:38.334+0000] {dagbag.py:545} INFO - Filling up the DagBag from /opt/airflow/dags/weather_info_ETL.py
[2024-06-03T23:06:39.025+0000] {processor.py:842} WARNING - No viable dags retrieved from /opt/airflow/dags/weather_info_ETL.py
[2024-06-03T23:06:39.037+0000] {processor.py:183} INFO - Processing /opt/airflow/dags/weather_info_ETL.py took 0.718 seconds
[2024-06-03T23:07:09.276+0000] {processor.py:161} INFO - Started process (PID=783) to work on /opt/airflow/dags/weather_info_ETL.py
[2024-06-03T23:07:09.277+0000] {processor.py:830} INFO - Processing file /opt/airflow/dags/weather_info_ETL.py for tasks to queue
[2024-06-03T23:07:09.279+0000] {logging_mixin.py:188} INFO - [2024-06-03T23:07:09.279+0000] {dagbag.py:545} INFO - Filling up the DagBag from /opt/airflow/dags/weather_info_ETL.py
[2024-06-03T23:07:09.895+0000] {processor.py:842} WARNING - No viable dags retrieved from /opt/airflow/dags/weather_info_ETL.py
[2024-06-03T23:07:09.910+0000] {processor.py:183} INFO - Processing /opt/airflow/dags/weather_info_ETL.py took 0.640 seconds
[2024-06-03T23:07:25.931+0000] {processor.py:161} INFO - Started process (PID=847) to work on /opt/airflow/dags/weather_info_ETL.py
[2024-06-03T23:07:25.933+0000] {processor.py:830} INFO - Processing file /opt/airflow/dags/weather_info_ETL.py for tasks to queue
[2024-06-03T23:07:25.936+0000] {logging_mixin.py:188} INFO - [2024-06-03T23:07:25.936+0000] {dagbag.py:545} INFO - Filling up the DagBag from /opt/airflow/dags/weather_info_ETL.py
[2024-06-03T23:07:26.685+0000] {processor.py:842} WARNING - No viable dags retrieved from /opt/airflow/dags/weather_info_ETL.py
[2024-06-03T23:07:26.701+0000] {processor.py:183} INFO - Processing /opt/airflow/dags/weather_info_ETL.py took 0.778 seconds
[2024-06-03T23:07:56.878+0000] {processor.py:161} INFO - Started process (PID=919) to work on /opt/airflow/dags/weather_info_ETL.py
[2024-06-03T23:07:56.880+0000] {processor.py:830} INFO - Processing file /opt/airflow/dags/weather_info_ETL.py for tasks to queue
[2024-06-03T23:07:56.882+0000] {logging_mixin.py:188} INFO - [2024-06-03T23:07:56.882+0000] {dagbag.py:545} INFO - Filling up the DagBag from /opt/airflow/dags/weather_info_ETL.py
[2024-06-03T23:07:57.531+0000] {processor.py:842} WARNING - No viable dags retrieved from /opt/airflow/dags/weather_info_ETL.py
[2024-06-03T23:07:57.546+0000] {processor.py:183} INFO - Processing /opt/airflow/dags/weather_info_ETL.py took 0.675 seconds
[2024-06-03T23:08:27.730+0000] {processor.py:161} INFO - Started process (PID=999) to work on /opt/airflow/dags/weather_info_ETL.py
[2024-06-03T23:08:27.732+0000] {processor.py:830} INFO - Processing file /opt/airflow/dags/weather_info_ETL.py for tasks to queue
[2024-06-03T23:08:27.735+0000] {logging_mixin.py:188} INFO - [2024-06-03T23:08:27.734+0000] {dagbag.py:545} INFO - Filling up the DagBag from /opt/airflow/dags/weather_info_ETL.py
[2024-06-03T23:08:28.473+0000] {processor.py:842} WARNING - No viable dags retrieved from /opt/airflow/dags/weather_info_ETL.py
[2024-06-03T23:08:28.487+0000] {processor.py:183} INFO - Processing /opt/airflow/dags/weather_info_ETL.py took 0.765 seconds
[2024-06-03T23:08:58.810+0000] {processor.py:161} INFO - Started process (PID=1071) to work on /opt/airflow/dags/weather_info_ETL.py
[2024-06-03T23:08:58.811+0000] {processor.py:830} INFO - Processing file /opt/airflow/dags/weather_info_ETL.py for tasks to queue
[2024-06-03T23:08:58.813+0000] {logging_mixin.py:188} INFO - [2024-06-03T23:08:58.813+0000] {dagbag.py:545} INFO - Filling up the DagBag from /opt/airflow/dags/weather_info_ETL.py
[2024-06-03T23:08:59.452+0000] {processor.py:842} WARNING - No viable dags retrieved from /opt/airflow/dags/weather_info_ETL.py
[2024-06-03T23:08:59.468+0000] {processor.py:183} INFO - Processing /opt/airflow/dags/weather_info_ETL.py took 0.666 seconds
[2024-06-03T23:09:29.612+0000] {processor.py:161} INFO - Started process (PID=1143) to work on /opt/airflow/dags/weather_info_ETL.py
[2024-06-03T23:09:29.613+0000] {processor.py:830} INFO - Processing file /opt/airflow/dags/weather_info_ETL.py for tasks to queue
[2024-06-03T23:09:29.619+0000] {logging_mixin.py:188} INFO - [2024-06-03T23:09:29.619+0000] {dagbag.py:545} INFO - Filling up the DagBag from /opt/airflow/dags/weather_info_ETL.py
[2024-06-03T23:09:30.281+0000] {processor.py:842} WARNING - No viable dags retrieved from /opt/airflow/dags/weather_info_ETL.py
[2024-06-03T23:09:30.301+0000] {processor.py:183} INFO - Processing /opt/airflow/dags/weather_info_ETL.py took 0.701 seconds
[2024-06-03T23:10:00.570+0000] {processor.py:161} INFO - Started process (PID=1223) to work on /opt/airflow/dags/weather_info_ETL.py
[2024-06-03T23:10:00.572+0000] {processor.py:830} INFO - Processing file /opt/airflow/dags/weather_info_ETL.py for tasks to queue
[2024-06-03T23:10:00.575+0000] {logging_mixin.py:188} INFO - [2024-06-03T23:10:00.574+0000] {dagbag.py:545} INFO - Filling up the DagBag from /opt/airflow/dags/weather_info_ETL.py
[2024-06-03T23:10:01.187+0000] {processor.py:842} WARNING - No viable dags retrieved from /opt/airflow/dags/weather_info_ETL.py
[2024-06-03T23:10:01.201+0000] {processor.py:183} INFO - Processing /opt/airflow/dags/weather_info_ETL.py took 0.643 seconds
[2024-06-03T23:10:31.319+0000] {processor.py:161} INFO - Started process (PID=1295) to work on /opt/airflow/dags/weather_info_ETL.py
[2024-06-03T23:10:31.321+0000] {processor.py:830} INFO - Processing file /opt/airflow/dags/weather_info_ETL.py for tasks to queue
[2024-06-03T23:10:31.323+0000] {logging_mixin.py:188} INFO - [2024-06-03T23:10:31.323+0000] {dagbag.py:545} INFO - Filling up the DagBag from /opt/airflow/dags/weather_info_ETL.py
[2024-06-03T23:10:31.956+0000] {processor.py:842} WARNING - No viable dags retrieved from /opt/airflow/dags/weather_info_ETL.py
[2024-06-03T23:10:31.972+0000] {processor.py:183} INFO - Processing /opt/airflow/dags/weather_info_ETL.py took 0.663 seconds
[2024-06-03T23:11:02.225+0000] {processor.py:161} INFO - Started process (PID=1367) to work on /opt/airflow/dags/weather_info_ETL.py
[2024-06-03T23:11:02.227+0000] {processor.py:830} INFO - Processing file /opt/airflow/dags/weather_info_ETL.py for tasks to queue
[2024-06-03T23:11:02.230+0000] {logging_mixin.py:188} INFO - [2024-06-03T23:11:02.229+0000] {dagbag.py:545} INFO - Filling up the DagBag from /opt/airflow/dags/weather_info_ETL.py
[2024-06-03T23:11:02.766+0000] {processor.py:842} WARNING - No viable dags retrieved from /opt/airflow/dags/weather_info_ETL.py
[2024-06-03T23:11:02.780+0000] {processor.py:183} INFO - Processing /opt/airflow/dags/weather_info_ETL.py took 0.561 seconds
[2024-06-03T23:11:33.053+0000] {processor.py:161} INFO - Started process (PID=1447) to work on /opt/airflow/dags/weather_info_ETL.py
[2024-06-03T23:11:33.055+0000] {processor.py:830} INFO - Processing file /opt/airflow/dags/weather_info_ETL.py for tasks to queue
[2024-06-03T23:11:33.057+0000] {logging_mixin.py:188} INFO - [2024-06-03T23:11:33.057+0000] {dagbag.py:545} INFO - Filling up the DagBag from /opt/airflow/dags/weather_info_ETL.py
[2024-06-03T23:11:33.688+0000] {processor.py:842} WARNING - No viable dags retrieved from /opt/airflow/dags/weather_info_ETL.py
[2024-06-03T23:11:33.704+0000] {processor.py:183} INFO - Processing /opt/airflow/dags/weather_info_ETL.py took 0.659 seconds
[2024-06-03T23:12:04.172+0000] {processor.py:161} INFO - Started process (PID=1520) to work on /opt/airflow/dags/weather_info_ETL.py
[2024-06-03T23:12:04.174+0000] {processor.py:830} INFO - Processing file /opt/airflow/dags/weather_info_ETL.py for tasks to queue
[2024-06-03T23:12:04.176+0000] {logging_mixin.py:188} INFO - [2024-06-03T23:12:04.176+0000] {dagbag.py:545} INFO - Filling up the DagBag from /opt/airflow/dags/weather_info_ETL.py
[2024-06-03T23:12:04.692+0000] {processor.py:842} WARNING - No viable dags retrieved from /opt/airflow/dags/weather_info_ETL.py
[2024-06-03T23:12:04.703+0000] {processor.py:183} INFO - Processing /opt/airflow/dags/weather_info_ETL.py took 0.536 seconds
[2024-06-03T23:12:35.232+0000] {processor.py:161} INFO - Started process (PID=1592) to work on /opt/airflow/dags/weather_info_ETL.py
[2024-06-03T23:12:35.234+0000] {processor.py:830} INFO - Processing file /opt/airflow/dags/weather_info_ETL.py for tasks to queue
[2024-06-03T23:12:35.237+0000] {logging_mixin.py:188} INFO - [2024-06-03T23:12:35.237+0000] {dagbag.py:545} INFO - Filling up the DagBag from /opt/airflow/dags/weather_info_ETL.py
[2024-06-03T23:12:35.839+0000] {processor.py:842} WARNING - No viable dags retrieved from /opt/airflow/dags/weather_info_ETL.py
[2024-06-03T23:12:35.854+0000] {processor.py:183} INFO - Processing /opt/airflow/dags/weather_info_ETL.py took 0.630 seconds
[2024-06-03T23:13:06.379+0000] {processor.py:161} INFO - Started process (PID=1671) to work on /opt/airflow/dags/weather_info_ETL.py
[2024-06-03T23:13:06.380+0000] {processor.py:830} INFO - Processing file /opt/airflow/dags/weather_info_ETL.py for tasks to queue
[2024-06-03T23:13:06.383+0000] {logging_mixin.py:188} INFO - [2024-06-03T23:13:06.382+0000] {dagbag.py:545} INFO - Filling up the DagBag from /opt/airflow/dags/weather_info_ETL.py
[2024-06-03T23:13:06.999+0000] {processor.py:842} WARNING - No viable dags retrieved from /opt/airflow/dags/weather_info_ETL.py
[2024-06-03T23:13:07.012+0000] {processor.py:183} INFO - Processing /opt/airflow/dags/weather_info_ETL.py took 0.639 seconds
[2024-06-03T23:13:37.318+0000] {processor.py:161} INFO - Started process (PID=1743) to work on /opt/airflow/dags/weather_info_ETL.py
[2024-06-03T23:13:37.320+0000] {processor.py:830} INFO - Processing file /opt/airflow/dags/weather_info_ETL.py for tasks to queue
[2024-06-03T23:13:37.322+0000] {logging_mixin.py:188} INFO - [2024-06-03T23:13:37.322+0000] {dagbag.py:545} INFO - Filling up the DagBag from /opt/airflow/dags/weather_info_ETL.py
[2024-06-03T23:13:37.872+0000] {processor.py:842} WARNING - No viable dags retrieved from /opt/airflow/dags/weather_info_ETL.py
[2024-06-03T23:13:37.885+0000] {processor.py:183} INFO - Processing /opt/airflow/dags/weather_info_ETL.py took 0.573 seconds
[2024-06-03T23:14:08.411+0000] {processor.py:161} INFO - Started process (PID=1815) to work on /opt/airflow/dags/weather_info_ETL.py
[2024-06-03T23:14:08.412+0000] {processor.py:830} INFO - Processing file /opt/airflow/dags/weather_info_ETL.py for tasks to queue
[2024-06-03T23:14:08.415+0000] {logging_mixin.py:188} INFO - [2024-06-03T23:14:08.415+0000] {dagbag.py:545} INFO - Filling up the DagBag from /opt/airflow/dags/weather_info_ETL.py
[2024-06-03T23:14:08.956+0000] {processor.py:842} WARNING - No viable dags retrieved from /opt/airflow/dags/weather_info_ETL.py
[2024-06-03T23:14:08.968+0000] {processor.py:183} INFO - Processing /opt/airflow/dags/weather_info_ETL.py took 0.566 seconds
[2024-06-03T23:14:39.152+0000] {processor.py:161} INFO - Started process (PID=1895) to work on /opt/airflow/dags/weather_info_ETL.py
[2024-06-03T23:14:39.154+0000] {processor.py:830} INFO - Processing file /opt/airflow/dags/weather_info_ETL.py for tasks to queue
[2024-06-03T23:14:39.156+0000] {logging_mixin.py:188} INFO - [2024-06-03T23:14:39.156+0000] {dagbag.py:545} INFO - Filling up the DagBag from /opt/airflow/dags/weather_info_ETL.py
[2024-06-03T23:14:39.787+0000] {processor.py:842} WARNING - No viable dags retrieved from /opt/airflow/dags/weather_info_ETL.py
[2024-06-03T23:14:39.799+0000] {processor.py:183} INFO - Processing /opt/airflow/dags/weather_info_ETL.py took 0.654 seconds
[2024-06-03T23:15:10.221+0000] {processor.py:161} INFO - Started process (PID=1967) to work on /opt/airflow/dags/weather_info_ETL.py
[2024-06-03T23:15:10.222+0000] {processor.py:830} INFO - Processing file /opt/airflow/dags/weather_info_ETL.py for tasks to queue
[2024-06-03T23:15:10.224+0000] {logging_mixin.py:188} INFO - [2024-06-03T23:15:10.224+0000] {dagbag.py:545} INFO - Filling up the DagBag from /opt/airflow/dags/weather_info_ETL.py
[2024-06-03T23:15:10.761+0000] {processor.py:842} WARNING - No viable dags retrieved from /opt/airflow/dags/weather_info_ETL.py
[2024-06-03T23:15:10.817+0000] {processor.py:183} INFO - Processing /opt/airflow/dags/weather_info_ETL.py took 0.602 seconds
[2024-06-03T23:15:41.517+0000] {processor.py:161} INFO - Started process (PID=2038) to work on /opt/airflow/dags/weather_info_ETL.py
[2024-06-03T23:15:41.519+0000] {processor.py:830} INFO - Processing file /opt/airflow/dags/weather_info_ETL.py for tasks to queue
[2024-06-03T23:15:41.521+0000] {logging_mixin.py:188} INFO - [2024-06-03T23:15:41.521+0000] {dagbag.py:545} INFO - Filling up the DagBag from /opt/airflow/dags/weather_info_ETL.py
[2024-06-03T23:15:42.101+0000] {processor.py:842} WARNING - No viable dags retrieved from /opt/airflow/dags/weather_info_ETL.py
[2024-06-03T23:15:42.116+0000] {processor.py:183} INFO - Processing /opt/airflow/dags/weather_info_ETL.py took 0.605 seconds
[2024-06-03T23:16:12.628+0000] {processor.py:161} INFO - Started process (PID=2118) to work on /opt/airflow/dags/weather_info_ETL.py
[2024-06-03T23:16:12.630+0000] {processor.py:830} INFO - Processing file /opt/airflow/dags/weather_info_ETL.py for tasks to queue
[2024-06-03T23:16:12.632+0000] {logging_mixin.py:188} INFO - [2024-06-03T23:16:12.632+0000] {dagbag.py:545} INFO - Filling up the DagBag from /opt/airflow/dags/weather_info_ETL.py
[2024-06-03T23:16:13.180+0000] {processor.py:842} WARNING - No viable dags retrieved from /opt/airflow/dags/weather_info_ETL.py
[2024-06-03T23:16:13.211+0000] {processor.py:183} INFO - Processing /opt/airflow/dags/weather_info_ETL.py took 0.589 seconds
[2024-06-03T23:16:43.694+0000] {processor.py:161} INFO - Started process (PID=2190) to work on /opt/airflow/dags/weather_info_ETL.py
[2024-06-03T23:16:43.696+0000] {processor.py:830} INFO - Processing file /opt/airflow/dags/weather_info_ETL.py for tasks to queue
[2024-06-03T23:16:43.699+0000] {logging_mixin.py:188} INFO - [2024-06-03T23:16:43.699+0000] {dagbag.py:545} INFO - Filling up the DagBag from /opt/airflow/dags/weather_info_ETL.py
[2024-06-03T23:16:44.278+0000] {processor.py:842} WARNING - No viable dags retrieved from /opt/airflow/dags/weather_info_ETL.py
[2024-06-03T23:16:44.294+0000] {processor.py:183} INFO - Processing /opt/airflow/dags/weather_info_ETL.py took 0.608 seconds
[2024-06-03T23:17:14.598+0000] {processor.py:161} INFO - Started process (PID=2270) to work on /opt/airflow/dags/weather_info_ETL.py
[2024-06-03T23:17:14.599+0000] {processor.py:830} INFO - Processing file /opt/airflow/dags/weather_info_ETL.py for tasks to queue
[2024-06-03T23:17:14.601+0000] {logging_mixin.py:188} INFO - [2024-06-03T23:17:14.601+0000] {dagbag.py:545} INFO - Filling up the DagBag from /opt/airflow/dags/weather_info_ETL.py
[2024-06-03T23:17:15.260+0000] {processor.py:842} WARNING - No viable dags retrieved from /opt/airflow/dags/weather_info_ETL.py
[2024-06-03T23:17:15.279+0000] {processor.py:183} INFO - Processing /opt/airflow/dags/weather_info_ETL.py took 0.687 seconds
[2024-06-03T23:17:45.515+0000] {processor.py:161} INFO - Started process (PID=2343) to work on /opt/airflow/dags/weather_info_ETL.py
[2024-06-03T23:17:45.516+0000] {processor.py:830} INFO - Processing file /opt/airflow/dags/weather_info_ETL.py for tasks to queue
[2024-06-03T23:17:45.518+0000] {logging_mixin.py:188} INFO - [2024-06-03T23:17:45.518+0000] {dagbag.py:545} INFO - Filling up the DagBag from /opt/airflow/dags/weather_info_ETL.py
[2024-06-03T23:17:46.100+0000] {processor.py:842} WARNING - No viable dags retrieved from /opt/airflow/dags/weather_info_ETL.py
[2024-06-03T23:17:46.114+0000] {processor.py:183} INFO - Processing /opt/airflow/dags/weather_info_ETL.py took 0.607 seconds
[2024-06-03T23:18:16.250+0000] {processor.py:161} INFO - Started process (PID=2415) to work on /opt/airflow/dags/weather_info_ETL.py
[2024-06-03T23:18:16.252+0000] {processor.py:830} INFO - Processing file /opt/airflow/dags/weather_info_ETL.py for tasks to queue
[2024-06-03T23:18:16.264+0000] {logging_mixin.py:188} INFO - [2024-06-03T23:18:16.264+0000] {dagbag.py:545} INFO - Filling up the DagBag from /opt/airflow/dags/weather_info_ETL.py
[2024-06-03T23:18:19.562+0000] {processor.py:842} WARNING - No viable dags retrieved from /opt/airflow/dags/weather_info_ETL.py
[2024-06-03T23:18:19.595+0000] {processor.py:183} INFO - Processing /opt/airflow/dags/weather_info_ETL.py took 3.355 seconds
[2024-06-03T23:20:10.243+0000] {processor.py:161} INFO - Started process (PID=2475) to work on /opt/airflow/dags/weather_info_ETL.py
[2024-06-03T23:20:10.244+0000] {processor.py:830} INFO - Processing file /opt/airflow/dags/weather_info_ETL.py for tasks to queue
[2024-06-03T23:20:10.246+0000] {logging_mixin.py:188} INFO - [2024-06-03T23:20:10.246+0000] {dagbag.py:545} INFO - Filling up the DagBag from /opt/airflow/dags/weather_info_ETL.py
[2024-06-03T23:20:11.084+0000] {processor.py:842} WARNING - No viable dags retrieved from /opt/airflow/dags/weather_info_ETL.py
[2024-06-03T23:20:11.100+0000] {processor.py:183} INFO - Processing /opt/airflow/dags/weather_info_ETL.py took 0.864 seconds
[2024-06-03T23:20:41.268+0000] {processor.py:161} INFO - Started process (PID=2547) to work on /opt/airflow/dags/weather_info_ETL.py
[2024-06-03T23:20:41.269+0000] {processor.py:830} INFO - Processing file /opt/airflow/dags/weather_info_ETL.py for tasks to queue
[2024-06-03T23:20:41.272+0000] {logging_mixin.py:188} INFO - [2024-06-03T23:20:41.272+0000] {dagbag.py:545} INFO - Filling up the DagBag from /opt/airflow/dags/weather_info_ETL.py
[2024-06-03T23:20:41.988+0000] {processor.py:842} WARNING - No viable dags retrieved from /opt/airflow/dags/weather_info_ETL.py
[2024-06-03T23:20:42.006+0000] {processor.py:183} INFO - Processing /opt/airflow/dags/weather_info_ETL.py took 0.745 seconds
[2024-06-03T23:21:12.876+0000] {processor.py:161} INFO - Started process (PID=2619) to work on /opt/airflow/dags/weather_info_ETL.py
[2024-06-03T23:21:12.878+0000] {processor.py:830} INFO - Processing file /opt/airflow/dags/weather_info_ETL.py for tasks to queue
[2024-06-03T23:21:12.880+0000] {logging_mixin.py:188} INFO - [2024-06-03T23:21:12.879+0000] {dagbag.py:545} INFO - Filling up the DagBag from /opt/airflow/dags/weather_info_ETL.py
[2024-06-03T23:21:13.476+0000] {processor.py:842} WARNING - No viable dags retrieved from /opt/airflow/dags/weather_info_ETL.py
[2024-06-03T23:21:13.491+0000] {processor.py:183} INFO - Processing /opt/airflow/dags/weather_info_ETL.py took 0.622 seconds
[2024-06-03T23:21:43.625+0000] {processor.py:161} INFO - Started process (PID=2694) to work on /opt/airflow/dags/weather_info_ETL.py
[2024-06-03T23:21:43.627+0000] {processor.py:830} INFO - Processing file /opt/airflow/dags/weather_info_ETL.py for tasks to queue
[2024-06-03T23:21:43.630+0000] {logging_mixin.py:188} INFO - [2024-06-03T23:21:43.629+0000] {dagbag.py:545} INFO - Filling up the DagBag from /opt/airflow/dags/weather_info_ETL.py
[2024-06-03T23:21:44.509+0000] {processor.py:842} WARNING - No viable dags retrieved from /opt/airflow/dags/weather_info_ETL.py
[2024-06-03T23:21:44.540+0000] {processor.py:183} INFO - Processing /opt/airflow/dags/weather_info_ETL.py took 0.926 seconds
[2024-06-03T23:22:14.759+0000] {processor.py:161} INFO - Started process (PID=2773) to work on /opt/airflow/dags/weather_info_ETL.py
[2024-06-03T23:22:14.760+0000] {processor.py:830} INFO - Processing file /opt/airflow/dags/weather_info_ETL.py for tasks to queue
[2024-06-03T23:22:14.763+0000] {logging_mixin.py:188} INFO - [2024-06-03T23:22:14.762+0000] {dagbag.py:545} INFO - Filling up the DagBag from /opt/airflow/dags/weather_info_ETL.py
[2024-06-03T23:22:15.441+0000] {processor.py:842} WARNING - No viable dags retrieved from /opt/airflow/dags/weather_info_ETL.py
[2024-06-03T23:22:15.457+0000] {processor.py:183} INFO - Processing /opt/airflow/dags/weather_info_ETL.py took 0.706 seconds
[2024-06-03T23:22:45.595+0000] {processor.py:161} INFO - Started process (PID=2849) to work on /opt/airflow/dags/weather_info_ETL.py
[2024-06-03T23:22:45.597+0000] {processor.py:830} INFO - Processing file /opt/airflow/dags/weather_info_ETL.py for tasks to queue
[2024-06-03T23:22:45.602+0000] {logging_mixin.py:188} INFO - [2024-06-03T23:22:45.600+0000] {dagbag.py:545} INFO - Filling up the DagBag from /opt/airflow/dags/weather_info_ETL.py
[2024-06-03T23:22:46.345+0000] {processor.py:842} WARNING - No viable dags retrieved from /opt/airflow/dags/weather_info_ETL.py
[2024-06-03T23:22:46.362+0000] {processor.py:183} INFO - Processing /opt/airflow/dags/weather_info_ETL.py took 0.775 seconds
[2024-06-03T23:23:17.154+0000] {processor.py:161} INFO - Started process (PID=2924) to work on /opt/airflow/dags/weather_info_ETL.py
[2024-06-03T23:23:17.155+0000] {processor.py:830} INFO - Processing file /opt/airflow/dags/weather_info_ETL.py for tasks to queue
[2024-06-03T23:23:17.157+0000] {logging_mixin.py:188} INFO - [2024-06-03T23:23:17.157+0000] {dagbag.py:545} INFO - Filling up the DagBag from /opt/airflow/dags/weather_info_ETL.py
[2024-06-03T23:23:17.845+0000] {processor.py:842} WARNING - No viable dags retrieved from /opt/airflow/dags/weather_info_ETL.py
[2024-06-03T23:23:17.860+0000] {processor.py:183} INFO - Processing /opt/airflow/dags/weather_info_ETL.py took 0.714 seconds
[2024-06-03T23:23:48.001+0000] {processor.py:161} INFO - Started process (PID=3000) to work on /opt/airflow/dags/weather_info_ETL.py
[2024-06-03T23:23:48.003+0000] {processor.py:830} INFO - Processing file /opt/airflow/dags/weather_info_ETL.py for tasks to queue
[2024-06-03T23:23:48.005+0000] {logging_mixin.py:188} INFO - [2024-06-03T23:23:48.005+0000] {dagbag.py:545} INFO - Filling up the DagBag from /opt/airflow/dags/weather_info_ETL.py
[2024-06-03T23:23:48.688+0000] {processor.py:842} WARNING - No viable dags retrieved from /opt/airflow/dags/weather_info_ETL.py
[2024-06-03T23:23:48.704+0000] {processor.py:183} INFO - Processing /opt/airflow/dags/weather_info_ETL.py took 0.709 seconds
[2024-06-03T23:24:19.210+0000] {processor.py:161} INFO - Started process (PID=3085) to work on /opt/airflow/dags/weather_info_ETL.py
[2024-06-03T23:24:19.212+0000] {processor.py:830} INFO - Processing file /opt/airflow/dags/weather_info_ETL.py for tasks to queue
[2024-06-03T23:24:19.214+0000] {logging_mixin.py:188} INFO - [2024-06-03T23:24:19.214+0000] {dagbag.py:545} INFO - Filling up the DagBag from /opt/airflow/dags/weather_info_ETL.py
[2024-06-03T23:24:19.793+0000] {processor.py:842} WARNING - No viable dags retrieved from /opt/airflow/dags/weather_info_ETL.py
[2024-06-03T23:24:19.808+0000] {processor.py:183} INFO - Processing /opt/airflow/dags/weather_info_ETL.py took 0.606 seconds
[2024-06-03T23:24:50.703+0000] {processor.py:161} INFO - Started process (PID=3159) to work on /opt/airflow/dags/weather_info_ETL.py
[2024-06-03T23:24:50.704+0000] {processor.py:830} INFO - Processing file /opt/airflow/dags/weather_info_ETL.py for tasks to queue
[2024-06-03T23:24:50.706+0000] {logging_mixin.py:188} INFO - [2024-06-03T23:24:50.706+0000] {dagbag.py:545} INFO - Filling up the DagBag from /opt/airflow/dags/weather_info_ETL.py
[2024-06-03T23:24:51.315+0000] {processor.py:842} WARNING - No viable dags retrieved from /opt/airflow/dags/weather_info_ETL.py
[2024-06-03T23:24:51.333+0000] {processor.py:183} INFO - Processing /opt/airflow/dags/weather_info_ETL.py took 0.636 seconds
[2024-06-03T23:25:21.439+0000] {processor.py:161} INFO - Started process (PID=3241) to work on /opt/airflow/dags/weather_info_ETL.py
[2024-06-03T23:25:21.442+0000] {processor.py:830} INFO - Processing file /opt/airflow/dags/weather_info_ETL.py for tasks to queue
[2024-06-03T23:25:21.448+0000] {logging_mixin.py:188} INFO - [2024-06-03T23:25:21.447+0000] {dagbag.py:545} INFO - Filling up the DagBag from /opt/airflow/dags/weather_info_ETL.py
[2024-06-03T23:25:22.151+0000] {processor.py:842} WARNING - No viable dags retrieved from /opt/airflow/dags/weather_info_ETL.py
[2024-06-03T23:25:22.166+0000] {processor.py:183} INFO - Processing /opt/airflow/dags/weather_info_ETL.py took 0.742 seconds
[2024-06-03T23:25:54.608+0000] {processor.py:161} INFO - Started process (PID=3316) to work on /opt/airflow/dags/weather_info_ETL.py
[2024-06-03T23:25:54.636+0000] {processor.py:830} INFO - Processing file /opt/airflow/dags/weather_info_ETL.py for tasks to queue
[2024-06-03T23:25:54.692+0000] {logging_mixin.py:188} INFO - [2024-06-03T23:25:54.691+0000] {dagbag.py:545} INFO - Filling up the DagBag from /opt/airflow/dags/weather_info_ETL.py
[2024-06-03T23:25:55.935+0000] {processor.py:842} WARNING - No viable dags retrieved from /opt/airflow/dags/weather_info_ETL.py
[2024-06-03T23:25:55.950+0000] {processor.py:183} INFO - Processing /opt/airflow/dags/weather_info_ETL.py took 1.361 seconds
[2024-06-03T23:26:26.904+0000] {processor.py:161} INFO - Started process (PID=3388) to work on /opt/airflow/dags/weather_info_ETL.py
[2024-06-03T23:26:26.910+0000] {processor.py:830} INFO - Processing file /opt/airflow/dags/weather_info_ETL.py for tasks to queue
[2024-06-03T23:26:26.914+0000] {logging_mixin.py:188} INFO - [2024-06-03T23:26:26.913+0000] {dagbag.py:545} INFO - Filling up the DagBag from /opt/airflow/dags/weather_info_ETL.py
[2024-06-03T23:26:27.619+0000] {processor.py:842} WARNING - No viable dags retrieved from /opt/airflow/dags/weather_info_ETL.py
[2024-06-03T23:26:27.637+0000] {processor.py:183} INFO - Processing /opt/airflow/dags/weather_info_ETL.py took 0.743 seconds
[2024-06-03T23:26:58.248+0000] {processor.py:161} INFO - Started process (PID=3468) to work on /opt/airflow/dags/weather_info_ETL.py
[2024-06-03T23:26:58.250+0000] {processor.py:830} INFO - Processing file /opt/airflow/dags/weather_info_ETL.py for tasks to queue
[2024-06-03T23:26:58.253+0000] {logging_mixin.py:188} INFO - [2024-06-03T23:26:58.252+0000] {dagbag.py:545} INFO - Filling up the DagBag from /opt/airflow/dags/weather_info_ETL.py
[2024-06-03T23:26:58.978+0000] {processor.py:842} WARNING - No viable dags retrieved from /opt/airflow/dags/weather_info_ETL.py
[2024-06-03T23:26:58.994+0000] {processor.py:183} INFO - Processing /opt/airflow/dags/weather_info_ETL.py took 0.754 seconds
[2024-06-03T23:27:29.782+0000] {processor.py:161} INFO - Started process (PID=3540) to work on /opt/airflow/dags/weather_info_ETL.py
[2024-06-03T23:27:29.783+0000] {processor.py:830} INFO - Processing file /opt/airflow/dags/weather_info_ETL.py for tasks to queue
[2024-06-03T23:27:29.786+0000] {logging_mixin.py:188} INFO - [2024-06-03T23:27:29.786+0000] {dagbag.py:545} INFO - Filling up the DagBag from /opt/airflow/dags/weather_info_ETL.py
[2024-06-03T23:27:30.548+0000] {processor.py:842} WARNING - No viable dags retrieved from /opt/airflow/dags/weather_info_ETL.py
[2024-06-03T23:27:30.565+0000] {processor.py:183} INFO - Processing /opt/airflow/dags/weather_info_ETL.py took 0.790 seconds
[2024-06-03T23:28:00.782+0000] {processor.py:161} INFO - Started process (PID=3612) to work on /opt/airflow/dags/weather_info_ETL.py
[2024-06-03T23:28:00.784+0000] {processor.py:830} INFO - Processing file /opt/airflow/dags/weather_info_ETL.py for tasks to queue
[2024-06-03T23:28:00.786+0000] {logging_mixin.py:188} INFO - [2024-06-03T23:28:00.786+0000] {dagbag.py:545} INFO - Filling up the DagBag from /opt/airflow/dags/weather_info_ETL.py
[2024-06-03T23:28:01.384+0000] {processor.py:842} WARNING - No viable dags retrieved from /opt/airflow/dags/weather_info_ETL.py
[2024-06-03T23:28:01.405+0000] {processor.py:183} INFO - Processing /opt/airflow/dags/weather_info_ETL.py took 0.629 seconds
[2024-06-03T23:28:31.713+0000] {processor.py:161} INFO - Started process (PID=3692) to work on /opt/airflow/dags/weather_info_ETL.py
[2024-06-03T23:28:31.714+0000] {processor.py:830} INFO - Processing file /opt/airflow/dags/weather_info_ETL.py for tasks to queue
[2024-06-03T23:28:31.717+0000] {logging_mixin.py:188} INFO - [2024-06-03T23:28:31.716+0000] {dagbag.py:545} INFO - Filling up the DagBag from /opt/airflow/dags/weather_info_ETL.py
[2024-06-03T23:28:32.210+0000] {processor.py:842} WARNING - No viable dags retrieved from /opt/airflow/dags/weather_info_ETL.py
[2024-06-03T23:28:32.227+0000] {processor.py:183} INFO - Processing /opt/airflow/dags/weather_info_ETL.py took 0.524 seconds
[2024-06-03T23:29:02.410+0000] {processor.py:161} INFO - Started process (PID=3764) to work on /opt/airflow/dags/weather_info_ETL.py
[2024-06-03T23:29:02.412+0000] {processor.py:830} INFO - Processing file /opt/airflow/dags/weather_info_ETL.py for tasks to queue
[2024-06-03T23:29:02.414+0000] {logging_mixin.py:188} INFO - [2024-06-03T23:29:02.414+0000] {dagbag.py:545} INFO - Filling up the DagBag from /opt/airflow/dags/weather_info_ETL.py
[2024-06-03T23:29:02.870+0000] {processor.py:842} WARNING - No viable dags retrieved from /opt/airflow/dags/weather_info_ETL.py
[2024-06-03T23:29:02.887+0000] {processor.py:183} INFO - Processing /opt/airflow/dags/weather_info_ETL.py took 0.484 seconds
[2024-06-03T23:29:33.659+0000] {processor.py:161} INFO - Started process (PID=3836) to work on /opt/airflow/dags/weather_info_ETL.py
[2024-06-03T23:29:33.660+0000] {processor.py:830} INFO - Processing file /opt/airflow/dags/weather_info_ETL.py for tasks to queue
[2024-06-03T23:29:33.663+0000] {logging_mixin.py:188} INFO - [2024-06-03T23:29:33.662+0000] {dagbag.py:545} INFO - Filling up the DagBag from /opt/airflow/dags/weather_info_ETL.py
[2024-06-03T23:29:34.217+0000] {processor.py:842} WARNING - No viable dags retrieved from /opt/airflow/dags/weather_info_ETL.py
[2024-06-03T23:29:34.235+0000] {processor.py:183} INFO - Processing /opt/airflow/dags/weather_info_ETL.py took 0.586 seconds
[2024-06-03T23:30:05.176+0000] {processor.py:161} INFO - Started process (PID=3917) to work on /opt/airflow/dags/weather_info_ETL.py
[2024-06-03T23:30:05.177+0000] {processor.py:830} INFO - Processing file /opt/airflow/dags/weather_info_ETL.py for tasks to queue
[2024-06-03T23:30:05.180+0000] {logging_mixin.py:188} INFO - [2024-06-03T23:30:05.179+0000] {dagbag.py:545} INFO - Filling up the DagBag from /opt/airflow/dags/weather_info_ETL.py
[2024-06-03T23:30:05.649+0000] {processor.py:842} WARNING - No viable dags retrieved from /opt/airflow/dags/weather_info_ETL.py
[2024-06-03T23:30:05.665+0000] {processor.py:183} INFO - Processing /opt/airflow/dags/weather_info_ETL.py took 0.496 seconds
[2024-06-03T23:30:36.672+0000] {processor.py:161} INFO - Started process (PID=3989) to work on /opt/airflow/dags/weather_info_ETL.py
[2024-06-03T23:30:36.673+0000] {processor.py:830} INFO - Processing file /opt/airflow/dags/weather_info_ETL.py for tasks to queue
[2024-06-03T23:30:36.675+0000] {logging_mixin.py:188} INFO - [2024-06-03T23:30:36.675+0000] {dagbag.py:545} INFO - Filling up the DagBag from /opt/airflow/dags/weather_info_ETL.py
[2024-06-03T23:30:37.229+0000] {processor.py:842} WARNING - No viable dags retrieved from /opt/airflow/dags/weather_info_ETL.py
[2024-06-03T23:30:37.244+0000] {processor.py:183} INFO - Processing /opt/airflow/dags/weather_info_ETL.py took 0.580 seconds
[2024-06-03T23:31:08.010+0000] {processor.py:161} INFO - Started process (PID=4068) to work on /opt/airflow/dags/weather_info_ETL.py
[2024-06-03T23:31:08.012+0000] {processor.py:830} INFO - Processing file /opt/airflow/dags/weather_info_ETL.py for tasks to queue
[2024-06-03T23:31:08.014+0000] {logging_mixin.py:188} INFO - [2024-06-03T23:31:08.014+0000] {dagbag.py:545} INFO - Filling up the DagBag from /opt/airflow/dags/weather_info_ETL.py
[2024-06-03T23:31:08.491+0000] {processor.py:842} WARNING - No viable dags retrieved from /opt/airflow/dags/weather_info_ETL.py
[2024-06-03T23:31:08.513+0000] {processor.py:183} INFO - Processing /opt/airflow/dags/weather_info_ETL.py took 0.512 seconds
[2024-06-03T23:31:39.366+0000] {processor.py:161} INFO - Started process (PID=4141) to work on /opt/airflow/dags/weather_info_ETL.py
[2024-06-03T23:31:39.367+0000] {processor.py:830} INFO - Processing file /opt/airflow/dags/weather_info_ETL.py for tasks to queue
[2024-06-03T23:31:39.370+0000] {logging_mixin.py:188} INFO - [2024-06-03T23:31:39.370+0000] {dagbag.py:545} INFO - Filling up the DagBag from /opt/airflow/dags/weather_info_ETL.py
[2024-06-03T23:31:39.815+0000] {processor.py:842} WARNING - No viable dags retrieved from /opt/airflow/dags/weather_info_ETL.py
[2024-06-03T23:31:39.832+0000] {processor.py:183} INFO - Processing /opt/airflow/dags/weather_info_ETL.py took 0.474 seconds
[2024-06-03T23:32:10.382+0000] {processor.py:161} INFO - Started process (PID=4213) to work on /opt/airflow/dags/weather_info_ETL.py
[2024-06-03T23:32:10.384+0000] {processor.py:830} INFO - Processing file /opt/airflow/dags/weather_info_ETL.py for tasks to queue
[2024-06-03T23:32:10.388+0000] {logging_mixin.py:188} INFO - [2024-06-03T23:32:10.387+0000] {dagbag.py:545} INFO - Filling up the DagBag from /opt/airflow/dags/weather_info_ETL.py
[2024-06-03T23:32:10.927+0000] {processor.py:842} WARNING - No viable dags retrieved from /opt/airflow/dags/weather_info_ETL.py
[2024-06-03T23:32:10.951+0000] {processor.py:183} INFO - Processing /opt/airflow/dags/weather_info_ETL.py took 0.576 seconds
[2024-06-03T23:32:41.270+0000] {processor.py:161} INFO - Started process (PID=4285) to work on /opt/airflow/dags/weather_info_ETL.py
[2024-06-03T23:32:41.273+0000] {processor.py:830} INFO - Processing file /opt/airflow/dags/weather_info_ETL.py for tasks to queue
[2024-06-03T23:32:41.276+0000] {logging_mixin.py:188} INFO - [2024-06-03T23:32:41.275+0000] {dagbag.py:545} INFO - Filling up the DagBag from /opt/airflow/dags/weather_info_ETL.py
[2024-06-03T23:32:42.050+0000] {processor.py:842} WARNING - No viable dags retrieved from /opt/airflow/dags/weather_info_ETL.py
[2024-06-03T23:32:42.077+0000] {processor.py:183} INFO - Processing /opt/airflow/dags/weather_info_ETL.py took 0.878 seconds
[2024-06-03T23:33:12.974+0000] {processor.py:161} INFO - Started process (PID=4363) to work on /opt/airflow/dags/weather_info_ETL.py
[2024-06-03T23:33:12.975+0000] {processor.py:830} INFO - Processing file /opt/airflow/dags/weather_info_ETL.py for tasks to queue
[2024-06-03T23:33:12.979+0000] {logging_mixin.py:188} INFO - [2024-06-03T23:33:12.978+0000] {dagbag.py:545} INFO - Filling up the DagBag from /opt/airflow/dags/weather_info_ETL.py
[2024-06-03T23:33:13.819+0000] {processor.py:842} WARNING - No viable dags retrieved from /opt/airflow/dags/weather_info_ETL.py
[2024-06-03T23:33:13.842+0000] {processor.py:183} INFO - Processing /opt/airflow/dags/weather_info_ETL.py took 0.879 seconds
[2024-06-03T23:33:44.171+0000] {processor.py:161} INFO - Started process (PID=4437) to work on /opt/airflow/dags/weather_info_ETL.py
[2024-06-03T23:33:44.172+0000] {processor.py:830} INFO - Processing file /opt/airflow/dags/weather_info_ETL.py for tasks to queue
[2024-06-03T23:33:44.175+0000] {logging_mixin.py:188} INFO - [2024-06-03T23:33:44.174+0000] {dagbag.py:545} INFO - Filling up the DagBag from /opt/airflow/dags/weather_info_ETL.py
[2024-06-03T23:33:44.980+0000] {processor.py:842} WARNING - No viable dags retrieved from /opt/airflow/dags/weather_info_ETL.py
[2024-06-03T23:33:45.005+0000] {processor.py:183} INFO - Processing /opt/airflow/dags/weather_info_ETL.py took 0.843 seconds
[2024-06-03T23:34:15.455+0000] {processor.py:161} INFO - Started process (PID=4509) to work on /opt/airflow/dags/weather_info_ETL.py
[2024-06-03T23:34:15.457+0000] {processor.py:830} INFO - Processing file /opt/airflow/dags/weather_info_ETL.py for tasks to queue
[2024-06-03T23:34:15.460+0000] {logging_mixin.py:188} INFO - [2024-06-03T23:34:15.459+0000] {dagbag.py:545} INFO - Filling up the DagBag from /opt/airflow/dags/weather_info_ETL.py
[2024-06-03T23:34:15.902+0000] {processor.py:842} WARNING - No viable dags retrieved from /opt/airflow/dags/weather_info_ETL.py
[2024-06-03T23:34:15.918+0000] {processor.py:183} INFO - Processing /opt/airflow/dags/weather_info_ETL.py took 0.470 seconds
[2024-06-03T23:34:46.720+0000] {processor.py:161} INFO - Started process (PID=4582) to work on /opt/airflow/dags/weather_info_ETL.py
[2024-06-03T23:34:46.722+0000] {processor.py:830} INFO - Processing file /opt/airflow/dags/weather_info_ETL.py for tasks to queue
[2024-06-03T23:34:46.724+0000] {logging_mixin.py:188} INFO - [2024-06-03T23:34:46.724+0000] {dagbag.py:545} INFO - Filling up the DagBag from /opt/airflow/dags/weather_info_ETL.py
[2024-06-03T23:34:47.235+0000] {processor.py:842} WARNING - No viable dags retrieved from /opt/airflow/dags/weather_info_ETL.py
[2024-06-03T23:34:47.251+0000] {processor.py:183} INFO - Processing /opt/airflow/dags/weather_info_ETL.py took 0.539 seconds
[2024-06-03T23:35:17.947+0000] {processor.py:161} INFO - Started process (PID=4662) to work on /opt/airflow/dags/weather_info_ETL.py
[2024-06-03T23:35:17.948+0000] {processor.py:830} INFO - Processing file /opt/airflow/dags/weather_info_ETL.py for tasks to queue
[2024-06-03T23:35:17.951+0000] {logging_mixin.py:188} INFO - [2024-06-03T23:35:17.950+0000] {dagbag.py:545} INFO - Filling up the DagBag from /opt/airflow/dags/weather_info_ETL.py
[2024-06-03T23:35:18.366+0000] {processor.py:842} WARNING - No viable dags retrieved from /opt/airflow/dags/weather_info_ETL.py
[2024-06-03T23:35:18.383+0000] {processor.py:183} INFO - Processing /opt/airflow/dags/weather_info_ETL.py took 0.443 seconds
[2024-06-03T23:35:49.302+0000] {processor.py:161} INFO - Started process (PID=4734) to work on /opt/airflow/dags/weather_info_ETL.py
[2024-06-03T23:35:49.304+0000] {processor.py:830} INFO - Processing file /opt/airflow/dags/weather_info_ETL.py for tasks to queue
[2024-06-03T23:35:49.306+0000] {logging_mixin.py:188} INFO - [2024-06-03T23:35:49.306+0000] {dagbag.py:545} INFO - Filling up the DagBag from /opt/airflow/dags/weather_info_ETL.py
[2024-06-03T23:35:49.721+0000] {processor.py:842} WARNING - No viable dags retrieved from /opt/airflow/dags/weather_info_ETL.py
[2024-06-03T23:35:49.738+0000] {processor.py:183} INFO - Processing /opt/airflow/dags/weather_info_ETL.py took 0.445 seconds
[2024-06-03T23:36:20.396+0000] {processor.py:161} INFO - Started process (PID=4813) to work on /opt/airflow/dags/weather_info_ETL.py
[2024-06-03T23:36:20.397+0000] {processor.py:830} INFO - Processing file /opt/airflow/dags/weather_info_ETL.py for tasks to queue
[2024-06-03T23:36:20.400+0000] {logging_mixin.py:188} INFO - [2024-06-03T23:36:20.399+0000] {dagbag.py:545} INFO - Filling up the DagBag from /opt/airflow/dags/weather_info_ETL.py
[2024-06-03T23:36:21.097+0000] {processor.py:842} WARNING - No viable dags retrieved from /opt/airflow/dags/weather_info_ETL.py
[2024-06-03T23:36:21.114+0000] {processor.py:183} INFO - Processing /opt/airflow/dags/weather_info_ETL.py took 0.727 seconds
[2024-06-03T23:36:52.013+0000] {processor.py:161} INFO - Started process (PID=4884) to work on /opt/airflow/dags/weather_info_ETL.py
[2024-06-03T23:36:52.015+0000] {processor.py:830} INFO - Processing file /opt/airflow/dags/weather_info_ETL.py for tasks to queue
[2024-06-03T23:36:52.017+0000] {logging_mixin.py:188} INFO - [2024-06-03T23:36:52.017+0000] {dagbag.py:545} INFO - Filling up the DagBag from /opt/airflow/dags/weather_info_ETL.py
[2024-06-03T23:36:52.672+0000] {processor.py:842} WARNING - No viable dags retrieved from /opt/airflow/dags/weather_info_ETL.py
[2024-06-03T23:36:52.689+0000] {processor.py:183} INFO - Processing /opt/airflow/dags/weather_info_ETL.py took 0.692 seconds
[2024-06-03T23:37:23.364+0000] {processor.py:161} INFO - Started process (PID=4956) to work on /opt/airflow/dags/weather_info_ETL.py
[2024-06-03T23:37:23.366+0000] {processor.py:830} INFO - Processing file /opt/airflow/dags/weather_info_ETL.py for tasks to queue
[2024-06-03T23:37:23.368+0000] {logging_mixin.py:188} INFO - [2024-06-03T23:37:23.367+0000] {dagbag.py:545} INFO - Filling up the DagBag from /opt/airflow/dags/weather_info_ETL.py
[2024-06-03T23:37:24.117+0000] {processor.py:842} WARNING - No viable dags retrieved from /opt/airflow/dags/weather_info_ETL.py
[2024-06-03T23:37:24.132+0000] {processor.py:183} INFO - Processing /opt/airflow/dags/weather_info_ETL.py took 0.776 seconds
[2024-06-03T23:37:54.805+0000] {processor.py:161} INFO - Started process (PID=5036) to work on /opt/airflow/dags/weather_info_ETL.py
[2024-06-03T23:37:54.807+0000] {processor.py:830} INFO - Processing file /opt/airflow/dags/weather_info_ETL.py for tasks to queue
[2024-06-03T23:37:54.810+0000] {logging_mixin.py:188} INFO - [2024-06-03T23:37:54.810+0000] {dagbag.py:545} INFO - Filling up the DagBag from /opt/airflow/dags/weather_info_ETL.py
[2024-06-03T23:37:55.451+0000] {processor.py:842} WARNING - No viable dags retrieved from /opt/airflow/dags/weather_info_ETL.py
[2024-06-03T23:37:55.467+0000] {processor.py:183} INFO - Processing /opt/airflow/dags/weather_info_ETL.py took 0.670 seconds
[2024-06-03T23:38:26.127+0000] {processor.py:161} INFO - Started process (PID=5108) to work on /opt/airflow/dags/weather_info_ETL.py
[2024-06-03T23:38:26.128+0000] {processor.py:830} INFO - Processing file /opt/airflow/dags/weather_info_ETL.py for tasks to queue
[2024-06-03T23:38:26.131+0000] {logging_mixin.py:188} INFO - [2024-06-03T23:38:26.130+0000] {dagbag.py:545} INFO - Filling up the DagBag from /opt/airflow/dags/weather_info_ETL.py
[2024-06-03T23:38:26.664+0000] {processor.py:842} WARNING - No viable dags retrieved from /opt/airflow/dags/weather_info_ETL.py
[2024-06-03T23:38:26.679+0000] {processor.py:183} INFO - Processing /opt/airflow/dags/weather_info_ETL.py took 0.561 seconds
[2024-06-03T23:38:56.851+0000] {processor.py:161} INFO - Started process (PID=5180) to work on /opt/airflow/dags/weather_info_ETL.py
[2024-06-03T23:38:56.853+0000] {processor.py:830} INFO - Processing file /opt/airflow/dags/weather_info_ETL.py for tasks to queue
[2024-06-03T23:38:56.856+0000] {logging_mixin.py:188} INFO - [2024-06-03T23:38:56.855+0000] {dagbag.py:545} INFO - Filling up the DagBag from /opt/airflow/dags/weather_info_ETL.py
[2024-06-03T23:38:57.740+0000] {processor.py:842} WARNING - No viable dags retrieved from /opt/airflow/dags/weather_info_ETL.py
[2024-06-03T23:38:57.757+0000] {processor.py:183} INFO - Processing /opt/airflow/dags/weather_info_ETL.py took 0.924 seconds
[2024-06-03T23:39:28.083+0000] {processor.py:161} INFO - Started process (PID=5260) to work on /opt/airflow/dags/weather_info_ETL.py
[2024-06-03T23:39:28.093+0000] {processor.py:830} INFO - Processing file /opt/airflow/dags/weather_info_ETL.py for tasks to queue
[2024-06-03T23:39:28.099+0000] {logging_mixin.py:188} INFO - [2024-06-03T23:39:28.096+0000] {dagbag.py:545} INFO - Filling up the DagBag from /opt/airflow/dags/weather_info_ETL.py
[2024-06-03T23:39:28.941+0000] {processor.py:842} WARNING - No viable dags retrieved from /opt/airflow/dags/weather_info_ETL.py
[2024-06-03T23:39:28.955+0000] {processor.py:183} INFO - Processing /opt/airflow/dags/weather_info_ETL.py took 0.894 seconds
[2024-06-03T23:39:59.468+0000] {processor.py:161} INFO - Started process (PID=5332) to work on /opt/airflow/dags/weather_info_ETL.py
[2024-06-03T23:39:59.469+0000] {processor.py:830} INFO - Processing file /opt/airflow/dags/weather_info_ETL.py for tasks to queue
[2024-06-03T23:39:59.471+0000] {logging_mixin.py:188} INFO - [2024-06-03T23:39:59.471+0000] {dagbag.py:545} INFO - Filling up the DagBag from /opt/airflow/dags/weather_info_ETL.py
[2024-06-03T23:40:00.198+0000] {processor.py:842} WARNING - No viable dags retrieved from /opt/airflow/dags/weather_info_ETL.py
[2024-06-03T23:40:00.211+0000] {processor.py:183} INFO - Processing /opt/airflow/dags/weather_info_ETL.py took 0.752 seconds
[2024-06-03T23:40:30.719+0000] {processor.py:161} INFO - Started process (PID=5411) to work on /opt/airflow/dags/weather_info_ETL.py
[2024-06-03T23:40:30.721+0000] {processor.py:830} INFO - Processing file /opt/airflow/dags/weather_info_ETL.py for tasks to queue
[2024-06-03T23:40:30.733+0000] {logging_mixin.py:188} INFO - [2024-06-03T23:40:30.732+0000] {dagbag.py:545} INFO - Filling up the DagBag from /opt/airflow/dags/weather_info_ETL.py
[2024-06-03T23:40:31.433+0000] {processor.py:842} WARNING - No viable dags retrieved from /opt/airflow/dags/weather_info_ETL.py
[2024-06-03T23:40:31.445+0000] {processor.py:183} INFO - Processing /opt/airflow/dags/weather_info_ETL.py took 0.733 seconds
[2024-06-03T23:41:01.899+0000] {processor.py:161} INFO - Started process (PID=5484) to work on /opt/airflow/dags/weather_info_ETL.py
[2024-06-03T23:41:01.901+0000] {processor.py:830} INFO - Processing file /opt/airflow/dags/weather_info_ETL.py for tasks to queue
[2024-06-03T23:41:01.903+0000] {logging_mixin.py:188} INFO - [2024-06-03T23:41:01.903+0000] {dagbag.py:545} INFO - Filling up the DagBag from /opt/airflow/dags/weather_info_ETL.py
[2024-06-03T23:41:02.547+0000] {processor.py:842} WARNING - No viable dags retrieved from /opt/airflow/dags/weather_info_ETL.py
[2024-06-03T23:41:02.561+0000] {processor.py:183} INFO - Processing /opt/airflow/dags/weather_info_ETL.py took 0.669 seconds
[2024-06-03T23:41:33.239+0000] {processor.py:161} INFO - Started process (PID=5556) to work on /opt/airflow/dags/weather_info_ETL.py
[2024-06-03T23:41:33.240+0000] {processor.py:830} INFO - Processing file /opt/airflow/dags/weather_info_ETL.py for tasks to queue
[2024-06-03T23:41:33.244+0000] {logging_mixin.py:188} INFO - [2024-06-03T23:41:33.244+0000] {dagbag.py:545} INFO - Filling up the DagBag from /opt/airflow/dags/weather_info_ETL.py
[2024-06-03T23:41:33.814+0000] {processor.py:842} WARNING - No viable dags retrieved from /opt/airflow/dags/weather_info_ETL.py
[2024-06-03T23:41:33.829+0000] {processor.py:183} INFO - Processing /opt/airflow/dags/weather_info_ETL.py took 0.597 seconds
[2024-06-03T23:42:04.310+0000] {processor.py:161} INFO - Started process (PID=5636) to work on /opt/airflow/dags/weather_info_ETL.py
[2024-06-03T23:42:04.312+0000] {processor.py:830} INFO - Processing file /opt/airflow/dags/weather_info_ETL.py for tasks to queue
[2024-06-03T23:42:04.317+0000] {logging_mixin.py:188} INFO - [2024-06-03T23:42:04.314+0000] {dagbag.py:545} INFO - Filling up the DagBag from /opt/airflow/dags/weather_info_ETL.py
[2024-06-03T23:42:05.233+0000] {processor.py:842} WARNING - No viable dags retrieved from /opt/airflow/dags/weather_info_ETL.py
[2024-06-03T23:42:05.255+0000] {processor.py:183} INFO - Processing /opt/airflow/dags/weather_info_ETL.py took 0.969 seconds
[2024-06-03T23:42:36.274+0000] {processor.py:161} INFO - Started process (PID=5708) to work on /opt/airflow/dags/weather_info_ETL.py
[2024-06-03T23:42:36.276+0000] {processor.py:830} INFO - Processing file /opt/airflow/dags/weather_info_ETL.py for tasks to queue
[2024-06-03T23:42:36.278+0000] {logging_mixin.py:188} INFO - [2024-06-03T23:42:36.278+0000] {dagbag.py:545} INFO - Filling up the DagBag from /opt/airflow/dags/weather_info_ETL.py
[2024-06-03T23:42:37.017+0000] {processor.py:842} WARNING - No viable dags retrieved from /opt/airflow/dags/weather_info_ETL.py
[2024-06-03T23:42:37.031+0000] {processor.py:183} INFO - Processing /opt/airflow/dags/weather_info_ETL.py took 0.764 seconds
[2024-06-03T23:43:07.887+0000] {processor.py:161} INFO - Started process (PID=5780) to work on /opt/airflow/dags/weather_info_ETL.py
[2024-06-03T23:43:07.888+0000] {processor.py:830} INFO - Processing file /opt/airflow/dags/weather_info_ETL.py for tasks to queue
[2024-06-03T23:43:07.892+0000] {logging_mixin.py:188} INFO - [2024-06-03T23:43:07.891+0000] {dagbag.py:545} INFO - Filling up the DagBag from /opt/airflow/dags/weather_info_ETL.py
[2024-06-03T23:43:08.712+0000] {processor.py:842} WARNING - No viable dags retrieved from /opt/airflow/dags/weather_info_ETL.py
[2024-06-03T23:43:08.733+0000] {processor.py:183} INFO - Processing /opt/airflow/dags/weather_info_ETL.py took 0.856 seconds
[2024-06-03T23:43:38.974+0000] {processor.py:161} INFO - Started process (PID=5860) to work on /opt/airflow/dags/weather_info_ETL.py
[2024-06-03T23:43:38.975+0000] {processor.py:830} INFO - Processing file /opt/airflow/dags/weather_info_ETL.py for tasks to queue
[2024-06-03T23:43:38.978+0000] {logging_mixin.py:188} INFO - [2024-06-03T23:43:38.977+0000] {dagbag.py:545} INFO - Filling up the DagBag from /opt/airflow/dags/weather_info_ETL.py
[2024-06-03T23:43:39.678+0000] {processor.py:842} WARNING - No viable dags retrieved from /opt/airflow/dags/weather_info_ETL.py
[2024-06-03T23:43:39.694+0000] {processor.py:183} INFO - Processing /opt/airflow/dags/weather_info_ETL.py took 0.730 seconds
[2024-06-03T23:44:09.769+0000] {processor.py:161} INFO - Started process (PID=5932) to work on /opt/airflow/dags/weather_info_ETL.py
[2024-06-03T23:44:09.771+0000] {processor.py:830} INFO - Processing file /opt/airflow/dags/weather_info_ETL.py for tasks to queue
[2024-06-03T23:44:09.774+0000] {logging_mixin.py:188} INFO - [2024-06-03T23:44:09.774+0000] {dagbag.py:545} INFO - Filling up the DagBag from /opt/airflow/dags/weather_info_ETL.py
[2024-06-03T23:44:10.373+0000] {processor.py:842} WARNING - No viable dags retrieved from /opt/airflow/dags/weather_info_ETL.py
[2024-06-03T23:44:10.389+0000] {processor.py:183} INFO - Processing /opt/airflow/dags/weather_info_ETL.py took 0.627 seconds
[2024-06-03T23:44:40.896+0000] {processor.py:161} INFO - Started process (PID=6004) to work on /opt/airflow/dags/weather_info_ETL.py
[2024-06-03T23:44:40.898+0000] {processor.py:830} INFO - Processing file /opt/airflow/dags/weather_info_ETL.py for tasks to queue
[2024-06-03T23:44:40.901+0000] {logging_mixin.py:188} INFO - [2024-06-03T23:44:40.900+0000] {dagbag.py:545} INFO - Filling up the DagBag from /opt/airflow/dags/weather_info_ETL.py
[2024-06-03T23:44:41.502+0000] {processor.py:842} WARNING - No viable dags retrieved from /opt/airflow/dags/weather_info_ETL.py
[2024-06-03T23:44:41.514+0000] {processor.py:183} INFO - Processing /opt/airflow/dags/weather_info_ETL.py took 0.624 seconds
[2024-06-03T23:45:11.960+0000] {processor.py:161} INFO - Started process (PID=6084) to work on /opt/airflow/dags/weather_info_ETL.py
[2024-06-03T23:45:11.962+0000] {processor.py:830} INFO - Processing file /opt/airflow/dags/weather_info_ETL.py for tasks to queue
[2024-06-03T23:45:11.967+0000] {logging_mixin.py:188} INFO - [2024-06-03T23:45:11.966+0000] {dagbag.py:545} INFO - Filling up the DagBag from /opt/airflow/dags/weather_info_ETL.py
[2024-06-03T23:45:12.718+0000] {processor.py:842} WARNING - No viable dags retrieved from /opt/airflow/dags/weather_info_ETL.py
[2024-06-03T23:45:12.730+0000] {processor.py:183} INFO - Processing /opt/airflow/dags/weather_info_ETL.py took 0.784 seconds
[2024-06-03T23:45:43.525+0000] {processor.py:161} INFO - Started process (PID=6156) to work on /opt/airflow/dags/weather_info_ETL.py
[2024-06-03T23:45:43.528+0000] {processor.py:830} INFO - Processing file /opt/airflow/dags/weather_info_ETL.py for tasks to queue
[2024-06-03T23:45:43.531+0000] {logging_mixin.py:188} INFO - [2024-06-03T23:45:43.531+0000] {dagbag.py:545} INFO - Filling up the DagBag from /opt/airflow/dags/weather_info_ETL.py
[2024-06-03T23:45:44.432+0000] {processor.py:842} WARNING - No viable dags retrieved from /opt/airflow/dags/weather_info_ETL.py
[2024-06-03T23:45:44.450+0000] {processor.py:183} INFO - Processing /opt/airflow/dags/weather_info_ETL.py took 0.934 seconds
[2024-06-03T23:46:14.916+0000] {processor.py:161} INFO - Started process (PID=6229) to work on /opt/airflow/dags/weather_info_ETL.py
[2024-06-03T23:46:14.918+0000] {processor.py:830} INFO - Processing file /opt/airflow/dags/weather_info_ETL.py for tasks to queue
[2024-06-03T23:46:14.922+0000] {logging_mixin.py:188} INFO - [2024-06-03T23:46:14.921+0000] {dagbag.py:545} INFO - Filling up the DagBag from /opt/airflow/dags/weather_info_ETL.py
[2024-06-03T23:46:15.749+0000] {processor.py:842} WARNING - No viable dags retrieved from /opt/airflow/dags/weather_info_ETL.py
[2024-06-03T23:46:15.762+0000] {processor.py:183} INFO - Processing /opt/airflow/dags/weather_info_ETL.py took 0.854 seconds
[2024-06-03T23:46:46.503+0000] {processor.py:161} INFO - Started process (PID=6308) to work on /opt/airflow/dags/weather_info_ETL.py
[2024-06-03T23:46:46.505+0000] {processor.py:830} INFO - Processing file /opt/airflow/dags/weather_info_ETL.py for tasks to queue
[2024-06-03T23:46:46.508+0000] {logging_mixin.py:188} INFO - [2024-06-03T23:46:46.507+0000] {dagbag.py:545} INFO - Filling up the DagBag from /opt/airflow/dags/weather_info_ETL.py
[2024-06-03T23:46:47.207+0000] {processor.py:842} WARNING - No viable dags retrieved from /opt/airflow/dags/weather_info_ETL.py
[2024-06-03T23:46:47.219+0000] {processor.py:183} INFO - Processing /opt/airflow/dags/weather_info_ETL.py took 0.724 seconds
[2024-06-03T23:47:17.895+0000] {processor.py:161} INFO - Started process (PID=6380) to work on /opt/airflow/dags/weather_info_ETL.py
[2024-06-03T23:47:17.897+0000] {processor.py:830} INFO - Processing file /opt/airflow/dags/weather_info_ETL.py for tasks to queue
[2024-06-03T23:47:17.900+0000] {logging_mixin.py:188} INFO - [2024-06-03T23:47:17.900+0000] {dagbag.py:545} INFO - Filling up the DagBag from /opt/airflow/dags/weather_info_ETL.py
[2024-06-03T23:47:18.643+0000] {processor.py:842} WARNING - No viable dags retrieved from /opt/airflow/dags/weather_info_ETL.py
[2024-06-03T23:47:18.660+0000] {processor.py:183} INFO - Processing /opt/airflow/dags/weather_info_ETL.py took 0.774 seconds
[2024-06-03T23:47:49.557+0000] {processor.py:161} INFO - Started process (PID=6452) to work on /opt/airflow/dags/weather_info_ETL.py
[2024-06-03T23:47:49.559+0000] {processor.py:830} INFO - Processing file /opt/airflow/dags/weather_info_ETL.py for tasks to queue
[2024-06-03T23:47:49.562+0000] {logging_mixin.py:188} INFO - [2024-06-03T23:47:49.562+0000] {dagbag.py:545} INFO - Filling up the DagBag from /opt/airflow/dags/weather_info_ETL.py
[2024-06-03T23:47:50.609+0000] {processor.py:842} WARNING - No viable dags retrieved from /opt/airflow/dags/weather_info_ETL.py
[2024-06-03T23:47:50.625+0000] {processor.py:183} INFO - Processing /opt/airflow/dags/weather_info_ETL.py took 1.082 seconds
[2024-06-03T23:48:20.886+0000] {processor.py:161} INFO - Started process (PID=6532) to work on /opt/airflow/dags/weather_info_ETL.py
[2024-06-03T23:48:20.888+0000] {processor.py:830} INFO - Processing file /opt/airflow/dags/weather_info_ETL.py for tasks to queue
[2024-06-03T23:48:20.894+0000] {logging_mixin.py:188} INFO - [2024-06-03T23:48:20.894+0000] {dagbag.py:545} INFO - Filling up the DagBag from /opt/airflow/dags/weather_info_ETL.py
[2024-06-03T23:48:21.555+0000] {processor.py:842} WARNING - No viable dags retrieved from /opt/airflow/dags/weather_info_ETL.py
[2024-06-03T23:48:21.570+0000] {processor.py:183} INFO - Processing /opt/airflow/dags/weather_info_ETL.py took 0.700 seconds
[2024-06-03T23:48:52.317+0000] {processor.py:161} INFO - Started process (PID=6604) to work on /opt/airflow/dags/weather_info_ETL.py
[2024-06-03T23:48:52.318+0000] {processor.py:830} INFO - Processing file /opt/airflow/dags/weather_info_ETL.py for tasks to queue
[2024-06-03T23:48:52.322+0000] {logging_mixin.py:188} INFO - [2024-06-03T23:48:52.321+0000] {dagbag.py:545} INFO - Filling up the DagBag from /opt/airflow/dags/weather_info_ETL.py
[2024-06-03T23:48:52.872+0000] {processor.py:842} WARNING - No viable dags retrieved from /opt/airflow/dags/weather_info_ETL.py
[2024-06-03T23:48:52.887+0000] {processor.py:183} INFO - Processing /opt/airflow/dags/weather_info_ETL.py took 0.578 seconds
[2024-06-03T23:49:22.940+0000] {processor.py:161} INFO - Started process (PID=6684) to work on /opt/airflow/dags/weather_info_ETL.py
[2024-06-03T23:49:22.941+0000] {processor.py:830} INFO - Processing file /opt/airflow/dags/weather_info_ETL.py for tasks to queue
[2024-06-03T23:49:22.943+0000] {logging_mixin.py:188} INFO - [2024-06-03T23:49:22.943+0000] {dagbag.py:545} INFO - Filling up the DagBag from /opt/airflow/dags/weather_info_ETL.py
[2024-06-03T23:49:23.746+0000] {processor.py:842} WARNING - No viable dags retrieved from /opt/airflow/dags/weather_info_ETL.py
[2024-06-03T23:49:23.763+0000] {processor.py:183} INFO - Processing /opt/airflow/dags/weather_info_ETL.py took 0.834 seconds
[2024-06-03T23:49:54.112+0000] {processor.py:161} INFO - Started process (PID=6756) to work on /opt/airflow/dags/weather_info_ETL.py
[2024-06-03T23:49:54.113+0000] {processor.py:830} INFO - Processing file /opt/airflow/dags/weather_info_ETL.py for tasks to queue
[2024-06-03T23:49:54.116+0000] {logging_mixin.py:188} INFO - [2024-06-03T23:49:54.115+0000] {dagbag.py:545} INFO - Filling up the DagBag from /opt/airflow/dags/weather_info_ETL.py
[2024-06-03T23:49:54.785+0000] {processor.py:842} WARNING - No viable dags retrieved from /opt/airflow/dags/weather_info_ETL.py
[2024-06-03T23:49:54.798+0000] {processor.py:183} INFO - Processing /opt/airflow/dags/weather_info_ETL.py took 0.698 seconds
[2024-06-03T23:50:25.657+0000] {processor.py:161} INFO - Started process (PID=6830) to work on /opt/airflow/dags/weather_info_ETL.py
[2024-06-03T23:50:25.659+0000] {processor.py:830} INFO - Processing file /opt/airflow/dags/weather_info_ETL.py for tasks to queue
[2024-06-03T23:50:25.662+0000] {logging_mixin.py:188} INFO - [2024-06-03T23:50:25.661+0000] {dagbag.py:545} INFO - Filling up the DagBag from /opt/airflow/dags/weather_info_ETL.py
[2024-06-03T23:50:27.075+0000] {processor.py:842} WARNING - No viable dags retrieved from /opt/airflow/dags/weather_info_ETL.py
[2024-06-03T23:50:27.092+0000] {processor.py:183} INFO - Processing /opt/airflow/dags/weather_info_ETL.py took 1.447 seconds
[2024-06-03T23:50:57.347+0000] {processor.py:161} INFO - Started process (PID=6910) to work on /opt/airflow/dags/weather_info_ETL.py
[2024-06-03T23:50:57.349+0000] {processor.py:830} INFO - Processing file /opt/airflow/dags/weather_info_ETL.py for tasks to queue
[2024-06-03T23:50:57.351+0000] {logging_mixin.py:188} INFO - [2024-06-03T23:50:57.350+0000] {dagbag.py:545} INFO - Filling up the DagBag from /opt/airflow/dags/weather_info_ETL.py
[2024-06-03T23:50:57.968+0000] {processor.py:842} WARNING - No viable dags retrieved from /opt/airflow/dags/weather_info_ETL.py
[2024-06-03T23:50:57.980+0000] {processor.py:183} INFO - Processing /opt/airflow/dags/weather_info_ETL.py took 0.640 seconds
[2024-06-03T23:51:28.901+0000] {processor.py:161} INFO - Started process (PID=6982) to work on /opt/airflow/dags/weather_info_ETL.py
[2024-06-03T23:51:28.902+0000] {processor.py:830} INFO - Processing file /opt/airflow/dags/weather_info_ETL.py for tasks to queue
[2024-06-03T23:51:28.906+0000] {logging_mixin.py:188} INFO - [2024-06-03T23:51:28.905+0000] {dagbag.py:545} INFO - Filling up the DagBag from /opt/airflow/dags/weather_info_ETL.py
[2024-06-03T23:51:29.489+0000] {processor.py:842} WARNING - No viable dags retrieved from /opt/airflow/dags/weather_info_ETL.py
[2024-06-03T23:51:29.505+0000] {processor.py:183} INFO - Processing /opt/airflow/dags/weather_info_ETL.py took 0.612 seconds
[2024-06-03T23:52:00.432+0000] {processor.py:161} INFO - Started process (PID=7061) to work on /opt/airflow/dags/weather_info_ETL.py
[2024-06-03T23:52:00.433+0000] {processor.py:830} INFO - Processing file /opt/airflow/dags/weather_info_ETL.py for tasks to queue
[2024-06-03T23:52:00.436+0000] {logging_mixin.py:188} INFO - [2024-06-03T23:52:00.435+0000] {dagbag.py:545} INFO - Filling up the DagBag from /opt/airflow/dags/weather_info_ETL.py
[2024-06-03T23:52:01.151+0000] {processor.py:842} WARNING - No viable dags retrieved from /opt/airflow/dags/weather_info_ETL.py
[2024-06-03T23:52:01.166+0000] {processor.py:183} INFO - Processing /opt/airflow/dags/weather_info_ETL.py took 0.745 seconds
[2024-06-03T23:52:32.069+0000] {processor.py:161} INFO - Started process (PID=7133) to work on /opt/airflow/dags/weather_info_ETL.py
[2024-06-03T23:52:32.070+0000] {processor.py:830} INFO - Processing file /opt/airflow/dags/weather_info_ETL.py for tasks to queue
[2024-06-03T23:52:32.072+0000] {logging_mixin.py:188} INFO - [2024-06-03T23:52:32.071+0000] {dagbag.py:545} INFO - Filling up the DagBag from /opt/airflow/dags/weather_info_ETL.py
[2024-06-03T23:52:32.750+0000] {processor.py:842} WARNING - No viable dags retrieved from /opt/airflow/dags/weather_info_ETL.py
[2024-06-03T23:52:32.764+0000] {processor.py:183} INFO - Processing /opt/airflow/dags/weather_info_ETL.py took 0.702 seconds
[2024-06-03T23:53:03.721+0000] {processor.py:161} INFO - Started process (PID=7204) to work on /opt/airflow/dags/weather_info_ETL.py
[2024-06-03T23:53:03.722+0000] {processor.py:830} INFO - Processing file /opt/airflow/dags/weather_info_ETL.py for tasks to queue
[2024-06-03T23:53:03.724+0000] {logging_mixin.py:188} INFO - [2024-06-03T23:53:03.724+0000] {dagbag.py:545} INFO - Filling up the DagBag from /opt/airflow/dags/weather_info_ETL.py
[2024-06-03T23:53:04.269+0000] {processor.py:842} WARNING - No viable dags retrieved from /opt/airflow/dags/weather_info_ETL.py
[2024-06-03T23:53:04.283+0000] {processor.py:183} INFO - Processing /opt/airflow/dags/weather_info_ETL.py took 0.570 seconds
[2024-06-03T23:53:35.202+0000] {processor.py:161} INFO - Started process (PID=7284) to work on /opt/airflow/dags/weather_info_ETL.py
[2024-06-03T23:53:35.204+0000] {processor.py:830} INFO - Processing file /opt/airflow/dags/weather_info_ETL.py for tasks to queue
[2024-06-03T23:53:35.206+0000] {logging_mixin.py:188} INFO - [2024-06-03T23:53:35.206+0000] {dagbag.py:545} INFO - Filling up the DagBag from /opt/airflow/dags/weather_info_ETL.py
[2024-06-03T23:53:35.867+0000] {processor.py:842} WARNING - No viable dags retrieved from /opt/airflow/dags/weather_info_ETL.py
[2024-06-03T23:53:35.884+0000] {processor.py:183} INFO - Processing /opt/airflow/dags/weather_info_ETL.py took 0.690 seconds
[2024-06-03T23:54:06.536+0000] {processor.py:161} INFO - Started process (PID=7356) to work on /opt/airflow/dags/weather_info_ETL.py
[2024-06-03T23:54:06.537+0000] {processor.py:830} INFO - Processing file /opt/airflow/dags/weather_info_ETL.py for tasks to queue
[2024-06-03T23:54:06.540+0000] {logging_mixin.py:188} INFO - [2024-06-03T23:54:06.540+0000] {dagbag.py:545} INFO - Filling up the DagBag from /opt/airflow/dags/weather_info_ETL.py
[2024-06-03T23:54:07.150+0000] {processor.py:842} WARNING - No viable dags retrieved from /opt/airflow/dags/weather_info_ETL.py
[2024-06-03T23:54:07.164+0000] {processor.py:183} INFO - Processing /opt/airflow/dags/weather_info_ETL.py took 0.636 seconds
[2024-06-03T23:54:37.945+0000] {processor.py:161} INFO - Started process (PID=7436) to work on /opt/airflow/dags/weather_info_ETL.py
[2024-06-03T23:54:37.946+0000] {processor.py:830} INFO - Processing file /opt/airflow/dags/weather_info_ETL.py for tasks to queue
[2024-06-03T23:54:37.949+0000] {logging_mixin.py:188} INFO - [2024-06-03T23:54:37.948+0000] {dagbag.py:545} INFO - Filling up the DagBag from /opt/airflow/dags/weather_info_ETL.py
[2024-06-03T23:54:38.624+0000] {processor.py:842} WARNING - No viable dags retrieved from /opt/airflow/dags/weather_info_ETL.py
[2024-06-03T23:54:38.638+0000] {processor.py:183} INFO - Processing /opt/airflow/dags/weather_info_ETL.py took 0.700 seconds
[2024-06-03T23:55:09.675+0000] {processor.py:161} INFO - Started process (PID=7508) to work on /opt/airflow/dags/weather_info_ETL.py
[2024-06-03T23:55:09.677+0000] {processor.py:830} INFO - Processing file /opt/airflow/dags/weather_info_ETL.py for tasks to queue
[2024-06-03T23:55:09.679+0000] {logging_mixin.py:188} INFO - [2024-06-03T23:55:09.679+0000] {dagbag.py:545} INFO - Filling up the DagBag from /opt/airflow/dags/weather_info_ETL.py
[2024-06-03T23:55:10.344+0000] {processor.py:842} WARNING - No viable dags retrieved from /opt/airflow/dags/weather_info_ETL.py
[2024-06-03T23:55:10.364+0000] {processor.py:183} INFO - Processing /opt/airflow/dags/weather_info_ETL.py took 0.697 seconds
[2024-06-03T23:55:40.878+0000] {processor.py:161} INFO - Started process (PID=7580) to work on /opt/airflow/dags/weather_info_ETL.py
[2024-06-03T23:55:40.880+0000] {processor.py:830} INFO - Processing file /opt/airflow/dags/weather_info_ETL.py for tasks to queue
[2024-06-03T23:55:40.882+0000] {logging_mixin.py:188} INFO - [2024-06-03T23:55:40.881+0000] {dagbag.py:545} INFO - Filling up the DagBag from /opt/airflow/dags/weather_info_ETL.py
[2024-06-03T23:55:41.590+0000] {processor.py:842} WARNING - No viable dags retrieved from /opt/airflow/dags/weather_info_ETL.py
[2024-06-03T23:55:41.608+0000] {processor.py:183} INFO - Processing /opt/airflow/dags/weather_info_ETL.py took 0.739 seconds
[2024-06-03T23:56:12.479+0000] {processor.py:161} INFO - Started process (PID=7660) to work on /opt/airflow/dags/weather_info_ETL.py
[2024-06-03T23:56:12.481+0000] {processor.py:830} INFO - Processing file /opt/airflow/dags/weather_info_ETL.py for tasks to queue
[2024-06-03T23:56:12.483+0000] {logging_mixin.py:188} INFO - [2024-06-03T23:56:12.483+0000] {dagbag.py:545} INFO - Filling up the DagBag from /opt/airflow/dags/weather_info_ETL.py
[2024-06-03T23:56:13.036+0000] {processor.py:842} WARNING - No viable dags retrieved from /opt/airflow/dags/weather_info_ETL.py
[2024-06-03T23:56:13.059+0000] {processor.py:183} INFO - Processing /opt/airflow/dags/weather_info_ETL.py took 0.586 seconds
[2024-06-03T23:56:43.954+0000] {processor.py:161} INFO - Started process (PID=7731) to work on /opt/airflow/dags/weather_info_ETL.py
[2024-06-03T23:56:43.955+0000] {processor.py:830} INFO - Processing file /opt/airflow/dags/weather_info_ETL.py for tasks to queue
[2024-06-03T23:56:43.957+0000] {logging_mixin.py:188} INFO - [2024-06-03T23:56:43.956+0000] {dagbag.py:545} INFO - Filling up the DagBag from /opt/airflow/dags/weather_info_ETL.py
[2024-06-03T23:56:44.576+0000] {processor.py:842} WARNING - No viable dags retrieved from /opt/airflow/dags/weather_info_ETL.py
[2024-06-03T23:56:44.606+0000] {processor.py:183} INFO - Processing /opt/airflow/dags/weather_info_ETL.py took 0.660 seconds
[2024-06-03T23:57:15.229+0000] {processor.py:161} INFO - Started process (PID=7811) to work on /opt/airflow/dags/weather_info_ETL.py
[2024-06-03T23:57:15.231+0000] {processor.py:830} INFO - Processing file /opt/airflow/dags/weather_info_ETL.py for tasks to queue
[2024-06-03T23:57:15.234+0000] {logging_mixin.py:188} INFO - [2024-06-03T23:57:15.234+0000] {dagbag.py:545} INFO - Filling up the DagBag from /opt/airflow/dags/weather_info_ETL.py
[2024-06-03T23:57:15.962+0000] {processor.py:842} WARNING - No viable dags retrieved from /opt/airflow/dags/weather_info_ETL.py
[2024-06-03T23:57:15.975+0000] {processor.py:183} INFO - Processing /opt/airflow/dags/weather_info_ETL.py took 0.754 seconds
[2024-06-03T23:57:46.482+0000] {processor.py:161} INFO - Started process (PID=7884) to work on /opt/airflow/dags/weather_info_ETL.py
[2024-06-03T23:57:46.483+0000] {processor.py:830} INFO - Processing file /opt/airflow/dags/weather_info_ETL.py for tasks to queue
[2024-06-03T23:57:46.485+0000] {logging_mixin.py:188} INFO - [2024-06-03T23:57:46.485+0000] {dagbag.py:545} INFO - Filling up the DagBag from /opt/airflow/dags/weather_info_ETL.py
[2024-06-03T23:57:47.040+0000] {processor.py:842} WARNING - No viable dags retrieved from /opt/airflow/dags/weather_info_ETL.py
[2024-06-03T23:57:47.054+0000] {processor.py:183} INFO - Processing /opt/airflow/dags/weather_info_ETL.py took 0.580 seconds
[2024-06-03T23:58:17.925+0000] {processor.py:161} INFO - Started process (PID=7963) to work on /opt/airflow/dags/weather_info_ETL.py
[2024-06-03T23:58:17.926+0000] {processor.py:830} INFO - Processing file /opt/airflow/dags/weather_info_ETL.py for tasks to queue
[2024-06-03T23:58:17.928+0000] {logging_mixin.py:188} INFO - [2024-06-03T23:58:17.928+0000] {dagbag.py:545} INFO - Filling up the DagBag from /opt/airflow/dags/weather_info_ETL.py
[2024-06-03T23:58:18.685+0000] {processor.py:842} WARNING - No viable dags retrieved from /opt/airflow/dags/weather_info_ETL.py
[2024-06-03T23:58:18.701+0000] {processor.py:183} INFO - Processing /opt/airflow/dags/weather_info_ETL.py took 0.784 seconds
[2024-06-03T23:58:49.344+0000] {processor.py:161} INFO - Started process (PID=8036) to work on /opt/airflow/dags/weather_info_ETL.py
[2024-06-03T23:58:49.346+0000] {processor.py:830} INFO - Processing file /opt/airflow/dags/weather_info_ETL.py for tasks to queue
[2024-06-03T23:58:49.348+0000] {logging_mixin.py:188} INFO - [2024-06-03T23:58:49.348+0000] {dagbag.py:545} INFO - Filling up the DagBag from /opt/airflow/dags/weather_info_ETL.py
[2024-06-03T23:58:49.931+0000] {processor.py:842} WARNING - No viable dags retrieved from /opt/airflow/dags/weather_info_ETL.py
[2024-06-03T23:58:49.944+0000] {processor.py:183} INFO - Processing /opt/airflow/dags/weather_info_ETL.py took 0.606 seconds
[2024-06-03T23:59:20.981+0000] {processor.py:161} INFO - Started process (PID=8108) to work on /opt/airflow/dags/weather_info_ETL.py
[2024-06-03T23:59:20.982+0000] {processor.py:830} INFO - Processing file /opt/airflow/dags/weather_info_ETL.py for tasks to queue
[2024-06-03T23:59:20.984+0000] {logging_mixin.py:188} INFO - [2024-06-03T23:59:20.984+0000] {dagbag.py:545} INFO - Filling up the DagBag from /opt/airflow/dags/weather_info_ETL.py
[2024-06-03T23:59:21.544+0000] {processor.py:842} WARNING - No viable dags retrieved from /opt/airflow/dags/weather_info_ETL.py
[2024-06-03T23:59:21.560+0000] {processor.py:183} INFO - Processing /opt/airflow/dags/weather_info_ETL.py took 0.587 seconds
[2024-06-03T23:59:52.313+0000] {processor.py:161} INFO - Started process (PID=8189) to work on /opt/airflow/dags/weather_info_ETL.py
[2024-06-03T23:59:52.314+0000] {processor.py:830} INFO - Processing file /opt/airflow/dags/weather_info_ETL.py for tasks to queue
[2024-06-03T23:59:52.316+0000] {logging_mixin.py:188} INFO - [2024-06-03T23:59:52.316+0000] {dagbag.py:545} INFO - Filling up the DagBag from /opt/airflow/dags/weather_info_ETL.py
[2024-06-03T23:59:53.037+0000] {processor.py:842} WARNING - No viable dags retrieved from /opt/airflow/dags/weather_info_ETL.py
[2024-06-03T23:59:53.049+0000] {processor.py:183} INFO - Processing /opt/airflow/dags/weather_info_ETL.py took 0.747 seconds
