[2024-06-05T21:23:46.485+0000] {local_task_job_runner.py:120} INFO - ::group::Pre task execution logs
[2024-06-05T21:23:46.506+0000] {taskinstance.py:2076} INFO - Dependencies all met for dep_context=non-requeueable deps ti=<TaskInstance: ingestion_data.levantar_datos_API manual__2024-06-05T21:23:44.422589+00:00 [queued]>
[2024-06-05T21:23:46.516+0000] {taskinstance.py:2076} INFO - Dependencies all met for dep_context=requeueable deps ti=<TaskInstance: ingestion_data.levantar_datos_API manual__2024-06-05T21:23:44.422589+00:00 [queued]>
[2024-06-05T21:23:46.518+0000] {taskinstance.py:2306} INFO - Starting attempt 1 of 2
[2024-06-05T21:23:46.533+0000] {taskinstance.py:2330} INFO - Executing <Task(PythonOperator): levantar_datos_API> on 2024-06-05 21:23:44.422589+00:00
[2024-06-05T21:23:46.540+0000] {standard_task_runner.py:63} INFO - Started process 121 to run task
[2024-06-05T21:23:46.543+0000] {standard_task_runner.py:90} INFO - Running: ['***', 'tasks', 'run', 'ingestion_data', 'levantar_datos_API', 'manual__2024-06-05T21:23:44.422589+00:00', '--job-id', '114', '--raw', '--subdir', 'DAGS_FOLDER/dag_entregable_fedebar.py', '--cfg-path', '/tmp/tmpckmjqt27']
[2024-06-05T21:23:46.545+0000] {standard_task_runner.py:91} INFO - Job 114: Subtask levantar_datos_API
[2024-06-05T21:23:46.597+0000] {task_command.py:426} INFO - Running <TaskInstance: ingestion_data.levantar_datos_API manual__2024-06-05T21:23:44.422589+00:00 [running]> on host 167cb9f6b96a
[2024-06-05T21:23:46.686+0000] {taskinstance.py:2648} INFO - Exporting env vars: AIRFLOW_CTX_DAG_OWNER='FedeBar' AIRFLOW_CTX_DAG_ID='ingestion_data' AIRFLOW_CTX_TASK_ID='levantar_datos_API' AIRFLOW_CTX_EXECUTION_DATE='2024-06-05T21:23:44.422589+00:00' AIRFLOW_CTX_TRY_NUMBER='1' AIRFLOW_CTX_DAG_RUN_ID='manual__2024-06-05T21:23:44.422589+00:00'
[2024-06-05T21:23:46.690+0000] {taskinstance.py:430} INFO - ::endgroup::
[2024-06-05T21:23:46.734+0000] {python.py:237} INFO - Done. Returned value was:         m_date  weather_code  ...      city   load_date
0   2024-05-29           3.0  ...   Mendoza  2024-06-05
1   2024-05-30           3.0  ...   Mendoza  2024-06-05
2   2024-05-31           0.0  ...   Mendoza  2024-06-05
3   2024-06-01           0.0  ...   Mendoza  2024-06-05
4   2024-06-02           3.0  ...   Mendoza  2024-06-05
..         ...           ...  ...       ...         ...
93  2024-06-07           3.0  ...  Santa Fe  2024-06-05
94  2024-06-08           3.0  ...  Santa Fe  2024-06-05
95  2024-06-09           3.0  ...  Santa Fe  2024-06-05
96  2024-06-10           3.0  ...  Santa Fe  2024-06-05
97  2024-06-11           3.0  ...  Santa Fe  2024-06-05

[98 rows x 21 columns]
[2024-06-05T21:23:46.767+0000] {taskinstance.py:441} INFO - ::group::Post task execution logs
[2024-06-05T21:23:46.814+0000] {taskinstance.py:1206} INFO - Marking task as SUCCESS. dag_id=ingestion_data, task_id=levantar_datos_API, run_id=manual__2024-06-05T21:23:44.422589+00:00, execution_date=20240605T212344, start_date=20240605T212346, end_date=20240605T212346
[2024-06-05T21:23:46.837+0000] {local_task_job_runner.py:240} INFO - Task exited with return code 0
[2024-06-05T21:23:46.866+0000] {taskinstance.py:3498} INFO - 1 downstream tasks scheduled from follow-on schedule check
[2024-06-05T21:23:46.870+0000] {local_task_job_runner.py:222} INFO - ::endgroup::
