[2024-06-04T00:00:27.798+0000] {processor.py:161} INFO - Started process (PID=8310) to work on /home/airflow/.local/lib/python3.8/site-packages/airflow/example_dags/plugins/decreasing_priority_weight_strategy.py
[2024-06-04T00:00:27.799+0000] {processor.py:830} INFO - Processing file /home/airflow/.local/lib/python3.8/site-packages/airflow/example_dags/plugins/decreasing_priority_weight_strategy.py for tasks to queue
[2024-06-04T00:00:27.802+0000] {logging_mixin.py:188} INFO - [2024-06-04T00:00:27.801+0000] {dagbag.py:545} INFO - Filling up the DagBag from /home/airflow/.local/lib/python3.8/site-packages/airflow/example_dags/plugins/decreasing_priority_weight_strategy.py
[2024-06-04T00:00:27.804+0000] {processor.py:842} WARNING - No viable dags retrieved from /home/airflow/.local/lib/python3.8/site-packages/airflow/example_dags/plugins/decreasing_priority_weight_strategy.py
[2024-06-04T00:00:27.819+0000] {processor.py:183} INFO - Processing /home/airflow/.local/lib/python3.8/site-packages/airflow/example_dags/plugins/decreasing_priority_weight_strategy.py took 0.027 seconds
[2024-06-04T00:00:59.152+0000] {processor.py:161} INFO - Started process (PID=8390) to work on /home/airflow/.local/lib/python3.8/site-packages/airflow/example_dags/plugins/decreasing_priority_weight_strategy.py
[2024-06-04T00:00:59.154+0000] {processor.py:830} INFO - Processing file /home/airflow/.local/lib/python3.8/site-packages/airflow/example_dags/plugins/decreasing_priority_weight_strategy.py for tasks to queue
[2024-06-04T00:00:59.156+0000] {logging_mixin.py:188} INFO - [2024-06-04T00:00:59.155+0000] {dagbag.py:545} INFO - Filling up the DagBag from /home/airflow/.local/lib/python3.8/site-packages/airflow/example_dags/plugins/decreasing_priority_weight_strategy.py
[2024-06-04T00:00:59.158+0000] {processor.py:842} WARNING - No viable dags retrieved from /home/airflow/.local/lib/python3.8/site-packages/airflow/example_dags/plugins/decreasing_priority_weight_strategy.py
[2024-06-04T00:00:59.179+0000] {processor.py:183} INFO - Processing /home/airflow/.local/lib/python3.8/site-packages/airflow/example_dags/plugins/decreasing_priority_weight_strategy.py took 0.033 seconds
[2024-06-04T00:01:30.472+0000] {processor.py:161} INFO - Started process (PID=8462) to work on /home/airflow/.local/lib/python3.8/site-packages/airflow/example_dags/plugins/decreasing_priority_weight_strategy.py
[2024-06-04T00:01:30.474+0000] {processor.py:830} INFO - Processing file /home/airflow/.local/lib/python3.8/site-packages/airflow/example_dags/plugins/decreasing_priority_weight_strategy.py for tasks to queue
[2024-06-04T00:01:30.477+0000] {logging_mixin.py:188} INFO - [2024-06-04T00:01:30.476+0000] {dagbag.py:545} INFO - Filling up the DagBag from /home/airflow/.local/lib/python3.8/site-packages/airflow/example_dags/plugins/decreasing_priority_weight_strategy.py
[2024-06-04T00:01:30.480+0000] {processor.py:842} WARNING - No viable dags retrieved from /home/airflow/.local/lib/python3.8/site-packages/airflow/example_dags/plugins/decreasing_priority_weight_strategy.py
[2024-06-04T00:01:30.499+0000] {processor.py:183} INFO - Processing /home/airflow/.local/lib/python3.8/site-packages/airflow/example_dags/plugins/decreasing_priority_weight_strategy.py took 0.035 seconds
[2024-06-04T00:02:01.059+0000] {processor.py:161} INFO - Started process (PID=8542) to work on /home/airflow/.local/lib/python3.8/site-packages/airflow/example_dags/plugins/decreasing_priority_weight_strategy.py
[2024-06-04T00:02:01.061+0000] {processor.py:830} INFO - Processing file /home/airflow/.local/lib/python3.8/site-packages/airflow/example_dags/plugins/decreasing_priority_weight_strategy.py for tasks to queue
[2024-06-04T00:02:01.063+0000] {logging_mixin.py:188} INFO - [2024-06-04T00:02:01.063+0000] {dagbag.py:545} INFO - Filling up the DagBag from /home/airflow/.local/lib/python3.8/site-packages/airflow/example_dags/plugins/decreasing_priority_weight_strategy.py
[2024-06-04T00:02:01.070+0000] {processor.py:842} WARNING - No viable dags retrieved from /home/airflow/.local/lib/python3.8/site-packages/airflow/example_dags/plugins/decreasing_priority_weight_strategy.py
[2024-06-04T00:02:01.092+0000] {processor.py:183} INFO - Processing /home/airflow/.local/lib/python3.8/site-packages/airflow/example_dags/plugins/decreasing_priority_weight_strategy.py took 0.039 seconds
[2024-06-04T00:02:31.553+0000] {processor.py:161} INFO - Started process (PID=8614) to work on /home/airflow/.local/lib/python3.8/site-packages/airflow/example_dags/plugins/decreasing_priority_weight_strategy.py
[2024-06-04T00:02:31.554+0000] {processor.py:830} INFO - Processing file /home/airflow/.local/lib/python3.8/site-packages/airflow/example_dags/plugins/decreasing_priority_weight_strategy.py for tasks to queue
[2024-06-04T00:02:31.556+0000] {logging_mixin.py:188} INFO - [2024-06-04T00:02:31.556+0000] {dagbag.py:545} INFO - Filling up the DagBag from /home/airflow/.local/lib/python3.8/site-packages/airflow/example_dags/plugins/decreasing_priority_weight_strategy.py
[2024-06-04T00:02:31.558+0000] {processor.py:842} WARNING - No viable dags retrieved from /home/airflow/.local/lib/python3.8/site-packages/airflow/example_dags/plugins/decreasing_priority_weight_strategy.py
[2024-06-04T00:02:31.573+0000] {processor.py:183} INFO - Processing /home/airflow/.local/lib/python3.8/site-packages/airflow/example_dags/plugins/decreasing_priority_weight_strategy.py took 0.027 seconds
[2024-06-04T00:03:02.459+0000] {processor.py:161} INFO - Started process (PID=8686) to work on /home/airflow/.local/lib/python3.8/site-packages/airflow/example_dags/plugins/decreasing_priority_weight_strategy.py
[2024-06-04T00:03:02.460+0000] {processor.py:830} INFO - Processing file /home/airflow/.local/lib/python3.8/site-packages/airflow/example_dags/plugins/decreasing_priority_weight_strategy.py for tasks to queue
[2024-06-04T00:03:02.464+0000] {logging_mixin.py:188} INFO - [2024-06-04T00:03:02.463+0000] {dagbag.py:545} INFO - Filling up the DagBag from /home/airflow/.local/lib/python3.8/site-packages/airflow/example_dags/plugins/decreasing_priority_weight_strategy.py
[2024-06-04T00:03:02.467+0000] {processor.py:842} WARNING - No viable dags retrieved from /home/airflow/.local/lib/python3.8/site-packages/airflow/example_dags/plugins/decreasing_priority_weight_strategy.py
[2024-06-04T00:03:02.484+0000] {processor.py:183} INFO - Processing /home/airflow/.local/lib/python3.8/site-packages/airflow/example_dags/plugins/decreasing_priority_weight_strategy.py took 0.031 seconds
[2024-06-04T00:03:33.414+0000] {processor.py:161} INFO - Started process (PID=8767) to work on /home/airflow/.local/lib/python3.8/site-packages/airflow/example_dags/plugins/decreasing_priority_weight_strategy.py
[2024-06-04T00:03:33.415+0000] {processor.py:830} INFO - Processing file /home/airflow/.local/lib/python3.8/site-packages/airflow/example_dags/plugins/decreasing_priority_weight_strategy.py for tasks to queue
[2024-06-04T00:03:33.417+0000] {logging_mixin.py:188} INFO - [2024-06-04T00:03:33.416+0000] {dagbag.py:545} INFO - Filling up the DagBag from /home/airflow/.local/lib/python3.8/site-packages/airflow/example_dags/plugins/decreasing_priority_weight_strategy.py
[2024-06-04T00:03:33.419+0000] {processor.py:842} WARNING - No viable dags retrieved from /home/airflow/.local/lib/python3.8/site-packages/airflow/example_dags/plugins/decreasing_priority_weight_strategy.py
[2024-06-04T00:03:33.435+0000] {processor.py:183} INFO - Processing /home/airflow/.local/lib/python3.8/site-packages/airflow/example_dags/plugins/decreasing_priority_weight_strategy.py took 0.030 seconds
[2024-06-04T00:04:03.725+0000] {processor.py:161} INFO - Started process (PID=8840) to work on /home/airflow/.local/lib/python3.8/site-packages/airflow/example_dags/plugins/decreasing_priority_weight_strategy.py
[2024-06-04T00:04:03.727+0000] {processor.py:830} INFO - Processing file /home/airflow/.local/lib/python3.8/site-packages/airflow/example_dags/plugins/decreasing_priority_weight_strategy.py for tasks to queue
[2024-06-04T00:04:03.729+0000] {logging_mixin.py:188} INFO - [2024-06-04T00:04:03.728+0000] {dagbag.py:545} INFO - Filling up the DagBag from /home/airflow/.local/lib/python3.8/site-packages/airflow/example_dags/plugins/decreasing_priority_weight_strategy.py
[2024-06-04T00:04:03.731+0000] {processor.py:842} WARNING - No viable dags retrieved from /home/airflow/.local/lib/python3.8/site-packages/airflow/example_dags/plugins/decreasing_priority_weight_strategy.py
[2024-06-04T00:04:03.748+0000] {processor.py:183} INFO - Processing /home/airflow/.local/lib/python3.8/site-packages/airflow/example_dags/plugins/decreasing_priority_weight_strategy.py took 0.030 seconds
[2024-06-04T00:04:34.404+0000] {processor.py:161} INFO - Started process (PID=8912) to work on /home/airflow/.local/lib/python3.8/site-packages/airflow/example_dags/plugins/decreasing_priority_weight_strategy.py
[2024-06-04T00:04:34.405+0000] {processor.py:830} INFO - Processing file /home/airflow/.local/lib/python3.8/site-packages/airflow/example_dags/plugins/decreasing_priority_weight_strategy.py for tasks to queue
[2024-06-04T00:04:34.409+0000] {logging_mixin.py:188} INFO - [2024-06-04T00:04:34.409+0000] {dagbag.py:545} INFO - Filling up the DagBag from /home/airflow/.local/lib/python3.8/site-packages/airflow/example_dags/plugins/decreasing_priority_weight_strategy.py
[2024-06-04T00:04:34.411+0000] {processor.py:842} WARNING - No viable dags retrieved from /home/airflow/.local/lib/python3.8/site-packages/airflow/example_dags/plugins/decreasing_priority_weight_strategy.py
[2024-06-04T00:04:34.431+0000] {processor.py:183} INFO - Processing /home/airflow/.local/lib/python3.8/site-packages/airflow/example_dags/plugins/decreasing_priority_weight_strategy.py took 0.034 seconds
[2024-06-04T00:05:06.342+0000] {processor.py:161} INFO - Started process (PID=8992) to work on /home/airflow/.local/lib/python3.8/site-packages/airflow/example_dags/plugins/decreasing_priority_weight_strategy.py
[2024-06-04T00:05:06.344+0000] {processor.py:830} INFO - Processing file /home/airflow/.local/lib/python3.8/site-packages/airflow/example_dags/plugins/decreasing_priority_weight_strategy.py for tasks to queue
[2024-06-04T00:05:06.346+0000] {logging_mixin.py:188} INFO - [2024-06-04T00:05:06.345+0000] {dagbag.py:545} INFO - Filling up the DagBag from /home/airflow/.local/lib/python3.8/site-packages/airflow/example_dags/plugins/decreasing_priority_weight_strategy.py
[2024-06-04T00:05:06.348+0000] {processor.py:842} WARNING - No viable dags retrieved from /home/airflow/.local/lib/python3.8/site-packages/airflow/example_dags/plugins/decreasing_priority_weight_strategy.py
[2024-06-04T00:05:06.365+0000] {processor.py:183} INFO - Processing /home/airflow/.local/lib/python3.8/site-packages/airflow/example_dags/plugins/decreasing_priority_weight_strategy.py took 0.030 seconds
[2024-06-04T00:05:38.875+0000] {processor.py:161} INFO - Started process (PID=9064) to work on /home/airflow/.local/lib/python3.8/site-packages/airflow/example_dags/plugins/decreasing_priority_weight_strategy.py
[2024-06-04T00:05:38.877+0000] {processor.py:830} INFO - Processing file /home/airflow/.local/lib/python3.8/site-packages/airflow/example_dags/plugins/decreasing_priority_weight_strategy.py for tasks to queue
[2024-06-04T00:05:38.879+0000] {logging_mixin.py:188} INFO - [2024-06-04T00:05:38.879+0000] {dagbag.py:545} INFO - Filling up the DagBag from /home/airflow/.local/lib/python3.8/site-packages/airflow/example_dags/plugins/decreasing_priority_weight_strategy.py
[2024-06-04T00:05:38.881+0000] {processor.py:842} WARNING - No viable dags retrieved from /home/airflow/.local/lib/python3.8/site-packages/airflow/example_dags/plugins/decreasing_priority_weight_strategy.py
[2024-06-04T00:05:38.898+0000] {processor.py:183} INFO - Processing /home/airflow/.local/lib/python3.8/site-packages/airflow/example_dags/plugins/decreasing_priority_weight_strategy.py took 0.029 seconds
[2024-06-04T00:06:09.196+0000] {processor.py:161} INFO - Started process (PID=9136) to work on /home/airflow/.local/lib/python3.8/site-packages/airflow/example_dags/plugins/decreasing_priority_weight_strategy.py
[2024-06-04T00:06:09.198+0000] {processor.py:830} INFO - Processing file /home/airflow/.local/lib/python3.8/site-packages/airflow/example_dags/plugins/decreasing_priority_weight_strategy.py for tasks to queue
[2024-06-04T00:06:09.201+0000] {logging_mixin.py:188} INFO - [2024-06-04T00:06:09.200+0000] {dagbag.py:545} INFO - Filling up the DagBag from /home/airflow/.local/lib/python3.8/site-packages/airflow/example_dags/plugins/decreasing_priority_weight_strategy.py
[2024-06-04T00:06:09.204+0000] {processor.py:842} WARNING - No viable dags retrieved from /home/airflow/.local/lib/python3.8/site-packages/airflow/example_dags/plugins/decreasing_priority_weight_strategy.py
[2024-06-04T00:06:09.221+0000] {processor.py:183} INFO - Processing /home/airflow/.local/lib/python3.8/site-packages/airflow/example_dags/plugins/decreasing_priority_weight_strategy.py took 0.032 seconds
[2024-06-04T00:06:39.749+0000] {processor.py:161} INFO - Started process (PID=9216) to work on /home/airflow/.local/lib/python3.8/site-packages/airflow/example_dags/plugins/decreasing_priority_weight_strategy.py
[2024-06-04T00:06:39.751+0000] {processor.py:830} INFO - Processing file /home/airflow/.local/lib/python3.8/site-packages/airflow/example_dags/plugins/decreasing_priority_weight_strategy.py for tasks to queue
[2024-06-04T00:06:39.753+0000] {logging_mixin.py:188} INFO - [2024-06-04T00:06:39.753+0000] {dagbag.py:545} INFO - Filling up the DagBag from /home/airflow/.local/lib/python3.8/site-packages/airflow/example_dags/plugins/decreasing_priority_weight_strategy.py
[2024-06-04T00:06:39.756+0000] {processor.py:842} WARNING - No viable dags retrieved from /home/airflow/.local/lib/python3.8/site-packages/airflow/example_dags/plugins/decreasing_priority_weight_strategy.py
[2024-06-04T00:06:39.775+0000] {processor.py:183} INFO - Processing /home/airflow/.local/lib/python3.8/site-packages/airflow/example_dags/plugins/decreasing_priority_weight_strategy.py took 0.032 seconds
[2024-06-04T00:07:10.922+0000] {processor.py:161} INFO - Started process (PID=9290) to work on /home/airflow/.local/lib/python3.8/site-packages/airflow/example_dags/plugins/decreasing_priority_weight_strategy.py
[2024-06-04T00:07:10.923+0000] {processor.py:830} INFO - Processing file /home/airflow/.local/lib/python3.8/site-packages/airflow/example_dags/plugins/decreasing_priority_weight_strategy.py for tasks to queue
[2024-06-04T00:07:10.926+0000] {logging_mixin.py:188} INFO - [2024-06-04T00:07:10.926+0000] {dagbag.py:545} INFO - Filling up the DagBag from /home/airflow/.local/lib/python3.8/site-packages/airflow/example_dags/plugins/decreasing_priority_weight_strategy.py
[2024-06-04T00:07:10.929+0000] {processor.py:842} WARNING - No viable dags retrieved from /home/airflow/.local/lib/python3.8/site-packages/airflow/example_dags/plugins/decreasing_priority_weight_strategy.py
[2024-06-04T00:07:10.949+0000] {processor.py:183} INFO - Processing /home/airflow/.local/lib/python3.8/site-packages/airflow/example_dags/plugins/decreasing_priority_weight_strategy.py took 0.034 seconds
[2024-06-04T00:07:41.849+0000] {processor.py:161} INFO - Started process (PID=9362) to work on /home/airflow/.local/lib/python3.8/site-packages/airflow/example_dags/plugins/decreasing_priority_weight_strategy.py
[2024-06-04T00:07:41.850+0000] {processor.py:830} INFO - Processing file /home/airflow/.local/lib/python3.8/site-packages/airflow/example_dags/plugins/decreasing_priority_weight_strategy.py for tasks to queue
[2024-06-04T00:07:41.853+0000] {logging_mixin.py:188} INFO - [2024-06-04T00:07:41.852+0000] {dagbag.py:545} INFO - Filling up the DagBag from /home/airflow/.local/lib/python3.8/site-packages/airflow/example_dags/plugins/decreasing_priority_weight_strategy.py
[2024-06-04T00:07:41.855+0000] {processor.py:842} WARNING - No viable dags retrieved from /home/airflow/.local/lib/python3.8/site-packages/airflow/example_dags/plugins/decreasing_priority_weight_strategy.py
[2024-06-04T00:07:41.871+0000] {processor.py:183} INFO - Processing /home/airflow/.local/lib/python3.8/site-packages/airflow/example_dags/plugins/decreasing_priority_weight_strategy.py took 0.028 seconds
[2024-06-04T00:08:12.399+0000] {processor.py:161} INFO - Started process (PID=9442) to work on /home/airflow/.local/lib/python3.8/site-packages/airflow/example_dags/plugins/decreasing_priority_weight_strategy.py
[2024-06-04T00:08:12.400+0000] {processor.py:830} INFO - Processing file /home/airflow/.local/lib/python3.8/site-packages/airflow/example_dags/plugins/decreasing_priority_weight_strategy.py for tasks to queue
[2024-06-04T00:08:12.402+0000] {logging_mixin.py:188} INFO - [2024-06-04T00:08:12.402+0000] {dagbag.py:545} INFO - Filling up the DagBag from /home/airflow/.local/lib/python3.8/site-packages/airflow/example_dags/plugins/decreasing_priority_weight_strategy.py
[2024-06-04T00:08:12.405+0000] {processor.py:842} WARNING - No viable dags retrieved from /home/airflow/.local/lib/python3.8/site-packages/airflow/example_dags/plugins/decreasing_priority_weight_strategy.py
[2024-06-04T00:08:12.423+0000] {processor.py:183} INFO - Processing /home/airflow/.local/lib/python3.8/site-packages/airflow/example_dags/plugins/decreasing_priority_weight_strategy.py took 0.032 seconds
[2024-06-04T00:08:44.039+0000] {processor.py:161} INFO - Started process (PID=9515) to work on /home/airflow/.local/lib/python3.8/site-packages/airflow/example_dags/plugins/decreasing_priority_weight_strategy.py
[2024-06-04T00:08:44.041+0000] {processor.py:830} INFO - Processing file /home/airflow/.local/lib/python3.8/site-packages/airflow/example_dags/plugins/decreasing_priority_weight_strategy.py for tasks to queue
[2024-06-04T00:08:44.044+0000] {logging_mixin.py:188} INFO - [2024-06-04T00:08:44.043+0000] {dagbag.py:545} INFO - Filling up the DagBag from /home/airflow/.local/lib/python3.8/site-packages/airflow/example_dags/plugins/decreasing_priority_weight_strategy.py
[2024-06-04T00:08:44.053+0000] {processor.py:842} WARNING - No viable dags retrieved from /home/airflow/.local/lib/python3.8/site-packages/airflow/example_dags/plugins/decreasing_priority_weight_strategy.py
[2024-06-04T00:08:44.077+0000] {processor.py:183} INFO - Processing /home/airflow/.local/lib/python3.8/site-packages/airflow/example_dags/plugins/decreasing_priority_weight_strategy.py took 0.046 seconds
[2024-06-04T00:09:14.541+0000] {processor.py:161} INFO - Started process (PID=9586) to work on /home/airflow/.local/lib/python3.8/site-packages/airflow/example_dags/plugins/decreasing_priority_weight_strategy.py
[2024-06-04T00:09:14.543+0000] {processor.py:830} INFO - Processing file /home/airflow/.local/lib/python3.8/site-packages/airflow/example_dags/plugins/decreasing_priority_weight_strategy.py for tasks to queue
[2024-06-04T00:09:14.546+0000] {logging_mixin.py:188} INFO - [2024-06-04T00:09:14.545+0000] {dagbag.py:545} INFO - Filling up the DagBag from /home/airflow/.local/lib/python3.8/site-packages/airflow/example_dags/plugins/decreasing_priority_weight_strategy.py
[2024-06-04T00:09:14.549+0000] {processor.py:842} WARNING - No viable dags retrieved from /home/airflow/.local/lib/python3.8/site-packages/airflow/example_dags/plugins/decreasing_priority_weight_strategy.py
[2024-06-04T00:09:14.568+0000] {processor.py:183} INFO - Processing /home/airflow/.local/lib/python3.8/site-packages/airflow/example_dags/plugins/decreasing_priority_weight_strategy.py took 0.036 seconds
[2024-06-04T00:09:45.686+0000] {processor.py:161} INFO - Started process (PID=9666) to work on /home/airflow/.local/lib/python3.8/site-packages/airflow/example_dags/plugins/decreasing_priority_weight_strategy.py
[2024-06-04T00:09:45.688+0000] {processor.py:830} INFO - Processing file /home/airflow/.local/lib/python3.8/site-packages/airflow/example_dags/plugins/decreasing_priority_weight_strategy.py for tasks to queue
[2024-06-04T00:09:45.696+0000] {logging_mixin.py:188} INFO - [2024-06-04T00:09:45.695+0000] {dagbag.py:545} INFO - Filling up the DagBag from /home/airflow/.local/lib/python3.8/site-packages/airflow/example_dags/plugins/decreasing_priority_weight_strategy.py
[2024-06-04T00:09:45.699+0000] {processor.py:842} WARNING - No viable dags retrieved from /home/airflow/.local/lib/python3.8/site-packages/airflow/example_dags/plugins/decreasing_priority_weight_strategy.py
[2024-06-04T00:09:45.721+0000] {processor.py:183} INFO - Processing /home/airflow/.local/lib/python3.8/site-packages/airflow/example_dags/plugins/decreasing_priority_weight_strategy.py took 0.045 seconds
[2024-06-04T00:10:16.991+0000] {processor.py:161} INFO - Started process (PID=9738) to work on /home/airflow/.local/lib/python3.8/site-packages/airflow/example_dags/plugins/decreasing_priority_weight_strategy.py
[2024-06-04T00:10:16.992+0000] {processor.py:830} INFO - Processing file /home/airflow/.local/lib/python3.8/site-packages/airflow/example_dags/plugins/decreasing_priority_weight_strategy.py for tasks to queue
[2024-06-04T00:10:16.994+0000] {logging_mixin.py:188} INFO - [2024-06-04T00:10:16.994+0000] {dagbag.py:545} INFO - Filling up the DagBag from /home/airflow/.local/lib/python3.8/site-packages/airflow/example_dags/plugins/decreasing_priority_weight_strategy.py
[2024-06-04T00:10:16.997+0000] {processor.py:842} WARNING - No viable dags retrieved from /home/airflow/.local/lib/python3.8/site-packages/airflow/example_dags/plugins/decreasing_priority_weight_strategy.py
[2024-06-04T00:10:17.011+0000] {processor.py:183} INFO - Processing /home/airflow/.local/lib/python3.8/site-packages/airflow/example_dags/plugins/decreasing_priority_weight_strategy.py took 0.027 seconds
[2024-06-04T00:10:47.667+0000] {processor.py:161} INFO - Started process (PID=9810) to work on /home/airflow/.local/lib/python3.8/site-packages/airflow/example_dags/plugins/decreasing_priority_weight_strategy.py
[2024-06-04T00:10:47.668+0000] {processor.py:830} INFO - Processing file /home/airflow/.local/lib/python3.8/site-packages/airflow/example_dags/plugins/decreasing_priority_weight_strategy.py for tasks to queue
[2024-06-04T00:10:47.671+0000] {logging_mixin.py:188} INFO - [2024-06-04T00:10:47.671+0000] {dagbag.py:545} INFO - Filling up the DagBag from /home/airflow/.local/lib/python3.8/site-packages/airflow/example_dags/plugins/decreasing_priority_weight_strategy.py
[2024-06-04T00:10:47.675+0000] {processor.py:842} WARNING - No viable dags retrieved from /home/airflow/.local/lib/python3.8/site-packages/airflow/example_dags/plugins/decreasing_priority_weight_strategy.py
[2024-06-04T00:10:47.694+0000] {processor.py:183} INFO - Processing /home/airflow/.local/lib/python3.8/site-packages/airflow/example_dags/plugins/decreasing_priority_weight_strategy.py took 0.034 seconds
[2024-06-04T00:11:18.910+0000] {processor.py:161} INFO - Started process (PID=9890) to work on /home/airflow/.local/lib/python3.8/site-packages/airflow/example_dags/plugins/decreasing_priority_weight_strategy.py
[2024-06-04T00:11:18.912+0000] {processor.py:830} INFO - Processing file /home/airflow/.local/lib/python3.8/site-packages/airflow/example_dags/plugins/decreasing_priority_weight_strategy.py for tasks to queue
[2024-06-04T00:11:18.914+0000] {logging_mixin.py:188} INFO - [2024-06-04T00:11:18.914+0000] {dagbag.py:545} INFO - Filling up the DagBag from /home/airflow/.local/lib/python3.8/site-packages/airflow/example_dags/plugins/decreasing_priority_weight_strategy.py
[2024-06-04T00:11:18.917+0000] {processor.py:842} WARNING - No viable dags retrieved from /home/airflow/.local/lib/python3.8/site-packages/airflow/example_dags/plugins/decreasing_priority_weight_strategy.py
[2024-06-04T00:11:18.932+0000] {processor.py:183} INFO - Processing /home/airflow/.local/lib/python3.8/site-packages/airflow/example_dags/plugins/decreasing_priority_weight_strategy.py took 0.030 seconds
[2024-06-04T00:11:50.211+0000] {processor.py:161} INFO - Started process (PID=9962) to work on /home/airflow/.local/lib/python3.8/site-packages/airflow/example_dags/plugins/decreasing_priority_weight_strategy.py
[2024-06-04T00:11:50.213+0000] {processor.py:830} INFO - Processing file /home/airflow/.local/lib/python3.8/site-packages/airflow/example_dags/plugins/decreasing_priority_weight_strategy.py for tasks to queue
[2024-06-04T00:11:50.215+0000] {logging_mixin.py:188} INFO - [2024-06-04T00:11:50.214+0000] {dagbag.py:545} INFO - Filling up the DagBag from /home/airflow/.local/lib/python3.8/site-packages/airflow/example_dags/plugins/decreasing_priority_weight_strategy.py
[2024-06-04T00:11:50.217+0000] {processor.py:842} WARNING - No viable dags retrieved from /home/airflow/.local/lib/python3.8/site-packages/airflow/example_dags/plugins/decreasing_priority_weight_strategy.py
[2024-06-04T00:11:50.231+0000] {processor.py:183} INFO - Processing /home/airflow/.local/lib/python3.8/site-packages/airflow/example_dags/plugins/decreasing_priority_weight_strategy.py took 0.026 seconds
[2024-06-04T00:12:21.563+0000] {processor.py:161} INFO - Started process (PID=10034) to work on /home/airflow/.local/lib/python3.8/site-packages/airflow/example_dags/plugins/decreasing_priority_weight_strategy.py
[2024-06-04T00:12:21.565+0000] {processor.py:830} INFO - Processing file /home/airflow/.local/lib/python3.8/site-packages/airflow/example_dags/plugins/decreasing_priority_weight_strategy.py for tasks to queue
[2024-06-04T00:12:21.569+0000] {logging_mixin.py:188} INFO - [2024-06-04T00:12:21.569+0000] {dagbag.py:545} INFO - Filling up the DagBag from /home/airflow/.local/lib/python3.8/site-packages/airflow/example_dags/plugins/decreasing_priority_weight_strategy.py
[2024-06-04T00:12:21.573+0000] {processor.py:842} WARNING - No viable dags retrieved from /home/airflow/.local/lib/python3.8/site-packages/airflow/example_dags/plugins/decreasing_priority_weight_strategy.py
[2024-06-04T00:12:21.590+0000] {processor.py:183} INFO - Processing /home/airflow/.local/lib/python3.8/site-packages/airflow/example_dags/plugins/decreasing_priority_weight_strategy.py took 0.035 seconds
[2024-06-04T00:12:52.312+0000] {processor.py:161} INFO - Started process (PID=10113) to work on /home/airflow/.local/lib/python3.8/site-packages/airflow/example_dags/plugins/decreasing_priority_weight_strategy.py
[2024-06-04T00:12:52.314+0000] {processor.py:830} INFO - Processing file /home/airflow/.local/lib/python3.8/site-packages/airflow/example_dags/plugins/decreasing_priority_weight_strategy.py for tasks to queue
[2024-06-04T00:12:52.317+0000] {logging_mixin.py:188} INFO - [2024-06-04T00:12:52.316+0000] {dagbag.py:545} INFO - Filling up the DagBag from /home/airflow/.local/lib/python3.8/site-packages/airflow/example_dags/plugins/decreasing_priority_weight_strategy.py
[2024-06-04T00:12:52.321+0000] {processor.py:842} WARNING - No viable dags retrieved from /home/airflow/.local/lib/python3.8/site-packages/airflow/example_dags/plugins/decreasing_priority_weight_strategy.py
[2024-06-04T00:12:52.345+0000] {processor.py:183} INFO - Processing /home/airflow/.local/lib/python3.8/site-packages/airflow/example_dags/plugins/decreasing_priority_weight_strategy.py took 0.042 seconds
[2024-06-04T00:13:22.546+0000] {processor.py:161} INFO - Started process (PID=10186) to work on /home/airflow/.local/lib/python3.8/site-packages/airflow/example_dags/plugins/decreasing_priority_weight_strategy.py
[2024-06-04T00:13:22.547+0000] {processor.py:830} INFO - Processing file /home/airflow/.local/lib/python3.8/site-packages/airflow/example_dags/plugins/decreasing_priority_weight_strategy.py for tasks to queue
[2024-06-04T00:13:22.549+0000] {logging_mixin.py:188} INFO - [2024-06-04T00:13:22.549+0000] {dagbag.py:545} INFO - Filling up the DagBag from /home/airflow/.local/lib/python3.8/site-packages/airflow/example_dags/plugins/decreasing_priority_weight_strategy.py
[2024-06-04T00:13:22.551+0000] {processor.py:842} WARNING - No viable dags retrieved from /home/airflow/.local/lib/python3.8/site-packages/airflow/example_dags/plugins/decreasing_priority_weight_strategy.py
[2024-06-04T00:13:22.567+0000] {processor.py:183} INFO - Processing /home/airflow/.local/lib/python3.8/site-packages/airflow/example_dags/plugins/decreasing_priority_weight_strategy.py took 0.028 seconds
[2024-06-04T00:13:53.623+0000] {processor.py:161} INFO - Started process (PID=10258) to work on /home/airflow/.local/lib/python3.8/site-packages/airflow/example_dags/plugins/decreasing_priority_weight_strategy.py
[2024-06-04T00:13:53.624+0000] {processor.py:830} INFO - Processing file /home/airflow/.local/lib/python3.8/site-packages/airflow/example_dags/plugins/decreasing_priority_weight_strategy.py for tasks to queue
[2024-06-04T00:13:53.626+0000] {logging_mixin.py:188} INFO - [2024-06-04T00:13:53.625+0000] {dagbag.py:545} INFO - Filling up the DagBag from /home/airflow/.local/lib/python3.8/site-packages/airflow/example_dags/plugins/decreasing_priority_weight_strategy.py
[2024-06-04T00:13:53.629+0000] {processor.py:842} WARNING - No viable dags retrieved from /home/airflow/.local/lib/python3.8/site-packages/airflow/example_dags/plugins/decreasing_priority_weight_strategy.py
[2024-06-04T00:13:53.648+0000] {processor.py:183} INFO - Processing /home/airflow/.local/lib/python3.8/site-packages/airflow/example_dags/plugins/decreasing_priority_weight_strategy.py took 0.031 seconds
[2024-06-04T00:14:24.237+0000] {processor.py:161} INFO - Started process (PID=10337) to work on /home/airflow/.local/lib/python3.8/site-packages/airflow/example_dags/plugins/decreasing_priority_weight_strategy.py
[2024-06-04T00:14:24.239+0000] {processor.py:830} INFO - Processing file /home/airflow/.local/lib/python3.8/site-packages/airflow/example_dags/plugins/decreasing_priority_weight_strategy.py for tasks to queue
[2024-06-04T00:14:24.241+0000] {logging_mixin.py:188} INFO - [2024-06-04T00:14:24.241+0000] {dagbag.py:545} INFO - Filling up the DagBag from /home/airflow/.local/lib/python3.8/site-packages/airflow/example_dags/plugins/decreasing_priority_weight_strategy.py
[2024-06-04T00:14:24.245+0000] {processor.py:842} WARNING - No viable dags retrieved from /home/airflow/.local/lib/python3.8/site-packages/airflow/example_dags/plugins/decreasing_priority_weight_strategy.py
[2024-06-04T00:14:24.260+0000] {processor.py:183} INFO - Processing /home/airflow/.local/lib/python3.8/site-packages/airflow/example_dags/plugins/decreasing_priority_weight_strategy.py took 0.031 seconds
[2024-06-04T00:14:55.087+0000] {processor.py:161} INFO - Started process (PID=10410) to work on /home/airflow/.local/lib/python3.8/site-packages/airflow/example_dags/plugins/decreasing_priority_weight_strategy.py
[2024-06-04T00:14:55.089+0000] {processor.py:830} INFO - Processing file /home/airflow/.local/lib/python3.8/site-packages/airflow/example_dags/plugins/decreasing_priority_weight_strategy.py for tasks to queue
[2024-06-04T00:14:55.091+0000] {logging_mixin.py:188} INFO - [2024-06-04T00:14:55.091+0000] {dagbag.py:545} INFO - Filling up the DagBag from /home/airflow/.local/lib/python3.8/site-packages/airflow/example_dags/plugins/decreasing_priority_weight_strategy.py
[2024-06-04T00:14:55.094+0000] {processor.py:842} WARNING - No viable dags retrieved from /home/airflow/.local/lib/python3.8/site-packages/airflow/example_dags/plugins/decreasing_priority_weight_strategy.py
[2024-06-04T00:14:55.109+0000] {processor.py:183} INFO - Processing /home/airflow/.local/lib/python3.8/site-packages/airflow/example_dags/plugins/decreasing_priority_weight_strategy.py took 0.029 seconds
[2024-06-04T00:15:25.391+0000] {processor.py:161} INFO - Started process (PID=10482) to work on /home/airflow/.local/lib/python3.8/site-packages/airflow/example_dags/plugins/decreasing_priority_weight_strategy.py
[2024-06-04T00:15:25.392+0000] {processor.py:830} INFO - Processing file /home/airflow/.local/lib/python3.8/site-packages/airflow/example_dags/plugins/decreasing_priority_weight_strategy.py for tasks to queue
[2024-06-04T00:15:25.395+0000] {logging_mixin.py:188} INFO - [2024-06-04T00:15:25.395+0000] {dagbag.py:545} INFO - Filling up the DagBag from /home/airflow/.local/lib/python3.8/site-packages/airflow/example_dags/plugins/decreasing_priority_weight_strategy.py
[2024-06-04T00:15:25.399+0000] {processor.py:842} WARNING - No viable dags retrieved from /home/airflow/.local/lib/python3.8/site-packages/airflow/example_dags/plugins/decreasing_priority_weight_strategy.py
[2024-06-04T00:15:25.417+0000] {processor.py:183} INFO - Processing /home/airflow/.local/lib/python3.8/site-packages/airflow/example_dags/plugins/decreasing_priority_weight_strategy.py took 0.035 seconds
[2024-06-04T00:15:56.595+0000] {processor.py:161} INFO - Started process (PID=10562) to work on /home/airflow/.local/lib/python3.8/site-packages/airflow/example_dags/plugins/decreasing_priority_weight_strategy.py
[2024-06-04T00:15:56.597+0000] {processor.py:830} INFO - Processing file /home/airflow/.local/lib/python3.8/site-packages/airflow/example_dags/plugins/decreasing_priority_weight_strategy.py for tasks to queue
[2024-06-04T00:15:56.600+0000] {logging_mixin.py:188} INFO - [2024-06-04T00:15:56.599+0000] {dagbag.py:545} INFO - Filling up the DagBag from /home/airflow/.local/lib/python3.8/site-packages/airflow/example_dags/plugins/decreasing_priority_weight_strategy.py
[2024-06-04T00:15:56.602+0000] {processor.py:842} WARNING - No viable dags retrieved from /home/airflow/.local/lib/python3.8/site-packages/airflow/example_dags/plugins/decreasing_priority_weight_strategy.py
[2024-06-04T00:15:56.619+0000] {processor.py:183} INFO - Processing /home/airflow/.local/lib/python3.8/site-packages/airflow/example_dags/plugins/decreasing_priority_weight_strategy.py took 0.032 seconds
[2024-06-04T00:16:26.922+0000] {processor.py:161} INFO - Started process (PID=10634) to work on /home/airflow/.local/lib/python3.8/site-packages/airflow/example_dags/plugins/decreasing_priority_weight_strategy.py
[2024-06-04T00:16:26.923+0000] {processor.py:830} INFO - Processing file /home/airflow/.local/lib/python3.8/site-packages/airflow/example_dags/plugins/decreasing_priority_weight_strategy.py for tasks to queue
[2024-06-04T00:16:26.926+0000] {logging_mixin.py:188} INFO - [2024-06-04T00:16:26.925+0000] {dagbag.py:545} INFO - Filling up the DagBag from /home/airflow/.local/lib/python3.8/site-packages/airflow/example_dags/plugins/decreasing_priority_weight_strategy.py
[2024-06-04T00:16:26.928+0000] {processor.py:842} WARNING - No viable dags retrieved from /home/airflow/.local/lib/python3.8/site-packages/airflow/example_dags/plugins/decreasing_priority_weight_strategy.py
[2024-06-04T00:16:26.946+0000] {processor.py:183} INFO - Processing /home/airflow/.local/lib/python3.8/site-packages/airflow/example_dags/plugins/decreasing_priority_weight_strategy.py took 0.033 seconds
[2024-06-04T00:16:57.536+0000] {processor.py:161} INFO - Started process (PID=10706) to work on /home/airflow/.local/lib/python3.8/site-packages/airflow/example_dags/plugins/decreasing_priority_weight_strategy.py
[2024-06-04T00:16:57.538+0000] {processor.py:830} INFO - Processing file /home/airflow/.local/lib/python3.8/site-packages/airflow/example_dags/plugins/decreasing_priority_weight_strategy.py for tasks to queue
[2024-06-04T00:16:57.540+0000] {logging_mixin.py:188} INFO - [2024-06-04T00:16:57.540+0000] {dagbag.py:545} INFO - Filling up the DagBag from /home/airflow/.local/lib/python3.8/site-packages/airflow/example_dags/plugins/decreasing_priority_weight_strategy.py
[2024-06-04T00:16:57.544+0000] {processor.py:842} WARNING - No viable dags retrieved from /home/airflow/.local/lib/python3.8/site-packages/airflow/example_dags/plugins/decreasing_priority_weight_strategy.py
[2024-06-04T00:16:57.566+0000] {processor.py:183} INFO - Processing /home/airflow/.local/lib/python3.8/site-packages/airflow/example_dags/plugins/decreasing_priority_weight_strategy.py took 0.040 seconds
[2024-06-04T00:17:28.453+0000] {processor.py:161} INFO - Started process (PID=10785) to work on /home/airflow/.local/lib/python3.8/site-packages/airflow/example_dags/plugins/decreasing_priority_weight_strategy.py
[2024-06-04T00:17:28.454+0000] {processor.py:830} INFO - Processing file /home/airflow/.local/lib/python3.8/site-packages/airflow/example_dags/plugins/decreasing_priority_weight_strategy.py for tasks to queue
[2024-06-04T00:17:28.457+0000] {logging_mixin.py:188} INFO - [2024-06-04T00:17:28.457+0000] {dagbag.py:545} INFO - Filling up the DagBag from /home/airflow/.local/lib/python3.8/site-packages/airflow/example_dags/plugins/decreasing_priority_weight_strategy.py
[2024-06-04T00:17:28.462+0000] {processor.py:842} WARNING - No viable dags retrieved from /home/airflow/.local/lib/python3.8/site-packages/airflow/example_dags/plugins/decreasing_priority_weight_strategy.py
[2024-06-04T00:17:28.481+0000] {processor.py:183} INFO - Processing /home/airflow/.local/lib/python3.8/site-packages/airflow/example_dags/plugins/decreasing_priority_weight_strategy.py took 0.039 seconds
[2024-06-04T00:17:59.041+0000] {processor.py:161} INFO - Started process (PID=10858) to work on /home/airflow/.local/lib/python3.8/site-packages/airflow/example_dags/plugins/decreasing_priority_weight_strategy.py
[2024-06-04T00:17:59.043+0000] {processor.py:830} INFO - Processing file /home/airflow/.local/lib/python3.8/site-packages/airflow/example_dags/plugins/decreasing_priority_weight_strategy.py for tasks to queue
[2024-06-04T00:17:59.045+0000] {logging_mixin.py:188} INFO - [2024-06-04T00:17:59.045+0000] {dagbag.py:545} INFO - Filling up the DagBag from /home/airflow/.local/lib/python3.8/site-packages/airflow/example_dags/plugins/decreasing_priority_weight_strategy.py
[2024-06-04T00:17:59.049+0000] {processor.py:842} WARNING - No viable dags retrieved from /home/airflow/.local/lib/python3.8/site-packages/airflow/example_dags/plugins/decreasing_priority_weight_strategy.py
[2024-06-04T00:17:59.069+0000] {processor.py:183} INFO - Processing /home/airflow/.local/lib/python3.8/site-packages/airflow/example_dags/plugins/decreasing_priority_weight_strategy.py took 0.035 seconds
[2024-06-04T00:18:29.619+0000] {processor.py:161} INFO - Started process (PID=10930) to work on /home/airflow/.local/lib/python3.8/site-packages/airflow/example_dags/plugins/decreasing_priority_weight_strategy.py
[2024-06-04T00:18:29.621+0000] {processor.py:830} INFO - Processing file /home/airflow/.local/lib/python3.8/site-packages/airflow/example_dags/plugins/decreasing_priority_weight_strategy.py for tasks to queue
[2024-06-04T00:18:29.623+0000] {logging_mixin.py:188} INFO - [2024-06-04T00:18:29.623+0000] {dagbag.py:545} INFO - Filling up the DagBag from /home/airflow/.local/lib/python3.8/site-packages/airflow/example_dags/plugins/decreasing_priority_weight_strategy.py
[2024-06-04T00:18:29.626+0000] {processor.py:842} WARNING - No viable dags retrieved from /home/airflow/.local/lib/python3.8/site-packages/airflow/example_dags/plugins/decreasing_priority_weight_strategy.py
[2024-06-04T00:18:29.644+0000] {processor.py:183} INFO - Processing /home/airflow/.local/lib/python3.8/site-packages/airflow/example_dags/plugins/decreasing_priority_weight_strategy.py took 0.033 seconds
[2024-06-04T00:19:00.526+0000] {processor.py:161} INFO - Started process (PID=11002) to work on /home/airflow/.local/lib/python3.8/site-packages/airflow/example_dags/plugins/decreasing_priority_weight_strategy.py
[2024-06-04T00:19:00.528+0000] {processor.py:830} INFO - Processing file /home/airflow/.local/lib/python3.8/site-packages/airflow/example_dags/plugins/decreasing_priority_weight_strategy.py for tasks to queue
[2024-06-04T00:19:00.531+0000] {logging_mixin.py:188} INFO - [2024-06-04T00:19:00.530+0000] {dagbag.py:545} INFO - Filling up the DagBag from /home/airflow/.local/lib/python3.8/site-packages/airflow/example_dags/plugins/decreasing_priority_weight_strategy.py
[2024-06-04T00:19:00.533+0000] {processor.py:842} WARNING - No viable dags retrieved from /home/airflow/.local/lib/python3.8/site-packages/airflow/example_dags/plugins/decreasing_priority_weight_strategy.py
[2024-06-04T00:19:00.555+0000] {processor.py:183} INFO - Processing /home/airflow/.local/lib/python3.8/site-packages/airflow/example_dags/plugins/decreasing_priority_weight_strategy.py took 0.036 seconds
[2024-06-04T00:19:31.333+0000] {processor.py:161} INFO - Started process (PID=11080) to work on /home/airflow/.local/lib/python3.8/site-packages/airflow/example_dags/plugins/decreasing_priority_weight_strategy.py
[2024-06-04T00:19:31.335+0000] {processor.py:830} INFO - Processing file /home/airflow/.local/lib/python3.8/site-packages/airflow/example_dags/plugins/decreasing_priority_weight_strategy.py for tasks to queue
[2024-06-04T00:19:31.339+0000] {logging_mixin.py:188} INFO - [2024-06-04T00:19:31.338+0000] {dagbag.py:545} INFO - Filling up the DagBag from /home/airflow/.local/lib/python3.8/site-packages/airflow/example_dags/plugins/decreasing_priority_weight_strategy.py
[2024-06-04T00:19:31.342+0000] {processor.py:842} WARNING - No viable dags retrieved from /home/airflow/.local/lib/python3.8/site-packages/airflow/example_dags/plugins/decreasing_priority_weight_strategy.py
[2024-06-04T00:19:31.365+0000] {processor.py:183} INFO - Processing /home/airflow/.local/lib/python3.8/site-packages/airflow/example_dags/plugins/decreasing_priority_weight_strategy.py took 0.040 seconds
[2024-06-04T00:20:01.928+0000] {processor.py:161} INFO - Started process (PID=11151) to work on /home/airflow/.local/lib/python3.8/site-packages/airflow/example_dags/plugins/decreasing_priority_weight_strategy.py
[2024-06-04T00:20:01.929+0000] {processor.py:830} INFO - Processing file /home/airflow/.local/lib/python3.8/site-packages/airflow/example_dags/plugins/decreasing_priority_weight_strategy.py for tasks to queue
[2024-06-04T00:20:01.931+0000] {logging_mixin.py:188} INFO - [2024-06-04T00:20:01.931+0000] {dagbag.py:545} INFO - Filling up the DagBag from /home/airflow/.local/lib/python3.8/site-packages/airflow/example_dags/plugins/decreasing_priority_weight_strategy.py
[2024-06-04T00:20:01.933+0000] {processor.py:842} WARNING - No viable dags retrieved from /home/airflow/.local/lib/python3.8/site-packages/airflow/example_dags/plugins/decreasing_priority_weight_strategy.py
[2024-06-04T00:20:01.948+0000] {processor.py:183} INFO - Processing /home/airflow/.local/lib/python3.8/site-packages/airflow/example_dags/plugins/decreasing_priority_weight_strategy.py took 0.027 seconds
[2024-06-04T00:20:32.087+0000] {processor.py:161} INFO - Started process (PID=11223) to work on /home/airflow/.local/lib/python3.8/site-packages/airflow/example_dags/plugins/decreasing_priority_weight_strategy.py
[2024-06-04T00:20:32.088+0000] {processor.py:830} INFO - Processing file /home/airflow/.local/lib/python3.8/site-packages/airflow/example_dags/plugins/decreasing_priority_weight_strategy.py for tasks to queue
[2024-06-04T00:20:32.090+0000] {logging_mixin.py:188} INFO - [2024-06-04T00:20:32.089+0000] {dagbag.py:545} INFO - Filling up the DagBag from /home/airflow/.local/lib/python3.8/site-packages/airflow/example_dags/plugins/decreasing_priority_weight_strategy.py
[2024-06-04T00:20:32.093+0000] {processor.py:842} WARNING - No viable dags retrieved from /home/airflow/.local/lib/python3.8/site-packages/airflow/example_dags/plugins/decreasing_priority_weight_strategy.py
[2024-06-04T00:20:32.106+0000] {processor.py:183} INFO - Processing /home/airflow/.local/lib/python3.8/site-packages/airflow/example_dags/plugins/decreasing_priority_weight_strategy.py took 0.026 seconds
[2024-06-04T00:21:02.328+0000] {processor.py:161} INFO - Started process (PID=11302) to work on /home/airflow/.local/lib/python3.8/site-packages/airflow/example_dags/plugins/decreasing_priority_weight_strategy.py
[2024-06-04T00:21:02.330+0000] {processor.py:830} INFO - Processing file /home/airflow/.local/lib/python3.8/site-packages/airflow/example_dags/plugins/decreasing_priority_weight_strategy.py for tasks to queue
[2024-06-04T00:21:02.332+0000] {logging_mixin.py:188} INFO - [2024-06-04T00:21:02.332+0000] {dagbag.py:545} INFO - Filling up the DagBag from /home/airflow/.local/lib/python3.8/site-packages/airflow/example_dags/plugins/decreasing_priority_weight_strategy.py
[2024-06-04T00:21:02.335+0000] {processor.py:842} WARNING - No viable dags retrieved from /home/airflow/.local/lib/python3.8/site-packages/airflow/example_dags/plugins/decreasing_priority_weight_strategy.py
[2024-06-04T00:21:02.358+0000] {processor.py:183} INFO - Processing /home/airflow/.local/lib/python3.8/site-packages/airflow/example_dags/plugins/decreasing_priority_weight_strategy.py took 0.041 seconds
[2024-06-04T00:21:32.865+0000] {processor.py:161} INFO - Started process (PID=11375) to work on /home/airflow/.local/lib/python3.8/site-packages/airflow/example_dags/plugins/decreasing_priority_weight_strategy.py
[2024-06-04T00:21:32.866+0000] {processor.py:830} INFO - Processing file /home/airflow/.local/lib/python3.8/site-packages/airflow/example_dags/plugins/decreasing_priority_weight_strategy.py for tasks to queue
[2024-06-04T00:21:32.869+0000] {logging_mixin.py:188} INFO - [2024-06-04T00:21:32.868+0000] {dagbag.py:545} INFO - Filling up the DagBag from /home/airflow/.local/lib/python3.8/site-packages/airflow/example_dags/plugins/decreasing_priority_weight_strategy.py
[2024-06-04T00:21:32.871+0000] {processor.py:842} WARNING - No viable dags retrieved from /home/airflow/.local/lib/python3.8/site-packages/airflow/example_dags/plugins/decreasing_priority_weight_strategy.py
[2024-06-04T00:21:32.889+0000] {processor.py:183} INFO - Processing /home/airflow/.local/lib/python3.8/site-packages/airflow/example_dags/plugins/decreasing_priority_weight_strategy.py took 0.030 seconds
[2024-06-04T00:22:03.122+0000] {processor.py:161} INFO - Started process (PID=11446) to work on /home/airflow/.local/lib/python3.8/site-packages/airflow/example_dags/plugins/decreasing_priority_weight_strategy.py
[2024-06-04T00:22:03.124+0000] {processor.py:830} INFO - Processing file /home/airflow/.local/lib/python3.8/site-packages/airflow/example_dags/plugins/decreasing_priority_weight_strategy.py for tasks to queue
[2024-06-04T00:22:03.126+0000] {logging_mixin.py:188} INFO - [2024-06-04T00:22:03.126+0000] {dagbag.py:545} INFO - Filling up the DagBag from /home/airflow/.local/lib/python3.8/site-packages/airflow/example_dags/plugins/decreasing_priority_weight_strategy.py
[2024-06-04T00:22:03.128+0000] {processor.py:842} WARNING - No viable dags retrieved from /home/airflow/.local/lib/python3.8/site-packages/airflow/example_dags/plugins/decreasing_priority_weight_strategy.py
[2024-06-04T00:22:03.148+0000] {processor.py:183} INFO - Processing /home/airflow/.local/lib/python3.8/site-packages/airflow/example_dags/plugins/decreasing_priority_weight_strategy.py took 0.032 seconds
[2024-06-04T00:22:33.974+0000] {processor.py:161} INFO - Started process (PID=11525) to work on /home/airflow/.local/lib/python3.8/site-packages/airflow/example_dags/plugins/decreasing_priority_weight_strategy.py
[2024-06-04T00:22:33.975+0000] {processor.py:830} INFO - Processing file /home/airflow/.local/lib/python3.8/site-packages/airflow/example_dags/plugins/decreasing_priority_weight_strategy.py for tasks to queue
[2024-06-04T00:22:33.978+0000] {logging_mixin.py:188} INFO - [2024-06-04T00:22:33.978+0000] {dagbag.py:545} INFO - Filling up the DagBag from /home/airflow/.local/lib/python3.8/site-packages/airflow/example_dags/plugins/decreasing_priority_weight_strategy.py
[2024-06-04T00:22:33.980+0000] {processor.py:842} WARNING - No viable dags retrieved from /home/airflow/.local/lib/python3.8/site-packages/airflow/example_dags/plugins/decreasing_priority_weight_strategy.py
[2024-06-04T00:22:33.998+0000] {processor.py:183} INFO - Processing /home/airflow/.local/lib/python3.8/site-packages/airflow/example_dags/plugins/decreasing_priority_weight_strategy.py took 0.032 seconds
[2024-06-04T00:23:04.491+0000] {processor.py:161} INFO - Started process (PID=11597) to work on /home/airflow/.local/lib/python3.8/site-packages/airflow/example_dags/plugins/decreasing_priority_weight_strategy.py
[2024-06-04T00:23:04.493+0000] {processor.py:830} INFO - Processing file /home/airflow/.local/lib/python3.8/site-packages/airflow/example_dags/plugins/decreasing_priority_weight_strategy.py for tasks to queue
[2024-06-04T00:23:04.495+0000] {logging_mixin.py:188} INFO - [2024-06-04T00:23:04.495+0000] {dagbag.py:545} INFO - Filling up the DagBag from /home/airflow/.local/lib/python3.8/site-packages/airflow/example_dags/plugins/decreasing_priority_weight_strategy.py
[2024-06-04T00:23:04.498+0000] {processor.py:842} WARNING - No viable dags retrieved from /home/airflow/.local/lib/python3.8/site-packages/airflow/example_dags/plugins/decreasing_priority_weight_strategy.py
[2024-06-04T00:23:04.517+0000] {processor.py:183} INFO - Processing /home/airflow/.local/lib/python3.8/site-packages/airflow/example_dags/plugins/decreasing_priority_weight_strategy.py took 0.031 seconds
[2024-06-04T00:23:34.712+0000] {processor.py:161} INFO - Started process (PID=11669) to work on /home/airflow/.local/lib/python3.8/site-packages/airflow/example_dags/plugins/decreasing_priority_weight_strategy.py
[2024-06-04T00:23:34.714+0000] {processor.py:830} INFO - Processing file /home/airflow/.local/lib/python3.8/site-packages/airflow/example_dags/plugins/decreasing_priority_weight_strategy.py for tasks to queue
[2024-06-04T00:23:34.717+0000] {logging_mixin.py:188} INFO - [2024-06-04T00:23:34.717+0000] {dagbag.py:545} INFO - Filling up the DagBag from /home/airflow/.local/lib/python3.8/site-packages/airflow/example_dags/plugins/decreasing_priority_weight_strategy.py
[2024-06-04T00:23:34.720+0000] {processor.py:842} WARNING - No viable dags retrieved from /home/airflow/.local/lib/python3.8/site-packages/airflow/example_dags/plugins/decreasing_priority_weight_strategy.py
[2024-06-04T00:23:34.738+0000] {processor.py:183} INFO - Processing /home/airflow/.local/lib/python3.8/site-packages/airflow/example_dags/plugins/decreasing_priority_weight_strategy.py took 0.034 seconds
[2024-06-04T00:24:05.469+0000] {processor.py:161} INFO - Started process (PID=11749) to work on /home/airflow/.local/lib/python3.8/site-packages/airflow/example_dags/plugins/decreasing_priority_weight_strategy.py
[2024-06-04T00:24:05.471+0000] {processor.py:830} INFO - Processing file /home/airflow/.local/lib/python3.8/site-packages/airflow/example_dags/plugins/decreasing_priority_weight_strategy.py for tasks to queue
[2024-06-04T00:24:05.476+0000] {logging_mixin.py:188} INFO - [2024-06-04T00:24:05.476+0000] {dagbag.py:545} INFO - Filling up the DagBag from /home/airflow/.local/lib/python3.8/site-packages/airflow/example_dags/plugins/decreasing_priority_weight_strategy.py
[2024-06-04T00:24:05.479+0000] {processor.py:842} WARNING - No viable dags retrieved from /home/airflow/.local/lib/python3.8/site-packages/airflow/example_dags/plugins/decreasing_priority_weight_strategy.py
[2024-06-04T00:24:05.529+0000] {processor.py:183} INFO - Processing /home/airflow/.local/lib/python3.8/site-packages/airflow/example_dags/plugins/decreasing_priority_weight_strategy.py took 0.072 seconds
[2024-06-04T00:24:35.938+0000] {processor.py:161} INFO - Started process (PID=11821) to work on /home/airflow/.local/lib/python3.8/site-packages/airflow/example_dags/plugins/decreasing_priority_weight_strategy.py
[2024-06-04T00:24:35.940+0000] {processor.py:830} INFO - Processing file /home/airflow/.local/lib/python3.8/site-packages/airflow/example_dags/plugins/decreasing_priority_weight_strategy.py for tasks to queue
[2024-06-04T00:24:35.943+0000] {logging_mixin.py:188} INFO - [2024-06-04T00:24:35.943+0000] {dagbag.py:545} INFO - Filling up the DagBag from /home/airflow/.local/lib/python3.8/site-packages/airflow/example_dags/plugins/decreasing_priority_weight_strategy.py
[2024-06-04T00:24:35.947+0000] {processor.py:842} WARNING - No viable dags retrieved from /home/airflow/.local/lib/python3.8/site-packages/airflow/example_dags/plugins/decreasing_priority_weight_strategy.py
[2024-06-04T00:24:35.965+0000] {processor.py:183} INFO - Processing /home/airflow/.local/lib/python3.8/site-packages/airflow/example_dags/plugins/decreasing_priority_weight_strategy.py took 0.034 seconds
[2024-06-04T00:25:07.077+0000] {processor.py:161} INFO - Started process (PID=11893) to work on /home/airflow/.local/lib/python3.8/site-packages/airflow/example_dags/plugins/decreasing_priority_weight_strategy.py
[2024-06-04T00:25:07.079+0000] {processor.py:830} INFO - Processing file /home/airflow/.local/lib/python3.8/site-packages/airflow/example_dags/plugins/decreasing_priority_weight_strategy.py for tasks to queue
[2024-06-04T00:25:07.081+0000] {logging_mixin.py:188} INFO - [2024-06-04T00:25:07.081+0000] {dagbag.py:545} INFO - Filling up the DagBag from /home/airflow/.local/lib/python3.8/site-packages/airflow/example_dags/plugins/decreasing_priority_weight_strategy.py
[2024-06-04T00:25:07.084+0000] {processor.py:842} WARNING - No viable dags retrieved from /home/airflow/.local/lib/python3.8/site-packages/airflow/example_dags/plugins/decreasing_priority_weight_strategy.py
[2024-06-04T00:25:07.099+0000] {processor.py:183} INFO - Processing /home/airflow/.local/lib/python3.8/site-packages/airflow/example_dags/plugins/decreasing_priority_weight_strategy.py took 0.028 seconds
[2024-06-04T00:25:38.685+0000] {processor.py:161} INFO - Started process (PID=11974) to work on /home/airflow/.local/lib/python3.8/site-packages/airflow/example_dags/plugins/decreasing_priority_weight_strategy.py
[2024-06-04T00:25:38.686+0000] {processor.py:830} INFO - Processing file /home/airflow/.local/lib/python3.8/site-packages/airflow/example_dags/plugins/decreasing_priority_weight_strategy.py for tasks to queue
[2024-06-04T00:25:38.688+0000] {logging_mixin.py:188} INFO - [2024-06-04T00:25:38.688+0000] {dagbag.py:545} INFO - Filling up the DagBag from /home/airflow/.local/lib/python3.8/site-packages/airflow/example_dags/plugins/decreasing_priority_weight_strategy.py
[2024-06-04T00:25:38.691+0000] {processor.py:842} WARNING - No viable dags retrieved from /home/airflow/.local/lib/python3.8/site-packages/airflow/example_dags/plugins/decreasing_priority_weight_strategy.py
[2024-06-04T00:25:38.706+0000] {processor.py:183} INFO - Processing /home/airflow/.local/lib/python3.8/site-packages/airflow/example_dags/plugins/decreasing_priority_weight_strategy.py took 0.028 seconds
[2024-06-04T00:26:09.508+0000] {processor.py:161} INFO - Started process (PID=12046) to work on /home/airflow/.local/lib/python3.8/site-packages/airflow/example_dags/plugins/decreasing_priority_weight_strategy.py
[2024-06-04T00:26:09.510+0000] {processor.py:830} INFO - Processing file /home/airflow/.local/lib/python3.8/site-packages/airflow/example_dags/plugins/decreasing_priority_weight_strategy.py for tasks to queue
[2024-06-04T00:26:09.513+0000] {logging_mixin.py:188} INFO - [2024-06-04T00:26:09.513+0000] {dagbag.py:545} INFO - Filling up the DagBag from /home/airflow/.local/lib/python3.8/site-packages/airflow/example_dags/plugins/decreasing_priority_weight_strategy.py
[2024-06-04T00:26:09.516+0000] {processor.py:842} WARNING - No viable dags retrieved from /home/airflow/.local/lib/python3.8/site-packages/airflow/example_dags/plugins/decreasing_priority_weight_strategy.py
[2024-06-04T00:26:09.536+0000] {processor.py:183} INFO - Processing /home/airflow/.local/lib/python3.8/site-packages/airflow/example_dags/plugins/decreasing_priority_weight_strategy.py took 0.036 seconds
[2024-06-04T00:26:40.244+0000] {processor.py:161} INFO - Started process (PID=12118) to work on /home/airflow/.local/lib/python3.8/site-packages/airflow/example_dags/plugins/decreasing_priority_weight_strategy.py
[2024-06-04T00:26:40.245+0000] {processor.py:830} INFO - Processing file /home/airflow/.local/lib/python3.8/site-packages/airflow/example_dags/plugins/decreasing_priority_weight_strategy.py for tasks to queue
[2024-06-04T00:26:40.247+0000] {logging_mixin.py:188} INFO - [2024-06-04T00:26:40.247+0000] {dagbag.py:545} INFO - Filling up the DagBag from /home/airflow/.local/lib/python3.8/site-packages/airflow/example_dags/plugins/decreasing_priority_weight_strategy.py
[2024-06-04T00:26:40.250+0000] {processor.py:842} WARNING - No viable dags retrieved from /home/airflow/.local/lib/python3.8/site-packages/airflow/example_dags/plugins/decreasing_priority_weight_strategy.py
[2024-06-04T00:26:40.265+0000] {processor.py:183} INFO - Processing /home/airflow/.local/lib/python3.8/site-packages/airflow/example_dags/plugins/decreasing_priority_weight_strategy.py took 0.030 seconds
[2024-06-04T00:27:10.599+0000] {processor.py:161} INFO - Started process (PID=12197) to work on /home/airflow/.local/lib/python3.8/site-packages/airflow/example_dags/plugins/decreasing_priority_weight_strategy.py
[2024-06-04T00:27:10.601+0000] {processor.py:830} INFO - Processing file /home/airflow/.local/lib/python3.8/site-packages/airflow/example_dags/plugins/decreasing_priority_weight_strategy.py for tasks to queue
[2024-06-04T00:27:10.604+0000] {logging_mixin.py:188} INFO - [2024-06-04T00:27:10.603+0000] {dagbag.py:545} INFO - Filling up the DagBag from /home/airflow/.local/lib/python3.8/site-packages/airflow/example_dags/plugins/decreasing_priority_weight_strategy.py
[2024-06-04T00:27:10.607+0000] {processor.py:842} WARNING - No viable dags retrieved from /home/airflow/.local/lib/python3.8/site-packages/airflow/example_dags/plugins/decreasing_priority_weight_strategy.py
[2024-06-04T00:27:10.627+0000] {processor.py:183} INFO - Processing /home/airflow/.local/lib/python3.8/site-packages/airflow/example_dags/plugins/decreasing_priority_weight_strategy.py took 0.035 seconds
[2024-06-04T00:27:40.985+0000] {processor.py:161} INFO - Started process (PID=12268) to work on /home/airflow/.local/lib/python3.8/site-packages/airflow/example_dags/plugins/decreasing_priority_weight_strategy.py
[2024-06-04T00:27:40.986+0000] {processor.py:830} INFO - Processing file /home/airflow/.local/lib/python3.8/site-packages/airflow/example_dags/plugins/decreasing_priority_weight_strategy.py for tasks to queue
[2024-06-04T00:27:40.989+0000] {logging_mixin.py:188} INFO - [2024-06-04T00:27:40.989+0000] {dagbag.py:545} INFO - Filling up the DagBag from /home/airflow/.local/lib/python3.8/site-packages/airflow/example_dags/plugins/decreasing_priority_weight_strategy.py
[2024-06-04T00:27:40.992+0000] {processor.py:842} WARNING - No viable dags retrieved from /home/airflow/.local/lib/python3.8/site-packages/airflow/example_dags/plugins/decreasing_priority_weight_strategy.py
[2024-06-04T00:27:41.008+0000] {processor.py:183} INFO - Processing /home/airflow/.local/lib/python3.8/site-packages/airflow/example_dags/plugins/decreasing_priority_weight_strategy.py took 0.029 seconds
[2024-06-04T00:28:11.178+0000] {processor.py:161} INFO - Started process (PID=12347) to work on /home/airflow/.local/lib/python3.8/site-packages/airflow/example_dags/plugins/decreasing_priority_weight_strategy.py
[2024-06-04T00:28:11.179+0000] {processor.py:830} INFO - Processing file /home/airflow/.local/lib/python3.8/site-packages/airflow/example_dags/plugins/decreasing_priority_weight_strategy.py for tasks to queue
[2024-06-04T00:28:11.182+0000] {logging_mixin.py:188} INFO - [2024-06-04T00:28:11.181+0000] {dagbag.py:545} INFO - Filling up the DagBag from /home/airflow/.local/lib/python3.8/site-packages/airflow/example_dags/plugins/decreasing_priority_weight_strategy.py
[2024-06-04T00:28:11.185+0000] {processor.py:842} WARNING - No viable dags retrieved from /home/airflow/.local/lib/python3.8/site-packages/airflow/example_dags/plugins/decreasing_priority_weight_strategy.py
[2024-06-04T00:28:11.201+0000] {processor.py:183} INFO - Processing /home/airflow/.local/lib/python3.8/site-packages/airflow/example_dags/plugins/decreasing_priority_weight_strategy.py took 0.030 seconds
[2024-06-04T00:28:41.497+0000] {processor.py:161} INFO - Started process (PID=12420) to work on /home/airflow/.local/lib/python3.8/site-packages/airflow/example_dags/plugins/decreasing_priority_weight_strategy.py
[2024-06-04T00:28:41.498+0000] {processor.py:830} INFO - Processing file /home/airflow/.local/lib/python3.8/site-packages/airflow/example_dags/plugins/decreasing_priority_weight_strategy.py for tasks to queue
[2024-06-04T00:28:41.501+0000] {logging_mixin.py:188} INFO - [2024-06-04T00:28:41.501+0000] {dagbag.py:545} INFO - Filling up the DagBag from /home/airflow/.local/lib/python3.8/site-packages/airflow/example_dags/plugins/decreasing_priority_weight_strategy.py
[2024-06-04T00:28:41.504+0000] {processor.py:842} WARNING - No viable dags retrieved from /home/airflow/.local/lib/python3.8/site-packages/airflow/example_dags/plugins/decreasing_priority_weight_strategy.py
[2024-06-04T00:28:41.526+0000] {processor.py:183} INFO - Processing /home/airflow/.local/lib/python3.8/site-packages/airflow/example_dags/plugins/decreasing_priority_weight_strategy.py took 0.035 seconds
[2024-06-04T00:29:12.063+0000] {processor.py:161} INFO - Started process (PID=12492) to work on /home/airflow/.local/lib/python3.8/site-packages/airflow/example_dags/plugins/decreasing_priority_weight_strategy.py
[2024-06-04T00:29:12.065+0000] {processor.py:830} INFO - Processing file /home/airflow/.local/lib/python3.8/site-packages/airflow/example_dags/plugins/decreasing_priority_weight_strategy.py for tasks to queue
[2024-06-04T00:29:12.067+0000] {logging_mixin.py:188} INFO - [2024-06-04T00:29:12.067+0000] {dagbag.py:545} INFO - Filling up the DagBag from /home/airflow/.local/lib/python3.8/site-packages/airflow/example_dags/plugins/decreasing_priority_weight_strategy.py
[2024-06-04T00:29:12.070+0000] {processor.py:842} WARNING - No viable dags retrieved from /home/airflow/.local/lib/python3.8/site-packages/airflow/example_dags/plugins/decreasing_priority_weight_strategy.py
[2024-06-04T00:29:12.087+0000] {processor.py:183} INFO - Processing /home/airflow/.local/lib/python3.8/site-packages/airflow/example_dags/plugins/decreasing_priority_weight_strategy.py took 0.031 seconds
[2024-06-04T00:29:42.536+0000] {processor.py:161} INFO - Started process (PID=12572) to work on /home/airflow/.local/lib/python3.8/site-packages/airflow/example_dags/plugins/decreasing_priority_weight_strategy.py
[2024-06-04T00:29:42.540+0000] {processor.py:830} INFO - Processing file /home/airflow/.local/lib/python3.8/site-packages/airflow/example_dags/plugins/decreasing_priority_weight_strategy.py for tasks to queue
[2024-06-04T00:29:42.557+0000] {logging_mixin.py:188} INFO - [2024-06-04T00:29:42.555+0000] {dagbag.py:545} INFO - Filling up the DagBag from /home/airflow/.local/lib/python3.8/site-packages/airflow/example_dags/plugins/decreasing_priority_weight_strategy.py
[2024-06-04T00:29:42.560+0000] {processor.py:842} WARNING - No viable dags retrieved from /home/airflow/.local/lib/python3.8/site-packages/airflow/example_dags/plugins/decreasing_priority_weight_strategy.py
[2024-06-04T00:29:42.594+0000] {processor.py:183} INFO - Processing /home/airflow/.local/lib/python3.8/site-packages/airflow/example_dags/plugins/decreasing_priority_weight_strategy.py took 0.066 seconds
[2024-06-04T00:30:12.914+0000] {processor.py:161} INFO - Started process (PID=12644) to work on /home/airflow/.local/lib/python3.8/site-packages/airflow/example_dags/plugins/decreasing_priority_weight_strategy.py
[2024-06-04T00:30:12.916+0000] {processor.py:830} INFO - Processing file /home/airflow/.local/lib/python3.8/site-packages/airflow/example_dags/plugins/decreasing_priority_weight_strategy.py for tasks to queue
[2024-06-04T00:30:12.918+0000] {logging_mixin.py:188} INFO - [2024-06-04T00:30:12.918+0000] {dagbag.py:545} INFO - Filling up the DagBag from /home/airflow/.local/lib/python3.8/site-packages/airflow/example_dags/plugins/decreasing_priority_weight_strategy.py
[2024-06-04T00:30:12.921+0000] {processor.py:842} WARNING - No viable dags retrieved from /home/airflow/.local/lib/python3.8/site-packages/airflow/example_dags/plugins/decreasing_priority_weight_strategy.py
[2024-06-04T00:30:12.938+0000] {processor.py:183} INFO - Processing /home/airflow/.local/lib/python3.8/site-packages/airflow/example_dags/plugins/decreasing_priority_weight_strategy.py took 0.031 seconds
[2024-06-04T00:30:43.195+0000] {processor.py:161} INFO - Started process (PID=12716) to work on /home/airflow/.local/lib/python3.8/site-packages/airflow/example_dags/plugins/decreasing_priority_weight_strategy.py
[2024-06-04T00:30:43.197+0000] {processor.py:830} INFO - Processing file /home/airflow/.local/lib/python3.8/site-packages/airflow/example_dags/plugins/decreasing_priority_weight_strategy.py for tasks to queue
[2024-06-04T00:30:43.200+0000] {logging_mixin.py:188} INFO - [2024-06-04T00:30:43.200+0000] {dagbag.py:545} INFO - Filling up the DagBag from /home/airflow/.local/lib/python3.8/site-packages/airflow/example_dags/plugins/decreasing_priority_weight_strategy.py
[2024-06-04T00:30:43.203+0000] {processor.py:842} WARNING - No viable dags retrieved from /home/airflow/.local/lib/python3.8/site-packages/airflow/example_dags/plugins/decreasing_priority_weight_strategy.py
[2024-06-04T00:30:43.222+0000] {processor.py:183} INFO - Processing /home/airflow/.local/lib/python3.8/site-packages/airflow/example_dags/plugins/decreasing_priority_weight_strategy.py took 0.035 seconds
[2024-06-04T00:31:13.569+0000] {processor.py:161} INFO - Started process (PID=12796) to work on /home/airflow/.local/lib/python3.8/site-packages/airflow/example_dags/plugins/decreasing_priority_weight_strategy.py
[2024-06-04T00:31:13.570+0000] {processor.py:830} INFO - Processing file /home/airflow/.local/lib/python3.8/site-packages/airflow/example_dags/plugins/decreasing_priority_weight_strategy.py for tasks to queue
[2024-06-04T00:31:13.573+0000] {logging_mixin.py:188} INFO - [2024-06-04T00:31:13.572+0000] {dagbag.py:545} INFO - Filling up the DagBag from /home/airflow/.local/lib/python3.8/site-packages/airflow/example_dags/plugins/decreasing_priority_weight_strategy.py
[2024-06-04T00:31:13.575+0000] {processor.py:842} WARNING - No viable dags retrieved from /home/airflow/.local/lib/python3.8/site-packages/airflow/example_dags/plugins/decreasing_priority_weight_strategy.py
[2024-06-04T00:31:13.589+0000] {processor.py:183} INFO - Processing /home/airflow/.local/lib/python3.8/site-packages/airflow/example_dags/plugins/decreasing_priority_weight_strategy.py took 0.029 seconds
[2024-06-04T00:31:44.215+0000] {processor.py:161} INFO - Started process (PID=12869) to work on /home/airflow/.local/lib/python3.8/site-packages/airflow/example_dags/plugins/decreasing_priority_weight_strategy.py
[2024-06-04T00:31:44.216+0000] {processor.py:830} INFO - Processing file /home/airflow/.local/lib/python3.8/site-packages/airflow/example_dags/plugins/decreasing_priority_weight_strategy.py for tasks to queue
[2024-06-04T00:31:44.218+0000] {logging_mixin.py:188} INFO - [2024-06-04T00:31:44.218+0000] {dagbag.py:545} INFO - Filling up the DagBag from /home/airflow/.local/lib/python3.8/site-packages/airflow/example_dags/plugins/decreasing_priority_weight_strategy.py
[2024-06-04T00:31:44.220+0000] {processor.py:842} WARNING - No viable dags retrieved from /home/airflow/.local/lib/python3.8/site-packages/airflow/example_dags/plugins/decreasing_priority_weight_strategy.py
[2024-06-04T00:31:44.237+0000] {processor.py:183} INFO - Processing /home/airflow/.local/lib/python3.8/site-packages/airflow/example_dags/plugins/decreasing_priority_weight_strategy.py took 0.029 seconds
[2024-06-04T00:32:14.327+0000] {processor.py:161} INFO - Started process (PID=12940) to work on /home/airflow/.local/lib/python3.8/site-packages/airflow/example_dags/plugins/decreasing_priority_weight_strategy.py
[2024-06-04T00:32:14.329+0000] {processor.py:830} INFO - Processing file /home/airflow/.local/lib/python3.8/site-packages/airflow/example_dags/plugins/decreasing_priority_weight_strategy.py for tasks to queue
[2024-06-04T00:32:14.331+0000] {logging_mixin.py:188} INFO - [2024-06-04T00:32:14.331+0000] {dagbag.py:545} INFO - Filling up the DagBag from /home/airflow/.local/lib/python3.8/site-packages/airflow/example_dags/plugins/decreasing_priority_weight_strategy.py
[2024-06-04T00:32:14.334+0000] {processor.py:842} WARNING - No viable dags retrieved from /home/airflow/.local/lib/python3.8/site-packages/airflow/example_dags/plugins/decreasing_priority_weight_strategy.py
[2024-06-04T00:32:14.348+0000] {processor.py:183} INFO - Processing /home/airflow/.local/lib/python3.8/site-packages/airflow/example_dags/plugins/decreasing_priority_weight_strategy.py took 0.027 seconds
[2024-06-04T00:32:45.254+0000] {processor.py:161} INFO - Started process (PID=13021) to work on /home/airflow/.local/lib/python3.8/site-packages/airflow/example_dags/plugins/decreasing_priority_weight_strategy.py
[2024-06-04T00:32:45.256+0000] {processor.py:830} INFO - Processing file /home/airflow/.local/lib/python3.8/site-packages/airflow/example_dags/plugins/decreasing_priority_weight_strategy.py for tasks to queue
[2024-06-04T00:32:45.258+0000] {logging_mixin.py:188} INFO - [2024-06-04T00:32:45.258+0000] {dagbag.py:545} INFO - Filling up the DagBag from /home/airflow/.local/lib/python3.8/site-packages/airflow/example_dags/plugins/decreasing_priority_weight_strategy.py
[2024-06-04T00:32:45.260+0000] {processor.py:842} WARNING - No viable dags retrieved from /home/airflow/.local/lib/python3.8/site-packages/airflow/example_dags/plugins/decreasing_priority_weight_strategy.py
[2024-06-04T00:32:45.276+0000] {processor.py:183} INFO - Processing /home/airflow/.local/lib/python3.8/site-packages/airflow/example_dags/plugins/decreasing_priority_weight_strategy.py took 0.028 seconds
[2024-06-04T00:33:15.715+0000] {processor.py:161} INFO - Started process (PID=13093) to work on /home/airflow/.local/lib/python3.8/site-packages/airflow/example_dags/plugins/decreasing_priority_weight_strategy.py
[2024-06-04T00:33:15.716+0000] {processor.py:830} INFO - Processing file /home/airflow/.local/lib/python3.8/site-packages/airflow/example_dags/plugins/decreasing_priority_weight_strategy.py for tasks to queue
[2024-06-04T00:33:15.719+0000] {logging_mixin.py:188} INFO - [2024-06-04T00:33:15.718+0000] {dagbag.py:545} INFO - Filling up the DagBag from /home/airflow/.local/lib/python3.8/site-packages/airflow/example_dags/plugins/decreasing_priority_weight_strategy.py
[2024-06-04T00:33:15.722+0000] {processor.py:842} WARNING - No viable dags retrieved from /home/airflow/.local/lib/python3.8/site-packages/airflow/example_dags/plugins/decreasing_priority_weight_strategy.py
[2024-06-04T00:33:15.736+0000] {processor.py:183} INFO - Processing /home/airflow/.local/lib/python3.8/site-packages/airflow/example_dags/plugins/decreasing_priority_weight_strategy.py took 0.031 seconds
[2024-06-04T00:33:46.164+0000] {processor.py:161} INFO - Started process (PID=13172) to work on /home/airflow/.local/lib/python3.8/site-packages/airflow/example_dags/plugins/decreasing_priority_weight_strategy.py
[2024-06-04T00:33:46.165+0000] {processor.py:830} INFO - Processing file /home/airflow/.local/lib/python3.8/site-packages/airflow/example_dags/plugins/decreasing_priority_weight_strategy.py for tasks to queue
[2024-06-04T00:33:46.167+0000] {logging_mixin.py:188} INFO - [2024-06-04T00:33:46.167+0000] {dagbag.py:545} INFO - Filling up the DagBag from /home/airflow/.local/lib/python3.8/site-packages/airflow/example_dags/plugins/decreasing_priority_weight_strategy.py
[2024-06-04T00:33:46.169+0000] {processor.py:842} WARNING - No viable dags retrieved from /home/airflow/.local/lib/python3.8/site-packages/airflow/example_dags/plugins/decreasing_priority_weight_strategy.py
[2024-06-04T00:33:46.186+0000] {processor.py:183} INFO - Processing /home/airflow/.local/lib/python3.8/site-packages/airflow/example_dags/plugins/decreasing_priority_weight_strategy.py took 0.030 seconds
[2024-06-04T00:34:16.445+0000] {processor.py:161} INFO - Started process (PID=13245) to work on /home/airflow/.local/lib/python3.8/site-packages/airflow/example_dags/plugins/decreasing_priority_weight_strategy.py
[2024-06-04T00:34:16.446+0000] {processor.py:830} INFO - Processing file /home/airflow/.local/lib/python3.8/site-packages/airflow/example_dags/plugins/decreasing_priority_weight_strategy.py for tasks to queue
[2024-06-04T00:34:16.448+0000] {logging_mixin.py:188} INFO - [2024-06-04T00:34:16.448+0000] {dagbag.py:545} INFO - Filling up the DagBag from /home/airflow/.local/lib/python3.8/site-packages/airflow/example_dags/plugins/decreasing_priority_weight_strategy.py
[2024-06-04T00:34:16.450+0000] {processor.py:842} WARNING - No viable dags retrieved from /home/airflow/.local/lib/python3.8/site-packages/airflow/example_dags/plugins/decreasing_priority_weight_strategy.py
[2024-06-04T00:34:16.467+0000] {processor.py:183} INFO - Processing /home/airflow/.local/lib/python3.8/site-packages/airflow/example_dags/plugins/decreasing_priority_weight_strategy.py took 0.028 seconds
[2024-06-04T00:34:46.908+0000] {processor.py:161} INFO - Started process (PID=13317) to work on /home/airflow/.local/lib/python3.8/site-packages/airflow/example_dags/plugins/decreasing_priority_weight_strategy.py
[2024-06-04T00:34:46.909+0000] {processor.py:830} INFO - Processing file /home/airflow/.local/lib/python3.8/site-packages/airflow/example_dags/plugins/decreasing_priority_weight_strategy.py for tasks to queue
[2024-06-04T00:34:46.912+0000] {logging_mixin.py:188} INFO - [2024-06-04T00:34:46.911+0000] {dagbag.py:545} INFO - Filling up the DagBag from /home/airflow/.local/lib/python3.8/site-packages/airflow/example_dags/plugins/decreasing_priority_weight_strategy.py
[2024-06-04T00:34:46.915+0000] {processor.py:842} WARNING - No viable dags retrieved from /home/airflow/.local/lib/python3.8/site-packages/airflow/example_dags/plugins/decreasing_priority_weight_strategy.py
[2024-06-04T00:34:46.932+0000] {processor.py:183} INFO - Processing /home/airflow/.local/lib/python3.8/site-packages/airflow/example_dags/plugins/decreasing_priority_weight_strategy.py took 0.031 seconds
[2024-06-04T00:35:21.680+0000] {processor.py:161} INFO - Started process (PID=13397) to work on /home/airflow/.local/lib/python3.8/site-packages/airflow/example_dags/plugins/decreasing_priority_weight_strategy.py
[2024-06-04T00:35:21.683+0000] {processor.py:830} INFO - Processing file /home/airflow/.local/lib/python3.8/site-packages/airflow/example_dags/plugins/decreasing_priority_weight_strategy.py for tasks to queue
[2024-06-04T00:35:21.705+0000] {logging_mixin.py:188} INFO - [2024-06-04T00:35:21.704+0000] {dagbag.py:545} INFO - Filling up the DagBag from /home/airflow/.local/lib/python3.8/site-packages/airflow/example_dags/plugins/decreasing_priority_weight_strategy.py
[2024-06-04T00:35:21.748+0000] {processor.py:842} WARNING - No viable dags retrieved from /home/airflow/.local/lib/python3.8/site-packages/airflow/example_dags/plugins/decreasing_priority_weight_strategy.py
[2024-06-04T00:35:21.778+0000] {processor.py:183} INFO - Processing /home/airflow/.local/lib/python3.8/site-packages/airflow/example_dags/plugins/decreasing_priority_weight_strategy.py took 0.113 seconds
[2024-06-04T00:59:06.942+0000] {processor.py:161} INFO - Started process (PID=13486) to work on /home/airflow/.local/lib/python3.8/site-packages/airflow/example_dags/plugins/decreasing_priority_weight_strategy.py
[2024-06-04T00:59:06.944+0000] {processor.py:830} INFO - Processing file /home/airflow/.local/lib/python3.8/site-packages/airflow/example_dags/plugins/decreasing_priority_weight_strategy.py for tasks to queue
[2024-06-04T00:59:06.946+0000] {logging_mixin.py:188} INFO - [2024-06-04T00:59:06.945+0000] {dagbag.py:545} INFO - Filling up the DagBag from /home/airflow/.local/lib/python3.8/site-packages/airflow/example_dags/plugins/decreasing_priority_weight_strategy.py
[2024-06-04T00:59:06.949+0000] {processor.py:842} WARNING - No viable dags retrieved from /home/airflow/.local/lib/python3.8/site-packages/airflow/example_dags/plugins/decreasing_priority_weight_strategy.py
[2024-06-04T00:59:06.963+0000] {processor.py:183} INFO - Processing /home/airflow/.local/lib/python3.8/site-packages/airflow/example_dags/plugins/decreasing_priority_weight_strategy.py took 0.028 seconds
[2024-06-04T00:59:37.486+0000] {processor.py:161} INFO - Started process (PID=13565) to work on /home/airflow/.local/lib/python3.8/site-packages/airflow/example_dags/plugins/decreasing_priority_weight_strategy.py
[2024-06-04T00:59:37.487+0000] {processor.py:830} INFO - Processing file /home/airflow/.local/lib/python3.8/site-packages/airflow/example_dags/plugins/decreasing_priority_weight_strategy.py for tasks to queue
[2024-06-04T00:59:37.490+0000] {logging_mixin.py:188} INFO - [2024-06-04T00:59:37.489+0000] {dagbag.py:545} INFO - Filling up the DagBag from /home/airflow/.local/lib/python3.8/site-packages/airflow/example_dags/plugins/decreasing_priority_weight_strategy.py
[2024-06-04T00:59:37.492+0000] {processor.py:842} WARNING - No viable dags retrieved from /home/airflow/.local/lib/python3.8/site-packages/airflow/example_dags/plugins/decreasing_priority_weight_strategy.py
[2024-06-04T00:59:37.509+0000] {processor.py:183} INFO - Processing /home/airflow/.local/lib/python3.8/site-packages/airflow/example_dags/plugins/decreasing_priority_weight_strategy.py took 0.033 seconds
[2024-06-04T01:00:10.118+0000] {processor.py:161} INFO - Started process (PID=13638) to work on /home/airflow/.local/lib/python3.8/site-packages/airflow/example_dags/plugins/decreasing_priority_weight_strategy.py
[2024-06-04T01:00:10.120+0000] {processor.py:830} INFO - Processing file /home/airflow/.local/lib/python3.8/site-packages/airflow/example_dags/plugins/decreasing_priority_weight_strategy.py for tasks to queue
[2024-06-04T01:00:10.122+0000] {logging_mixin.py:188} INFO - [2024-06-04T01:00:10.122+0000] {dagbag.py:545} INFO - Filling up the DagBag from /home/airflow/.local/lib/python3.8/site-packages/airflow/example_dags/plugins/decreasing_priority_weight_strategy.py
[2024-06-04T01:00:10.126+0000] {processor.py:842} WARNING - No viable dags retrieved from /home/airflow/.local/lib/python3.8/site-packages/airflow/example_dags/plugins/decreasing_priority_weight_strategy.py
[2024-06-04T01:00:10.152+0000] {processor.py:183} INFO - Processing /home/airflow/.local/lib/python3.8/site-packages/airflow/example_dags/plugins/decreasing_priority_weight_strategy.py took 0.045 seconds
[2024-06-04T01:00:40.644+0000] {processor.py:161} INFO - Started process (PID=13710) to work on /home/airflow/.local/lib/python3.8/site-packages/airflow/example_dags/plugins/decreasing_priority_weight_strategy.py
[2024-06-04T01:00:40.645+0000] {processor.py:830} INFO - Processing file /home/airflow/.local/lib/python3.8/site-packages/airflow/example_dags/plugins/decreasing_priority_weight_strategy.py for tasks to queue
[2024-06-04T01:00:40.647+0000] {logging_mixin.py:188} INFO - [2024-06-04T01:00:40.647+0000] {dagbag.py:545} INFO - Filling up the DagBag from /home/airflow/.local/lib/python3.8/site-packages/airflow/example_dags/plugins/decreasing_priority_weight_strategy.py
[2024-06-04T01:00:40.650+0000] {processor.py:842} WARNING - No viable dags retrieved from /home/airflow/.local/lib/python3.8/site-packages/airflow/example_dags/plugins/decreasing_priority_weight_strategy.py
[2024-06-04T01:00:40.666+0000] {processor.py:183} INFO - Processing /home/airflow/.local/lib/python3.8/site-packages/airflow/example_dags/plugins/decreasing_priority_weight_strategy.py took 0.029 seconds
[2024-06-04T01:01:12.014+0000] {processor.py:161} INFO - Started process (PID=13789) to work on /home/airflow/.local/lib/python3.8/site-packages/airflow/example_dags/plugins/decreasing_priority_weight_strategy.py
[2024-06-04T01:01:12.017+0000] {processor.py:830} INFO - Processing file /home/airflow/.local/lib/python3.8/site-packages/airflow/example_dags/plugins/decreasing_priority_weight_strategy.py for tasks to queue
[2024-06-04T01:01:12.019+0000] {logging_mixin.py:188} INFO - [2024-06-04T01:01:12.019+0000] {dagbag.py:545} INFO - Filling up the DagBag from /home/airflow/.local/lib/python3.8/site-packages/airflow/example_dags/plugins/decreasing_priority_weight_strategy.py
[2024-06-04T01:01:12.022+0000] {processor.py:842} WARNING - No viable dags retrieved from /home/airflow/.local/lib/python3.8/site-packages/airflow/example_dags/plugins/decreasing_priority_weight_strategy.py
[2024-06-04T01:01:12.046+0000] {processor.py:183} INFO - Processing /home/airflow/.local/lib/python3.8/site-packages/airflow/example_dags/plugins/decreasing_priority_weight_strategy.py took 0.040 seconds
[2024-06-04T01:01:42.921+0000] {processor.py:161} INFO - Started process (PID=13862) to work on /home/airflow/.local/lib/python3.8/site-packages/airflow/example_dags/plugins/decreasing_priority_weight_strategy.py
[2024-06-04T01:01:42.923+0000] {processor.py:830} INFO - Processing file /home/airflow/.local/lib/python3.8/site-packages/airflow/example_dags/plugins/decreasing_priority_weight_strategy.py for tasks to queue
[2024-06-04T01:01:42.927+0000] {logging_mixin.py:188} INFO - [2024-06-04T01:01:42.927+0000] {dagbag.py:545} INFO - Filling up the DagBag from /home/airflow/.local/lib/python3.8/site-packages/airflow/example_dags/plugins/decreasing_priority_weight_strategy.py
[2024-06-04T01:01:42.930+0000] {processor.py:842} WARNING - No viable dags retrieved from /home/airflow/.local/lib/python3.8/site-packages/airflow/example_dags/plugins/decreasing_priority_weight_strategy.py
[2024-06-04T01:01:42.951+0000] {processor.py:183} INFO - Processing /home/airflow/.local/lib/python3.8/site-packages/airflow/example_dags/plugins/decreasing_priority_weight_strategy.py took 0.037 seconds
[2024-06-04T01:02:13.320+0000] {processor.py:161} INFO - Started process (PID=13933) to work on /home/airflow/.local/lib/python3.8/site-packages/airflow/example_dags/plugins/decreasing_priority_weight_strategy.py
[2024-06-04T01:02:13.322+0000] {processor.py:830} INFO - Processing file /home/airflow/.local/lib/python3.8/site-packages/airflow/example_dags/plugins/decreasing_priority_weight_strategy.py for tasks to queue
[2024-06-04T01:02:13.325+0000] {logging_mixin.py:188} INFO - [2024-06-04T01:02:13.324+0000] {dagbag.py:545} INFO - Filling up the DagBag from /home/airflow/.local/lib/python3.8/site-packages/airflow/example_dags/plugins/decreasing_priority_weight_strategy.py
[2024-06-04T01:02:13.327+0000] {processor.py:842} WARNING - No viable dags retrieved from /home/airflow/.local/lib/python3.8/site-packages/airflow/example_dags/plugins/decreasing_priority_weight_strategy.py
[2024-06-04T01:02:13.346+0000] {processor.py:183} INFO - Processing /home/airflow/.local/lib/python3.8/site-packages/airflow/example_dags/plugins/decreasing_priority_weight_strategy.py took 0.034 seconds
[2024-06-04T01:02:45.177+0000] {processor.py:161} INFO - Started process (PID=14012) to work on /home/airflow/.local/lib/python3.8/site-packages/airflow/example_dags/plugins/decreasing_priority_weight_strategy.py
[2024-06-04T01:02:45.178+0000] {processor.py:830} INFO - Processing file /home/airflow/.local/lib/python3.8/site-packages/airflow/example_dags/plugins/decreasing_priority_weight_strategy.py for tasks to queue
[2024-06-04T01:02:45.180+0000] {logging_mixin.py:188} INFO - [2024-06-04T01:02:45.180+0000] {dagbag.py:545} INFO - Filling up the DagBag from /home/airflow/.local/lib/python3.8/site-packages/airflow/example_dags/plugins/decreasing_priority_weight_strategy.py
[2024-06-04T01:02:45.183+0000] {processor.py:842} WARNING - No viable dags retrieved from /home/airflow/.local/lib/python3.8/site-packages/airflow/example_dags/plugins/decreasing_priority_weight_strategy.py
[2024-06-04T01:02:45.200+0000] {processor.py:183} INFO - Processing /home/airflow/.local/lib/python3.8/site-packages/airflow/example_dags/plugins/decreasing_priority_weight_strategy.py took 0.032 seconds
[2024-06-04T01:03:15.578+0000] {processor.py:161} INFO - Started process (PID=14083) to work on /home/airflow/.local/lib/python3.8/site-packages/airflow/example_dags/plugins/decreasing_priority_weight_strategy.py
[2024-06-04T01:03:15.580+0000] {processor.py:830} INFO - Processing file /home/airflow/.local/lib/python3.8/site-packages/airflow/example_dags/plugins/decreasing_priority_weight_strategy.py for tasks to queue
[2024-06-04T01:03:15.583+0000] {logging_mixin.py:188} INFO - [2024-06-04T01:03:15.582+0000] {dagbag.py:545} INFO - Filling up the DagBag from /home/airflow/.local/lib/python3.8/site-packages/airflow/example_dags/plugins/decreasing_priority_weight_strategy.py
[2024-06-04T01:03:15.586+0000] {processor.py:842} WARNING - No viable dags retrieved from /home/airflow/.local/lib/python3.8/site-packages/airflow/example_dags/plugins/decreasing_priority_weight_strategy.py
[2024-06-04T01:03:15.605+0000] {processor.py:183} INFO - Processing /home/airflow/.local/lib/python3.8/site-packages/airflow/example_dags/plugins/decreasing_priority_weight_strategy.py took 0.034 seconds
[2024-06-04T01:03:46.442+0000] {processor.py:161} INFO - Started process (PID=14155) to work on /home/airflow/.local/lib/python3.8/site-packages/airflow/example_dags/plugins/decreasing_priority_weight_strategy.py
[2024-06-04T01:03:46.443+0000] {processor.py:830} INFO - Processing file /home/airflow/.local/lib/python3.8/site-packages/airflow/example_dags/plugins/decreasing_priority_weight_strategy.py for tasks to queue
[2024-06-04T01:03:46.445+0000] {logging_mixin.py:188} INFO - [2024-06-04T01:03:46.445+0000] {dagbag.py:545} INFO - Filling up the DagBag from /home/airflow/.local/lib/python3.8/site-packages/airflow/example_dags/plugins/decreasing_priority_weight_strategy.py
[2024-06-04T01:03:46.447+0000] {processor.py:842} WARNING - No viable dags retrieved from /home/airflow/.local/lib/python3.8/site-packages/airflow/example_dags/plugins/decreasing_priority_weight_strategy.py
[2024-06-04T01:03:46.467+0000] {processor.py:183} INFO - Processing /home/airflow/.local/lib/python3.8/site-packages/airflow/example_dags/plugins/decreasing_priority_weight_strategy.py took 0.031 seconds
[2024-06-04T01:04:17.995+0000] {processor.py:161} INFO - Started process (PID=14235) to work on /home/airflow/.local/lib/python3.8/site-packages/airflow/example_dags/plugins/decreasing_priority_weight_strategy.py
[2024-06-04T01:04:17.996+0000] {processor.py:830} INFO - Processing file /home/airflow/.local/lib/python3.8/site-packages/airflow/example_dags/plugins/decreasing_priority_weight_strategy.py for tasks to queue
[2024-06-04T01:04:17.998+0000] {logging_mixin.py:188} INFO - [2024-06-04T01:04:17.998+0000] {dagbag.py:545} INFO - Filling up the DagBag from /home/airflow/.local/lib/python3.8/site-packages/airflow/example_dags/plugins/decreasing_priority_weight_strategy.py
[2024-06-04T01:04:18.005+0000] {processor.py:842} WARNING - No viable dags retrieved from /home/airflow/.local/lib/python3.8/site-packages/airflow/example_dags/plugins/decreasing_priority_weight_strategy.py
[2024-06-04T01:04:18.023+0000] {processor.py:183} INFO - Processing /home/airflow/.local/lib/python3.8/site-packages/airflow/example_dags/plugins/decreasing_priority_weight_strategy.py took 0.034 seconds
[2024-06-04T01:04:51.974+0000] {processor.py:161} INFO - Started process (PID=14306) to work on /home/airflow/.local/lib/python3.8/site-packages/airflow/example_dags/plugins/decreasing_priority_weight_strategy.py
[2024-06-04T01:04:51.976+0000] {processor.py:830} INFO - Processing file /home/airflow/.local/lib/python3.8/site-packages/airflow/example_dags/plugins/decreasing_priority_weight_strategy.py for tasks to queue
[2024-06-04T01:04:51.979+0000] {logging_mixin.py:188} INFO - [2024-06-04T01:04:51.979+0000] {dagbag.py:545} INFO - Filling up the DagBag from /home/airflow/.local/lib/python3.8/site-packages/airflow/example_dags/plugins/decreasing_priority_weight_strategy.py
[2024-06-04T01:04:51.991+0000] {processor.py:842} WARNING - No viable dags retrieved from /home/airflow/.local/lib/python3.8/site-packages/airflow/example_dags/plugins/decreasing_priority_weight_strategy.py
[2024-06-04T01:04:52.020+0000] {processor.py:183} INFO - Processing /home/airflow/.local/lib/python3.8/site-packages/airflow/example_dags/plugins/decreasing_priority_weight_strategy.py took 0.063 seconds
[2024-06-04T01:05:23.027+0000] {processor.py:161} INFO - Started process (PID=14386) to work on /home/airflow/.local/lib/python3.8/site-packages/airflow/example_dags/plugins/decreasing_priority_weight_strategy.py
[2024-06-04T01:05:23.030+0000] {processor.py:830} INFO - Processing file /home/airflow/.local/lib/python3.8/site-packages/airflow/example_dags/plugins/decreasing_priority_weight_strategy.py for tasks to queue
[2024-06-04T01:05:23.033+0000] {logging_mixin.py:188} INFO - [2024-06-04T01:05:23.032+0000] {dagbag.py:545} INFO - Filling up the DagBag from /home/airflow/.local/lib/python3.8/site-packages/airflow/example_dags/plugins/decreasing_priority_weight_strategy.py
[2024-06-04T01:05:23.035+0000] {processor.py:842} WARNING - No viable dags retrieved from /home/airflow/.local/lib/python3.8/site-packages/airflow/example_dags/plugins/decreasing_priority_weight_strategy.py
[2024-06-04T01:05:23.053+0000] {processor.py:183} INFO - Processing /home/airflow/.local/lib/python3.8/site-packages/airflow/example_dags/plugins/decreasing_priority_weight_strategy.py took 0.034 seconds
[2024-06-04T01:05:53.569+0000] {processor.py:161} INFO - Started process (PID=14459) to work on /home/airflow/.local/lib/python3.8/site-packages/airflow/example_dags/plugins/decreasing_priority_weight_strategy.py
[2024-06-04T01:05:53.570+0000] {processor.py:830} INFO - Processing file /home/airflow/.local/lib/python3.8/site-packages/airflow/example_dags/plugins/decreasing_priority_weight_strategy.py for tasks to queue
[2024-06-04T01:05:53.572+0000] {logging_mixin.py:188} INFO - [2024-06-04T01:05:53.572+0000] {dagbag.py:545} INFO - Filling up the DagBag from /home/airflow/.local/lib/python3.8/site-packages/airflow/example_dags/plugins/decreasing_priority_weight_strategy.py
[2024-06-04T01:05:53.575+0000] {processor.py:842} WARNING - No viable dags retrieved from /home/airflow/.local/lib/python3.8/site-packages/airflow/example_dags/plugins/decreasing_priority_weight_strategy.py
[2024-06-04T01:05:53.599+0000] {processor.py:183} INFO - Processing /home/airflow/.local/lib/python3.8/site-packages/airflow/example_dags/plugins/decreasing_priority_weight_strategy.py took 0.038 seconds
[2024-06-04T01:06:26.774+0000] {processor.py:161} INFO - Started process (PID=14531) to work on /home/airflow/.local/lib/python3.8/site-packages/airflow/example_dags/plugins/decreasing_priority_weight_strategy.py
[2024-06-04T01:06:26.776+0000] {processor.py:830} INFO - Processing file /home/airflow/.local/lib/python3.8/site-packages/airflow/example_dags/plugins/decreasing_priority_weight_strategy.py for tasks to queue
[2024-06-04T01:06:26.779+0000] {logging_mixin.py:188} INFO - [2024-06-04T01:06:26.778+0000] {dagbag.py:545} INFO - Filling up the DagBag from /home/airflow/.local/lib/python3.8/site-packages/airflow/example_dags/plugins/decreasing_priority_weight_strategy.py
[2024-06-04T01:06:26.781+0000] {processor.py:842} WARNING - No viable dags retrieved from /home/airflow/.local/lib/python3.8/site-packages/airflow/example_dags/plugins/decreasing_priority_weight_strategy.py
[2024-06-04T01:06:26.801+0000] {processor.py:183} INFO - Processing /home/airflow/.local/lib/python3.8/site-packages/airflow/example_dags/plugins/decreasing_priority_weight_strategy.py took 0.035 seconds
