[2024-05-29T21:31:20.310+0000] {local_task_job_runner.py:120} INFO - ::group::Pre task execution logs
[2024-05-29T21:31:20.374+0000] {taskinstance.py:2076} INFO - Dependencies all met for dep_context=non-requeueable deps ti=<TaskInstance: ingestion_data.levantar_datos_API manual__2024-05-29T21:31:17.385813+00:00 [queued]>
[2024-05-29T21:31:20.392+0000] {taskinstance.py:2076} INFO - Dependencies all met for dep_context=requeueable deps ti=<TaskInstance: ingestion_data.levantar_datos_API manual__2024-05-29T21:31:17.385813+00:00 [queued]>
[2024-05-29T21:31:20.393+0000] {taskinstance.py:2306} INFO - Starting attempt 1 of 2
[2024-05-29T21:31:20.419+0000] {taskinstance.py:2330} INFO - Executing <Task(PythonOperator): levantar_datos_API> on 2024-05-29 21:31:17.385813+00:00
[2024-05-29T21:31:20.426+0000] {standard_task_runner.py:63} INFO - Started process 1115 to run task
[2024-05-29T21:31:20.431+0000] {standard_task_runner.py:90} INFO - Running: ['***', 'tasks', 'run', 'ingestion_data', 'levantar_datos_API', 'manual__2024-05-29T21:31:17.385813+00:00', '--job-id', '29', '--raw', '--subdir', 'DAGS_FOLDER/dag_entregable_fedebar.py', '--cfg-path', '/tmp/tmprsherxjs']
[2024-05-29T21:31:20.433+0000] {standard_task_runner.py:91} INFO - Job 29: Subtask levantar_datos_API
[2024-05-29T21:31:20.590+0000] {task_command.py:426} INFO - Running <TaskInstance: ingestion_data.levantar_datos_API manual__2024-05-29T21:31:17.385813+00:00 [running]> on host 167cb9f6b96a
[2024-05-29T21:31:20.888+0000] {taskinstance.py:2648} INFO - Exporting env vars: AIRFLOW_CTX_DAG_OWNER='FedeBar' AIRFLOW_CTX_DAG_ID='ingestion_data' AIRFLOW_CTX_TASK_ID='levantar_datos_API' AIRFLOW_CTX_EXECUTION_DATE='2024-05-29T21:31:17.385813+00:00' AIRFLOW_CTX_TRY_NUMBER='1' AIRFLOW_CTX_DAG_RUN_ID='manual__2024-05-29T21:31:17.385813+00:00'
[2024-05-29T21:31:20.890+0000] {taskinstance.py:430} INFO - ::endgroup::
[2024-05-29T21:31:20.966+0000] {python.py:237} INFO - Done. Returned value was:         m_date  weather_code  ...      city   load_date
0   2024-05-22           3.0  ...   Mendoza  2024-05-29
1   2024-05-23          61.0  ...   Mendoza  2024-05-29
2   2024-05-24          61.0  ...   Mendoza  2024-05-29
3   2024-05-25          61.0  ...   Mendoza  2024-05-29
4   2024-05-26          61.0  ...   Mendoza  2024-05-29
..         ...           ...  ...       ...         ...
93  2024-05-31           3.0  ...  Santa Fe  2024-05-29
94  2024-06-01           3.0  ...  Santa Fe  2024-05-29
95  2024-06-02           3.0  ...  Santa Fe  2024-05-29
96  2024-06-03           3.0  ...  Santa Fe  2024-05-29
97  2024-06-04           3.0  ...  Santa Fe  2024-05-29

[98 rows x 21 columns]
[2024-05-29T21:31:21.056+0000] {taskinstance.py:441} INFO - ::group::Post task execution logs
[2024-05-29T21:31:21.359+0000] {taskinstance.py:1206} INFO - Marking task as SUCCESS. dag_id=ingestion_data, task_id=levantar_datos_API, run_id=manual__2024-05-29T21:31:17.385813+00:00, execution_date=20240529T213117, start_date=20240529T213120, end_date=20240529T213121
[2024-05-29T21:31:21.412+0000] {local_task_job_runner.py:240} INFO - Task exited with return code 0
[2024-05-29T21:31:21.447+0000] {taskinstance.py:3498} INFO - 1 downstream tasks scheduled from follow-on schedule check
[2024-05-29T21:31:21.450+0000] {local_task_job_runner.py:222} INFO - ::endgroup::
