[2024-06-06T00:00:09.927+0000] {local_task_job_runner.py:120} INFO - ::group::Pre task execution logs
[2024-06-06T00:00:09.982+0000] {taskinstance.py:2076} INFO - Dependencies all met for dep_context=non-requeueable deps ti=<TaskInstance: ingestion_data.insertar_datos scheduled__2024-06-05T00:00:00+00:00 [queued]>
[2024-06-06T00:00:10.004+0000] {taskinstance.py:2076} INFO - Dependencies all met for dep_context=requeueable deps ti=<TaskInstance: ingestion_data.insertar_datos scheduled__2024-06-05T00:00:00+00:00 [queued]>
[2024-06-06T00:00:10.019+0000] {taskinstance.py:2306} INFO - Starting attempt 1 of 2
[2024-06-06T00:00:10.085+0000] {taskinstance.py:2330} INFO - Executing <Task(PythonOperator): insertar_datos> on 2024-06-05 00:00:00+00:00
[2024-06-06T00:00:10.106+0000] {standard_task_runner.py:63} INFO - Started process 2111 to run task
[2024-06-06T00:00:10.114+0000] {standard_task_runner.py:90} INFO - Running: ['***', 'tasks', 'run', 'ingestion_data', 'insertar_datos', 'scheduled__2024-06-05T00:00:00+00:00', '--job-id', '148', '--raw', '--subdir', 'DAGS_FOLDER/dag_entregable_fedebar.py', '--cfg-path', '/tmp/tmpymh9d2zp']
[2024-06-06T00:00:10.120+0000] {standard_task_runner.py:91} INFO - Job 148: Subtask insertar_datos
[2024-06-06T00:00:10.247+0000] {task_command.py:426} INFO - Running <TaskInstance: ingestion_data.insertar_datos scheduled__2024-06-05T00:00:00+00:00 [running]> on host 167cb9f6b96a
[2024-06-06T00:00:10.424+0000] {taskinstance.py:2648} INFO - Exporting env vars: AIRFLOW_CTX_DAG_OWNER='FedeBar' AIRFLOW_CTX_DAG_ID='ingestion_data' AIRFLOW_CTX_TASK_ID='insertar_datos' AIRFLOW_CTX_EXECUTION_DATE='2024-06-05T00:00:00+00:00' AIRFLOW_CTX_TRY_NUMBER='1' AIRFLOW_CTX_DAG_RUN_ID='scheduled__2024-06-05T00:00:00+00:00'
[2024-06-06T00:00:10.426+0000] {taskinstance.py:430} INFO - ::endgroup::
[2024-06-06T00:00:10.444+0000] {base.py:84} INFO - Using connection ID 'coder-redshift-fede' for task execution.
[2024-06-06T00:00:10.445+0000] {weather_info_ETL.py:23} INFO - Conectando a Redshift en data-engineer-cluster.cyhh5bfevlmn.us-east-1.redshift.amazonaws.com:5439/data-engineer-database
[2024-06-06T00:00:11.934+0000] {weather_info_ETL.py:32} INFO - Conectado a Redshift con éxito!
[2024-06-06T00:00:11.939+0000] {warnings.py:109} WARNING - /opt/***/dags/weather_info_ETL.py:167: UserWarning: pandas only supports SQLAlchemy connectable (engine/connection) or database string URI or sqlite3 DBAPI2 connection. Other DBAPI2 objects are not tested. Please consider using SQLAlchemy.
  existing_data = pd.read_sql(existing_data_query, conn)

[2024-06-06T00:00:12.874+0000] {warnings.py:109} WARNING - /opt/***/dags/weather_info_ETL.py:170: UserWarning: pandas only supports SQLAlchemy connectable (engine/connection) or database string URI or sqlite3 DBAPI2 connection. Other DBAPI2 objects are not tested. Please consider using SQLAlchemy.
  max_existing_load_date = pd.read_sql(max_existing_load_date_query, conn).iloc[0, 0]

[2024-06-06T00:00:14.050+0000] {weather_info_ETL.py:191} INFO - Datos insertados con éxito en la tabla daily_weather_3.
[2024-06-06T00:00:14.051+0000] {weather_info_ETL.py:200} INFO - Conexión a Redshift cerrada.
[2024-06-06T00:00:14.053+0000] {python.py:237} INFO - Done. Returned value was: None
[2024-06-06T00:00:14.053+0000] {taskinstance.py:441} INFO - ::group::Post task execution logs
[2024-06-06T00:00:14.064+0000] {taskinstance.py:1206} INFO - Marking task as SUCCESS. dag_id=ingestion_data, task_id=insertar_datos, run_id=scheduled__2024-06-05T00:00:00+00:00, execution_date=20240605T000000, start_date=20240606T000009, end_date=20240606T000014
[2024-06-06T00:00:14.113+0000] {local_task_job_runner.py:240} INFO - Task exited with return code 0
[2024-06-06T00:00:14.138+0000] {taskinstance.py:3498} INFO - 0 downstream tasks scheduled from follow-on schedule check
[2024-06-06T00:00:14.141+0000] {local_task_job_runner.py:222} INFO - ::endgroup::
