[2024-05-27T20:50:56.514+0000] {processor.py:161} INFO - Started process (PID=79) to work on /home/airflow/.local/lib/python3.8/site-packages/airflow/example_dags/example_skip_dag.py
[2024-05-27T20:50:56.516+0000] {processor.py:830} INFO - Processing file /home/airflow/.local/lib/python3.8/site-packages/airflow/example_dags/example_skip_dag.py for tasks to queue
[2024-05-27T20:50:56.519+0000] {logging_mixin.py:188} INFO - [2024-05-27T20:50:56.518+0000] {dagbag.py:545} INFO - Filling up the DagBag from /home/airflow/.local/lib/python3.8/site-packages/airflow/example_dags/example_skip_dag.py
[2024-05-27T20:50:56.529+0000] {processor.py:840} INFO - DAG(s) 'example_skip_dag' retrieved from /home/airflow/.local/lib/python3.8/site-packages/airflow/example_dags/example_skip_dag.py
[2024-05-27T20:50:56.546+0000] {logging_mixin.py:188} INFO - [2024-05-27T20:50:56.546+0000] {dag.py:3096} INFO - Sync 1 DAGs
[2024-05-27T20:50:56.578+0000] {logging_mixin.py:188} INFO - [2024-05-27T20:50:56.577+0000] {dag.py:3954} INFO - Setting next_dagrun for example_skip_dag to 2024-05-26 00:00:00+00:00, run_after=2024-05-27 00:00:00+00:00
[2024-05-27T20:50:56.602+0000] {processor.py:183} INFO - Processing /home/airflow/.local/lib/python3.8/site-packages/airflow/example_dags/example_skip_dag.py took 0.096 seconds
[2024-05-27T20:51:27.086+0000] {processor.py:161} INFO - Started process (PID=156) to work on /home/airflow/.local/lib/python3.8/site-packages/airflow/example_dags/example_skip_dag.py
[2024-05-27T20:51:27.087+0000] {processor.py:830} INFO - Processing file /home/airflow/.local/lib/python3.8/site-packages/airflow/example_dags/example_skip_dag.py for tasks to queue
[2024-05-27T20:51:27.090+0000] {logging_mixin.py:188} INFO - [2024-05-27T20:51:27.089+0000] {dagbag.py:545} INFO - Filling up the DagBag from /home/airflow/.local/lib/python3.8/site-packages/airflow/example_dags/example_skip_dag.py
[2024-05-27T20:51:27.098+0000] {processor.py:840} INFO - DAG(s) 'example_skip_dag' retrieved from /home/airflow/.local/lib/python3.8/site-packages/airflow/example_dags/example_skip_dag.py
[2024-05-27T20:51:27.223+0000] {logging_mixin.py:188} INFO - [2024-05-27T20:51:27.223+0000] {dag.py:3096} INFO - Sync 1 DAGs
[2024-05-27T20:51:27.245+0000] {logging_mixin.py:188} INFO - [2024-05-27T20:51:27.244+0000] {dag.py:3954} INFO - Setting next_dagrun for example_skip_dag to 2024-05-26 00:00:00+00:00, run_after=2024-05-27 00:00:00+00:00
[2024-05-27T20:51:27.268+0000] {processor.py:183} INFO - Processing /home/airflow/.local/lib/python3.8/site-packages/airflow/example_dags/example_skip_dag.py took 0.188 seconds
[2024-05-27T20:51:57.964+0000] {processor.py:161} INFO - Started process (PID=226) to work on /home/airflow/.local/lib/python3.8/site-packages/airflow/example_dags/example_skip_dag.py
[2024-05-27T20:51:57.966+0000] {processor.py:830} INFO - Processing file /home/airflow/.local/lib/python3.8/site-packages/airflow/example_dags/example_skip_dag.py for tasks to queue
[2024-05-27T20:51:57.973+0000] {logging_mixin.py:188} INFO - [2024-05-27T20:51:57.972+0000] {dagbag.py:545} INFO - Filling up the DagBag from /home/airflow/.local/lib/python3.8/site-packages/airflow/example_dags/example_skip_dag.py
[2024-05-27T20:51:57.990+0000] {processor.py:840} INFO - DAG(s) 'example_skip_dag' retrieved from /home/airflow/.local/lib/python3.8/site-packages/airflow/example_dags/example_skip_dag.py
[2024-05-27T20:51:58.042+0000] {logging_mixin.py:188} INFO - [2024-05-27T20:51:58.042+0000] {dag.py:3096} INFO - Sync 1 DAGs
[2024-05-27T20:51:58.130+0000] {logging_mixin.py:188} INFO - [2024-05-27T20:51:58.130+0000] {dag.py:3954} INFO - Setting next_dagrun for example_skip_dag to 2024-05-26 00:00:00+00:00, run_after=2024-05-27 00:00:00+00:00
[2024-05-27T20:51:58.227+0000] {processor.py:183} INFO - Processing /home/airflow/.local/lib/python3.8/site-packages/airflow/example_dags/example_skip_dag.py took 0.275 seconds
[2024-05-27T20:52:28.499+0000] {processor.py:161} INFO - Started process (PID=295) to work on /home/airflow/.local/lib/python3.8/site-packages/airflow/example_dags/example_skip_dag.py
[2024-05-27T20:52:28.501+0000] {processor.py:830} INFO - Processing file /home/airflow/.local/lib/python3.8/site-packages/airflow/example_dags/example_skip_dag.py for tasks to queue
[2024-05-27T20:52:28.503+0000] {logging_mixin.py:188} INFO - [2024-05-27T20:52:28.503+0000] {dagbag.py:545} INFO - Filling up the DagBag from /home/airflow/.local/lib/python3.8/site-packages/airflow/example_dags/example_skip_dag.py
[2024-05-27T20:52:28.510+0000] {processor.py:840} INFO - DAG(s) 'example_skip_dag' retrieved from /home/airflow/.local/lib/python3.8/site-packages/airflow/example_dags/example_skip_dag.py
[2024-05-27T20:52:28.534+0000] {logging_mixin.py:188} INFO - [2024-05-27T20:52:28.534+0000] {dag.py:3096} INFO - Sync 1 DAGs
[2024-05-27T20:52:28.556+0000] {logging_mixin.py:188} INFO - [2024-05-27T20:52:28.556+0000] {dag.py:3954} INFO - Setting next_dagrun for example_skip_dag to 2024-05-26 00:00:00+00:00, run_after=2024-05-27 00:00:00+00:00
[2024-05-27T20:52:28.581+0000] {processor.py:183} INFO - Processing /home/airflow/.local/lib/python3.8/site-packages/airflow/example_dags/example_skip_dag.py took 0.088 seconds
[2024-05-27T20:52:58.649+0000] {processor.py:161} INFO - Started process (PID=365) to work on /home/airflow/.local/lib/python3.8/site-packages/airflow/example_dags/example_skip_dag.py
[2024-05-27T20:52:58.651+0000] {processor.py:830} INFO - Processing file /home/airflow/.local/lib/python3.8/site-packages/airflow/example_dags/example_skip_dag.py for tasks to queue
[2024-05-27T20:52:58.654+0000] {logging_mixin.py:188} INFO - [2024-05-27T20:52:58.653+0000] {dagbag.py:545} INFO - Filling up the DagBag from /home/airflow/.local/lib/python3.8/site-packages/airflow/example_dags/example_skip_dag.py
[2024-05-27T20:52:58.660+0000] {processor.py:840} INFO - DAG(s) 'example_skip_dag' retrieved from /home/airflow/.local/lib/python3.8/site-packages/airflow/example_dags/example_skip_dag.py
[2024-05-27T20:52:58.684+0000] {logging_mixin.py:188} INFO - [2024-05-27T20:52:58.684+0000] {dag.py:3096} INFO - Sync 1 DAGs
[2024-05-27T20:52:58.705+0000] {logging_mixin.py:188} INFO - [2024-05-27T20:52:58.705+0000] {dag.py:3954} INFO - Setting next_dagrun for example_skip_dag to 2024-05-26 00:00:00+00:00, run_after=2024-05-27 00:00:00+00:00
[2024-05-27T20:52:58.729+0000] {processor.py:183} INFO - Processing /home/airflow/.local/lib/python3.8/site-packages/airflow/example_dags/example_skip_dag.py took 0.086 seconds
[2024-05-27T20:53:28.791+0000] {processor.py:161} INFO - Started process (PID=442) to work on /home/airflow/.local/lib/python3.8/site-packages/airflow/example_dags/example_skip_dag.py
[2024-05-27T20:53:28.792+0000] {processor.py:830} INFO - Processing file /home/airflow/.local/lib/python3.8/site-packages/airflow/example_dags/example_skip_dag.py for tasks to queue
[2024-05-27T20:53:28.794+0000] {logging_mixin.py:188} INFO - [2024-05-27T20:53:28.793+0000] {dagbag.py:545} INFO - Filling up the DagBag from /home/airflow/.local/lib/python3.8/site-packages/airflow/example_dags/example_skip_dag.py
[2024-05-27T20:53:28.800+0000] {processor.py:840} INFO - DAG(s) 'example_skip_dag' retrieved from /home/airflow/.local/lib/python3.8/site-packages/airflow/example_dags/example_skip_dag.py
[2024-05-27T20:53:28.822+0000] {logging_mixin.py:188} INFO - [2024-05-27T20:53:28.821+0000] {dag.py:3096} INFO - Sync 1 DAGs
[2024-05-27T20:53:28.842+0000] {logging_mixin.py:188} INFO - [2024-05-27T20:53:28.842+0000] {dag.py:3954} INFO - Setting next_dagrun for example_skip_dag to 2024-05-26 00:00:00+00:00, run_after=2024-05-27 00:00:00+00:00
[2024-05-27T20:53:28.863+0000] {processor.py:183} INFO - Processing /home/airflow/.local/lib/python3.8/site-packages/airflow/example_dags/example_skip_dag.py took 0.078 seconds
[2024-05-27T20:53:59.240+0000] {processor.py:161} INFO - Started process (PID=512) to work on /home/airflow/.local/lib/python3.8/site-packages/airflow/example_dags/example_skip_dag.py
[2024-05-27T20:53:59.241+0000] {processor.py:830} INFO - Processing file /home/airflow/.local/lib/python3.8/site-packages/airflow/example_dags/example_skip_dag.py for tasks to queue
[2024-05-27T20:53:59.244+0000] {logging_mixin.py:188} INFO - [2024-05-27T20:53:59.243+0000] {dagbag.py:545} INFO - Filling up the DagBag from /home/airflow/.local/lib/python3.8/site-packages/airflow/example_dags/example_skip_dag.py
[2024-05-27T20:53:59.251+0000] {processor.py:840} INFO - DAG(s) 'example_skip_dag' retrieved from /home/airflow/.local/lib/python3.8/site-packages/airflow/example_dags/example_skip_dag.py
[2024-05-27T20:53:59.274+0000] {logging_mixin.py:188} INFO - [2024-05-27T20:53:59.274+0000] {dag.py:3096} INFO - Sync 1 DAGs
[2024-05-27T20:53:59.296+0000] {logging_mixin.py:188} INFO - [2024-05-27T20:53:59.296+0000] {dag.py:3954} INFO - Setting next_dagrun for example_skip_dag to 2024-05-26 00:00:00+00:00, run_after=2024-05-27 00:00:00+00:00
[2024-05-27T20:53:59.318+0000] {processor.py:183} INFO - Processing /home/airflow/.local/lib/python3.8/site-packages/airflow/example_dags/example_skip_dag.py took 0.089 seconds
[2024-05-27T20:54:29.998+0000] {processor.py:161} INFO - Started process (PID=590) to work on /home/airflow/.local/lib/python3.8/site-packages/airflow/example_dags/example_skip_dag.py
[2024-05-27T20:54:29.999+0000] {processor.py:830} INFO - Processing file /home/airflow/.local/lib/python3.8/site-packages/airflow/example_dags/example_skip_dag.py for tasks to queue
[2024-05-27T20:54:30.002+0000] {logging_mixin.py:188} INFO - [2024-05-27T20:54:30.001+0000] {dagbag.py:545} INFO - Filling up the DagBag from /home/airflow/.local/lib/python3.8/site-packages/airflow/example_dags/example_skip_dag.py
[2024-05-27T20:54:30.011+0000] {processor.py:840} INFO - DAG(s) 'example_skip_dag' retrieved from /home/airflow/.local/lib/python3.8/site-packages/airflow/example_dags/example_skip_dag.py
[2024-05-27T20:54:30.034+0000] {logging_mixin.py:188} INFO - [2024-05-27T20:54:30.034+0000] {dag.py:3096} INFO - Sync 1 DAGs
[2024-05-27T20:54:30.063+0000] {logging_mixin.py:188} INFO - [2024-05-27T20:54:30.063+0000] {dag.py:3954} INFO - Setting next_dagrun for example_skip_dag to 2024-05-26 00:00:00+00:00, run_after=2024-05-27 00:00:00+00:00
[2024-05-27T20:54:30.085+0000] {processor.py:183} INFO - Processing /home/airflow/.local/lib/python3.8/site-packages/airflow/example_dags/example_skip_dag.py took 0.094 seconds
[2024-05-27T20:55:00.455+0000] {processor.py:161} INFO - Started process (PID=660) to work on /home/airflow/.local/lib/python3.8/site-packages/airflow/example_dags/example_skip_dag.py
[2024-05-27T20:55:00.457+0000] {processor.py:830} INFO - Processing file /home/airflow/.local/lib/python3.8/site-packages/airflow/example_dags/example_skip_dag.py for tasks to queue
[2024-05-27T20:55:00.459+0000] {logging_mixin.py:188} INFO - [2024-05-27T20:55:00.458+0000] {dagbag.py:545} INFO - Filling up the DagBag from /home/airflow/.local/lib/python3.8/site-packages/airflow/example_dags/example_skip_dag.py
[2024-05-27T20:55:00.467+0000] {processor.py:840} INFO - DAG(s) 'example_skip_dag' retrieved from /home/airflow/.local/lib/python3.8/site-packages/airflow/example_dags/example_skip_dag.py
[2024-05-27T20:55:00.495+0000] {logging_mixin.py:188} INFO - [2024-05-27T20:55:00.494+0000] {dag.py:3096} INFO - Sync 1 DAGs
[2024-05-27T20:55:00.517+0000] {logging_mixin.py:188} INFO - [2024-05-27T20:55:00.517+0000] {dag.py:3954} INFO - Setting next_dagrun for example_skip_dag to 2024-05-26 00:00:00+00:00, run_after=2024-05-27 00:00:00+00:00
[2024-05-27T20:55:00.536+0000] {processor.py:183} INFO - Processing /home/airflow/.local/lib/python3.8/site-packages/airflow/example_dags/example_skip_dag.py took 0.087 seconds
[2024-05-27T20:57:18.952+0000] {processor.py:161} INFO - Started process (PID=79) to work on /home/airflow/.local/lib/python3.8/site-packages/airflow/example_dags/example_skip_dag.py
[2024-05-27T20:57:18.954+0000] {processor.py:830} INFO - Processing file /home/airflow/.local/lib/python3.8/site-packages/airflow/example_dags/example_skip_dag.py for tasks to queue
[2024-05-27T20:57:18.958+0000] {logging_mixin.py:188} INFO - [2024-05-27T20:57:18.958+0000] {dagbag.py:545} INFO - Filling up the DagBag from /home/airflow/.local/lib/python3.8/site-packages/airflow/example_dags/example_skip_dag.py
[2024-05-27T20:57:18.969+0000] {processor.py:840} INFO - DAG(s) 'example_skip_dag' retrieved from /home/airflow/.local/lib/python3.8/site-packages/airflow/example_dags/example_skip_dag.py
[2024-05-27T20:57:18.993+0000] {logging_mixin.py:188} INFO - [2024-05-27T20:57:18.992+0000] {dag.py:3096} INFO - Sync 1 DAGs
[2024-05-27T20:57:19.032+0000] {logging_mixin.py:188} INFO - [2024-05-27T20:57:19.032+0000] {dag.py:3954} INFO - Setting next_dagrun for example_skip_dag to 2024-05-26 00:00:00+00:00, run_after=2024-05-27 00:00:00+00:00
[2024-05-27T20:57:19.071+0000] {processor.py:183} INFO - Processing /home/airflow/.local/lib/python3.8/site-packages/airflow/example_dags/example_skip_dag.py took 0.127 seconds
[2024-05-27T20:57:49.872+0000] {processor.py:161} INFO - Started process (PID=150) to work on /home/airflow/.local/lib/python3.8/site-packages/airflow/example_dags/example_skip_dag.py
[2024-05-27T20:57:49.873+0000] {processor.py:830} INFO - Processing file /home/airflow/.local/lib/python3.8/site-packages/airflow/example_dags/example_skip_dag.py for tasks to queue
[2024-05-27T20:57:49.875+0000] {logging_mixin.py:188} INFO - [2024-05-27T20:57:49.875+0000] {dagbag.py:545} INFO - Filling up the DagBag from /home/airflow/.local/lib/python3.8/site-packages/airflow/example_dags/example_skip_dag.py
[2024-05-27T20:57:49.882+0000] {processor.py:840} INFO - DAG(s) 'example_skip_dag' retrieved from /home/airflow/.local/lib/python3.8/site-packages/airflow/example_dags/example_skip_dag.py
[2024-05-27T20:57:49.980+0000] {logging_mixin.py:188} INFO - [2024-05-27T20:57:49.979+0000] {dag.py:3096} INFO - Sync 1 DAGs
[2024-05-27T20:57:50.003+0000] {logging_mixin.py:188} INFO - [2024-05-27T20:57:50.002+0000] {dag.py:3954} INFO - Setting next_dagrun for example_skip_dag to 2024-05-26 00:00:00+00:00, run_after=2024-05-27 00:00:00+00:00
[2024-05-27T20:57:50.026+0000] {processor.py:183} INFO - Processing /home/airflow/.local/lib/python3.8/site-packages/airflow/example_dags/example_skip_dag.py took 0.160 seconds
[2024-05-27T20:58:20.113+0000] {processor.py:161} INFO - Started process (PID=229) to work on /home/airflow/.local/lib/python3.8/site-packages/airflow/example_dags/example_skip_dag.py
[2024-05-27T20:58:20.114+0000] {processor.py:830} INFO - Processing file /home/airflow/.local/lib/python3.8/site-packages/airflow/example_dags/example_skip_dag.py for tasks to queue
[2024-05-27T20:58:20.117+0000] {logging_mixin.py:188} INFO - [2024-05-27T20:58:20.116+0000] {dagbag.py:545} INFO - Filling up the DagBag from /home/airflow/.local/lib/python3.8/site-packages/airflow/example_dags/example_skip_dag.py
[2024-05-27T20:58:20.126+0000] {processor.py:840} INFO - DAG(s) 'example_skip_dag' retrieved from /home/airflow/.local/lib/python3.8/site-packages/airflow/example_dags/example_skip_dag.py
[2024-05-27T20:58:20.151+0000] {logging_mixin.py:188} INFO - [2024-05-27T20:58:20.150+0000] {dag.py:3096} INFO - Sync 1 DAGs
[2024-05-27T20:58:20.173+0000] {logging_mixin.py:188} INFO - [2024-05-27T20:58:20.172+0000] {dag.py:3954} INFO - Setting next_dagrun for example_skip_dag to 2024-05-26 00:00:00+00:00, run_after=2024-05-27 00:00:00+00:00
[2024-05-27T20:58:20.193+0000] {processor.py:183} INFO - Processing /home/airflow/.local/lib/python3.8/site-packages/airflow/example_dags/example_skip_dag.py took 0.088 seconds
[2024-05-27T20:58:50.274+0000] {processor.py:161} INFO - Started process (PID=299) to work on /home/airflow/.local/lib/python3.8/site-packages/airflow/example_dags/example_skip_dag.py
[2024-05-27T20:58:50.276+0000] {processor.py:830} INFO - Processing file /home/airflow/.local/lib/python3.8/site-packages/airflow/example_dags/example_skip_dag.py for tasks to queue
[2024-05-27T20:58:50.278+0000] {logging_mixin.py:188} INFO - [2024-05-27T20:58:50.278+0000] {dagbag.py:545} INFO - Filling up the DagBag from /home/airflow/.local/lib/python3.8/site-packages/airflow/example_dags/example_skip_dag.py
[2024-05-27T20:58:50.286+0000] {processor.py:840} INFO - DAG(s) 'example_skip_dag' retrieved from /home/airflow/.local/lib/python3.8/site-packages/airflow/example_dags/example_skip_dag.py
[2024-05-27T20:58:50.319+0000] {logging_mixin.py:188} INFO - [2024-05-27T20:58:50.319+0000] {dag.py:3096} INFO - Sync 1 DAGs
[2024-05-27T20:58:50.342+0000] {logging_mixin.py:188} INFO - [2024-05-27T20:58:50.342+0000] {dag.py:3954} INFO - Setting next_dagrun for example_skip_dag to 2024-05-26 00:00:00+00:00, run_after=2024-05-27 00:00:00+00:00
[2024-05-27T20:58:50.370+0000] {processor.py:183} INFO - Processing /home/airflow/.local/lib/python3.8/site-packages/airflow/example_dags/example_skip_dag.py took 0.102 seconds
[2024-05-27T20:59:20.660+0000] {processor.py:161} INFO - Started process (PID=369) to work on /home/airflow/.local/lib/python3.8/site-packages/airflow/example_dags/example_skip_dag.py
[2024-05-27T20:59:20.662+0000] {processor.py:830} INFO - Processing file /home/airflow/.local/lib/python3.8/site-packages/airflow/example_dags/example_skip_dag.py for tasks to queue
[2024-05-27T20:59:20.664+0000] {logging_mixin.py:188} INFO - [2024-05-27T20:59:20.663+0000] {dagbag.py:545} INFO - Filling up the DagBag from /home/airflow/.local/lib/python3.8/site-packages/airflow/example_dags/example_skip_dag.py
[2024-05-27T20:59:20.670+0000] {processor.py:840} INFO - DAG(s) 'example_skip_dag' retrieved from /home/airflow/.local/lib/python3.8/site-packages/airflow/example_dags/example_skip_dag.py
[2024-05-27T20:59:20.694+0000] {logging_mixin.py:188} INFO - [2024-05-27T20:59:20.694+0000] {dag.py:3096} INFO - Sync 1 DAGs
[2024-05-27T20:59:20.720+0000] {logging_mixin.py:188} INFO - [2024-05-27T20:59:20.720+0000] {dag.py:3954} INFO - Setting next_dagrun for example_skip_dag to 2024-05-26 00:00:00+00:00, run_after=2024-05-27 00:00:00+00:00
[2024-05-27T20:59:20.741+0000] {processor.py:183} INFO - Processing /home/airflow/.local/lib/python3.8/site-packages/airflow/example_dags/example_skip_dag.py took 0.087 seconds
[2024-05-27T20:59:51.141+0000] {processor.py:161} INFO - Started process (PID=447) to work on /home/airflow/.local/lib/python3.8/site-packages/airflow/example_dags/example_skip_dag.py
[2024-05-27T20:59:51.142+0000] {processor.py:830} INFO - Processing file /home/airflow/.local/lib/python3.8/site-packages/airflow/example_dags/example_skip_dag.py for tasks to queue
[2024-05-27T20:59:51.144+0000] {logging_mixin.py:188} INFO - [2024-05-27T20:59:51.144+0000] {dagbag.py:545} INFO - Filling up the DagBag from /home/airflow/.local/lib/python3.8/site-packages/airflow/example_dags/example_skip_dag.py
[2024-05-27T20:59:51.151+0000] {processor.py:840} INFO - DAG(s) 'example_skip_dag' retrieved from /home/airflow/.local/lib/python3.8/site-packages/airflow/example_dags/example_skip_dag.py
[2024-05-27T20:59:51.176+0000] {logging_mixin.py:188} INFO - [2024-05-27T20:59:51.176+0000] {dag.py:3096} INFO - Sync 1 DAGs
[2024-05-27T20:59:51.200+0000] {logging_mixin.py:188} INFO - [2024-05-27T20:59:51.200+0000] {dag.py:3954} INFO - Setting next_dagrun for example_skip_dag to 2024-05-26 00:00:00+00:00, run_after=2024-05-27 00:00:00+00:00
[2024-05-27T20:59:51.227+0000] {processor.py:183} INFO - Processing /home/airflow/.local/lib/python3.8/site-packages/airflow/example_dags/example_skip_dag.py took 0.092 seconds
[2024-05-27T21:00:21.676+0000] {processor.py:161} INFO - Started process (PID=517) to work on /home/airflow/.local/lib/python3.8/site-packages/airflow/example_dags/example_skip_dag.py
[2024-05-27T21:00:21.677+0000] {processor.py:830} INFO - Processing file /home/airflow/.local/lib/python3.8/site-packages/airflow/example_dags/example_skip_dag.py for tasks to queue
[2024-05-27T21:00:21.680+0000] {logging_mixin.py:188} INFO - [2024-05-27T21:00:21.679+0000] {dagbag.py:545} INFO - Filling up the DagBag from /home/airflow/.local/lib/python3.8/site-packages/airflow/example_dags/example_skip_dag.py
[2024-05-27T21:00:21.688+0000] {processor.py:840} INFO - DAG(s) 'example_skip_dag' retrieved from /home/airflow/.local/lib/python3.8/site-packages/airflow/example_dags/example_skip_dag.py
[2024-05-27T21:00:21.709+0000] {logging_mixin.py:188} INFO - [2024-05-27T21:00:21.708+0000] {dag.py:3096} INFO - Sync 1 DAGs
[2024-05-27T21:00:21.733+0000] {logging_mixin.py:188} INFO - [2024-05-27T21:00:21.732+0000] {dag.py:3954} INFO - Setting next_dagrun for example_skip_dag to 2024-05-26 00:00:00+00:00, run_after=2024-05-27 00:00:00+00:00
[2024-05-27T21:00:21.762+0000] {processor.py:183} INFO - Processing /home/airflow/.local/lib/python3.8/site-packages/airflow/example_dags/example_skip_dag.py took 0.092 seconds
[2024-05-27T21:00:52.047+0000] {processor.py:161} INFO - Started process (PID=595) to work on /home/airflow/.local/lib/python3.8/site-packages/airflow/example_dags/example_skip_dag.py
[2024-05-27T21:00:52.048+0000] {processor.py:830} INFO - Processing file /home/airflow/.local/lib/python3.8/site-packages/airflow/example_dags/example_skip_dag.py for tasks to queue
[2024-05-27T21:00:52.050+0000] {logging_mixin.py:188} INFO - [2024-05-27T21:00:52.050+0000] {dagbag.py:545} INFO - Filling up the DagBag from /home/airflow/.local/lib/python3.8/site-packages/airflow/example_dags/example_skip_dag.py
[2024-05-27T21:00:52.056+0000] {processor.py:840} INFO - DAG(s) 'example_skip_dag' retrieved from /home/airflow/.local/lib/python3.8/site-packages/airflow/example_dags/example_skip_dag.py
[2024-05-27T21:00:52.081+0000] {logging_mixin.py:188} INFO - [2024-05-27T21:00:52.081+0000] {dag.py:3096} INFO - Sync 1 DAGs
[2024-05-27T21:00:52.104+0000] {logging_mixin.py:188} INFO - [2024-05-27T21:00:52.104+0000] {dag.py:3954} INFO - Setting next_dagrun for example_skip_dag to 2024-05-26 00:00:00+00:00, run_after=2024-05-27 00:00:00+00:00
[2024-05-27T21:00:52.128+0000] {processor.py:183} INFO - Processing /home/airflow/.local/lib/python3.8/site-packages/airflow/example_dags/example_skip_dag.py took 0.088 seconds
[2024-05-27T21:01:22.791+0000] {processor.py:161} INFO - Started process (PID=665) to work on /home/airflow/.local/lib/python3.8/site-packages/airflow/example_dags/example_skip_dag.py
[2024-05-27T21:01:22.792+0000] {processor.py:830} INFO - Processing file /home/airflow/.local/lib/python3.8/site-packages/airflow/example_dags/example_skip_dag.py for tasks to queue
[2024-05-27T21:01:22.794+0000] {logging_mixin.py:188} INFO - [2024-05-27T21:01:22.794+0000] {dagbag.py:545} INFO - Filling up the DagBag from /home/airflow/.local/lib/python3.8/site-packages/airflow/example_dags/example_skip_dag.py
[2024-05-27T21:01:22.802+0000] {processor.py:840} INFO - DAG(s) 'example_skip_dag' retrieved from /home/airflow/.local/lib/python3.8/site-packages/airflow/example_dags/example_skip_dag.py
[2024-05-27T21:01:22.826+0000] {logging_mixin.py:188} INFO - [2024-05-27T21:01:22.826+0000] {dag.py:3096} INFO - Sync 1 DAGs
[2024-05-27T21:01:22.851+0000] {logging_mixin.py:188} INFO - [2024-05-27T21:01:22.851+0000] {dag.py:3954} INFO - Setting next_dagrun for example_skip_dag to 2024-05-26 00:00:00+00:00, run_after=2024-05-27 00:00:00+00:00
[2024-05-27T21:01:22.870+0000] {processor.py:183} INFO - Processing /home/airflow/.local/lib/python3.8/site-packages/airflow/example_dags/example_skip_dag.py took 0.087 seconds
[2024-05-27T21:01:53.334+0000] {processor.py:161} INFO - Started process (PID=735) to work on /home/airflow/.local/lib/python3.8/site-packages/airflow/example_dags/example_skip_dag.py
[2024-05-27T21:01:53.335+0000] {processor.py:830} INFO - Processing file /home/airflow/.local/lib/python3.8/site-packages/airflow/example_dags/example_skip_dag.py for tasks to queue
[2024-05-27T21:01:53.338+0000] {logging_mixin.py:188} INFO - [2024-05-27T21:01:53.337+0000] {dagbag.py:545} INFO - Filling up the DagBag from /home/airflow/.local/lib/python3.8/site-packages/airflow/example_dags/example_skip_dag.py
[2024-05-27T21:01:53.345+0000] {processor.py:840} INFO - DAG(s) 'example_skip_dag' retrieved from /home/airflow/.local/lib/python3.8/site-packages/airflow/example_dags/example_skip_dag.py
[2024-05-27T21:01:53.369+0000] {logging_mixin.py:188} INFO - [2024-05-27T21:01:53.369+0000] {dag.py:3096} INFO - Sync 1 DAGs
[2024-05-27T21:01:53.400+0000] {logging_mixin.py:188} INFO - [2024-05-27T21:01:53.400+0000] {dag.py:3954} INFO - Setting next_dagrun for example_skip_dag to 2024-05-26 00:00:00+00:00, run_after=2024-05-27 00:00:00+00:00
[2024-05-27T21:01:53.424+0000] {processor.py:183} INFO - Processing /home/airflow/.local/lib/python3.8/site-packages/airflow/example_dags/example_skip_dag.py took 0.095 seconds
[2024-05-27T21:06:49.253+0000] {processor.py:161} INFO - Started process (PID=95) to work on /home/airflow/.local/lib/python3.8/site-packages/airflow/example_dags/example_skip_dag.py
[2024-05-27T21:06:49.256+0000] {processor.py:830} INFO - Processing file /home/airflow/.local/lib/python3.8/site-packages/airflow/example_dags/example_skip_dag.py for tasks to queue
[2024-05-27T21:06:49.260+0000] {logging_mixin.py:188} INFO - [2024-05-27T21:06:49.259+0000] {dagbag.py:545} INFO - Filling up the DagBag from /home/airflow/.local/lib/python3.8/site-packages/airflow/example_dags/example_skip_dag.py
[2024-05-27T21:06:49.272+0000] {processor.py:840} INFO - DAG(s) 'example_skip_dag' retrieved from /home/airflow/.local/lib/python3.8/site-packages/airflow/example_dags/example_skip_dag.py
[2024-05-27T21:06:49.514+0000] {logging_mixin.py:188} INFO - [2024-05-27T21:06:49.514+0000] {dag.py:3096} INFO - Sync 1 DAGs
[2024-05-27T21:06:49.559+0000] {logging_mixin.py:188} INFO - [2024-05-27T21:06:49.558+0000] {dag.py:3954} INFO - Setting next_dagrun for example_skip_dag to 2024-05-26 00:00:00+00:00, run_after=2024-05-27 00:00:00+00:00
[2024-05-27T21:06:49.606+0000] {processor.py:183} INFO - Processing /home/airflow/.local/lib/python3.8/site-packages/airflow/example_dags/example_skip_dag.py took 0.365 seconds
[2024-05-27T21:07:19.895+0000] {processor.py:161} INFO - Started process (PID=157) to work on /home/airflow/.local/lib/python3.8/site-packages/airflow/example_dags/example_skip_dag.py
[2024-05-27T21:07:19.897+0000] {processor.py:830} INFO - Processing file /home/airflow/.local/lib/python3.8/site-packages/airflow/example_dags/example_skip_dag.py for tasks to queue
[2024-05-27T21:07:19.899+0000] {logging_mixin.py:188} INFO - [2024-05-27T21:07:19.899+0000] {dagbag.py:545} INFO - Filling up the DagBag from /home/airflow/.local/lib/python3.8/site-packages/airflow/example_dags/example_skip_dag.py
[2024-05-27T21:07:19.911+0000] {processor.py:840} INFO - DAG(s) 'example_skip_dag' retrieved from /home/airflow/.local/lib/python3.8/site-packages/airflow/example_dags/example_skip_dag.py
[2024-05-27T21:07:19.946+0000] {logging_mixin.py:188} INFO - [2024-05-27T21:07:19.945+0000] {dag.py:3096} INFO - Sync 1 DAGs
[2024-05-27T21:07:19.976+0000] {logging_mixin.py:188} INFO - [2024-05-27T21:07:19.976+0000] {dag.py:3954} INFO - Setting next_dagrun for example_skip_dag to 2024-05-26 00:00:00+00:00, run_after=2024-05-27 00:00:00+00:00
[2024-05-27T21:07:20.003+0000] {processor.py:183} INFO - Processing /home/airflow/.local/lib/python3.8/site-packages/airflow/example_dags/example_skip_dag.py took 0.117 seconds
[2024-05-27T21:07:50.481+0000] {processor.py:161} INFO - Started process (PID=227) to work on /home/airflow/.local/lib/python3.8/site-packages/airflow/example_dags/example_skip_dag.py
[2024-05-27T21:07:50.589+0000] {processor.py:830} INFO - Processing file /home/airflow/.local/lib/python3.8/site-packages/airflow/example_dags/example_skip_dag.py for tasks to queue
[2024-05-27T21:07:50.616+0000] {logging_mixin.py:188} INFO - [2024-05-27T21:07:50.616+0000] {dagbag.py:545} INFO - Filling up the DagBag from /home/airflow/.local/lib/python3.8/site-packages/airflow/example_dags/example_skip_dag.py
[2024-05-27T21:07:50.669+0000] {processor.py:840} INFO - DAG(s) 'example_skip_dag' retrieved from /home/airflow/.local/lib/python3.8/site-packages/airflow/example_dags/example_skip_dag.py
[2024-05-27T21:07:50.746+0000] {logging_mixin.py:188} INFO - [2024-05-27T21:07:50.746+0000] {dag.py:3096} INFO - Sync 1 DAGs
[2024-05-27T21:07:50.815+0000] {logging_mixin.py:188} INFO - [2024-05-27T21:07:50.815+0000] {dag.py:3954} INFO - Setting next_dagrun for example_skip_dag to 2024-05-26 00:00:00+00:00, run_after=2024-05-27 00:00:00+00:00
[2024-05-27T21:07:50.907+0000] {processor.py:183} INFO - Processing /home/airflow/.local/lib/python3.8/site-packages/airflow/example_dags/example_skip_dag.py took 0.448 seconds
[2024-05-27T21:08:21.789+0000] {processor.py:161} INFO - Started process (PID=297) to work on /home/airflow/.local/lib/python3.8/site-packages/airflow/example_dags/example_skip_dag.py
[2024-05-27T21:08:21.791+0000] {processor.py:830} INFO - Processing file /home/airflow/.local/lib/python3.8/site-packages/airflow/example_dags/example_skip_dag.py for tasks to queue
[2024-05-27T21:08:21.796+0000] {logging_mixin.py:188} INFO - [2024-05-27T21:08:21.796+0000] {dagbag.py:545} INFO - Filling up the DagBag from /home/airflow/.local/lib/python3.8/site-packages/airflow/example_dags/example_skip_dag.py
[2024-05-27T21:08:21.811+0000] {processor.py:840} INFO - DAG(s) 'example_skip_dag' retrieved from /home/airflow/.local/lib/python3.8/site-packages/airflow/example_dags/example_skip_dag.py
[2024-05-27T21:08:21.869+0000] {logging_mixin.py:188} INFO - [2024-05-27T21:08:21.869+0000] {dag.py:3096} INFO - Sync 1 DAGs
[2024-05-27T21:08:21.899+0000] {logging_mixin.py:188} INFO - [2024-05-27T21:08:21.898+0000] {dag.py:3954} INFO - Setting next_dagrun for example_skip_dag to 2024-05-26 00:00:00+00:00, run_after=2024-05-27 00:00:00+00:00
[2024-05-27T21:08:21.937+0000] {processor.py:183} INFO - Processing /home/airflow/.local/lib/python3.8/site-packages/airflow/example_dags/example_skip_dag.py took 0.182 seconds
[2024-05-27T21:08:52.411+0000] {processor.py:161} INFO - Started process (PID=367) to work on /home/airflow/.local/lib/python3.8/site-packages/airflow/example_dags/example_skip_dag.py
[2024-05-27T21:08:52.413+0000] {processor.py:830} INFO - Processing file /home/airflow/.local/lib/python3.8/site-packages/airflow/example_dags/example_skip_dag.py for tasks to queue
[2024-05-27T21:08:52.418+0000] {logging_mixin.py:188} INFO - [2024-05-27T21:08:52.417+0000] {dagbag.py:545} INFO - Filling up the DagBag from /home/airflow/.local/lib/python3.8/site-packages/airflow/example_dags/example_skip_dag.py
[2024-05-27T21:08:52.427+0000] {processor.py:840} INFO - DAG(s) 'example_skip_dag' retrieved from /home/airflow/.local/lib/python3.8/site-packages/airflow/example_dags/example_skip_dag.py
[2024-05-27T21:08:52.457+0000] {logging_mixin.py:188} INFO - [2024-05-27T21:08:52.457+0000] {dag.py:3096} INFO - Sync 1 DAGs
[2024-05-27T21:08:52.490+0000] {logging_mixin.py:188} INFO - [2024-05-27T21:08:52.490+0000] {dag.py:3954} INFO - Setting next_dagrun for example_skip_dag to 2024-05-26 00:00:00+00:00, run_after=2024-05-27 00:00:00+00:00
[2024-05-27T21:08:52.538+0000] {processor.py:183} INFO - Processing /home/airflow/.local/lib/python3.8/site-packages/airflow/example_dags/example_skip_dag.py took 0.136 seconds
[2024-05-27T21:09:23.161+0000] {processor.py:161} INFO - Started process (PID=438) to work on /home/airflow/.local/lib/python3.8/site-packages/airflow/example_dags/example_skip_dag.py
[2024-05-27T21:09:23.163+0000] {processor.py:830} INFO - Processing file /home/airflow/.local/lib/python3.8/site-packages/airflow/example_dags/example_skip_dag.py for tasks to queue
[2024-05-27T21:09:23.170+0000] {logging_mixin.py:188} INFO - [2024-05-27T21:09:23.170+0000] {dagbag.py:545} INFO - Filling up the DagBag from /home/airflow/.local/lib/python3.8/site-packages/airflow/example_dags/example_skip_dag.py
[2024-05-27T21:09:23.180+0000] {processor.py:840} INFO - DAG(s) 'example_skip_dag' retrieved from /home/airflow/.local/lib/python3.8/site-packages/airflow/example_dags/example_skip_dag.py
[2024-05-27T21:09:23.221+0000] {logging_mixin.py:188} INFO - [2024-05-27T21:09:23.221+0000] {dag.py:3096} INFO - Sync 1 DAGs
[2024-05-27T21:09:23.255+0000] {logging_mixin.py:188} INFO - [2024-05-27T21:09:23.255+0000] {dag.py:3954} INFO - Setting next_dagrun for example_skip_dag to 2024-05-26 00:00:00+00:00, run_after=2024-05-27 00:00:00+00:00
[2024-05-27T21:09:23.288+0000] {processor.py:183} INFO - Processing /home/airflow/.local/lib/python3.8/site-packages/airflow/example_dags/example_skip_dag.py took 0.138 seconds
[2024-05-27T21:09:53.803+0000] {processor.py:161} INFO - Started process (PID=507) to work on /home/airflow/.local/lib/python3.8/site-packages/airflow/example_dags/example_skip_dag.py
[2024-05-27T21:09:53.804+0000] {processor.py:830} INFO - Processing file /home/airflow/.local/lib/python3.8/site-packages/airflow/example_dags/example_skip_dag.py for tasks to queue
[2024-05-27T21:09:53.807+0000] {logging_mixin.py:188} INFO - [2024-05-27T21:09:53.806+0000] {dagbag.py:545} INFO - Filling up the DagBag from /home/airflow/.local/lib/python3.8/site-packages/airflow/example_dags/example_skip_dag.py
[2024-05-27T21:09:53.818+0000] {processor.py:840} INFO - DAG(s) 'example_skip_dag' retrieved from /home/airflow/.local/lib/python3.8/site-packages/airflow/example_dags/example_skip_dag.py
[2024-05-27T21:09:53.859+0000] {logging_mixin.py:188} INFO - [2024-05-27T21:09:53.859+0000] {dag.py:3096} INFO - Sync 1 DAGs
[2024-05-27T21:09:53.895+0000] {logging_mixin.py:188} INFO - [2024-05-27T21:09:53.895+0000] {dag.py:3954} INFO - Setting next_dagrun for example_skip_dag to 2024-05-26 00:00:00+00:00, run_after=2024-05-27 00:00:00+00:00
[2024-05-27T21:09:53.933+0000] {processor.py:183} INFO - Processing /home/airflow/.local/lib/python3.8/site-packages/airflow/example_dags/example_skip_dag.py took 0.140 seconds
[2024-05-27T21:10:24.475+0000] {processor.py:161} INFO - Started process (PID=577) to work on /home/airflow/.local/lib/python3.8/site-packages/airflow/example_dags/example_skip_dag.py
[2024-05-27T21:10:24.488+0000] {processor.py:830} INFO - Processing file /home/airflow/.local/lib/python3.8/site-packages/airflow/example_dags/example_skip_dag.py for tasks to queue
[2024-05-27T21:10:24.493+0000] {logging_mixin.py:188} INFO - [2024-05-27T21:10:24.492+0000] {dagbag.py:545} INFO - Filling up the DagBag from /home/airflow/.local/lib/python3.8/site-packages/airflow/example_dags/example_skip_dag.py
[2024-05-27T21:10:24.527+0000] {processor.py:840} INFO - DAG(s) 'example_skip_dag' retrieved from /home/airflow/.local/lib/python3.8/site-packages/airflow/example_dags/example_skip_dag.py
[2024-05-27T21:10:24.616+0000] {logging_mixin.py:188} INFO - [2024-05-27T21:10:24.615+0000] {dag.py:3096} INFO - Sync 1 DAGs
[2024-05-27T21:10:24.767+0000] {logging_mixin.py:188} INFO - [2024-05-27T21:10:24.757+0000] {dag.py:3954} INFO - Setting next_dagrun for example_skip_dag to 2024-05-26 00:00:00+00:00, run_after=2024-05-27 00:00:00+00:00
[2024-05-27T21:10:24.886+0000] {processor.py:183} INFO - Processing /home/airflow/.local/lib/python3.8/site-packages/airflow/example_dags/example_skip_dag.py took 0.432 seconds
[2024-05-27T21:10:54.976+0000] {processor.py:161} INFO - Started process (PID=647) to work on /home/airflow/.local/lib/python3.8/site-packages/airflow/example_dags/example_skip_dag.py
[2024-05-27T21:10:54.977+0000] {processor.py:830} INFO - Processing file /home/airflow/.local/lib/python3.8/site-packages/airflow/example_dags/example_skip_dag.py for tasks to queue
[2024-05-27T21:10:54.981+0000] {logging_mixin.py:188} INFO - [2024-05-27T21:10:54.980+0000] {dagbag.py:545} INFO - Filling up the DagBag from /home/airflow/.local/lib/python3.8/site-packages/airflow/example_dags/example_skip_dag.py
[2024-05-27T21:10:54.990+0000] {processor.py:840} INFO - DAG(s) 'example_skip_dag' retrieved from /home/airflow/.local/lib/python3.8/site-packages/airflow/example_dags/example_skip_dag.py
[2024-05-27T21:10:55.035+0000] {logging_mixin.py:188} INFO - [2024-05-27T21:10:55.035+0000] {dag.py:3096} INFO - Sync 1 DAGs
[2024-05-27T21:10:55.071+0000] {logging_mixin.py:188} INFO - [2024-05-27T21:10:55.071+0000] {dag.py:3954} INFO - Setting next_dagrun for example_skip_dag to 2024-05-26 00:00:00+00:00, run_after=2024-05-27 00:00:00+00:00
[2024-05-27T21:10:55.102+0000] {processor.py:183} INFO - Processing /home/airflow/.local/lib/python3.8/site-packages/airflow/example_dags/example_skip_dag.py took 0.139 seconds
[2024-05-27T21:11:25.284+0000] {processor.py:161} INFO - Started process (PID=717) to work on /home/airflow/.local/lib/python3.8/site-packages/airflow/example_dags/example_skip_dag.py
[2024-05-27T21:11:25.285+0000] {processor.py:830} INFO - Processing file /home/airflow/.local/lib/python3.8/site-packages/airflow/example_dags/example_skip_dag.py for tasks to queue
[2024-05-27T21:11:25.288+0000] {logging_mixin.py:188} INFO - [2024-05-27T21:11:25.287+0000] {dagbag.py:545} INFO - Filling up the DagBag from /home/airflow/.local/lib/python3.8/site-packages/airflow/example_dags/example_skip_dag.py
[2024-05-27T21:11:25.296+0000] {processor.py:840} INFO - DAG(s) 'example_skip_dag' retrieved from /home/airflow/.local/lib/python3.8/site-packages/airflow/example_dags/example_skip_dag.py
[2024-05-27T21:11:25.330+0000] {logging_mixin.py:188} INFO - [2024-05-27T21:11:25.330+0000] {dag.py:3096} INFO - Sync 1 DAGs
[2024-05-27T21:11:25.375+0000] {logging_mixin.py:188} INFO - [2024-05-27T21:11:25.375+0000] {dag.py:3954} INFO - Setting next_dagrun for example_skip_dag to 2024-05-26 00:00:00+00:00, run_after=2024-05-27 00:00:00+00:00
[2024-05-27T21:11:25.407+0000] {processor.py:183} INFO - Processing /home/airflow/.local/lib/python3.8/site-packages/airflow/example_dags/example_skip_dag.py took 0.131 seconds
[2024-05-27T21:11:55.905+0000] {processor.py:161} INFO - Started process (PID=786) to work on /home/airflow/.local/lib/python3.8/site-packages/airflow/example_dags/example_skip_dag.py
[2024-05-27T21:11:55.907+0000] {processor.py:830} INFO - Processing file /home/airflow/.local/lib/python3.8/site-packages/airflow/example_dags/example_skip_dag.py for tasks to queue
[2024-05-27T21:11:55.916+0000] {logging_mixin.py:188} INFO - [2024-05-27T21:11:55.915+0000] {dagbag.py:545} INFO - Filling up the DagBag from /home/airflow/.local/lib/python3.8/site-packages/airflow/example_dags/example_skip_dag.py
[2024-05-27T21:11:55.938+0000] {processor.py:840} INFO - DAG(s) 'example_skip_dag' retrieved from /home/airflow/.local/lib/python3.8/site-packages/airflow/example_dags/example_skip_dag.py
[2024-05-27T21:11:56.005+0000] {logging_mixin.py:188} INFO - [2024-05-27T21:11:56.004+0000] {dag.py:3096} INFO - Sync 1 DAGs
[2024-05-27T21:11:56.046+0000] {logging_mixin.py:188} INFO - [2024-05-27T21:11:56.046+0000] {dag.py:3954} INFO - Setting next_dagrun for example_skip_dag to 2024-05-26 00:00:00+00:00, run_after=2024-05-27 00:00:00+00:00
[2024-05-27T21:11:56.081+0000] {processor.py:183} INFO - Processing /home/airflow/.local/lib/python3.8/site-packages/airflow/example_dags/example_skip_dag.py took 0.190 seconds
[2024-05-27T21:12:26.833+0000] {processor.py:161} INFO - Started process (PID=857) to work on /home/airflow/.local/lib/python3.8/site-packages/airflow/example_dags/example_skip_dag.py
[2024-05-27T21:12:26.834+0000] {processor.py:830} INFO - Processing file /home/airflow/.local/lib/python3.8/site-packages/airflow/example_dags/example_skip_dag.py for tasks to queue
[2024-05-27T21:12:26.836+0000] {logging_mixin.py:188} INFO - [2024-05-27T21:12:26.836+0000] {dagbag.py:545} INFO - Filling up the DagBag from /home/airflow/.local/lib/python3.8/site-packages/airflow/example_dags/example_skip_dag.py
[2024-05-27T21:12:26.844+0000] {processor.py:840} INFO - DAG(s) 'example_skip_dag' retrieved from /home/airflow/.local/lib/python3.8/site-packages/airflow/example_dags/example_skip_dag.py
[2024-05-27T21:12:26.867+0000] {logging_mixin.py:188} INFO - [2024-05-27T21:12:26.867+0000] {dag.py:3096} INFO - Sync 1 DAGs
[2024-05-27T21:12:26.889+0000] {logging_mixin.py:188} INFO - [2024-05-27T21:12:26.889+0000] {dag.py:3954} INFO - Setting next_dagrun for example_skip_dag to 2024-05-26 00:00:00+00:00, run_after=2024-05-27 00:00:00+00:00
[2024-05-27T21:12:26.915+0000] {processor.py:183} INFO - Processing /home/airflow/.local/lib/python3.8/site-packages/airflow/example_dags/example_skip_dag.py took 0.089 seconds
[2024-05-27T21:12:57.704+0000] {processor.py:161} INFO - Started process (PID=934) to work on /home/airflow/.local/lib/python3.8/site-packages/airflow/example_dags/example_skip_dag.py
[2024-05-27T21:12:57.705+0000] {processor.py:830} INFO - Processing file /home/airflow/.local/lib/python3.8/site-packages/airflow/example_dags/example_skip_dag.py for tasks to queue
[2024-05-27T21:12:57.708+0000] {logging_mixin.py:188} INFO - [2024-05-27T21:12:57.707+0000] {dagbag.py:545} INFO - Filling up the DagBag from /home/airflow/.local/lib/python3.8/site-packages/airflow/example_dags/example_skip_dag.py
[2024-05-27T21:12:57.717+0000] {processor.py:840} INFO - DAG(s) 'example_skip_dag' retrieved from /home/airflow/.local/lib/python3.8/site-packages/airflow/example_dags/example_skip_dag.py
[2024-05-27T21:12:57.747+0000] {logging_mixin.py:188} INFO - [2024-05-27T21:12:57.746+0000] {dag.py:3096} INFO - Sync 1 DAGs
[2024-05-27T21:12:57.771+0000] {logging_mixin.py:188} INFO - [2024-05-27T21:12:57.771+0000] {dag.py:3954} INFO - Setting next_dagrun for example_skip_dag to 2024-05-26 00:00:00+00:00, run_after=2024-05-27 00:00:00+00:00
[2024-05-27T21:12:57.794+0000] {processor.py:183} INFO - Processing /home/airflow/.local/lib/python3.8/site-packages/airflow/example_dags/example_skip_dag.py took 0.099 seconds
[2024-05-27T21:13:28.166+0000] {processor.py:161} INFO - Started process (PID=1005) to work on /home/airflow/.local/lib/python3.8/site-packages/airflow/example_dags/example_skip_dag.py
[2024-05-27T21:13:28.167+0000] {processor.py:830} INFO - Processing file /home/airflow/.local/lib/python3.8/site-packages/airflow/example_dags/example_skip_dag.py for tasks to queue
[2024-05-27T21:13:28.169+0000] {logging_mixin.py:188} INFO - [2024-05-27T21:13:28.169+0000] {dagbag.py:545} INFO - Filling up the DagBag from /home/airflow/.local/lib/python3.8/site-packages/airflow/example_dags/example_skip_dag.py
[2024-05-27T21:13:28.176+0000] {processor.py:840} INFO - DAG(s) 'example_skip_dag' retrieved from /home/airflow/.local/lib/python3.8/site-packages/airflow/example_dags/example_skip_dag.py
[2024-05-27T21:13:28.199+0000] {logging_mixin.py:188} INFO - [2024-05-27T21:13:28.198+0000] {dag.py:3096} INFO - Sync 1 DAGs
[2024-05-27T21:13:28.221+0000] {logging_mixin.py:188} INFO - [2024-05-27T21:13:28.221+0000] {dag.py:3954} INFO - Setting next_dagrun for example_skip_dag to 2024-05-26 00:00:00+00:00, run_after=2024-05-27 00:00:00+00:00
[2024-05-27T21:13:28.242+0000] {processor.py:183} INFO - Processing /home/airflow/.local/lib/python3.8/site-packages/airflow/example_dags/example_skip_dag.py took 0.082 seconds
[2024-05-27T21:13:58.659+0000] {processor.py:161} INFO - Started process (PID=1074) to work on /home/airflow/.local/lib/python3.8/site-packages/airflow/example_dags/example_skip_dag.py
[2024-05-27T21:13:58.661+0000] {processor.py:830} INFO - Processing file /home/airflow/.local/lib/python3.8/site-packages/airflow/example_dags/example_skip_dag.py for tasks to queue
[2024-05-27T21:13:58.663+0000] {logging_mixin.py:188} INFO - [2024-05-27T21:13:58.662+0000] {dagbag.py:545} INFO - Filling up the DagBag from /home/airflow/.local/lib/python3.8/site-packages/airflow/example_dags/example_skip_dag.py
[2024-05-27T21:13:58.669+0000] {processor.py:840} INFO - DAG(s) 'example_skip_dag' retrieved from /home/airflow/.local/lib/python3.8/site-packages/airflow/example_dags/example_skip_dag.py
[2024-05-27T21:13:58.692+0000] {logging_mixin.py:188} INFO - [2024-05-27T21:13:58.692+0000] {dag.py:3096} INFO - Sync 1 DAGs
[2024-05-27T21:13:58.712+0000] {logging_mixin.py:188} INFO - [2024-05-27T21:13:58.712+0000] {dag.py:3954} INFO - Setting next_dagrun for example_skip_dag to 2024-05-26 00:00:00+00:00, run_after=2024-05-27 00:00:00+00:00
[2024-05-27T21:13:58.737+0000] {processor.py:183} INFO - Processing /home/airflow/.local/lib/python3.8/site-packages/airflow/example_dags/example_skip_dag.py took 0.084 seconds
[2024-05-27T21:14:29.292+0000] {processor.py:161} INFO - Started process (PID=1152) to work on /home/airflow/.local/lib/python3.8/site-packages/airflow/example_dags/example_skip_dag.py
[2024-05-27T21:14:29.293+0000] {processor.py:830} INFO - Processing file /home/airflow/.local/lib/python3.8/site-packages/airflow/example_dags/example_skip_dag.py for tasks to queue
[2024-05-27T21:14:29.295+0000] {logging_mixin.py:188} INFO - [2024-05-27T21:14:29.295+0000] {dagbag.py:545} INFO - Filling up the DagBag from /home/airflow/.local/lib/python3.8/site-packages/airflow/example_dags/example_skip_dag.py
[2024-05-27T21:14:29.304+0000] {processor.py:840} INFO - DAG(s) 'example_skip_dag' retrieved from /home/airflow/.local/lib/python3.8/site-packages/airflow/example_dags/example_skip_dag.py
[2024-05-27T21:14:29.327+0000] {logging_mixin.py:188} INFO - [2024-05-27T21:14:29.326+0000] {dag.py:3096} INFO - Sync 1 DAGs
[2024-05-27T21:14:29.348+0000] {logging_mixin.py:188} INFO - [2024-05-27T21:14:29.348+0000] {dag.py:3954} INFO - Setting next_dagrun for example_skip_dag to 2024-05-26 00:00:00+00:00, run_after=2024-05-27 00:00:00+00:00
[2024-05-27T21:14:29.371+0000] {processor.py:183} INFO - Processing /home/airflow/.local/lib/python3.8/site-packages/airflow/example_dags/example_skip_dag.py took 0.085 seconds
[2024-05-27T21:15:00.177+0000] {processor.py:161} INFO - Started process (PID=1223) to work on /home/airflow/.local/lib/python3.8/site-packages/airflow/example_dags/example_skip_dag.py
[2024-05-27T21:15:00.179+0000] {processor.py:830} INFO - Processing file /home/airflow/.local/lib/python3.8/site-packages/airflow/example_dags/example_skip_dag.py for tasks to queue
[2024-05-27T21:15:00.181+0000] {logging_mixin.py:188} INFO - [2024-05-27T21:15:00.180+0000] {dagbag.py:545} INFO - Filling up the DagBag from /home/airflow/.local/lib/python3.8/site-packages/airflow/example_dags/example_skip_dag.py
[2024-05-27T21:15:00.188+0000] {processor.py:840} INFO - DAG(s) 'example_skip_dag' retrieved from /home/airflow/.local/lib/python3.8/site-packages/airflow/example_dags/example_skip_dag.py
[2024-05-27T21:15:00.212+0000] {logging_mixin.py:188} INFO - [2024-05-27T21:15:00.212+0000] {dag.py:3096} INFO - Sync 1 DAGs
[2024-05-27T21:15:00.235+0000] {logging_mixin.py:188} INFO - [2024-05-27T21:15:00.235+0000] {dag.py:3954} INFO - Setting next_dagrun for example_skip_dag to 2024-05-26 00:00:00+00:00, run_after=2024-05-27 00:00:00+00:00
[2024-05-27T21:15:00.262+0000] {processor.py:183} INFO - Processing /home/airflow/.local/lib/python3.8/site-packages/airflow/example_dags/example_skip_dag.py took 0.090 seconds
[2024-05-27T21:15:30.906+0000] {processor.py:161} INFO - Started process (PID=1300) to work on /home/airflow/.local/lib/python3.8/site-packages/airflow/example_dags/example_skip_dag.py
[2024-05-27T21:15:30.907+0000] {processor.py:830} INFO - Processing file /home/airflow/.local/lib/python3.8/site-packages/airflow/example_dags/example_skip_dag.py for tasks to queue
[2024-05-27T21:15:30.909+0000] {logging_mixin.py:188} INFO - [2024-05-27T21:15:30.909+0000] {dagbag.py:545} INFO - Filling up the DagBag from /home/airflow/.local/lib/python3.8/site-packages/airflow/example_dags/example_skip_dag.py
[2024-05-27T21:15:30.916+0000] {processor.py:840} INFO - DAG(s) 'example_skip_dag' retrieved from /home/airflow/.local/lib/python3.8/site-packages/airflow/example_dags/example_skip_dag.py
[2024-05-27T21:15:30.936+0000] {logging_mixin.py:188} INFO - [2024-05-27T21:15:30.936+0000] {dag.py:3096} INFO - Sync 1 DAGs
[2024-05-27T21:15:30.957+0000] {logging_mixin.py:188} INFO - [2024-05-27T21:15:30.957+0000] {dag.py:3954} INFO - Setting next_dagrun for example_skip_dag to 2024-05-26 00:00:00+00:00, run_after=2024-05-27 00:00:00+00:00
[2024-05-27T21:15:30.978+0000] {processor.py:183} INFO - Processing /home/airflow/.local/lib/python3.8/site-packages/airflow/example_dags/example_skip_dag.py took 0.078 seconds
[2024-05-27T21:16:01.356+0000] {processor.py:161} INFO - Started process (PID=1371) to work on /home/airflow/.local/lib/python3.8/site-packages/airflow/example_dags/example_skip_dag.py
[2024-05-27T21:16:01.358+0000] {processor.py:830} INFO - Processing file /home/airflow/.local/lib/python3.8/site-packages/airflow/example_dags/example_skip_dag.py for tasks to queue
[2024-05-27T21:16:01.360+0000] {logging_mixin.py:188} INFO - [2024-05-27T21:16:01.360+0000] {dagbag.py:545} INFO - Filling up the DagBag from /home/airflow/.local/lib/python3.8/site-packages/airflow/example_dags/example_skip_dag.py
[2024-05-27T21:16:01.370+0000] {processor.py:840} INFO - DAG(s) 'example_skip_dag' retrieved from /home/airflow/.local/lib/python3.8/site-packages/airflow/example_dags/example_skip_dag.py
[2024-05-27T21:16:01.395+0000] {logging_mixin.py:188} INFO - [2024-05-27T21:16:01.395+0000] {dag.py:3096} INFO - Sync 1 DAGs
[2024-05-27T21:16:01.419+0000] {logging_mixin.py:188} INFO - [2024-05-27T21:16:01.418+0000] {dag.py:3954} INFO - Setting next_dagrun for example_skip_dag to 2024-05-26 00:00:00+00:00, run_after=2024-05-27 00:00:00+00:00
[2024-05-27T21:16:01.440+0000] {processor.py:183} INFO - Processing /home/airflow/.local/lib/python3.8/site-packages/airflow/example_dags/example_skip_dag.py took 0.090 seconds
[2024-05-27T21:16:31.799+0000] {processor.py:161} INFO - Started process (PID=1442) to work on /home/airflow/.local/lib/python3.8/site-packages/airflow/example_dags/example_skip_dag.py
[2024-05-27T21:16:31.800+0000] {processor.py:830} INFO - Processing file /home/airflow/.local/lib/python3.8/site-packages/airflow/example_dags/example_skip_dag.py for tasks to queue
[2024-05-27T21:16:31.801+0000] {logging_mixin.py:188} INFO - [2024-05-27T21:16:31.801+0000] {dagbag.py:545} INFO - Filling up the DagBag from /home/airflow/.local/lib/python3.8/site-packages/airflow/example_dags/example_skip_dag.py
[2024-05-27T21:16:31.808+0000] {processor.py:840} INFO - DAG(s) 'example_skip_dag' retrieved from /home/airflow/.local/lib/python3.8/site-packages/airflow/example_dags/example_skip_dag.py
[2024-05-27T21:16:31.833+0000] {logging_mixin.py:188} INFO - [2024-05-27T21:16:31.832+0000] {dag.py:3096} INFO - Sync 1 DAGs
[2024-05-27T21:16:31.854+0000] {logging_mixin.py:188} INFO - [2024-05-27T21:16:31.854+0000] {dag.py:3954} INFO - Setting next_dagrun for example_skip_dag to 2024-05-26 00:00:00+00:00, run_after=2024-05-27 00:00:00+00:00
[2024-05-27T21:16:31.875+0000] {processor.py:183} INFO - Processing /home/airflow/.local/lib/python3.8/site-packages/airflow/example_dags/example_skip_dag.py took 0.083 seconds
[2024-05-27T21:17:02.503+0000] {processor.py:161} INFO - Started process (PID=1521) to work on /home/airflow/.local/lib/python3.8/site-packages/airflow/example_dags/example_skip_dag.py
[2024-05-27T21:17:02.505+0000] {processor.py:830} INFO - Processing file /home/airflow/.local/lib/python3.8/site-packages/airflow/example_dags/example_skip_dag.py for tasks to queue
[2024-05-27T21:17:02.507+0000] {logging_mixin.py:188} INFO - [2024-05-27T21:17:02.507+0000] {dagbag.py:545} INFO - Filling up the DagBag from /home/airflow/.local/lib/python3.8/site-packages/airflow/example_dags/example_skip_dag.py
[2024-05-27T21:17:02.519+0000] {processor.py:840} INFO - DAG(s) 'example_skip_dag' retrieved from /home/airflow/.local/lib/python3.8/site-packages/airflow/example_dags/example_skip_dag.py
[2024-05-27T21:17:02.545+0000] {logging_mixin.py:188} INFO - [2024-05-27T21:17:02.544+0000] {dag.py:3096} INFO - Sync 1 DAGs
[2024-05-27T21:17:02.577+0000] {logging_mixin.py:188} INFO - [2024-05-27T21:17:02.576+0000] {dag.py:3954} INFO - Setting next_dagrun for example_skip_dag to 2024-05-26 00:00:00+00:00, run_after=2024-05-27 00:00:00+00:00
[2024-05-27T21:17:02.616+0000] {processor.py:183} INFO - Processing /home/airflow/.local/lib/python3.8/site-packages/airflow/example_dags/example_skip_dag.py took 0.127 seconds
[2024-05-27T21:17:32.676+0000] {processor.py:161} INFO - Started process (PID=1591) to work on /home/airflow/.local/lib/python3.8/site-packages/airflow/example_dags/example_skip_dag.py
[2024-05-27T21:17:32.677+0000] {processor.py:830} INFO - Processing file /home/airflow/.local/lib/python3.8/site-packages/airflow/example_dags/example_skip_dag.py for tasks to queue
[2024-05-27T21:17:32.679+0000] {logging_mixin.py:188} INFO - [2024-05-27T21:17:32.679+0000] {dagbag.py:545} INFO - Filling up the DagBag from /home/airflow/.local/lib/python3.8/site-packages/airflow/example_dags/example_skip_dag.py
[2024-05-27T21:17:32.687+0000] {processor.py:840} INFO - DAG(s) 'example_skip_dag' retrieved from /home/airflow/.local/lib/python3.8/site-packages/airflow/example_dags/example_skip_dag.py
[2024-05-27T21:17:32.724+0000] {logging_mixin.py:188} INFO - [2024-05-27T21:17:32.724+0000] {dag.py:3096} INFO - Sync 1 DAGs
[2024-05-27T21:17:32.754+0000] {logging_mixin.py:188} INFO - [2024-05-27T21:17:32.753+0000] {dag.py:3954} INFO - Setting next_dagrun for example_skip_dag to 2024-05-26 00:00:00+00:00, run_after=2024-05-27 00:00:00+00:00
[2024-05-27T21:17:32.776+0000] {processor.py:183} INFO - Processing /home/airflow/.local/lib/python3.8/site-packages/airflow/example_dags/example_skip_dag.py took 0.106 seconds
[2024-05-27T21:18:13.046+0000] {processor.py:161} INFO - Started process (PID=1668) to work on /home/airflow/.local/lib/python3.8/site-packages/airflow/example_dags/example_skip_dag.py
[2024-05-27T21:18:13.048+0000] {processor.py:830} INFO - Processing file /home/airflow/.local/lib/python3.8/site-packages/airflow/example_dags/example_skip_dag.py for tasks to queue
[2024-05-27T21:18:13.052+0000] {logging_mixin.py:188} INFO - [2024-05-27T21:18:13.052+0000] {dagbag.py:545} INFO - Filling up the DagBag from /home/airflow/.local/lib/python3.8/site-packages/airflow/example_dags/example_skip_dag.py
[2024-05-27T21:18:13.071+0000] {processor.py:840} INFO - DAG(s) 'example_skip_dag' retrieved from /home/airflow/.local/lib/python3.8/site-packages/airflow/example_dags/example_skip_dag.py
[2024-05-27T21:18:13.117+0000] {logging_mixin.py:188} INFO - [2024-05-27T21:18:13.117+0000] {dag.py:3096} INFO - Sync 1 DAGs
[2024-05-27T21:18:13.157+0000] {logging_mixin.py:188} INFO - [2024-05-27T21:18:13.156+0000] {dag.py:3954} INFO - Setting next_dagrun for example_skip_dag to 2024-05-26 00:00:00+00:00, run_after=2024-05-27 00:00:00+00:00
[2024-05-27T21:18:13.211+0000] {processor.py:183} INFO - Processing /home/airflow/.local/lib/python3.8/site-packages/airflow/example_dags/example_skip_dag.py took 0.181 seconds
[2024-05-27T21:18:43.377+0000] {processor.py:161} INFO - Started process (PID=1740) to work on /home/airflow/.local/lib/python3.8/site-packages/airflow/example_dags/example_skip_dag.py
[2024-05-27T21:18:43.378+0000] {processor.py:830} INFO - Processing file /home/airflow/.local/lib/python3.8/site-packages/airflow/example_dags/example_skip_dag.py for tasks to queue
[2024-05-27T21:18:43.380+0000] {logging_mixin.py:188} INFO - [2024-05-27T21:18:43.380+0000] {dagbag.py:545} INFO - Filling up the DagBag from /home/airflow/.local/lib/python3.8/site-packages/airflow/example_dags/example_skip_dag.py
[2024-05-27T21:18:43.387+0000] {processor.py:840} INFO - DAG(s) 'example_skip_dag' retrieved from /home/airflow/.local/lib/python3.8/site-packages/airflow/example_dags/example_skip_dag.py
[2024-05-27T21:18:43.414+0000] {logging_mixin.py:188} INFO - [2024-05-27T21:18:43.414+0000] {dag.py:3096} INFO - Sync 1 DAGs
[2024-05-27T21:18:43.435+0000] {logging_mixin.py:188} INFO - [2024-05-27T21:18:43.435+0000] {dag.py:3954} INFO - Setting next_dagrun for example_skip_dag to 2024-05-26 00:00:00+00:00, run_after=2024-05-27 00:00:00+00:00
[2024-05-27T21:18:43.457+0000] {processor.py:183} INFO - Processing /home/airflow/.local/lib/python3.8/site-packages/airflow/example_dags/example_skip_dag.py took 0.088 seconds
[2024-05-27T21:19:14.319+0000] {processor.py:161} INFO - Started process (PID=1810) to work on /home/airflow/.local/lib/python3.8/site-packages/airflow/example_dags/example_skip_dag.py
[2024-05-27T21:19:14.326+0000] {processor.py:830} INFO - Processing file /home/airflow/.local/lib/python3.8/site-packages/airflow/example_dags/example_skip_dag.py for tasks to queue
[2024-05-27T21:19:14.329+0000] {logging_mixin.py:188} INFO - [2024-05-27T21:19:14.328+0000] {dagbag.py:545} INFO - Filling up the DagBag from /home/airflow/.local/lib/python3.8/site-packages/airflow/example_dags/example_skip_dag.py
[2024-05-27T21:19:14.335+0000] {processor.py:840} INFO - DAG(s) 'example_skip_dag' retrieved from /home/airflow/.local/lib/python3.8/site-packages/airflow/example_dags/example_skip_dag.py
[2024-05-27T21:19:14.363+0000] {logging_mixin.py:188} INFO - [2024-05-27T21:19:14.363+0000] {dag.py:3096} INFO - Sync 1 DAGs
[2024-05-27T21:19:14.384+0000] {logging_mixin.py:188} INFO - [2024-05-27T21:19:14.384+0000] {dag.py:3954} INFO - Setting next_dagrun for example_skip_dag to 2024-05-26 00:00:00+00:00, run_after=2024-05-27 00:00:00+00:00
[2024-05-27T21:19:14.411+0000] {processor.py:183} INFO - Processing /home/airflow/.local/lib/python3.8/site-packages/airflow/example_dags/example_skip_dag.py took 0.098 seconds
[2024-05-27T21:19:45.112+0000] {processor.py:161} INFO - Started process (PID=1880) to work on /home/airflow/.local/lib/python3.8/site-packages/airflow/example_dags/example_skip_dag.py
[2024-05-27T21:19:45.113+0000] {processor.py:830} INFO - Processing file /home/airflow/.local/lib/python3.8/site-packages/airflow/example_dags/example_skip_dag.py for tasks to queue
[2024-05-27T21:19:45.115+0000] {logging_mixin.py:188} INFO - [2024-05-27T21:19:45.115+0000] {dagbag.py:545} INFO - Filling up the DagBag from /home/airflow/.local/lib/python3.8/site-packages/airflow/example_dags/example_skip_dag.py
[2024-05-27T21:19:45.125+0000] {processor.py:840} INFO - DAG(s) 'example_skip_dag' retrieved from /home/airflow/.local/lib/python3.8/site-packages/airflow/example_dags/example_skip_dag.py
[2024-05-27T21:19:45.149+0000] {logging_mixin.py:188} INFO - [2024-05-27T21:19:45.148+0000] {dag.py:3096} INFO - Sync 1 DAGs
[2024-05-27T21:19:45.176+0000] {logging_mixin.py:188} INFO - [2024-05-27T21:19:45.176+0000] {dag.py:3954} INFO - Setting next_dagrun for example_skip_dag to 2024-05-26 00:00:00+00:00, run_after=2024-05-27 00:00:00+00:00
[2024-05-27T21:19:45.197+0000] {processor.py:183} INFO - Processing /home/airflow/.local/lib/python3.8/site-packages/airflow/example_dags/example_skip_dag.py took 0.093 seconds
[2024-05-27T21:20:15.986+0000] {processor.py:161} INFO - Started process (PID=1958) to work on /home/airflow/.local/lib/python3.8/site-packages/airflow/example_dags/example_skip_dag.py
[2024-05-27T21:20:15.987+0000] {processor.py:830} INFO - Processing file /home/airflow/.local/lib/python3.8/site-packages/airflow/example_dags/example_skip_dag.py for tasks to queue
[2024-05-27T21:20:15.990+0000] {logging_mixin.py:188} INFO - [2024-05-27T21:20:15.989+0000] {dagbag.py:545} INFO - Filling up the DagBag from /home/airflow/.local/lib/python3.8/site-packages/airflow/example_dags/example_skip_dag.py
[2024-05-27T21:20:15.996+0000] {processor.py:840} INFO - DAG(s) 'example_skip_dag' retrieved from /home/airflow/.local/lib/python3.8/site-packages/airflow/example_dags/example_skip_dag.py
[2024-05-27T21:20:16.021+0000] {logging_mixin.py:188} INFO - [2024-05-27T21:20:16.021+0000] {dag.py:3096} INFO - Sync 1 DAGs
[2024-05-27T21:20:16.048+0000] {logging_mixin.py:188} INFO - [2024-05-27T21:20:16.048+0000] {dag.py:3954} INFO - Setting next_dagrun for example_skip_dag to 2024-05-26 00:00:00+00:00, run_after=2024-05-27 00:00:00+00:00
[2024-05-27T21:20:16.076+0000] {processor.py:183} INFO - Processing /home/airflow/.local/lib/python3.8/site-packages/airflow/example_dags/example_skip_dag.py took 0.099 seconds
[2024-05-27T21:20:46.670+0000] {processor.py:161} INFO - Started process (PID=2029) to work on /home/airflow/.local/lib/python3.8/site-packages/airflow/example_dags/example_skip_dag.py
[2024-05-27T21:20:46.671+0000] {processor.py:830} INFO - Processing file /home/airflow/.local/lib/python3.8/site-packages/airflow/example_dags/example_skip_dag.py for tasks to queue
[2024-05-27T21:20:46.674+0000] {logging_mixin.py:188} INFO - [2024-05-27T21:20:46.673+0000] {dagbag.py:545} INFO - Filling up the DagBag from /home/airflow/.local/lib/python3.8/site-packages/airflow/example_dags/example_skip_dag.py
[2024-05-27T21:20:46.682+0000] {processor.py:840} INFO - DAG(s) 'example_skip_dag' retrieved from /home/airflow/.local/lib/python3.8/site-packages/airflow/example_dags/example_skip_dag.py
[2024-05-27T21:20:46.708+0000] {logging_mixin.py:188} INFO - [2024-05-27T21:20:46.708+0000] {dag.py:3096} INFO - Sync 1 DAGs
[2024-05-27T21:20:46.730+0000] {logging_mixin.py:188} INFO - [2024-05-27T21:20:46.729+0000] {dag.py:3954} INFO - Setting next_dagrun for example_skip_dag to 2024-05-26 00:00:00+00:00, run_after=2024-05-27 00:00:00+00:00
[2024-05-27T21:20:46.757+0000] {processor.py:183} INFO - Processing /home/airflow/.local/lib/python3.8/site-packages/airflow/example_dags/example_skip_dag.py took 0.095 seconds
[2024-05-27T21:21:17.243+0000] {processor.py:161} INFO - Started process (PID=2123) to work on /home/airflow/.local/lib/python3.8/site-packages/airflow/example_dags/example_skip_dag.py
[2024-05-27T21:21:17.250+0000] {processor.py:830} INFO - Processing file /home/airflow/.local/lib/python3.8/site-packages/airflow/example_dags/example_skip_dag.py for tasks to queue
[2024-05-27T21:21:17.256+0000] {logging_mixin.py:188} INFO - [2024-05-27T21:21:17.255+0000] {dagbag.py:545} INFO - Filling up the DagBag from /home/airflow/.local/lib/python3.8/site-packages/airflow/example_dags/example_skip_dag.py
[2024-05-27T21:21:17.286+0000] {processor.py:840} INFO - DAG(s) 'example_skip_dag' retrieved from /home/airflow/.local/lib/python3.8/site-packages/airflow/example_dags/example_skip_dag.py
[2024-05-27T21:21:17.331+0000] {logging_mixin.py:188} INFO - [2024-05-27T21:21:17.330+0000] {dag.py:3096} INFO - Sync 1 DAGs
[2024-05-27T21:21:17.424+0000] {logging_mixin.py:188} INFO - [2024-05-27T21:21:17.424+0000] {dag.py:3954} INFO - Setting next_dagrun for example_skip_dag to 2024-05-26 00:00:00+00:00, run_after=2024-05-27 00:00:00+00:00
[2024-05-27T21:21:17.495+0000] {processor.py:183} INFO - Processing /home/airflow/.local/lib/python3.8/site-packages/airflow/example_dags/example_skip_dag.py took 0.262 seconds
[2024-05-27T21:21:48.004+0000] {processor.py:161} INFO - Started process (PID=2193) to work on /home/airflow/.local/lib/python3.8/site-packages/airflow/example_dags/example_skip_dag.py
[2024-05-27T21:21:48.006+0000] {processor.py:830} INFO - Processing file /home/airflow/.local/lib/python3.8/site-packages/airflow/example_dags/example_skip_dag.py for tasks to queue
[2024-05-27T21:21:48.008+0000] {logging_mixin.py:188} INFO - [2024-05-27T21:21:48.008+0000] {dagbag.py:545} INFO - Filling up the DagBag from /home/airflow/.local/lib/python3.8/site-packages/airflow/example_dags/example_skip_dag.py
[2024-05-27T21:21:48.015+0000] {processor.py:840} INFO - DAG(s) 'example_skip_dag' retrieved from /home/airflow/.local/lib/python3.8/site-packages/airflow/example_dags/example_skip_dag.py
[2024-05-27T21:21:48.040+0000] {logging_mixin.py:188} INFO - [2024-05-27T21:21:48.039+0000] {dag.py:3096} INFO - Sync 1 DAGs
[2024-05-27T21:21:48.061+0000] {logging_mixin.py:188} INFO - [2024-05-27T21:21:48.061+0000] {dag.py:3954} INFO - Setting next_dagrun for example_skip_dag to 2024-05-26 00:00:00+00:00, run_after=2024-05-27 00:00:00+00:00
[2024-05-27T21:21:48.087+0000] {processor.py:183} INFO - Processing /home/airflow/.local/lib/python3.8/site-packages/airflow/example_dags/example_skip_dag.py took 0.089 seconds
[2024-05-27T21:22:18.665+0000] {processor.py:161} INFO - Started process (PID=2270) to work on /home/airflow/.local/lib/python3.8/site-packages/airflow/example_dags/example_skip_dag.py
[2024-05-27T21:22:18.666+0000] {processor.py:830} INFO - Processing file /home/airflow/.local/lib/python3.8/site-packages/airflow/example_dags/example_skip_dag.py for tasks to queue
[2024-05-27T21:22:18.668+0000] {logging_mixin.py:188} INFO - [2024-05-27T21:22:18.668+0000] {dagbag.py:545} INFO - Filling up the DagBag from /home/airflow/.local/lib/python3.8/site-packages/airflow/example_dags/example_skip_dag.py
[2024-05-27T21:22:18.675+0000] {processor.py:840} INFO - DAG(s) 'example_skip_dag' retrieved from /home/airflow/.local/lib/python3.8/site-packages/airflow/example_dags/example_skip_dag.py
[2024-05-27T21:22:18.697+0000] {logging_mixin.py:188} INFO - [2024-05-27T21:22:18.697+0000] {dag.py:3096} INFO - Sync 1 DAGs
[2024-05-27T21:22:18.719+0000] {logging_mixin.py:188} INFO - [2024-05-27T21:22:18.719+0000] {dag.py:3954} INFO - Setting next_dagrun for example_skip_dag to 2024-05-26 00:00:00+00:00, run_after=2024-05-27 00:00:00+00:00
[2024-05-27T21:22:18.741+0000] {processor.py:183} INFO - Processing /home/airflow/.local/lib/python3.8/site-packages/airflow/example_dags/example_skip_dag.py took 0.082 seconds
[2024-05-27T21:22:49.431+0000] {processor.py:161} INFO - Started process (PID=2340) to work on /home/airflow/.local/lib/python3.8/site-packages/airflow/example_dags/example_skip_dag.py
[2024-05-27T21:22:49.433+0000] {processor.py:830} INFO - Processing file /home/airflow/.local/lib/python3.8/site-packages/airflow/example_dags/example_skip_dag.py for tasks to queue
[2024-05-27T21:22:49.435+0000] {logging_mixin.py:188} INFO - [2024-05-27T21:22:49.435+0000] {dagbag.py:545} INFO - Filling up the DagBag from /home/airflow/.local/lib/python3.8/site-packages/airflow/example_dags/example_skip_dag.py
[2024-05-27T21:22:49.447+0000] {processor.py:840} INFO - DAG(s) 'example_skip_dag' retrieved from /home/airflow/.local/lib/python3.8/site-packages/airflow/example_dags/example_skip_dag.py
[2024-05-27T21:22:49.474+0000] {logging_mixin.py:188} INFO - [2024-05-27T21:22:49.474+0000] {dag.py:3096} INFO - Sync 1 DAGs
[2024-05-27T21:22:49.503+0000] {logging_mixin.py:188} INFO - [2024-05-27T21:22:49.502+0000] {dag.py:3954} INFO - Setting next_dagrun for example_skip_dag to 2024-05-26 00:00:00+00:00, run_after=2024-05-27 00:00:00+00:00
[2024-05-27T21:22:49.526+0000] {processor.py:183} INFO - Processing /home/airflow/.local/lib/python3.8/site-packages/airflow/example_dags/example_skip_dag.py took 0.101 seconds
[2024-05-27T21:23:20.250+0000] {processor.py:161} INFO - Started process (PID=2410) to work on /home/airflow/.local/lib/python3.8/site-packages/airflow/example_dags/example_skip_dag.py
[2024-05-27T21:23:20.251+0000] {processor.py:830} INFO - Processing file /home/airflow/.local/lib/python3.8/site-packages/airflow/example_dags/example_skip_dag.py for tasks to queue
[2024-05-27T21:23:20.254+0000] {logging_mixin.py:188} INFO - [2024-05-27T21:23:20.253+0000] {dagbag.py:545} INFO - Filling up the DagBag from /home/airflow/.local/lib/python3.8/site-packages/airflow/example_dags/example_skip_dag.py
[2024-05-27T21:23:20.260+0000] {processor.py:840} INFO - DAG(s) 'example_skip_dag' retrieved from /home/airflow/.local/lib/python3.8/site-packages/airflow/example_dags/example_skip_dag.py
[2024-05-27T21:23:20.285+0000] {logging_mixin.py:188} INFO - [2024-05-27T21:23:20.285+0000] {dag.py:3096} INFO - Sync 1 DAGs
[2024-05-27T21:23:20.308+0000] {logging_mixin.py:188} INFO - [2024-05-27T21:23:20.308+0000] {dag.py:3954} INFO - Setting next_dagrun for example_skip_dag to 2024-05-26 00:00:00+00:00, run_after=2024-05-27 00:00:00+00:00
[2024-05-27T21:23:20.331+0000] {processor.py:183} INFO - Processing /home/airflow/.local/lib/python3.8/site-packages/airflow/example_dags/example_skip_dag.py took 0.088 seconds
[2024-05-27T21:23:50.723+0000] {processor.py:161} INFO - Started process (PID=2488) to work on /home/airflow/.local/lib/python3.8/site-packages/airflow/example_dags/example_skip_dag.py
[2024-05-27T21:23:50.725+0000] {processor.py:830} INFO - Processing file /home/airflow/.local/lib/python3.8/site-packages/airflow/example_dags/example_skip_dag.py for tasks to queue
[2024-05-27T21:23:50.727+0000] {logging_mixin.py:188} INFO - [2024-05-27T21:23:50.726+0000] {dagbag.py:545} INFO - Filling up the DagBag from /home/airflow/.local/lib/python3.8/site-packages/airflow/example_dags/example_skip_dag.py
[2024-05-27T21:23:50.733+0000] {processor.py:840} INFO - DAG(s) 'example_skip_dag' retrieved from /home/airflow/.local/lib/python3.8/site-packages/airflow/example_dags/example_skip_dag.py
[2024-05-27T21:23:50.757+0000] {logging_mixin.py:188} INFO - [2024-05-27T21:23:50.756+0000] {dag.py:3096} INFO - Sync 1 DAGs
[2024-05-27T21:23:50.776+0000] {logging_mixin.py:188} INFO - [2024-05-27T21:23:50.776+0000] {dag.py:3954} INFO - Setting next_dagrun for example_skip_dag to 2024-05-26 00:00:00+00:00, run_after=2024-05-27 00:00:00+00:00
[2024-05-27T21:23:50.797+0000] {processor.py:183} INFO - Processing /home/airflow/.local/lib/python3.8/site-packages/airflow/example_dags/example_skip_dag.py took 0.079 seconds
[2024-05-27T21:24:21.538+0000] {processor.py:161} INFO - Started process (PID=2559) to work on /home/airflow/.local/lib/python3.8/site-packages/airflow/example_dags/example_skip_dag.py
[2024-05-27T21:24:21.540+0000] {processor.py:830} INFO - Processing file /home/airflow/.local/lib/python3.8/site-packages/airflow/example_dags/example_skip_dag.py for tasks to queue
[2024-05-27T21:24:21.542+0000] {logging_mixin.py:188} INFO - [2024-05-27T21:24:21.541+0000] {dagbag.py:545} INFO - Filling up the DagBag from /home/airflow/.local/lib/python3.8/site-packages/airflow/example_dags/example_skip_dag.py
[2024-05-27T21:24:21.549+0000] {processor.py:840} INFO - DAG(s) 'example_skip_dag' retrieved from /home/airflow/.local/lib/python3.8/site-packages/airflow/example_dags/example_skip_dag.py
[2024-05-27T21:24:21.575+0000] {logging_mixin.py:188} INFO - [2024-05-27T21:24:21.575+0000] {dag.py:3096} INFO - Sync 1 DAGs
[2024-05-27T21:24:21.596+0000] {logging_mixin.py:188} INFO - [2024-05-27T21:24:21.596+0000] {dag.py:3954} INFO - Setting next_dagrun for example_skip_dag to 2024-05-26 00:00:00+00:00, run_after=2024-05-27 00:00:00+00:00
[2024-05-27T21:24:21.618+0000] {processor.py:183} INFO - Processing /home/airflow/.local/lib/python3.8/site-packages/airflow/example_dags/example_skip_dag.py took 0.086 seconds
[2024-05-27T21:24:52.010+0000] {processor.py:161} INFO - Started process (PID=2637) to work on /home/airflow/.local/lib/python3.8/site-packages/airflow/example_dags/example_skip_dag.py
[2024-05-27T21:24:52.012+0000] {processor.py:830} INFO - Processing file /home/airflow/.local/lib/python3.8/site-packages/airflow/example_dags/example_skip_dag.py for tasks to queue
[2024-05-27T21:24:52.015+0000] {logging_mixin.py:188} INFO - [2024-05-27T21:24:52.014+0000] {dagbag.py:545} INFO - Filling up the DagBag from /home/airflow/.local/lib/python3.8/site-packages/airflow/example_dags/example_skip_dag.py
[2024-05-27T21:24:52.024+0000] {processor.py:840} INFO - DAG(s) 'example_skip_dag' retrieved from /home/airflow/.local/lib/python3.8/site-packages/airflow/example_dags/example_skip_dag.py
[2024-05-27T21:24:52.049+0000] {logging_mixin.py:188} INFO - [2024-05-27T21:24:52.049+0000] {dag.py:3096} INFO - Sync 1 DAGs
[2024-05-27T21:24:52.073+0000] {logging_mixin.py:188} INFO - [2024-05-27T21:24:52.072+0000] {dag.py:3954} INFO - Setting next_dagrun for example_skip_dag to 2024-05-26 00:00:00+00:00, run_after=2024-05-27 00:00:00+00:00
[2024-05-27T21:24:52.097+0000] {processor.py:183} INFO - Processing /home/airflow/.local/lib/python3.8/site-packages/airflow/example_dags/example_skip_dag.py took 0.095 seconds
[2024-05-27T21:25:22.804+0000] {processor.py:161} INFO - Started process (PID=2707) to work on /home/airflow/.local/lib/python3.8/site-packages/airflow/example_dags/example_skip_dag.py
[2024-05-27T21:25:22.805+0000] {processor.py:830} INFO - Processing file /home/airflow/.local/lib/python3.8/site-packages/airflow/example_dags/example_skip_dag.py for tasks to queue
[2024-05-27T21:25:22.807+0000] {logging_mixin.py:188} INFO - [2024-05-27T21:25:22.807+0000] {dagbag.py:545} INFO - Filling up the DagBag from /home/airflow/.local/lib/python3.8/site-packages/airflow/example_dags/example_skip_dag.py
[2024-05-27T21:25:22.815+0000] {processor.py:840} INFO - DAG(s) 'example_skip_dag' retrieved from /home/airflow/.local/lib/python3.8/site-packages/airflow/example_dags/example_skip_dag.py
[2024-05-27T21:25:22.838+0000] {logging_mixin.py:188} INFO - [2024-05-27T21:25:22.837+0000] {dag.py:3096} INFO - Sync 1 DAGs
[2024-05-27T21:25:22.859+0000] {logging_mixin.py:188} INFO - [2024-05-27T21:25:22.859+0000] {dag.py:3954} INFO - Setting next_dagrun for example_skip_dag to 2024-05-26 00:00:00+00:00, run_after=2024-05-27 00:00:00+00:00
[2024-05-27T21:25:22.880+0000] {processor.py:183} INFO - Processing /home/airflow/.local/lib/python3.8/site-packages/airflow/example_dags/example_skip_dag.py took 0.085 seconds
