[2024-05-27T20:50:57.238+0000] {processor.py:161} INFO - Started process (PID=85) to work on /home/airflow/.local/lib/python3.8/site-packages/airflow/example_dags/example_task_group.py
[2024-05-27T20:50:57.240+0000] {processor.py:830} INFO - Processing file /home/airflow/.local/lib/python3.8/site-packages/airflow/example_dags/example_task_group.py for tasks to queue
[2024-05-27T20:50:57.242+0000] {logging_mixin.py:188} INFO - [2024-05-27T20:50:57.242+0000] {dagbag.py:545} INFO - Filling up the DagBag from /home/airflow/.local/lib/python3.8/site-packages/airflow/example_dags/example_task_group.py
[2024-05-27T20:50:57.251+0000] {processor.py:840} INFO - DAG(s) 'example_task_group' retrieved from /home/airflow/.local/lib/python3.8/site-packages/airflow/example_dags/example_task_group.py
[2024-05-27T20:50:57.404+0000] {logging_mixin.py:188} INFO - [2024-05-27T20:50:57.404+0000] {dag.py:3096} INFO - Sync 1 DAGs
[2024-05-27T20:50:57.433+0000] {logging_mixin.py:188} INFO - [2024-05-27T20:50:57.433+0000] {dag.py:3954} INFO - Setting next_dagrun for example_task_group to 2024-05-26 00:00:00+00:00, run_after=2024-05-27 00:00:00+00:00
[2024-05-27T20:50:57.465+0000] {processor.py:183} INFO - Processing /home/airflow/.local/lib/python3.8/site-packages/airflow/example_dags/example_task_group.py took 0.233 seconds
[2024-05-27T20:51:27.710+0000] {processor.py:161} INFO - Started process (PID=162) to work on /home/airflow/.local/lib/python3.8/site-packages/airflow/example_dags/example_task_group.py
[2024-05-27T20:51:27.712+0000] {processor.py:830} INFO - Processing file /home/airflow/.local/lib/python3.8/site-packages/airflow/example_dags/example_task_group.py for tasks to queue
[2024-05-27T20:51:27.714+0000] {logging_mixin.py:188} INFO - [2024-05-27T20:51:27.714+0000] {dagbag.py:545} INFO - Filling up the DagBag from /home/airflow/.local/lib/python3.8/site-packages/airflow/example_dags/example_task_group.py
[2024-05-27T20:51:27.724+0000] {processor.py:840} INFO - DAG(s) 'example_task_group' retrieved from /home/airflow/.local/lib/python3.8/site-packages/airflow/example_dags/example_task_group.py
[2024-05-27T20:51:27.760+0000] {logging_mixin.py:188} INFO - [2024-05-27T20:51:27.760+0000] {dag.py:3096} INFO - Sync 1 DAGs
[2024-05-27T20:51:27.789+0000] {logging_mixin.py:188} INFO - [2024-05-27T20:51:27.789+0000] {dag.py:3954} INFO - Setting next_dagrun for example_task_group to 2024-05-26 00:00:00+00:00, run_after=2024-05-27 00:00:00+00:00
[2024-05-27T20:51:27.814+0000] {processor.py:183} INFO - Processing /home/airflow/.local/lib/python3.8/site-packages/airflow/example_dags/example_task_group.py took 0.112 seconds
[2024-05-27T20:51:58.780+0000] {processor.py:161} INFO - Started process (PID=232) to work on /home/airflow/.local/lib/python3.8/site-packages/airflow/example_dags/example_task_group.py
[2024-05-27T20:51:58.781+0000] {processor.py:830} INFO - Processing file /home/airflow/.local/lib/python3.8/site-packages/airflow/example_dags/example_task_group.py for tasks to queue
[2024-05-27T20:51:58.783+0000] {logging_mixin.py:188} INFO - [2024-05-27T20:51:58.783+0000] {dagbag.py:545} INFO - Filling up the DagBag from /home/airflow/.local/lib/python3.8/site-packages/airflow/example_dags/example_task_group.py
[2024-05-27T20:51:58.793+0000] {processor.py:840} INFO - DAG(s) 'example_task_group' retrieved from /home/airflow/.local/lib/python3.8/site-packages/airflow/example_dags/example_task_group.py
[2024-05-27T20:51:58.825+0000] {logging_mixin.py:188} INFO - [2024-05-27T20:51:58.825+0000] {dag.py:3096} INFO - Sync 1 DAGs
[2024-05-27T20:51:58.856+0000] {logging_mixin.py:188} INFO - [2024-05-27T20:51:58.856+0000] {dag.py:3954} INFO - Setting next_dagrun for example_task_group to 2024-05-26 00:00:00+00:00, run_after=2024-05-27 00:00:00+00:00
[2024-05-27T20:51:58.877+0000] {processor.py:183} INFO - Processing /home/airflow/.local/lib/python3.8/site-packages/airflow/example_dags/example_task_group.py took 0.106 seconds
[2024-05-27T20:52:28.956+0000] {processor.py:161} INFO - Started process (PID=301) to work on /home/airflow/.local/lib/python3.8/site-packages/airflow/example_dags/example_task_group.py
[2024-05-27T20:52:28.957+0000] {processor.py:830} INFO - Processing file /home/airflow/.local/lib/python3.8/site-packages/airflow/example_dags/example_task_group.py for tasks to queue
[2024-05-27T20:52:28.959+0000] {logging_mixin.py:188} INFO - [2024-05-27T20:52:28.959+0000] {dagbag.py:545} INFO - Filling up the DagBag from /home/airflow/.local/lib/python3.8/site-packages/airflow/example_dags/example_task_group.py
[2024-05-27T20:52:28.966+0000] {processor.py:840} INFO - DAG(s) 'example_task_group' retrieved from /home/airflow/.local/lib/python3.8/site-packages/airflow/example_dags/example_task_group.py
[2024-05-27T20:52:28.992+0000] {logging_mixin.py:188} INFO - [2024-05-27T20:52:28.992+0000] {dag.py:3096} INFO - Sync 1 DAGs
[2024-05-27T20:52:29.015+0000] {logging_mixin.py:188} INFO - [2024-05-27T20:52:29.015+0000] {dag.py:3954} INFO - Setting next_dagrun for example_task_group to 2024-05-26 00:00:00+00:00, run_after=2024-05-27 00:00:00+00:00
[2024-05-27T20:52:29.034+0000] {processor.py:183} INFO - Processing /home/airflow/.local/lib/python3.8/site-packages/airflow/example_dags/example_task_group.py took 0.085 seconds
[2024-05-27T20:52:59.151+0000] {processor.py:161} INFO - Started process (PID=377) to work on /home/airflow/.local/lib/python3.8/site-packages/airflow/example_dags/example_task_group.py
[2024-05-27T20:52:59.152+0000] {processor.py:830} INFO - Processing file /home/airflow/.local/lib/python3.8/site-packages/airflow/example_dags/example_task_group.py for tasks to queue
[2024-05-27T20:52:59.155+0000] {logging_mixin.py:188} INFO - [2024-05-27T20:52:59.155+0000] {dagbag.py:545} INFO - Filling up the DagBag from /home/airflow/.local/lib/python3.8/site-packages/airflow/example_dags/example_task_group.py
[2024-05-27T20:52:59.166+0000] {processor.py:840} INFO - DAG(s) 'example_task_group' retrieved from /home/airflow/.local/lib/python3.8/site-packages/airflow/example_dags/example_task_group.py
[2024-05-27T20:52:59.196+0000] {logging_mixin.py:188} INFO - [2024-05-27T20:52:59.195+0000] {dag.py:3096} INFO - Sync 1 DAGs
[2024-05-27T20:52:59.228+0000] {logging_mixin.py:188} INFO - [2024-05-27T20:52:59.228+0000] {dag.py:3954} INFO - Setting next_dagrun for example_task_group to 2024-05-26 00:00:00+00:00, run_after=2024-05-27 00:00:00+00:00
[2024-05-27T20:52:59.254+0000] {processor.py:183} INFO - Processing /home/airflow/.local/lib/python3.8/site-packages/airflow/example_dags/example_task_group.py took 0.113 seconds
[2024-05-27T20:53:30.147+0000] {processor.py:161} INFO - Started process (PID=448) to work on /home/airflow/.local/lib/python3.8/site-packages/airflow/example_dags/example_task_group.py
[2024-05-27T20:53:30.149+0000] {processor.py:830} INFO - Processing file /home/airflow/.local/lib/python3.8/site-packages/airflow/example_dags/example_task_group.py for tasks to queue
[2024-05-27T20:53:30.152+0000] {logging_mixin.py:188} INFO - [2024-05-27T20:53:30.152+0000] {dagbag.py:545} INFO - Filling up the DagBag from /home/airflow/.local/lib/python3.8/site-packages/airflow/example_dags/example_task_group.py
[2024-05-27T20:53:30.159+0000] {processor.py:840} INFO - DAG(s) 'example_task_group' retrieved from /home/airflow/.local/lib/python3.8/site-packages/airflow/example_dags/example_task_group.py
[2024-05-27T20:53:30.188+0000] {logging_mixin.py:188} INFO - [2024-05-27T20:53:30.188+0000] {dag.py:3096} INFO - Sync 1 DAGs
[2024-05-27T20:53:30.211+0000] {logging_mixin.py:188} INFO - [2024-05-27T20:53:30.211+0000] {dag.py:3954} INFO - Setting next_dagrun for example_task_group to 2024-05-26 00:00:00+00:00, run_after=2024-05-27 00:00:00+00:00
[2024-05-27T20:53:30.235+0000] {processor.py:183} INFO - Processing /home/airflow/.local/lib/python3.8/site-packages/airflow/example_dags/example_task_group.py took 0.095 seconds
[2024-05-27T20:54:00.614+0000] {processor.py:161} INFO - Started process (PID=518) to work on /home/airflow/.local/lib/python3.8/site-packages/airflow/example_dags/example_task_group.py
[2024-05-27T20:54:00.616+0000] {processor.py:830} INFO - Processing file /home/airflow/.local/lib/python3.8/site-packages/airflow/example_dags/example_task_group.py for tasks to queue
[2024-05-27T20:54:00.618+0000] {logging_mixin.py:188} INFO - [2024-05-27T20:54:00.618+0000] {dagbag.py:545} INFO - Filling up the DagBag from /home/airflow/.local/lib/python3.8/site-packages/airflow/example_dags/example_task_group.py
[2024-05-27T20:54:00.626+0000] {processor.py:840} INFO - DAG(s) 'example_task_group' retrieved from /home/airflow/.local/lib/python3.8/site-packages/airflow/example_dags/example_task_group.py
[2024-05-27T20:54:00.652+0000] {logging_mixin.py:188} INFO - [2024-05-27T20:54:00.652+0000] {dag.py:3096} INFO - Sync 1 DAGs
[2024-05-27T20:54:00.675+0000] {logging_mixin.py:188} INFO - [2024-05-27T20:54:00.675+0000] {dag.py:3954} INFO - Setting next_dagrun for example_task_group to 2024-05-26 00:00:00+00:00, run_after=2024-05-27 00:00:00+00:00
[2024-05-27T20:54:00.697+0000] {processor.py:183} INFO - Processing /home/airflow/.local/lib/python3.8/site-packages/airflow/example_dags/example_task_group.py took 0.089 seconds
[2024-05-27T20:54:31.369+0000] {processor.py:161} INFO - Started process (PID=596) to work on /home/airflow/.local/lib/python3.8/site-packages/airflow/example_dags/example_task_group.py
[2024-05-27T20:54:31.371+0000] {processor.py:830} INFO - Processing file /home/airflow/.local/lib/python3.8/site-packages/airflow/example_dags/example_task_group.py for tasks to queue
[2024-05-27T20:54:31.373+0000] {logging_mixin.py:188} INFO - [2024-05-27T20:54:31.372+0000] {dagbag.py:545} INFO - Filling up the DagBag from /home/airflow/.local/lib/python3.8/site-packages/airflow/example_dags/example_task_group.py
[2024-05-27T20:54:31.381+0000] {processor.py:840} INFO - DAG(s) 'example_task_group' retrieved from /home/airflow/.local/lib/python3.8/site-packages/airflow/example_dags/example_task_group.py
[2024-05-27T20:54:31.409+0000] {logging_mixin.py:188} INFO - [2024-05-27T20:54:31.409+0000] {dag.py:3096} INFO - Sync 1 DAGs
[2024-05-27T20:54:31.438+0000] {logging_mixin.py:188} INFO - [2024-05-27T20:54:31.438+0000] {dag.py:3954} INFO - Setting next_dagrun for example_task_group to 2024-05-26 00:00:00+00:00, run_after=2024-05-27 00:00:00+00:00
[2024-05-27T20:54:31.461+0000] {processor.py:183} INFO - Processing /home/airflow/.local/lib/python3.8/site-packages/airflow/example_dags/example_task_group.py took 0.099 seconds
[2024-05-27T20:55:01.804+0000] {processor.py:161} INFO - Started process (PID=666) to work on /home/airflow/.local/lib/python3.8/site-packages/airflow/example_dags/example_task_group.py
[2024-05-27T20:55:01.806+0000] {processor.py:830} INFO - Processing file /home/airflow/.local/lib/python3.8/site-packages/airflow/example_dags/example_task_group.py for tasks to queue
[2024-05-27T20:55:01.809+0000] {logging_mixin.py:188} INFO - [2024-05-27T20:55:01.809+0000] {dagbag.py:545} INFO - Filling up the DagBag from /home/airflow/.local/lib/python3.8/site-packages/airflow/example_dags/example_task_group.py
[2024-05-27T20:55:01.816+0000] {processor.py:840} INFO - DAG(s) 'example_task_group' retrieved from /home/airflow/.local/lib/python3.8/site-packages/airflow/example_dags/example_task_group.py
[2024-05-27T20:55:01.843+0000] {logging_mixin.py:188} INFO - [2024-05-27T20:55:01.842+0000] {dag.py:3096} INFO - Sync 1 DAGs
[2024-05-27T20:55:01.863+0000] {logging_mixin.py:188} INFO - [2024-05-27T20:55:01.863+0000] {dag.py:3954} INFO - Setting next_dagrun for example_task_group to 2024-05-26 00:00:00+00:00, run_after=2024-05-27 00:00:00+00:00
[2024-05-27T20:55:01.889+0000] {processor.py:183} INFO - Processing /home/airflow/.local/lib/python3.8/site-packages/airflow/example_dags/example_task_group.py took 0.090 seconds
[2024-05-27T20:57:19.397+0000] {processor.py:161} INFO - Started process (PID=85) to work on /home/airflow/.local/lib/python3.8/site-packages/airflow/example_dags/example_task_group.py
[2024-05-27T20:57:19.398+0000] {processor.py:830} INFO - Processing file /home/airflow/.local/lib/python3.8/site-packages/airflow/example_dags/example_task_group.py for tasks to queue
[2024-05-27T20:57:19.402+0000] {logging_mixin.py:188} INFO - [2024-05-27T20:57:19.401+0000] {dagbag.py:545} INFO - Filling up the DagBag from /home/airflow/.local/lib/python3.8/site-packages/airflow/example_dags/example_task_group.py
[2024-05-27T20:57:19.412+0000] {processor.py:840} INFO - DAG(s) 'example_task_group' retrieved from /home/airflow/.local/lib/python3.8/site-packages/airflow/example_dags/example_task_group.py
[2024-05-27T20:57:19.427+0000] {logging_mixin.py:188} INFO - [2024-05-27T20:57:19.427+0000] {dag.py:3096} INFO - Sync 1 DAGs
[2024-05-27T20:57:19.453+0000] {logging_mixin.py:188} INFO - [2024-05-27T20:57:19.453+0000] {dag.py:3954} INFO - Setting next_dagrun for example_task_group to 2024-05-26 00:00:00+00:00, run_after=2024-05-27 00:00:00+00:00
[2024-05-27T20:57:19.478+0000] {processor.py:183} INFO - Processing /home/airflow/.local/lib/python3.8/site-packages/airflow/example_dags/example_task_group.py took 0.089 seconds
[2024-05-27T20:57:50.435+0000] {processor.py:161} INFO - Started process (PID=164) to work on /home/airflow/.local/lib/python3.8/site-packages/airflow/example_dags/example_task_group.py
[2024-05-27T20:57:50.437+0000] {processor.py:830} INFO - Processing file /home/airflow/.local/lib/python3.8/site-packages/airflow/example_dags/example_task_group.py for tasks to queue
[2024-05-27T20:57:50.439+0000] {logging_mixin.py:188} INFO - [2024-05-27T20:57:50.439+0000] {dagbag.py:545} INFO - Filling up the DagBag from /home/airflow/.local/lib/python3.8/site-packages/airflow/example_dags/example_task_group.py
[2024-05-27T20:57:50.446+0000] {processor.py:840} INFO - DAG(s) 'example_task_group' retrieved from /home/airflow/.local/lib/python3.8/site-packages/airflow/example_dags/example_task_group.py
[2024-05-27T20:57:50.559+0000] {logging_mixin.py:188} INFO - [2024-05-27T20:57:50.558+0000] {dag.py:3096} INFO - Sync 1 DAGs
[2024-05-27T20:57:50.593+0000] {logging_mixin.py:188} INFO - [2024-05-27T20:57:50.592+0000] {dag.py:3954} INFO - Setting next_dagrun for example_task_group to 2024-05-26 00:00:00+00:00, run_after=2024-05-27 00:00:00+00:00
[2024-05-27T20:57:50.622+0000] {processor.py:183} INFO - Processing /home/airflow/.local/lib/python3.8/site-packages/airflow/example_dags/example_task_group.py took 0.193 seconds
[2024-05-27T20:58:20.703+0000] {processor.py:161} INFO - Started process (PID=235) to work on /home/airflow/.local/lib/python3.8/site-packages/airflow/example_dags/example_task_group.py
[2024-05-27T20:58:20.705+0000] {processor.py:830} INFO - Processing file /home/airflow/.local/lib/python3.8/site-packages/airflow/example_dags/example_task_group.py for tasks to queue
[2024-05-27T20:58:20.710+0000] {logging_mixin.py:188} INFO - [2024-05-27T20:58:20.709+0000] {dagbag.py:545} INFO - Filling up the DagBag from /home/airflow/.local/lib/python3.8/site-packages/airflow/example_dags/example_task_group.py
[2024-05-27T20:58:20.728+0000] {processor.py:840} INFO - DAG(s) 'example_task_group' retrieved from /home/airflow/.local/lib/python3.8/site-packages/airflow/example_dags/example_task_group.py
[2024-05-27T20:58:20.782+0000] {logging_mixin.py:188} INFO - [2024-05-27T20:58:20.782+0000] {dag.py:3096} INFO - Sync 1 DAGs
[2024-05-27T20:58:20.845+0000] {logging_mixin.py:188} INFO - [2024-05-27T20:58:20.845+0000] {dag.py:3954} INFO - Setting next_dagrun for example_task_group to 2024-05-26 00:00:00+00:00, run_after=2024-05-27 00:00:00+00:00
[2024-05-27T20:58:20.900+0000] {processor.py:183} INFO - Processing /home/airflow/.local/lib/python3.8/site-packages/airflow/example_dags/example_task_group.py took 0.208 seconds
[2024-05-27T20:58:51.615+0000] {processor.py:161} INFO - Started process (PID=305) to work on /home/airflow/.local/lib/python3.8/site-packages/airflow/example_dags/example_task_group.py
[2024-05-27T20:58:51.616+0000] {processor.py:830} INFO - Processing file /home/airflow/.local/lib/python3.8/site-packages/airflow/example_dags/example_task_group.py for tasks to queue
[2024-05-27T20:58:51.618+0000] {logging_mixin.py:188} INFO - [2024-05-27T20:58:51.617+0000] {dagbag.py:545} INFO - Filling up the DagBag from /home/airflow/.local/lib/python3.8/site-packages/airflow/example_dags/example_task_group.py
[2024-05-27T20:58:51.624+0000] {processor.py:840} INFO - DAG(s) 'example_task_group' retrieved from /home/airflow/.local/lib/python3.8/site-packages/airflow/example_dags/example_task_group.py
[2024-05-27T20:58:51.647+0000] {logging_mixin.py:188} INFO - [2024-05-27T20:58:51.647+0000] {dag.py:3096} INFO - Sync 1 DAGs
[2024-05-27T20:58:51.668+0000] {logging_mixin.py:188} INFO - [2024-05-27T20:58:51.668+0000] {dag.py:3954} INFO - Setting next_dagrun for example_task_group to 2024-05-26 00:00:00+00:00, run_after=2024-05-27 00:00:00+00:00
[2024-05-27T20:58:51.694+0000] {processor.py:183} INFO - Processing /home/airflow/.local/lib/python3.8/site-packages/airflow/example_dags/example_task_group.py took 0.086 seconds
[2024-05-27T20:59:21.983+0000] {processor.py:161} INFO - Started process (PID=383) to work on /home/airflow/.local/lib/python3.8/site-packages/airflow/example_dags/example_task_group.py
[2024-05-27T20:59:21.985+0000] {processor.py:830} INFO - Processing file /home/airflow/.local/lib/python3.8/site-packages/airflow/example_dags/example_task_group.py for tasks to queue
[2024-05-27T20:59:21.987+0000] {logging_mixin.py:188} INFO - [2024-05-27T20:59:21.987+0000] {dagbag.py:545} INFO - Filling up the DagBag from /home/airflow/.local/lib/python3.8/site-packages/airflow/example_dags/example_task_group.py
[2024-05-27T20:59:21.997+0000] {processor.py:840} INFO - DAG(s) 'example_task_group' retrieved from /home/airflow/.local/lib/python3.8/site-packages/airflow/example_dags/example_task_group.py
[2024-05-27T20:59:22.021+0000] {logging_mixin.py:188} INFO - [2024-05-27T20:59:22.020+0000] {dag.py:3096} INFO - Sync 1 DAGs
[2024-05-27T20:59:22.046+0000] {logging_mixin.py:188} INFO - [2024-05-27T20:59:22.046+0000] {dag.py:3954} INFO - Setting next_dagrun for example_task_group to 2024-05-26 00:00:00+00:00, run_after=2024-05-27 00:00:00+00:00
[2024-05-27T20:59:22.066+0000] {processor.py:183} INFO - Processing /home/airflow/.local/lib/python3.8/site-packages/airflow/example_dags/example_task_group.py took 0.089 seconds
[2024-05-27T20:59:52.565+0000] {processor.py:161} INFO - Started process (PID=453) to work on /home/airflow/.local/lib/python3.8/site-packages/airflow/example_dags/example_task_group.py
[2024-05-27T20:59:52.567+0000] {processor.py:830} INFO - Processing file /home/airflow/.local/lib/python3.8/site-packages/airflow/example_dags/example_task_group.py for tasks to queue
[2024-05-27T20:59:52.570+0000] {logging_mixin.py:188} INFO - [2024-05-27T20:59:52.570+0000] {dagbag.py:545} INFO - Filling up the DagBag from /home/airflow/.local/lib/python3.8/site-packages/airflow/example_dags/example_task_group.py
[2024-05-27T20:59:52.582+0000] {processor.py:840} INFO - DAG(s) 'example_task_group' retrieved from /home/airflow/.local/lib/python3.8/site-packages/airflow/example_dags/example_task_group.py
[2024-05-27T20:59:52.610+0000] {logging_mixin.py:188} INFO - [2024-05-27T20:59:52.609+0000] {dag.py:3096} INFO - Sync 1 DAGs
[2024-05-27T20:59:52.633+0000] {logging_mixin.py:188} INFO - [2024-05-27T20:59:52.633+0000] {dag.py:3954} INFO - Setting next_dagrun for example_task_group to 2024-05-26 00:00:00+00:00, run_after=2024-05-27 00:00:00+00:00
[2024-05-27T20:59:52.652+0000] {processor.py:183} INFO - Processing /home/airflow/.local/lib/python3.8/site-packages/airflow/example_dags/example_task_group.py took 0.101 seconds
[2024-05-27T21:00:23.039+0000] {processor.py:161} INFO - Started process (PID=523) to work on /home/airflow/.local/lib/python3.8/site-packages/airflow/example_dags/example_task_group.py
[2024-05-27T21:00:23.041+0000] {processor.py:830} INFO - Processing file /home/airflow/.local/lib/python3.8/site-packages/airflow/example_dags/example_task_group.py for tasks to queue
[2024-05-27T21:00:23.043+0000] {logging_mixin.py:188} INFO - [2024-05-27T21:00:23.042+0000] {dagbag.py:545} INFO - Filling up the DagBag from /home/airflow/.local/lib/python3.8/site-packages/airflow/example_dags/example_task_group.py
[2024-05-27T21:00:23.051+0000] {processor.py:840} INFO - DAG(s) 'example_task_group' retrieved from /home/airflow/.local/lib/python3.8/site-packages/airflow/example_dags/example_task_group.py
[2024-05-27T21:00:23.075+0000] {logging_mixin.py:188} INFO - [2024-05-27T21:00:23.074+0000] {dag.py:3096} INFO - Sync 1 DAGs
[2024-05-27T21:00:23.102+0000] {logging_mixin.py:188} INFO - [2024-05-27T21:00:23.102+0000] {dag.py:3954} INFO - Setting next_dagrun for example_task_group to 2024-05-26 00:00:00+00:00, run_after=2024-05-27 00:00:00+00:00
[2024-05-27T21:00:23.123+0000] {processor.py:183} INFO - Processing /home/airflow/.local/lib/python3.8/site-packages/airflow/example_dags/example_task_group.py took 0.090 seconds
[2024-05-27T21:00:53.452+0000] {processor.py:161} INFO - Started process (PID=601) to work on /home/airflow/.local/lib/python3.8/site-packages/airflow/example_dags/example_task_group.py
[2024-05-27T21:00:53.453+0000] {processor.py:830} INFO - Processing file /home/airflow/.local/lib/python3.8/site-packages/airflow/example_dags/example_task_group.py for tasks to queue
[2024-05-27T21:00:53.455+0000] {logging_mixin.py:188} INFO - [2024-05-27T21:00:53.454+0000] {dagbag.py:545} INFO - Filling up the DagBag from /home/airflow/.local/lib/python3.8/site-packages/airflow/example_dags/example_task_group.py
[2024-05-27T21:00:53.463+0000] {processor.py:840} INFO - DAG(s) 'example_task_group' retrieved from /home/airflow/.local/lib/python3.8/site-packages/airflow/example_dags/example_task_group.py
[2024-05-27T21:00:53.490+0000] {logging_mixin.py:188} INFO - [2024-05-27T21:00:53.490+0000] {dag.py:3096} INFO - Sync 1 DAGs
[2024-05-27T21:00:53.518+0000] {logging_mixin.py:188} INFO - [2024-05-27T21:00:53.517+0000] {dag.py:3954} INFO - Setting next_dagrun for example_task_group to 2024-05-26 00:00:00+00:00, run_after=2024-05-27 00:00:00+00:00
[2024-05-27T21:00:53.546+0000] {processor.py:183} INFO - Processing /home/airflow/.local/lib/python3.8/site-packages/airflow/example_dags/example_task_group.py took 0.101 seconds
[2024-05-27T21:01:24.141+0000] {processor.py:161} INFO - Started process (PID=671) to work on /home/airflow/.local/lib/python3.8/site-packages/airflow/example_dags/example_task_group.py
[2024-05-27T21:01:24.142+0000] {processor.py:830} INFO - Processing file /home/airflow/.local/lib/python3.8/site-packages/airflow/example_dags/example_task_group.py for tasks to queue
[2024-05-27T21:01:24.145+0000] {logging_mixin.py:188} INFO - [2024-05-27T21:01:24.144+0000] {dagbag.py:545} INFO - Filling up the DagBag from /home/airflow/.local/lib/python3.8/site-packages/airflow/example_dags/example_task_group.py
[2024-05-27T21:01:24.152+0000] {processor.py:840} INFO - DAG(s) 'example_task_group' retrieved from /home/airflow/.local/lib/python3.8/site-packages/airflow/example_dags/example_task_group.py
[2024-05-27T21:01:24.178+0000] {logging_mixin.py:188} INFO - [2024-05-27T21:01:24.178+0000] {dag.py:3096} INFO - Sync 1 DAGs
[2024-05-27T21:01:24.202+0000] {logging_mixin.py:188} INFO - [2024-05-27T21:01:24.202+0000] {dag.py:3954} INFO - Setting next_dagrun for example_task_group to 2024-05-26 00:00:00+00:00, run_after=2024-05-27 00:00:00+00:00
[2024-05-27T21:01:24.230+0000] {processor.py:183} INFO - Processing /home/airflow/.local/lib/python3.8/site-packages/airflow/example_dags/example_task_group.py took 0.095 seconds
[2024-05-27T21:01:55.308+0000] {processor.py:161} INFO - Started process (PID=748) to work on /home/airflow/.local/lib/python3.8/site-packages/airflow/example_dags/example_task_group.py
[2024-05-27T21:01:55.310+0000] {processor.py:830} INFO - Processing file /home/airflow/.local/lib/python3.8/site-packages/airflow/example_dags/example_task_group.py for tasks to queue
[2024-05-27T21:01:55.313+0000] {logging_mixin.py:188} INFO - [2024-05-27T21:01:55.312+0000] {dagbag.py:545} INFO - Filling up the DagBag from /home/airflow/.local/lib/python3.8/site-packages/airflow/example_dags/example_task_group.py
[2024-05-27T21:01:55.326+0000] {processor.py:840} INFO - DAG(s) 'example_task_group' retrieved from /home/airflow/.local/lib/python3.8/site-packages/airflow/example_dags/example_task_group.py
[2024-05-27T21:01:55.359+0000] {logging_mixin.py:188} INFO - [2024-05-27T21:01:55.358+0000] {dag.py:3096} INFO - Sync 1 DAGs
[2024-05-27T21:01:55.398+0000] {logging_mixin.py:188} INFO - [2024-05-27T21:01:55.398+0000] {dag.py:3954} INFO - Setting next_dagrun for example_task_group to 2024-05-26 00:00:00+00:00, run_after=2024-05-27 00:00:00+00:00
[2024-05-27T21:01:55.442+0000] {processor.py:183} INFO - Processing /home/airflow/.local/lib/python3.8/site-packages/airflow/example_dags/example_task_group.py took 0.144 seconds
[2024-05-27T21:06:51.160+0000] {processor.py:161} INFO - Started process (PID=101) to work on /home/airflow/.local/lib/python3.8/site-packages/airflow/example_dags/example_task_group.py
[2024-05-27T21:06:51.167+0000] {processor.py:830} INFO - Processing file /home/airflow/.local/lib/python3.8/site-packages/airflow/example_dags/example_task_group.py for tasks to queue
[2024-05-27T21:06:51.174+0000] {logging_mixin.py:188} INFO - [2024-05-27T21:06:51.174+0000] {dagbag.py:545} INFO - Filling up the DagBag from /home/airflow/.local/lib/python3.8/site-packages/airflow/example_dags/example_task_group.py
[2024-05-27T21:06:51.206+0000] {processor.py:840} INFO - DAG(s) 'example_task_group' retrieved from /home/airflow/.local/lib/python3.8/site-packages/airflow/example_dags/example_task_group.py
[2024-05-27T21:06:51.565+0000] {logging_mixin.py:188} INFO - [2024-05-27T21:06:51.564+0000] {dag.py:3096} INFO - Sync 1 DAGs
[2024-05-27T21:06:51.625+0000] {logging_mixin.py:188} INFO - [2024-05-27T21:06:51.625+0000] {dag.py:3954} INFO - Setting next_dagrun for example_task_group to 2024-05-26 00:00:00+00:00, run_after=2024-05-27 00:00:00+00:00
[2024-05-27T21:06:51.695+0000] {processor.py:183} INFO - Processing /home/airflow/.local/lib/python3.8/site-packages/airflow/example_dags/example_task_group.py took 0.557 seconds
[2024-05-27T21:07:22.456+0000] {processor.py:161} INFO - Started process (PID=163) to work on /home/airflow/.local/lib/python3.8/site-packages/airflow/example_dags/example_task_group.py
[2024-05-27T21:07:22.459+0000] {processor.py:830} INFO - Processing file /home/airflow/.local/lib/python3.8/site-packages/airflow/example_dags/example_task_group.py for tasks to queue
[2024-05-27T21:07:22.463+0000] {logging_mixin.py:188} INFO - [2024-05-27T21:07:22.462+0000] {dagbag.py:545} INFO - Filling up the DagBag from /home/airflow/.local/lib/python3.8/site-packages/airflow/example_dags/example_task_group.py
[2024-05-27T21:07:22.475+0000] {processor.py:840} INFO - DAG(s) 'example_task_group' retrieved from /home/airflow/.local/lib/python3.8/site-packages/airflow/example_dags/example_task_group.py
[2024-05-27T21:07:22.505+0000] {logging_mixin.py:188} INFO - [2024-05-27T21:07:22.505+0000] {dag.py:3096} INFO - Sync 1 DAGs
[2024-05-27T21:07:22.548+0000] {logging_mixin.py:188} INFO - [2024-05-27T21:07:22.546+0000] {dag.py:3954} INFO - Setting next_dagrun for example_task_group to 2024-05-26 00:00:00+00:00, run_after=2024-05-27 00:00:00+00:00
[2024-05-27T21:07:22.632+0000] {processor.py:183} INFO - Processing /home/airflow/.local/lib/python3.8/site-packages/airflow/example_dags/example_task_group.py took 0.195 seconds
[2024-05-27T21:07:53.028+0000] {processor.py:161} INFO - Started process (PID=233) to work on /home/airflow/.local/lib/python3.8/site-packages/airflow/example_dags/example_task_group.py
[2024-05-27T21:07:53.030+0000] {processor.py:830} INFO - Processing file /home/airflow/.local/lib/python3.8/site-packages/airflow/example_dags/example_task_group.py for tasks to queue
[2024-05-27T21:07:53.036+0000] {logging_mixin.py:188} INFO - [2024-05-27T21:07:53.035+0000] {dagbag.py:545} INFO - Filling up the DagBag from /home/airflow/.local/lib/python3.8/site-packages/airflow/example_dags/example_task_group.py
[2024-05-27T21:07:53.051+0000] {processor.py:840} INFO - DAG(s) 'example_task_group' retrieved from /home/airflow/.local/lib/python3.8/site-packages/airflow/example_dags/example_task_group.py
[2024-05-27T21:07:53.092+0000] {logging_mixin.py:188} INFO - [2024-05-27T21:07:53.092+0000] {dag.py:3096} INFO - Sync 1 DAGs
[2024-05-27T21:07:53.148+0000] {logging_mixin.py:188} INFO - [2024-05-27T21:07:53.147+0000] {dag.py:3954} INFO - Setting next_dagrun for example_task_group to 2024-05-26 00:00:00+00:00, run_after=2024-05-27 00:00:00+00:00
[2024-05-27T21:07:53.198+0000] {processor.py:183} INFO - Processing /home/airflow/.local/lib/python3.8/site-packages/airflow/example_dags/example_task_group.py took 0.183 seconds
[2024-05-27T21:08:23.377+0000] {processor.py:161} INFO - Started process (PID=303) to work on /home/airflow/.local/lib/python3.8/site-packages/airflow/example_dags/example_task_group.py
[2024-05-27T21:08:23.379+0000] {processor.py:830} INFO - Processing file /home/airflow/.local/lib/python3.8/site-packages/airflow/example_dags/example_task_group.py for tasks to queue
[2024-05-27T21:08:23.381+0000] {logging_mixin.py:188} INFO - [2024-05-27T21:08:23.381+0000] {dagbag.py:545} INFO - Filling up the DagBag from /home/airflow/.local/lib/python3.8/site-packages/airflow/example_dags/example_task_group.py
[2024-05-27T21:08:23.394+0000] {processor.py:840} INFO - DAG(s) 'example_task_group' retrieved from /home/airflow/.local/lib/python3.8/site-packages/airflow/example_dags/example_task_group.py
[2024-05-27T21:08:23.429+0000] {logging_mixin.py:188} INFO - [2024-05-27T21:08:23.429+0000] {dag.py:3096} INFO - Sync 1 DAGs
[2024-05-27T21:08:23.461+0000] {logging_mixin.py:188} INFO - [2024-05-27T21:08:23.461+0000] {dag.py:3954} INFO - Setting next_dagrun for example_task_group to 2024-05-26 00:00:00+00:00, run_after=2024-05-27 00:00:00+00:00
[2024-05-27T21:08:23.491+0000] {processor.py:183} INFO - Processing /home/airflow/.local/lib/python3.8/site-packages/airflow/example_dags/example_task_group.py took 0.125 seconds
[2024-05-27T21:08:54.012+0000] {processor.py:161} INFO - Started process (PID=373) to work on /home/airflow/.local/lib/python3.8/site-packages/airflow/example_dags/example_task_group.py
[2024-05-27T21:08:54.014+0000] {processor.py:830} INFO - Processing file /home/airflow/.local/lib/python3.8/site-packages/airflow/example_dags/example_task_group.py for tasks to queue
[2024-05-27T21:08:54.017+0000] {logging_mixin.py:188} INFO - [2024-05-27T21:08:54.017+0000] {dagbag.py:545} INFO - Filling up the DagBag from /home/airflow/.local/lib/python3.8/site-packages/airflow/example_dags/example_task_group.py
[2024-05-27T21:08:54.028+0000] {processor.py:840} INFO - DAG(s) 'example_task_group' retrieved from /home/airflow/.local/lib/python3.8/site-packages/airflow/example_dags/example_task_group.py
[2024-05-27T21:08:54.068+0000] {logging_mixin.py:188} INFO - [2024-05-27T21:08:54.067+0000] {dag.py:3096} INFO - Sync 1 DAGs
[2024-05-27T21:08:54.091+0000] {logging_mixin.py:188} INFO - [2024-05-27T21:08:54.090+0000] {dag.py:3954} INFO - Setting next_dagrun for example_task_group to 2024-05-26 00:00:00+00:00, run_after=2024-05-27 00:00:00+00:00
[2024-05-27T21:08:54.121+0000] {processor.py:183} INFO - Processing /home/airflow/.local/lib/python3.8/site-packages/airflow/example_dags/example_task_group.py took 0.121 seconds
[2024-05-27T21:09:24.750+0000] {processor.py:161} INFO - Started process (PID=444) to work on /home/airflow/.local/lib/python3.8/site-packages/airflow/example_dags/example_task_group.py
[2024-05-27T21:09:24.752+0000] {processor.py:830} INFO - Processing file /home/airflow/.local/lib/python3.8/site-packages/airflow/example_dags/example_task_group.py for tasks to queue
[2024-05-27T21:09:24.754+0000] {logging_mixin.py:188} INFO - [2024-05-27T21:09:24.754+0000] {dagbag.py:545} INFO - Filling up the DagBag from /home/airflow/.local/lib/python3.8/site-packages/airflow/example_dags/example_task_group.py
[2024-05-27T21:09:24.765+0000] {processor.py:840} INFO - DAG(s) 'example_task_group' retrieved from /home/airflow/.local/lib/python3.8/site-packages/airflow/example_dags/example_task_group.py
[2024-05-27T21:09:24.802+0000] {logging_mixin.py:188} INFO - [2024-05-27T21:09:24.801+0000] {dag.py:3096} INFO - Sync 1 DAGs
[2024-05-27T21:09:24.851+0000] {logging_mixin.py:188} INFO - [2024-05-27T21:09:24.850+0000] {dag.py:3954} INFO - Setting next_dagrun for example_task_group to 2024-05-26 00:00:00+00:00, run_after=2024-05-27 00:00:00+00:00
[2024-05-27T21:09:24.884+0000] {processor.py:183} INFO - Processing /home/airflow/.local/lib/python3.8/site-packages/airflow/example_dags/example_task_group.py took 0.148 seconds
[2024-05-27T21:09:55.342+0000] {processor.py:161} INFO - Started process (PID=513) to work on /home/airflow/.local/lib/python3.8/site-packages/airflow/example_dags/example_task_group.py
[2024-05-27T21:09:55.344+0000] {processor.py:830} INFO - Processing file /home/airflow/.local/lib/python3.8/site-packages/airflow/example_dags/example_task_group.py for tasks to queue
[2024-05-27T21:09:55.346+0000] {logging_mixin.py:188} INFO - [2024-05-27T21:09:55.346+0000] {dagbag.py:545} INFO - Filling up the DagBag from /home/airflow/.local/lib/python3.8/site-packages/airflow/example_dags/example_task_group.py
[2024-05-27T21:09:55.359+0000] {processor.py:840} INFO - DAG(s) 'example_task_group' retrieved from /home/airflow/.local/lib/python3.8/site-packages/airflow/example_dags/example_task_group.py
[2024-05-27T21:09:55.392+0000] {logging_mixin.py:188} INFO - [2024-05-27T21:09:55.391+0000] {dag.py:3096} INFO - Sync 1 DAGs
[2024-05-27T21:09:55.432+0000] {logging_mixin.py:188} INFO - [2024-05-27T21:09:55.432+0000] {dag.py:3954} INFO - Setting next_dagrun for example_task_group to 2024-05-26 00:00:00+00:00, run_after=2024-05-27 00:00:00+00:00
[2024-05-27T21:09:55.473+0000] {processor.py:183} INFO - Processing /home/airflow/.local/lib/python3.8/site-packages/airflow/example_dags/example_task_group.py took 0.147 seconds
[2024-05-27T21:10:26.434+0000] {processor.py:161} INFO - Started process (PID=583) to work on /home/airflow/.local/lib/python3.8/site-packages/airflow/example_dags/example_task_group.py
[2024-05-27T21:10:26.441+0000] {processor.py:830} INFO - Processing file /home/airflow/.local/lib/python3.8/site-packages/airflow/example_dags/example_task_group.py for tasks to queue
[2024-05-27T21:10:26.453+0000] {logging_mixin.py:188} INFO - [2024-05-27T21:10:26.452+0000] {dagbag.py:545} INFO - Filling up the DagBag from /home/airflow/.local/lib/python3.8/site-packages/airflow/example_dags/example_task_group.py
[2024-05-27T21:10:26.505+0000] {processor.py:840} INFO - DAG(s) 'example_task_group' retrieved from /home/airflow/.local/lib/python3.8/site-packages/airflow/example_dags/example_task_group.py
[2024-05-27T21:10:26.588+0000] {logging_mixin.py:188} INFO - [2024-05-27T21:10:26.587+0000] {dag.py:3096} INFO - Sync 1 DAGs
[2024-05-27T21:10:26.649+0000] {logging_mixin.py:188} INFO - [2024-05-27T21:10:26.648+0000] {dag.py:3954} INFO - Setting next_dagrun for example_task_group to 2024-05-26 00:00:00+00:00, run_after=2024-05-27 00:00:00+00:00
[2024-05-27T21:10:26.708+0000] {processor.py:183} INFO - Processing /home/airflow/.local/lib/python3.8/site-packages/airflow/example_dags/example_task_group.py took 0.301 seconds
[2024-05-27T21:10:57.426+0000] {processor.py:161} INFO - Started process (PID=653) to work on /home/airflow/.local/lib/python3.8/site-packages/airflow/example_dags/example_task_group.py
[2024-05-27T21:10:57.427+0000] {processor.py:830} INFO - Processing file /home/airflow/.local/lib/python3.8/site-packages/airflow/example_dags/example_task_group.py for tasks to queue
[2024-05-27T21:10:57.430+0000] {logging_mixin.py:188} INFO - [2024-05-27T21:10:57.430+0000] {dagbag.py:545} INFO - Filling up the DagBag from /home/airflow/.local/lib/python3.8/site-packages/airflow/example_dags/example_task_group.py
[2024-05-27T21:10:57.439+0000] {processor.py:840} INFO - DAG(s) 'example_task_group' retrieved from /home/airflow/.local/lib/python3.8/site-packages/airflow/example_dags/example_task_group.py
[2024-05-27T21:10:57.478+0000] {logging_mixin.py:188} INFO - [2024-05-27T21:10:57.477+0000] {dag.py:3096} INFO - Sync 1 DAGs
[2024-05-27T21:10:57.594+0000] {logging_mixin.py:188} INFO - [2024-05-27T21:10:57.594+0000] {dag.py:3954} INFO - Setting next_dagrun for example_task_group to 2024-05-26 00:00:00+00:00, run_after=2024-05-27 00:00:00+00:00
[2024-05-27T21:10:57.677+0000] {processor.py:183} INFO - Processing /home/airflow/.local/lib/python3.8/site-packages/airflow/example_dags/example_task_group.py took 0.268 seconds
[2024-05-27T21:11:27.885+0000] {processor.py:161} INFO - Started process (PID=723) to work on /home/airflow/.local/lib/python3.8/site-packages/airflow/example_dags/example_task_group.py
[2024-05-27T21:11:27.887+0000] {processor.py:830} INFO - Processing file /home/airflow/.local/lib/python3.8/site-packages/airflow/example_dags/example_task_group.py for tasks to queue
[2024-05-27T21:11:27.889+0000] {logging_mixin.py:188} INFO - [2024-05-27T21:11:27.889+0000] {dagbag.py:545} INFO - Filling up the DagBag from /home/airflow/.local/lib/python3.8/site-packages/airflow/example_dags/example_task_group.py
[2024-05-27T21:11:27.901+0000] {processor.py:840} INFO - DAG(s) 'example_task_group' retrieved from /home/airflow/.local/lib/python3.8/site-packages/airflow/example_dags/example_task_group.py
[2024-05-27T21:11:27.937+0000] {logging_mixin.py:188} INFO - [2024-05-27T21:11:27.937+0000] {dag.py:3096} INFO - Sync 1 DAGs
[2024-05-27T21:11:27.971+0000] {logging_mixin.py:188} INFO - [2024-05-27T21:11:27.971+0000] {dag.py:3954} INFO - Setting next_dagrun for example_task_group to 2024-05-26 00:00:00+00:00, run_after=2024-05-27 00:00:00+00:00
[2024-05-27T21:11:28.008+0000] {processor.py:183} INFO - Processing /home/airflow/.local/lib/python3.8/site-packages/airflow/example_dags/example_task_group.py took 0.132 seconds
[2024-05-27T21:11:58.443+0000] {processor.py:161} INFO - Started process (PID=792) to work on /home/airflow/.local/lib/python3.8/site-packages/airflow/example_dags/example_task_group.py
[2024-05-27T21:11:58.449+0000] {processor.py:830} INFO - Processing file /home/airflow/.local/lib/python3.8/site-packages/airflow/example_dags/example_task_group.py for tasks to queue
[2024-05-27T21:11:58.451+0000] {logging_mixin.py:188} INFO - [2024-05-27T21:11:58.451+0000] {dagbag.py:545} INFO - Filling up the DagBag from /home/airflow/.local/lib/python3.8/site-packages/airflow/example_dags/example_task_group.py
[2024-05-27T21:11:58.464+0000] {processor.py:840} INFO - DAG(s) 'example_task_group' retrieved from /home/airflow/.local/lib/python3.8/site-packages/airflow/example_dags/example_task_group.py
[2024-05-27T21:11:58.596+0000] {logging_mixin.py:188} INFO - [2024-05-27T21:11:58.595+0000] {dag.py:3096} INFO - Sync 1 DAGs
[2024-05-27T21:11:58.742+0000] {logging_mixin.py:188} INFO - [2024-05-27T21:11:58.741+0000] {dag.py:3954} INFO - Setting next_dagrun for example_task_group to 2024-05-26 00:00:00+00:00, run_after=2024-05-27 00:00:00+00:00
[2024-05-27T21:11:58.826+0000] {processor.py:183} INFO - Processing /home/airflow/.local/lib/python3.8/site-packages/airflow/example_dags/example_task_group.py took 0.397 seconds
[2024-05-27T21:12:29.126+0000] {processor.py:161} INFO - Started process (PID=863) to work on /home/airflow/.local/lib/python3.8/site-packages/airflow/example_dags/example_task_group.py
[2024-05-27T21:12:29.128+0000] {processor.py:830} INFO - Processing file /home/airflow/.local/lib/python3.8/site-packages/airflow/example_dags/example_task_group.py for tasks to queue
[2024-05-27T21:12:29.131+0000] {logging_mixin.py:188} INFO - [2024-05-27T21:12:29.130+0000] {dagbag.py:545} INFO - Filling up the DagBag from /home/airflow/.local/lib/python3.8/site-packages/airflow/example_dags/example_task_group.py
[2024-05-27T21:12:29.140+0000] {processor.py:840} INFO - DAG(s) 'example_task_group' retrieved from /home/airflow/.local/lib/python3.8/site-packages/airflow/example_dags/example_task_group.py
[2024-05-27T21:12:29.167+0000] {logging_mixin.py:188} INFO - [2024-05-27T21:12:29.167+0000] {dag.py:3096} INFO - Sync 1 DAGs
[2024-05-27T21:12:29.191+0000] {logging_mixin.py:188} INFO - [2024-05-27T21:12:29.191+0000] {dag.py:3954} INFO - Setting next_dagrun for example_task_group to 2024-05-26 00:00:00+00:00, run_after=2024-05-27 00:00:00+00:00
[2024-05-27T21:12:29.229+0000] {processor.py:183} INFO - Processing /home/airflow/.local/lib/python3.8/site-packages/airflow/example_dags/example_task_group.py took 0.112 seconds
[2024-05-27T21:13:00.097+0000] {processor.py:161} INFO - Started process (PID=941) to work on /home/airflow/.local/lib/python3.8/site-packages/airflow/example_dags/example_task_group.py
[2024-05-27T21:13:00.098+0000] {processor.py:830} INFO - Processing file /home/airflow/.local/lib/python3.8/site-packages/airflow/example_dags/example_task_group.py for tasks to queue
[2024-05-27T21:13:00.100+0000] {logging_mixin.py:188} INFO - [2024-05-27T21:13:00.100+0000] {dagbag.py:545} INFO - Filling up the DagBag from /home/airflow/.local/lib/python3.8/site-packages/airflow/example_dags/example_task_group.py
[2024-05-27T21:13:00.108+0000] {processor.py:840} INFO - DAG(s) 'example_task_group' retrieved from /home/airflow/.local/lib/python3.8/site-packages/airflow/example_dags/example_task_group.py
[2024-05-27T21:13:00.137+0000] {logging_mixin.py:188} INFO - [2024-05-27T21:13:00.136+0000] {dag.py:3096} INFO - Sync 1 DAGs
[2024-05-27T21:13:00.169+0000] {logging_mixin.py:188} INFO - [2024-05-27T21:13:00.169+0000] {dag.py:3954} INFO - Setting next_dagrun for example_task_group to 2024-05-26 00:00:00+00:00, run_after=2024-05-27 00:00:00+00:00
[2024-05-27T21:13:00.194+0000] {processor.py:183} INFO - Processing /home/airflow/.local/lib/python3.8/site-packages/airflow/example_dags/example_task_group.py took 0.104 seconds
[2024-05-27T21:13:30.473+0000] {processor.py:161} INFO - Started process (PID=1011) to work on /home/airflow/.local/lib/python3.8/site-packages/airflow/example_dags/example_task_group.py
[2024-05-27T21:13:30.474+0000] {processor.py:830} INFO - Processing file /home/airflow/.local/lib/python3.8/site-packages/airflow/example_dags/example_task_group.py for tasks to queue
[2024-05-27T21:13:30.477+0000] {logging_mixin.py:188} INFO - [2024-05-27T21:13:30.476+0000] {dagbag.py:545} INFO - Filling up the DagBag from /home/airflow/.local/lib/python3.8/site-packages/airflow/example_dags/example_task_group.py
[2024-05-27T21:13:30.483+0000] {processor.py:840} INFO - DAG(s) 'example_task_group' retrieved from /home/airflow/.local/lib/python3.8/site-packages/airflow/example_dags/example_task_group.py
[2024-05-27T21:13:30.510+0000] {logging_mixin.py:188} INFO - [2024-05-27T21:13:30.510+0000] {dag.py:3096} INFO - Sync 1 DAGs
[2024-05-27T21:13:30.537+0000] {logging_mixin.py:188} INFO - [2024-05-27T21:13:30.536+0000] {dag.py:3954} INFO - Setting next_dagrun for example_task_group to 2024-05-26 00:00:00+00:00, run_after=2024-05-27 00:00:00+00:00
[2024-05-27T21:13:30.559+0000] {processor.py:183} INFO - Processing /home/airflow/.local/lib/python3.8/site-packages/airflow/example_dags/example_task_group.py took 0.093 seconds
[2024-05-27T21:14:01.036+0000] {processor.py:161} INFO - Started process (PID=1080) to work on /home/airflow/.local/lib/python3.8/site-packages/airflow/example_dags/example_task_group.py
[2024-05-27T21:14:01.038+0000] {processor.py:830} INFO - Processing file /home/airflow/.local/lib/python3.8/site-packages/airflow/example_dags/example_task_group.py for tasks to queue
[2024-05-27T21:14:01.041+0000] {logging_mixin.py:188} INFO - [2024-05-27T21:14:01.040+0000] {dagbag.py:545} INFO - Filling up the DagBag from /home/airflow/.local/lib/python3.8/site-packages/airflow/example_dags/example_task_group.py
[2024-05-27T21:14:01.048+0000] {processor.py:840} INFO - DAG(s) 'example_task_group' retrieved from /home/airflow/.local/lib/python3.8/site-packages/airflow/example_dags/example_task_group.py
[2024-05-27T21:14:01.076+0000] {logging_mixin.py:188} INFO - [2024-05-27T21:14:01.076+0000] {dag.py:3096} INFO - Sync 1 DAGs
[2024-05-27T21:14:01.096+0000] {logging_mixin.py:188} INFO - [2024-05-27T21:14:01.096+0000] {dag.py:3954} INFO - Setting next_dagrun for example_task_group to 2024-05-26 00:00:00+00:00, run_after=2024-05-27 00:00:00+00:00
[2024-05-27T21:14:01.120+0000] {processor.py:183} INFO - Processing /home/airflow/.local/lib/python3.8/site-packages/airflow/example_dags/example_task_group.py took 0.089 seconds
[2024-05-27T21:14:31.589+0000] {processor.py:161} INFO - Started process (PID=1158) to work on /home/airflow/.local/lib/python3.8/site-packages/airflow/example_dags/example_task_group.py
[2024-05-27T21:14:31.591+0000] {processor.py:830} INFO - Processing file /home/airflow/.local/lib/python3.8/site-packages/airflow/example_dags/example_task_group.py for tasks to queue
[2024-05-27T21:14:31.593+0000] {logging_mixin.py:188} INFO - [2024-05-27T21:14:31.593+0000] {dagbag.py:545} INFO - Filling up the DagBag from /home/airflow/.local/lib/python3.8/site-packages/airflow/example_dags/example_task_group.py
[2024-05-27T21:14:31.600+0000] {processor.py:840} INFO - DAG(s) 'example_task_group' retrieved from /home/airflow/.local/lib/python3.8/site-packages/airflow/example_dags/example_task_group.py
[2024-05-27T21:14:31.625+0000] {logging_mixin.py:188} INFO - [2024-05-27T21:14:31.625+0000] {dag.py:3096} INFO - Sync 1 DAGs
[2024-05-27T21:14:31.649+0000] {logging_mixin.py:188} INFO - [2024-05-27T21:14:31.648+0000] {dag.py:3954} INFO - Setting next_dagrun for example_task_group to 2024-05-26 00:00:00+00:00, run_after=2024-05-27 00:00:00+00:00
[2024-05-27T21:14:31.673+0000] {processor.py:183} INFO - Processing /home/airflow/.local/lib/python3.8/site-packages/airflow/example_dags/example_task_group.py took 0.090 seconds
[2024-05-27T21:15:02.470+0000] {processor.py:161} INFO - Started process (PID=1229) to work on /home/airflow/.local/lib/python3.8/site-packages/airflow/example_dags/example_task_group.py
[2024-05-27T21:15:02.471+0000] {processor.py:830} INFO - Processing file /home/airflow/.local/lib/python3.8/site-packages/airflow/example_dags/example_task_group.py for tasks to queue
[2024-05-27T21:15:02.473+0000] {logging_mixin.py:188} INFO - [2024-05-27T21:15:02.473+0000] {dagbag.py:545} INFO - Filling up the DagBag from /home/airflow/.local/lib/python3.8/site-packages/airflow/example_dags/example_task_group.py
[2024-05-27T21:15:02.480+0000] {processor.py:840} INFO - DAG(s) 'example_task_group' retrieved from /home/airflow/.local/lib/python3.8/site-packages/airflow/example_dags/example_task_group.py
[2024-05-27T21:15:02.510+0000] {logging_mixin.py:188} INFO - [2024-05-27T21:15:02.510+0000] {dag.py:3096} INFO - Sync 1 DAGs
[2024-05-27T21:15:02.532+0000] {logging_mixin.py:188} INFO - [2024-05-27T21:15:02.532+0000] {dag.py:3954} INFO - Setting next_dagrun for example_task_group to 2024-05-26 00:00:00+00:00, run_after=2024-05-27 00:00:00+00:00
[2024-05-27T21:15:02.564+0000] {processor.py:183} INFO - Processing /home/airflow/.local/lib/python3.8/site-packages/airflow/example_dags/example_task_group.py took 0.101 seconds
[2024-05-27T21:15:33.298+0000] {processor.py:161} INFO - Started process (PID=1307) to work on /home/airflow/.local/lib/python3.8/site-packages/airflow/example_dags/example_task_group.py
[2024-05-27T21:15:33.300+0000] {processor.py:830} INFO - Processing file /home/airflow/.local/lib/python3.8/site-packages/airflow/example_dags/example_task_group.py for tasks to queue
[2024-05-27T21:15:33.302+0000] {logging_mixin.py:188} INFO - [2024-05-27T21:15:33.302+0000] {dagbag.py:545} INFO - Filling up the DagBag from /home/airflow/.local/lib/python3.8/site-packages/airflow/example_dags/example_task_group.py
[2024-05-27T21:15:33.314+0000] {processor.py:840} INFO - DAG(s) 'example_task_group' retrieved from /home/airflow/.local/lib/python3.8/site-packages/airflow/example_dags/example_task_group.py
[2024-05-27T21:15:33.343+0000] {logging_mixin.py:188} INFO - [2024-05-27T21:15:33.343+0000] {dag.py:3096} INFO - Sync 1 DAGs
[2024-05-27T21:15:33.371+0000] {logging_mixin.py:188} INFO - [2024-05-27T21:15:33.371+0000] {dag.py:3954} INFO - Setting next_dagrun for example_task_group to 2024-05-26 00:00:00+00:00, run_after=2024-05-27 00:00:00+00:00
[2024-05-27T21:15:33.395+0000] {processor.py:183} INFO - Processing /home/airflow/.local/lib/python3.8/site-packages/airflow/example_dags/example_task_group.py took 0.105 seconds
[2024-05-27T21:16:03.660+0000] {processor.py:161} INFO - Started process (PID=1377) to work on /home/airflow/.local/lib/python3.8/site-packages/airflow/example_dags/example_task_group.py
[2024-05-27T21:16:03.661+0000] {processor.py:830} INFO - Processing file /home/airflow/.local/lib/python3.8/site-packages/airflow/example_dags/example_task_group.py for tasks to queue
[2024-05-27T21:16:03.664+0000] {logging_mixin.py:188} INFO - [2024-05-27T21:16:03.663+0000] {dagbag.py:545} INFO - Filling up the DagBag from /home/airflow/.local/lib/python3.8/site-packages/airflow/example_dags/example_task_group.py
[2024-05-27T21:16:03.670+0000] {processor.py:840} INFO - DAG(s) 'example_task_group' retrieved from /home/airflow/.local/lib/python3.8/site-packages/airflow/example_dags/example_task_group.py
[2024-05-27T21:16:03.696+0000] {logging_mixin.py:188} INFO - [2024-05-27T21:16:03.695+0000] {dag.py:3096} INFO - Sync 1 DAGs
[2024-05-27T21:16:03.719+0000] {logging_mixin.py:188} INFO - [2024-05-27T21:16:03.719+0000] {dag.py:3954} INFO - Setting next_dagrun for example_task_group to 2024-05-26 00:00:00+00:00, run_after=2024-05-27 00:00:00+00:00
[2024-05-27T21:16:03.753+0000] {processor.py:183} INFO - Processing /home/airflow/.local/lib/python3.8/site-packages/airflow/example_dags/example_task_group.py took 0.099 seconds
[2024-05-27T21:16:34.220+0000] {processor.py:161} INFO - Started process (PID=1456) to work on /home/airflow/.local/lib/python3.8/site-packages/airflow/example_dags/example_task_group.py
[2024-05-27T21:16:34.221+0000] {processor.py:830} INFO - Processing file /home/airflow/.local/lib/python3.8/site-packages/airflow/example_dags/example_task_group.py for tasks to queue
[2024-05-27T21:16:34.224+0000] {logging_mixin.py:188} INFO - [2024-05-27T21:16:34.224+0000] {dagbag.py:545} INFO - Filling up the DagBag from /home/airflow/.local/lib/python3.8/site-packages/airflow/example_dags/example_task_group.py
[2024-05-27T21:16:34.236+0000] {processor.py:840} INFO - DAG(s) 'example_task_group' retrieved from /home/airflow/.local/lib/python3.8/site-packages/airflow/example_dags/example_task_group.py
[2024-05-27T21:16:34.260+0000] {logging_mixin.py:188} INFO - [2024-05-27T21:16:34.260+0000] {dag.py:3096} INFO - Sync 1 DAGs
[2024-05-27T21:16:34.285+0000] {logging_mixin.py:188} INFO - [2024-05-27T21:16:34.285+0000] {dag.py:3954} INFO - Setting next_dagrun for example_task_group to 2024-05-26 00:00:00+00:00, run_after=2024-05-27 00:00:00+00:00
[2024-05-27T21:16:34.312+0000] {processor.py:183} INFO - Processing /home/airflow/.local/lib/python3.8/site-packages/airflow/example_dags/example_task_group.py took 0.103 seconds
[2024-05-27T21:17:04.938+0000] {processor.py:161} INFO - Started process (PID=1527) to work on /home/airflow/.local/lib/python3.8/site-packages/airflow/example_dags/example_task_group.py
[2024-05-27T21:17:04.939+0000] {processor.py:830} INFO - Processing file /home/airflow/.local/lib/python3.8/site-packages/airflow/example_dags/example_task_group.py for tasks to queue
[2024-05-27T21:17:04.942+0000] {logging_mixin.py:188} INFO - [2024-05-27T21:17:04.941+0000] {dagbag.py:545} INFO - Filling up the DagBag from /home/airflow/.local/lib/python3.8/site-packages/airflow/example_dags/example_task_group.py
[2024-05-27T21:17:04.951+0000] {processor.py:840} INFO - DAG(s) 'example_task_group' retrieved from /home/airflow/.local/lib/python3.8/site-packages/airflow/example_dags/example_task_group.py
[2024-05-27T21:17:04.975+0000] {logging_mixin.py:188} INFO - [2024-05-27T21:17:04.975+0000] {dag.py:3096} INFO - Sync 1 DAGs
[2024-05-27T21:17:04.997+0000] {logging_mixin.py:188} INFO - [2024-05-27T21:17:04.997+0000] {dag.py:3954} INFO - Setting next_dagrun for example_task_group to 2024-05-26 00:00:00+00:00, run_after=2024-05-27 00:00:00+00:00
[2024-05-27T21:17:05.020+0000] {processor.py:183} INFO - Processing /home/airflow/.local/lib/python3.8/site-packages/airflow/example_dags/example_task_group.py took 0.088 seconds
[2024-05-27T21:17:35.093+0000] {processor.py:161} INFO - Started process (PID=1597) to work on /home/airflow/.local/lib/python3.8/site-packages/airflow/example_dags/example_task_group.py
[2024-05-27T21:17:35.094+0000] {processor.py:830} INFO - Processing file /home/airflow/.local/lib/python3.8/site-packages/airflow/example_dags/example_task_group.py for tasks to queue
[2024-05-27T21:17:35.096+0000] {logging_mixin.py:188} INFO - [2024-05-27T21:17:35.096+0000] {dagbag.py:545} INFO - Filling up the DagBag from /home/airflow/.local/lib/python3.8/site-packages/airflow/example_dags/example_task_group.py
[2024-05-27T21:17:35.103+0000] {processor.py:840} INFO - DAG(s) 'example_task_group' retrieved from /home/airflow/.local/lib/python3.8/site-packages/airflow/example_dags/example_task_group.py
[2024-05-27T21:17:35.130+0000] {logging_mixin.py:188} INFO - [2024-05-27T21:17:35.130+0000] {dag.py:3096} INFO - Sync 1 DAGs
[2024-05-27T21:17:35.149+0000] {logging_mixin.py:188} INFO - [2024-05-27T21:17:35.149+0000] {dag.py:3954} INFO - Setting next_dagrun for example_task_group to 2024-05-26 00:00:00+00:00, run_after=2024-05-27 00:00:00+00:00
[2024-05-27T21:17:35.180+0000] {processor.py:183} INFO - Processing /home/airflow/.local/lib/python3.8/site-packages/airflow/example_dags/example_task_group.py took 0.093 seconds
[2024-05-27T21:18:13.730+0000] {processor.py:161} INFO - Started process (PID=1674) to work on /home/airflow/.local/lib/python3.8/site-packages/airflow/example_dags/example_task_group.py
[2024-05-27T21:18:13.732+0000] {processor.py:830} INFO - Processing file /home/airflow/.local/lib/python3.8/site-packages/airflow/example_dags/example_task_group.py for tasks to queue
[2024-05-27T21:18:13.735+0000] {logging_mixin.py:188} INFO - [2024-05-27T21:18:13.735+0000] {dagbag.py:545} INFO - Filling up the DagBag from /home/airflow/.local/lib/python3.8/site-packages/airflow/example_dags/example_task_group.py
[2024-05-27T21:18:13.751+0000] {processor.py:840} INFO - DAG(s) 'example_task_group' retrieved from /home/airflow/.local/lib/python3.8/site-packages/airflow/example_dags/example_task_group.py
[2024-05-27T21:18:13.799+0000] {logging_mixin.py:188} INFO - [2024-05-27T21:18:13.799+0000] {dag.py:3096} INFO - Sync 1 DAGs
[2024-05-27T21:18:13.842+0000] {logging_mixin.py:188} INFO - [2024-05-27T21:18:13.842+0000] {dag.py:3954} INFO - Setting next_dagrun for example_task_group to 2024-05-26 00:00:00+00:00, run_after=2024-05-27 00:00:00+00:00
[2024-05-27T21:18:13.874+0000] {processor.py:183} INFO - Processing /home/airflow/.local/lib/python3.8/site-packages/airflow/example_dags/example_task_group.py took 0.155 seconds
[2024-05-27T21:18:43.962+0000] {processor.py:161} INFO - Started process (PID=1746) to work on /home/airflow/.local/lib/python3.8/site-packages/airflow/example_dags/example_task_group.py
[2024-05-27T21:18:43.963+0000] {processor.py:830} INFO - Processing file /home/airflow/.local/lib/python3.8/site-packages/airflow/example_dags/example_task_group.py for tasks to queue
[2024-05-27T21:18:43.966+0000] {logging_mixin.py:188} INFO - [2024-05-27T21:18:43.965+0000] {dagbag.py:545} INFO - Filling up the DagBag from /home/airflow/.local/lib/python3.8/site-packages/airflow/example_dags/example_task_group.py
[2024-05-27T21:18:43.977+0000] {processor.py:840} INFO - DAG(s) 'example_task_group' retrieved from /home/airflow/.local/lib/python3.8/site-packages/airflow/example_dags/example_task_group.py
[2024-05-27T21:18:44.008+0000] {logging_mixin.py:188} INFO - [2024-05-27T21:18:44.008+0000] {dag.py:3096} INFO - Sync 1 DAGs
[2024-05-27T21:18:44.033+0000] {logging_mixin.py:188} INFO - [2024-05-27T21:18:44.033+0000] {dag.py:3954} INFO - Setting next_dagrun for example_task_group to 2024-05-26 00:00:00+00:00, run_after=2024-05-27 00:00:00+00:00
[2024-05-27T21:18:44.053+0000] {processor.py:183} INFO - Processing /home/airflow/.local/lib/python3.8/site-packages/airflow/example_dags/example_task_group.py took 0.101 seconds
[2024-05-27T21:19:14.804+0000] {processor.py:161} INFO - Started process (PID=1816) to work on /home/airflow/.local/lib/python3.8/site-packages/airflow/example_dags/example_task_group.py
[2024-05-27T21:19:14.806+0000] {processor.py:830} INFO - Processing file /home/airflow/.local/lib/python3.8/site-packages/airflow/example_dags/example_task_group.py for tasks to queue
[2024-05-27T21:19:14.809+0000] {logging_mixin.py:188} INFO - [2024-05-27T21:19:14.808+0000] {dagbag.py:545} INFO - Filling up the DagBag from /home/airflow/.local/lib/python3.8/site-packages/airflow/example_dags/example_task_group.py
[2024-05-27T21:19:14.817+0000] {processor.py:840} INFO - DAG(s) 'example_task_group' retrieved from /home/airflow/.local/lib/python3.8/site-packages/airflow/example_dags/example_task_group.py
[2024-05-27T21:19:14.847+0000] {logging_mixin.py:188} INFO - [2024-05-27T21:19:14.846+0000] {dag.py:3096} INFO - Sync 1 DAGs
[2024-05-27T21:19:14.878+0000] {logging_mixin.py:188} INFO - [2024-05-27T21:19:14.877+0000] {dag.py:3954} INFO - Setting next_dagrun for example_task_group to 2024-05-26 00:00:00+00:00, run_after=2024-05-27 00:00:00+00:00
[2024-05-27T21:19:14.903+0000] {processor.py:183} INFO - Processing /home/airflow/.local/lib/python3.8/site-packages/airflow/example_dags/example_task_group.py took 0.106 seconds
[2024-05-27T21:19:45.575+0000] {processor.py:161} INFO - Started process (PID=1886) to work on /home/airflow/.local/lib/python3.8/site-packages/airflow/example_dags/example_task_group.py
[2024-05-27T21:19:45.576+0000] {processor.py:830} INFO - Processing file /home/airflow/.local/lib/python3.8/site-packages/airflow/example_dags/example_task_group.py for tasks to queue
[2024-05-27T21:19:45.578+0000] {logging_mixin.py:188} INFO - [2024-05-27T21:19:45.577+0000] {dagbag.py:545} INFO - Filling up the DagBag from /home/airflow/.local/lib/python3.8/site-packages/airflow/example_dags/example_task_group.py
[2024-05-27T21:19:45.586+0000] {processor.py:840} INFO - DAG(s) 'example_task_group' retrieved from /home/airflow/.local/lib/python3.8/site-packages/airflow/example_dags/example_task_group.py
[2024-05-27T21:19:45.611+0000] {logging_mixin.py:188} INFO - [2024-05-27T21:19:45.611+0000] {dag.py:3096} INFO - Sync 1 DAGs
[2024-05-27T21:19:45.636+0000] {logging_mixin.py:188} INFO - [2024-05-27T21:19:45.636+0000] {dag.py:3954} INFO - Setting next_dagrun for example_task_group to 2024-05-26 00:00:00+00:00, run_after=2024-05-27 00:00:00+00:00
[2024-05-27T21:19:45.659+0000] {processor.py:183} INFO - Processing /home/airflow/.local/lib/python3.8/site-packages/airflow/example_dags/example_task_group.py took 0.092 seconds
[2024-05-27T21:20:16.387+0000] {processor.py:161} INFO - Started process (PID=1964) to work on /home/airflow/.local/lib/python3.8/site-packages/airflow/example_dags/example_task_group.py
[2024-05-27T21:20:16.389+0000] {processor.py:830} INFO - Processing file /home/airflow/.local/lib/python3.8/site-packages/airflow/example_dags/example_task_group.py for tasks to queue
[2024-05-27T21:20:16.391+0000] {logging_mixin.py:188} INFO - [2024-05-27T21:20:16.391+0000] {dagbag.py:545} INFO - Filling up the DagBag from /home/airflow/.local/lib/python3.8/site-packages/airflow/example_dags/example_task_group.py
[2024-05-27T21:20:16.399+0000] {processor.py:840} INFO - DAG(s) 'example_task_group' retrieved from /home/airflow/.local/lib/python3.8/site-packages/airflow/example_dags/example_task_group.py
[2024-05-27T21:20:16.424+0000] {logging_mixin.py:188} INFO - [2024-05-27T21:20:16.423+0000] {dag.py:3096} INFO - Sync 1 DAGs
[2024-05-27T21:20:16.449+0000] {logging_mixin.py:188} INFO - [2024-05-27T21:20:16.449+0000] {dag.py:3954} INFO - Setting next_dagrun for example_task_group to 2024-05-26 00:00:00+00:00, run_after=2024-05-27 00:00:00+00:00
[2024-05-27T21:20:16.476+0000] {processor.py:183} INFO - Processing /home/airflow/.local/lib/python3.8/site-packages/airflow/example_dags/example_task_group.py took 0.096 seconds
[2024-05-27T21:20:47.054+0000] {processor.py:161} INFO - Started process (PID=2035) to work on /home/airflow/.local/lib/python3.8/site-packages/airflow/example_dags/example_task_group.py
[2024-05-27T21:20:47.055+0000] {processor.py:830} INFO - Processing file /home/airflow/.local/lib/python3.8/site-packages/airflow/example_dags/example_task_group.py for tasks to queue
[2024-05-27T21:20:47.058+0000] {logging_mixin.py:188} INFO - [2024-05-27T21:20:47.057+0000] {dagbag.py:545} INFO - Filling up the DagBag from /home/airflow/.local/lib/python3.8/site-packages/airflow/example_dags/example_task_group.py
[2024-05-27T21:20:47.065+0000] {processor.py:840} INFO - DAG(s) 'example_task_group' retrieved from /home/airflow/.local/lib/python3.8/site-packages/airflow/example_dags/example_task_group.py
[2024-05-27T21:20:47.091+0000] {logging_mixin.py:188} INFO - [2024-05-27T21:20:47.090+0000] {dag.py:3096} INFO - Sync 1 DAGs
[2024-05-27T21:20:47.114+0000] {logging_mixin.py:188} INFO - [2024-05-27T21:20:47.113+0000] {dag.py:3954} INFO - Setting next_dagrun for example_task_group to 2024-05-26 00:00:00+00:00, run_after=2024-05-27 00:00:00+00:00
[2024-05-27T21:20:47.137+0000] {processor.py:183} INFO - Processing /home/airflow/.local/lib/python3.8/site-packages/airflow/example_dags/example_task_group.py took 0.091 seconds
[2024-05-27T21:21:18.540+0000] {processor.py:161} INFO - Started process (PID=2136) to work on /home/airflow/.local/lib/python3.8/site-packages/airflow/example_dags/example_task_group.py
[2024-05-27T21:21:18.551+0000] {processor.py:830} INFO - Processing file /home/airflow/.local/lib/python3.8/site-packages/airflow/example_dags/example_task_group.py for tasks to queue
[2024-05-27T21:21:18.557+0000] {logging_mixin.py:188} INFO - [2024-05-27T21:21:18.557+0000] {dagbag.py:545} INFO - Filling up the DagBag from /home/airflow/.local/lib/python3.8/site-packages/airflow/example_dags/example_task_group.py
[2024-05-27T21:21:18.583+0000] {processor.py:840} INFO - DAG(s) 'example_task_group' retrieved from /home/airflow/.local/lib/python3.8/site-packages/airflow/example_dags/example_task_group.py
[2024-05-27T21:21:18.677+0000] {logging_mixin.py:188} INFO - [2024-05-27T21:21:18.676+0000] {dag.py:3096} INFO - Sync 1 DAGs
[2024-05-27T21:21:18.747+0000] {logging_mixin.py:188} INFO - [2024-05-27T21:21:18.747+0000] {dag.py:3954} INFO - Setting next_dagrun for example_task_group to 2024-05-26 00:00:00+00:00, run_after=2024-05-27 00:00:00+00:00
[2024-05-27T21:21:18.805+0000] {processor.py:183} INFO - Processing /home/airflow/.local/lib/python3.8/site-packages/airflow/example_dags/example_task_group.py took 0.315 seconds
[2024-05-27T21:21:49.444+0000] {processor.py:161} INFO - Started process (PID=2206) to work on /home/airflow/.local/lib/python3.8/site-packages/airflow/example_dags/example_task_group.py
[2024-05-27T21:21:49.446+0000] {processor.py:830} INFO - Processing file /home/airflow/.local/lib/python3.8/site-packages/airflow/example_dags/example_task_group.py for tasks to queue
[2024-05-27T21:21:49.449+0000] {logging_mixin.py:188} INFO - [2024-05-27T21:21:49.448+0000] {dagbag.py:545} INFO - Filling up the DagBag from /home/airflow/.local/lib/python3.8/site-packages/airflow/example_dags/example_task_group.py
[2024-05-27T21:21:49.456+0000] {processor.py:840} INFO - DAG(s) 'example_task_group' retrieved from /home/airflow/.local/lib/python3.8/site-packages/airflow/example_dags/example_task_group.py
[2024-05-27T21:21:49.483+0000] {logging_mixin.py:188} INFO - [2024-05-27T21:21:49.483+0000] {dag.py:3096} INFO - Sync 1 DAGs
[2024-05-27T21:21:49.509+0000] {logging_mixin.py:188} INFO - [2024-05-27T21:21:49.509+0000] {dag.py:3954} INFO - Setting next_dagrun for example_task_group to 2024-05-26 00:00:00+00:00, run_after=2024-05-27 00:00:00+00:00
[2024-05-27T21:21:49.532+0000] {processor.py:183} INFO - Processing /home/airflow/.local/lib/python3.8/site-packages/airflow/example_dags/example_task_group.py took 0.095 seconds
[2024-05-27T21:22:20.051+0000] {processor.py:161} INFO - Started process (PID=2276) to work on /home/airflow/.local/lib/python3.8/site-packages/airflow/example_dags/example_task_group.py
[2024-05-27T21:22:20.052+0000] {processor.py:830} INFO - Processing file /home/airflow/.local/lib/python3.8/site-packages/airflow/example_dags/example_task_group.py for tasks to queue
[2024-05-27T21:22:20.055+0000] {logging_mixin.py:188} INFO - [2024-05-27T21:22:20.054+0000] {dagbag.py:545} INFO - Filling up the DagBag from /home/airflow/.local/lib/python3.8/site-packages/airflow/example_dags/example_task_group.py
[2024-05-27T21:22:20.065+0000] {processor.py:840} INFO - DAG(s) 'example_task_group' retrieved from /home/airflow/.local/lib/python3.8/site-packages/airflow/example_dags/example_task_group.py
[2024-05-27T21:22:20.090+0000] {logging_mixin.py:188} INFO - [2024-05-27T21:22:20.089+0000] {dag.py:3096} INFO - Sync 1 DAGs
[2024-05-27T21:22:20.113+0000] {logging_mixin.py:188} INFO - [2024-05-27T21:22:20.112+0000] {dag.py:3954} INFO - Setting next_dagrun for example_task_group to 2024-05-26 00:00:00+00:00, run_after=2024-05-27 00:00:00+00:00
[2024-05-27T21:22:20.132+0000] {processor.py:183} INFO - Processing /home/airflow/.local/lib/python3.8/site-packages/airflow/example_dags/example_task_group.py took 0.086 seconds
[2024-05-27T21:22:50.747+0000] {processor.py:161} INFO - Started process (PID=2346) to work on /home/airflow/.local/lib/python3.8/site-packages/airflow/example_dags/example_task_group.py
[2024-05-27T21:22:50.749+0000] {processor.py:830} INFO - Processing file /home/airflow/.local/lib/python3.8/site-packages/airflow/example_dags/example_task_group.py for tasks to queue
[2024-05-27T21:22:50.751+0000] {logging_mixin.py:188} INFO - [2024-05-27T21:22:50.751+0000] {dagbag.py:545} INFO - Filling up the DagBag from /home/airflow/.local/lib/python3.8/site-packages/airflow/example_dags/example_task_group.py
[2024-05-27T21:22:50.759+0000] {processor.py:840} INFO - DAG(s) 'example_task_group' retrieved from /home/airflow/.local/lib/python3.8/site-packages/airflow/example_dags/example_task_group.py
[2024-05-27T21:22:50.784+0000] {logging_mixin.py:188} INFO - [2024-05-27T21:22:50.783+0000] {dag.py:3096} INFO - Sync 1 DAGs
[2024-05-27T21:22:50.812+0000] {logging_mixin.py:188} INFO - [2024-05-27T21:22:50.812+0000] {dag.py:3954} INFO - Setting next_dagrun for example_task_group to 2024-05-26 00:00:00+00:00, run_after=2024-05-27 00:00:00+00:00
[2024-05-27T21:22:50.835+0000] {processor.py:183} INFO - Processing /home/airflow/.local/lib/python3.8/site-packages/airflow/example_dags/example_task_group.py took 0.094 seconds
[2024-05-27T21:23:21.545+0000] {processor.py:161} INFO - Started process (PID=2424) to work on /home/airflow/.local/lib/python3.8/site-packages/airflow/example_dags/example_task_group.py
[2024-05-27T21:23:21.547+0000] {processor.py:830} INFO - Processing file /home/airflow/.local/lib/python3.8/site-packages/airflow/example_dags/example_task_group.py for tasks to queue
[2024-05-27T21:23:21.549+0000] {logging_mixin.py:188} INFO - [2024-05-27T21:23:21.548+0000] {dagbag.py:545} INFO - Filling up the DagBag from /home/airflow/.local/lib/python3.8/site-packages/airflow/example_dags/example_task_group.py
[2024-05-27T21:23:21.556+0000] {processor.py:840} INFO - DAG(s) 'example_task_group' retrieved from /home/airflow/.local/lib/python3.8/site-packages/airflow/example_dags/example_task_group.py
[2024-05-27T21:23:21.579+0000] {logging_mixin.py:188} INFO - [2024-05-27T21:23:21.579+0000] {dag.py:3096} INFO - Sync 1 DAGs
[2024-05-27T21:23:21.603+0000] {logging_mixin.py:188} INFO - [2024-05-27T21:23:21.603+0000] {dag.py:3954} INFO - Setting next_dagrun for example_task_group to 2024-05-26 00:00:00+00:00, run_after=2024-05-27 00:00:00+00:00
[2024-05-27T21:23:21.624+0000] {processor.py:183} INFO - Processing /home/airflow/.local/lib/python3.8/site-packages/airflow/example_dags/example_task_group.py took 0.088 seconds
[2024-05-27T21:23:52.004+0000] {processor.py:161} INFO - Started process (PID=2494) to work on /home/airflow/.local/lib/python3.8/site-packages/airflow/example_dags/example_task_group.py
[2024-05-27T21:23:52.005+0000] {processor.py:830} INFO - Processing file /home/airflow/.local/lib/python3.8/site-packages/airflow/example_dags/example_task_group.py for tasks to queue
[2024-05-27T21:23:52.008+0000] {logging_mixin.py:188} INFO - [2024-05-27T21:23:52.008+0000] {dagbag.py:545} INFO - Filling up the DagBag from /home/airflow/.local/lib/python3.8/site-packages/airflow/example_dags/example_task_group.py
[2024-05-27T21:23:52.021+0000] {processor.py:840} INFO - DAG(s) 'example_task_group' retrieved from /home/airflow/.local/lib/python3.8/site-packages/airflow/example_dags/example_task_group.py
[2024-05-27T21:23:52.050+0000] {logging_mixin.py:188} INFO - [2024-05-27T21:23:52.049+0000] {dag.py:3096} INFO - Sync 1 DAGs
[2024-05-27T21:23:52.075+0000] {logging_mixin.py:188} INFO - [2024-05-27T21:23:52.075+0000] {dag.py:3954} INFO - Setting next_dagrun for example_task_group to 2024-05-26 00:00:00+00:00, run_after=2024-05-27 00:00:00+00:00
[2024-05-27T21:23:52.097+0000] {processor.py:183} INFO - Processing /home/airflow/.local/lib/python3.8/site-packages/airflow/example_dags/example_task_group.py took 0.102 seconds
[2024-05-27T21:24:22.856+0000] {processor.py:161} INFO - Started process (PID=2565) to work on /home/airflow/.local/lib/python3.8/site-packages/airflow/example_dags/example_task_group.py
[2024-05-27T21:24:22.858+0000] {processor.py:830} INFO - Processing file /home/airflow/.local/lib/python3.8/site-packages/airflow/example_dags/example_task_group.py for tasks to queue
[2024-05-27T21:24:22.861+0000] {logging_mixin.py:188} INFO - [2024-05-27T21:24:22.860+0000] {dagbag.py:545} INFO - Filling up the DagBag from /home/airflow/.local/lib/python3.8/site-packages/airflow/example_dags/example_task_group.py
[2024-05-27T21:24:22.868+0000] {processor.py:840} INFO - DAG(s) 'example_task_group' retrieved from /home/airflow/.local/lib/python3.8/site-packages/airflow/example_dags/example_task_group.py
[2024-05-27T21:24:22.895+0000] {logging_mixin.py:188} INFO - [2024-05-27T21:24:22.895+0000] {dag.py:3096} INFO - Sync 1 DAGs
[2024-05-27T21:24:22.919+0000] {logging_mixin.py:188} INFO - [2024-05-27T21:24:22.918+0000] {dag.py:3954} INFO - Setting next_dagrun for example_task_group to 2024-05-26 00:00:00+00:00, run_after=2024-05-27 00:00:00+00:00
[2024-05-27T21:24:22.941+0000] {processor.py:183} INFO - Processing /home/airflow/.local/lib/python3.8/site-packages/airflow/example_dags/example_task_group.py took 0.093 seconds
[2024-05-27T21:24:53.334+0000] {processor.py:161} INFO - Started process (PID=2643) to work on /home/airflow/.local/lib/python3.8/site-packages/airflow/example_dags/example_task_group.py
[2024-05-27T21:24:53.336+0000] {processor.py:830} INFO - Processing file /home/airflow/.local/lib/python3.8/site-packages/airflow/example_dags/example_task_group.py for tasks to queue
[2024-05-27T21:24:53.338+0000] {logging_mixin.py:188} INFO - [2024-05-27T21:24:53.337+0000] {dagbag.py:545} INFO - Filling up the DagBag from /home/airflow/.local/lib/python3.8/site-packages/airflow/example_dags/example_task_group.py
[2024-05-27T21:24:53.345+0000] {processor.py:840} INFO - DAG(s) 'example_task_group' retrieved from /home/airflow/.local/lib/python3.8/site-packages/airflow/example_dags/example_task_group.py
[2024-05-27T21:24:53.366+0000] {logging_mixin.py:188} INFO - [2024-05-27T21:24:53.366+0000] {dag.py:3096} INFO - Sync 1 DAGs
[2024-05-27T21:24:53.392+0000] {logging_mixin.py:188} INFO - [2024-05-27T21:24:53.391+0000] {dag.py:3954} INFO - Setting next_dagrun for example_task_group to 2024-05-26 00:00:00+00:00, run_after=2024-05-27 00:00:00+00:00
[2024-05-27T21:24:53.411+0000] {processor.py:183} INFO - Processing /home/airflow/.local/lib/python3.8/site-packages/airflow/example_dags/example_task_group.py took 0.083 seconds
[2024-05-27T21:25:24.093+0000] {processor.py:161} INFO - Started process (PID=2713) to work on /home/airflow/.local/lib/python3.8/site-packages/airflow/example_dags/example_task_group.py
[2024-05-27T21:25:24.094+0000] {processor.py:830} INFO - Processing file /home/airflow/.local/lib/python3.8/site-packages/airflow/example_dags/example_task_group.py for tasks to queue
[2024-05-27T21:25:24.096+0000] {logging_mixin.py:188} INFO - [2024-05-27T21:25:24.096+0000] {dagbag.py:545} INFO - Filling up the DagBag from /home/airflow/.local/lib/python3.8/site-packages/airflow/example_dags/example_task_group.py
[2024-05-27T21:25:24.104+0000] {processor.py:840} INFO - DAG(s) 'example_task_group' retrieved from /home/airflow/.local/lib/python3.8/site-packages/airflow/example_dags/example_task_group.py
[2024-05-27T21:25:24.132+0000] {logging_mixin.py:188} INFO - [2024-05-27T21:25:24.131+0000] {dag.py:3096} INFO - Sync 1 DAGs
[2024-05-27T21:25:24.157+0000] {logging_mixin.py:188} INFO - [2024-05-27T21:25:24.156+0000] {dag.py:3954} INFO - Setting next_dagrun for example_task_group to 2024-05-26 00:00:00+00:00, run_after=2024-05-27 00:00:00+00:00
[2024-05-27T21:25:24.175+0000] {processor.py:183} INFO - Processing /home/airflow/.local/lib/python3.8/site-packages/airflow/example_dags/example_task_group.py took 0.089 seconds
