[2024-05-27T20:50:52.261+0000] {processor.py:161} INFO - Started process (PID=49) to work on /home/airflow/.local/lib/python3.8/site-packages/airflow/example_dags/example_external_task_marker_dag.py
[2024-05-27T20:50:52.263+0000] {processor.py:830} INFO - Processing file /home/airflow/.local/lib/python3.8/site-packages/airflow/example_dags/example_external_task_marker_dag.py for tasks to queue
[2024-05-27T20:50:52.266+0000] {logging_mixin.py:188} INFO - [2024-05-27T20:50:52.266+0000] {dagbag.py:545} INFO - Filling up the DagBag from /home/airflow/.local/lib/python3.8/site-packages/airflow/example_dags/example_external_task_marker_dag.py
[2024-05-27T20:50:52.280+0000] {processor.py:840} INFO - DAG(s) 'example_external_task_marker_child', 'example_external_task_marker_parent' retrieved from /home/airflow/.local/lib/python3.8/site-packages/airflow/example_dags/example_external_task_marker_dag.py
[2024-05-27T20:50:52.301+0000] {logging_mixin.py:188} INFO - [2024-05-27T20:50:52.300+0000] {dag.py:3096} INFO - Sync 2 DAGs
[2024-05-27T20:50:52.318+0000] {logging_mixin.py:188} INFO - [2024-05-27T20:50:52.318+0000] {dag.py:3954} INFO - Setting next_dagrun for example_external_task_marker_child to None, run_after=None
[2024-05-27T20:50:52.323+0000] {logging_mixin.py:188} INFO - [2024-05-27T20:50:52.323+0000] {dag.py:3954} INFO - Setting next_dagrun for example_external_task_marker_parent to None, run_after=None
[2024-05-27T20:50:52.345+0000] {processor.py:183} INFO - Processing /home/airflow/.local/lib/python3.8/site-packages/airflow/example_dags/example_external_task_marker_dag.py took 0.097 seconds
[2024-05-27T20:51:23.222+0000] {processor.py:161} INFO - Started process (PID=119) to work on /home/airflow/.local/lib/python3.8/site-packages/airflow/example_dags/example_external_task_marker_dag.py
[2024-05-27T20:51:23.223+0000] {processor.py:830} INFO - Processing file /home/airflow/.local/lib/python3.8/site-packages/airflow/example_dags/example_external_task_marker_dag.py for tasks to queue
[2024-05-27T20:51:23.225+0000] {logging_mixin.py:188} INFO - [2024-05-27T20:51:23.225+0000] {dagbag.py:545} INFO - Filling up the DagBag from /home/airflow/.local/lib/python3.8/site-packages/airflow/example_dags/example_external_task_marker_dag.py
[2024-05-27T20:51:23.232+0000] {processor.py:840} INFO - DAG(s) 'example_external_task_marker_parent', 'example_external_task_marker_child' retrieved from /home/airflow/.local/lib/python3.8/site-packages/airflow/example_dags/example_external_task_marker_dag.py
[2024-05-27T20:51:23.343+0000] {logging_mixin.py:188} INFO - [2024-05-27T20:51:23.342+0000] {dag.py:3096} INFO - Sync 2 DAGs
[2024-05-27T20:51:23.355+0000] {logging_mixin.py:188} INFO - [2024-05-27T20:51:23.354+0000] {dag.py:3954} INFO - Setting next_dagrun for example_external_task_marker_child to None, run_after=None
[2024-05-27T20:51:23.358+0000] {logging_mixin.py:188} INFO - [2024-05-27T20:51:23.358+0000] {dag.py:3954} INFO - Setting next_dagrun for example_external_task_marker_parent to None, run_after=None
[2024-05-27T20:51:23.380+0000] {processor.py:183} INFO - Processing /home/airflow/.local/lib/python3.8/site-packages/airflow/example_dags/example_external_task_marker_dag.py took 0.165 seconds
[2024-05-27T20:51:53.881+0000] {processor.py:161} INFO - Started process (PID=196) to work on /home/airflow/.local/lib/python3.8/site-packages/airflow/example_dags/example_external_task_marker_dag.py
[2024-05-27T20:51:53.883+0000] {processor.py:830} INFO - Processing file /home/airflow/.local/lib/python3.8/site-packages/airflow/example_dags/example_external_task_marker_dag.py for tasks to queue
[2024-05-27T20:51:53.885+0000] {logging_mixin.py:188} INFO - [2024-05-27T20:51:53.885+0000] {dagbag.py:545} INFO - Filling up the DagBag from /home/airflow/.local/lib/python3.8/site-packages/airflow/example_dags/example_external_task_marker_dag.py
[2024-05-27T20:51:53.892+0000] {processor.py:840} INFO - DAG(s) 'example_external_task_marker_parent', 'example_external_task_marker_child' retrieved from /home/airflow/.local/lib/python3.8/site-packages/airflow/example_dags/example_external_task_marker_dag.py
[2024-05-27T20:51:53.927+0000] {logging_mixin.py:188} INFO - [2024-05-27T20:51:53.927+0000] {dag.py:3096} INFO - Sync 2 DAGs
[2024-05-27T20:51:53.943+0000] {logging_mixin.py:188} INFO - [2024-05-27T20:51:53.943+0000] {dag.py:3954} INFO - Setting next_dagrun for example_external_task_marker_child to None, run_after=None
[2024-05-27T20:51:53.947+0000] {logging_mixin.py:188} INFO - [2024-05-27T20:51:53.947+0000] {dag.py:3954} INFO - Setting next_dagrun for example_external_task_marker_parent to None, run_after=None
[2024-05-27T20:51:53.969+0000] {processor.py:183} INFO - Processing /home/airflow/.local/lib/python3.8/site-packages/airflow/example_dags/example_external_task_marker_dag.py took 0.095 seconds
[2024-05-27T20:52:24.290+0000] {processor.py:161} INFO - Started process (PID=265) to work on /home/airflow/.local/lib/python3.8/site-packages/airflow/example_dags/example_external_task_marker_dag.py
[2024-05-27T20:52:24.291+0000] {processor.py:830} INFO - Processing file /home/airflow/.local/lib/python3.8/site-packages/airflow/example_dags/example_external_task_marker_dag.py for tasks to queue
[2024-05-27T20:52:24.293+0000] {logging_mixin.py:188} INFO - [2024-05-27T20:52:24.293+0000] {dagbag.py:545} INFO - Filling up the DagBag from /home/airflow/.local/lib/python3.8/site-packages/airflow/example_dags/example_external_task_marker_dag.py
[2024-05-27T20:52:24.299+0000] {processor.py:840} INFO - DAG(s) 'example_external_task_marker_parent', 'example_external_task_marker_child' retrieved from /home/airflow/.local/lib/python3.8/site-packages/airflow/example_dags/example_external_task_marker_dag.py
[2024-05-27T20:52:24.329+0000] {logging_mixin.py:188} INFO - [2024-05-27T20:52:24.329+0000] {dag.py:3096} INFO - Sync 2 DAGs
[2024-05-27T20:52:24.344+0000] {logging_mixin.py:188} INFO - [2024-05-27T20:52:24.344+0000] {dag.py:3954} INFO - Setting next_dagrun for example_external_task_marker_child to None, run_after=None
[2024-05-27T20:52:24.350+0000] {logging_mixin.py:188} INFO - [2024-05-27T20:52:24.349+0000] {dag.py:3954} INFO - Setting next_dagrun for example_external_task_marker_parent to None, run_after=None
[2024-05-27T20:52:24.373+0000] {processor.py:183} INFO - Processing /home/airflow/.local/lib/python3.8/site-packages/airflow/example_dags/example_external_task_marker_dag.py took 0.090 seconds
[2024-05-27T20:52:55.449+0000] {processor.py:161} INFO - Started process (PID=335) to work on /home/airflow/.local/lib/python3.8/site-packages/airflow/example_dags/example_external_task_marker_dag.py
[2024-05-27T20:52:55.451+0000] {processor.py:830} INFO - Processing file /home/airflow/.local/lib/python3.8/site-packages/airflow/example_dags/example_external_task_marker_dag.py for tasks to queue
[2024-05-27T20:52:55.460+0000] {logging_mixin.py:188} INFO - [2024-05-27T20:52:55.457+0000] {dagbag.py:545} INFO - Filling up the DagBag from /home/airflow/.local/lib/python3.8/site-packages/airflow/example_dags/example_external_task_marker_dag.py
[2024-05-27T20:52:55.474+0000] {processor.py:840} INFO - DAG(s) 'example_external_task_marker_child', 'example_external_task_marker_parent' retrieved from /home/airflow/.local/lib/python3.8/site-packages/airflow/example_dags/example_external_task_marker_dag.py
[2024-05-27T20:52:55.534+0000] {logging_mixin.py:188} INFO - [2024-05-27T20:52:55.533+0000] {dag.py:3096} INFO - Sync 2 DAGs
[2024-05-27T20:52:55.560+0000] {logging_mixin.py:188} INFO - [2024-05-27T20:52:55.560+0000] {dag.py:3954} INFO - Setting next_dagrun for example_external_task_marker_child to None, run_after=None
[2024-05-27T20:52:55.566+0000] {logging_mixin.py:188} INFO - [2024-05-27T20:52:55.565+0000] {dag.py:3954} INFO - Setting next_dagrun for example_external_task_marker_parent to None, run_after=None
[2024-05-27T20:52:55.610+0000] {processor.py:183} INFO - Processing /home/airflow/.local/lib/python3.8/site-packages/airflow/example_dags/example_external_task_marker_dag.py took 0.168 seconds
[2024-05-27T20:53:26.637+0000] {processor.py:161} INFO - Started process (PID=412) to work on /home/airflow/.local/lib/python3.8/site-packages/airflow/example_dags/example_external_task_marker_dag.py
[2024-05-27T20:53:26.638+0000] {processor.py:830} INFO - Processing file /home/airflow/.local/lib/python3.8/site-packages/airflow/example_dags/example_external_task_marker_dag.py for tasks to queue
[2024-05-27T20:53:26.641+0000] {logging_mixin.py:188} INFO - [2024-05-27T20:53:26.640+0000] {dagbag.py:545} INFO - Filling up the DagBag from /home/airflow/.local/lib/python3.8/site-packages/airflow/example_dags/example_external_task_marker_dag.py
[2024-05-27T20:53:26.647+0000] {processor.py:840} INFO - DAG(s) 'example_external_task_marker_parent', 'example_external_task_marker_child' retrieved from /home/airflow/.local/lib/python3.8/site-packages/airflow/example_dags/example_external_task_marker_dag.py
[2024-05-27T20:53:26.675+0000] {logging_mixin.py:188} INFO - [2024-05-27T20:53:26.675+0000] {dag.py:3096} INFO - Sync 2 DAGs
[2024-05-27T20:53:26.689+0000] {logging_mixin.py:188} INFO - [2024-05-27T20:53:26.689+0000] {dag.py:3954} INFO - Setting next_dagrun for example_external_task_marker_child to None, run_after=None
[2024-05-27T20:53:26.694+0000] {logging_mixin.py:188} INFO - [2024-05-27T20:53:26.694+0000] {dag.py:3954} INFO - Setting next_dagrun for example_external_task_marker_parent to None, run_after=None
[2024-05-27T20:53:26.713+0000] {processor.py:183} INFO - Processing /home/airflow/.local/lib/python3.8/site-packages/airflow/example_dags/example_external_task_marker_dag.py took 0.082 seconds
[2024-05-27T20:53:57.282+0000] {processor.py:161} INFO - Started process (PID=482) to work on /home/airflow/.local/lib/python3.8/site-packages/airflow/example_dags/example_external_task_marker_dag.py
[2024-05-27T20:53:57.283+0000] {processor.py:830} INFO - Processing file /home/airflow/.local/lib/python3.8/site-packages/airflow/example_dags/example_external_task_marker_dag.py for tasks to queue
[2024-05-27T20:53:57.285+0000] {logging_mixin.py:188} INFO - [2024-05-27T20:53:57.285+0000] {dagbag.py:545} INFO - Filling up the DagBag from /home/airflow/.local/lib/python3.8/site-packages/airflow/example_dags/example_external_task_marker_dag.py
[2024-05-27T20:53:57.294+0000] {processor.py:840} INFO - DAG(s) 'example_external_task_marker_parent', 'example_external_task_marker_child' retrieved from /home/airflow/.local/lib/python3.8/site-packages/airflow/example_dags/example_external_task_marker_dag.py
[2024-05-27T20:53:57.328+0000] {logging_mixin.py:188} INFO - [2024-05-27T20:53:57.328+0000] {dag.py:3096} INFO - Sync 2 DAGs
[2024-05-27T20:53:57.346+0000] {logging_mixin.py:188} INFO - [2024-05-27T20:53:57.345+0000] {dag.py:3954} INFO - Setting next_dagrun for example_external_task_marker_child to None, run_after=None
[2024-05-27T20:53:57.351+0000] {logging_mixin.py:188} INFO - [2024-05-27T20:53:57.350+0000] {dag.py:3954} INFO - Setting next_dagrun for example_external_task_marker_parent to None, run_after=None
[2024-05-27T20:53:57.372+0000] {processor.py:183} INFO - Processing /home/airflow/.local/lib/python3.8/site-packages/airflow/example_dags/example_external_task_marker_dag.py took 0.098 seconds
[2024-05-27T20:54:27.959+0000] {processor.py:161} INFO - Started process (PID=553) to work on /home/airflow/.local/lib/python3.8/site-packages/airflow/example_dags/example_external_task_marker_dag.py
[2024-05-27T20:54:27.960+0000] {processor.py:830} INFO - Processing file /home/airflow/.local/lib/python3.8/site-packages/airflow/example_dags/example_external_task_marker_dag.py for tasks to queue
[2024-05-27T20:54:27.963+0000] {logging_mixin.py:188} INFO - [2024-05-27T20:54:27.962+0000] {dagbag.py:545} INFO - Filling up the DagBag from /home/airflow/.local/lib/python3.8/site-packages/airflow/example_dags/example_external_task_marker_dag.py
[2024-05-27T20:54:27.972+0000] {processor.py:840} INFO - DAG(s) 'example_external_task_marker_parent', 'example_external_task_marker_child' retrieved from /home/airflow/.local/lib/python3.8/site-packages/airflow/example_dags/example_external_task_marker_dag.py
[2024-05-27T20:54:28.017+0000] {logging_mixin.py:188} INFO - [2024-05-27T20:54:28.017+0000] {dag.py:3096} INFO - Sync 2 DAGs
[2024-05-27T20:54:28.040+0000] {logging_mixin.py:188} INFO - [2024-05-27T20:54:28.040+0000] {dag.py:3954} INFO - Setting next_dagrun for example_external_task_marker_child to None, run_after=None
[2024-05-27T20:54:28.045+0000] {logging_mixin.py:188} INFO - [2024-05-27T20:54:28.045+0000] {dag.py:3954} INFO - Setting next_dagrun for example_external_task_marker_parent to None, run_after=None
[2024-05-27T20:54:28.065+0000] {processor.py:183} INFO - Processing /home/airflow/.local/lib/python3.8/site-packages/airflow/example_dags/example_external_task_marker_dag.py took 0.117 seconds
[2024-05-27T20:54:58.482+0000] {processor.py:161} INFO - Started process (PID=630) to work on /home/airflow/.local/lib/python3.8/site-packages/airflow/example_dags/example_external_task_marker_dag.py
[2024-05-27T20:54:58.484+0000] {processor.py:830} INFO - Processing file /home/airflow/.local/lib/python3.8/site-packages/airflow/example_dags/example_external_task_marker_dag.py for tasks to queue
[2024-05-27T20:54:58.486+0000] {logging_mixin.py:188} INFO - [2024-05-27T20:54:58.485+0000] {dagbag.py:545} INFO - Filling up the DagBag from /home/airflow/.local/lib/python3.8/site-packages/airflow/example_dags/example_external_task_marker_dag.py
[2024-05-27T20:54:58.492+0000] {processor.py:840} INFO - DAG(s) 'example_external_task_marker_parent', 'example_external_task_marker_child' retrieved from /home/airflow/.local/lib/python3.8/site-packages/airflow/example_dags/example_external_task_marker_dag.py
[2024-05-27T20:54:58.521+0000] {logging_mixin.py:188} INFO - [2024-05-27T20:54:58.521+0000] {dag.py:3096} INFO - Sync 2 DAGs
[2024-05-27T20:54:58.542+0000] {logging_mixin.py:188} INFO - [2024-05-27T20:54:58.541+0000] {dag.py:3954} INFO - Setting next_dagrun for example_external_task_marker_child to None, run_after=None
[2024-05-27T20:54:58.546+0000] {logging_mixin.py:188} INFO - [2024-05-27T20:54:58.546+0000] {dag.py:3954} INFO - Setting next_dagrun for example_external_task_marker_parent to None, run_after=None
[2024-05-27T20:54:58.567+0000] {processor.py:183} INFO - Processing /home/airflow/.local/lib/python3.8/site-packages/airflow/example_dags/example_external_task_marker_dag.py took 0.091 seconds
[2024-05-27T20:57:15.112+0000] {processor.py:161} INFO - Started process (PID=49) to work on /home/airflow/.local/lib/python3.8/site-packages/airflow/example_dags/example_external_task_marker_dag.py
[2024-05-27T20:57:15.116+0000] {processor.py:830} INFO - Processing file /home/airflow/.local/lib/python3.8/site-packages/airflow/example_dags/example_external_task_marker_dag.py for tasks to queue
[2024-05-27T20:57:15.122+0000] {logging_mixin.py:188} INFO - [2024-05-27T20:57:15.121+0000] {dagbag.py:545} INFO - Filling up the DagBag from /home/airflow/.local/lib/python3.8/site-packages/airflow/example_dags/example_external_task_marker_dag.py
[2024-05-27T20:57:15.145+0000] {processor.py:840} INFO - DAG(s) 'example_external_task_marker_parent', 'example_external_task_marker_child' retrieved from /home/airflow/.local/lib/python3.8/site-packages/airflow/example_dags/example_external_task_marker_dag.py
[2024-05-27T20:57:15.163+0000] {logging_mixin.py:188} INFO - [2024-05-27T20:57:15.162+0000] {dag.py:3096} INFO - Sync 2 DAGs
[2024-05-27T20:57:15.181+0000] {logging_mixin.py:188} INFO - [2024-05-27T20:57:15.181+0000] {dag.py:3954} INFO - Setting next_dagrun for example_external_task_marker_child to None, run_after=None
[2024-05-27T20:57:15.187+0000] {logging_mixin.py:188} INFO - [2024-05-27T20:57:15.187+0000] {dag.py:3954} INFO - Setting next_dagrun for example_external_task_marker_parent to None, run_after=None
[2024-05-27T20:57:15.217+0000] {processor.py:183} INFO - Processing /home/airflow/.local/lib/python3.8/site-packages/airflow/example_dags/example_external_task_marker_dag.py took 0.118 seconds
[2024-05-27T20:57:45.805+0000] {processor.py:161} INFO - Started process (PID=120) to work on /home/airflow/.local/lib/python3.8/site-packages/airflow/example_dags/example_external_task_marker_dag.py
[2024-05-27T20:57:45.807+0000] {processor.py:830} INFO - Processing file /home/airflow/.local/lib/python3.8/site-packages/airflow/example_dags/example_external_task_marker_dag.py for tasks to queue
[2024-05-27T20:57:45.809+0000] {logging_mixin.py:188} INFO - [2024-05-27T20:57:45.808+0000] {dagbag.py:545} INFO - Filling up the DagBag from /home/airflow/.local/lib/python3.8/site-packages/airflow/example_dags/example_external_task_marker_dag.py
[2024-05-27T20:57:45.815+0000] {processor.py:840} INFO - DAG(s) 'example_external_task_marker_parent', 'example_external_task_marker_child' retrieved from /home/airflow/.local/lib/python3.8/site-packages/airflow/example_dags/example_external_task_marker_dag.py
[2024-05-27T20:57:45.939+0000] {logging_mixin.py:188} INFO - [2024-05-27T20:57:45.939+0000] {dag.py:3096} INFO - Sync 2 DAGs
[2024-05-27T20:57:45.952+0000] {logging_mixin.py:188} INFO - [2024-05-27T20:57:45.952+0000] {dag.py:3954} INFO - Setting next_dagrun for example_external_task_marker_child to None, run_after=None
[2024-05-27T20:57:45.956+0000] {logging_mixin.py:188} INFO - [2024-05-27T20:57:45.956+0000] {dag.py:3954} INFO - Setting next_dagrun for example_external_task_marker_parent to None, run_after=None
[2024-05-27T20:57:45.975+0000] {processor.py:183} INFO - Processing /home/airflow/.local/lib/python3.8/site-packages/airflow/example_dags/example_external_task_marker_dag.py took 0.178 seconds
[2024-05-27T20:58:16.825+0000] {processor.py:161} INFO - Started process (PID=198) to work on /home/airflow/.local/lib/python3.8/site-packages/airflow/example_dags/example_external_task_marker_dag.py
[2024-05-27T20:58:16.826+0000] {processor.py:830} INFO - Processing file /home/airflow/.local/lib/python3.8/site-packages/airflow/example_dags/example_external_task_marker_dag.py for tasks to queue
[2024-05-27T20:58:16.827+0000] {logging_mixin.py:188} INFO - [2024-05-27T20:58:16.827+0000] {dagbag.py:545} INFO - Filling up the DagBag from /home/airflow/.local/lib/python3.8/site-packages/airflow/example_dags/example_external_task_marker_dag.py
[2024-05-27T20:58:16.833+0000] {processor.py:840} INFO - DAG(s) 'example_external_task_marker_child', 'example_external_task_marker_parent' retrieved from /home/airflow/.local/lib/python3.8/site-packages/airflow/example_dags/example_external_task_marker_dag.py
[2024-05-27T20:58:16.859+0000] {logging_mixin.py:188} INFO - [2024-05-27T20:58:16.859+0000] {dag.py:3096} INFO - Sync 2 DAGs
[2024-05-27T20:58:16.874+0000] {logging_mixin.py:188} INFO - [2024-05-27T20:58:16.874+0000] {dag.py:3954} INFO - Setting next_dagrun for example_external_task_marker_child to None, run_after=None
[2024-05-27T20:58:16.879+0000] {logging_mixin.py:188} INFO - [2024-05-27T20:58:16.879+0000] {dag.py:3954} INFO - Setting next_dagrun for example_external_task_marker_parent to None, run_after=None
[2024-05-27T20:58:16.901+0000] {processor.py:183} INFO - Processing /home/airflow/.local/lib/python3.8/site-packages/airflow/example_dags/example_external_task_marker_dag.py took 0.082 seconds
[2024-05-27T20:58:47.159+0000] {processor.py:161} INFO - Started process (PID=269) to work on /home/airflow/.local/lib/python3.8/site-packages/airflow/example_dags/example_external_task_marker_dag.py
[2024-05-27T20:58:47.160+0000] {processor.py:830} INFO - Processing file /home/airflow/.local/lib/python3.8/site-packages/airflow/example_dags/example_external_task_marker_dag.py for tasks to queue
[2024-05-27T20:58:47.162+0000] {logging_mixin.py:188} INFO - [2024-05-27T20:58:47.162+0000] {dagbag.py:545} INFO - Filling up the DagBag from /home/airflow/.local/lib/python3.8/site-packages/airflow/example_dags/example_external_task_marker_dag.py
[2024-05-27T20:58:47.169+0000] {processor.py:840} INFO - DAG(s) 'example_external_task_marker_child', 'example_external_task_marker_parent' retrieved from /home/airflow/.local/lib/python3.8/site-packages/airflow/example_dags/example_external_task_marker_dag.py
[2024-05-27T20:58:47.193+0000] {logging_mixin.py:188} INFO - [2024-05-27T20:58:47.192+0000] {dag.py:3096} INFO - Sync 2 DAGs
[2024-05-27T20:58:47.205+0000] {logging_mixin.py:188} INFO - [2024-05-27T20:58:47.204+0000] {dag.py:3954} INFO - Setting next_dagrun for example_external_task_marker_child to None, run_after=None
[2024-05-27T20:58:47.209+0000] {logging_mixin.py:188} INFO - [2024-05-27T20:58:47.209+0000] {dag.py:3954} INFO - Setting next_dagrun for example_external_task_marker_parent to None, run_after=None
[2024-05-27T20:58:47.233+0000] {processor.py:183} INFO - Processing /home/airflow/.local/lib/python3.8/site-packages/airflow/example_dags/example_external_task_marker_dag.py took 0.080 seconds
[2024-05-27T20:59:17.686+0000] {processor.py:161} INFO - Started process (PID=339) to work on /home/airflow/.local/lib/python3.8/site-packages/airflow/example_dags/example_external_task_marker_dag.py
[2024-05-27T20:59:17.687+0000] {processor.py:830} INFO - Processing file /home/airflow/.local/lib/python3.8/site-packages/airflow/example_dags/example_external_task_marker_dag.py for tasks to queue
[2024-05-27T20:59:17.689+0000] {logging_mixin.py:188} INFO - [2024-05-27T20:59:17.689+0000] {dagbag.py:545} INFO - Filling up the DagBag from /home/airflow/.local/lib/python3.8/site-packages/airflow/example_dags/example_external_task_marker_dag.py
[2024-05-27T20:59:17.697+0000] {processor.py:840} INFO - DAG(s) 'example_external_task_marker_child', 'example_external_task_marker_parent' retrieved from /home/airflow/.local/lib/python3.8/site-packages/airflow/example_dags/example_external_task_marker_dag.py
[2024-05-27T20:59:17.727+0000] {logging_mixin.py:188} INFO - [2024-05-27T20:59:17.727+0000] {dag.py:3096} INFO - Sync 2 DAGs
[2024-05-27T20:59:17.740+0000] {logging_mixin.py:188} INFO - [2024-05-27T20:59:17.740+0000] {dag.py:3954} INFO - Setting next_dagrun for example_external_task_marker_child to None, run_after=None
[2024-05-27T20:59:17.744+0000] {logging_mixin.py:188} INFO - [2024-05-27T20:59:17.744+0000] {dag.py:3954} INFO - Setting next_dagrun for example_external_task_marker_parent to None, run_after=None
[2024-05-27T20:59:17.768+0000] {processor.py:183} INFO - Processing /home/airflow/.local/lib/python3.8/site-packages/airflow/example_dags/example_external_task_marker_dag.py took 0.088 seconds
[2024-05-27T20:59:48.118+0000] {processor.py:161} INFO - Started process (PID=417) to work on /home/airflow/.local/lib/python3.8/site-packages/airflow/example_dags/example_external_task_marker_dag.py
[2024-05-27T20:59:48.120+0000] {processor.py:830} INFO - Processing file /home/airflow/.local/lib/python3.8/site-packages/airflow/example_dags/example_external_task_marker_dag.py for tasks to queue
[2024-05-27T20:59:48.123+0000] {logging_mixin.py:188} INFO - [2024-05-27T20:59:48.122+0000] {dagbag.py:545} INFO - Filling up the DagBag from /home/airflow/.local/lib/python3.8/site-packages/airflow/example_dags/example_external_task_marker_dag.py
[2024-05-27T20:59:48.132+0000] {processor.py:840} INFO - DAG(s) 'example_external_task_marker_child', 'example_external_task_marker_parent' retrieved from /home/airflow/.local/lib/python3.8/site-packages/airflow/example_dags/example_external_task_marker_dag.py
[2024-05-27T20:59:48.163+0000] {logging_mixin.py:188} INFO - [2024-05-27T20:59:48.162+0000] {dag.py:3096} INFO - Sync 2 DAGs
[2024-05-27T20:59:48.181+0000] {logging_mixin.py:188} INFO - [2024-05-27T20:59:48.180+0000] {dag.py:3954} INFO - Setting next_dagrun for example_external_task_marker_child to None, run_after=None
[2024-05-27T20:59:48.189+0000] {logging_mixin.py:188} INFO - [2024-05-27T20:59:48.189+0000] {dag.py:3954} INFO - Setting next_dagrun for example_external_task_marker_parent to None, run_after=None
[2024-05-27T20:59:48.222+0000] {processor.py:183} INFO - Processing /home/airflow/.local/lib/python3.8/site-packages/airflow/example_dags/example_external_task_marker_dag.py took 0.112 seconds
[2024-05-27T21:00:18.576+0000] {processor.py:161} INFO - Started process (PID=487) to work on /home/airflow/.local/lib/python3.8/site-packages/airflow/example_dags/example_external_task_marker_dag.py
[2024-05-27T21:00:18.578+0000] {processor.py:830} INFO - Processing file /home/airflow/.local/lib/python3.8/site-packages/airflow/example_dags/example_external_task_marker_dag.py for tasks to queue
[2024-05-27T21:00:18.580+0000] {logging_mixin.py:188} INFO - [2024-05-27T21:00:18.579+0000] {dagbag.py:545} INFO - Filling up the DagBag from /home/airflow/.local/lib/python3.8/site-packages/airflow/example_dags/example_external_task_marker_dag.py
[2024-05-27T21:00:18.588+0000] {processor.py:840} INFO - DAG(s) 'example_external_task_marker_child', 'example_external_task_marker_parent' retrieved from /home/airflow/.local/lib/python3.8/site-packages/airflow/example_dags/example_external_task_marker_dag.py
[2024-05-27T21:00:18.615+0000] {logging_mixin.py:188} INFO - [2024-05-27T21:00:18.615+0000] {dag.py:3096} INFO - Sync 2 DAGs
[2024-05-27T21:00:18.630+0000] {logging_mixin.py:188} INFO - [2024-05-27T21:00:18.630+0000] {dag.py:3954} INFO - Setting next_dagrun for example_external_task_marker_child to None, run_after=None
[2024-05-27T21:00:18.634+0000] {logging_mixin.py:188} INFO - [2024-05-27T21:00:18.634+0000] {dag.py:3954} INFO - Setting next_dagrun for example_external_task_marker_parent to None, run_after=None
[2024-05-27T21:00:18.656+0000] {processor.py:183} INFO - Processing /home/airflow/.local/lib/python3.8/site-packages/airflow/example_dags/example_external_task_marker_dag.py took 0.087 seconds
[2024-05-27T21:00:49.092+0000] {processor.py:161} INFO - Started process (PID=557) to work on /home/airflow/.local/lib/python3.8/site-packages/airflow/example_dags/example_external_task_marker_dag.py
[2024-05-27T21:00:49.093+0000] {processor.py:830} INFO - Processing file /home/airflow/.local/lib/python3.8/site-packages/airflow/example_dags/example_external_task_marker_dag.py for tasks to queue
[2024-05-27T21:00:49.095+0000] {logging_mixin.py:188} INFO - [2024-05-27T21:00:49.095+0000] {dagbag.py:545} INFO - Filling up the DagBag from /home/airflow/.local/lib/python3.8/site-packages/airflow/example_dags/example_external_task_marker_dag.py
[2024-05-27T21:00:49.104+0000] {processor.py:840} INFO - DAG(s) 'example_external_task_marker_parent', 'example_external_task_marker_child' retrieved from /home/airflow/.local/lib/python3.8/site-packages/airflow/example_dags/example_external_task_marker_dag.py
[2024-05-27T21:00:49.131+0000] {logging_mixin.py:188} INFO - [2024-05-27T21:00:49.131+0000] {dag.py:3096} INFO - Sync 2 DAGs
[2024-05-27T21:00:49.146+0000] {logging_mixin.py:188} INFO - [2024-05-27T21:00:49.145+0000] {dag.py:3954} INFO - Setting next_dagrun for example_external_task_marker_child to None, run_after=None
[2024-05-27T21:00:49.151+0000] {logging_mixin.py:188} INFO - [2024-05-27T21:00:49.151+0000] {dag.py:3954} INFO - Setting next_dagrun for example_external_task_marker_parent to None, run_after=None
[2024-05-27T21:00:49.171+0000] {processor.py:183} INFO - Processing /home/airflow/.local/lib/python3.8/site-packages/airflow/example_dags/example_external_task_marker_dag.py took 0.087 seconds
[2024-05-27T21:01:19.626+0000] {processor.py:161} INFO - Started process (PID=635) to work on /home/airflow/.local/lib/python3.8/site-packages/airflow/example_dags/example_external_task_marker_dag.py
[2024-05-27T21:01:19.627+0000] {processor.py:830} INFO - Processing file /home/airflow/.local/lib/python3.8/site-packages/airflow/example_dags/example_external_task_marker_dag.py for tasks to queue
[2024-05-27T21:01:19.629+0000] {logging_mixin.py:188} INFO - [2024-05-27T21:01:19.629+0000] {dagbag.py:545} INFO - Filling up the DagBag from /home/airflow/.local/lib/python3.8/site-packages/airflow/example_dags/example_external_task_marker_dag.py
[2024-05-27T21:01:19.636+0000] {processor.py:840} INFO - DAG(s) 'example_external_task_marker_child', 'example_external_task_marker_parent' retrieved from /home/airflow/.local/lib/python3.8/site-packages/airflow/example_dags/example_external_task_marker_dag.py
[2024-05-27T21:01:19.662+0000] {logging_mixin.py:188} INFO - [2024-05-27T21:01:19.662+0000] {dag.py:3096} INFO - Sync 2 DAGs
[2024-05-27T21:01:19.675+0000] {logging_mixin.py:188} INFO - [2024-05-27T21:01:19.675+0000] {dag.py:3954} INFO - Setting next_dagrun for example_external_task_marker_child to None, run_after=None
[2024-05-27T21:01:19.679+0000] {logging_mixin.py:188} INFO - [2024-05-27T21:01:19.679+0000] {dag.py:3954} INFO - Setting next_dagrun for example_external_task_marker_parent to None, run_after=None
[2024-05-27T21:01:19.701+0000] {processor.py:183} INFO - Processing /home/airflow/.local/lib/python3.8/site-packages/airflow/example_dags/example_external_task_marker_dag.py took 0.082 seconds
[2024-05-27T21:01:50.261+0000] {processor.py:161} INFO - Started process (PID=705) to work on /home/airflow/.local/lib/python3.8/site-packages/airflow/example_dags/example_external_task_marker_dag.py
[2024-05-27T21:01:50.262+0000] {processor.py:830} INFO - Processing file /home/airflow/.local/lib/python3.8/site-packages/airflow/example_dags/example_external_task_marker_dag.py for tasks to queue
[2024-05-27T21:01:50.264+0000] {logging_mixin.py:188} INFO - [2024-05-27T21:01:50.264+0000] {dagbag.py:545} INFO - Filling up the DagBag from /home/airflow/.local/lib/python3.8/site-packages/airflow/example_dags/example_external_task_marker_dag.py
[2024-05-27T21:01:50.272+0000] {processor.py:840} INFO - DAG(s) 'example_external_task_marker_parent', 'example_external_task_marker_child' retrieved from /home/airflow/.local/lib/python3.8/site-packages/airflow/example_dags/example_external_task_marker_dag.py
[2024-05-27T21:01:50.298+0000] {logging_mixin.py:188} INFO - [2024-05-27T21:01:50.298+0000] {dag.py:3096} INFO - Sync 2 DAGs
[2024-05-27T21:01:50.313+0000] {logging_mixin.py:188} INFO - [2024-05-27T21:01:50.313+0000] {dag.py:3954} INFO - Setting next_dagrun for example_external_task_marker_child to None, run_after=None
[2024-05-27T21:01:50.318+0000] {logging_mixin.py:188} INFO - [2024-05-27T21:01:50.317+0000] {dag.py:3954} INFO - Setting next_dagrun for example_external_task_marker_parent to None, run_after=None
[2024-05-27T21:01:50.341+0000] {processor.py:183} INFO - Processing /home/airflow/.local/lib/python3.8/site-packages/airflow/example_dags/example_external_task_marker_dag.py took 0.088 seconds
[2024-05-27T21:06:39.801+0000] {processor.py:161} INFO - Started process (PID=57) to work on /home/airflow/.local/lib/python3.8/site-packages/airflow/example_dags/example_external_task_marker_dag.py
[2024-05-27T21:06:39.807+0000] {processor.py:830} INFO - Processing file /home/airflow/.local/lib/python3.8/site-packages/airflow/example_dags/example_external_task_marker_dag.py for tasks to queue
[2024-05-27T21:06:39.817+0000] {logging_mixin.py:188} INFO - [2024-05-27T21:06:39.815+0000] {dagbag.py:545} INFO - Filling up the DagBag from /home/airflow/.local/lib/python3.8/site-packages/airflow/example_dags/example_external_task_marker_dag.py
[2024-05-27T21:06:39.871+0000] {processor.py:840} INFO - DAG(s) 'example_external_task_marker_parent', 'example_external_task_marker_child' retrieved from /home/airflow/.local/lib/python3.8/site-packages/airflow/example_dags/example_external_task_marker_dag.py
[2024-05-27T21:06:40.238+0000] {logging_mixin.py:188} INFO - [2024-05-27T21:06:40.237+0000] {dag.py:3096} INFO - Sync 2 DAGs
[2024-05-27T21:06:40.270+0000] {logging_mixin.py:188} INFO - [2024-05-27T21:06:40.270+0000] {dag.py:3954} INFO - Setting next_dagrun for example_external_task_marker_child to None, run_after=None
[2024-05-27T21:06:40.277+0000] {logging_mixin.py:188} INFO - [2024-05-27T21:06:40.277+0000] {dag.py:3954} INFO - Setting next_dagrun for example_external_task_marker_parent to None, run_after=None
[2024-05-27T21:06:40.315+0000] {processor.py:183} INFO - Processing /home/airflow/.local/lib/python3.8/site-packages/airflow/example_dags/example_external_task_marker_dag.py took 0.537 seconds
[2024-05-27T21:07:10.874+0000] {processor.py:161} INFO - Started process (PID=127) to work on /home/airflow/.local/lib/python3.8/site-packages/airflow/example_dags/example_external_task_marker_dag.py
[2024-05-27T21:07:10.879+0000] {processor.py:830} INFO - Processing file /home/airflow/.local/lib/python3.8/site-packages/airflow/example_dags/example_external_task_marker_dag.py for tasks to queue
[2024-05-27T21:07:10.888+0000] {logging_mixin.py:188} INFO - [2024-05-27T21:07:10.888+0000] {dagbag.py:545} INFO - Filling up the DagBag from /home/airflow/.local/lib/python3.8/site-packages/airflow/example_dags/example_external_task_marker_dag.py
[2024-05-27T21:07:10.913+0000] {processor.py:840} INFO - DAG(s) 'example_external_task_marker_parent', 'example_external_task_marker_child' retrieved from /home/airflow/.local/lib/python3.8/site-packages/airflow/example_dags/example_external_task_marker_dag.py
[2024-05-27T21:07:11.003+0000] {logging_mixin.py:188} INFO - [2024-05-27T21:07:10.996+0000] {dag.py:3096} INFO - Sync 2 DAGs
[2024-05-27T21:07:11.052+0000] {logging_mixin.py:188} INFO - [2024-05-27T21:07:11.052+0000] {dag.py:3954} INFO - Setting next_dagrun for example_external_task_marker_child to None, run_after=None
[2024-05-27T21:07:11.075+0000] {logging_mixin.py:188} INFO - [2024-05-27T21:07:11.075+0000] {dag.py:3954} INFO - Setting next_dagrun for example_external_task_marker_parent to None, run_after=None
[2024-05-27T21:07:11.144+0000] {processor.py:183} INFO - Processing /home/airflow/.local/lib/python3.8/site-packages/airflow/example_dags/example_external_task_marker_dag.py took 0.314 seconds
[2024-05-27T21:07:42.316+0000] {processor.py:161} INFO - Started process (PID=197) to work on /home/airflow/.local/lib/python3.8/site-packages/airflow/example_dags/example_external_task_marker_dag.py
[2024-05-27T21:07:42.327+0000] {processor.py:830} INFO - Processing file /home/airflow/.local/lib/python3.8/site-packages/airflow/example_dags/example_external_task_marker_dag.py for tasks to queue
[2024-05-27T21:07:42.332+0000] {logging_mixin.py:188} INFO - [2024-05-27T21:07:42.331+0000] {dagbag.py:545} INFO - Filling up the DagBag from /home/airflow/.local/lib/python3.8/site-packages/airflow/example_dags/example_external_task_marker_dag.py
[2024-05-27T21:07:42.351+0000] {processor.py:840} INFO - DAG(s) 'example_external_task_marker_child', 'example_external_task_marker_parent' retrieved from /home/airflow/.local/lib/python3.8/site-packages/airflow/example_dags/example_external_task_marker_dag.py
[2024-05-27T21:07:42.449+0000] {logging_mixin.py:188} INFO - [2024-05-27T21:07:42.448+0000] {dag.py:3096} INFO - Sync 2 DAGs
[2024-05-27T21:07:42.488+0000] {logging_mixin.py:188} INFO - [2024-05-27T21:07:42.487+0000] {dag.py:3954} INFO - Setting next_dagrun for example_external_task_marker_child to None, run_after=None
[2024-05-27T21:07:42.501+0000] {logging_mixin.py:188} INFO - [2024-05-27T21:07:42.501+0000] {dag.py:3954} INFO - Setting next_dagrun for example_external_task_marker_parent to None, run_after=None
[2024-05-27T21:07:42.595+0000] {processor.py:183} INFO - Processing /home/airflow/.local/lib/python3.8/site-packages/airflow/example_dags/example_external_task_marker_dag.py took 0.301 seconds
[2024-05-27T21:08:12.733+0000] {processor.py:161} INFO - Started process (PID=259) to work on /home/airflow/.local/lib/python3.8/site-packages/airflow/example_dags/example_external_task_marker_dag.py
[2024-05-27T21:08:12.735+0000] {processor.py:830} INFO - Processing file /home/airflow/.local/lib/python3.8/site-packages/airflow/example_dags/example_external_task_marker_dag.py for tasks to queue
[2024-05-27T21:08:12.740+0000] {logging_mixin.py:188} INFO - [2024-05-27T21:08:12.739+0000] {dagbag.py:545} INFO - Filling up the DagBag from /home/airflow/.local/lib/python3.8/site-packages/airflow/example_dags/example_external_task_marker_dag.py
[2024-05-27T21:08:12.764+0000] {processor.py:840} INFO - DAG(s) 'example_external_task_marker_child', 'example_external_task_marker_parent' retrieved from /home/airflow/.local/lib/python3.8/site-packages/airflow/example_dags/example_external_task_marker_dag.py
[2024-05-27T21:08:12.825+0000] {logging_mixin.py:188} INFO - [2024-05-27T21:08:12.825+0000] {dag.py:3096} INFO - Sync 2 DAGs
[2024-05-27T21:08:12.857+0000] {logging_mixin.py:188} INFO - [2024-05-27T21:08:12.856+0000] {dag.py:3954} INFO - Setting next_dagrun for example_external_task_marker_child to None, run_after=None
[2024-05-27T21:08:12.867+0000] {logging_mixin.py:188} INFO - [2024-05-27T21:08:12.867+0000] {dag.py:3954} INFO - Setting next_dagrun for example_external_task_marker_parent to None, run_after=None
[2024-05-27T21:08:12.923+0000] {processor.py:183} INFO - Processing /home/airflow/.local/lib/python3.8/site-packages/airflow/example_dags/example_external_task_marker_dag.py took 0.205 seconds
[2024-05-27T21:08:44.402+0000] {processor.py:161} INFO - Started process (PID=336) to work on /home/airflow/.local/lib/python3.8/site-packages/airflow/example_dags/example_external_task_marker_dag.py
[2024-05-27T21:08:44.408+0000] {processor.py:830} INFO - Processing file /home/airflow/.local/lib/python3.8/site-packages/airflow/example_dags/example_external_task_marker_dag.py for tasks to queue
[2024-05-27T21:08:44.413+0000] {logging_mixin.py:188} INFO - [2024-05-27T21:08:44.412+0000] {dagbag.py:545} INFO - Filling up the DagBag from /home/airflow/.local/lib/python3.8/site-packages/airflow/example_dags/example_external_task_marker_dag.py
[2024-05-27T21:08:44.428+0000] {processor.py:840} INFO - DAG(s) 'example_external_task_marker_child', 'example_external_task_marker_parent' retrieved from /home/airflow/.local/lib/python3.8/site-packages/airflow/example_dags/example_external_task_marker_dag.py
[2024-05-27T21:08:44.505+0000] {logging_mixin.py:188} INFO - [2024-05-27T21:08:44.504+0000] {dag.py:3096} INFO - Sync 2 DAGs
[2024-05-27T21:08:44.571+0000] {logging_mixin.py:188} INFO - [2024-05-27T21:08:44.571+0000] {dag.py:3954} INFO - Setting next_dagrun for example_external_task_marker_child to None, run_after=None
[2024-05-27T21:08:44.601+0000] {logging_mixin.py:188} INFO - [2024-05-27T21:08:44.591+0000] {dag.py:3954} INFO - Setting next_dagrun for example_external_task_marker_parent to None, run_after=None
[2024-05-27T21:08:44.713+0000] {processor.py:183} INFO - Processing /home/airflow/.local/lib/python3.8/site-packages/airflow/example_dags/example_external_task_marker_dag.py took 0.328 seconds
[2024-05-27T21:09:15.672+0000] {processor.py:161} INFO - Started process (PID=407) to work on /home/airflow/.local/lib/python3.8/site-packages/airflow/example_dags/example_external_task_marker_dag.py
[2024-05-27T21:09:15.677+0000] {processor.py:830} INFO - Processing file /home/airflow/.local/lib/python3.8/site-packages/airflow/example_dags/example_external_task_marker_dag.py for tasks to queue
[2024-05-27T21:09:15.681+0000] {logging_mixin.py:188} INFO - [2024-05-27T21:09:15.680+0000] {dagbag.py:545} INFO - Filling up the DagBag from /home/airflow/.local/lib/python3.8/site-packages/airflow/example_dags/example_external_task_marker_dag.py
[2024-05-27T21:09:15.691+0000] {processor.py:840} INFO - DAG(s) 'example_external_task_marker_child', 'example_external_task_marker_parent' retrieved from /home/airflow/.local/lib/python3.8/site-packages/airflow/example_dags/example_external_task_marker_dag.py
[2024-05-27T21:09:15.743+0000] {logging_mixin.py:188} INFO - [2024-05-27T21:09:15.742+0000] {dag.py:3096} INFO - Sync 2 DAGs
[2024-05-27T21:09:15.769+0000] {logging_mixin.py:188} INFO - [2024-05-27T21:09:15.769+0000] {dag.py:3954} INFO - Setting next_dagrun for example_external_task_marker_child to None, run_after=None
[2024-05-27T21:09:15.823+0000] {logging_mixin.py:188} INFO - [2024-05-27T21:09:15.822+0000] {dag.py:3954} INFO - Setting next_dagrun for example_external_task_marker_parent to None, run_after=None
[2024-05-27T21:09:15.871+0000] {processor.py:183} INFO - Processing /home/airflow/.local/lib/python3.8/site-packages/airflow/example_dags/example_external_task_marker_dag.py took 0.211 seconds
[2024-05-27T21:09:46.213+0000] {processor.py:161} INFO - Started process (PID=476) to work on /home/airflow/.local/lib/python3.8/site-packages/airflow/example_dags/example_external_task_marker_dag.py
[2024-05-27T21:09:46.215+0000] {processor.py:830} INFO - Processing file /home/airflow/.local/lib/python3.8/site-packages/airflow/example_dags/example_external_task_marker_dag.py for tasks to queue
[2024-05-27T21:09:46.222+0000] {logging_mixin.py:188} INFO - [2024-05-27T21:09:46.221+0000] {dagbag.py:545} INFO - Filling up the DagBag from /home/airflow/.local/lib/python3.8/site-packages/airflow/example_dags/example_external_task_marker_dag.py
[2024-05-27T21:09:46.241+0000] {processor.py:840} INFO - DAG(s) 'example_external_task_marker_child', 'example_external_task_marker_parent' retrieved from /home/airflow/.local/lib/python3.8/site-packages/airflow/example_dags/example_external_task_marker_dag.py
[2024-05-27T21:09:46.293+0000] {logging_mixin.py:188} INFO - [2024-05-27T21:09:46.292+0000] {dag.py:3096} INFO - Sync 2 DAGs
[2024-05-27T21:09:46.332+0000] {logging_mixin.py:188} INFO - [2024-05-27T21:09:46.332+0000] {dag.py:3954} INFO - Setting next_dagrun for example_external_task_marker_child to None, run_after=None
[2024-05-27T21:09:46.345+0000] {logging_mixin.py:188} INFO - [2024-05-27T21:09:46.344+0000] {dag.py:3954} INFO - Setting next_dagrun for example_external_task_marker_parent to None, run_after=None
[2024-05-27T21:09:46.390+0000] {processor.py:183} INFO - Processing /home/airflow/.local/lib/python3.8/site-packages/airflow/example_dags/example_external_task_marker_dag.py took 0.189 seconds
[2024-05-27T21:10:16.582+0000] {processor.py:161} INFO - Started process (PID=537) to work on /home/airflow/.local/lib/python3.8/site-packages/airflow/example_dags/example_external_task_marker_dag.py
[2024-05-27T21:10:16.585+0000] {processor.py:830} INFO - Processing file /home/airflow/.local/lib/python3.8/site-packages/airflow/example_dags/example_external_task_marker_dag.py for tasks to queue
[2024-05-27T21:10:16.590+0000] {logging_mixin.py:188} INFO - [2024-05-27T21:10:16.589+0000] {dagbag.py:545} INFO - Filling up the DagBag from /home/airflow/.local/lib/python3.8/site-packages/airflow/example_dags/example_external_task_marker_dag.py
[2024-05-27T21:10:16.610+0000] {processor.py:840} INFO - DAG(s) 'example_external_task_marker_child', 'example_external_task_marker_parent' retrieved from /home/airflow/.local/lib/python3.8/site-packages/airflow/example_dags/example_external_task_marker_dag.py
[2024-05-27T21:10:16.673+0000] {logging_mixin.py:188} INFO - [2024-05-27T21:10:16.672+0000] {dag.py:3096} INFO - Sync 2 DAGs
[2024-05-27T21:10:16.701+0000] {logging_mixin.py:188} INFO - [2024-05-27T21:10:16.700+0000] {dag.py:3954} INFO - Setting next_dagrun for example_external_task_marker_child to None, run_after=None
[2024-05-27T21:10:16.724+0000] {logging_mixin.py:188} INFO - [2024-05-27T21:10:16.723+0000] {dag.py:3954} INFO - Setting next_dagrun for example_external_task_marker_parent to None, run_after=None
[2024-05-27T21:10:16.759+0000] {processor.py:183} INFO - Processing /home/airflow/.local/lib/python3.8/site-packages/airflow/example_dags/example_external_task_marker_dag.py took 0.189 seconds
[2024-05-27T21:10:46.846+0000] {processor.py:161} INFO - Started process (PID=607) to work on /home/airflow/.local/lib/python3.8/site-packages/airflow/example_dags/example_external_task_marker_dag.py
[2024-05-27T21:10:46.847+0000] {processor.py:830} INFO - Processing file /home/airflow/.local/lib/python3.8/site-packages/airflow/example_dags/example_external_task_marker_dag.py for tasks to queue
[2024-05-27T21:10:46.850+0000] {logging_mixin.py:188} INFO - [2024-05-27T21:10:46.849+0000] {dagbag.py:545} INFO - Filling up the DagBag from /home/airflow/.local/lib/python3.8/site-packages/airflow/example_dags/example_external_task_marker_dag.py
[2024-05-27T21:10:46.859+0000] {processor.py:840} INFO - DAG(s) 'example_external_task_marker_parent', 'example_external_task_marker_child' retrieved from /home/airflow/.local/lib/python3.8/site-packages/airflow/example_dags/example_external_task_marker_dag.py
[2024-05-27T21:10:46.892+0000] {logging_mixin.py:188} INFO - [2024-05-27T21:10:46.892+0000] {dag.py:3096} INFO - Sync 2 DAGs
[2024-05-27T21:10:46.912+0000] {logging_mixin.py:188} INFO - [2024-05-27T21:10:46.912+0000] {dag.py:3954} INFO - Setting next_dagrun for example_external_task_marker_child to None, run_after=None
[2024-05-27T21:10:46.918+0000] {logging_mixin.py:188} INFO - [2024-05-27T21:10:46.918+0000] {dag.py:3954} INFO - Setting next_dagrun for example_external_task_marker_parent to None, run_after=None
[2024-05-27T21:10:46.947+0000] {processor.py:183} INFO - Processing /home/airflow/.local/lib/python3.8/site-packages/airflow/example_dags/example_external_task_marker_dag.py took 0.110 seconds
[2024-05-27T21:11:17.117+0000] {processor.py:161} INFO - Started process (PID=677) to work on /home/airflow/.local/lib/python3.8/site-packages/airflow/example_dags/example_external_task_marker_dag.py
[2024-05-27T21:11:17.119+0000] {processor.py:830} INFO - Processing file /home/airflow/.local/lib/python3.8/site-packages/airflow/example_dags/example_external_task_marker_dag.py for tasks to queue
[2024-05-27T21:11:17.123+0000] {logging_mixin.py:188} INFO - [2024-05-27T21:11:17.122+0000] {dagbag.py:545} INFO - Filling up the DagBag from /home/airflow/.local/lib/python3.8/site-packages/airflow/example_dags/example_external_task_marker_dag.py
[2024-05-27T21:11:17.133+0000] {processor.py:840} INFO - DAG(s) 'example_external_task_marker_child', 'example_external_task_marker_parent' retrieved from /home/airflow/.local/lib/python3.8/site-packages/airflow/example_dags/example_external_task_marker_dag.py
[2024-05-27T21:11:17.173+0000] {logging_mixin.py:188} INFO - [2024-05-27T21:11:17.173+0000] {dag.py:3096} INFO - Sync 2 DAGs
[2024-05-27T21:11:17.193+0000] {logging_mixin.py:188} INFO - [2024-05-27T21:11:17.193+0000] {dag.py:3954} INFO - Setting next_dagrun for example_external_task_marker_child to None, run_after=None
[2024-05-27T21:11:17.202+0000] {logging_mixin.py:188} INFO - [2024-05-27T21:11:17.202+0000] {dag.py:3954} INFO - Setting next_dagrun for example_external_task_marker_parent to None, run_after=None
[2024-05-27T21:11:17.228+0000] {processor.py:183} INFO - Processing /home/airflow/.local/lib/python3.8/site-packages/airflow/example_dags/example_external_task_marker_dag.py took 0.121 seconds
[2024-05-27T21:11:47.542+0000] {processor.py:161} INFO - Started process (PID=746) to work on /home/airflow/.local/lib/python3.8/site-packages/airflow/example_dags/example_external_task_marker_dag.py
[2024-05-27T21:11:47.548+0000] {processor.py:830} INFO - Processing file /home/airflow/.local/lib/python3.8/site-packages/airflow/example_dags/example_external_task_marker_dag.py for tasks to queue
[2024-05-27T21:11:47.551+0000] {logging_mixin.py:188} INFO - [2024-05-27T21:11:47.551+0000] {dagbag.py:545} INFO - Filling up the DagBag from /home/airflow/.local/lib/python3.8/site-packages/airflow/example_dags/example_external_task_marker_dag.py
[2024-05-27T21:11:47.571+0000] {processor.py:840} INFO - DAG(s) 'example_external_task_marker_child', 'example_external_task_marker_parent' retrieved from /home/airflow/.local/lib/python3.8/site-packages/airflow/example_dags/example_external_task_marker_dag.py
[2024-05-27T21:11:47.632+0000] {logging_mixin.py:188} INFO - [2024-05-27T21:11:47.632+0000] {dag.py:3096} INFO - Sync 2 DAGs
[2024-05-27T21:11:47.671+0000] {logging_mixin.py:188} INFO - [2024-05-27T21:11:47.671+0000] {dag.py:3954} INFO - Setting next_dagrun for example_external_task_marker_child to None, run_after=None
[2024-05-27T21:11:47.687+0000] {logging_mixin.py:188} INFO - [2024-05-27T21:11:47.686+0000] {dag.py:3954} INFO - Setting next_dagrun for example_external_task_marker_parent to None, run_after=None
[2024-05-27T21:11:47.724+0000] {processor.py:183} INFO - Processing /home/airflow/.local/lib/python3.8/site-packages/airflow/example_dags/example_external_task_marker_dag.py took 0.204 seconds
[2024-05-27T21:12:18.372+0000] {processor.py:161} INFO - Started process (PID=824) to work on /home/airflow/.local/lib/python3.8/site-packages/airflow/example_dags/example_external_task_marker_dag.py
[2024-05-27T21:12:18.374+0000] {processor.py:830} INFO - Processing file /home/airflow/.local/lib/python3.8/site-packages/airflow/example_dags/example_external_task_marker_dag.py for tasks to queue
[2024-05-27T21:12:18.376+0000] {logging_mixin.py:188} INFO - [2024-05-27T21:12:18.376+0000] {dagbag.py:545} INFO - Filling up the DagBag from /home/airflow/.local/lib/python3.8/site-packages/airflow/example_dags/example_external_task_marker_dag.py
[2024-05-27T21:12:18.383+0000] {processor.py:840} INFO - DAG(s) 'example_external_task_marker_parent', 'example_external_task_marker_child' retrieved from /home/airflow/.local/lib/python3.8/site-packages/airflow/example_dags/example_external_task_marker_dag.py
[2024-05-27T21:12:18.412+0000] {logging_mixin.py:188} INFO - [2024-05-27T21:12:18.411+0000] {dag.py:3096} INFO - Sync 2 DAGs
[2024-05-27T21:12:18.428+0000] {logging_mixin.py:188} INFO - [2024-05-27T21:12:18.428+0000] {dag.py:3954} INFO - Setting next_dagrun for example_external_task_marker_child to None, run_after=None
[2024-05-27T21:12:18.434+0000] {logging_mixin.py:188} INFO - [2024-05-27T21:12:18.433+0000] {dag.py:3954} INFO - Setting next_dagrun for example_external_task_marker_parent to None, run_after=None
[2024-05-27T21:12:18.455+0000] {processor.py:183} INFO - Processing /home/airflow/.local/lib/python3.8/site-packages/airflow/example_dags/example_external_task_marker_dag.py took 0.089 seconds
[2024-05-27T21:12:49.116+0000] {processor.py:161} INFO - Started process (PID=895) to work on /home/airflow/.local/lib/python3.8/site-packages/airflow/example_dags/example_external_task_marker_dag.py
[2024-05-27T21:12:49.117+0000] {processor.py:830} INFO - Processing file /home/airflow/.local/lib/python3.8/site-packages/airflow/example_dags/example_external_task_marker_dag.py for tasks to queue
[2024-05-27T21:12:49.120+0000] {logging_mixin.py:188} INFO - [2024-05-27T21:12:49.119+0000] {dagbag.py:545} INFO - Filling up the DagBag from /home/airflow/.local/lib/python3.8/site-packages/airflow/example_dags/example_external_task_marker_dag.py
[2024-05-27T21:12:49.126+0000] {processor.py:840} INFO - DAG(s) 'example_external_task_marker_parent', 'example_external_task_marker_child' retrieved from /home/airflow/.local/lib/python3.8/site-packages/airflow/example_dags/example_external_task_marker_dag.py
[2024-05-27T21:12:49.153+0000] {logging_mixin.py:188} INFO - [2024-05-27T21:12:49.153+0000] {dag.py:3096} INFO - Sync 2 DAGs
[2024-05-27T21:12:49.167+0000] {logging_mixin.py:188} INFO - [2024-05-27T21:12:49.166+0000] {dag.py:3954} INFO - Setting next_dagrun for example_external_task_marker_child to None, run_after=None
[2024-05-27T21:12:49.171+0000] {logging_mixin.py:188} INFO - [2024-05-27T21:12:49.171+0000] {dag.py:3954} INFO - Setting next_dagrun for example_external_task_marker_parent to None, run_after=None
[2024-05-27T21:12:49.191+0000] {processor.py:183} INFO - Processing /home/airflow/.local/lib/python3.8/site-packages/airflow/example_dags/example_external_task_marker_dag.py took 0.082 seconds
[2024-05-27T21:13:19.954+0000] {processor.py:161} INFO - Started process (PID=965) to work on /home/airflow/.local/lib/python3.8/site-packages/airflow/example_dags/example_external_task_marker_dag.py
[2024-05-27T21:13:19.955+0000] {processor.py:830} INFO - Processing file /home/airflow/.local/lib/python3.8/site-packages/airflow/example_dags/example_external_task_marker_dag.py for tasks to queue
[2024-05-27T21:13:19.957+0000] {logging_mixin.py:188} INFO - [2024-05-27T21:13:19.957+0000] {dagbag.py:545} INFO - Filling up the DagBag from /home/airflow/.local/lib/python3.8/site-packages/airflow/example_dags/example_external_task_marker_dag.py
[2024-05-27T21:13:19.965+0000] {processor.py:840} INFO - DAG(s) 'example_external_task_marker_child', 'example_external_task_marker_parent' retrieved from /home/airflow/.local/lib/python3.8/site-packages/airflow/example_dags/example_external_task_marker_dag.py
[2024-05-27T21:13:19.993+0000] {logging_mixin.py:188} INFO - [2024-05-27T21:13:19.993+0000] {dag.py:3096} INFO - Sync 2 DAGs
[2024-05-27T21:13:20.006+0000] {logging_mixin.py:188} INFO - [2024-05-27T21:13:20.006+0000] {dag.py:3954} INFO - Setting next_dagrun for example_external_task_marker_child to None, run_after=None
[2024-05-27T21:13:20.012+0000] {logging_mixin.py:188} INFO - [2024-05-27T21:13:20.011+0000] {dag.py:3954} INFO - Setting next_dagrun for example_external_task_marker_parent to None, run_after=None
[2024-05-27T21:13:20.032+0000] {processor.py:183} INFO - Processing /home/airflow/.local/lib/python3.8/site-packages/airflow/example_dags/example_external_task_marker_dag.py took 0.086 seconds
[2024-05-27T21:13:50.400+0000] {processor.py:161} INFO - Started process (PID=1042) to work on /home/airflow/.local/lib/python3.8/site-packages/airflow/example_dags/example_external_task_marker_dag.py
[2024-05-27T21:13:50.401+0000] {processor.py:830} INFO - Processing file /home/airflow/.local/lib/python3.8/site-packages/airflow/example_dags/example_external_task_marker_dag.py for tasks to queue
[2024-05-27T21:13:50.403+0000] {logging_mixin.py:188} INFO - [2024-05-27T21:13:50.403+0000] {dagbag.py:545} INFO - Filling up the DagBag from /home/airflow/.local/lib/python3.8/site-packages/airflow/example_dags/example_external_task_marker_dag.py
[2024-05-27T21:13:50.409+0000] {processor.py:840} INFO - DAG(s) 'example_external_task_marker_child', 'example_external_task_marker_parent' retrieved from /home/airflow/.local/lib/python3.8/site-packages/airflow/example_dags/example_external_task_marker_dag.py
[2024-05-27T21:13:50.449+0000] {logging_mixin.py:188} INFO - [2024-05-27T21:13:50.448+0000] {dag.py:3096} INFO - Sync 2 DAGs
[2024-05-27T21:13:50.469+0000] {logging_mixin.py:188} INFO - [2024-05-27T21:13:50.468+0000] {dag.py:3954} INFO - Setting next_dagrun for example_external_task_marker_child to None, run_after=None
[2024-05-27T21:13:50.473+0000] {logging_mixin.py:188} INFO - [2024-05-27T21:13:50.473+0000] {dag.py:3954} INFO - Setting next_dagrun for example_external_task_marker_parent to None, run_after=None
[2024-05-27T21:13:50.498+0000] {processor.py:183} INFO - Processing /home/airflow/.local/lib/python3.8/site-packages/airflow/example_dags/example_external_task_marker_dag.py took 0.106 seconds
[2024-05-27T21:14:20.945+0000] {processor.py:161} INFO - Started process (PID=1112) to work on /home/airflow/.local/lib/python3.8/site-packages/airflow/example_dags/example_external_task_marker_dag.py
[2024-05-27T21:14:20.946+0000] {processor.py:830} INFO - Processing file /home/airflow/.local/lib/python3.8/site-packages/airflow/example_dags/example_external_task_marker_dag.py for tasks to queue
[2024-05-27T21:14:20.949+0000] {logging_mixin.py:188} INFO - [2024-05-27T21:14:20.948+0000] {dagbag.py:545} INFO - Filling up the DagBag from /home/airflow/.local/lib/python3.8/site-packages/airflow/example_dags/example_external_task_marker_dag.py
[2024-05-27T21:14:20.957+0000] {processor.py:840} INFO - DAG(s) 'example_external_task_marker_child', 'example_external_task_marker_parent' retrieved from /home/airflow/.local/lib/python3.8/site-packages/airflow/example_dags/example_external_task_marker_dag.py
[2024-05-27T21:14:20.986+0000] {logging_mixin.py:188} INFO - [2024-05-27T21:14:20.986+0000] {dag.py:3096} INFO - Sync 2 DAGs
[2024-05-27T21:14:21.001+0000] {logging_mixin.py:188} INFO - [2024-05-27T21:14:21.001+0000] {dag.py:3954} INFO - Setting next_dagrun for example_external_task_marker_child to None, run_after=None
[2024-05-27T21:14:21.006+0000] {logging_mixin.py:188} INFO - [2024-05-27T21:14:21.006+0000] {dag.py:3954} INFO - Setting next_dagrun for example_external_task_marker_parent to None, run_after=None
[2024-05-27T21:14:21.024+0000] {processor.py:183} INFO - Processing /home/airflow/.local/lib/python3.8/site-packages/airflow/example_dags/example_external_task_marker_dag.py took 0.087 seconds
[2024-05-27T21:14:51.470+0000] {processor.py:161} INFO - Started process (PID=1183) to work on /home/airflow/.local/lib/python3.8/site-packages/airflow/example_dags/example_external_task_marker_dag.py
[2024-05-27T21:14:51.471+0000] {processor.py:830} INFO - Processing file /home/airflow/.local/lib/python3.8/site-packages/airflow/example_dags/example_external_task_marker_dag.py for tasks to queue
[2024-05-27T21:14:51.473+0000] {logging_mixin.py:188} INFO - [2024-05-27T21:14:51.473+0000] {dagbag.py:545} INFO - Filling up the DagBag from /home/airflow/.local/lib/python3.8/site-packages/airflow/example_dags/example_external_task_marker_dag.py
[2024-05-27T21:14:51.480+0000] {processor.py:840} INFO - DAG(s) 'example_external_task_marker_parent', 'example_external_task_marker_child' retrieved from /home/airflow/.local/lib/python3.8/site-packages/airflow/example_dags/example_external_task_marker_dag.py
[2024-05-27T21:14:51.510+0000] {logging_mixin.py:188} INFO - [2024-05-27T21:14:51.510+0000] {dag.py:3096} INFO - Sync 2 DAGs
[2024-05-27T21:14:51.527+0000] {logging_mixin.py:188} INFO - [2024-05-27T21:14:51.526+0000] {dag.py:3954} INFO - Setting next_dagrun for example_external_task_marker_child to None, run_after=None
[2024-05-27T21:14:51.531+0000] {logging_mixin.py:188} INFO - [2024-05-27T21:14:51.531+0000] {dag.py:3954} INFO - Setting next_dagrun for example_external_task_marker_parent to None, run_after=None
[2024-05-27T21:14:51.549+0000] {processor.py:183} INFO - Processing /home/airflow/.local/lib/python3.8/site-packages/airflow/example_dags/example_external_task_marker_dag.py took 0.087 seconds
[2024-05-27T21:15:21.705+0000] {processor.py:161} INFO - Started process (PID=1261) to work on /home/airflow/.local/lib/python3.8/site-packages/airflow/example_dags/example_external_task_marker_dag.py
[2024-05-27T21:15:21.707+0000] {processor.py:830} INFO - Processing file /home/airflow/.local/lib/python3.8/site-packages/airflow/example_dags/example_external_task_marker_dag.py for tasks to queue
[2024-05-27T21:15:21.709+0000] {logging_mixin.py:188} INFO - [2024-05-27T21:15:21.709+0000] {dagbag.py:545} INFO - Filling up the DagBag from /home/airflow/.local/lib/python3.8/site-packages/airflow/example_dags/example_external_task_marker_dag.py
[2024-05-27T21:15:21.716+0000] {processor.py:840} INFO - DAG(s) 'example_external_task_marker_parent', 'example_external_task_marker_child' retrieved from /home/airflow/.local/lib/python3.8/site-packages/airflow/example_dags/example_external_task_marker_dag.py
[2024-05-27T21:15:21.744+0000] {logging_mixin.py:188} INFO - [2024-05-27T21:15:21.744+0000] {dag.py:3096} INFO - Sync 2 DAGs
[2024-05-27T21:15:21.757+0000] {logging_mixin.py:188} INFO - [2024-05-27T21:15:21.757+0000] {dag.py:3954} INFO - Setting next_dagrun for example_external_task_marker_child to None, run_after=None
[2024-05-27T21:15:21.761+0000] {logging_mixin.py:188} INFO - [2024-05-27T21:15:21.761+0000] {dag.py:3954} INFO - Setting next_dagrun for example_external_task_marker_parent to None, run_after=None
[2024-05-27T21:15:21.785+0000] {processor.py:183} INFO - Processing /home/airflow/.local/lib/python3.8/site-packages/airflow/example_dags/example_external_task_marker_dag.py took 0.086 seconds
[2024-05-27T21:15:52.148+0000] {processor.py:161} INFO - Started process (PID=1331) to work on /home/airflow/.local/lib/python3.8/site-packages/airflow/example_dags/example_external_task_marker_dag.py
[2024-05-27T21:15:52.149+0000] {processor.py:830} INFO - Processing file /home/airflow/.local/lib/python3.8/site-packages/airflow/example_dags/example_external_task_marker_dag.py for tasks to queue
[2024-05-27T21:15:52.151+0000] {logging_mixin.py:188} INFO - [2024-05-27T21:15:52.151+0000] {dagbag.py:545} INFO - Filling up the DagBag from /home/airflow/.local/lib/python3.8/site-packages/airflow/example_dags/example_external_task_marker_dag.py
[2024-05-27T21:15:52.157+0000] {processor.py:840} INFO - DAG(s) 'example_external_task_marker_parent', 'example_external_task_marker_child' retrieved from /home/airflow/.local/lib/python3.8/site-packages/airflow/example_dags/example_external_task_marker_dag.py
[2024-05-27T21:15:52.182+0000] {logging_mixin.py:188} INFO - [2024-05-27T21:15:52.182+0000] {dag.py:3096} INFO - Sync 2 DAGs
[2024-05-27T21:15:52.195+0000] {logging_mixin.py:188} INFO - [2024-05-27T21:15:52.195+0000] {dag.py:3954} INFO - Setting next_dagrun for example_external_task_marker_child to None, run_after=None
[2024-05-27T21:15:52.199+0000] {logging_mixin.py:188} INFO - [2024-05-27T21:15:52.199+0000] {dag.py:3954} INFO - Setting next_dagrun for example_external_task_marker_parent to None, run_after=None
[2024-05-27T21:15:52.221+0000] {processor.py:183} INFO - Processing /home/airflow/.local/lib/python3.8/site-packages/airflow/example_dags/example_external_task_marker_dag.py took 0.080 seconds
[2024-05-27T21:16:22.506+0000] {processor.py:161} INFO - Started process (PID=1409) to work on /home/airflow/.local/lib/python3.8/site-packages/airflow/example_dags/example_external_task_marker_dag.py
[2024-05-27T21:16:22.507+0000] {processor.py:830} INFO - Processing file /home/airflow/.local/lib/python3.8/site-packages/airflow/example_dags/example_external_task_marker_dag.py for tasks to queue
[2024-05-27T21:16:22.509+0000] {logging_mixin.py:188} INFO - [2024-05-27T21:16:22.508+0000] {dagbag.py:545} INFO - Filling up the DagBag from /home/airflow/.local/lib/python3.8/site-packages/airflow/example_dags/example_external_task_marker_dag.py
[2024-05-27T21:16:22.515+0000] {processor.py:840} INFO - DAG(s) 'example_external_task_marker_child', 'example_external_task_marker_parent' retrieved from /home/airflow/.local/lib/python3.8/site-packages/airflow/example_dags/example_external_task_marker_dag.py
[2024-05-27T21:16:22.545+0000] {logging_mixin.py:188} INFO - [2024-05-27T21:16:22.544+0000] {dag.py:3096} INFO - Sync 2 DAGs
[2024-05-27T21:16:22.558+0000] {logging_mixin.py:188} INFO - [2024-05-27T21:16:22.557+0000] {dag.py:3954} INFO - Setting next_dagrun for example_external_task_marker_child to None, run_after=None
[2024-05-27T21:16:22.562+0000] {logging_mixin.py:188} INFO - [2024-05-27T21:16:22.562+0000] {dag.py:3954} INFO - Setting next_dagrun for example_external_task_marker_parent to None, run_after=None
[2024-05-27T21:16:22.583+0000] {processor.py:183} INFO - Processing /home/airflow/.local/lib/python3.8/site-packages/airflow/example_dags/example_external_task_marker_dag.py took 0.085 seconds
[2024-05-27T21:16:52.874+0000] {processor.py:161} INFO - Started process (PID=1481) to work on /home/airflow/.local/lib/python3.8/site-packages/airflow/example_dags/example_external_task_marker_dag.py
[2024-05-27T21:16:52.875+0000] {processor.py:830} INFO - Processing file /home/airflow/.local/lib/python3.8/site-packages/airflow/example_dags/example_external_task_marker_dag.py for tasks to queue
[2024-05-27T21:16:52.877+0000] {logging_mixin.py:188} INFO - [2024-05-27T21:16:52.877+0000] {dagbag.py:545} INFO - Filling up the DagBag from /home/airflow/.local/lib/python3.8/site-packages/airflow/example_dags/example_external_task_marker_dag.py
[2024-05-27T21:16:52.883+0000] {processor.py:840} INFO - DAG(s) 'example_external_task_marker_child', 'example_external_task_marker_parent' retrieved from /home/airflow/.local/lib/python3.8/site-packages/airflow/example_dags/example_external_task_marker_dag.py
[2024-05-27T21:16:52.908+0000] {logging_mixin.py:188} INFO - [2024-05-27T21:16:52.908+0000] {dag.py:3096} INFO - Sync 2 DAGs
[2024-05-27T21:16:52.922+0000] {logging_mixin.py:188} INFO - [2024-05-27T21:16:52.922+0000] {dag.py:3954} INFO - Setting next_dagrun for example_external_task_marker_child to None, run_after=None
[2024-05-27T21:16:52.926+0000] {logging_mixin.py:188} INFO - [2024-05-27T21:16:52.926+0000] {dag.py:3954} INFO - Setting next_dagrun for example_external_task_marker_parent to None, run_after=None
[2024-05-27T21:16:52.943+0000] {processor.py:183} INFO - Processing /home/airflow/.local/lib/python3.8/site-packages/airflow/example_dags/example_external_task_marker_dag.py took 0.076 seconds
[2024-05-27T21:17:23.537+0000] {processor.py:161} INFO - Started process (PID=1553) to work on /home/airflow/.local/lib/python3.8/site-packages/airflow/example_dags/example_external_task_marker_dag.py
[2024-05-27T21:17:23.538+0000] {processor.py:830} INFO - Processing file /home/airflow/.local/lib/python3.8/site-packages/airflow/example_dags/example_external_task_marker_dag.py for tasks to queue
[2024-05-27T21:17:23.542+0000] {logging_mixin.py:188} INFO - [2024-05-27T21:17:23.541+0000] {dagbag.py:545} INFO - Filling up the DagBag from /home/airflow/.local/lib/python3.8/site-packages/airflow/example_dags/example_external_task_marker_dag.py
[2024-05-27T21:17:23.552+0000] {processor.py:840} INFO - DAG(s) 'example_external_task_marker_child', 'example_external_task_marker_parent' retrieved from /home/airflow/.local/lib/python3.8/site-packages/airflow/example_dags/example_external_task_marker_dag.py
[2024-05-27T21:17:23.594+0000] {logging_mixin.py:188} INFO - [2024-05-27T21:17:23.593+0000] {dag.py:3096} INFO - Sync 2 DAGs
[2024-05-27T21:17:23.615+0000] {logging_mixin.py:188} INFO - [2024-05-27T21:17:23.615+0000] {dag.py:3954} INFO - Setting next_dagrun for example_external_task_marker_child to None, run_after=None
[2024-05-27T21:17:23.621+0000] {logging_mixin.py:188} INFO - [2024-05-27T21:17:23.620+0000] {dag.py:3954} INFO - Setting next_dagrun for example_external_task_marker_parent to None, run_after=None
[2024-05-27T21:17:23.651+0000] {processor.py:183} INFO - Processing /home/airflow/.local/lib/python3.8/site-packages/airflow/example_dags/example_external_task_marker_dag.py took 0.126 seconds
[2024-05-27T21:17:57.153+0000] {processor.py:161} INFO - Started process (PID=1629) to work on /home/airflow/.local/lib/python3.8/site-packages/airflow/example_dags/example_external_task_marker_dag.py
[2024-05-27T21:17:57.160+0000] {processor.py:830} INFO - Processing file /home/airflow/.local/lib/python3.8/site-packages/airflow/example_dags/example_external_task_marker_dag.py for tasks to queue
[2024-05-27T21:17:57.165+0000] {logging_mixin.py:188} INFO - [2024-05-27T21:17:57.164+0000] {dagbag.py:545} INFO - Filling up the DagBag from /home/airflow/.local/lib/python3.8/site-packages/airflow/example_dags/example_external_task_marker_dag.py
[2024-05-27T21:17:57.200+0000] {processor.py:840} INFO - DAG(s) 'example_external_task_marker_parent', 'example_external_task_marker_child' retrieved from /home/airflow/.local/lib/python3.8/site-packages/airflow/example_dags/example_external_task_marker_dag.py
[2024-05-27T21:17:57.450+0000] {logging_mixin.py:188} INFO - [2024-05-27T21:17:57.449+0000] {dag.py:3096} INFO - Sync 2 DAGs
[2024-05-27T21:17:57.662+0000] {logging_mixin.py:188} INFO - [2024-05-27T21:17:57.661+0000] {dag.py:3954} INFO - Setting next_dagrun for example_external_task_marker_child to None, run_after=None
[2024-05-27T21:17:57.714+0000] {logging_mixin.py:188} INFO - [2024-05-27T21:17:57.714+0000] {dag.py:3954} INFO - Setting next_dagrun for example_external_task_marker_parent to None, run_after=None
[2024-05-27T21:17:57.820+0000] {processor.py:183} INFO - Processing /home/airflow/.local/lib/python3.8/site-packages/airflow/example_dags/example_external_task_marker_dag.py took 0.676 seconds
[2024-05-27T21:18:28.632+0000] {processor.py:161} INFO - Started process (PID=1701) to work on /home/airflow/.local/lib/python3.8/site-packages/airflow/example_dags/example_external_task_marker_dag.py
[2024-05-27T21:18:28.634+0000] {processor.py:830} INFO - Processing file /home/airflow/.local/lib/python3.8/site-packages/airflow/example_dags/example_external_task_marker_dag.py for tasks to queue
[2024-05-27T21:18:28.637+0000] {logging_mixin.py:188} INFO - [2024-05-27T21:18:28.636+0000] {dagbag.py:545} INFO - Filling up the DagBag from /home/airflow/.local/lib/python3.8/site-packages/airflow/example_dags/example_external_task_marker_dag.py
[2024-05-27T21:18:28.647+0000] {processor.py:840} INFO - DAG(s) 'example_external_task_marker_child', 'example_external_task_marker_parent' retrieved from /home/airflow/.local/lib/python3.8/site-packages/airflow/example_dags/example_external_task_marker_dag.py
[2024-05-27T21:18:28.676+0000] {logging_mixin.py:188} INFO - [2024-05-27T21:18:28.676+0000] {dag.py:3096} INFO - Sync 2 DAGs
[2024-05-27T21:18:28.690+0000] {logging_mixin.py:188} INFO - [2024-05-27T21:18:28.689+0000] {dag.py:3954} INFO - Setting next_dagrun for example_external_task_marker_child to None, run_after=None
[2024-05-27T21:18:28.695+0000] {logging_mixin.py:188} INFO - [2024-05-27T21:18:28.695+0000] {dag.py:3954} INFO - Setting next_dagrun for example_external_task_marker_parent to None, run_after=None
[2024-05-27T21:18:28.722+0000] {processor.py:183} INFO - Processing /home/airflow/.local/lib/python3.8/site-packages/airflow/example_dags/example_external_task_marker_dag.py took 0.099 seconds
[2024-05-27T21:18:59.457+0000] {processor.py:161} INFO - Started process (PID=1772) to work on /home/airflow/.local/lib/python3.8/site-packages/airflow/example_dags/example_external_task_marker_dag.py
[2024-05-27T21:18:59.458+0000] {processor.py:830} INFO - Processing file /home/airflow/.local/lib/python3.8/site-packages/airflow/example_dags/example_external_task_marker_dag.py for tasks to queue
[2024-05-27T21:18:59.460+0000] {logging_mixin.py:188} INFO - [2024-05-27T21:18:59.460+0000] {dagbag.py:545} INFO - Filling up the DagBag from /home/airflow/.local/lib/python3.8/site-packages/airflow/example_dags/example_external_task_marker_dag.py
[2024-05-27T21:18:59.469+0000] {processor.py:840} INFO - DAG(s) 'example_external_task_marker_parent', 'example_external_task_marker_child' retrieved from /home/airflow/.local/lib/python3.8/site-packages/airflow/example_dags/example_external_task_marker_dag.py
[2024-05-27T21:18:59.499+0000] {logging_mixin.py:188} INFO - [2024-05-27T21:18:59.499+0000] {dag.py:3096} INFO - Sync 2 DAGs
[2024-05-27T21:18:59.514+0000] {logging_mixin.py:188} INFO - [2024-05-27T21:18:59.514+0000] {dag.py:3954} INFO - Setting next_dagrun for example_external_task_marker_child to None, run_after=None
[2024-05-27T21:18:59.519+0000] {logging_mixin.py:188} INFO - [2024-05-27T21:18:59.519+0000] {dag.py:3954} INFO - Setting next_dagrun for example_external_task_marker_parent to None, run_after=None
[2024-05-27T21:18:59.538+0000] {processor.py:183} INFO - Processing /home/airflow/.local/lib/python3.8/site-packages/airflow/example_dags/example_external_task_marker_dag.py took 0.091 seconds
[2024-05-27T21:19:30.177+0000] {processor.py:161} INFO - Started process (PID=1842) to work on /home/airflow/.local/lib/python3.8/site-packages/airflow/example_dags/example_external_task_marker_dag.py
[2024-05-27T21:19:30.179+0000] {processor.py:830} INFO - Processing file /home/airflow/.local/lib/python3.8/site-packages/airflow/example_dags/example_external_task_marker_dag.py for tasks to queue
[2024-05-27T21:19:30.181+0000] {logging_mixin.py:188} INFO - [2024-05-27T21:19:30.181+0000] {dagbag.py:545} INFO - Filling up the DagBag from /home/airflow/.local/lib/python3.8/site-packages/airflow/example_dags/example_external_task_marker_dag.py
[2024-05-27T21:19:30.188+0000] {processor.py:840} INFO - DAG(s) 'example_external_task_marker_parent', 'example_external_task_marker_child' retrieved from /home/airflow/.local/lib/python3.8/site-packages/airflow/example_dags/example_external_task_marker_dag.py
[2024-05-27T21:19:30.216+0000] {logging_mixin.py:188} INFO - [2024-05-27T21:19:30.216+0000] {dag.py:3096} INFO - Sync 2 DAGs
[2024-05-27T21:19:30.230+0000] {logging_mixin.py:188} INFO - [2024-05-27T21:19:30.230+0000] {dag.py:3954} INFO - Setting next_dagrun for example_external_task_marker_child to None, run_after=None
[2024-05-27T21:19:30.235+0000] {logging_mixin.py:188} INFO - [2024-05-27T21:19:30.235+0000] {dag.py:3954} INFO - Setting next_dagrun for example_external_task_marker_parent to None, run_after=None
[2024-05-27T21:19:30.258+0000] {processor.py:183} INFO - Processing /home/airflow/.local/lib/python3.8/site-packages/airflow/example_dags/example_external_task_marker_dag.py took 0.086 seconds
[2024-05-27T21:20:01.000+0000] {processor.py:161} INFO - Started process (PID=1920) to work on /home/airflow/.local/lib/python3.8/site-packages/airflow/example_dags/example_external_task_marker_dag.py
[2024-05-27T21:20:01.001+0000] {processor.py:830} INFO - Processing file /home/airflow/.local/lib/python3.8/site-packages/airflow/example_dags/example_external_task_marker_dag.py for tasks to queue
[2024-05-27T21:20:01.005+0000] {logging_mixin.py:188} INFO - [2024-05-27T21:20:01.004+0000] {dagbag.py:545} INFO - Filling up the DagBag from /home/airflow/.local/lib/python3.8/site-packages/airflow/example_dags/example_external_task_marker_dag.py
[2024-05-27T21:20:01.013+0000] {processor.py:840} INFO - DAG(s) 'example_external_task_marker_parent', 'example_external_task_marker_child' retrieved from /home/airflow/.local/lib/python3.8/site-packages/airflow/example_dags/example_external_task_marker_dag.py
[2024-05-27T21:20:01.047+0000] {logging_mixin.py:188} INFO - [2024-05-27T21:20:01.046+0000] {dag.py:3096} INFO - Sync 2 DAGs
[2024-05-27T21:20:01.063+0000] {logging_mixin.py:188} INFO - [2024-05-27T21:20:01.063+0000] {dag.py:3954} INFO - Setting next_dagrun for example_external_task_marker_child to None, run_after=None
[2024-05-27T21:20:01.070+0000] {logging_mixin.py:188} INFO - [2024-05-27T21:20:01.069+0000] {dag.py:3954} INFO - Setting next_dagrun for example_external_task_marker_parent to None, run_after=None
[2024-05-27T21:20:01.098+0000] {processor.py:183} INFO - Processing /home/airflow/.local/lib/python3.8/site-packages/airflow/example_dags/example_external_task_marker_dag.py took 0.105 seconds
[2024-05-27T21:20:31.875+0000] {processor.py:161} INFO - Started process (PID=1990) to work on /home/airflow/.local/lib/python3.8/site-packages/airflow/example_dags/example_external_task_marker_dag.py
[2024-05-27T21:20:31.876+0000] {processor.py:830} INFO - Processing file /home/airflow/.local/lib/python3.8/site-packages/airflow/example_dags/example_external_task_marker_dag.py for tasks to queue
[2024-05-27T21:20:31.878+0000] {logging_mixin.py:188} INFO - [2024-05-27T21:20:31.878+0000] {dagbag.py:545} INFO - Filling up the DagBag from /home/airflow/.local/lib/python3.8/site-packages/airflow/example_dags/example_external_task_marker_dag.py
[2024-05-27T21:20:31.885+0000] {processor.py:840} INFO - DAG(s) 'example_external_task_marker_child', 'example_external_task_marker_parent' retrieved from /home/airflow/.local/lib/python3.8/site-packages/airflow/example_dags/example_external_task_marker_dag.py
[2024-05-27T21:20:31.911+0000] {logging_mixin.py:188} INFO - [2024-05-27T21:20:31.911+0000] {dag.py:3096} INFO - Sync 2 DAGs
[2024-05-27T21:20:31.927+0000] {logging_mixin.py:188} INFO - [2024-05-27T21:20:31.926+0000] {dag.py:3954} INFO - Setting next_dagrun for example_external_task_marker_child to None, run_after=None
[2024-05-27T21:20:31.931+0000] {logging_mixin.py:188} INFO - [2024-05-27T21:20:31.931+0000] {dag.py:3954} INFO - Setting next_dagrun for example_external_task_marker_parent to None, run_after=None
[2024-05-27T21:20:31.955+0000] {processor.py:183} INFO - Processing /home/airflow/.local/lib/python3.8/site-packages/airflow/example_dags/example_external_task_marker_dag.py took 0.086 seconds
[2024-05-27T21:21:02.267+0000] {processor.py:161} INFO - Started process (PID=2062) to work on /home/airflow/.local/lib/python3.8/site-packages/airflow/example_dags/example_external_task_marker_dag.py
[2024-05-27T21:21:02.269+0000] {processor.py:830} INFO - Processing file /home/airflow/.local/lib/python3.8/site-packages/airflow/example_dags/example_external_task_marker_dag.py for tasks to queue
[2024-05-27T21:21:02.271+0000] {logging_mixin.py:188} INFO - [2024-05-27T21:21:02.271+0000] {dagbag.py:545} INFO - Filling up the DagBag from /home/airflow/.local/lib/python3.8/site-packages/airflow/example_dags/example_external_task_marker_dag.py
[2024-05-27T21:21:02.277+0000] {processor.py:840} INFO - DAG(s) 'example_external_task_marker_parent', 'example_external_task_marker_child' retrieved from /home/airflow/.local/lib/python3.8/site-packages/airflow/example_dags/example_external_task_marker_dag.py
[2024-05-27T21:21:02.307+0000] {logging_mixin.py:188} INFO - [2024-05-27T21:21:02.307+0000] {dag.py:3096} INFO - Sync 2 DAGs
[2024-05-27T21:21:02.322+0000] {logging_mixin.py:188} INFO - [2024-05-27T21:21:02.321+0000] {dag.py:3954} INFO - Setting next_dagrun for example_external_task_marker_child to None, run_after=None
[2024-05-27T21:21:02.326+0000] {logging_mixin.py:188} INFO - [2024-05-27T21:21:02.326+0000] {dag.py:3954} INFO - Setting next_dagrun for example_external_task_marker_parent to None, run_after=None
[2024-05-27T21:21:02.350+0000] {processor.py:183} INFO - Processing /home/airflow/.local/lib/python3.8/site-packages/airflow/example_dags/example_external_task_marker_dag.py took 0.090 seconds
[2024-05-27T21:21:33.153+0000] {processor.py:161} INFO - Started process (PID=2155) to work on /home/airflow/.local/lib/python3.8/site-packages/airflow/example_dags/example_external_task_marker_dag.py
[2024-05-27T21:21:33.183+0000] {processor.py:830} INFO - Processing file /home/airflow/.local/lib/python3.8/site-packages/airflow/example_dags/example_external_task_marker_dag.py for tasks to queue
[2024-05-27T21:21:33.192+0000] {logging_mixin.py:188} INFO - [2024-05-27T21:21:33.191+0000] {dagbag.py:545} INFO - Filling up the DagBag from /home/airflow/.local/lib/python3.8/site-packages/airflow/example_dags/example_external_task_marker_dag.py
[2024-05-27T21:21:33.206+0000] {processor.py:840} INFO - DAG(s) 'example_external_task_marker_child', 'example_external_task_marker_parent' retrieved from /home/airflow/.local/lib/python3.8/site-packages/airflow/example_dags/example_external_task_marker_dag.py
[2024-05-27T21:21:33.275+0000] {logging_mixin.py:188} INFO - [2024-05-27T21:21:33.274+0000] {dag.py:3096} INFO - Sync 2 DAGs
[2024-05-27T21:21:33.306+0000] {logging_mixin.py:188} INFO - [2024-05-27T21:21:33.306+0000] {dag.py:3954} INFO - Setting next_dagrun for example_external_task_marker_child to None, run_after=None
[2024-05-27T21:21:33.318+0000] {logging_mixin.py:188} INFO - [2024-05-27T21:21:33.316+0000] {dag.py:3954} INFO - Setting next_dagrun for example_external_task_marker_parent to None, run_after=None
[2024-05-27T21:21:33.366+0000] {processor.py:183} INFO - Processing /home/airflow/.local/lib/python3.8/site-packages/airflow/example_dags/example_external_task_marker_dag.py took 0.225 seconds
[2024-05-27T21:22:03.637+0000] {processor.py:161} INFO - Started process (PID=2232) to work on /home/airflow/.local/lib/python3.8/site-packages/airflow/example_dags/example_external_task_marker_dag.py
[2024-05-27T21:22:03.639+0000] {processor.py:830} INFO - Processing file /home/airflow/.local/lib/python3.8/site-packages/airflow/example_dags/example_external_task_marker_dag.py for tasks to queue
[2024-05-27T21:22:03.641+0000] {logging_mixin.py:188} INFO - [2024-05-27T21:22:03.641+0000] {dagbag.py:545} INFO - Filling up the DagBag from /home/airflow/.local/lib/python3.8/site-packages/airflow/example_dags/example_external_task_marker_dag.py
[2024-05-27T21:22:03.650+0000] {processor.py:840} INFO - DAG(s) 'example_external_task_marker_parent', 'example_external_task_marker_child' retrieved from /home/airflow/.local/lib/python3.8/site-packages/airflow/example_dags/example_external_task_marker_dag.py
[2024-05-27T21:22:03.683+0000] {logging_mixin.py:188} INFO - [2024-05-27T21:22:03.683+0000] {dag.py:3096} INFO - Sync 2 DAGs
[2024-05-27T21:22:03.699+0000] {logging_mixin.py:188} INFO - [2024-05-27T21:22:03.699+0000] {dag.py:3954} INFO - Setting next_dagrun for example_external_task_marker_child to None, run_after=None
[2024-05-27T21:22:03.704+0000] {logging_mixin.py:188} INFO - [2024-05-27T21:22:03.704+0000] {dag.py:3954} INFO - Setting next_dagrun for example_external_task_marker_parent to None, run_after=None
[2024-05-27T21:22:03.729+0000] {processor.py:183} INFO - Processing /home/airflow/.local/lib/python3.8/site-packages/airflow/example_dags/example_external_task_marker_dag.py took 0.098 seconds
[2024-05-27T21:22:34.322+0000] {processor.py:161} INFO - Started process (PID=2302) to work on /home/airflow/.local/lib/python3.8/site-packages/airflow/example_dags/example_external_task_marker_dag.py
[2024-05-27T21:22:34.323+0000] {processor.py:830} INFO - Processing file /home/airflow/.local/lib/python3.8/site-packages/airflow/example_dags/example_external_task_marker_dag.py for tasks to queue
[2024-05-27T21:22:34.326+0000] {logging_mixin.py:188} INFO - [2024-05-27T21:22:34.326+0000] {dagbag.py:545} INFO - Filling up the DagBag from /home/airflow/.local/lib/python3.8/site-packages/airflow/example_dags/example_external_task_marker_dag.py
[2024-05-27T21:22:34.333+0000] {processor.py:840} INFO - DAG(s) 'example_external_task_marker_parent', 'example_external_task_marker_child' retrieved from /home/airflow/.local/lib/python3.8/site-packages/airflow/example_dags/example_external_task_marker_dag.py
[2024-05-27T21:22:34.361+0000] {logging_mixin.py:188} INFO - [2024-05-27T21:22:34.361+0000] {dag.py:3096} INFO - Sync 2 DAGs
[2024-05-27T21:22:34.376+0000] {logging_mixin.py:188} INFO - [2024-05-27T21:22:34.375+0000] {dag.py:3954} INFO - Setting next_dagrun for example_external_task_marker_child to None, run_after=None
[2024-05-27T21:22:34.380+0000] {logging_mixin.py:188} INFO - [2024-05-27T21:22:34.380+0000] {dag.py:3954} INFO - Setting next_dagrun for example_external_task_marker_parent to None, run_after=None
[2024-05-27T21:22:34.399+0000] {processor.py:183} INFO - Processing /home/airflow/.local/lib/python3.8/site-packages/airflow/example_dags/example_external_task_marker_dag.py took 0.087 seconds
[2024-05-27T21:23:05.180+0000] {processor.py:161} INFO - Started process (PID=2372) to work on /home/airflow/.local/lib/python3.8/site-packages/airflow/example_dags/example_external_task_marker_dag.py
[2024-05-27T21:23:05.182+0000] {processor.py:830} INFO - Processing file /home/airflow/.local/lib/python3.8/site-packages/airflow/example_dags/example_external_task_marker_dag.py for tasks to queue
[2024-05-27T21:23:05.184+0000] {logging_mixin.py:188} INFO - [2024-05-27T21:23:05.183+0000] {dagbag.py:545} INFO - Filling up the DagBag from /home/airflow/.local/lib/python3.8/site-packages/airflow/example_dags/example_external_task_marker_dag.py
[2024-05-27T21:23:05.190+0000] {processor.py:840} INFO - DAG(s) 'example_external_task_marker_parent', 'example_external_task_marker_child' retrieved from /home/airflow/.local/lib/python3.8/site-packages/airflow/example_dags/example_external_task_marker_dag.py
[2024-05-27T21:23:05.220+0000] {logging_mixin.py:188} INFO - [2024-05-27T21:23:05.220+0000] {dag.py:3096} INFO - Sync 2 DAGs
[2024-05-27T21:23:05.235+0000] {logging_mixin.py:188} INFO - [2024-05-27T21:23:05.235+0000] {dag.py:3954} INFO - Setting next_dagrun for example_external_task_marker_child to None, run_after=None
[2024-05-27T21:23:05.240+0000] {logging_mixin.py:188} INFO - [2024-05-27T21:23:05.240+0000] {dag.py:3954} INFO - Setting next_dagrun for example_external_task_marker_parent to None, run_after=None
[2024-05-27T21:23:05.262+0000] {processor.py:183} INFO - Processing /home/airflow/.local/lib/python3.8/site-packages/airflow/example_dags/example_external_task_marker_dag.py took 0.089 seconds
[2024-05-27T21:23:35.852+0000] {processor.py:161} INFO - Started process (PID=2450) to work on /home/airflow/.local/lib/python3.8/site-packages/airflow/example_dags/example_external_task_marker_dag.py
[2024-05-27T21:23:35.854+0000] {processor.py:830} INFO - Processing file /home/airflow/.local/lib/python3.8/site-packages/airflow/example_dags/example_external_task_marker_dag.py for tasks to queue
[2024-05-27T21:23:35.857+0000] {logging_mixin.py:188} INFO - [2024-05-27T21:23:35.856+0000] {dagbag.py:545} INFO - Filling up the DagBag from /home/airflow/.local/lib/python3.8/site-packages/airflow/example_dags/example_external_task_marker_dag.py
[2024-05-27T21:23:35.866+0000] {processor.py:840} INFO - DAG(s) 'example_external_task_marker_child', 'example_external_task_marker_parent' retrieved from /home/airflow/.local/lib/python3.8/site-packages/airflow/example_dags/example_external_task_marker_dag.py
[2024-05-27T21:23:35.903+0000] {logging_mixin.py:188} INFO - [2024-05-27T21:23:35.903+0000] {dag.py:3096} INFO - Sync 2 DAGs
[2024-05-27T21:23:35.922+0000] {logging_mixin.py:188} INFO - [2024-05-27T21:23:35.922+0000] {dag.py:3954} INFO - Setting next_dagrun for example_external_task_marker_child to None, run_after=None
[2024-05-27T21:23:35.928+0000] {logging_mixin.py:188} INFO - [2024-05-27T21:23:35.928+0000] {dag.py:3954} INFO - Setting next_dagrun for example_external_task_marker_parent to None, run_after=None
[2024-05-27T21:23:35.955+0000] {processor.py:183} INFO - Processing /home/airflow/.local/lib/python3.8/site-packages/airflow/example_dags/example_external_task_marker_dag.py took 0.109 seconds
[2024-05-27T21:24:06.545+0000] {processor.py:161} INFO - Started process (PID=2520) to work on /home/airflow/.local/lib/python3.8/site-packages/airflow/example_dags/example_external_task_marker_dag.py
[2024-05-27T21:24:06.547+0000] {processor.py:830} INFO - Processing file /home/airflow/.local/lib/python3.8/site-packages/airflow/example_dags/example_external_task_marker_dag.py for tasks to queue
[2024-05-27T21:24:06.549+0000] {logging_mixin.py:188} INFO - [2024-05-27T21:24:06.549+0000] {dagbag.py:545} INFO - Filling up the DagBag from /home/airflow/.local/lib/python3.8/site-packages/airflow/example_dags/example_external_task_marker_dag.py
[2024-05-27T21:24:06.555+0000] {processor.py:840} INFO - DAG(s) 'example_external_task_marker_child', 'example_external_task_marker_parent' retrieved from /home/airflow/.local/lib/python3.8/site-packages/airflow/example_dags/example_external_task_marker_dag.py
[2024-05-27T21:24:06.584+0000] {logging_mixin.py:188} INFO - [2024-05-27T21:24:06.584+0000] {dag.py:3096} INFO - Sync 2 DAGs
[2024-05-27T21:24:06.599+0000] {logging_mixin.py:188} INFO - [2024-05-27T21:24:06.598+0000] {dag.py:3954} INFO - Setting next_dagrun for example_external_task_marker_child to None, run_after=None
[2024-05-27T21:24:06.603+0000] {logging_mixin.py:188} INFO - [2024-05-27T21:24:06.603+0000] {dag.py:3954} INFO - Setting next_dagrun for example_external_task_marker_parent to None, run_after=None
[2024-05-27T21:24:06.625+0000] {processor.py:183} INFO - Processing /home/airflow/.local/lib/python3.8/site-packages/airflow/example_dags/example_external_task_marker_dag.py took 0.086 seconds
[2024-05-27T21:24:37.139+0000] {processor.py:161} INFO - Started process (PID=2597) to work on /home/airflow/.local/lib/python3.8/site-packages/airflow/example_dags/example_external_task_marker_dag.py
[2024-05-27T21:24:37.141+0000] {processor.py:830} INFO - Processing file /home/airflow/.local/lib/python3.8/site-packages/airflow/example_dags/example_external_task_marker_dag.py for tasks to queue
[2024-05-27T21:24:37.144+0000] {logging_mixin.py:188} INFO - [2024-05-27T21:24:37.143+0000] {dagbag.py:545} INFO - Filling up the DagBag from /home/airflow/.local/lib/python3.8/site-packages/airflow/example_dags/example_external_task_marker_dag.py
[2024-05-27T21:24:37.151+0000] {processor.py:840} INFO - DAG(s) 'example_external_task_marker_parent', 'example_external_task_marker_child' retrieved from /home/airflow/.local/lib/python3.8/site-packages/airflow/example_dags/example_external_task_marker_dag.py
[2024-05-27T21:24:37.180+0000] {logging_mixin.py:188} INFO - [2024-05-27T21:24:37.180+0000] {dag.py:3096} INFO - Sync 2 DAGs
[2024-05-27T21:24:37.198+0000] {logging_mixin.py:188} INFO - [2024-05-27T21:24:37.197+0000] {dag.py:3954} INFO - Setting next_dagrun for example_external_task_marker_child to None, run_after=None
[2024-05-27T21:24:37.202+0000] {logging_mixin.py:188} INFO - [2024-05-27T21:24:37.202+0000] {dag.py:3954} INFO - Setting next_dagrun for example_external_task_marker_parent to None, run_after=None
[2024-05-27T21:24:37.223+0000] {processor.py:183} INFO - Processing /home/airflow/.local/lib/python3.8/site-packages/airflow/example_dags/example_external_task_marker_dag.py took 0.092 seconds
[2024-05-27T21:25:07.671+0000] {processor.py:161} INFO - Started process (PID=2669) to work on /home/airflow/.local/lib/python3.8/site-packages/airflow/example_dags/example_external_task_marker_dag.py
[2024-05-27T21:25:07.673+0000] {processor.py:830} INFO - Processing file /home/airflow/.local/lib/python3.8/site-packages/airflow/example_dags/example_external_task_marker_dag.py for tasks to queue
[2024-05-27T21:25:07.675+0000] {logging_mixin.py:188} INFO - [2024-05-27T21:25:07.675+0000] {dagbag.py:545} INFO - Filling up the DagBag from /home/airflow/.local/lib/python3.8/site-packages/airflow/example_dags/example_external_task_marker_dag.py
[2024-05-27T21:25:07.681+0000] {processor.py:840} INFO - DAG(s) 'example_external_task_marker_child', 'example_external_task_marker_parent' retrieved from /home/airflow/.local/lib/python3.8/site-packages/airflow/example_dags/example_external_task_marker_dag.py
[2024-05-27T21:25:07.714+0000] {logging_mixin.py:188} INFO - [2024-05-27T21:25:07.713+0000] {dag.py:3096} INFO - Sync 2 DAGs
[2024-05-27T21:25:07.728+0000] {logging_mixin.py:188} INFO - [2024-05-27T21:25:07.728+0000] {dag.py:3954} INFO - Setting next_dagrun for example_external_task_marker_child to None, run_after=None
[2024-05-27T21:25:07.733+0000] {logging_mixin.py:188} INFO - [2024-05-27T21:25:07.733+0000] {dag.py:3954} INFO - Setting next_dagrun for example_external_task_marker_parent to None, run_after=None
[2024-05-27T21:25:07.757+0000] {processor.py:183} INFO - Processing /home/airflow/.local/lib/python3.8/site-packages/airflow/example_dags/example_external_task_marker_dag.py took 0.094 seconds
