[2024-05-27T20:50:57.214+0000] {processor.py:161} INFO - Started process (PID=84) to work on /home/airflow/.local/lib/python3.8/site-packages/airflow/example_dags/example_bash_decorator.py
[2024-05-27T20:50:57.216+0000] {processor.py:830} INFO - Processing file /home/airflow/.local/lib/python3.8/site-packages/airflow/example_dags/example_bash_decorator.py for tasks to queue
[2024-05-27T20:50:57.218+0000] {logging_mixin.py:188} INFO - [2024-05-27T20:50:57.218+0000] {dagbag.py:545} INFO - Filling up the DagBag from /home/airflow/.local/lib/python3.8/site-packages/airflow/example_dags/example_bash_decorator.py
[2024-05-27T20:50:57.235+0000] {processor.py:840} INFO - DAG(s) 'example_bash_decorator' retrieved from /home/airflow/.local/lib/python3.8/site-packages/airflow/example_dags/example_bash_decorator.py
[2024-05-27T20:50:57.388+0000] {logging_mixin.py:188} INFO - [2024-05-27T20:50:57.388+0000] {dag.py:3096} INFO - Sync 1 DAGs
[2024-05-27T20:50:57.406+0000] {logging_mixin.py:188} INFO - [2024-05-27T20:50:57.405+0000] {dag.py:3954} INFO - Setting next_dagrun for example_bash_decorator to None, run_after=None
[2024-05-27T20:50:57.435+0000] {processor.py:183} INFO - Processing /home/airflow/.local/lib/python3.8/site-packages/airflow/example_dags/example_bash_decorator.py took 0.227 seconds
[2024-05-27T20:51:27.677+0000] {processor.py:161} INFO - Started process (PID=161) to work on /home/airflow/.local/lib/python3.8/site-packages/airflow/example_dags/example_bash_decorator.py
[2024-05-27T20:51:27.678+0000] {processor.py:830} INFO - Processing file /home/airflow/.local/lib/python3.8/site-packages/airflow/example_dags/example_bash_decorator.py for tasks to queue
[2024-05-27T20:51:27.680+0000] {logging_mixin.py:188} INFO - [2024-05-27T20:51:27.680+0000] {dagbag.py:545} INFO - Filling up the DagBag from /home/airflow/.local/lib/python3.8/site-packages/airflow/example_dags/example_bash_decorator.py
[2024-05-27T20:51:27.698+0000] {processor.py:840} INFO - DAG(s) 'example_bash_decorator' retrieved from /home/airflow/.local/lib/python3.8/site-packages/airflow/example_dags/example_bash_decorator.py
[2024-05-27T20:51:27.722+0000] {logging_mixin.py:188} INFO - [2024-05-27T20:51:27.722+0000] {dag.py:3096} INFO - Sync 1 DAGs
[2024-05-27T20:51:27.745+0000] {logging_mixin.py:188} INFO - [2024-05-27T20:51:27.744+0000] {dag.py:3954} INFO - Setting next_dagrun for example_bash_decorator to None, run_after=None
[2024-05-27T20:51:27.773+0000] {processor.py:183} INFO - Processing /home/airflow/.local/lib/python3.8/site-packages/airflow/example_dags/example_bash_decorator.py took 0.104 seconds
[2024-05-27T20:51:58.707+0000] {processor.py:161} INFO - Started process (PID=231) to work on /home/airflow/.local/lib/python3.8/site-packages/airflow/example_dags/example_bash_decorator.py
[2024-05-27T20:51:58.709+0000] {processor.py:830} INFO - Processing file /home/airflow/.local/lib/python3.8/site-packages/airflow/example_dags/example_bash_decorator.py for tasks to queue
[2024-05-27T20:51:58.711+0000] {logging_mixin.py:188} INFO - [2024-05-27T20:51:58.710+0000] {dagbag.py:545} INFO - Filling up the DagBag from /home/airflow/.local/lib/python3.8/site-packages/airflow/example_dags/example_bash_decorator.py
[2024-05-27T20:51:58.725+0000] {processor.py:840} INFO - DAG(s) 'example_bash_decorator' retrieved from /home/airflow/.local/lib/python3.8/site-packages/airflow/example_dags/example_bash_decorator.py
[2024-05-27T20:51:58.762+0000] {logging_mixin.py:188} INFO - [2024-05-27T20:51:58.761+0000] {dag.py:3096} INFO - Sync 1 DAGs
[2024-05-27T20:51:58.781+0000] {logging_mixin.py:188} INFO - [2024-05-27T20:51:58.779+0000] {dag.py:3954} INFO - Setting next_dagrun for example_bash_decorator to None, run_after=None
[2024-05-27T20:51:58.810+0000] {processor.py:183} INFO - Processing /home/airflow/.local/lib/python3.8/site-packages/airflow/example_dags/example_bash_decorator.py took 0.110 seconds
[2024-05-27T20:52:28.894+0000] {processor.py:161} INFO - Started process (PID=300) to work on /home/airflow/.local/lib/python3.8/site-packages/airflow/example_dags/example_bash_decorator.py
[2024-05-27T20:52:28.895+0000] {processor.py:830} INFO - Processing file /home/airflow/.local/lib/python3.8/site-packages/airflow/example_dags/example_bash_decorator.py for tasks to queue
[2024-05-27T20:52:28.897+0000] {logging_mixin.py:188} INFO - [2024-05-27T20:52:28.896+0000] {dagbag.py:545} INFO - Filling up the DagBag from /home/airflow/.local/lib/python3.8/site-packages/airflow/example_dags/example_bash_decorator.py
[2024-05-27T20:52:28.910+0000] {processor.py:840} INFO - DAG(s) 'example_bash_decorator' retrieved from /home/airflow/.local/lib/python3.8/site-packages/airflow/example_dags/example_bash_decorator.py
[2024-05-27T20:52:28.938+0000] {logging_mixin.py:188} INFO - [2024-05-27T20:52:28.938+0000] {dag.py:3096} INFO - Sync 1 DAGs
[2024-05-27T20:52:28.954+0000] {logging_mixin.py:188} INFO - [2024-05-27T20:52:28.953+0000] {dag.py:3954} INFO - Setting next_dagrun for example_bash_decorator to None, run_after=None
[2024-05-27T20:52:28.976+0000] {processor.py:183} INFO - Processing /home/airflow/.local/lib/python3.8/site-packages/airflow/example_dags/example_bash_decorator.py took 0.090 seconds
[2024-05-27T20:52:59.075+0000] {processor.py:161} INFO - Started process (PID=376) to work on /home/airflow/.local/lib/python3.8/site-packages/airflow/example_dags/example_bash_decorator.py
[2024-05-27T20:52:59.077+0000] {processor.py:830} INFO - Processing file /home/airflow/.local/lib/python3.8/site-packages/airflow/example_dags/example_bash_decorator.py for tasks to queue
[2024-05-27T20:52:59.079+0000] {logging_mixin.py:188} INFO - [2024-05-27T20:52:59.079+0000] {dagbag.py:545} INFO - Filling up the DagBag from /home/airflow/.local/lib/python3.8/site-packages/airflow/example_dags/example_bash_decorator.py
[2024-05-27T20:52:59.093+0000] {processor.py:840} INFO - DAG(s) 'example_bash_decorator' retrieved from /home/airflow/.local/lib/python3.8/site-packages/airflow/example_dags/example_bash_decorator.py
[2024-05-27T20:52:59.126+0000] {logging_mixin.py:188} INFO - [2024-05-27T20:52:59.126+0000] {dag.py:3096} INFO - Sync 1 DAGs
[2024-05-27T20:52:59.144+0000] {logging_mixin.py:188} INFO - [2024-05-27T20:52:59.143+0000] {dag.py:3954} INFO - Setting next_dagrun for example_bash_decorator to None, run_after=None
[2024-05-27T20:52:59.167+0000] {processor.py:183} INFO - Processing /home/airflow/.local/lib/python3.8/site-packages/airflow/example_dags/example_bash_decorator.py took 0.099 seconds
[2024-05-27T20:53:30.074+0000] {processor.py:161} INFO - Started process (PID=447) to work on /home/airflow/.local/lib/python3.8/site-packages/airflow/example_dags/example_bash_decorator.py
[2024-05-27T20:53:30.075+0000] {processor.py:830} INFO - Processing file /home/airflow/.local/lib/python3.8/site-packages/airflow/example_dags/example_bash_decorator.py for tasks to queue
[2024-05-27T20:53:30.077+0000] {logging_mixin.py:188} INFO - [2024-05-27T20:53:30.077+0000] {dagbag.py:545} INFO - Filling up the DagBag from /home/airflow/.local/lib/python3.8/site-packages/airflow/example_dags/example_bash_decorator.py
[2024-05-27T20:53:30.093+0000] {processor.py:840} INFO - DAG(s) 'example_bash_decorator' retrieved from /home/airflow/.local/lib/python3.8/site-packages/airflow/example_dags/example_bash_decorator.py
[2024-05-27T20:53:30.126+0000] {logging_mixin.py:188} INFO - [2024-05-27T20:53:30.126+0000] {dag.py:3096} INFO - Sync 1 DAGs
[2024-05-27T20:53:30.141+0000] {logging_mixin.py:188} INFO - [2024-05-27T20:53:30.141+0000] {dag.py:3954} INFO - Setting next_dagrun for example_bash_decorator to None, run_after=None
[2024-05-27T20:53:30.164+0000] {processor.py:183} INFO - Processing /home/airflow/.local/lib/python3.8/site-packages/airflow/example_dags/example_bash_decorator.py took 0.096 seconds
[2024-05-27T20:54:00.557+0000] {processor.py:161} INFO - Started process (PID=517) to work on /home/airflow/.local/lib/python3.8/site-packages/airflow/example_dags/example_bash_decorator.py
[2024-05-27T20:54:00.558+0000] {processor.py:830} INFO - Processing file /home/airflow/.local/lib/python3.8/site-packages/airflow/example_dags/example_bash_decorator.py for tasks to queue
[2024-05-27T20:54:00.560+0000] {logging_mixin.py:188} INFO - [2024-05-27T20:54:00.560+0000] {dagbag.py:545} INFO - Filling up the DagBag from /home/airflow/.local/lib/python3.8/site-packages/airflow/example_dags/example_bash_decorator.py
[2024-05-27T20:54:00.574+0000] {processor.py:840} INFO - DAG(s) 'example_bash_decorator' retrieved from /home/airflow/.local/lib/python3.8/site-packages/airflow/example_dags/example_bash_decorator.py
[2024-05-27T20:54:00.603+0000] {logging_mixin.py:188} INFO - [2024-05-27T20:54:00.603+0000] {dag.py:3096} INFO - Sync 1 DAGs
[2024-05-27T20:54:00.617+0000] {logging_mixin.py:188} INFO - [2024-05-27T20:54:00.617+0000] {dag.py:3954} INFO - Setting next_dagrun for example_bash_decorator to None, run_after=None
[2024-05-27T20:54:00.642+0000] {processor.py:183} INFO - Processing /home/airflow/.local/lib/python3.8/site-packages/airflow/example_dags/example_bash_decorator.py took 0.092 seconds
[2024-05-27T20:54:31.312+0000] {processor.py:161} INFO - Started process (PID=595) to work on /home/airflow/.local/lib/python3.8/site-packages/airflow/example_dags/example_bash_decorator.py
[2024-05-27T20:54:31.313+0000] {processor.py:830} INFO - Processing file /home/airflow/.local/lib/python3.8/site-packages/airflow/example_dags/example_bash_decorator.py for tasks to queue
[2024-05-27T20:54:31.315+0000] {logging_mixin.py:188} INFO - [2024-05-27T20:54:31.315+0000] {dagbag.py:545} INFO - Filling up the DagBag from /home/airflow/.local/lib/python3.8/site-packages/airflow/example_dags/example_bash_decorator.py
[2024-05-27T20:54:31.330+0000] {processor.py:840} INFO - DAG(s) 'example_bash_decorator' retrieved from /home/airflow/.local/lib/python3.8/site-packages/airflow/example_dags/example_bash_decorator.py
[2024-05-27T20:54:31.358+0000] {logging_mixin.py:188} INFO - [2024-05-27T20:54:31.357+0000] {dag.py:3096} INFO - Sync 1 DAGs
[2024-05-27T20:54:31.370+0000] {logging_mixin.py:188} INFO - [2024-05-27T20:54:31.370+0000] {dag.py:3954} INFO - Setting next_dagrun for example_bash_decorator to None, run_after=None
[2024-05-27T20:54:31.392+0000] {processor.py:183} INFO - Processing /home/airflow/.local/lib/python3.8/site-packages/airflow/example_dags/example_bash_decorator.py took 0.088 seconds
[2024-05-27T20:55:01.741+0000] {processor.py:161} INFO - Started process (PID=665) to work on /home/airflow/.local/lib/python3.8/site-packages/airflow/example_dags/example_bash_decorator.py
[2024-05-27T20:55:01.742+0000] {processor.py:830} INFO - Processing file /home/airflow/.local/lib/python3.8/site-packages/airflow/example_dags/example_bash_decorator.py for tasks to queue
[2024-05-27T20:55:01.744+0000] {logging_mixin.py:188} INFO - [2024-05-27T20:55:01.744+0000] {dagbag.py:545} INFO - Filling up the DagBag from /home/airflow/.local/lib/python3.8/site-packages/airflow/example_dags/example_bash_decorator.py
[2024-05-27T20:55:01.756+0000] {processor.py:840} INFO - DAG(s) 'example_bash_decorator' retrieved from /home/airflow/.local/lib/python3.8/site-packages/airflow/example_dags/example_bash_decorator.py
[2024-05-27T20:55:01.784+0000] {logging_mixin.py:188} INFO - [2024-05-27T20:55:01.784+0000] {dag.py:3096} INFO - Sync 1 DAGs
[2024-05-27T20:55:01.799+0000] {logging_mixin.py:188} INFO - [2024-05-27T20:55:01.799+0000] {dag.py:3954} INFO - Setting next_dagrun for example_bash_decorator to None, run_after=None
[2024-05-27T20:55:01.821+0000] {processor.py:183} INFO - Processing /home/airflow/.local/lib/python3.8/site-packages/airflow/example_dags/example_bash_decorator.py took 0.086 seconds
[2024-05-27T20:57:19.374+0000] {processor.py:161} INFO - Started process (PID=84) to work on /home/airflow/.local/lib/python3.8/site-packages/airflow/example_dags/example_bash_decorator.py
[2024-05-27T20:57:19.376+0000] {processor.py:830} INFO - Processing file /home/airflow/.local/lib/python3.8/site-packages/airflow/example_dags/example_bash_decorator.py for tasks to queue
[2024-05-27T20:57:19.378+0000] {logging_mixin.py:188} INFO - [2024-05-27T20:57:19.378+0000] {dagbag.py:545} INFO - Filling up the DagBag from /home/airflow/.local/lib/python3.8/site-packages/airflow/example_dags/example_bash_decorator.py
[2024-05-27T20:57:19.393+0000] {processor.py:840} INFO - DAG(s) 'example_bash_decorator' retrieved from /home/airflow/.local/lib/python3.8/site-packages/airflow/example_dags/example_bash_decorator.py
[2024-05-27T20:57:19.408+0000] {logging_mixin.py:188} INFO - [2024-05-27T20:57:19.408+0000] {dag.py:3096} INFO - Sync 1 DAGs
[2024-05-27T20:57:19.425+0000] {logging_mixin.py:188} INFO - [2024-05-27T20:57:19.424+0000] {dag.py:3954} INFO - Setting next_dagrun for example_bash_decorator to None, run_after=None
[2024-05-27T20:57:19.448+0000] {processor.py:183} INFO - Processing /home/airflow/.local/lib/python3.8/site-packages/airflow/example_dags/example_bash_decorator.py took 0.082 seconds
[2024-05-27T20:57:50.371+0000] {processor.py:161} INFO - Started process (PID=163) to work on /home/airflow/.local/lib/python3.8/site-packages/airflow/example_dags/example_bash_decorator.py
[2024-05-27T20:57:50.372+0000] {processor.py:830} INFO - Processing file /home/airflow/.local/lib/python3.8/site-packages/airflow/example_dags/example_bash_decorator.py for tasks to queue
[2024-05-27T20:57:50.374+0000] {logging_mixin.py:188} INFO - [2024-05-27T20:57:50.374+0000] {dagbag.py:545} INFO - Filling up the DagBag from /home/airflow/.local/lib/python3.8/site-packages/airflow/example_dags/example_bash_decorator.py
[2024-05-27T20:57:50.388+0000] {processor.py:840} INFO - DAG(s) 'example_bash_decorator' retrieved from /home/airflow/.local/lib/python3.8/site-packages/airflow/example_dags/example_bash_decorator.py
[2024-05-27T20:57:50.509+0000] {logging_mixin.py:188} INFO - [2024-05-27T20:57:50.508+0000] {dag.py:3096} INFO - Sync 1 DAGs
[2024-05-27T20:57:50.524+0000] {logging_mixin.py:188} INFO - [2024-05-27T20:57:50.523+0000] {dag.py:3954} INFO - Setting next_dagrun for example_bash_decorator to None, run_after=None
[2024-05-27T20:57:50.547+0000] {processor.py:183} INFO - Processing /home/airflow/.local/lib/python3.8/site-packages/airflow/example_dags/example_bash_decorator.py took 0.182 seconds
[2024-05-27T20:58:20.700+0000] {processor.py:161} INFO - Started process (PID=234) to work on /home/airflow/.local/lib/python3.8/site-packages/airflow/example_dags/example_bash_decorator.py
[2024-05-27T20:58:20.701+0000] {processor.py:830} INFO - Processing file /home/airflow/.local/lib/python3.8/site-packages/airflow/example_dags/example_bash_decorator.py for tasks to queue
[2024-05-27T20:58:20.705+0000] {logging_mixin.py:188} INFO - [2024-05-27T20:58:20.704+0000] {dagbag.py:545} INFO - Filling up the DagBag from /home/airflow/.local/lib/python3.8/site-packages/airflow/example_dags/example_bash_decorator.py
[2024-05-27T20:58:20.731+0000] {processor.py:840} INFO - DAG(s) 'example_bash_decorator' retrieved from /home/airflow/.local/lib/python3.8/site-packages/airflow/example_dags/example_bash_decorator.py
[2024-05-27T20:58:20.789+0000] {logging_mixin.py:188} INFO - [2024-05-27T20:58:20.789+0000] {dag.py:3096} INFO - Sync 1 DAGs
[2024-05-27T20:58:20.828+0000] {logging_mixin.py:188} INFO - [2024-05-27T20:58:20.828+0000] {dag.py:3954} INFO - Setting next_dagrun for example_bash_decorator to None, run_after=None
[2024-05-27T20:58:20.875+0000] {processor.py:183} INFO - Processing /home/airflow/.local/lib/python3.8/site-packages/airflow/example_dags/example_bash_decorator.py took 0.185 seconds
[2024-05-27T20:58:51.583+0000] {processor.py:161} INFO - Started process (PID=304) to work on /home/airflow/.local/lib/python3.8/site-packages/airflow/example_dags/example_bash_decorator.py
[2024-05-27T20:58:51.584+0000] {processor.py:830} INFO - Processing file /home/airflow/.local/lib/python3.8/site-packages/airflow/example_dags/example_bash_decorator.py for tasks to queue
[2024-05-27T20:58:51.586+0000] {logging_mixin.py:188} INFO - [2024-05-27T20:58:51.586+0000] {dagbag.py:545} INFO - Filling up the DagBag from /home/airflow/.local/lib/python3.8/site-packages/airflow/example_dags/example_bash_decorator.py
[2024-05-27T20:58:51.599+0000] {processor.py:840} INFO - DAG(s) 'example_bash_decorator' retrieved from /home/airflow/.local/lib/python3.8/site-packages/airflow/example_dags/example_bash_decorator.py
[2024-05-27T20:58:51.624+0000] {logging_mixin.py:188} INFO - [2024-05-27T20:58:51.624+0000] {dag.py:3096} INFO - Sync 1 DAGs
[2024-05-27T20:58:51.637+0000] {logging_mixin.py:188} INFO - [2024-05-27T20:58:51.637+0000] {dag.py:3954} INFO - Setting next_dagrun for example_bash_decorator to None, run_after=None
[2024-05-27T20:58:51.665+0000] {processor.py:183} INFO - Processing /home/airflow/.local/lib/python3.8/site-packages/airflow/example_dags/example_bash_decorator.py took 0.088 seconds
[2024-05-27T20:59:21.957+0000] {processor.py:161} INFO - Started process (PID=382) to work on /home/airflow/.local/lib/python3.8/site-packages/airflow/example_dags/example_bash_decorator.py
[2024-05-27T20:59:21.958+0000] {processor.py:830} INFO - Processing file /home/airflow/.local/lib/python3.8/site-packages/airflow/example_dags/example_bash_decorator.py for tasks to queue
[2024-05-27T20:59:21.961+0000] {logging_mixin.py:188} INFO - [2024-05-27T20:59:21.960+0000] {dagbag.py:545} INFO - Filling up the DagBag from /home/airflow/.local/lib/python3.8/site-packages/airflow/example_dags/example_bash_decorator.py
[2024-05-27T20:59:21.975+0000] {processor.py:840} INFO - DAG(s) 'example_bash_decorator' retrieved from /home/airflow/.local/lib/python3.8/site-packages/airflow/example_dags/example_bash_decorator.py
[2024-05-27T20:59:22.004+0000] {logging_mixin.py:188} INFO - [2024-05-27T20:59:22.004+0000] {dag.py:3096} INFO - Sync 1 DAGs
[2024-05-27T20:59:22.018+0000] {logging_mixin.py:188} INFO - [2024-05-27T20:59:22.017+0000] {dag.py:3954} INFO - Setting next_dagrun for example_bash_decorator to None, run_after=None
[2024-05-27T20:59:22.038+0000] {processor.py:183} INFO - Processing /home/airflow/.local/lib/python3.8/site-packages/airflow/example_dags/example_bash_decorator.py took 0.088 seconds
[2024-05-27T20:59:52.506+0000] {processor.py:161} INFO - Started process (PID=452) to work on /home/airflow/.local/lib/python3.8/site-packages/airflow/example_dags/example_bash_decorator.py
[2024-05-27T20:59:52.508+0000] {processor.py:830} INFO - Processing file /home/airflow/.local/lib/python3.8/site-packages/airflow/example_dags/example_bash_decorator.py for tasks to queue
[2024-05-27T20:59:52.510+0000] {logging_mixin.py:188} INFO - [2024-05-27T20:59:52.510+0000] {dagbag.py:545} INFO - Filling up the DagBag from /home/airflow/.local/lib/python3.8/site-packages/airflow/example_dags/example_bash_decorator.py
[2024-05-27T20:59:52.542+0000] {processor.py:840} INFO - DAG(s) 'example_bash_decorator' retrieved from /home/airflow/.local/lib/python3.8/site-packages/airflow/example_dags/example_bash_decorator.py
[2024-05-27T20:59:52.584+0000] {logging_mixin.py:188} INFO - [2024-05-27T20:59:52.584+0000] {dag.py:3096} INFO - Sync 1 DAGs
[2024-05-27T20:59:52.603+0000] {logging_mixin.py:188} INFO - [2024-05-27T20:59:52.603+0000] {dag.py:3954} INFO - Setting next_dagrun for example_bash_decorator to None, run_after=None
[2024-05-27T20:59:52.623+0000] {processor.py:183} INFO - Processing /home/airflow/.local/lib/python3.8/site-packages/airflow/example_dags/example_bash_decorator.py took 0.130 seconds
[2024-05-27T21:00:23.000+0000] {processor.py:161} INFO - Started process (PID=522) to work on /home/airflow/.local/lib/python3.8/site-packages/airflow/example_dags/example_bash_decorator.py
[2024-05-27T21:00:23.001+0000] {processor.py:830} INFO - Processing file /home/airflow/.local/lib/python3.8/site-packages/airflow/example_dags/example_bash_decorator.py for tasks to queue
[2024-05-27T21:00:23.003+0000] {logging_mixin.py:188} INFO - [2024-05-27T21:00:23.003+0000] {dagbag.py:545} INFO - Filling up the DagBag from /home/airflow/.local/lib/python3.8/site-packages/airflow/example_dags/example_bash_decorator.py
[2024-05-27T21:00:23.017+0000] {processor.py:840} INFO - DAG(s) 'example_bash_decorator' retrieved from /home/airflow/.local/lib/python3.8/site-packages/airflow/example_dags/example_bash_decorator.py
[2024-05-27T21:00:23.043+0000] {logging_mixin.py:188} INFO - [2024-05-27T21:00:23.043+0000] {dag.py:3096} INFO - Sync 1 DAGs
[2024-05-27T21:00:23.056+0000] {logging_mixin.py:188} INFO - [2024-05-27T21:00:23.056+0000] {dag.py:3954} INFO - Setting next_dagrun for example_bash_decorator to None, run_after=None
[2024-05-27T21:00:23.079+0000] {processor.py:183} INFO - Processing /home/airflow/.local/lib/python3.8/site-packages/airflow/example_dags/example_bash_decorator.py took 0.087 seconds
[2024-05-27T21:00:53.413+0000] {processor.py:161} INFO - Started process (PID=600) to work on /home/airflow/.local/lib/python3.8/site-packages/airflow/example_dags/example_bash_decorator.py
[2024-05-27T21:00:53.414+0000] {processor.py:830} INFO - Processing file /home/airflow/.local/lib/python3.8/site-packages/airflow/example_dags/example_bash_decorator.py for tasks to queue
[2024-05-27T21:00:53.416+0000] {logging_mixin.py:188} INFO - [2024-05-27T21:00:53.416+0000] {dagbag.py:545} INFO - Filling up the DagBag from /home/airflow/.local/lib/python3.8/site-packages/airflow/example_dags/example_bash_decorator.py
[2024-05-27T21:00:53.432+0000] {processor.py:840} INFO - DAG(s) 'example_bash_decorator' retrieved from /home/airflow/.local/lib/python3.8/site-packages/airflow/example_dags/example_bash_decorator.py
[2024-05-27T21:00:53.458+0000] {logging_mixin.py:188} INFO - [2024-05-27T21:00:53.458+0000] {dag.py:3096} INFO - Sync 1 DAGs
[2024-05-27T21:00:53.473+0000] {logging_mixin.py:188} INFO - [2024-05-27T21:00:53.473+0000] {dag.py:3954} INFO - Setting next_dagrun for example_bash_decorator to None, run_after=None
[2024-05-27T21:00:53.498+0000] {processor.py:183} INFO - Processing /home/airflow/.local/lib/python3.8/site-packages/airflow/example_dags/example_bash_decorator.py took 0.092 seconds
[2024-05-27T21:01:24.100+0000] {processor.py:161} INFO - Started process (PID=670) to work on /home/airflow/.local/lib/python3.8/site-packages/airflow/example_dags/example_bash_decorator.py
[2024-05-27T21:01:24.102+0000] {processor.py:830} INFO - Processing file /home/airflow/.local/lib/python3.8/site-packages/airflow/example_dags/example_bash_decorator.py for tasks to queue
[2024-05-27T21:01:24.104+0000] {logging_mixin.py:188} INFO - [2024-05-27T21:01:24.104+0000] {dagbag.py:545} INFO - Filling up the DagBag from /home/airflow/.local/lib/python3.8/site-packages/airflow/example_dags/example_bash_decorator.py
[2024-05-27T21:01:24.120+0000] {processor.py:840} INFO - DAG(s) 'example_bash_decorator' retrieved from /home/airflow/.local/lib/python3.8/site-packages/airflow/example_dags/example_bash_decorator.py
[2024-05-27T21:01:24.149+0000] {logging_mixin.py:188} INFO - [2024-05-27T21:01:24.148+0000] {dag.py:3096} INFO - Sync 1 DAGs
[2024-05-27T21:01:24.163+0000] {logging_mixin.py:188} INFO - [2024-05-27T21:01:24.162+0000] {dag.py:3954} INFO - Setting next_dagrun for example_bash_decorator to None, run_after=None
[2024-05-27T21:01:24.186+0000] {processor.py:183} INFO - Processing /home/airflow/.local/lib/python3.8/site-packages/airflow/example_dags/example_bash_decorator.py took 0.093 seconds
[2024-05-27T21:01:55.268+0000] {processor.py:161} INFO - Started process (PID=747) to work on /home/airflow/.local/lib/python3.8/site-packages/airflow/example_dags/example_bash_decorator.py
[2024-05-27T21:01:55.274+0000] {processor.py:830} INFO - Processing file /home/airflow/.local/lib/python3.8/site-packages/airflow/example_dags/example_bash_decorator.py for tasks to queue
[2024-05-27T21:01:55.280+0000] {logging_mixin.py:188} INFO - [2024-05-27T21:01:55.278+0000] {dagbag.py:545} INFO - Filling up the DagBag from /home/airflow/.local/lib/python3.8/site-packages/airflow/example_dags/example_bash_decorator.py
[2024-05-27T21:01:55.306+0000] {processor.py:840} INFO - DAG(s) 'example_bash_decorator' retrieved from /home/airflow/.local/lib/python3.8/site-packages/airflow/example_dags/example_bash_decorator.py
[2024-05-27T21:01:55.345+0000] {logging_mixin.py:188} INFO - [2024-05-27T21:01:55.345+0000] {dag.py:3096} INFO - Sync 1 DAGs
[2024-05-27T21:01:55.369+0000] {logging_mixin.py:188} INFO - [2024-05-27T21:01:55.368+0000] {dag.py:3954} INFO - Setting next_dagrun for example_bash_decorator to None, run_after=None
[2024-05-27T21:01:55.403+0000] {processor.py:183} INFO - Processing /home/airflow/.local/lib/python3.8/site-packages/airflow/example_dags/example_bash_decorator.py took 0.146 seconds
[2024-05-27T21:06:50.694+0000] {processor.py:161} INFO - Started process (PID=100) to work on /home/airflow/.local/lib/python3.8/site-packages/airflow/example_dags/example_bash_decorator.py
[2024-05-27T21:06:50.705+0000] {processor.py:830} INFO - Processing file /home/airflow/.local/lib/python3.8/site-packages/airflow/example_dags/example_bash_decorator.py for tasks to queue
[2024-05-27T21:06:50.712+0000] {logging_mixin.py:188} INFO - [2024-05-27T21:06:50.711+0000] {dagbag.py:545} INFO - Filling up the DagBag from /home/airflow/.local/lib/python3.8/site-packages/airflow/example_dags/example_bash_decorator.py
[2024-05-27T21:06:50.783+0000] {processor.py:840} INFO - DAG(s) 'example_bash_decorator' retrieved from /home/airflow/.local/lib/python3.8/site-packages/airflow/example_dags/example_bash_decorator.py
[2024-05-27T21:06:51.149+0000] {logging_mixin.py:188} INFO - [2024-05-27T21:06:51.148+0000] {dag.py:3096} INFO - Sync 1 DAGs
[2024-05-27T21:06:51.190+0000] {logging_mixin.py:188} INFO - [2024-05-27T21:06:51.190+0000] {dag.py:3954} INFO - Setting next_dagrun for example_bash_decorator to None, run_after=None
[2024-05-27T21:06:51.254+0000] {processor.py:183} INFO - Processing /home/airflow/.local/lib/python3.8/site-packages/airflow/example_dags/example_bash_decorator.py took 0.594 seconds
[2024-05-27T21:07:21.361+0000] {processor.py:161} INFO - Started process (PID=162) to work on /home/airflow/.local/lib/python3.8/site-packages/airflow/example_dags/example_bash_decorator.py
[2024-05-27T21:07:21.363+0000] {processor.py:830} INFO - Processing file /home/airflow/.local/lib/python3.8/site-packages/airflow/example_dags/example_bash_decorator.py for tasks to queue
[2024-05-27T21:07:21.366+0000] {logging_mixin.py:188} INFO - [2024-05-27T21:07:21.366+0000] {dagbag.py:545} INFO - Filling up the DagBag from /home/airflow/.local/lib/python3.8/site-packages/airflow/example_dags/example_bash_decorator.py
[2024-05-27T21:07:21.385+0000] {processor.py:840} INFO - DAG(s) 'example_bash_decorator' retrieved from /home/airflow/.local/lib/python3.8/site-packages/airflow/example_dags/example_bash_decorator.py
[2024-05-27T21:07:21.421+0000] {logging_mixin.py:188} INFO - [2024-05-27T21:07:21.421+0000] {dag.py:3096} INFO - Sync 1 DAGs
[2024-05-27T21:07:21.440+0000] {logging_mixin.py:188} INFO - [2024-05-27T21:07:21.439+0000] {dag.py:3954} INFO - Setting next_dagrun for example_bash_decorator to None, run_after=None
[2024-05-27T21:07:21.467+0000] {processor.py:183} INFO - Processing /home/airflow/.local/lib/python3.8/site-packages/airflow/example_dags/example_bash_decorator.py took 0.114 seconds
[2024-05-27T21:07:51.874+0000] {processor.py:161} INFO - Started process (PID=232) to work on /home/airflow/.local/lib/python3.8/site-packages/airflow/example_dags/example_bash_decorator.py
[2024-05-27T21:07:51.878+0000] {processor.py:830} INFO - Processing file /home/airflow/.local/lib/python3.8/site-packages/airflow/example_dags/example_bash_decorator.py for tasks to queue
[2024-05-27T21:07:51.883+0000] {logging_mixin.py:188} INFO - [2024-05-27T21:07:51.882+0000] {dagbag.py:545} INFO - Filling up the DagBag from /home/airflow/.local/lib/python3.8/site-packages/airflow/example_dags/example_bash_decorator.py
[2024-05-27T21:07:51.915+0000] {processor.py:840} INFO - DAG(s) 'example_bash_decorator' retrieved from /home/airflow/.local/lib/python3.8/site-packages/airflow/example_dags/example_bash_decorator.py
[2024-05-27T21:07:51.956+0000] {logging_mixin.py:188} INFO - [2024-05-27T21:07:51.956+0000] {dag.py:3096} INFO - Sync 1 DAGs
[2024-05-27T21:07:51.977+0000] {logging_mixin.py:188} INFO - [2024-05-27T21:07:51.977+0000] {dag.py:3954} INFO - Setting next_dagrun for example_bash_decorator to None, run_after=None
[2024-05-27T21:07:52.011+0000] {processor.py:183} INFO - Processing /home/airflow/.local/lib/python3.8/site-packages/airflow/example_dags/example_bash_decorator.py took 0.150 seconds
[2024-05-27T21:08:22.194+0000] {processor.py:161} INFO - Started process (PID=302) to work on /home/airflow/.local/lib/python3.8/site-packages/airflow/example_dags/example_bash_decorator.py
[2024-05-27T21:08:22.196+0000] {processor.py:830} INFO - Processing file /home/airflow/.local/lib/python3.8/site-packages/airflow/example_dags/example_bash_decorator.py for tasks to queue
[2024-05-27T21:08:22.198+0000] {logging_mixin.py:188} INFO - [2024-05-27T21:08:22.198+0000] {dagbag.py:545} INFO - Filling up the DagBag from /home/airflow/.local/lib/python3.8/site-packages/airflow/example_dags/example_bash_decorator.py
[2024-05-27T21:08:22.219+0000] {processor.py:840} INFO - DAG(s) 'example_bash_decorator' retrieved from /home/airflow/.local/lib/python3.8/site-packages/airflow/example_dags/example_bash_decorator.py
[2024-05-27T21:08:22.251+0000] {logging_mixin.py:188} INFO - [2024-05-27T21:08:22.250+0000] {dag.py:3096} INFO - Sync 1 DAGs
[2024-05-27T21:08:22.268+0000] {logging_mixin.py:188} INFO - [2024-05-27T21:08:22.268+0000] {dag.py:3954} INFO - Setting next_dagrun for example_bash_decorator to None, run_after=None
[2024-05-27T21:08:22.304+0000] {processor.py:183} INFO - Processing /home/airflow/.local/lib/python3.8/site-packages/airflow/example_dags/example_bash_decorator.py took 0.124 seconds
[2024-05-27T21:08:52.896+0000] {processor.py:161} INFO - Started process (PID=372) to work on /home/airflow/.local/lib/python3.8/site-packages/airflow/example_dags/example_bash_decorator.py
[2024-05-27T21:08:52.900+0000] {processor.py:830} INFO - Processing file /home/airflow/.local/lib/python3.8/site-packages/airflow/example_dags/example_bash_decorator.py for tasks to queue
[2024-05-27T21:08:52.906+0000] {logging_mixin.py:188} INFO - [2024-05-27T21:08:52.906+0000] {dagbag.py:545} INFO - Filling up the DagBag from /home/airflow/.local/lib/python3.8/site-packages/airflow/example_dags/example_bash_decorator.py
[2024-05-27T21:08:52.936+0000] {processor.py:840} INFO - DAG(s) 'example_bash_decorator' retrieved from /home/airflow/.local/lib/python3.8/site-packages/airflow/example_dags/example_bash_decorator.py
[2024-05-27T21:08:52.978+0000] {logging_mixin.py:188} INFO - [2024-05-27T21:08:52.977+0000] {dag.py:3096} INFO - Sync 1 DAGs
[2024-05-27T21:08:52.994+0000] {logging_mixin.py:188} INFO - [2024-05-27T21:08:52.994+0000] {dag.py:3954} INFO - Setting next_dagrun for example_bash_decorator to None, run_after=None
[2024-05-27T21:08:53.021+0000] {processor.py:183} INFO - Processing /home/airflow/.local/lib/python3.8/site-packages/airflow/example_dags/example_bash_decorator.py took 0.139 seconds
[2024-05-27T21:09:23.667+0000] {processor.py:161} INFO - Started process (PID=443) to work on /home/airflow/.local/lib/python3.8/site-packages/airflow/example_dags/example_bash_decorator.py
[2024-05-27T21:09:23.669+0000] {processor.py:830} INFO - Processing file /home/airflow/.local/lib/python3.8/site-packages/airflow/example_dags/example_bash_decorator.py for tasks to queue
[2024-05-27T21:09:23.672+0000] {logging_mixin.py:188} INFO - [2024-05-27T21:09:23.671+0000] {dagbag.py:545} INFO - Filling up the DagBag from /home/airflow/.local/lib/python3.8/site-packages/airflow/example_dags/example_bash_decorator.py
[2024-05-27T21:09:23.696+0000] {processor.py:840} INFO - DAG(s) 'example_bash_decorator' retrieved from /home/airflow/.local/lib/python3.8/site-packages/airflow/example_dags/example_bash_decorator.py
[2024-05-27T21:09:23.738+0000] {logging_mixin.py:188} INFO - [2024-05-27T21:09:23.737+0000] {dag.py:3096} INFO - Sync 1 DAGs
[2024-05-27T21:09:23.755+0000] {logging_mixin.py:188} INFO - [2024-05-27T21:09:23.754+0000] {dag.py:3954} INFO - Setting next_dagrun for example_bash_decorator to None, run_after=None
[2024-05-27T21:09:23.789+0000] {processor.py:183} INFO - Processing /home/airflow/.local/lib/python3.8/site-packages/airflow/example_dags/example_bash_decorator.py took 0.133 seconds
[2024-05-27T21:09:54.243+0000] {processor.py:161} INFO - Started process (PID=512) to work on /home/airflow/.local/lib/python3.8/site-packages/airflow/example_dags/example_bash_decorator.py
[2024-05-27T21:09:54.245+0000] {processor.py:830} INFO - Processing file /home/airflow/.local/lib/python3.8/site-packages/airflow/example_dags/example_bash_decorator.py for tasks to queue
[2024-05-27T21:09:54.248+0000] {logging_mixin.py:188} INFO - [2024-05-27T21:09:54.247+0000] {dagbag.py:545} INFO - Filling up the DagBag from /home/airflow/.local/lib/python3.8/site-packages/airflow/example_dags/example_bash_decorator.py
[2024-05-27T21:09:54.277+0000] {processor.py:840} INFO - DAG(s) 'example_bash_decorator' retrieved from /home/airflow/.local/lib/python3.8/site-packages/airflow/example_dags/example_bash_decorator.py
[2024-05-27T21:09:54.319+0000] {logging_mixin.py:188} INFO - [2024-05-27T21:09:54.319+0000] {dag.py:3096} INFO - Sync 1 DAGs
[2024-05-27T21:09:54.337+0000] {logging_mixin.py:188} INFO - [2024-05-27T21:09:54.336+0000] {dag.py:3954} INFO - Setting next_dagrun for example_bash_decorator to None, run_after=None
[2024-05-27T21:09:54.378+0000] {processor.py:183} INFO - Processing /home/airflow/.local/lib/python3.8/site-packages/airflow/example_dags/example_bash_decorator.py took 0.146 seconds
[2024-05-27T21:10:26.069+0000] {processor.py:161} INFO - Started process (PID=582) to work on /home/airflow/.local/lib/python3.8/site-packages/airflow/example_dags/example_bash_decorator.py
[2024-05-27T21:10:26.071+0000] {processor.py:830} INFO - Processing file /home/airflow/.local/lib/python3.8/site-packages/airflow/example_dags/example_bash_decorator.py for tasks to queue
[2024-05-27T21:10:26.074+0000] {logging_mixin.py:188} INFO - [2024-05-27T21:10:26.074+0000] {dagbag.py:545} INFO - Filling up the DagBag from /home/airflow/.local/lib/python3.8/site-packages/airflow/example_dags/example_bash_decorator.py
[2024-05-27T21:10:26.105+0000] {processor.py:840} INFO - DAG(s) 'example_bash_decorator' retrieved from /home/airflow/.local/lib/python3.8/site-packages/airflow/example_dags/example_bash_decorator.py
[2024-05-27T21:10:26.182+0000] {logging_mixin.py:188} INFO - [2024-05-27T21:10:26.182+0000] {dag.py:3096} INFO - Sync 1 DAGs
[2024-05-27T21:10:26.228+0000] {logging_mixin.py:188} INFO - [2024-05-27T21:10:26.227+0000] {dag.py:3954} INFO - Setting next_dagrun for example_bash_decorator to None, run_after=None
[2024-05-27T21:10:26.286+0000] {processor.py:183} INFO - Processing /home/airflow/.local/lib/python3.8/site-packages/airflow/example_dags/example_bash_decorator.py took 0.235 seconds
[2024-05-27T21:10:56.391+0000] {processor.py:161} INFO - Started process (PID=652) to work on /home/airflow/.local/lib/python3.8/site-packages/airflow/example_dags/example_bash_decorator.py
[2024-05-27T21:10:56.393+0000] {processor.py:830} INFO - Processing file /home/airflow/.local/lib/python3.8/site-packages/airflow/example_dags/example_bash_decorator.py for tasks to queue
[2024-05-27T21:10:56.397+0000] {logging_mixin.py:188} INFO - [2024-05-27T21:10:56.397+0000] {dagbag.py:545} INFO - Filling up the DagBag from /home/airflow/.local/lib/python3.8/site-packages/airflow/example_dags/example_bash_decorator.py
[2024-05-27T21:10:56.415+0000] {processor.py:840} INFO - DAG(s) 'example_bash_decorator' retrieved from /home/airflow/.local/lib/python3.8/site-packages/airflow/example_dags/example_bash_decorator.py
[2024-05-27T21:10:56.455+0000] {logging_mixin.py:188} INFO - [2024-05-27T21:10:56.454+0000] {dag.py:3096} INFO - Sync 1 DAGs
[2024-05-27T21:10:56.469+0000] {logging_mixin.py:188} INFO - [2024-05-27T21:10:56.469+0000] {dag.py:3954} INFO - Setting next_dagrun for example_bash_decorator to None, run_after=None
[2024-05-27T21:10:56.501+0000] {processor.py:183} INFO - Processing /home/airflow/.local/lib/python3.8/site-packages/airflow/example_dags/example_bash_decorator.py took 0.120 seconds
[2024-05-27T21:11:26.867+0000] {processor.py:161} INFO - Started process (PID=722) to work on /home/airflow/.local/lib/python3.8/site-packages/airflow/example_dags/example_bash_decorator.py
[2024-05-27T21:11:26.869+0000] {processor.py:830} INFO - Processing file /home/airflow/.local/lib/python3.8/site-packages/airflow/example_dags/example_bash_decorator.py for tasks to queue
[2024-05-27T21:11:26.873+0000] {logging_mixin.py:188} INFO - [2024-05-27T21:11:26.872+0000] {dagbag.py:545} INFO - Filling up the DagBag from /home/airflow/.local/lib/python3.8/site-packages/airflow/example_dags/example_bash_decorator.py
[2024-05-27T21:11:26.889+0000] {processor.py:840} INFO - DAG(s) 'example_bash_decorator' retrieved from /home/airflow/.local/lib/python3.8/site-packages/airflow/example_dags/example_bash_decorator.py
[2024-05-27T21:11:26.922+0000] {logging_mixin.py:188} INFO - [2024-05-27T21:11:26.922+0000] {dag.py:3096} INFO - Sync 1 DAGs
[2024-05-27T21:11:26.940+0000] {logging_mixin.py:188} INFO - [2024-05-27T21:11:26.940+0000] {dag.py:3954} INFO - Setting next_dagrun for example_bash_decorator to None, run_after=None
[2024-05-27T21:11:26.972+0000] {processor.py:183} INFO - Processing /home/airflow/.local/lib/python3.8/site-packages/airflow/example_dags/example_bash_decorator.py took 0.112 seconds
[2024-05-27T21:11:57.399+0000] {processor.py:161} INFO - Started process (PID=791) to work on /home/airflow/.local/lib/python3.8/site-packages/airflow/example_dags/example_bash_decorator.py
[2024-05-27T21:11:57.401+0000] {processor.py:830} INFO - Processing file /home/airflow/.local/lib/python3.8/site-packages/airflow/example_dags/example_bash_decorator.py for tasks to queue
[2024-05-27T21:11:57.409+0000] {logging_mixin.py:188} INFO - [2024-05-27T21:11:57.409+0000] {dagbag.py:545} INFO - Filling up the DagBag from /home/airflow/.local/lib/python3.8/site-packages/airflow/example_dags/example_bash_decorator.py
[2024-05-27T21:11:57.427+0000] {processor.py:840} INFO - DAG(s) 'example_bash_decorator' retrieved from /home/airflow/.local/lib/python3.8/site-packages/airflow/example_dags/example_bash_decorator.py
[2024-05-27T21:11:57.462+0000] {logging_mixin.py:188} INFO - [2024-05-27T21:11:57.462+0000] {dag.py:3096} INFO - Sync 1 DAGs
[2024-05-27T21:11:57.482+0000] {logging_mixin.py:188} INFO - [2024-05-27T21:11:57.481+0000] {dag.py:3954} INFO - Setting next_dagrun for example_bash_decorator to None, run_after=None
[2024-05-27T21:11:57.526+0000] {processor.py:183} INFO - Processing /home/airflow/.local/lib/python3.8/site-packages/airflow/example_dags/example_bash_decorator.py took 0.142 seconds
[2024-05-27T21:12:28.093+0000] {processor.py:161} INFO - Started process (PID=862) to work on /home/airflow/.local/lib/python3.8/site-packages/airflow/example_dags/example_bash_decorator.py
[2024-05-27T21:12:28.094+0000] {processor.py:830} INFO - Processing file /home/airflow/.local/lib/python3.8/site-packages/airflow/example_dags/example_bash_decorator.py for tasks to queue
[2024-05-27T21:12:28.096+0000] {logging_mixin.py:188} INFO - [2024-05-27T21:12:28.095+0000] {dagbag.py:545} INFO - Filling up the DagBag from /home/airflow/.local/lib/python3.8/site-packages/airflow/example_dags/example_bash_decorator.py
[2024-05-27T21:12:28.108+0000] {processor.py:840} INFO - DAG(s) 'example_bash_decorator' retrieved from /home/airflow/.local/lib/python3.8/site-packages/airflow/example_dags/example_bash_decorator.py
[2024-05-27T21:12:28.136+0000] {logging_mixin.py:188} INFO - [2024-05-27T21:12:28.136+0000] {dag.py:3096} INFO - Sync 1 DAGs
[2024-05-27T21:12:28.152+0000] {logging_mixin.py:188} INFO - [2024-05-27T21:12:28.152+0000] {dag.py:3954} INFO - Setting next_dagrun for example_bash_decorator to None, run_after=None
[2024-05-27T21:12:28.171+0000] {processor.py:183} INFO - Processing /home/airflow/.local/lib/python3.8/site-packages/airflow/example_dags/example_bash_decorator.py took 0.084 seconds
[2024-05-27T21:12:59.057+0000] {processor.py:161} INFO - Started process (PID=940) to work on /home/airflow/.local/lib/python3.8/site-packages/airflow/example_dags/example_bash_decorator.py
[2024-05-27T21:12:59.059+0000] {processor.py:830} INFO - Processing file /home/airflow/.local/lib/python3.8/site-packages/airflow/example_dags/example_bash_decorator.py for tasks to queue
[2024-05-27T21:12:59.062+0000] {logging_mixin.py:188} INFO - [2024-05-27T21:12:59.062+0000] {dagbag.py:545} INFO - Filling up the DagBag from /home/airflow/.local/lib/python3.8/site-packages/airflow/example_dags/example_bash_decorator.py
[2024-05-27T21:12:59.084+0000] {processor.py:840} INFO - DAG(s) 'example_bash_decorator' retrieved from /home/airflow/.local/lib/python3.8/site-packages/airflow/example_dags/example_bash_decorator.py
[2024-05-27T21:12:59.118+0000] {logging_mixin.py:188} INFO - [2024-05-27T21:12:59.118+0000] {dag.py:3096} INFO - Sync 1 DAGs
[2024-05-27T21:12:59.132+0000] {logging_mixin.py:188} INFO - [2024-05-27T21:12:59.132+0000] {dag.py:3954} INFO - Setting next_dagrun for example_bash_decorator to None, run_after=None
[2024-05-27T21:12:59.153+0000] {processor.py:183} INFO - Processing /home/airflow/.local/lib/python3.8/site-packages/airflow/example_dags/example_bash_decorator.py took 0.106 seconds
[2024-05-27T21:13:29.431+0000] {processor.py:161} INFO - Started process (PID=1010) to work on /home/airflow/.local/lib/python3.8/site-packages/airflow/example_dags/example_bash_decorator.py
[2024-05-27T21:13:29.433+0000] {processor.py:830} INFO - Processing file /home/airflow/.local/lib/python3.8/site-packages/airflow/example_dags/example_bash_decorator.py for tasks to queue
[2024-05-27T21:13:29.435+0000] {logging_mixin.py:188} INFO - [2024-05-27T21:13:29.435+0000] {dagbag.py:545} INFO - Filling up the DagBag from /home/airflow/.local/lib/python3.8/site-packages/airflow/example_dags/example_bash_decorator.py
[2024-05-27T21:13:29.448+0000] {processor.py:840} INFO - DAG(s) 'example_bash_decorator' retrieved from /home/airflow/.local/lib/python3.8/site-packages/airflow/example_dags/example_bash_decorator.py
[2024-05-27T21:13:29.472+0000] {logging_mixin.py:188} INFO - [2024-05-27T21:13:29.472+0000] {dag.py:3096} INFO - Sync 1 DAGs
[2024-05-27T21:13:29.484+0000] {logging_mixin.py:188} INFO - [2024-05-27T21:13:29.484+0000] {dag.py:3954} INFO - Setting next_dagrun for example_bash_decorator to None, run_after=None
[2024-05-27T21:13:29.529+0000] {processor.py:183} INFO - Processing /home/airflow/.local/lib/python3.8/site-packages/airflow/example_dags/example_bash_decorator.py took 0.106 seconds
[2024-05-27T21:13:59.923+0000] {processor.py:161} INFO - Started process (PID=1079) to work on /home/airflow/.local/lib/python3.8/site-packages/airflow/example_dags/example_bash_decorator.py
[2024-05-27T21:13:59.925+0000] {processor.py:830} INFO - Processing file /home/airflow/.local/lib/python3.8/site-packages/airflow/example_dags/example_bash_decorator.py for tasks to queue
[2024-05-27T21:13:59.926+0000] {logging_mixin.py:188} INFO - [2024-05-27T21:13:59.926+0000] {dagbag.py:545} INFO - Filling up the DagBag from /home/airflow/.local/lib/python3.8/site-packages/airflow/example_dags/example_bash_decorator.py
[2024-05-27T21:13:59.940+0000] {processor.py:840} INFO - DAG(s) 'example_bash_decorator' retrieved from /home/airflow/.local/lib/python3.8/site-packages/airflow/example_dags/example_bash_decorator.py
[2024-05-27T21:13:59.965+0000] {logging_mixin.py:188} INFO - [2024-05-27T21:13:59.965+0000] {dag.py:3096} INFO - Sync 1 DAGs
[2024-05-27T21:13:59.976+0000] {logging_mixin.py:188} INFO - [2024-05-27T21:13:59.976+0000] {dag.py:3954} INFO - Setting next_dagrun for example_bash_decorator to None, run_after=None
[2024-05-27T21:13:59.998+0000] {processor.py:183} INFO - Processing /home/airflow/.local/lib/python3.8/site-packages/airflow/example_dags/example_bash_decorator.py took 0.080 seconds
[2024-05-27T21:14:30.541+0000] {processor.py:161} INFO - Started process (PID=1157) to work on /home/airflow/.local/lib/python3.8/site-packages/airflow/example_dags/example_bash_decorator.py
[2024-05-27T21:14:30.542+0000] {processor.py:830} INFO - Processing file /home/airflow/.local/lib/python3.8/site-packages/airflow/example_dags/example_bash_decorator.py for tasks to queue
[2024-05-27T21:14:30.545+0000] {logging_mixin.py:188} INFO - [2024-05-27T21:14:30.544+0000] {dagbag.py:545} INFO - Filling up the DagBag from /home/airflow/.local/lib/python3.8/site-packages/airflow/example_dags/example_bash_decorator.py
[2024-05-27T21:14:30.560+0000] {processor.py:840} INFO - DAG(s) 'example_bash_decorator' retrieved from /home/airflow/.local/lib/python3.8/site-packages/airflow/example_dags/example_bash_decorator.py
[2024-05-27T21:14:30.590+0000] {logging_mixin.py:188} INFO - [2024-05-27T21:14:30.589+0000] {dag.py:3096} INFO - Sync 1 DAGs
[2024-05-27T21:14:30.605+0000] {logging_mixin.py:188} INFO - [2024-05-27T21:14:30.605+0000] {dag.py:3954} INFO - Setting next_dagrun for example_bash_decorator to None, run_after=None
[2024-05-27T21:14:30.629+0000] {processor.py:183} INFO - Processing /home/airflow/.local/lib/python3.8/site-packages/airflow/example_dags/example_bash_decorator.py took 0.095 seconds
[2024-05-27T21:15:01.437+0000] {processor.py:161} INFO - Started process (PID=1228) to work on /home/airflow/.local/lib/python3.8/site-packages/airflow/example_dags/example_bash_decorator.py
[2024-05-27T21:15:01.439+0000] {processor.py:830} INFO - Processing file /home/airflow/.local/lib/python3.8/site-packages/airflow/example_dags/example_bash_decorator.py for tasks to queue
[2024-05-27T21:15:01.440+0000] {logging_mixin.py:188} INFO - [2024-05-27T21:15:01.440+0000] {dagbag.py:545} INFO - Filling up the DagBag from /home/airflow/.local/lib/python3.8/site-packages/airflow/example_dags/example_bash_decorator.py
[2024-05-27T21:15:01.454+0000] {processor.py:840} INFO - DAG(s) 'example_bash_decorator' retrieved from /home/airflow/.local/lib/python3.8/site-packages/airflow/example_dags/example_bash_decorator.py
[2024-05-27T21:15:01.481+0000] {logging_mixin.py:188} INFO - [2024-05-27T21:15:01.480+0000] {dag.py:3096} INFO - Sync 1 DAGs
[2024-05-27T21:15:01.498+0000] {logging_mixin.py:188} INFO - [2024-05-27T21:15:01.497+0000] {dag.py:3954} INFO - Setting next_dagrun for example_bash_decorator to None, run_after=None
[2024-05-27T21:15:01.524+0000] {processor.py:183} INFO - Processing /home/airflow/.local/lib/python3.8/site-packages/airflow/example_dags/example_bash_decorator.py took 0.094 seconds
[2024-05-27T21:15:32.185+0000] {processor.py:161} INFO - Started process (PID=1306) to work on /home/airflow/.local/lib/python3.8/site-packages/airflow/example_dags/example_bash_decorator.py
[2024-05-27T21:15:32.187+0000] {processor.py:830} INFO - Processing file /home/airflow/.local/lib/python3.8/site-packages/airflow/example_dags/example_bash_decorator.py for tasks to queue
[2024-05-27T21:15:32.189+0000] {logging_mixin.py:188} INFO - [2024-05-27T21:15:32.189+0000] {dagbag.py:545} INFO - Filling up the DagBag from /home/airflow/.local/lib/python3.8/site-packages/airflow/example_dags/example_bash_decorator.py
[2024-05-27T21:15:32.207+0000] {processor.py:840} INFO - DAG(s) 'example_bash_decorator' retrieved from /home/airflow/.local/lib/python3.8/site-packages/airflow/example_dags/example_bash_decorator.py
[2024-05-27T21:15:32.235+0000] {logging_mixin.py:188} INFO - [2024-05-27T21:15:32.235+0000] {dag.py:3096} INFO - Sync 1 DAGs
[2024-05-27T21:15:32.250+0000] {logging_mixin.py:188} INFO - [2024-05-27T21:15:32.250+0000] {dag.py:3954} INFO - Setting next_dagrun for example_bash_decorator to None, run_after=None
[2024-05-27T21:15:32.273+0000] {processor.py:183} INFO - Processing /home/airflow/.local/lib/python3.8/site-packages/airflow/example_dags/example_bash_decorator.py took 0.096 seconds
[2024-05-27T21:16:02.626+0000] {processor.py:161} INFO - Started process (PID=1376) to work on /home/airflow/.local/lib/python3.8/site-packages/airflow/example_dags/example_bash_decorator.py
[2024-05-27T21:16:02.627+0000] {processor.py:830} INFO - Processing file /home/airflow/.local/lib/python3.8/site-packages/airflow/example_dags/example_bash_decorator.py for tasks to queue
[2024-05-27T21:16:02.629+0000] {logging_mixin.py:188} INFO - [2024-05-27T21:16:02.629+0000] {dagbag.py:545} INFO - Filling up the DagBag from /home/airflow/.local/lib/python3.8/site-packages/airflow/example_dags/example_bash_decorator.py
[2024-05-27T21:16:02.644+0000] {processor.py:840} INFO - DAG(s) 'example_bash_decorator' retrieved from /home/airflow/.local/lib/python3.8/site-packages/airflow/example_dags/example_bash_decorator.py
[2024-05-27T21:16:02.670+0000] {logging_mixin.py:188} INFO - [2024-05-27T21:16:02.670+0000] {dag.py:3096} INFO - Sync 1 DAGs
[2024-05-27T21:16:02.685+0000] {logging_mixin.py:188} INFO - [2024-05-27T21:16:02.685+0000] {dag.py:3954} INFO - Setting next_dagrun for example_bash_decorator to None, run_after=None
[2024-05-27T21:16:02.711+0000] {processor.py:183} INFO - Processing /home/airflow/.local/lib/python3.8/site-packages/airflow/example_dags/example_bash_decorator.py took 0.094 seconds
[2024-05-27T21:16:33.180+0000] {processor.py:161} INFO - Started process (PID=1448) to work on /home/airflow/.local/lib/python3.8/site-packages/airflow/example_dags/example_bash_decorator.py
[2024-05-27T21:16:33.182+0000] {processor.py:830} INFO - Processing file /home/airflow/.local/lib/python3.8/site-packages/airflow/example_dags/example_bash_decorator.py for tasks to queue
[2024-05-27T21:16:33.184+0000] {logging_mixin.py:188} INFO - [2024-05-27T21:16:33.184+0000] {dagbag.py:545} INFO - Filling up the DagBag from /home/airflow/.local/lib/python3.8/site-packages/airflow/example_dags/example_bash_decorator.py
[2024-05-27T21:16:33.198+0000] {processor.py:840} INFO - DAG(s) 'example_bash_decorator' retrieved from /home/airflow/.local/lib/python3.8/site-packages/airflow/example_dags/example_bash_decorator.py
[2024-05-27T21:16:33.224+0000] {logging_mixin.py:188} INFO - [2024-05-27T21:16:33.223+0000] {dag.py:3096} INFO - Sync 1 DAGs
[2024-05-27T21:16:33.236+0000] {logging_mixin.py:188} INFO - [2024-05-27T21:16:33.236+0000] {dag.py:3954} INFO - Setting next_dagrun for example_bash_decorator to None, run_after=None
[2024-05-27T21:16:33.261+0000] {processor.py:183} INFO - Processing /home/airflow/.local/lib/python3.8/site-packages/airflow/example_dags/example_bash_decorator.py took 0.089 seconds
[2024-05-27T21:17:03.898+0000] {processor.py:161} INFO - Started process (PID=1526) to work on /home/airflow/.local/lib/python3.8/site-packages/airflow/example_dags/example_bash_decorator.py
[2024-05-27T21:17:03.899+0000] {processor.py:830} INFO - Processing file /home/airflow/.local/lib/python3.8/site-packages/airflow/example_dags/example_bash_decorator.py for tasks to queue
[2024-05-27T21:17:03.901+0000] {logging_mixin.py:188} INFO - [2024-05-27T21:17:03.901+0000] {dagbag.py:545} INFO - Filling up the DagBag from /home/airflow/.local/lib/python3.8/site-packages/airflow/example_dags/example_bash_decorator.py
[2024-05-27T21:17:03.913+0000] {processor.py:840} INFO - DAG(s) 'example_bash_decorator' retrieved from /home/airflow/.local/lib/python3.8/site-packages/airflow/example_dags/example_bash_decorator.py
[2024-05-27T21:17:03.935+0000] {logging_mixin.py:188} INFO - [2024-05-27T21:17:03.935+0000] {dag.py:3096} INFO - Sync 1 DAGs
[2024-05-27T21:17:03.947+0000] {logging_mixin.py:188} INFO - [2024-05-27T21:17:03.947+0000] {dag.py:3954} INFO - Setting next_dagrun for example_bash_decorator to None, run_after=None
[2024-05-27T21:17:03.970+0000] {processor.py:183} INFO - Processing /home/airflow/.local/lib/python3.8/site-packages/airflow/example_dags/example_bash_decorator.py took 0.079 seconds
[2024-05-27T21:17:34.042+0000] {processor.py:161} INFO - Started process (PID=1596) to work on /home/airflow/.local/lib/python3.8/site-packages/airflow/example_dags/example_bash_decorator.py
[2024-05-27T21:17:34.043+0000] {processor.py:830} INFO - Processing file /home/airflow/.local/lib/python3.8/site-packages/airflow/example_dags/example_bash_decorator.py for tasks to queue
[2024-05-27T21:17:34.046+0000] {logging_mixin.py:188} INFO - [2024-05-27T21:17:34.045+0000] {dagbag.py:545} INFO - Filling up the DagBag from /home/airflow/.local/lib/python3.8/site-packages/airflow/example_dags/example_bash_decorator.py
[2024-05-27T21:17:34.058+0000] {processor.py:840} INFO - DAG(s) 'example_bash_decorator' retrieved from /home/airflow/.local/lib/python3.8/site-packages/airflow/example_dags/example_bash_decorator.py
[2024-05-27T21:17:34.080+0000] {logging_mixin.py:188} INFO - [2024-05-27T21:17:34.080+0000] {dag.py:3096} INFO - Sync 1 DAGs
[2024-05-27T21:17:34.091+0000] {logging_mixin.py:188} INFO - [2024-05-27T21:17:34.090+0000] {dag.py:3954} INFO - Setting next_dagrun for example_bash_decorator to None, run_after=None
[2024-05-27T21:17:34.109+0000] {processor.py:183} INFO - Processing /home/airflow/.local/lib/python3.8/site-packages/airflow/example_dags/example_bash_decorator.py took 0.074 seconds
[2024-05-27T21:18:13.700+0000] {processor.py:161} INFO - Started process (PID=1673) to work on /home/airflow/.local/lib/python3.8/site-packages/airflow/example_dags/example_bash_decorator.py
[2024-05-27T21:18:13.703+0000] {processor.py:830} INFO - Processing file /home/airflow/.local/lib/python3.8/site-packages/airflow/example_dags/example_bash_decorator.py for tasks to queue
[2024-05-27T21:18:13.707+0000] {logging_mixin.py:188} INFO - [2024-05-27T21:18:13.706+0000] {dagbag.py:545} INFO - Filling up the DagBag from /home/airflow/.local/lib/python3.8/site-packages/airflow/example_dags/example_bash_decorator.py
[2024-05-27T21:18:13.733+0000] {processor.py:840} INFO - DAG(s) 'example_bash_decorator' retrieved from /home/airflow/.local/lib/python3.8/site-packages/airflow/example_dags/example_bash_decorator.py
[2024-05-27T21:18:13.778+0000] {logging_mixin.py:188} INFO - [2024-05-27T21:18:13.778+0000] {dag.py:3096} INFO - Sync 1 DAGs
[2024-05-27T21:18:13.800+0000] {logging_mixin.py:188} INFO - [2024-05-27T21:18:13.799+0000] {dag.py:3954} INFO - Setting next_dagrun for example_bash_decorator to None, run_after=None
[2024-05-27T21:18:13.834+0000] {processor.py:183} INFO - Processing /home/airflow/.local/lib/python3.8/site-packages/airflow/example_dags/example_bash_decorator.py took 0.145 seconds
[2024-05-27T21:18:43.897+0000] {processor.py:161} INFO - Started process (PID=1745) to work on /home/airflow/.local/lib/python3.8/site-packages/airflow/example_dags/example_bash_decorator.py
[2024-05-27T21:18:43.898+0000] {processor.py:830} INFO - Processing file /home/airflow/.local/lib/python3.8/site-packages/airflow/example_dags/example_bash_decorator.py for tasks to queue
[2024-05-27T21:18:43.900+0000] {logging_mixin.py:188} INFO - [2024-05-27T21:18:43.900+0000] {dagbag.py:545} INFO - Filling up the DagBag from /home/airflow/.local/lib/python3.8/site-packages/airflow/example_dags/example_bash_decorator.py
[2024-05-27T21:18:43.916+0000] {processor.py:840} INFO - DAG(s) 'example_bash_decorator' retrieved from /home/airflow/.local/lib/python3.8/site-packages/airflow/example_dags/example_bash_decorator.py
[2024-05-27T21:18:43.949+0000] {logging_mixin.py:188} INFO - [2024-05-27T21:18:43.948+0000] {dag.py:3096} INFO - Sync 1 DAGs
[2024-05-27T21:18:43.967+0000] {logging_mixin.py:188} INFO - [2024-05-27T21:18:43.967+0000] {dag.py:3954} INFO - Setting next_dagrun for example_bash_decorator to None, run_after=None
[2024-05-27T21:18:43.993+0000] {processor.py:183} INFO - Processing /home/airflow/.local/lib/python3.8/site-packages/airflow/example_dags/example_bash_decorator.py took 0.103 seconds
[2024-05-27T21:19:14.735+0000] {processor.py:161} INFO - Started process (PID=1815) to work on /home/airflow/.local/lib/python3.8/site-packages/airflow/example_dags/example_bash_decorator.py
[2024-05-27T21:19:14.737+0000] {processor.py:830} INFO - Processing file /home/airflow/.local/lib/python3.8/site-packages/airflow/example_dags/example_bash_decorator.py for tasks to queue
[2024-05-27T21:19:14.741+0000] {logging_mixin.py:188} INFO - [2024-05-27T21:19:14.740+0000] {dagbag.py:545} INFO - Filling up the DagBag from /home/airflow/.local/lib/python3.8/site-packages/airflow/example_dags/example_bash_decorator.py
[2024-05-27T21:19:14.754+0000] {processor.py:840} INFO - DAG(s) 'example_bash_decorator' retrieved from /home/airflow/.local/lib/python3.8/site-packages/airflow/example_dags/example_bash_decorator.py
[2024-05-27T21:19:14.785+0000] {logging_mixin.py:188} INFO - [2024-05-27T21:19:14.784+0000] {dag.py:3096} INFO - Sync 1 DAGs
[2024-05-27T21:19:14.801+0000] {logging_mixin.py:188} INFO - [2024-05-27T21:19:14.801+0000] {dag.py:3954} INFO - Setting next_dagrun for example_bash_decorator to None, run_after=None
[2024-05-27T21:19:14.829+0000] {processor.py:183} INFO - Processing /home/airflow/.local/lib/python3.8/site-packages/airflow/example_dags/example_bash_decorator.py took 0.101 seconds
[2024-05-27T21:19:45.510+0000] {processor.py:161} INFO - Started process (PID=1885) to work on /home/airflow/.local/lib/python3.8/site-packages/airflow/example_dags/example_bash_decorator.py
[2024-05-27T21:19:45.511+0000] {processor.py:830} INFO - Processing file /home/airflow/.local/lib/python3.8/site-packages/airflow/example_dags/example_bash_decorator.py for tasks to queue
[2024-05-27T21:19:45.513+0000] {logging_mixin.py:188} INFO - [2024-05-27T21:19:45.513+0000] {dagbag.py:545} INFO - Filling up the DagBag from /home/airflow/.local/lib/python3.8/site-packages/airflow/example_dags/example_bash_decorator.py
[2024-05-27T21:19:45.528+0000] {processor.py:840} INFO - DAG(s) 'example_bash_decorator' retrieved from /home/airflow/.local/lib/python3.8/site-packages/airflow/example_dags/example_bash_decorator.py
[2024-05-27T21:19:45.557+0000] {logging_mixin.py:188} INFO - [2024-05-27T21:19:45.557+0000] {dag.py:3096} INFO - Sync 1 DAGs
[2024-05-27T21:19:45.574+0000] {logging_mixin.py:188} INFO - [2024-05-27T21:19:45.574+0000] {dag.py:3954} INFO - Setting next_dagrun for example_bash_decorator to None, run_after=None
[2024-05-27T21:19:45.596+0000] {processor.py:183} INFO - Processing /home/airflow/.local/lib/python3.8/site-packages/airflow/example_dags/example_bash_decorator.py took 0.093 seconds
[2024-05-27T21:20:16.364+0000] {processor.py:161} INFO - Started process (PID=1963) to work on /home/airflow/.local/lib/python3.8/site-packages/airflow/example_dags/example_bash_decorator.py
[2024-05-27T21:20:16.365+0000] {processor.py:830} INFO - Processing file /home/airflow/.local/lib/python3.8/site-packages/airflow/example_dags/example_bash_decorator.py for tasks to queue
[2024-05-27T21:20:16.369+0000] {logging_mixin.py:188} INFO - [2024-05-27T21:20:16.368+0000] {dagbag.py:545} INFO - Filling up the DagBag from /home/airflow/.local/lib/python3.8/site-packages/airflow/example_dags/example_bash_decorator.py
[2024-05-27T21:20:16.384+0000] {processor.py:840} INFO - DAG(s) 'example_bash_decorator' retrieved from /home/airflow/.local/lib/python3.8/site-packages/airflow/example_dags/example_bash_decorator.py
[2024-05-27T21:20:16.415+0000] {logging_mixin.py:188} INFO - [2024-05-27T21:20:16.415+0000] {dag.py:3096} INFO - Sync 1 DAGs
[2024-05-27T21:20:16.429+0000] {logging_mixin.py:188} INFO - [2024-05-27T21:20:16.428+0000] {dag.py:3954} INFO - Setting next_dagrun for example_bash_decorator to None, run_after=None
[2024-05-27T21:20:16.454+0000] {processor.py:183} INFO - Processing /home/airflow/.local/lib/python3.8/site-packages/airflow/example_dags/example_bash_decorator.py took 0.100 seconds
[2024-05-27T21:20:47.029+0000] {processor.py:161} INFO - Started process (PID=2034) to work on /home/airflow/.local/lib/python3.8/site-packages/airflow/example_dags/example_bash_decorator.py
[2024-05-27T21:20:47.030+0000] {processor.py:830} INFO - Processing file /home/airflow/.local/lib/python3.8/site-packages/airflow/example_dags/example_bash_decorator.py for tasks to queue
[2024-05-27T21:20:47.032+0000] {logging_mixin.py:188} INFO - [2024-05-27T21:20:47.032+0000] {dagbag.py:545} INFO - Filling up the DagBag from /home/airflow/.local/lib/python3.8/site-packages/airflow/example_dags/example_bash_decorator.py
[2024-05-27T21:20:47.051+0000] {processor.py:840} INFO - DAG(s) 'example_bash_decorator' retrieved from /home/airflow/.local/lib/python3.8/site-packages/airflow/example_dags/example_bash_decorator.py
[2024-05-27T21:20:47.077+0000] {logging_mixin.py:188} INFO - [2024-05-27T21:20:47.076+0000] {dag.py:3096} INFO - Sync 1 DAGs
[2024-05-27T21:20:47.091+0000] {logging_mixin.py:188} INFO - [2024-05-27T21:20:47.091+0000] {dag.py:3954} INFO - Setting next_dagrun for example_bash_decorator to None, run_after=None
[2024-05-27T21:20:47.113+0000] {processor.py:183} INFO - Processing /home/airflow/.local/lib/python3.8/site-packages/airflow/example_dags/example_bash_decorator.py took 0.091 seconds
[2024-05-27T21:21:18.424+0000] {processor.py:161} INFO - Started process (PID=2135) to work on /home/airflow/.local/lib/python3.8/site-packages/airflow/example_dags/example_bash_decorator.py
[2024-05-27T21:21:18.426+0000] {processor.py:830} INFO - Processing file /home/airflow/.local/lib/python3.8/site-packages/airflow/example_dags/example_bash_decorator.py for tasks to queue
[2024-05-27T21:21:18.429+0000] {logging_mixin.py:188} INFO - [2024-05-27T21:21:18.428+0000] {dagbag.py:545} INFO - Filling up the DagBag from /home/airflow/.local/lib/python3.8/site-packages/airflow/example_dags/example_bash_decorator.py
[2024-05-27T21:21:18.477+0000] {processor.py:840} INFO - DAG(s) 'example_bash_decorator' retrieved from /home/airflow/.local/lib/python3.8/site-packages/airflow/example_dags/example_bash_decorator.py
[2024-05-27T21:21:18.572+0000] {logging_mixin.py:188} INFO - [2024-05-27T21:21:18.571+0000] {dag.py:3096} INFO - Sync 1 DAGs
[2024-05-27T21:21:18.610+0000] {logging_mixin.py:188} INFO - [2024-05-27T21:21:18.610+0000] {dag.py:3954} INFO - Setting next_dagrun for example_bash_decorator to None, run_after=None
[2024-05-27T21:21:18.679+0000] {processor.py:183} INFO - Processing /home/airflow/.local/lib/python3.8/site-packages/airflow/example_dags/example_bash_decorator.py took 0.271 seconds
[2024-05-27T21:21:49.383+0000] {processor.py:161} INFO - Started process (PID=2205) to work on /home/airflow/.local/lib/python3.8/site-packages/airflow/example_dags/example_bash_decorator.py
[2024-05-27T21:21:49.385+0000] {processor.py:830} INFO - Processing file /home/airflow/.local/lib/python3.8/site-packages/airflow/example_dags/example_bash_decorator.py for tasks to queue
[2024-05-27T21:21:49.387+0000] {logging_mixin.py:188} INFO - [2024-05-27T21:21:49.387+0000] {dagbag.py:545} INFO - Filling up the DagBag from /home/airflow/.local/lib/python3.8/site-packages/airflow/example_dags/example_bash_decorator.py
[2024-05-27T21:21:49.405+0000] {processor.py:840} INFO - DAG(s) 'example_bash_decorator' retrieved from /home/airflow/.local/lib/python3.8/site-packages/airflow/example_dags/example_bash_decorator.py
[2024-05-27T21:21:49.437+0000] {logging_mixin.py:188} INFO - [2024-05-27T21:21:49.437+0000] {dag.py:3096} INFO - Sync 1 DAGs
[2024-05-27T21:21:49.452+0000] {logging_mixin.py:188} INFO - [2024-05-27T21:21:49.451+0000] {dag.py:3954} INFO - Setting next_dagrun for example_bash_decorator to None, run_after=None
[2024-05-27T21:21:49.480+0000] {processor.py:183} INFO - Processing /home/airflow/.local/lib/python3.8/site-packages/airflow/example_dags/example_bash_decorator.py took 0.104 seconds
[2024-05-27T21:22:20.012+0000] {processor.py:161} INFO - Started process (PID=2275) to work on /home/airflow/.local/lib/python3.8/site-packages/airflow/example_dags/example_bash_decorator.py
[2024-05-27T21:22:20.013+0000] {processor.py:830} INFO - Processing file /home/airflow/.local/lib/python3.8/site-packages/airflow/example_dags/example_bash_decorator.py for tasks to queue
[2024-05-27T21:22:20.015+0000] {logging_mixin.py:188} INFO - [2024-05-27T21:22:20.015+0000] {dagbag.py:545} INFO - Filling up the DagBag from /home/airflow/.local/lib/python3.8/site-packages/airflow/example_dags/example_bash_decorator.py
[2024-05-27T21:22:20.030+0000] {processor.py:840} INFO - DAG(s) 'example_bash_decorator' retrieved from /home/airflow/.local/lib/python3.8/site-packages/airflow/example_dags/example_bash_decorator.py
[2024-05-27T21:22:20.056+0000] {logging_mixin.py:188} INFO - [2024-05-27T21:22:20.055+0000] {dag.py:3096} INFO - Sync 1 DAGs
[2024-05-27T21:22:20.071+0000] {logging_mixin.py:188} INFO - [2024-05-27T21:22:20.071+0000] {dag.py:3954} INFO - Setting next_dagrun for example_bash_decorator to None, run_after=None
[2024-05-27T21:22:20.091+0000] {processor.py:183} INFO - Processing /home/airflow/.local/lib/python3.8/site-packages/airflow/example_dags/example_bash_decorator.py took 0.084 seconds
[2024-05-27T21:22:50.710+0000] {processor.py:161} INFO - Started process (PID=2345) to work on /home/airflow/.local/lib/python3.8/site-packages/airflow/example_dags/example_bash_decorator.py
[2024-05-27T21:22:50.711+0000] {processor.py:830} INFO - Processing file /home/airflow/.local/lib/python3.8/site-packages/airflow/example_dags/example_bash_decorator.py for tasks to queue
[2024-05-27T21:22:50.714+0000] {logging_mixin.py:188} INFO - [2024-05-27T21:22:50.713+0000] {dagbag.py:545} INFO - Filling up the DagBag from /home/airflow/.local/lib/python3.8/site-packages/airflow/example_dags/example_bash_decorator.py
[2024-05-27T21:22:50.727+0000] {processor.py:840} INFO - DAG(s) 'example_bash_decorator' retrieved from /home/airflow/.local/lib/python3.8/site-packages/airflow/example_dags/example_bash_decorator.py
[2024-05-27T21:22:50.754+0000] {logging_mixin.py:188} INFO - [2024-05-27T21:22:50.754+0000] {dag.py:3096} INFO - Sync 1 DAGs
[2024-05-27T21:22:50.768+0000] {logging_mixin.py:188} INFO - [2024-05-27T21:22:50.767+0000] {dag.py:3954} INFO - Setting next_dagrun for example_bash_decorator to None, run_after=None
[2024-05-27T21:22:50.789+0000] {processor.py:183} INFO - Processing /home/airflow/.local/lib/python3.8/site-packages/airflow/example_dags/example_bash_decorator.py took 0.086 seconds
[2024-05-27T21:23:21.499+0000] {processor.py:161} INFO - Started process (PID=2423) to work on /home/airflow/.local/lib/python3.8/site-packages/airflow/example_dags/example_bash_decorator.py
[2024-05-27T21:23:21.501+0000] {processor.py:830} INFO - Processing file /home/airflow/.local/lib/python3.8/site-packages/airflow/example_dags/example_bash_decorator.py for tasks to queue
[2024-05-27T21:23:21.503+0000] {logging_mixin.py:188} INFO - [2024-05-27T21:23:21.502+0000] {dagbag.py:545} INFO - Filling up the DagBag from /home/airflow/.local/lib/python3.8/site-packages/airflow/example_dags/example_bash_decorator.py
[2024-05-27T21:23:21.516+0000] {processor.py:840} INFO - DAG(s) 'example_bash_decorator' retrieved from /home/airflow/.local/lib/python3.8/site-packages/airflow/example_dags/example_bash_decorator.py
[2024-05-27T21:23:21.546+0000] {logging_mixin.py:188} INFO - [2024-05-27T21:23:21.546+0000] {dag.py:3096} INFO - Sync 1 DAGs
[2024-05-27T21:23:21.564+0000] {logging_mixin.py:188} INFO - [2024-05-27T21:23:21.564+0000] {dag.py:3954} INFO - Setting next_dagrun for example_bash_decorator to None, run_after=None
[2024-05-27T21:23:21.588+0000] {processor.py:183} INFO - Processing /home/airflow/.local/lib/python3.8/site-packages/airflow/example_dags/example_bash_decorator.py took 0.097 seconds
[2024-05-27T21:23:52.004+0000] {processor.py:161} INFO - Started process (PID=2493) to work on /home/airflow/.local/lib/python3.8/site-packages/airflow/example_dags/example_bash_decorator.py
[2024-05-27T21:23:52.005+0000] {processor.py:830} INFO - Processing file /home/airflow/.local/lib/python3.8/site-packages/airflow/example_dags/example_bash_decorator.py for tasks to queue
[2024-05-27T21:23:52.008+0000] {logging_mixin.py:188} INFO - [2024-05-27T21:23:52.008+0000] {dagbag.py:545} INFO - Filling up the DagBag from /home/airflow/.local/lib/python3.8/site-packages/airflow/example_dags/example_bash_decorator.py
[2024-05-27T21:23:52.034+0000] {processor.py:840} INFO - DAG(s) 'example_bash_decorator' retrieved from /home/airflow/.local/lib/python3.8/site-packages/airflow/example_dags/example_bash_decorator.py
[2024-05-27T21:23:52.066+0000] {logging_mixin.py:188} INFO - [2024-05-27T21:23:52.065+0000] {dag.py:3096} INFO - Sync 1 DAGs
[2024-05-27T21:23:52.079+0000] {logging_mixin.py:188} INFO - [2024-05-27T21:23:52.078+0000] {dag.py:3954} INFO - Setting next_dagrun for example_bash_decorator to None, run_after=None
[2024-05-27T21:23:52.100+0000] {processor.py:183} INFO - Processing /home/airflow/.local/lib/python3.8/site-packages/airflow/example_dags/example_bash_decorator.py took 0.104 seconds
[2024-05-27T21:24:22.816+0000] {processor.py:161} INFO - Started process (PID=2564) to work on /home/airflow/.local/lib/python3.8/site-packages/airflow/example_dags/example_bash_decorator.py
[2024-05-27T21:24:22.817+0000] {processor.py:830} INFO - Processing file /home/airflow/.local/lib/python3.8/site-packages/airflow/example_dags/example_bash_decorator.py for tasks to queue
[2024-05-27T21:24:22.820+0000] {logging_mixin.py:188} INFO - [2024-05-27T21:24:22.820+0000] {dagbag.py:545} INFO - Filling up the DagBag from /home/airflow/.local/lib/python3.8/site-packages/airflow/example_dags/example_bash_decorator.py
[2024-05-27T21:24:22.840+0000] {processor.py:840} INFO - DAG(s) 'example_bash_decorator' retrieved from /home/airflow/.local/lib/python3.8/site-packages/airflow/example_dags/example_bash_decorator.py
[2024-05-27T21:24:22.867+0000] {logging_mixin.py:188} INFO - [2024-05-27T21:24:22.866+0000] {dag.py:3096} INFO - Sync 1 DAGs
[2024-05-27T21:24:22.880+0000] {logging_mixin.py:188} INFO - [2024-05-27T21:24:22.880+0000] {dag.py:3954} INFO - Setting next_dagrun for example_bash_decorator to None, run_after=None
[2024-05-27T21:24:22.901+0000] {processor.py:183} INFO - Processing /home/airflow/.local/lib/python3.8/site-packages/airflow/example_dags/example_bash_decorator.py took 0.096 seconds
[2024-05-27T21:24:53.300+0000] {processor.py:161} INFO - Started process (PID=2642) to work on /home/airflow/.local/lib/python3.8/site-packages/airflow/example_dags/example_bash_decorator.py
[2024-05-27T21:24:53.302+0000] {processor.py:830} INFO - Processing file /home/airflow/.local/lib/python3.8/site-packages/airflow/example_dags/example_bash_decorator.py for tasks to queue
[2024-05-27T21:24:53.304+0000] {logging_mixin.py:188} INFO - [2024-05-27T21:24:53.304+0000] {dagbag.py:545} INFO - Filling up the DagBag from /home/airflow/.local/lib/python3.8/site-packages/airflow/example_dags/example_bash_decorator.py
[2024-05-27T21:24:53.322+0000] {processor.py:840} INFO - DAG(s) 'example_bash_decorator' retrieved from /home/airflow/.local/lib/python3.8/site-packages/airflow/example_dags/example_bash_decorator.py
[2024-05-27T21:24:53.346+0000] {logging_mixin.py:188} INFO - [2024-05-27T21:24:53.346+0000] {dag.py:3096} INFO - Sync 1 DAGs
[2024-05-27T21:24:53.359+0000] {logging_mixin.py:188} INFO - [2024-05-27T21:24:53.358+0000] {dag.py:3954} INFO - Setting next_dagrun for example_bash_decorator to None, run_after=None
[2024-05-27T21:24:53.379+0000] {processor.py:183} INFO - Processing /home/airflow/.local/lib/python3.8/site-packages/airflow/example_dags/example_bash_decorator.py took 0.086 seconds
[2024-05-27T21:25:24.052+0000] {processor.py:161} INFO - Started process (PID=2712) to work on /home/airflow/.local/lib/python3.8/site-packages/airflow/example_dags/example_bash_decorator.py
[2024-05-27T21:25:24.053+0000] {processor.py:830} INFO - Processing file /home/airflow/.local/lib/python3.8/site-packages/airflow/example_dags/example_bash_decorator.py for tasks to queue
[2024-05-27T21:25:24.055+0000] {logging_mixin.py:188} INFO - [2024-05-27T21:25:24.055+0000] {dagbag.py:545} INFO - Filling up the DagBag from /home/airflow/.local/lib/python3.8/site-packages/airflow/example_dags/example_bash_decorator.py
[2024-05-27T21:25:24.070+0000] {processor.py:840} INFO - DAG(s) 'example_bash_decorator' retrieved from /home/airflow/.local/lib/python3.8/site-packages/airflow/example_dags/example_bash_decorator.py
[2024-05-27T21:25:24.097+0000] {logging_mixin.py:188} INFO - [2024-05-27T21:25:24.097+0000] {dag.py:3096} INFO - Sync 1 DAGs
[2024-05-27T21:25:24.113+0000] {logging_mixin.py:188} INFO - [2024-05-27T21:25:24.112+0000] {dag.py:3954} INFO - Setting next_dagrun for example_bash_decorator to None, run_after=None
[2024-05-27T21:25:24.136+0000] {processor.py:183} INFO - Processing /home/airflow/.local/lib/python3.8/site-packages/airflow/example_dags/example_bash_decorator.py took 0.090 seconds
