[2024-05-27T20:50:54.760+0000] {processor.py:161} INFO - Started process (PID=67) to work on /home/airflow/.local/lib/python3.8/site-packages/airflow/example_dags/example_latest_only_with_trigger.py
[2024-05-27T20:50:54.763+0000] {processor.py:830} INFO - Processing file /home/airflow/.local/lib/python3.8/site-packages/airflow/example_dags/example_latest_only_with_trigger.py for tasks to queue
[2024-05-27T20:50:54.766+0000] {logging_mixin.py:188} INFO - [2024-05-27T20:50:54.765+0000] {dagbag.py:545} INFO - Filling up the DagBag from /home/airflow/.local/lib/python3.8/site-packages/airflow/example_dags/example_latest_only_with_trigger.py
[2024-05-27T20:50:54.776+0000] {processor.py:840} INFO - DAG(s) 'latest_only_with_trigger' retrieved from /home/airflow/.local/lib/python3.8/site-packages/airflow/example_dags/example_latest_only_with_trigger.py
[2024-05-27T20:50:54.798+0000] {logging_mixin.py:188} INFO - [2024-05-27T20:50:54.798+0000] {dag.py:3096} INFO - Sync 1 DAGs
[2024-05-27T20:50:54.843+0000] {logging_mixin.py:188} INFO - [2024-05-27T20:50:54.843+0000] {dag.py:3954} INFO - Setting next_dagrun for latest_only_with_trigger to 2024-05-27 16:00:00+00:00, run_after=2024-05-27 20:00:00+00:00
[2024-05-27T20:50:54.930+0000] {processor.py:183} INFO - Processing /home/airflow/.local/lib/python3.8/site-packages/airflow/example_dags/example_latest_only_with_trigger.py took 0.178 seconds
[2024-05-27T20:51:25.110+0000] {processor.py:161} INFO - Started process (PID=137) to work on /home/airflow/.local/lib/python3.8/site-packages/airflow/example_dags/example_latest_only_with_trigger.py
[2024-05-27T20:51:25.111+0000] {processor.py:830} INFO - Processing file /home/airflow/.local/lib/python3.8/site-packages/airflow/example_dags/example_latest_only_with_trigger.py for tasks to queue
[2024-05-27T20:51:25.114+0000] {logging_mixin.py:188} INFO - [2024-05-27T20:51:25.114+0000] {dagbag.py:545} INFO - Filling up the DagBag from /home/airflow/.local/lib/python3.8/site-packages/airflow/example_dags/example_latest_only_with_trigger.py
[2024-05-27T20:51:25.119+0000] {processor.py:840} INFO - DAG(s) 'latest_only_with_trigger' retrieved from /home/airflow/.local/lib/python3.8/site-packages/airflow/example_dags/example_latest_only_with_trigger.py
[2024-05-27T20:51:25.216+0000] {logging_mixin.py:188} INFO - [2024-05-27T20:51:25.216+0000] {dag.py:3096} INFO - Sync 1 DAGs
[2024-05-27T20:51:25.234+0000] {logging_mixin.py:188} INFO - [2024-05-27T20:51:25.233+0000] {dag.py:3954} INFO - Setting next_dagrun for latest_only_with_trigger to 2024-05-27 16:00:00+00:00, run_after=2024-05-27 20:00:00+00:00
[2024-05-27T20:51:25.253+0000] {processor.py:183} INFO - Processing /home/airflow/.local/lib/python3.8/site-packages/airflow/example_dags/example_latest_only_with_trigger.py took 0.149 seconds
[2024-05-27T20:51:55.292+0000] {processor.py:161} INFO - Started process (PID=214) to work on /home/airflow/.local/lib/python3.8/site-packages/airflow/example_dags/example_latest_only_with_trigger.py
[2024-05-27T20:51:55.293+0000] {processor.py:830} INFO - Processing file /home/airflow/.local/lib/python3.8/site-packages/airflow/example_dags/example_latest_only_with_trigger.py for tasks to queue
[2024-05-27T20:51:55.295+0000] {logging_mixin.py:188} INFO - [2024-05-27T20:51:55.295+0000] {dagbag.py:545} INFO - Filling up the DagBag from /home/airflow/.local/lib/python3.8/site-packages/airflow/example_dags/example_latest_only_with_trigger.py
[2024-05-27T20:51:55.301+0000] {processor.py:840} INFO - DAG(s) 'latest_only_with_trigger' retrieved from /home/airflow/.local/lib/python3.8/site-packages/airflow/example_dags/example_latest_only_with_trigger.py
[2024-05-27T20:51:55.325+0000] {logging_mixin.py:188} INFO - [2024-05-27T20:51:55.324+0000] {dag.py:3096} INFO - Sync 1 DAGs
[2024-05-27T20:51:55.344+0000] {logging_mixin.py:188} INFO - [2024-05-27T20:51:55.344+0000] {dag.py:3954} INFO - Setting next_dagrun for latest_only_with_trigger to 2024-05-27 16:00:00+00:00, run_after=2024-05-27 20:00:00+00:00
[2024-05-27T20:51:55.364+0000] {processor.py:183} INFO - Processing /home/airflow/.local/lib/python3.8/site-packages/airflow/example_dags/example_latest_only_with_trigger.py took 0.077 seconds
[2024-05-27T20:52:25.658+0000] {processor.py:161} INFO - Started process (PID=283) to work on /home/airflow/.local/lib/python3.8/site-packages/airflow/example_dags/example_latest_only_with_trigger.py
[2024-05-27T20:52:25.660+0000] {processor.py:830} INFO - Processing file /home/airflow/.local/lib/python3.8/site-packages/airflow/example_dags/example_latest_only_with_trigger.py for tasks to queue
[2024-05-27T20:52:25.661+0000] {logging_mixin.py:188} INFO - [2024-05-27T20:52:25.661+0000] {dagbag.py:545} INFO - Filling up the DagBag from /home/airflow/.local/lib/python3.8/site-packages/airflow/example_dags/example_latest_only_with_trigger.py
[2024-05-27T20:52:25.667+0000] {processor.py:840} INFO - DAG(s) 'latest_only_with_trigger' retrieved from /home/airflow/.local/lib/python3.8/site-packages/airflow/example_dags/example_latest_only_with_trigger.py
[2024-05-27T20:52:25.692+0000] {logging_mixin.py:188} INFO - [2024-05-27T20:52:25.692+0000] {dag.py:3096} INFO - Sync 1 DAGs
[2024-05-27T20:52:25.714+0000] {logging_mixin.py:188} INFO - [2024-05-27T20:52:25.713+0000] {dag.py:3954} INFO - Setting next_dagrun for latest_only_with_trigger to 2024-05-27 16:00:00+00:00, run_after=2024-05-27 20:00:00+00:00
[2024-05-27T20:52:25.736+0000] {processor.py:183} INFO - Processing /home/airflow/.local/lib/python3.8/site-packages/airflow/example_dags/example_latest_only_with_trigger.py took 0.084 seconds
[2024-05-27T20:52:56.791+0000] {processor.py:161} INFO - Started process (PID=353) to work on /home/airflow/.local/lib/python3.8/site-packages/airflow/example_dags/example_latest_only_with_trigger.py
[2024-05-27T20:52:56.792+0000] {processor.py:830} INFO - Processing file /home/airflow/.local/lib/python3.8/site-packages/airflow/example_dags/example_latest_only_with_trigger.py for tasks to queue
[2024-05-27T20:52:56.795+0000] {logging_mixin.py:188} INFO - [2024-05-27T20:52:56.794+0000] {dagbag.py:545} INFO - Filling up the DagBag from /home/airflow/.local/lib/python3.8/site-packages/airflow/example_dags/example_latest_only_with_trigger.py
[2024-05-27T20:52:56.802+0000] {processor.py:840} INFO - DAG(s) 'latest_only_with_trigger' retrieved from /home/airflow/.local/lib/python3.8/site-packages/airflow/example_dags/example_latest_only_with_trigger.py
[2024-05-27T20:52:56.830+0000] {logging_mixin.py:188} INFO - [2024-05-27T20:52:56.829+0000] {dag.py:3096} INFO - Sync 1 DAGs
[2024-05-27T20:52:56.851+0000] {logging_mixin.py:188} INFO - [2024-05-27T20:52:56.850+0000] {dag.py:3954} INFO - Setting next_dagrun for latest_only_with_trigger to 2024-05-27 16:00:00+00:00, run_after=2024-05-27 20:00:00+00:00
[2024-05-27T20:52:56.875+0000] {processor.py:183} INFO - Processing /home/airflow/.local/lib/python3.8/site-packages/airflow/example_dags/example_latest_only_with_trigger.py took 0.091 seconds
[2024-05-27T20:53:27.976+0000] {processor.py:161} INFO - Started process (PID=430) to work on /home/airflow/.local/lib/python3.8/site-packages/airflow/example_dags/example_latest_only_with_trigger.py
[2024-05-27T20:53:27.978+0000] {processor.py:830} INFO - Processing file /home/airflow/.local/lib/python3.8/site-packages/airflow/example_dags/example_latest_only_with_trigger.py for tasks to queue
[2024-05-27T20:53:27.980+0000] {logging_mixin.py:188} INFO - [2024-05-27T20:53:27.979+0000] {dagbag.py:545} INFO - Filling up the DagBag from /home/airflow/.local/lib/python3.8/site-packages/airflow/example_dags/example_latest_only_with_trigger.py
[2024-05-27T20:53:27.986+0000] {processor.py:840} INFO - DAG(s) 'latest_only_with_trigger' retrieved from /home/airflow/.local/lib/python3.8/site-packages/airflow/example_dags/example_latest_only_with_trigger.py
[2024-05-27T20:53:28.011+0000] {logging_mixin.py:188} INFO - [2024-05-27T20:53:28.011+0000] {dag.py:3096} INFO - Sync 1 DAGs
[2024-05-27T20:53:28.037+0000] {logging_mixin.py:188} INFO - [2024-05-27T20:53:28.037+0000] {dag.py:3954} INFO - Setting next_dagrun for latest_only_with_trigger to 2024-05-27 16:00:00+00:00, run_after=2024-05-27 20:00:00+00:00
[2024-05-27T20:53:28.061+0000] {processor.py:183} INFO - Processing /home/airflow/.local/lib/python3.8/site-packages/airflow/example_dags/example_latest_only_with_trigger.py took 0.090 seconds
[2024-05-27T20:53:58.402+0000] {processor.py:161} INFO - Started process (PID=500) to work on /home/airflow/.local/lib/python3.8/site-packages/airflow/example_dags/example_latest_only_with_trigger.py
[2024-05-27T20:53:58.404+0000] {processor.py:830} INFO - Processing file /home/airflow/.local/lib/python3.8/site-packages/airflow/example_dags/example_latest_only_with_trigger.py for tasks to queue
[2024-05-27T20:53:58.406+0000] {logging_mixin.py:188} INFO - [2024-05-27T20:53:58.405+0000] {dagbag.py:545} INFO - Filling up the DagBag from /home/airflow/.local/lib/python3.8/site-packages/airflow/example_dags/example_latest_only_with_trigger.py
[2024-05-27T20:53:58.414+0000] {processor.py:840} INFO - DAG(s) 'latest_only_with_trigger' retrieved from /home/airflow/.local/lib/python3.8/site-packages/airflow/example_dags/example_latest_only_with_trigger.py
[2024-05-27T20:53:58.439+0000] {logging_mixin.py:188} INFO - [2024-05-27T20:53:58.439+0000] {dag.py:3096} INFO - Sync 1 DAGs
[2024-05-27T20:53:58.461+0000] {logging_mixin.py:188} INFO - [2024-05-27T20:53:58.460+0000] {dag.py:3954} INFO - Setting next_dagrun for latest_only_with_trigger to 2024-05-27 16:00:00+00:00, run_after=2024-05-27 20:00:00+00:00
[2024-05-27T20:53:58.500+0000] {processor.py:183} INFO - Processing /home/airflow/.local/lib/python3.8/site-packages/airflow/example_dags/example_latest_only_with_trigger.py took 0.104 seconds
[2024-05-27T20:54:29.165+0000] {processor.py:161} INFO - Started process (PID=577) to work on /home/airflow/.local/lib/python3.8/site-packages/airflow/example_dags/example_latest_only_with_trigger.py
[2024-05-27T20:54:29.166+0000] {processor.py:830} INFO - Processing file /home/airflow/.local/lib/python3.8/site-packages/airflow/example_dags/example_latest_only_with_trigger.py for tasks to queue
[2024-05-27T20:54:29.169+0000] {logging_mixin.py:188} INFO - [2024-05-27T20:54:29.169+0000] {dagbag.py:545} INFO - Filling up the DagBag from /home/airflow/.local/lib/python3.8/site-packages/airflow/example_dags/example_latest_only_with_trigger.py
[2024-05-27T20:54:29.175+0000] {processor.py:840} INFO - DAG(s) 'latest_only_with_trigger' retrieved from /home/airflow/.local/lib/python3.8/site-packages/airflow/example_dags/example_latest_only_with_trigger.py
[2024-05-27T20:54:29.198+0000] {logging_mixin.py:188} INFO - [2024-05-27T20:54:29.198+0000] {dag.py:3096} INFO - Sync 1 DAGs
[2024-05-27T20:54:29.227+0000] {logging_mixin.py:188} INFO - [2024-05-27T20:54:29.227+0000] {dag.py:3954} INFO - Setting next_dagrun for latest_only_with_trigger to 2024-05-27 16:00:00+00:00, run_after=2024-05-27 20:00:00+00:00
[2024-05-27T20:54:29.265+0000] {processor.py:183} INFO - Processing /home/airflow/.local/lib/python3.8/site-packages/airflow/example_dags/example_latest_only_with_trigger.py took 0.106 seconds
[2024-05-27T20:54:59.680+0000] {processor.py:161} INFO - Started process (PID=648) to work on /home/airflow/.local/lib/python3.8/site-packages/airflow/example_dags/example_latest_only_with_trigger.py
[2024-05-27T20:54:59.682+0000] {processor.py:830} INFO - Processing file /home/airflow/.local/lib/python3.8/site-packages/airflow/example_dags/example_latest_only_with_trigger.py for tasks to queue
[2024-05-27T20:54:59.683+0000] {logging_mixin.py:188} INFO - [2024-05-27T20:54:59.683+0000] {dagbag.py:545} INFO - Filling up the DagBag from /home/airflow/.local/lib/python3.8/site-packages/airflow/example_dags/example_latest_only_with_trigger.py
[2024-05-27T20:54:59.690+0000] {processor.py:840} INFO - DAG(s) 'latest_only_with_trigger' retrieved from /home/airflow/.local/lib/python3.8/site-packages/airflow/example_dags/example_latest_only_with_trigger.py
[2024-05-27T20:54:59.715+0000] {logging_mixin.py:188} INFO - [2024-05-27T20:54:59.714+0000] {dag.py:3096} INFO - Sync 1 DAGs
[2024-05-27T20:54:59.737+0000] {logging_mixin.py:188} INFO - [2024-05-27T20:54:59.737+0000] {dag.py:3954} INFO - Setting next_dagrun for latest_only_with_trigger to 2024-05-27 16:00:00+00:00, run_after=2024-05-27 20:00:00+00:00
[2024-05-27T20:54:59.758+0000] {processor.py:183} INFO - Processing /home/airflow/.local/lib/python3.8/site-packages/airflow/example_dags/example_latest_only_with_trigger.py took 0.085 seconds
[2024-05-27T20:57:17.994+0000] {processor.py:161} INFO - Started process (PID=67) to work on /home/airflow/.local/lib/python3.8/site-packages/airflow/example_dags/example_latest_only_with_trigger.py
[2024-05-27T20:57:17.995+0000] {processor.py:830} INFO - Processing file /home/airflow/.local/lib/python3.8/site-packages/airflow/example_dags/example_latest_only_with_trigger.py for tasks to queue
[2024-05-27T20:57:17.998+0000] {logging_mixin.py:188} INFO - [2024-05-27T20:57:17.997+0000] {dagbag.py:545} INFO - Filling up the DagBag from /home/airflow/.local/lib/python3.8/site-packages/airflow/example_dags/example_latest_only_with_trigger.py
[2024-05-27T20:57:18.005+0000] {processor.py:840} INFO - DAG(s) 'latest_only_with_trigger' retrieved from /home/airflow/.local/lib/python3.8/site-packages/airflow/example_dags/example_latest_only_with_trigger.py
[2024-05-27T20:57:18.020+0000] {logging_mixin.py:188} INFO - [2024-05-27T20:57:18.019+0000] {dag.py:3096} INFO - Sync 1 DAGs
[2024-05-27T20:57:18.074+0000] {logging_mixin.py:188} INFO - [2024-05-27T20:57:18.074+0000] {dag.py:3954} INFO - Setting next_dagrun for latest_only_with_trigger to 2024-05-27 16:00:00+00:00, run_after=2024-05-27 20:00:00+00:00
[2024-05-27T20:57:18.099+0000] {processor.py:183} INFO - Processing /home/airflow/.local/lib/python3.8/site-packages/airflow/example_dags/example_latest_only_with_trigger.py took 0.112 seconds
[2024-05-27T20:57:48.740+0000] {processor.py:161} INFO - Started process (PID=138) to work on /home/airflow/.local/lib/python3.8/site-packages/airflow/example_dags/example_latest_only_with_trigger.py
[2024-05-27T20:57:48.741+0000] {processor.py:830} INFO - Processing file /home/airflow/.local/lib/python3.8/site-packages/airflow/example_dags/example_latest_only_with_trigger.py for tasks to queue
[2024-05-27T20:57:48.744+0000] {logging_mixin.py:188} INFO - [2024-05-27T20:57:48.743+0000] {dagbag.py:545} INFO - Filling up the DagBag from /home/airflow/.local/lib/python3.8/site-packages/airflow/example_dags/example_latest_only_with_trigger.py
[2024-05-27T20:57:48.749+0000] {processor.py:840} INFO - DAG(s) 'latest_only_with_trigger' retrieved from /home/airflow/.local/lib/python3.8/site-packages/airflow/example_dags/example_latest_only_with_trigger.py
[2024-05-27T20:57:48.846+0000] {logging_mixin.py:188} INFO - [2024-05-27T20:57:48.846+0000] {dag.py:3096} INFO - Sync 1 DAGs
[2024-05-27T20:57:48.865+0000] {logging_mixin.py:188} INFO - [2024-05-27T20:57:48.865+0000] {dag.py:3954} INFO - Setting next_dagrun for latest_only_with_trigger to 2024-05-27 16:00:00+00:00, run_after=2024-05-27 20:00:00+00:00
[2024-05-27T20:57:48.884+0000] {processor.py:183} INFO - Processing /home/airflow/.local/lib/python3.8/site-packages/airflow/example_dags/example_latest_only_with_trigger.py took 0.152 seconds
[2024-05-27T20:58:19.288+0000] {processor.py:161} INFO - Started process (PID=217) to work on /home/airflow/.local/lib/python3.8/site-packages/airflow/example_dags/example_latest_only_with_trigger.py
[2024-05-27T20:58:19.290+0000] {processor.py:830} INFO - Processing file /home/airflow/.local/lib/python3.8/site-packages/airflow/example_dags/example_latest_only_with_trigger.py for tasks to queue
[2024-05-27T20:58:19.293+0000] {logging_mixin.py:188} INFO - [2024-05-27T20:58:19.292+0000] {dagbag.py:545} INFO - Filling up the DagBag from /home/airflow/.local/lib/python3.8/site-packages/airflow/example_dags/example_latest_only_with_trigger.py
[2024-05-27T20:58:19.300+0000] {processor.py:840} INFO - DAG(s) 'latest_only_with_trigger' retrieved from /home/airflow/.local/lib/python3.8/site-packages/airflow/example_dags/example_latest_only_with_trigger.py
[2024-05-27T20:58:19.330+0000] {logging_mixin.py:188} INFO - [2024-05-27T20:58:19.329+0000] {dag.py:3096} INFO - Sync 1 DAGs
[2024-05-27T20:58:19.355+0000] {logging_mixin.py:188} INFO - [2024-05-27T20:58:19.355+0000] {dag.py:3954} INFO - Setting next_dagrun for latest_only_with_trigger to 2024-05-27 16:00:00+00:00, run_after=2024-05-27 20:00:00+00:00
[2024-05-27T20:58:19.382+0000] {processor.py:183} INFO - Processing /home/airflow/.local/lib/python3.8/site-packages/airflow/example_dags/example_latest_only_with_trigger.py took 0.106 seconds
[2024-05-27T20:58:49.592+0000] {processor.py:161} INFO - Started process (PID=287) to work on /home/airflow/.local/lib/python3.8/site-packages/airflow/example_dags/example_latest_only_with_trigger.py
[2024-05-27T20:58:49.593+0000] {processor.py:830} INFO - Processing file /home/airflow/.local/lib/python3.8/site-packages/airflow/example_dags/example_latest_only_with_trigger.py for tasks to queue
[2024-05-27T20:58:49.595+0000] {logging_mixin.py:188} INFO - [2024-05-27T20:58:49.595+0000] {dagbag.py:545} INFO - Filling up the DagBag from /home/airflow/.local/lib/python3.8/site-packages/airflow/example_dags/example_latest_only_with_trigger.py
[2024-05-27T20:58:49.601+0000] {processor.py:840} INFO - DAG(s) 'latest_only_with_trigger' retrieved from /home/airflow/.local/lib/python3.8/site-packages/airflow/example_dags/example_latest_only_with_trigger.py
[2024-05-27T20:58:49.623+0000] {logging_mixin.py:188} INFO - [2024-05-27T20:58:49.622+0000] {dag.py:3096} INFO - Sync 1 DAGs
[2024-05-27T20:58:49.645+0000] {logging_mixin.py:188} INFO - [2024-05-27T20:58:49.645+0000] {dag.py:3954} INFO - Setting next_dagrun for latest_only_with_trigger to 2024-05-27 16:00:00+00:00, run_after=2024-05-27 20:00:00+00:00
[2024-05-27T20:58:49.665+0000] {processor.py:183} INFO - Processing /home/airflow/.local/lib/python3.8/site-packages/airflow/example_dags/example_latest_only_with_trigger.py took 0.080 seconds
[2024-05-27T20:59:19.983+0000] {processor.py:161} INFO - Started process (PID=357) to work on /home/airflow/.local/lib/python3.8/site-packages/airflow/example_dags/example_latest_only_with_trigger.py
[2024-05-27T20:59:19.985+0000] {processor.py:830} INFO - Processing file /home/airflow/.local/lib/python3.8/site-packages/airflow/example_dags/example_latest_only_with_trigger.py for tasks to queue
[2024-05-27T20:59:19.987+0000] {logging_mixin.py:188} INFO - [2024-05-27T20:59:19.987+0000] {dagbag.py:545} INFO - Filling up the DagBag from /home/airflow/.local/lib/python3.8/site-packages/airflow/example_dags/example_latest_only_with_trigger.py
[2024-05-27T20:59:19.994+0000] {processor.py:840} INFO - DAG(s) 'latest_only_with_trigger' retrieved from /home/airflow/.local/lib/python3.8/site-packages/airflow/example_dags/example_latest_only_with_trigger.py
[2024-05-27T20:59:20.017+0000] {logging_mixin.py:188} INFO - [2024-05-27T20:59:20.017+0000] {dag.py:3096} INFO - Sync 1 DAGs
[2024-05-27T20:59:20.042+0000] {logging_mixin.py:188} INFO - [2024-05-27T20:59:20.041+0000] {dag.py:3954} INFO - Setting next_dagrun for latest_only_with_trigger to 2024-05-27 16:00:00+00:00, run_after=2024-05-27 20:00:00+00:00
[2024-05-27T20:59:20.062+0000] {processor.py:183} INFO - Processing /home/airflow/.local/lib/python3.8/site-packages/airflow/example_dags/example_latest_only_with_trigger.py took 0.087 seconds
[2024-05-27T20:59:50.382+0000] {processor.py:161} INFO - Started process (PID=435) to work on /home/airflow/.local/lib/python3.8/site-packages/airflow/example_dags/example_latest_only_with_trigger.py
[2024-05-27T20:59:50.384+0000] {processor.py:830} INFO - Processing file /home/airflow/.local/lib/python3.8/site-packages/airflow/example_dags/example_latest_only_with_trigger.py for tasks to queue
[2024-05-27T20:59:50.386+0000] {logging_mixin.py:188} INFO - [2024-05-27T20:59:50.385+0000] {dagbag.py:545} INFO - Filling up the DagBag from /home/airflow/.local/lib/python3.8/site-packages/airflow/example_dags/example_latest_only_with_trigger.py
[2024-05-27T20:59:50.391+0000] {processor.py:840} INFO - DAG(s) 'latest_only_with_trigger' retrieved from /home/airflow/.local/lib/python3.8/site-packages/airflow/example_dags/example_latest_only_with_trigger.py
[2024-05-27T20:59:50.421+0000] {logging_mixin.py:188} INFO - [2024-05-27T20:59:50.420+0000] {dag.py:3096} INFO - Sync 1 DAGs
[2024-05-27T20:59:50.446+0000] {logging_mixin.py:188} INFO - [2024-05-27T20:59:50.446+0000] {dag.py:3954} INFO - Setting next_dagrun for latest_only_with_trigger to 2024-05-27 16:00:00+00:00, run_after=2024-05-27 20:00:00+00:00
[2024-05-27T20:59:50.467+0000] {processor.py:183} INFO - Processing /home/airflow/.local/lib/python3.8/site-packages/airflow/example_dags/example_latest_only_with_trigger.py took 0.092 seconds
[2024-05-27T21:00:20.935+0000] {processor.py:161} INFO - Started process (PID=505) to work on /home/airflow/.local/lib/python3.8/site-packages/airflow/example_dags/example_latest_only_with_trigger.py
[2024-05-27T21:00:20.936+0000] {processor.py:830} INFO - Processing file /home/airflow/.local/lib/python3.8/site-packages/airflow/example_dags/example_latest_only_with_trigger.py for tasks to queue
[2024-05-27T21:00:20.938+0000] {logging_mixin.py:188} INFO - [2024-05-27T21:00:20.938+0000] {dagbag.py:545} INFO - Filling up the DagBag from /home/airflow/.local/lib/python3.8/site-packages/airflow/example_dags/example_latest_only_with_trigger.py
[2024-05-27T21:00:20.944+0000] {processor.py:840} INFO - DAG(s) 'latest_only_with_trigger' retrieved from /home/airflow/.local/lib/python3.8/site-packages/airflow/example_dags/example_latest_only_with_trigger.py
[2024-05-27T21:00:20.965+0000] {logging_mixin.py:188} INFO - [2024-05-27T21:00:20.965+0000] {dag.py:3096} INFO - Sync 1 DAGs
[2024-05-27T21:00:20.994+0000] {logging_mixin.py:188} INFO - [2024-05-27T21:00:20.993+0000] {dag.py:3954} INFO - Setting next_dagrun for latest_only_with_trigger to 2024-05-27 16:00:00+00:00, run_after=2024-05-27 20:00:00+00:00
[2024-05-27T21:00:21.028+0000] {processor.py:183} INFO - Processing /home/airflow/.local/lib/python3.8/site-packages/airflow/example_dags/example_latest_only_with_trigger.py took 0.099 seconds
[2024-05-27T21:00:51.275+0000] {processor.py:161} INFO - Started process (PID=583) to work on /home/airflow/.local/lib/python3.8/site-packages/airflow/example_dags/example_latest_only_with_trigger.py
[2024-05-27T21:00:51.278+0000] {processor.py:830} INFO - Processing file /home/airflow/.local/lib/python3.8/site-packages/airflow/example_dags/example_latest_only_with_trigger.py for tasks to queue
[2024-05-27T21:00:51.282+0000] {logging_mixin.py:188} INFO - [2024-05-27T21:00:51.281+0000] {dagbag.py:545} INFO - Filling up the DagBag from /home/airflow/.local/lib/python3.8/site-packages/airflow/example_dags/example_latest_only_with_trigger.py
[2024-05-27T21:00:51.289+0000] {processor.py:840} INFO - DAG(s) 'latest_only_with_trigger' retrieved from /home/airflow/.local/lib/python3.8/site-packages/airflow/example_dags/example_latest_only_with_trigger.py
[2024-05-27T21:00:51.319+0000] {logging_mixin.py:188} INFO - [2024-05-27T21:00:51.319+0000] {dag.py:3096} INFO - Sync 1 DAGs
[2024-05-27T21:00:51.344+0000] {logging_mixin.py:188} INFO - [2024-05-27T21:00:51.344+0000] {dag.py:3954} INFO - Setting next_dagrun for latest_only_with_trigger to 2024-05-27 16:00:00+00:00, run_after=2024-05-27 20:00:00+00:00
[2024-05-27T21:00:51.366+0000] {processor.py:183} INFO - Processing /home/airflow/.local/lib/python3.8/site-packages/airflow/example_dags/example_latest_only_with_trigger.py took 0.099 seconds
[2024-05-27T21:01:21.956+0000] {processor.py:161} INFO - Started process (PID=653) to work on /home/airflow/.local/lib/python3.8/site-packages/airflow/example_dags/example_latest_only_with_trigger.py
[2024-05-27T21:01:21.958+0000] {processor.py:830} INFO - Processing file /home/airflow/.local/lib/python3.8/site-packages/airflow/example_dags/example_latest_only_with_trigger.py for tasks to queue
[2024-05-27T21:01:21.960+0000] {logging_mixin.py:188} INFO - [2024-05-27T21:01:21.960+0000] {dagbag.py:545} INFO - Filling up the DagBag from /home/airflow/.local/lib/python3.8/site-packages/airflow/example_dags/example_latest_only_with_trigger.py
[2024-05-27T21:01:21.966+0000] {processor.py:840} INFO - DAG(s) 'latest_only_with_trigger' retrieved from /home/airflow/.local/lib/python3.8/site-packages/airflow/example_dags/example_latest_only_with_trigger.py
[2024-05-27T21:01:21.995+0000] {logging_mixin.py:188} INFO - [2024-05-27T21:01:21.994+0000] {dag.py:3096} INFO - Sync 1 DAGs
[2024-05-27T21:01:22.018+0000] {logging_mixin.py:188} INFO - [2024-05-27T21:01:22.018+0000] {dag.py:3954} INFO - Setting next_dagrun for latest_only_with_trigger to 2024-05-27 16:00:00+00:00, run_after=2024-05-27 20:00:00+00:00
[2024-05-27T21:01:22.040+0000] {processor.py:183} INFO - Processing /home/airflow/.local/lib/python3.8/site-packages/airflow/example_dags/example_latest_only_with_trigger.py took 0.091 seconds
[2024-05-27T21:01:52.564+0000] {processor.py:161} INFO - Started process (PID=723) to work on /home/airflow/.local/lib/python3.8/site-packages/airflow/example_dags/example_latest_only_with_trigger.py
[2024-05-27T21:01:52.565+0000] {processor.py:830} INFO - Processing file /home/airflow/.local/lib/python3.8/site-packages/airflow/example_dags/example_latest_only_with_trigger.py for tasks to queue
[2024-05-27T21:01:52.568+0000] {logging_mixin.py:188} INFO - [2024-05-27T21:01:52.567+0000] {dagbag.py:545} INFO - Filling up the DagBag from /home/airflow/.local/lib/python3.8/site-packages/airflow/example_dags/example_latest_only_with_trigger.py
[2024-05-27T21:01:52.573+0000] {processor.py:840} INFO - DAG(s) 'latest_only_with_trigger' retrieved from /home/airflow/.local/lib/python3.8/site-packages/airflow/example_dags/example_latest_only_with_trigger.py
[2024-05-27T21:01:52.600+0000] {logging_mixin.py:188} INFO - [2024-05-27T21:01:52.600+0000] {dag.py:3096} INFO - Sync 1 DAGs
[2024-05-27T21:01:52.623+0000] {logging_mixin.py:188} INFO - [2024-05-27T21:01:52.623+0000] {dag.py:3954} INFO - Setting next_dagrun for latest_only_with_trigger to 2024-05-27 16:00:00+00:00, run_after=2024-05-27 20:00:00+00:00
[2024-05-27T21:01:52.647+0000] {processor.py:183} INFO - Processing /home/airflow/.local/lib/python3.8/site-packages/airflow/example_dags/example_latest_only_with_trigger.py took 0.089 seconds
[2024-05-27T21:06:45.916+0000] {processor.py:161} INFO - Started process (PID=75) to work on /home/airflow/.local/lib/python3.8/site-packages/airflow/example_dags/example_latest_only_with_trigger.py
[2024-05-27T21:06:45.918+0000] {processor.py:830} INFO - Processing file /home/airflow/.local/lib/python3.8/site-packages/airflow/example_dags/example_latest_only_with_trigger.py for tasks to queue
[2024-05-27T21:06:45.929+0000] {logging_mixin.py:188} INFO - [2024-05-27T21:06:45.929+0000] {dagbag.py:545} INFO - Filling up the DagBag from /home/airflow/.local/lib/python3.8/site-packages/airflow/example_dags/example_latest_only_with_trigger.py
[2024-05-27T21:06:45.951+0000] {processor.py:840} INFO - DAG(s) 'latest_only_with_trigger' retrieved from /home/airflow/.local/lib/python3.8/site-packages/airflow/example_dags/example_latest_only_with_trigger.py
[2024-05-27T21:06:46.272+0000] {logging_mixin.py:188} INFO - [2024-05-27T21:06:46.272+0000] {dag.py:3096} INFO - Sync 1 DAGs
[2024-05-27T21:06:46.321+0000] {logging_mixin.py:188} INFO - [2024-05-27T21:06:46.321+0000] {dag.py:3954} INFO - Setting next_dagrun for latest_only_with_trigger to 2024-05-27 16:00:00+00:00, run_after=2024-05-27 20:00:00+00:00
[2024-05-27T21:06:46.379+0000] {processor.py:183} INFO - Processing /home/airflow/.local/lib/python3.8/site-packages/airflow/example_dags/example_latest_only_with_trigger.py took 0.485 seconds
[2024-05-27T21:07:16.452+0000] {processor.py:161} INFO - Started process (PID=145) to work on /home/airflow/.local/lib/python3.8/site-packages/airflow/example_dags/example_latest_only_with_trigger.py
[2024-05-27T21:07:16.454+0000] {processor.py:830} INFO - Processing file /home/airflow/.local/lib/python3.8/site-packages/airflow/example_dags/example_latest_only_with_trigger.py for tasks to queue
[2024-05-27T21:07:16.457+0000] {logging_mixin.py:188} INFO - [2024-05-27T21:07:16.457+0000] {dagbag.py:545} INFO - Filling up the DagBag from /home/airflow/.local/lib/python3.8/site-packages/airflow/example_dags/example_latest_only_with_trigger.py
[2024-05-27T21:07:16.470+0000] {processor.py:840} INFO - DAG(s) 'latest_only_with_trigger' retrieved from /home/airflow/.local/lib/python3.8/site-packages/airflow/example_dags/example_latest_only_with_trigger.py
[2024-05-27T21:07:16.513+0000] {logging_mixin.py:188} INFO - [2024-05-27T21:07:16.512+0000] {dag.py:3096} INFO - Sync 1 DAGs
[2024-05-27T21:07:16.553+0000] {logging_mixin.py:188} INFO - [2024-05-27T21:07:16.552+0000] {dag.py:3954} INFO - Setting next_dagrun for latest_only_with_trigger to 2024-05-27 16:00:00+00:00, run_after=2024-05-27 20:00:00+00:00
[2024-05-27T21:07:16.586+0000] {processor.py:183} INFO - Processing /home/airflow/.local/lib/python3.8/site-packages/airflow/example_dags/example_latest_only_with_trigger.py took 0.150 seconds
[2024-05-27T21:07:47.607+0000] {processor.py:161} INFO - Started process (PID=215) to work on /home/airflow/.local/lib/python3.8/site-packages/airflow/example_dags/example_latest_only_with_trigger.py
[2024-05-27T21:07:47.609+0000] {processor.py:830} INFO - Processing file /home/airflow/.local/lib/python3.8/site-packages/airflow/example_dags/example_latest_only_with_trigger.py for tasks to queue
[2024-05-27T21:07:47.615+0000] {logging_mixin.py:188} INFO - [2024-05-27T21:07:47.613+0000] {dagbag.py:545} INFO - Filling up the DagBag from /home/airflow/.local/lib/python3.8/site-packages/airflow/example_dags/example_latest_only_with_trigger.py
[2024-05-27T21:07:47.625+0000] {processor.py:840} INFO - DAG(s) 'latest_only_with_trigger' retrieved from /home/airflow/.local/lib/python3.8/site-packages/airflow/example_dags/example_latest_only_with_trigger.py
[2024-05-27T21:07:47.673+0000] {logging_mixin.py:188} INFO - [2024-05-27T21:07:47.672+0000] {dag.py:3096} INFO - Sync 1 DAGs
[2024-05-27T21:07:47.736+0000] {logging_mixin.py:188} INFO - [2024-05-27T21:07:47.736+0000] {dag.py:3954} INFO - Setting next_dagrun for latest_only_with_trigger to 2024-05-27 16:00:00+00:00, run_after=2024-05-27 20:00:00+00:00
[2024-05-27T21:07:47.809+0000] {processor.py:183} INFO - Processing /home/airflow/.local/lib/python3.8/site-packages/airflow/example_dags/example_latest_only_with_trigger.py took 0.215 seconds
[2024-05-27T21:08:18.654+0000] {processor.py:161} INFO - Started process (PID=285) to work on /home/airflow/.local/lib/python3.8/site-packages/airflow/example_dags/example_latest_only_with_trigger.py
[2024-05-27T21:08:18.655+0000] {processor.py:830} INFO - Processing file /home/airflow/.local/lib/python3.8/site-packages/airflow/example_dags/example_latest_only_with_trigger.py for tasks to queue
[2024-05-27T21:08:18.659+0000] {logging_mixin.py:188} INFO - [2024-05-27T21:08:18.658+0000] {dagbag.py:545} INFO - Filling up the DagBag from /home/airflow/.local/lib/python3.8/site-packages/airflow/example_dags/example_latest_only_with_trigger.py
[2024-05-27T21:08:18.671+0000] {processor.py:840} INFO - DAG(s) 'latest_only_with_trigger' retrieved from /home/airflow/.local/lib/python3.8/site-packages/airflow/example_dags/example_latest_only_with_trigger.py
[2024-05-27T21:08:18.705+0000] {logging_mixin.py:188} INFO - [2024-05-27T21:08:18.705+0000] {dag.py:3096} INFO - Sync 1 DAGs
[2024-05-27T21:08:18.749+0000] {logging_mixin.py:188} INFO - [2024-05-27T21:08:18.749+0000] {dag.py:3954} INFO - Setting next_dagrun for latest_only_with_trigger to 2024-05-27 16:00:00+00:00, run_after=2024-05-27 20:00:00+00:00
[2024-05-27T21:08:18.788+0000] {processor.py:183} INFO - Processing /home/airflow/.local/lib/python3.8/site-packages/airflow/example_dags/example_latest_only_with_trigger.py took 0.142 seconds
[2024-05-27T21:08:49.066+0000] {processor.py:161} INFO - Started process (PID=355) to work on /home/airflow/.local/lib/python3.8/site-packages/airflow/example_dags/example_latest_only_with_trigger.py
[2024-05-27T21:08:49.069+0000] {processor.py:830} INFO - Processing file /home/airflow/.local/lib/python3.8/site-packages/airflow/example_dags/example_latest_only_with_trigger.py for tasks to queue
[2024-05-27T21:08:49.073+0000] {logging_mixin.py:188} INFO - [2024-05-27T21:08:49.072+0000] {dagbag.py:545} INFO - Filling up the DagBag from /home/airflow/.local/lib/python3.8/site-packages/airflow/example_dags/example_latest_only_with_trigger.py
[2024-05-27T21:08:49.082+0000] {processor.py:840} INFO - DAG(s) 'latest_only_with_trigger' retrieved from /home/airflow/.local/lib/python3.8/site-packages/airflow/example_dags/example_latest_only_with_trigger.py
[2024-05-27T21:08:49.125+0000] {logging_mixin.py:188} INFO - [2024-05-27T21:08:49.125+0000] {dag.py:3096} INFO - Sync 1 DAGs
[2024-05-27T21:08:49.181+0000] {logging_mixin.py:188} INFO - [2024-05-27T21:08:49.180+0000] {dag.py:3954} INFO - Setting next_dagrun for latest_only_with_trigger to 2024-05-27 16:00:00+00:00, run_after=2024-05-27 20:00:00+00:00
[2024-05-27T21:08:49.235+0000] {processor.py:183} INFO - Processing /home/airflow/.local/lib/python3.8/site-packages/airflow/example_dags/example_latest_only_with_trigger.py took 0.178 seconds
[2024-05-27T21:09:19.477+0000] {processor.py:161} INFO - Started process (PID=426) to work on /home/airflow/.local/lib/python3.8/site-packages/airflow/example_dags/example_latest_only_with_trigger.py
[2024-05-27T21:09:19.480+0000] {processor.py:830} INFO - Processing file /home/airflow/.local/lib/python3.8/site-packages/airflow/example_dags/example_latest_only_with_trigger.py for tasks to queue
[2024-05-27T21:09:19.484+0000] {logging_mixin.py:188} INFO - [2024-05-27T21:09:19.484+0000] {dagbag.py:545} INFO - Filling up the DagBag from /home/airflow/.local/lib/python3.8/site-packages/airflow/example_dags/example_latest_only_with_trigger.py
[2024-05-27T21:09:19.502+0000] {processor.py:840} INFO - DAG(s) 'latest_only_with_trigger' retrieved from /home/airflow/.local/lib/python3.8/site-packages/airflow/example_dags/example_latest_only_with_trigger.py
[2024-05-27T21:09:19.556+0000] {logging_mixin.py:188} INFO - [2024-05-27T21:09:19.556+0000] {dag.py:3096} INFO - Sync 1 DAGs
[2024-05-27T21:09:19.605+0000] {logging_mixin.py:188} INFO - [2024-05-27T21:09:19.604+0000] {dag.py:3954} INFO - Setting next_dagrun for latest_only_with_trigger to 2024-05-27 16:00:00+00:00, run_after=2024-05-27 20:00:00+00:00
[2024-05-27T21:09:19.671+0000] {processor.py:183} INFO - Processing /home/airflow/.local/lib/python3.8/site-packages/airflow/example_dags/example_latest_only_with_trigger.py took 0.216 seconds
[2024-05-27T21:09:49.844+0000] {processor.py:161} INFO - Started process (PID=494) to work on /home/airflow/.local/lib/python3.8/site-packages/airflow/example_dags/example_latest_only_with_trigger.py
[2024-05-27T21:09:49.847+0000] {processor.py:830} INFO - Processing file /home/airflow/.local/lib/python3.8/site-packages/airflow/example_dags/example_latest_only_with_trigger.py for tasks to queue
[2024-05-27T21:09:49.853+0000] {logging_mixin.py:188} INFO - [2024-05-27T21:09:49.852+0000] {dagbag.py:545} INFO - Filling up the DagBag from /home/airflow/.local/lib/python3.8/site-packages/airflow/example_dags/example_latest_only_with_trigger.py
[2024-05-27T21:09:49.873+0000] {processor.py:840} INFO - DAG(s) 'latest_only_with_trigger' retrieved from /home/airflow/.local/lib/python3.8/site-packages/airflow/example_dags/example_latest_only_with_trigger.py
[2024-05-27T21:09:49.941+0000] {logging_mixin.py:188} INFO - [2024-05-27T21:09:49.940+0000] {dag.py:3096} INFO - Sync 1 DAGs
[2024-05-27T21:09:50.011+0000] {logging_mixin.py:188} INFO - [2024-05-27T21:09:50.011+0000] {dag.py:3954} INFO - Setting next_dagrun for latest_only_with_trigger to 2024-05-27 16:00:00+00:00, run_after=2024-05-27 20:00:00+00:00
[2024-05-27T21:09:50.071+0000] {processor.py:183} INFO - Processing /home/airflow/.local/lib/python3.8/site-packages/airflow/example_dags/example_latest_only_with_trigger.py took 0.246 seconds
[2024-05-27T21:10:21.249+0000] {processor.py:161} INFO - Started process (PID=565) to work on /home/airflow/.local/lib/python3.8/site-packages/airflow/example_dags/example_latest_only_with_trigger.py
[2024-05-27T21:10:21.256+0000] {processor.py:830} INFO - Processing file /home/airflow/.local/lib/python3.8/site-packages/airflow/example_dags/example_latest_only_with_trigger.py for tasks to queue
[2024-05-27T21:10:21.262+0000] {logging_mixin.py:188} INFO - [2024-05-27T21:10:21.260+0000] {dagbag.py:545} INFO - Filling up the DagBag from /home/airflow/.local/lib/python3.8/site-packages/airflow/example_dags/example_latest_only_with_trigger.py
[2024-05-27T21:10:21.274+0000] {processor.py:840} INFO - DAG(s) 'latest_only_with_trigger' retrieved from /home/airflow/.local/lib/python3.8/site-packages/airflow/example_dags/example_latest_only_with_trigger.py
[2024-05-27T21:10:21.370+0000] {logging_mixin.py:188} INFO - [2024-05-27T21:10:21.370+0000] {dag.py:3096} INFO - Sync 1 DAGs
[2024-05-27T21:10:21.456+0000] {logging_mixin.py:188} INFO - [2024-05-27T21:10:21.456+0000] {dag.py:3954} INFO - Setting next_dagrun for latest_only_with_trigger to 2024-05-27 16:00:00+00:00, run_after=2024-05-27 20:00:00+00:00
[2024-05-27T21:10:21.560+0000] {processor.py:183} INFO - Processing /home/airflow/.local/lib/python3.8/site-packages/airflow/example_dags/example_latest_only_with_trigger.py took 0.331 seconds
[2024-05-27T21:10:51.722+0000] {processor.py:161} INFO - Started process (PID=635) to work on /home/airflow/.local/lib/python3.8/site-packages/airflow/example_dags/example_latest_only_with_trigger.py
[2024-05-27T21:10:51.723+0000] {processor.py:830} INFO - Processing file /home/airflow/.local/lib/python3.8/site-packages/airflow/example_dags/example_latest_only_with_trigger.py for tasks to queue
[2024-05-27T21:10:51.727+0000] {logging_mixin.py:188} INFO - [2024-05-27T21:10:51.726+0000] {dagbag.py:545} INFO - Filling up the DagBag from /home/airflow/.local/lib/python3.8/site-packages/airflow/example_dags/example_latest_only_with_trigger.py
[2024-05-27T21:10:51.736+0000] {processor.py:840} INFO - DAG(s) 'latest_only_with_trigger' retrieved from /home/airflow/.local/lib/python3.8/site-packages/airflow/example_dags/example_latest_only_with_trigger.py
[2024-05-27T21:10:51.776+0000] {logging_mixin.py:188} INFO - [2024-05-27T21:10:51.776+0000] {dag.py:3096} INFO - Sync 1 DAGs
[2024-05-27T21:10:51.813+0000] {logging_mixin.py:188} INFO - [2024-05-27T21:10:51.812+0000] {dag.py:3954} INFO - Setting next_dagrun for latest_only_with_trigger to 2024-05-27 16:00:00+00:00, run_after=2024-05-27 20:00:00+00:00
[2024-05-27T21:10:51.856+0000] {processor.py:183} INFO - Processing /home/airflow/.local/lib/python3.8/site-packages/airflow/example_dags/example_latest_only_with_trigger.py took 0.142 seconds
[2024-05-27T21:11:22.401+0000] {processor.py:161} INFO - Started process (PID=704) to work on /home/airflow/.local/lib/python3.8/site-packages/airflow/example_dags/example_latest_only_with_trigger.py
[2024-05-27T21:11:22.403+0000] {processor.py:830} INFO - Processing file /home/airflow/.local/lib/python3.8/site-packages/airflow/example_dags/example_latest_only_with_trigger.py for tasks to queue
[2024-05-27T21:11:22.409+0000] {logging_mixin.py:188} INFO - [2024-05-27T21:11:22.408+0000] {dagbag.py:545} INFO - Filling up the DagBag from /home/airflow/.local/lib/python3.8/site-packages/airflow/example_dags/example_latest_only_with_trigger.py
[2024-05-27T21:11:22.425+0000] {processor.py:840} INFO - DAG(s) 'latest_only_with_trigger' retrieved from /home/airflow/.local/lib/python3.8/site-packages/airflow/example_dags/example_latest_only_with_trigger.py
[2024-05-27T21:11:22.470+0000] {logging_mixin.py:188} INFO - [2024-05-27T21:11:22.470+0000] {dag.py:3096} INFO - Sync 1 DAGs
[2024-05-27T21:11:22.529+0000] {logging_mixin.py:188} INFO - [2024-05-27T21:11:22.528+0000] {dag.py:3954} INFO - Setting next_dagrun for latest_only_with_trigger to 2024-05-27 16:00:00+00:00, run_after=2024-05-27 20:00:00+00:00
[2024-05-27T21:11:22.581+0000] {processor.py:183} INFO - Processing /home/airflow/.local/lib/python3.8/site-packages/airflow/example_dags/example_latest_only_with_trigger.py took 0.194 seconds
[2024-05-27T21:11:53.352+0000] {processor.py:161} INFO - Started process (PID=773) to work on /home/airflow/.local/lib/python3.8/site-packages/airflow/example_dags/example_latest_only_with_trigger.py
[2024-05-27T21:11:53.354+0000] {processor.py:830} INFO - Processing file /home/airflow/.local/lib/python3.8/site-packages/airflow/example_dags/example_latest_only_with_trigger.py for tasks to queue
[2024-05-27T21:11:53.357+0000] {logging_mixin.py:188} INFO - [2024-05-27T21:11:53.357+0000] {dagbag.py:545} INFO - Filling up the DagBag from /home/airflow/.local/lib/python3.8/site-packages/airflow/example_dags/example_latest_only_with_trigger.py
[2024-05-27T21:11:53.370+0000] {processor.py:840} INFO - DAG(s) 'latest_only_with_trigger' retrieved from /home/airflow/.local/lib/python3.8/site-packages/airflow/example_dags/example_latest_only_with_trigger.py
[2024-05-27T21:11:53.425+0000] {logging_mixin.py:188} INFO - [2024-05-27T21:11:53.424+0000] {dag.py:3096} INFO - Sync 1 DAGs
[2024-05-27T21:11:53.500+0000] {logging_mixin.py:188} INFO - [2024-05-27T21:11:53.500+0000] {dag.py:3954} INFO - Setting next_dagrun for latest_only_with_trigger to 2024-05-27 16:00:00+00:00, run_after=2024-05-27 20:00:00+00:00
[2024-05-27T21:11:53.570+0000] {processor.py:183} INFO - Processing /home/airflow/.local/lib/python3.8/site-packages/airflow/example_dags/example_latest_only_with_trigger.py took 0.235 seconds
[2024-05-27T21:12:23.936+0000] {processor.py:161} INFO - Started process (PID=844) to work on /home/airflow/.local/lib/python3.8/site-packages/airflow/example_dags/example_latest_only_with_trigger.py
[2024-05-27T21:12:23.937+0000] {processor.py:830} INFO - Processing file /home/airflow/.local/lib/python3.8/site-packages/airflow/example_dags/example_latest_only_with_trigger.py for tasks to queue
[2024-05-27T21:12:23.939+0000] {logging_mixin.py:188} INFO - [2024-05-27T21:12:23.939+0000] {dagbag.py:545} INFO - Filling up the DagBag from /home/airflow/.local/lib/python3.8/site-packages/airflow/example_dags/example_latest_only_with_trigger.py
[2024-05-27T21:12:23.945+0000] {processor.py:840} INFO - DAG(s) 'latest_only_with_trigger' retrieved from /home/airflow/.local/lib/python3.8/site-packages/airflow/example_dags/example_latest_only_with_trigger.py
[2024-05-27T21:12:23.966+0000] {logging_mixin.py:188} INFO - [2024-05-27T21:12:23.966+0000] {dag.py:3096} INFO - Sync 1 DAGs
[2024-05-27T21:12:23.986+0000] {logging_mixin.py:188} INFO - [2024-05-27T21:12:23.986+0000] {dag.py:3954} INFO - Setting next_dagrun for latest_only_with_trigger to 2024-05-27 16:00:00+00:00, run_after=2024-05-27 20:00:00+00:00
[2024-05-27T21:12:24.010+0000] {processor.py:183} INFO - Processing /home/airflow/.local/lib/python3.8/site-packages/airflow/example_dags/example_latest_only_with_trigger.py took 0.079 seconds
[2024-05-27T21:12:54.610+0000] {processor.py:161} INFO - Started process (PID=914) to work on /home/airflow/.local/lib/python3.8/site-packages/airflow/example_dags/example_latest_only_with_trigger.py
[2024-05-27T21:12:54.613+0000] {processor.py:830} INFO - Processing file /home/airflow/.local/lib/python3.8/site-packages/airflow/example_dags/example_latest_only_with_trigger.py for tasks to queue
[2024-05-27T21:12:54.616+0000] {logging_mixin.py:188} INFO - [2024-05-27T21:12:54.616+0000] {dagbag.py:545} INFO - Filling up the DagBag from /home/airflow/.local/lib/python3.8/site-packages/airflow/example_dags/example_latest_only_with_trigger.py
[2024-05-27T21:12:54.635+0000] {processor.py:840} INFO - DAG(s) 'latest_only_with_trigger' retrieved from /home/airflow/.local/lib/python3.8/site-packages/airflow/example_dags/example_latest_only_with_trigger.py
[2024-05-27T21:12:54.670+0000] {logging_mixin.py:188} INFO - [2024-05-27T21:12:54.670+0000] {dag.py:3096} INFO - Sync 1 DAGs
[2024-05-27T21:12:54.718+0000] {logging_mixin.py:188} INFO - [2024-05-27T21:12:54.717+0000] {dag.py:3954} INFO - Setting next_dagrun for latest_only_with_trigger to 2024-05-27 16:00:00+00:00, run_after=2024-05-27 20:00:00+00:00
[2024-05-27T21:12:54.756+0000] {processor.py:183} INFO - Processing /home/airflow/.local/lib/python3.8/site-packages/airflow/example_dags/example_latest_only_with_trigger.py took 0.172 seconds
[2024-05-27T21:13:25.257+0000] {processor.py:161} INFO - Started process (PID=992) to work on /home/airflow/.local/lib/python3.8/site-packages/airflow/example_dags/example_latest_only_with_trigger.py
[2024-05-27T21:13:25.261+0000] {processor.py:830} INFO - Processing file /home/airflow/.local/lib/python3.8/site-packages/airflow/example_dags/example_latest_only_with_trigger.py for tasks to queue
[2024-05-27T21:13:25.264+0000] {logging_mixin.py:188} INFO - [2024-05-27T21:13:25.263+0000] {dagbag.py:545} INFO - Filling up the DagBag from /home/airflow/.local/lib/python3.8/site-packages/airflow/example_dags/example_latest_only_with_trigger.py
[2024-05-27T21:13:25.275+0000] {processor.py:840} INFO - DAG(s) 'latest_only_with_trigger' retrieved from /home/airflow/.local/lib/python3.8/site-packages/airflow/example_dags/example_latest_only_with_trigger.py
[2024-05-27T21:13:25.303+0000] {logging_mixin.py:188} INFO - [2024-05-27T21:13:25.303+0000] {dag.py:3096} INFO - Sync 1 DAGs
[2024-05-27T21:13:25.332+0000] {logging_mixin.py:188} INFO - [2024-05-27T21:13:25.331+0000] {dag.py:3954} INFO - Setting next_dagrun for latest_only_with_trigger to 2024-05-27 16:00:00+00:00, run_after=2024-05-27 20:00:00+00:00
[2024-05-27T21:13:25.359+0000] {processor.py:183} INFO - Processing /home/airflow/.local/lib/python3.8/site-packages/airflow/example_dags/example_latest_only_with_trigger.py took 0.110 seconds
[2024-05-27T21:13:55.721+0000] {processor.py:161} INFO - Started process (PID=1061) to work on /home/airflow/.local/lib/python3.8/site-packages/airflow/example_dags/example_latest_only_with_trigger.py
[2024-05-27T21:13:55.723+0000] {processor.py:830} INFO - Processing file /home/airflow/.local/lib/python3.8/site-packages/airflow/example_dags/example_latest_only_with_trigger.py for tasks to queue
[2024-05-27T21:13:55.725+0000] {logging_mixin.py:188} INFO - [2024-05-27T21:13:55.725+0000] {dagbag.py:545} INFO - Filling up the DagBag from /home/airflow/.local/lib/python3.8/site-packages/airflow/example_dags/example_latest_only_with_trigger.py
[2024-05-27T21:13:55.732+0000] {processor.py:840} INFO - DAG(s) 'latest_only_with_trigger' retrieved from /home/airflow/.local/lib/python3.8/site-packages/airflow/example_dags/example_latest_only_with_trigger.py
[2024-05-27T21:13:55.756+0000] {logging_mixin.py:188} INFO - [2024-05-27T21:13:55.756+0000] {dag.py:3096} INFO - Sync 1 DAGs
[2024-05-27T21:13:55.778+0000] {logging_mixin.py:188} INFO - [2024-05-27T21:13:55.778+0000] {dag.py:3954} INFO - Setting next_dagrun for latest_only_with_trigger to 2024-05-27 16:00:00+00:00, run_after=2024-05-27 20:00:00+00:00
[2024-05-27T21:13:55.804+0000] {processor.py:183} INFO - Processing /home/airflow/.local/lib/python3.8/site-packages/airflow/example_dags/example_latest_only_with_trigger.py took 0.091 seconds
[2024-05-27T21:14:26.247+0000] {processor.py:161} INFO - Started process (PID=1131) to work on /home/airflow/.local/lib/python3.8/site-packages/airflow/example_dags/example_latest_only_with_trigger.py
[2024-05-27T21:14:26.248+0000] {processor.py:830} INFO - Processing file /home/airflow/.local/lib/python3.8/site-packages/airflow/example_dags/example_latest_only_with_trigger.py for tasks to queue
[2024-05-27T21:14:26.251+0000] {logging_mixin.py:188} INFO - [2024-05-27T21:14:26.250+0000] {dagbag.py:545} INFO - Filling up the DagBag from /home/airflow/.local/lib/python3.8/site-packages/airflow/example_dags/example_latest_only_with_trigger.py
[2024-05-27T21:14:26.258+0000] {processor.py:840} INFO - DAG(s) 'latest_only_with_trigger' retrieved from /home/airflow/.local/lib/python3.8/site-packages/airflow/example_dags/example_latest_only_with_trigger.py
[2024-05-27T21:14:26.283+0000] {logging_mixin.py:188} INFO - [2024-05-27T21:14:26.282+0000] {dag.py:3096} INFO - Sync 1 DAGs
[2024-05-27T21:14:26.308+0000] {logging_mixin.py:188} INFO - [2024-05-27T21:14:26.308+0000] {dag.py:3954} INFO - Setting next_dagrun for latest_only_with_trigger to 2024-05-27 16:00:00+00:00, run_after=2024-05-27 20:00:00+00:00
[2024-05-27T21:14:26.335+0000] {processor.py:183} INFO - Processing /home/airflow/.local/lib/python3.8/site-packages/airflow/example_dags/example_latest_only_with_trigger.py took 0.096 seconds
[2024-05-27T21:14:57.392+0000] {processor.py:161} INFO - Started process (PID=1210) to work on /home/airflow/.local/lib/python3.8/site-packages/airflow/example_dags/example_latest_only_with_trigger.py
[2024-05-27T21:14:57.393+0000] {processor.py:830} INFO - Processing file /home/airflow/.local/lib/python3.8/site-packages/airflow/example_dags/example_latest_only_with_trigger.py for tasks to queue
[2024-05-27T21:14:57.395+0000] {logging_mixin.py:188} INFO - [2024-05-27T21:14:57.395+0000] {dagbag.py:545} INFO - Filling up the DagBag from /home/airflow/.local/lib/python3.8/site-packages/airflow/example_dags/example_latest_only_with_trigger.py
[2024-05-27T21:14:57.401+0000] {processor.py:840} INFO - DAG(s) 'latest_only_with_trigger' retrieved from /home/airflow/.local/lib/python3.8/site-packages/airflow/example_dags/example_latest_only_with_trigger.py
[2024-05-27T21:14:57.424+0000] {logging_mixin.py:188} INFO - [2024-05-27T21:14:57.424+0000] {dag.py:3096} INFO - Sync 1 DAGs
[2024-05-27T21:14:57.445+0000] {logging_mixin.py:188} INFO - [2024-05-27T21:14:57.445+0000] {dag.py:3954} INFO - Setting next_dagrun for latest_only_with_trigger to 2024-05-27 16:00:00+00:00, run_after=2024-05-27 20:00:00+00:00
[2024-05-27T21:14:57.469+0000] {processor.py:183} INFO - Processing /home/airflow/.local/lib/python3.8/site-packages/airflow/example_dags/example_latest_only_with_trigger.py took 0.084 seconds
[2024-05-27T21:15:28.012+0000] {processor.py:161} INFO - Started process (PID=1280) to work on /home/airflow/.local/lib/python3.8/site-packages/airflow/example_dags/example_latest_only_with_trigger.py
[2024-05-27T21:15:28.014+0000] {processor.py:830} INFO - Processing file /home/airflow/.local/lib/python3.8/site-packages/airflow/example_dags/example_latest_only_with_trigger.py for tasks to queue
[2024-05-27T21:15:28.016+0000] {logging_mixin.py:188} INFO - [2024-05-27T21:15:28.015+0000] {dagbag.py:545} INFO - Filling up the DagBag from /home/airflow/.local/lib/python3.8/site-packages/airflow/example_dags/example_latest_only_with_trigger.py
[2024-05-27T21:15:28.022+0000] {processor.py:840} INFO - DAG(s) 'latest_only_with_trigger' retrieved from /home/airflow/.local/lib/python3.8/site-packages/airflow/example_dags/example_latest_only_with_trigger.py
[2024-05-27T21:15:28.044+0000] {logging_mixin.py:188} INFO - [2024-05-27T21:15:28.044+0000] {dag.py:3096} INFO - Sync 1 DAGs
[2024-05-27T21:15:28.068+0000] {logging_mixin.py:188} INFO - [2024-05-27T21:15:28.067+0000] {dag.py:3954} INFO - Setting next_dagrun for latest_only_with_trigger to 2024-05-27 16:00:00+00:00, run_after=2024-05-27 20:00:00+00:00
[2024-05-27T21:15:28.092+0000] {processor.py:183} INFO - Processing /home/airflow/.local/lib/python3.8/site-packages/airflow/example_dags/example_latest_only_with_trigger.py took 0.086 seconds
[2024-05-27T21:15:58.362+0000] {processor.py:161} INFO - Started process (PID=1358) to work on /home/airflow/.local/lib/python3.8/site-packages/airflow/example_dags/example_latest_only_with_trigger.py
[2024-05-27T21:15:58.364+0000] {processor.py:830} INFO - Processing file /home/airflow/.local/lib/python3.8/site-packages/airflow/example_dags/example_latest_only_with_trigger.py for tasks to queue
[2024-05-27T21:15:58.368+0000] {logging_mixin.py:188} INFO - [2024-05-27T21:15:58.367+0000] {dagbag.py:545} INFO - Filling up the DagBag from /home/airflow/.local/lib/python3.8/site-packages/airflow/example_dags/example_latest_only_with_trigger.py
[2024-05-27T21:15:58.374+0000] {processor.py:840} INFO - DAG(s) 'latest_only_with_trigger' retrieved from /home/airflow/.local/lib/python3.8/site-packages/airflow/example_dags/example_latest_only_with_trigger.py
[2024-05-27T21:15:58.401+0000] {logging_mixin.py:188} INFO - [2024-05-27T21:15:58.401+0000] {dag.py:3096} INFO - Sync 1 DAGs
[2024-05-27T21:15:58.427+0000] {logging_mixin.py:188} INFO - [2024-05-27T21:15:58.426+0000] {dag.py:3954} INFO - Setting next_dagrun for latest_only_with_trigger to 2024-05-27 16:00:00+00:00, run_after=2024-05-27 20:00:00+00:00
[2024-05-27T21:15:58.451+0000] {processor.py:183} INFO - Processing /home/airflow/.local/lib/python3.8/site-packages/airflow/example_dags/example_latest_only_with_trigger.py took 0.098 seconds
[2024-05-27T21:16:28.707+0000] {processor.py:161} INFO - Started process (PID=1428) to work on /home/airflow/.local/lib/python3.8/site-packages/airflow/example_dags/example_latest_only_with_trigger.py
[2024-05-27T21:16:28.709+0000] {processor.py:830} INFO - Processing file /home/airflow/.local/lib/python3.8/site-packages/airflow/example_dags/example_latest_only_with_trigger.py for tasks to queue
[2024-05-27T21:16:28.711+0000] {logging_mixin.py:188} INFO - [2024-05-27T21:16:28.711+0000] {dagbag.py:545} INFO - Filling up the DagBag from /home/airflow/.local/lib/python3.8/site-packages/airflow/example_dags/example_latest_only_with_trigger.py
[2024-05-27T21:16:28.718+0000] {processor.py:840} INFO - DAG(s) 'latest_only_with_trigger' retrieved from /home/airflow/.local/lib/python3.8/site-packages/airflow/example_dags/example_latest_only_with_trigger.py
[2024-05-27T21:16:28.743+0000] {logging_mixin.py:188} INFO - [2024-05-27T21:16:28.743+0000] {dag.py:3096} INFO - Sync 1 DAGs
[2024-05-27T21:16:28.766+0000] {logging_mixin.py:188} INFO - [2024-05-27T21:16:28.766+0000] {dag.py:3954} INFO - Setting next_dagrun for latest_only_with_trigger to 2024-05-27 16:00:00+00:00, run_after=2024-05-27 20:00:00+00:00
[2024-05-27T21:16:28.790+0000] {processor.py:183} INFO - Processing /home/airflow/.local/lib/python3.8/site-packages/airflow/example_dags/example_latest_only_with_trigger.py took 0.089 seconds
[2024-05-27T21:16:59.220+0000] {processor.py:161} INFO - Started process (PID=1500) to work on /home/airflow/.local/lib/python3.8/site-packages/airflow/example_dags/example_latest_only_with_trigger.py
[2024-05-27T21:16:59.222+0000] {processor.py:830} INFO - Processing file /home/airflow/.local/lib/python3.8/site-packages/airflow/example_dags/example_latest_only_with_trigger.py for tasks to queue
[2024-05-27T21:16:59.225+0000] {logging_mixin.py:188} INFO - [2024-05-27T21:16:59.224+0000] {dagbag.py:545} INFO - Filling up the DagBag from /home/airflow/.local/lib/python3.8/site-packages/airflow/example_dags/example_latest_only_with_trigger.py
[2024-05-27T21:16:59.234+0000] {processor.py:840} INFO - DAG(s) 'latest_only_with_trigger' retrieved from /home/airflow/.local/lib/python3.8/site-packages/airflow/example_dags/example_latest_only_with_trigger.py
[2024-05-27T21:16:59.270+0000] {logging_mixin.py:188} INFO - [2024-05-27T21:16:59.270+0000] {dag.py:3096} INFO - Sync 1 DAGs
[2024-05-27T21:16:59.300+0000] {logging_mixin.py:188} INFO - [2024-05-27T21:16:59.300+0000] {dag.py:3954} INFO - Setting next_dagrun for latest_only_with_trigger to 2024-05-27 16:00:00+00:00, run_after=2024-05-27 20:00:00+00:00
[2024-05-27T21:16:59.320+0000] {processor.py:183} INFO - Processing /home/airflow/.local/lib/python3.8/site-packages/airflow/example_dags/example_latest_only_with_trigger.py took 0.110 seconds
[2024-05-27T21:17:29.586+0000] {processor.py:161} INFO - Started process (PID=1578) to work on /home/airflow/.local/lib/python3.8/site-packages/airflow/example_dags/example_latest_only_with_trigger.py
[2024-05-27T21:17:29.587+0000] {processor.py:830} INFO - Processing file /home/airflow/.local/lib/python3.8/site-packages/airflow/example_dags/example_latest_only_with_trigger.py for tasks to queue
[2024-05-27T21:17:29.589+0000] {logging_mixin.py:188} INFO - [2024-05-27T21:17:29.589+0000] {dagbag.py:545} INFO - Filling up the DagBag from /home/airflow/.local/lib/python3.8/site-packages/airflow/example_dags/example_latest_only_with_trigger.py
[2024-05-27T21:17:29.596+0000] {processor.py:840} INFO - DAG(s) 'latest_only_with_trigger' retrieved from /home/airflow/.local/lib/python3.8/site-packages/airflow/example_dags/example_latest_only_with_trigger.py
[2024-05-27T21:17:29.618+0000] {logging_mixin.py:188} INFO - [2024-05-27T21:17:29.617+0000] {dag.py:3096} INFO - Sync 1 DAGs
[2024-05-27T21:17:29.641+0000] {logging_mixin.py:188} INFO - [2024-05-27T21:17:29.641+0000] {dag.py:3954} INFO - Setting next_dagrun for latest_only_with_trigger to 2024-05-27 16:00:00+00:00, run_after=2024-05-27 20:00:00+00:00
[2024-05-27T21:17:29.665+0000] {processor.py:183} INFO - Processing /home/airflow/.local/lib/python3.8/site-packages/airflow/example_dags/example_latest_only_with_trigger.py took 0.087 seconds
[2024-05-27T21:18:10.141+0000] {processor.py:161} INFO - Started process (PID=1648) to work on /home/airflow/.local/lib/python3.8/site-packages/airflow/example_dags/example_latest_only_with_trigger.py
[2024-05-27T21:18:10.151+0000] {processor.py:830} INFO - Processing file /home/airflow/.local/lib/python3.8/site-packages/airflow/example_dags/example_latest_only_with_trigger.py for tasks to queue
[2024-05-27T21:18:10.161+0000] {logging_mixin.py:188} INFO - [2024-05-27T21:18:10.160+0000] {dagbag.py:545} INFO - Filling up the DagBag from /home/airflow/.local/lib/python3.8/site-packages/airflow/example_dags/example_latest_only_with_trigger.py
[2024-05-27T21:18:10.188+0000] {processor.py:840} INFO - DAG(s) 'latest_only_with_trigger' retrieved from /home/airflow/.local/lib/python3.8/site-packages/airflow/example_dags/example_latest_only_with_trigger.py
[2024-05-27T21:18:10.325+0000] {logging_mixin.py:188} INFO - [2024-05-27T21:18:10.325+0000] {dag.py:3096} INFO - Sync 1 DAGs
[2024-05-27T21:18:10.378+0000] {logging_mixin.py:188} INFO - [2024-05-27T21:18:10.378+0000] {dag.py:3954} INFO - Setting next_dagrun for latest_only_with_trigger to 2024-05-27 16:00:00+00:00, run_after=2024-05-27 20:00:00+00:00
[2024-05-27T21:18:10.479+0000] {processor.py:183} INFO - Processing /home/airflow/.local/lib/python3.8/site-packages/airflow/example_dags/example_latest_only_with_trigger.py took 0.370 seconds
[2024-05-27T21:18:40.998+0000] {processor.py:161} INFO - Started process (PID=1728) to work on /home/airflow/.local/lib/python3.8/site-packages/airflow/example_dags/example_latest_only_with_trigger.py
[2024-05-27T21:18:41.000+0000] {processor.py:830} INFO - Processing file /home/airflow/.local/lib/python3.8/site-packages/airflow/example_dags/example_latest_only_with_trigger.py for tasks to queue
[2024-05-27T21:18:41.002+0000] {logging_mixin.py:188} INFO - [2024-05-27T21:18:41.002+0000] {dagbag.py:545} INFO - Filling up the DagBag from /home/airflow/.local/lib/python3.8/site-packages/airflow/example_dags/example_latest_only_with_trigger.py
[2024-05-27T21:18:41.014+0000] {processor.py:840} INFO - DAG(s) 'latest_only_with_trigger' retrieved from /home/airflow/.local/lib/python3.8/site-packages/airflow/example_dags/example_latest_only_with_trigger.py
[2024-05-27T21:18:41.044+0000] {logging_mixin.py:188} INFO - [2024-05-27T21:18:41.044+0000] {dag.py:3096} INFO - Sync 1 DAGs
[2024-05-27T21:18:41.070+0000] {logging_mixin.py:188} INFO - [2024-05-27T21:18:41.070+0000] {dag.py:3954} INFO - Setting next_dagrun for latest_only_with_trigger to 2024-05-27 16:00:00+00:00, run_after=2024-05-27 20:00:00+00:00
[2024-05-27T21:18:41.093+0000] {processor.py:183} INFO - Processing /home/airflow/.local/lib/python3.8/site-packages/airflow/example_dags/example_latest_only_with_trigger.py took 0.108 seconds
[2024-05-27T21:19:11.557+0000] {processor.py:161} INFO - Started process (PID=1798) to work on /home/airflow/.local/lib/python3.8/site-packages/airflow/example_dags/example_latest_only_with_trigger.py
[2024-05-27T21:19:11.559+0000] {processor.py:830} INFO - Processing file /home/airflow/.local/lib/python3.8/site-packages/airflow/example_dags/example_latest_only_with_trigger.py for tasks to queue
[2024-05-27T21:19:11.561+0000] {logging_mixin.py:188} INFO - [2024-05-27T21:19:11.561+0000] {dagbag.py:545} INFO - Filling up the DagBag from /home/airflow/.local/lib/python3.8/site-packages/airflow/example_dags/example_latest_only_with_trigger.py
[2024-05-27T21:19:11.567+0000] {processor.py:840} INFO - DAG(s) 'latest_only_with_trigger' retrieved from /home/airflow/.local/lib/python3.8/site-packages/airflow/example_dags/example_latest_only_with_trigger.py
[2024-05-27T21:19:11.600+0000] {logging_mixin.py:188} INFO - [2024-05-27T21:19:11.600+0000] {dag.py:3096} INFO - Sync 1 DAGs
[2024-05-27T21:19:11.632+0000] {logging_mixin.py:188} INFO - [2024-05-27T21:19:11.632+0000] {dag.py:3954} INFO - Setting next_dagrun for latest_only_with_trigger to 2024-05-27 16:00:00+00:00, run_after=2024-05-27 20:00:00+00:00
[2024-05-27T21:19:11.659+0000] {processor.py:183} INFO - Processing /home/airflow/.local/lib/python3.8/site-packages/airflow/example_dags/example_latest_only_with_trigger.py took 0.111 seconds
[2024-05-27T21:19:42.344+0000] {processor.py:161} INFO - Started process (PID=1868) to work on /home/airflow/.local/lib/python3.8/site-packages/airflow/example_dags/example_latest_only_with_trigger.py
[2024-05-27T21:19:42.346+0000] {processor.py:830} INFO - Processing file /home/airflow/.local/lib/python3.8/site-packages/airflow/example_dags/example_latest_only_with_trigger.py for tasks to queue
[2024-05-27T21:19:42.348+0000] {logging_mixin.py:188} INFO - [2024-05-27T21:19:42.348+0000] {dagbag.py:545} INFO - Filling up the DagBag from /home/airflow/.local/lib/python3.8/site-packages/airflow/example_dags/example_latest_only_with_trigger.py
[2024-05-27T21:19:42.355+0000] {processor.py:840} INFO - DAG(s) 'latest_only_with_trigger' retrieved from /home/airflow/.local/lib/python3.8/site-packages/airflow/example_dags/example_latest_only_with_trigger.py
[2024-05-27T21:19:42.381+0000] {logging_mixin.py:188} INFO - [2024-05-27T21:19:42.381+0000] {dag.py:3096} INFO - Sync 1 DAGs
[2024-05-27T21:19:42.406+0000] {logging_mixin.py:188} INFO - [2024-05-27T21:19:42.406+0000] {dag.py:3954} INFO - Setting next_dagrun for latest_only_with_trigger to 2024-05-27 16:00:00+00:00, run_after=2024-05-27 20:00:00+00:00
[2024-05-27T21:19:42.429+0000] {processor.py:183} INFO - Processing /home/airflow/.local/lib/python3.8/site-packages/airflow/example_dags/example_latest_only_with_trigger.py took 0.090 seconds
[2024-05-27T21:20:13.114+0000] {processor.py:161} INFO - Started process (PID=1945) to work on /home/airflow/.local/lib/python3.8/site-packages/airflow/example_dags/example_latest_only_with_trigger.py
[2024-05-27T21:20:13.115+0000] {processor.py:830} INFO - Processing file /home/airflow/.local/lib/python3.8/site-packages/airflow/example_dags/example_latest_only_with_trigger.py for tasks to queue
[2024-05-27T21:20:13.118+0000] {logging_mixin.py:188} INFO - [2024-05-27T21:20:13.117+0000] {dagbag.py:545} INFO - Filling up the DagBag from /home/airflow/.local/lib/python3.8/site-packages/airflow/example_dags/example_latest_only_with_trigger.py
[2024-05-27T21:20:13.127+0000] {processor.py:840} INFO - DAG(s) 'latest_only_with_trigger' retrieved from /home/airflow/.local/lib/python3.8/site-packages/airflow/example_dags/example_latest_only_with_trigger.py
[2024-05-27T21:20:13.154+0000] {logging_mixin.py:188} INFO - [2024-05-27T21:20:13.154+0000] {dag.py:3096} INFO - Sync 1 DAGs
[2024-05-27T21:20:13.181+0000] {logging_mixin.py:188} INFO - [2024-05-27T21:20:13.180+0000] {dag.py:3954} INFO - Setting next_dagrun for latest_only_with_trigger to 2024-05-27 16:00:00+00:00, run_after=2024-05-27 20:00:00+00:00
[2024-05-27T21:20:13.210+0000] {processor.py:183} INFO - Processing /home/airflow/.local/lib/python3.8/site-packages/airflow/example_dags/example_latest_only_with_trigger.py took 0.102 seconds
[2024-05-27T21:20:43.905+0000] {processor.py:161} INFO - Started process (PID=2017) to work on /home/airflow/.local/lib/python3.8/site-packages/airflow/example_dags/example_latest_only_with_trigger.py
[2024-05-27T21:20:43.906+0000] {processor.py:830} INFO - Processing file /home/airflow/.local/lib/python3.8/site-packages/airflow/example_dags/example_latest_only_with_trigger.py for tasks to queue
[2024-05-27T21:20:43.909+0000] {logging_mixin.py:188} INFO - [2024-05-27T21:20:43.908+0000] {dagbag.py:545} INFO - Filling up the DagBag from /home/airflow/.local/lib/python3.8/site-packages/airflow/example_dags/example_latest_only_with_trigger.py
[2024-05-27T21:20:43.914+0000] {processor.py:840} INFO - DAG(s) 'latest_only_with_trigger' retrieved from /home/airflow/.local/lib/python3.8/site-packages/airflow/example_dags/example_latest_only_with_trigger.py
[2024-05-27T21:20:43.940+0000] {logging_mixin.py:188} INFO - [2024-05-27T21:20:43.940+0000] {dag.py:3096} INFO - Sync 1 DAGs
[2024-05-27T21:20:43.963+0000] {logging_mixin.py:188} INFO - [2024-05-27T21:20:43.963+0000] {dag.py:3954} INFO - Setting next_dagrun for latest_only_with_trigger to 2024-05-27 16:00:00+00:00, run_after=2024-05-27 20:00:00+00:00
[2024-05-27T21:20:43.986+0000] {processor.py:183} INFO - Processing /home/airflow/.local/lib/python3.8/site-packages/airflow/example_dags/example_latest_only_with_trigger.py took 0.089 seconds
[2024-05-27T21:21:14.729+0000] {processor.py:161} INFO - Started process (PID=2103) to work on /home/airflow/.local/lib/python3.8/site-packages/airflow/example_dags/example_latest_only_with_trigger.py
[2024-05-27T21:21:14.732+0000] {processor.py:830} INFO - Processing file /home/airflow/.local/lib/python3.8/site-packages/airflow/example_dags/example_latest_only_with_trigger.py for tasks to queue
[2024-05-27T21:21:14.738+0000] {logging_mixin.py:188} INFO - [2024-05-27T21:21:14.737+0000] {dagbag.py:545} INFO - Filling up the DagBag from /home/airflow/.local/lib/python3.8/site-packages/airflow/example_dags/example_latest_only_with_trigger.py
[2024-05-27T21:21:14.763+0000] {processor.py:840} INFO - DAG(s) 'latest_only_with_trigger' retrieved from /home/airflow/.local/lib/python3.8/site-packages/airflow/example_dags/example_latest_only_with_trigger.py
[2024-05-27T21:21:14.860+0000] {logging_mixin.py:188} INFO - [2024-05-27T21:21:14.860+0000] {dag.py:3096} INFO - Sync 1 DAGs
[2024-05-27T21:21:14.915+0000] {logging_mixin.py:188} INFO - [2024-05-27T21:21:14.914+0000] {dag.py:3954} INFO - Setting next_dagrun for latest_only_with_trigger to 2024-05-27 16:00:00+00:00, run_after=2024-05-27 20:00:00+00:00
[2024-05-27T21:21:14.960+0000] {processor.py:183} INFO - Processing /home/airflow/.local/lib/python3.8/site-packages/airflow/example_dags/example_latest_only_with_trigger.py took 0.247 seconds
[2024-05-27T21:21:45.073+0000] {processor.py:161} INFO - Started process (PID=2181) to work on /home/airflow/.local/lib/python3.8/site-packages/airflow/example_dags/example_latest_only_with_trigger.py
[2024-05-27T21:21:45.075+0000] {processor.py:830} INFO - Processing file /home/airflow/.local/lib/python3.8/site-packages/airflow/example_dags/example_latest_only_with_trigger.py for tasks to queue
[2024-05-27T21:21:45.078+0000] {logging_mixin.py:188} INFO - [2024-05-27T21:21:45.078+0000] {dagbag.py:545} INFO - Filling up the DagBag from /home/airflow/.local/lib/python3.8/site-packages/airflow/example_dags/example_latest_only_with_trigger.py
[2024-05-27T21:21:45.088+0000] {processor.py:840} INFO - DAG(s) 'latest_only_with_trigger' retrieved from /home/airflow/.local/lib/python3.8/site-packages/airflow/example_dags/example_latest_only_with_trigger.py
[2024-05-27T21:21:45.124+0000] {logging_mixin.py:188} INFO - [2024-05-27T21:21:45.123+0000] {dag.py:3096} INFO - Sync 1 DAGs
[2024-05-27T21:21:45.150+0000] {logging_mixin.py:188} INFO - [2024-05-27T21:21:45.150+0000] {dag.py:3954} INFO - Setting next_dagrun for latest_only_with_trigger to 2024-05-27 16:00:00+00:00, run_after=2024-05-27 20:00:00+00:00
[2024-05-27T21:21:45.173+0000] {processor.py:183} INFO - Processing /home/airflow/.local/lib/python3.8/site-packages/airflow/example_dags/example_latest_only_with_trigger.py took 0.110 seconds
[2024-05-27T21:22:15.939+0000] {processor.py:161} INFO - Started process (PID=2257) to work on /home/airflow/.local/lib/python3.8/site-packages/airflow/example_dags/example_latest_only_with_trigger.py
[2024-05-27T21:22:15.940+0000] {processor.py:830} INFO - Processing file /home/airflow/.local/lib/python3.8/site-packages/airflow/example_dags/example_latest_only_with_trigger.py for tasks to queue
[2024-05-27T21:22:15.943+0000] {logging_mixin.py:188} INFO - [2024-05-27T21:22:15.942+0000] {dagbag.py:545} INFO - Filling up the DagBag from /home/airflow/.local/lib/python3.8/site-packages/airflow/example_dags/example_latest_only_with_trigger.py
[2024-05-27T21:22:15.951+0000] {processor.py:840} INFO - DAG(s) 'latest_only_with_trigger' retrieved from /home/airflow/.local/lib/python3.8/site-packages/airflow/example_dags/example_latest_only_with_trigger.py
[2024-05-27T21:22:15.977+0000] {logging_mixin.py:188} INFO - [2024-05-27T21:22:15.977+0000] {dag.py:3096} INFO - Sync 1 DAGs
[2024-05-27T21:22:16.005+0000] {logging_mixin.py:188} INFO - [2024-05-27T21:22:16.005+0000] {dag.py:3954} INFO - Setting next_dagrun for latest_only_with_trigger to 2024-05-27 16:00:00+00:00, run_after=2024-05-27 20:00:00+00:00
[2024-05-27T21:22:16.027+0000] {processor.py:183} INFO - Processing /home/airflow/.local/lib/python3.8/site-packages/airflow/example_dags/example_latest_only_with_trigger.py took 0.096 seconds
[2024-05-27T21:22:46.358+0000] {processor.py:161} INFO - Started process (PID=2328) to work on /home/airflow/.local/lib/python3.8/site-packages/airflow/example_dags/example_latest_only_with_trigger.py
[2024-05-27T21:22:46.361+0000] {processor.py:830} INFO - Processing file /home/airflow/.local/lib/python3.8/site-packages/airflow/example_dags/example_latest_only_with_trigger.py for tasks to queue
[2024-05-27T21:22:46.364+0000] {logging_mixin.py:188} INFO - [2024-05-27T21:22:46.363+0000] {dagbag.py:545} INFO - Filling up the DagBag from /home/airflow/.local/lib/python3.8/site-packages/airflow/example_dags/example_latest_only_with_trigger.py
[2024-05-27T21:22:46.371+0000] {processor.py:840} INFO - DAG(s) 'latest_only_with_trigger' retrieved from /home/airflow/.local/lib/python3.8/site-packages/airflow/example_dags/example_latest_only_with_trigger.py
[2024-05-27T21:22:46.392+0000] {logging_mixin.py:188} INFO - [2024-05-27T21:22:46.391+0000] {dag.py:3096} INFO - Sync 1 DAGs
[2024-05-27T21:22:46.414+0000] {logging_mixin.py:188} INFO - [2024-05-27T21:22:46.414+0000] {dag.py:3954} INFO - Setting next_dagrun for latest_only_with_trigger to 2024-05-27 16:00:00+00:00, run_after=2024-05-27 20:00:00+00:00
[2024-05-27T21:22:46.436+0000] {processor.py:183} INFO - Processing /home/airflow/.local/lib/python3.8/site-packages/airflow/example_dags/example_latest_only_with_trigger.py took 0.086 seconds
[2024-05-27T21:23:17.408+0000] {processor.py:161} INFO - Started process (PID=2398) to work on /home/airflow/.local/lib/python3.8/site-packages/airflow/example_dags/example_latest_only_with_trigger.py
[2024-05-27T21:23:17.410+0000] {processor.py:830} INFO - Processing file /home/airflow/.local/lib/python3.8/site-packages/airflow/example_dags/example_latest_only_with_trigger.py for tasks to queue
[2024-05-27T21:23:17.413+0000] {logging_mixin.py:188} INFO - [2024-05-27T21:23:17.413+0000] {dagbag.py:545} INFO - Filling up the DagBag from /home/airflow/.local/lib/python3.8/site-packages/airflow/example_dags/example_latest_only_with_trigger.py
[2024-05-27T21:23:17.422+0000] {processor.py:840} INFO - DAG(s) 'latest_only_with_trigger' retrieved from /home/airflow/.local/lib/python3.8/site-packages/airflow/example_dags/example_latest_only_with_trigger.py
[2024-05-27T21:23:17.454+0000] {logging_mixin.py:188} INFO - [2024-05-27T21:23:17.454+0000] {dag.py:3096} INFO - Sync 1 DAGs
[2024-05-27T21:23:17.484+0000] {logging_mixin.py:188} INFO - [2024-05-27T21:23:17.484+0000] {dag.py:3954} INFO - Setting next_dagrun for latest_only_with_trigger to 2024-05-27 16:00:00+00:00, run_after=2024-05-27 20:00:00+00:00
[2024-05-27T21:23:17.509+0000] {processor.py:183} INFO - Processing /home/airflow/.local/lib/python3.8/site-packages/airflow/example_dags/example_latest_only_with_trigger.py took 0.107 seconds
[2024-05-27T21:23:47.942+0000] {processor.py:161} INFO - Started process (PID=2476) to work on /home/airflow/.local/lib/python3.8/site-packages/airflow/example_dags/example_latest_only_with_trigger.py
[2024-05-27T21:23:47.944+0000] {processor.py:830} INFO - Processing file /home/airflow/.local/lib/python3.8/site-packages/airflow/example_dags/example_latest_only_with_trigger.py for tasks to queue
[2024-05-27T21:23:47.947+0000] {logging_mixin.py:188} INFO - [2024-05-27T21:23:47.946+0000] {dagbag.py:545} INFO - Filling up the DagBag from /home/airflow/.local/lib/python3.8/site-packages/airflow/example_dags/example_latest_only_with_trigger.py
[2024-05-27T21:23:47.952+0000] {processor.py:840} INFO - DAG(s) 'latest_only_with_trigger' retrieved from /home/airflow/.local/lib/python3.8/site-packages/airflow/example_dags/example_latest_only_with_trigger.py
[2024-05-27T21:23:47.978+0000] {logging_mixin.py:188} INFO - [2024-05-27T21:23:47.977+0000] {dag.py:3096} INFO - Sync 1 DAGs
[2024-05-27T21:23:48.005+0000] {logging_mixin.py:188} INFO - [2024-05-27T21:23:48.005+0000] {dag.py:3954} INFO - Setting next_dagrun for latest_only_with_trigger to 2024-05-27 16:00:00+00:00, run_after=2024-05-27 20:00:00+00:00
[2024-05-27T21:23:48.031+0000] {processor.py:183} INFO - Processing /home/airflow/.local/lib/python3.8/site-packages/airflow/example_dags/example_latest_only_with_trigger.py took 0.095 seconds
[2024-05-27T21:24:18.698+0000] {processor.py:161} INFO - Started process (PID=2547) to work on /home/airflow/.local/lib/python3.8/site-packages/airflow/example_dags/example_latest_only_with_trigger.py
[2024-05-27T21:24:18.699+0000] {processor.py:830} INFO - Processing file /home/airflow/.local/lib/python3.8/site-packages/airflow/example_dags/example_latest_only_with_trigger.py for tasks to queue
[2024-05-27T21:24:18.701+0000] {logging_mixin.py:188} INFO - [2024-05-27T21:24:18.701+0000] {dagbag.py:545} INFO - Filling up the DagBag from /home/airflow/.local/lib/python3.8/site-packages/airflow/example_dags/example_latest_only_with_trigger.py
[2024-05-27T21:24:18.707+0000] {processor.py:840} INFO - DAG(s) 'latest_only_with_trigger' retrieved from /home/airflow/.local/lib/python3.8/site-packages/airflow/example_dags/example_latest_only_with_trigger.py
[2024-05-27T21:24:18.730+0000] {logging_mixin.py:188} INFO - [2024-05-27T21:24:18.730+0000] {dag.py:3096} INFO - Sync 1 DAGs
[2024-05-27T21:24:18.751+0000] {logging_mixin.py:188} INFO - [2024-05-27T21:24:18.751+0000] {dag.py:3954} INFO - Setting next_dagrun for latest_only_with_trigger to 2024-05-27 16:00:00+00:00, run_after=2024-05-27 20:00:00+00:00
[2024-05-27T21:24:18.773+0000] {processor.py:183} INFO - Processing /home/airflow/.local/lib/python3.8/site-packages/airflow/example_dags/example_latest_only_with_trigger.py took 0.081 seconds
[2024-05-27T21:24:49.181+0000] {processor.py:161} INFO - Started process (PID=2617) to work on /home/airflow/.local/lib/python3.8/site-packages/airflow/example_dags/example_latest_only_with_trigger.py
[2024-05-27T21:24:49.182+0000] {processor.py:830} INFO - Processing file /home/airflow/.local/lib/python3.8/site-packages/airflow/example_dags/example_latest_only_with_trigger.py for tasks to queue
[2024-05-27T21:24:49.185+0000] {logging_mixin.py:188} INFO - [2024-05-27T21:24:49.184+0000] {dagbag.py:545} INFO - Filling up the DagBag from /home/airflow/.local/lib/python3.8/site-packages/airflow/example_dags/example_latest_only_with_trigger.py
[2024-05-27T21:24:49.191+0000] {processor.py:840} INFO - DAG(s) 'latest_only_with_trigger' retrieved from /home/airflow/.local/lib/python3.8/site-packages/airflow/example_dags/example_latest_only_with_trigger.py
[2024-05-27T21:24:49.219+0000] {logging_mixin.py:188} INFO - [2024-05-27T21:24:49.219+0000] {dag.py:3096} INFO - Sync 1 DAGs
[2024-05-27T21:24:49.242+0000] {logging_mixin.py:188} INFO - [2024-05-27T21:24:49.242+0000] {dag.py:3954} INFO - Setting next_dagrun for latest_only_with_trigger to 2024-05-27 16:00:00+00:00, run_after=2024-05-27 20:00:00+00:00
[2024-05-27T21:24:49.268+0000] {processor.py:183} INFO - Processing /home/airflow/.local/lib/python3.8/site-packages/airflow/example_dags/example_latest_only_with_trigger.py took 0.093 seconds
[2024-05-27T21:25:19.817+0000] {processor.py:161} INFO - Started process (PID=2695) to work on /home/airflow/.local/lib/python3.8/site-packages/airflow/example_dags/example_latest_only_with_trigger.py
[2024-05-27T21:25:19.819+0000] {processor.py:830} INFO - Processing file /home/airflow/.local/lib/python3.8/site-packages/airflow/example_dags/example_latest_only_with_trigger.py for tasks to queue
[2024-05-27T21:25:19.822+0000] {logging_mixin.py:188} INFO - [2024-05-27T21:25:19.822+0000] {dagbag.py:545} INFO - Filling up the DagBag from /home/airflow/.local/lib/python3.8/site-packages/airflow/example_dags/example_latest_only_with_trigger.py
[2024-05-27T21:25:19.839+0000] {processor.py:840} INFO - DAG(s) 'latest_only_with_trigger' retrieved from /home/airflow/.local/lib/python3.8/site-packages/airflow/example_dags/example_latest_only_with_trigger.py
[2024-05-27T21:25:19.905+0000] {logging_mixin.py:188} INFO - [2024-05-27T21:25:19.904+0000] {dag.py:3096} INFO - Sync 1 DAGs
[2024-05-27T21:25:19.979+0000] {logging_mixin.py:188} INFO - [2024-05-27T21:25:19.978+0000] {dag.py:3954} INFO - Setting next_dagrun for latest_only_with_trigger to 2024-05-27 16:00:00+00:00, run_after=2024-05-27 20:00:00+00:00
[2024-05-27T21:25:20.012+0000] {processor.py:183} INFO - Processing /home/airflow/.local/lib/python3.8/site-packages/airflow/example_dags/example_latest_only_with_trigger.py took 0.211 seconds
