[2024-05-27T20:50:50.718+0000] {processor.py:161} INFO - Started process (PID=43) to work on /home/airflow/.local/lib/python3.8/site-packages/airflow/example_dags/example_setup_teardown.py
[2024-05-27T20:50:50.728+0000] {processor.py:830} INFO - Processing file /home/airflow/.local/lib/python3.8/site-packages/airflow/example_dags/example_setup_teardown.py for tasks to queue
[2024-05-27T20:50:50.742+0000] {logging_mixin.py:188} INFO - [2024-05-27T20:50:50.740+0000] {dagbag.py:545} INFO - Filling up the DagBag from /home/airflow/.local/lib/python3.8/site-packages/airflow/example_dags/example_setup_teardown.py
[2024-05-27T20:50:50.820+0000] {processor.py:840} INFO - DAG(s) 'example_setup_teardown' retrieved from /home/airflow/.local/lib/python3.8/site-packages/airflow/example_dags/example_setup_teardown.py
[2024-05-27T20:50:50.939+0000] {logging_mixin.py:188} INFO - [2024-05-27T20:50:50.939+0000] {dag.py:3096} INFO - Sync 1 DAGs
[2024-05-27T20:50:51.050+0000] {logging_mixin.py:188} INFO - [2024-05-27T20:50:51.050+0000] {dag.py:3954} INFO - Setting next_dagrun for example_setup_teardown to 2024-05-26 00:00:00+00:00, run_after=2024-05-27 00:00:00+00:00
[2024-05-27T20:50:51.111+0000] {processor.py:183} INFO - Processing /home/airflow/.local/lib/python3.8/site-packages/airflow/example_dags/example_setup_teardown.py took 0.481 seconds
[2024-05-27T20:51:21.460+0000] {processor.py:161} INFO - Started process (PID=112) to work on /home/airflow/.local/lib/python3.8/site-packages/airflow/example_dags/example_setup_teardown.py
[2024-05-27T20:51:21.462+0000] {processor.py:830} INFO - Processing file /home/airflow/.local/lib/python3.8/site-packages/airflow/example_dags/example_setup_teardown.py for tasks to queue
[2024-05-27T20:51:21.464+0000] {logging_mixin.py:188} INFO - [2024-05-27T20:51:21.464+0000] {dagbag.py:545} INFO - Filling up the DagBag from /home/airflow/.local/lib/python3.8/site-packages/airflow/example_dags/example_setup_teardown.py
[2024-05-27T20:51:21.471+0000] {processor.py:840} INFO - DAG(s) 'example_setup_teardown' retrieved from /home/airflow/.local/lib/python3.8/site-packages/airflow/example_dags/example_setup_teardown.py
[2024-05-27T20:51:21.566+0000] {logging_mixin.py:188} INFO - [2024-05-27T20:51:21.566+0000] {dag.py:3096} INFO - Sync 1 DAGs
[2024-05-27T20:51:21.583+0000] {logging_mixin.py:188} INFO - [2024-05-27T20:51:21.583+0000] {dag.py:3954} INFO - Setting next_dagrun for example_setup_teardown to 2024-05-26 00:00:00+00:00, run_after=2024-05-27 00:00:00+00:00
[2024-05-27T20:51:21.604+0000] {processor.py:183} INFO - Processing /home/airflow/.local/lib/python3.8/site-packages/airflow/example_dags/example_setup_teardown.py took 0.150 seconds
[2024-05-27T20:51:52.387+0000] {processor.py:161} INFO - Started process (PID=189) to work on /home/airflow/.local/lib/python3.8/site-packages/airflow/example_dags/example_setup_teardown.py
[2024-05-27T20:51:52.388+0000] {processor.py:830} INFO - Processing file /home/airflow/.local/lib/python3.8/site-packages/airflow/example_dags/example_setup_teardown.py for tasks to queue
[2024-05-27T20:51:52.392+0000] {logging_mixin.py:188} INFO - [2024-05-27T20:51:52.391+0000] {dagbag.py:545} INFO - Filling up the DagBag from /home/airflow/.local/lib/python3.8/site-packages/airflow/example_dags/example_setup_teardown.py
[2024-05-27T20:51:52.400+0000] {processor.py:840} INFO - DAG(s) 'example_setup_teardown' retrieved from /home/airflow/.local/lib/python3.8/site-packages/airflow/example_dags/example_setup_teardown.py
[2024-05-27T20:51:52.428+0000] {logging_mixin.py:188} INFO - [2024-05-27T20:51:52.427+0000] {dag.py:3096} INFO - Sync 1 DAGs
[2024-05-27T20:51:52.453+0000] {logging_mixin.py:188} INFO - [2024-05-27T20:51:52.453+0000] {dag.py:3954} INFO - Setting next_dagrun for example_setup_teardown to 2024-05-26 00:00:00+00:00, run_after=2024-05-27 00:00:00+00:00
[2024-05-27T20:51:52.476+0000] {processor.py:183} INFO - Processing /home/airflow/.local/lib/python3.8/site-packages/airflow/example_dags/example_setup_teardown.py took 0.096 seconds
[2024-05-27T20:52:22.744+0000] {processor.py:161} INFO - Started process (PID=258) to work on /home/airflow/.local/lib/python3.8/site-packages/airflow/example_dags/example_setup_teardown.py
[2024-05-27T20:52:22.745+0000] {processor.py:830} INFO - Processing file /home/airflow/.local/lib/python3.8/site-packages/airflow/example_dags/example_setup_teardown.py for tasks to queue
[2024-05-27T20:52:22.747+0000] {logging_mixin.py:188} INFO - [2024-05-27T20:52:22.747+0000] {dagbag.py:545} INFO - Filling up the DagBag from /home/airflow/.local/lib/python3.8/site-packages/airflow/example_dags/example_setup_teardown.py
[2024-05-27T20:52:22.756+0000] {processor.py:840} INFO - DAG(s) 'example_setup_teardown' retrieved from /home/airflow/.local/lib/python3.8/site-packages/airflow/example_dags/example_setup_teardown.py
[2024-05-27T20:52:22.780+0000] {logging_mixin.py:188} INFO - [2024-05-27T20:52:22.780+0000] {dag.py:3096} INFO - Sync 1 DAGs
[2024-05-27T20:52:22.801+0000] {logging_mixin.py:188} INFO - [2024-05-27T20:52:22.801+0000] {dag.py:3954} INFO - Setting next_dagrun for example_setup_teardown to 2024-05-26 00:00:00+00:00, run_after=2024-05-27 00:00:00+00:00
[2024-05-27T20:52:22.824+0000] {processor.py:183} INFO - Processing /home/airflow/.local/lib/python3.8/site-packages/airflow/example_dags/example_setup_teardown.py took 0.086 seconds
[2024-05-27T20:52:52.994+0000] {processor.py:161} INFO - Started process (PID=328) to work on /home/airflow/.local/lib/python3.8/site-packages/airflow/example_dags/example_setup_teardown.py
[2024-05-27T20:52:52.997+0000] {processor.py:830} INFO - Processing file /home/airflow/.local/lib/python3.8/site-packages/airflow/example_dags/example_setup_teardown.py for tasks to queue
[2024-05-27T20:52:53.004+0000] {logging_mixin.py:188} INFO - [2024-05-27T20:52:53.003+0000] {dagbag.py:545} INFO - Filling up the DagBag from /home/airflow/.local/lib/python3.8/site-packages/airflow/example_dags/example_setup_teardown.py
[2024-05-27T20:52:53.014+0000] {processor.py:840} INFO - DAG(s) 'example_setup_teardown' retrieved from /home/airflow/.local/lib/python3.8/site-packages/airflow/example_dags/example_setup_teardown.py
[2024-05-27T20:52:53.047+0000] {logging_mixin.py:188} INFO - [2024-05-27T20:52:53.046+0000] {dag.py:3096} INFO - Sync 1 DAGs
[2024-05-27T20:52:53.079+0000] {logging_mixin.py:188} INFO - [2024-05-27T20:52:53.079+0000] {dag.py:3954} INFO - Setting next_dagrun for example_setup_teardown to 2024-05-26 00:00:00+00:00, run_after=2024-05-27 00:00:00+00:00
[2024-05-27T20:52:53.109+0000] {processor.py:183} INFO - Processing /home/airflow/.local/lib/python3.8/site-packages/airflow/example_dags/example_setup_teardown.py took 0.126 seconds
[2024-05-27T20:53:23.161+0000] {processor.py:161} INFO - Started process (PID=397) to work on /home/airflow/.local/lib/python3.8/site-packages/airflow/example_dags/example_setup_teardown.py
[2024-05-27T20:53:23.163+0000] {processor.py:830} INFO - Processing file /home/airflow/.local/lib/python3.8/site-packages/airflow/example_dags/example_setup_teardown.py for tasks to queue
[2024-05-27T20:53:23.165+0000] {logging_mixin.py:188} INFO - [2024-05-27T20:53:23.164+0000] {dagbag.py:545} INFO - Filling up the DagBag from /home/airflow/.local/lib/python3.8/site-packages/airflow/example_dags/example_setup_teardown.py
[2024-05-27T20:53:23.173+0000] {processor.py:840} INFO - DAG(s) 'example_setup_teardown' retrieved from /home/airflow/.local/lib/python3.8/site-packages/airflow/example_dags/example_setup_teardown.py
[2024-05-27T20:53:23.195+0000] {logging_mixin.py:188} INFO - [2024-05-27T20:53:23.195+0000] {dag.py:3096} INFO - Sync 1 DAGs
[2024-05-27T20:53:23.217+0000] {logging_mixin.py:188} INFO - [2024-05-27T20:53:23.217+0000] {dag.py:3954} INFO - Setting next_dagrun for example_setup_teardown to 2024-05-26 00:00:00+00:00, run_after=2024-05-27 00:00:00+00:00
[2024-05-27T20:53:23.238+0000] {processor.py:183} INFO - Processing /home/airflow/.local/lib/python3.8/site-packages/airflow/example_dags/example_setup_teardown.py took 0.082 seconds
[2024-05-27T20:53:53.807+0000] {processor.py:161} INFO - Started process (PID=475) to work on /home/airflow/.local/lib/python3.8/site-packages/airflow/example_dags/example_setup_teardown.py
[2024-05-27T20:53:53.808+0000] {processor.py:830} INFO - Processing file /home/airflow/.local/lib/python3.8/site-packages/airflow/example_dags/example_setup_teardown.py for tasks to queue
[2024-05-27T20:53:53.812+0000] {logging_mixin.py:188} INFO - [2024-05-27T20:53:53.812+0000] {dagbag.py:545} INFO - Filling up the DagBag from /home/airflow/.local/lib/python3.8/site-packages/airflow/example_dags/example_setup_teardown.py
[2024-05-27T20:53:53.821+0000] {processor.py:840} INFO - DAG(s) 'example_setup_teardown' retrieved from /home/airflow/.local/lib/python3.8/site-packages/airflow/example_dags/example_setup_teardown.py
[2024-05-27T20:53:53.843+0000] {logging_mixin.py:188} INFO - [2024-05-27T20:53:53.843+0000] {dag.py:3096} INFO - Sync 1 DAGs
[2024-05-27T20:53:53.863+0000] {logging_mixin.py:188} INFO - [2024-05-27T20:53:53.863+0000] {dag.py:3954} INFO - Setting next_dagrun for example_setup_teardown to 2024-05-26 00:00:00+00:00, run_after=2024-05-27 00:00:00+00:00
[2024-05-27T20:53:53.884+0000] {processor.py:183} INFO - Processing /home/airflow/.local/lib/python3.8/site-packages/airflow/example_dags/example_setup_teardown.py took 0.085 seconds
[2024-05-27T20:54:24.250+0000] {processor.py:161} INFO - Started process (PID=546) to work on /home/airflow/.local/lib/python3.8/site-packages/airflow/example_dags/example_setup_teardown.py
[2024-05-27T20:54:24.251+0000] {processor.py:830} INFO - Processing file /home/airflow/.local/lib/python3.8/site-packages/airflow/example_dags/example_setup_teardown.py for tasks to queue
[2024-05-27T20:54:24.254+0000] {logging_mixin.py:188} INFO - [2024-05-27T20:54:24.253+0000] {dagbag.py:545} INFO - Filling up the DagBag from /home/airflow/.local/lib/python3.8/site-packages/airflow/example_dags/example_setup_teardown.py
[2024-05-27T20:54:24.267+0000] {processor.py:840} INFO - DAG(s) 'example_setup_teardown' retrieved from /home/airflow/.local/lib/python3.8/site-packages/airflow/example_dags/example_setup_teardown.py
[2024-05-27T20:54:24.313+0000] {logging_mixin.py:188} INFO - [2024-05-27T20:54:24.313+0000] {dag.py:3096} INFO - Sync 1 DAGs
[2024-05-27T20:54:24.331+0000] {logging_mixin.py:188} INFO - [2024-05-27T20:54:24.331+0000] {dag.py:3954} INFO - Setting next_dagrun for example_setup_teardown to 2024-05-26 00:00:00+00:00, run_after=2024-05-27 00:00:00+00:00
[2024-05-27T20:54:24.353+0000] {processor.py:183} INFO - Processing /home/airflow/.local/lib/python3.8/site-packages/airflow/example_dags/example_setup_teardown.py took 0.110 seconds
[2024-05-27T20:54:55.008+0000] {processor.py:161} INFO - Started process (PID=622) to work on /home/airflow/.local/lib/python3.8/site-packages/airflow/example_dags/example_setup_teardown.py
[2024-05-27T20:54:55.010+0000] {processor.py:830} INFO - Processing file /home/airflow/.local/lib/python3.8/site-packages/airflow/example_dags/example_setup_teardown.py for tasks to queue
[2024-05-27T20:54:55.013+0000] {logging_mixin.py:188} INFO - [2024-05-27T20:54:55.013+0000] {dagbag.py:545} INFO - Filling up the DagBag from /home/airflow/.local/lib/python3.8/site-packages/airflow/example_dags/example_setup_teardown.py
[2024-05-27T20:54:55.022+0000] {processor.py:840} INFO - DAG(s) 'example_setup_teardown' retrieved from /home/airflow/.local/lib/python3.8/site-packages/airflow/example_dags/example_setup_teardown.py
[2024-05-27T20:54:55.047+0000] {logging_mixin.py:188} INFO - [2024-05-27T20:54:55.047+0000] {dag.py:3096} INFO - Sync 1 DAGs
[2024-05-27T20:54:55.071+0000] {logging_mixin.py:188} INFO - [2024-05-27T20:54:55.070+0000] {dag.py:3954} INFO - Setting next_dagrun for example_setup_teardown to 2024-05-26 00:00:00+00:00, run_after=2024-05-27 00:00:00+00:00
[2024-05-27T20:54:55.093+0000] {processor.py:183} INFO - Processing /home/airflow/.local/lib/python3.8/site-packages/airflow/example_dags/example_setup_teardown.py took 0.091 seconds
[2024-05-27T20:57:14.464+0000] {processor.py:161} INFO - Started process (PID=43) to work on /home/airflow/.local/lib/python3.8/site-packages/airflow/example_dags/example_setup_teardown.py
[2024-05-27T20:57:14.466+0000] {processor.py:830} INFO - Processing file /home/airflow/.local/lib/python3.8/site-packages/airflow/example_dags/example_setup_teardown.py for tasks to queue
[2024-05-27T20:57:14.468+0000] {logging_mixin.py:188} INFO - [2024-05-27T20:57:14.468+0000] {dagbag.py:545} INFO - Filling up the DagBag from /home/airflow/.local/lib/python3.8/site-packages/airflow/example_dags/example_setup_teardown.py
[2024-05-27T20:57:14.484+0000] {processor.py:840} INFO - DAG(s) 'example_setup_teardown' retrieved from /home/airflow/.local/lib/python3.8/site-packages/airflow/example_dags/example_setup_teardown.py
[2024-05-27T20:57:14.541+0000] {logging_mixin.py:188} INFO - [2024-05-27T20:57:14.541+0000] {dag.py:3096} INFO - Sync 1 DAGs
[2024-05-27T20:57:14.587+0000] {logging_mixin.py:188} INFO - [2024-05-27T20:57:14.586+0000] {dag.py:3954} INFO - Setting next_dagrun for example_setup_teardown to 2024-05-26 00:00:00+00:00, run_after=2024-05-27 00:00:00+00:00
[2024-05-27T20:57:14.612+0000] {processor.py:183} INFO - Processing /home/airflow/.local/lib/python3.8/site-packages/airflow/example_dags/example_setup_teardown.py took 0.156 seconds
[2024-05-27T20:57:44.847+0000] {processor.py:161} INFO - Started process (PID=113) to work on /home/airflow/.local/lib/python3.8/site-packages/airflow/example_dags/example_setup_teardown.py
[2024-05-27T20:57:44.849+0000] {processor.py:830} INFO - Processing file /home/airflow/.local/lib/python3.8/site-packages/airflow/example_dags/example_setup_teardown.py for tasks to queue
[2024-05-27T20:57:44.851+0000] {logging_mixin.py:188} INFO - [2024-05-27T20:57:44.851+0000] {dagbag.py:545} INFO - Filling up the DagBag from /home/airflow/.local/lib/python3.8/site-packages/airflow/example_dags/example_setup_teardown.py
[2024-05-27T20:57:44.857+0000] {processor.py:840} INFO - DAG(s) 'example_setup_teardown' retrieved from /home/airflow/.local/lib/python3.8/site-packages/airflow/example_dags/example_setup_teardown.py
[2024-05-27T20:57:45.019+0000] {logging_mixin.py:188} INFO - [2024-05-27T20:57:45.019+0000] {dag.py:3096} INFO - Sync 1 DAGs
[2024-05-27T20:57:45.039+0000] {logging_mixin.py:188} INFO - [2024-05-27T20:57:45.039+0000] {dag.py:3954} INFO - Setting next_dagrun for example_setup_teardown to 2024-05-26 00:00:00+00:00, run_after=2024-05-27 00:00:00+00:00
[2024-05-27T20:57:45.064+0000] {processor.py:183} INFO - Processing /home/airflow/.local/lib/python3.8/site-packages/airflow/example_dags/example_setup_teardown.py took 0.224 seconds
[2024-05-27T20:58:15.469+0000] {processor.py:161} INFO - Started process (PID=185) to work on /home/airflow/.local/lib/python3.8/site-packages/airflow/example_dags/example_setup_teardown.py
[2024-05-27T20:58:15.470+0000] {processor.py:830} INFO - Processing file /home/airflow/.local/lib/python3.8/site-packages/airflow/example_dags/example_setup_teardown.py for tasks to queue
[2024-05-27T20:58:15.473+0000] {logging_mixin.py:188} INFO - [2024-05-27T20:58:15.472+0000] {dagbag.py:545} INFO - Filling up the DagBag from /home/airflow/.local/lib/python3.8/site-packages/airflow/example_dags/example_setup_teardown.py
[2024-05-27T20:58:15.482+0000] {processor.py:840} INFO - DAG(s) 'example_setup_teardown' retrieved from /home/airflow/.local/lib/python3.8/site-packages/airflow/example_dags/example_setup_teardown.py
[2024-05-27T20:58:15.509+0000] {logging_mixin.py:188} INFO - [2024-05-27T20:58:15.509+0000] {dag.py:3096} INFO - Sync 1 DAGs
[2024-05-27T20:58:15.531+0000] {logging_mixin.py:188} INFO - [2024-05-27T20:58:15.530+0000] {dag.py:3954} INFO - Setting next_dagrun for example_setup_teardown to 2024-05-26 00:00:00+00:00, run_after=2024-05-27 00:00:00+00:00
[2024-05-27T20:58:15.551+0000] {processor.py:183} INFO - Processing /home/airflow/.local/lib/python3.8/site-packages/airflow/example_dags/example_setup_teardown.py took 0.089 seconds
[2024-05-27T20:58:45.807+0000] {processor.py:161} INFO - Started process (PID=262) to work on /home/airflow/.local/lib/python3.8/site-packages/airflow/example_dags/example_setup_teardown.py
[2024-05-27T20:58:45.809+0000] {processor.py:830} INFO - Processing file /home/airflow/.local/lib/python3.8/site-packages/airflow/example_dags/example_setup_teardown.py for tasks to queue
[2024-05-27T20:58:45.811+0000] {logging_mixin.py:188} INFO - [2024-05-27T20:58:45.811+0000] {dagbag.py:545} INFO - Filling up the DagBag from /home/airflow/.local/lib/python3.8/site-packages/airflow/example_dags/example_setup_teardown.py
[2024-05-27T20:58:45.818+0000] {processor.py:840} INFO - DAG(s) 'example_setup_teardown' retrieved from /home/airflow/.local/lib/python3.8/site-packages/airflow/example_dags/example_setup_teardown.py
[2024-05-27T20:58:45.840+0000] {logging_mixin.py:188} INFO - [2024-05-27T20:58:45.840+0000] {dag.py:3096} INFO - Sync 1 DAGs
[2024-05-27T20:58:45.864+0000] {logging_mixin.py:188} INFO - [2024-05-27T20:58:45.864+0000] {dag.py:3954} INFO - Setting next_dagrun for example_setup_teardown to 2024-05-26 00:00:00+00:00, run_after=2024-05-27 00:00:00+00:00
[2024-05-27T20:58:45.887+0000] {processor.py:183} INFO - Processing /home/airflow/.local/lib/python3.8/site-packages/airflow/example_dags/example_setup_teardown.py took 0.086 seconds
[2024-05-27T20:59:16.308+0000] {processor.py:161} INFO - Started process (PID=332) to work on /home/airflow/.local/lib/python3.8/site-packages/airflow/example_dags/example_setup_teardown.py
[2024-05-27T20:59:16.309+0000] {processor.py:830} INFO - Processing file /home/airflow/.local/lib/python3.8/site-packages/airflow/example_dags/example_setup_teardown.py for tasks to queue
[2024-05-27T20:59:16.312+0000] {logging_mixin.py:188} INFO - [2024-05-27T20:59:16.311+0000] {dagbag.py:545} INFO - Filling up the DagBag from /home/airflow/.local/lib/python3.8/site-packages/airflow/example_dags/example_setup_teardown.py
[2024-05-27T20:59:16.319+0000] {processor.py:840} INFO - DAG(s) 'example_setup_teardown' retrieved from /home/airflow/.local/lib/python3.8/site-packages/airflow/example_dags/example_setup_teardown.py
[2024-05-27T20:59:16.349+0000] {logging_mixin.py:188} INFO - [2024-05-27T20:59:16.348+0000] {dag.py:3096} INFO - Sync 1 DAGs
[2024-05-27T20:59:16.367+0000] {logging_mixin.py:188} INFO - [2024-05-27T20:59:16.367+0000] {dag.py:3954} INFO - Setting next_dagrun for example_setup_teardown to 2024-05-26 00:00:00+00:00, run_after=2024-05-27 00:00:00+00:00
[2024-05-27T20:59:16.389+0000] {processor.py:183} INFO - Processing /home/airflow/.local/lib/python3.8/site-packages/airflow/example_dags/example_setup_teardown.py took 0.088 seconds
[2024-05-27T20:59:46.685+0000] {processor.py:161} INFO - Started process (PID=409) to work on /home/airflow/.local/lib/python3.8/site-packages/airflow/example_dags/example_setup_teardown.py
[2024-05-27T20:59:46.687+0000] {processor.py:830} INFO - Processing file /home/airflow/.local/lib/python3.8/site-packages/airflow/example_dags/example_setup_teardown.py for tasks to queue
[2024-05-27T20:59:46.690+0000] {logging_mixin.py:188} INFO - [2024-05-27T20:59:46.690+0000] {dagbag.py:545} INFO - Filling up the DagBag from /home/airflow/.local/lib/python3.8/site-packages/airflow/example_dags/example_setup_teardown.py
[2024-05-27T20:59:46.698+0000] {processor.py:840} INFO - DAG(s) 'example_setup_teardown' retrieved from /home/airflow/.local/lib/python3.8/site-packages/airflow/example_dags/example_setup_teardown.py
[2024-05-27T20:59:46.729+0000] {logging_mixin.py:188} INFO - [2024-05-27T20:59:46.729+0000] {dag.py:3096} INFO - Sync 1 DAGs
[2024-05-27T20:59:46.760+0000] {logging_mixin.py:188} INFO - [2024-05-27T20:59:46.760+0000] {dag.py:3954} INFO - Setting next_dagrun for example_setup_teardown to 2024-05-26 00:00:00+00:00, run_after=2024-05-27 00:00:00+00:00
[2024-05-27T20:59:46.790+0000] {processor.py:183} INFO - Processing /home/airflow/.local/lib/python3.8/site-packages/airflow/example_dags/example_setup_teardown.py took 0.115 seconds
[2024-05-27T21:00:17.188+0000] {processor.py:161} INFO - Started process (PID=480) to work on /home/airflow/.local/lib/python3.8/site-packages/airflow/example_dags/example_setup_teardown.py
[2024-05-27T21:00:17.190+0000] {processor.py:830} INFO - Processing file /home/airflow/.local/lib/python3.8/site-packages/airflow/example_dags/example_setup_teardown.py for tasks to queue
[2024-05-27T21:00:17.192+0000] {logging_mixin.py:188} INFO - [2024-05-27T21:00:17.192+0000] {dagbag.py:545} INFO - Filling up the DagBag from /home/airflow/.local/lib/python3.8/site-packages/airflow/example_dags/example_setup_teardown.py
[2024-05-27T21:00:17.201+0000] {processor.py:840} INFO - DAG(s) 'example_setup_teardown' retrieved from /home/airflow/.local/lib/python3.8/site-packages/airflow/example_dags/example_setup_teardown.py
[2024-05-27T21:00:17.228+0000] {logging_mixin.py:188} INFO - [2024-05-27T21:00:17.228+0000] {dag.py:3096} INFO - Sync 1 DAGs
[2024-05-27T21:00:17.251+0000] {logging_mixin.py:188} INFO - [2024-05-27T21:00:17.251+0000] {dag.py:3954} INFO - Setting next_dagrun for example_setup_teardown to 2024-05-26 00:00:00+00:00, run_after=2024-05-27 00:00:00+00:00
[2024-05-27T21:00:17.274+0000] {processor.py:183} INFO - Processing /home/airflow/.local/lib/python3.8/site-packages/airflow/example_dags/example_setup_teardown.py took 0.092 seconds
[2024-05-27T21:00:47.720+0000] {processor.py:161} INFO - Started process (PID=550) to work on /home/airflow/.local/lib/python3.8/site-packages/airflow/example_dags/example_setup_teardown.py
[2024-05-27T21:00:47.722+0000] {processor.py:830} INFO - Processing file /home/airflow/.local/lib/python3.8/site-packages/airflow/example_dags/example_setup_teardown.py for tasks to queue
[2024-05-27T21:00:47.724+0000] {logging_mixin.py:188} INFO - [2024-05-27T21:00:47.724+0000] {dagbag.py:545} INFO - Filling up the DagBag from /home/airflow/.local/lib/python3.8/site-packages/airflow/example_dags/example_setup_teardown.py
[2024-05-27T21:00:47.731+0000] {processor.py:840} INFO - DAG(s) 'example_setup_teardown' retrieved from /home/airflow/.local/lib/python3.8/site-packages/airflow/example_dags/example_setup_teardown.py
[2024-05-27T21:00:47.754+0000] {logging_mixin.py:188} INFO - [2024-05-27T21:00:47.754+0000] {dag.py:3096} INFO - Sync 1 DAGs
[2024-05-27T21:00:47.776+0000] {logging_mixin.py:188} INFO - [2024-05-27T21:00:47.776+0000] {dag.py:3954} INFO - Setting next_dagrun for example_setup_teardown to 2024-05-26 00:00:00+00:00, run_after=2024-05-27 00:00:00+00:00
[2024-05-27T21:00:47.803+0000] {processor.py:183} INFO - Processing /home/airflow/.local/lib/python3.8/site-packages/airflow/example_dags/example_setup_teardown.py took 0.089 seconds
[2024-05-27T21:01:18.124+0000] {processor.py:161} INFO - Started process (PID=628) to work on /home/airflow/.local/lib/python3.8/site-packages/airflow/example_dags/example_setup_teardown.py
[2024-05-27T21:01:18.126+0000] {processor.py:830} INFO - Processing file /home/airflow/.local/lib/python3.8/site-packages/airflow/example_dags/example_setup_teardown.py for tasks to queue
[2024-05-27T21:01:18.129+0000] {logging_mixin.py:188} INFO - [2024-05-27T21:01:18.128+0000] {dagbag.py:545} INFO - Filling up the DagBag from /home/airflow/.local/lib/python3.8/site-packages/airflow/example_dags/example_setup_teardown.py
[2024-05-27T21:01:18.137+0000] {processor.py:840} INFO - DAG(s) 'example_setup_teardown' retrieved from /home/airflow/.local/lib/python3.8/site-packages/airflow/example_dags/example_setup_teardown.py
[2024-05-27T21:01:18.162+0000] {logging_mixin.py:188} INFO - [2024-05-27T21:01:18.162+0000] {dag.py:3096} INFO - Sync 1 DAGs
[2024-05-27T21:01:18.192+0000] {logging_mixin.py:188} INFO - [2024-05-27T21:01:18.191+0000] {dag.py:3954} INFO - Setting next_dagrun for example_setup_teardown to 2024-05-26 00:00:00+00:00, run_after=2024-05-27 00:00:00+00:00
[2024-05-27T21:01:18.218+0000] {processor.py:183} INFO - Processing /home/airflow/.local/lib/python3.8/site-packages/airflow/example_dags/example_setup_teardown.py took 0.103 seconds
[2024-05-27T21:01:48.806+0000] {processor.py:161} INFO - Started process (PID=698) to work on /home/airflow/.local/lib/python3.8/site-packages/airflow/example_dags/example_setup_teardown.py
[2024-05-27T21:01:48.816+0000] {processor.py:830} INFO - Processing file /home/airflow/.local/lib/python3.8/site-packages/airflow/example_dags/example_setup_teardown.py for tasks to queue
[2024-05-27T21:01:48.820+0000] {logging_mixin.py:188} INFO - [2024-05-27T21:01:48.819+0000] {dagbag.py:545} INFO - Filling up the DagBag from /home/airflow/.local/lib/python3.8/site-packages/airflow/example_dags/example_setup_teardown.py
[2024-05-27T21:01:48.835+0000] {processor.py:840} INFO - DAG(s) 'example_setup_teardown' retrieved from /home/airflow/.local/lib/python3.8/site-packages/airflow/example_dags/example_setup_teardown.py
[2024-05-27T21:01:48.875+0000] {logging_mixin.py:188} INFO - [2024-05-27T21:01:48.875+0000] {dag.py:3096} INFO - Sync 1 DAGs
[2024-05-27T21:01:48.912+0000] {logging_mixin.py:188} INFO - [2024-05-27T21:01:48.912+0000] {dag.py:3954} INFO - Setting next_dagrun for example_setup_teardown to 2024-05-26 00:00:00+00:00, run_after=2024-05-27 00:00:00+00:00
[2024-05-27T21:01:48.958+0000] {processor.py:183} INFO - Processing /home/airflow/.local/lib/python3.8/site-packages/airflow/example_dags/example_setup_teardown.py took 0.161 seconds
[2024-05-27T21:06:37.701+0000] {processor.py:161} INFO - Started process (PID=51) to work on /home/airflow/.local/lib/python3.8/site-packages/airflow/example_dags/example_setup_teardown.py
[2024-05-27T21:06:37.707+0000] {processor.py:830} INFO - Processing file /home/airflow/.local/lib/python3.8/site-packages/airflow/example_dags/example_setup_teardown.py for tasks to queue
[2024-05-27T21:06:37.719+0000] {logging_mixin.py:188} INFO - [2024-05-27T21:06:37.716+0000] {dagbag.py:545} INFO - Filling up the DagBag from /home/airflow/.local/lib/python3.8/site-packages/airflow/example_dags/example_setup_teardown.py
[2024-05-27T21:06:37.747+0000] {processor.py:840} INFO - DAG(s) 'example_setup_teardown' retrieved from /home/airflow/.local/lib/python3.8/site-packages/airflow/example_dags/example_setup_teardown.py
[2024-05-27T21:06:38.069+0000] {logging_mixin.py:188} INFO - [2024-05-27T21:06:38.068+0000] {dag.py:3096} INFO - Sync 1 DAGs
[2024-05-27T21:06:38.127+0000] {logging_mixin.py:188} INFO - [2024-05-27T21:06:38.126+0000] {dag.py:3954} INFO - Setting next_dagrun for example_setup_teardown to 2024-05-26 00:00:00+00:00, run_after=2024-05-27 00:00:00+00:00
[2024-05-27T21:06:38.180+0000] {processor.py:183} INFO - Processing /home/airflow/.local/lib/python3.8/site-packages/airflow/example_dags/example_setup_teardown.py took 0.518 seconds
[2024-05-27T21:07:08.614+0000] {processor.py:161} INFO - Started process (PID=120) to work on /home/airflow/.local/lib/python3.8/site-packages/airflow/example_dags/example_setup_teardown.py
[2024-05-27T21:07:08.617+0000] {processor.py:830} INFO - Processing file /home/airflow/.local/lib/python3.8/site-packages/airflow/example_dags/example_setup_teardown.py for tasks to queue
[2024-05-27T21:07:08.634+0000] {logging_mixin.py:188} INFO - [2024-05-27T21:07:08.633+0000] {dagbag.py:545} INFO - Filling up the DagBag from /home/airflow/.local/lib/python3.8/site-packages/airflow/example_dags/example_setup_teardown.py
[2024-05-27T21:07:08.668+0000] {processor.py:840} INFO - DAG(s) 'example_setup_teardown' retrieved from /home/airflow/.local/lib/python3.8/site-packages/airflow/example_dags/example_setup_teardown.py
[2024-05-27T21:07:08.743+0000] {logging_mixin.py:188} INFO - [2024-05-27T21:07:08.743+0000] {dag.py:3096} INFO - Sync 1 DAGs
[2024-05-27T21:07:08.808+0000] {logging_mixin.py:188} INFO - [2024-05-27T21:07:08.808+0000] {dag.py:3954} INFO - Setting next_dagrun for example_setup_teardown to 2024-05-26 00:00:00+00:00, run_after=2024-05-27 00:00:00+00:00
[2024-05-27T21:07:08.890+0000] {processor.py:183} INFO - Processing /home/airflow/.local/lib/python3.8/site-packages/airflow/example_dags/example_setup_teardown.py took 0.297 seconds
[2024-05-27T21:07:39.251+0000] {processor.py:161} INFO - Started process (PID=182) to work on /home/airflow/.local/lib/python3.8/site-packages/airflow/example_dags/example_setup_teardown.py
[2024-05-27T21:07:39.252+0000] {processor.py:830} INFO - Processing file /home/airflow/.local/lib/python3.8/site-packages/airflow/example_dags/example_setup_teardown.py for tasks to queue
[2024-05-27T21:07:39.254+0000] {logging_mixin.py:188} INFO - [2024-05-27T21:07:39.254+0000] {dagbag.py:545} INFO - Filling up the DagBag from /home/airflow/.local/lib/python3.8/site-packages/airflow/example_dags/example_setup_teardown.py
[2024-05-27T21:07:39.280+0000] {processor.py:840} INFO - DAG(s) 'example_setup_teardown' retrieved from /home/airflow/.local/lib/python3.8/site-packages/airflow/example_dags/example_setup_teardown.py
[2024-05-27T21:07:39.336+0000] {logging_mixin.py:188} INFO - [2024-05-27T21:07:39.335+0000] {dag.py:3096} INFO - Sync 1 DAGs
[2024-05-27T21:07:39.396+0000] {logging_mixin.py:188} INFO - [2024-05-27T21:07:39.396+0000] {dag.py:3954} INFO - Setting next_dagrun for example_setup_teardown to 2024-05-26 00:00:00+00:00, run_after=2024-05-27 00:00:00+00:00
[2024-05-27T21:07:39.441+0000] {processor.py:183} INFO - Processing /home/airflow/.local/lib/python3.8/site-packages/airflow/example_dags/example_setup_teardown.py took 0.202 seconds
[2024-05-27T21:08:09.723+0000] {processor.py:161} INFO - Started process (PID=252) to work on /home/airflow/.local/lib/python3.8/site-packages/airflow/example_dags/example_setup_teardown.py
[2024-05-27T21:08:09.724+0000] {processor.py:830} INFO - Processing file /home/airflow/.local/lib/python3.8/site-packages/airflow/example_dags/example_setup_teardown.py for tasks to queue
[2024-05-27T21:08:09.727+0000] {logging_mixin.py:188} INFO - [2024-05-27T21:08:09.726+0000] {dagbag.py:545} INFO - Filling up the DagBag from /home/airflow/.local/lib/python3.8/site-packages/airflow/example_dags/example_setup_teardown.py
[2024-05-27T21:08:09.741+0000] {processor.py:840} INFO - DAG(s) 'example_setup_teardown' retrieved from /home/airflow/.local/lib/python3.8/site-packages/airflow/example_dags/example_setup_teardown.py
[2024-05-27T21:08:09.773+0000] {logging_mixin.py:188} INFO - [2024-05-27T21:08:09.773+0000] {dag.py:3096} INFO - Sync 1 DAGs
[2024-05-27T21:08:09.806+0000] {logging_mixin.py:188} INFO - [2024-05-27T21:08:09.806+0000] {dag.py:3954} INFO - Setting next_dagrun for example_setup_teardown to 2024-05-26 00:00:00+00:00, run_after=2024-05-27 00:00:00+00:00
[2024-05-27T21:08:09.833+0000] {processor.py:183} INFO - Processing /home/airflow/.local/lib/python3.8/site-packages/airflow/example_dags/example_setup_teardown.py took 0.120 seconds
[2024-05-27T21:08:39.967+0000] {processor.py:161} INFO - Started process (PID=322) to work on /home/airflow/.local/lib/python3.8/site-packages/airflow/example_dags/example_setup_teardown.py
[2024-05-27T21:08:39.969+0000] {processor.py:830} INFO - Processing file /home/airflow/.local/lib/python3.8/site-packages/airflow/example_dags/example_setup_teardown.py for tasks to queue
[2024-05-27T21:08:39.977+0000] {logging_mixin.py:188} INFO - [2024-05-27T21:08:39.977+0000] {dagbag.py:545} INFO - Filling up the DagBag from /home/airflow/.local/lib/python3.8/site-packages/airflow/example_dags/example_setup_teardown.py
[2024-05-27T21:08:39.986+0000] {processor.py:840} INFO - DAG(s) 'example_setup_teardown' retrieved from /home/airflow/.local/lib/python3.8/site-packages/airflow/example_dags/example_setup_teardown.py
[2024-05-27T21:08:40.025+0000] {logging_mixin.py:188} INFO - [2024-05-27T21:08:40.025+0000] {dag.py:3096} INFO - Sync 1 DAGs
[2024-05-27T21:08:40.061+0000] {logging_mixin.py:188} INFO - [2024-05-27T21:08:40.061+0000] {dag.py:3954} INFO - Setting next_dagrun for example_setup_teardown to 2024-05-26 00:00:00+00:00, run_after=2024-05-27 00:00:00+00:00
[2024-05-27T21:08:40.093+0000] {processor.py:183} INFO - Processing /home/airflow/.local/lib/python3.8/site-packages/airflow/example_dags/example_setup_teardown.py took 0.135 seconds
[2024-05-27T21:09:10.449+0000] {processor.py:161} INFO - Started process (PID=392) to work on /home/airflow/.local/lib/python3.8/site-packages/airflow/example_dags/example_setup_teardown.py
[2024-05-27T21:09:10.450+0000] {processor.py:830} INFO - Processing file /home/airflow/.local/lib/python3.8/site-packages/airflow/example_dags/example_setup_teardown.py for tasks to queue
[2024-05-27T21:09:10.454+0000] {logging_mixin.py:188} INFO - [2024-05-27T21:09:10.453+0000] {dagbag.py:545} INFO - Filling up the DagBag from /home/airflow/.local/lib/python3.8/site-packages/airflow/example_dags/example_setup_teardown.py
[2024-05-27T21:09:10.465+0000] {processor.py:840} INFO - DAG(s) 'example_setup_teardown' retrieved from /home/airflow/.local/lib/python3.8/site-packages/airflow/example_dags/example_setup_teardown.py
[2024-05-27T21:09:10.502+0000] {logging_mixin.py:188} INFO - [2024-05-27T21:09:10.500+0000] {dag.py:3096} INFO - Sync 1 DAGs
[2024-05-27T21:09:10.540+0000] {logging_mixin.py:188} INFO - [2024-05-27T21:09:10.539+0000] {dag.py:3954} INFO - Setting next_dagrun for example_setup_teardown to 2024-05-26 00:00:00+00:00, run_after=2024-05-27 00:00:00+00:00
[2024-05-27T21:09:10.596+0000] {processor.py:183} INFO - Processing /home/airflow/.local/lib/python3.8/site-packages/airflow/example_dags/example_setup_teardown.py took 0.156 seconds
[2024-05-27T21:09:40.968+0000] {processor.py:161} INFO - Started process (PID=463) to work on /home/airflow/.local/lib/python3.8/site-packages/airflow/example_dags/example_setup_teardown.py
[2024-05-27T21:09:40.969+0000] {processor.py:830} INFO - Processing file /home/airflow/.local/lib/python3.8/site-packages/airflow/example_dags/example_setup_teardown.py for tasks to queue
[2024-05-27T21:09:40.980+0000] {logging_mixin.py:188} INFO - [2024-05-27T21:09:40.978+0000] {dagbag.py:545} INFO - Filling up the DagBag from /home/airflow/.local/lib/python3.8/site-packages/airflow/example_dags/example_setup_teardown.py
[2024-05-27T21:09:40.993+0000] {processor.py:840} INFO - DAG(s) 'example_setup_teardown' retrieved from /home/airflow/.local/lib/python3.8/site-packages/airflow/example_dags/example_setup_teardown.py
[2024-05-27T21:09:41.033+0000] {logging_mixin.py:188} INFO - [2024-05-27T21:09:41.032+0000] {dag.py:3096} INFO - Sync 1 DAGs
[2024-05-27T21:09:41.070+0000] {logging_mixin.py:188} INFO - [2024-05-27T21:09:41.069+0000] {dag.py:3954} INFO - Setting next_dagrun for example_setup_teardown to 2024-05-26 00:00:00+00:00, run_after=2024-05-27 00:00:00+00:00
[2024-05-27T21:09:41.111+0000] {processor.py:183} INFO - Processing /home/airflow/.local/lib/python3.8/site-packages/airflow/example_dags/example_setup_teardown.py took 0.160 seconds
[2024-05-27T21:10:11.636+0000] {processor.py:161} INFO - Started process (PID=532) to work on /home/airflow/.local/lib/python3.8/site-packages/airflow/example_dags/example_setup_teardown.py
[2024-05-27T21:10:11.638+0000] {processor.py:830} INFO - Processing file /home/airflow/.local/lib/python3.8/site-packages/airflow/example_dags/example_setup_teardown.py for tasks to queue
[2024-05-27T21:10:11.640+0000] {logging_mixin.py:188} INFO - [2024-05-27T21:10:11.640+0000] {dagbag.py:545} INFO - Filling up the DagBag from /home/airflow/.local/lib/python3.8/site-packages/airflow/example_dags/example_setup_teardown.py
[2024-05-27T21:10:11.651+0000] {processor.py:840} INFO - DAG(s) 'example_setup_teardown' retrieved from /home/airflow/.local/lib/python3.8/site-packages/airflow/example_dags/example_setup_teardown.py
[2024-05-27T21:10:11.684+0000] {logging_mixin.py:188} INFO - [2024-05-27T21:10:11.683+0000] {dag.py:3096} INFO - Sync 1 DAGs
[2024-05-27T21:10:11.716+0000] {logging_mixin.py:188} INFO - [2024-05-27T21:10:11.716+0000] {dag.py:3954} INFO - Setting next_dagrun for example_setup_teardown to 2024-05-26 00:00:00+00:00, run_after=2024-05-27 00:00:00+00:00
[2024-05-27T21:10:11.759+0000] {processor.py:183} INFO - Processing /home/airflow/.local/lib/python3.8/site-packages/airflow/example_dags/example_setup_teardown.py took 0.132 seconds
[2024-05-27T21:10:42.031+0000] {processor.py:161} INFO - Started process (PID=602) to work on /home/airflow/.local/lib/python3.8/site-packages/airflow/example_dags/example_setup_teardown.py
[2024-05-27T21:10:42.033+0000] {processor.py:830} INFO - Processing file /home/airflow/.local/lib/python3.8/site-packages/airflow/example_dags/example_setup_teardown.py for tasks to queue
[2024-05-27T21:10:42.036+0000] {logging_mixin.py:188} INFO - [2024-05-27T21:10:42.035+0000] {dagbag.py:545} INFO - Filling up the DagBag from /home/airflow/.local/lib/python3.8/site-packages/airflow/example_dags/example_setup_teardown.py
[2024-05-27T21:10:42.046+0000] {processor.py:840} INFO - DAG(s) 'example_setup_teardown' retrieved from /home/airflow/.local/lib/python3.8/site-packages/airflow/example_dags/example_setup_teardown.py
[2024-05-27T21:10:42.082+0000] {logging_mixin.py:188} INFO - [2024-05-27T21:10:42.081+0000] {dag.py:3096} INFO - Sync 1 DAGs
[2024-05-27T21:10:42.117+0000] {logging_mixin.py:188} INFO - [2024-05-27T21:10:42.117+0000] {dag.py:3954} INFO - Setting next_dagrun for example_setup_teardown to 2024-05-26 00:00:00+00:00, run_after=2024-05-27 00:00:00+00:00
[2024-05-27T21:10:42.150+0000] {processor.py:183} INFO - Processing /home/airflow/.local/lib/python3.8/site-packages/airflow/example_dags/example_setup_teardown.py took 0.132 seconds
[2024-05-27T21:11:12.603+0000] {processor.py:161} INFO - Started process (PID=672) to work on /home/airflow/.local/lib/python3.8/site-packages/airflow/example_dags/example_setup_teardown.py
[2024-05-27T21:11:12.604+0000] {processor.py:830} INFO - Processing file /home/airflow/.local/lib/python3.8/site-packages/airflow/example_dags/example_setup_teardown.py for tasks to queue
[2024-05-27T21:11:12.608+0000] {logging_mixin.py:188} INFO - [2024-05-27T21:11:12.607+0000] {dagbag.py:545} INFO - Filling up the DagBag from /home/airflow/.local/lib/python3.8/site-packages/airflow/example_dags/example_setup_teardown.py
[2024-05-27T21:11:12.619+0000] {processor.py:840} INFO - DAG(s) 'example_setup_teardown' retrieved from /home/airflow/.local/lib/python3.8/site-packages/airflow/example_dags/example_setup_teardown.py
[2024-05-27T21:11:12.657+0000] {logging_mixin.py:188} INFO - [2024-05-27T21:11:12.657+0000] {dag.py:3096} INFO - Sync 1 DAGs
[2024-05-27T21:11:12.689+0000] {logging_mixin.py:188} INFO - [2024-05-27T21:11:12.689+0000] {dag.py:3954} INFO - Setting next_dagrun for example_setup_teardown to 2024-05-26 00:00:00+00:00, run_after=2024-05-27 00:00:00+00:00
[2024-05-27T21:11:12.726+0000] {processor.py:183} INFO - Processing /home/airflow/.local/lib/python3.8/site-packages/airflow/example_dags/example_setup_teardown.py took 0.132 seconds
[2024-05-27T21:11:42.840+0000] {processor.py:161} INFO - Started process (PID=741) to work on /home/airflow/.local/lib/python3.8/site-packages/airflow/example_dags/example_setup_teardown.py
[2024-05-27T21:11:42.842+0000] {processor.py:830} INFO - Processing file /home/airflow/.local/lib/python3.8/site-packages/airflow/example_dags/example_setup_teardown.py for tasks to queue
[2024-05-27T21:11:42.848+0000] {logging_mixin.py:188} INFO - [2024-05-27T21:11:42.848+0000] {dagbag.py:545} INFO - Filling up the DagBag from /home/airflow/.local/lib/python3.8/site-packages/airflow/example_dags/example_setup_teardown.py
[2024-05-27T21:11:42.860+0000] {processor.py:840} INFO - DAG(s) 'example_setup_teardown' retrieved from /home/airflow/.local/lib/python3.8/site-packages/airflow/example_dags/example_setup_teardown.py
[2024-05-27T21:11:42.896+0000] {logging_mixin.py:188} INFO - [2024-05-27T21:11:42.896+0000] {dag.py:3096} INFO - Sync 1 DAGs
[2024-05-27T21:11:42.938+0000] {logging_mixin.py:188} INFO - [2024-05-27T21:11:42.938+0000] {dag.py:3954} INFO - Setting next_dagrun for example_setup_teardown to 2024-05-26 00:00:00+00:00, run_after=2024-05-27 00:00:00+00:00
[2024-05-27T21:11:42.976+0000] {processor.py:183} INFO - Processing /home/airflow/.local/lib/python3.8/site-packages/airflow/example_dags/example_setup_teardown.py took 0.147 seconds
[2024-05-27T21:12:13.093+0000] {processor.py:161} INFO - Started process (PID=812) to work on /home/airflow/.local/lib/python3.8/site-packages/airflow/example_dags/example_setup_teardown.py
[2024-05-27T21:12:13.095+0000] {processor.py:830} INFO - Processing file /home/airflow/.local/lib/python3.8/site-packages/airflow/example_dags/example_setup_teardown.py for tasks to queue
[2024-05-27T21:12:13.097+0000] {logging_mixin.py:188} INFO - [2024-05-27T21:12:13.097+0000] {dagbag.py:545} INFO - Filling up the DagBag from /home/airflow/.local/lib/python3.8/site-packages/airflow/example_dags/example_setup_teardown.py
[2024-05-27T21:12:13.105+0000] {processor.py:840} INFO - DAG(s) 'example_setup_teardown' retrieved from /home/airflow/.local/lib/python3.8/site-packages/airflow/example_dags/example_setup_teardown.py
[2024-05-27T21:12:13.127+0000] {logging_mixin.py:188} INFO - [2024-05-27T21:12:13.127+0000] {dag.py:3096} INFO - Sync 1 DAGs
[2024-05-27T21:12:13.149+0000] {logging_mixin.py:188} INFO - [2024-05-27T21:12:13.149+0000] {dag.py:3954} INFO - Setting next_dagrun for example_setup_teardown to 2024-05-26 00:00:00+00:00, run_after=2024-05-27 00:00:00+00:00
[2024-05-27T21:12:13.172+0000] {processor.py:183} INFO - Processing /home/airflow/.local/lib/python3.8/site-packages/airflow/example_dags/example_setup_teardown.py took 0.089 seconds
[2024-05-27T21:12:43.835+0000] {processor.py:161} INFO - Started process (PID=882) to work on /home/airflow/.local/lib/python3.8/site-packages/airflow/example_dags/example_setup_teardown.py
[2024-05-27T21:12:43.836+0000] {processor.py:830} INFO - Processing file /home/airflow/.local/lib/python3.8/site-packages/airflow/example_dags/example_setup_teardown.py for tasks to queue
[2024-05-27T21:12:43.839+0000] {logging_mixin.py:188} INFO - [2024-05-27T21:12:43.838+0000] {dagbag.py:545} INFO - Filling up the DagBag from /home/airflow/.local/lib/python3.8/site-packages/airflow/example_dags/example_setup_teardown.py
[2024-05-27T21:12:43.847+0000] {processor.py:840} INFO - DAG(s) 'example_setup_teardown' retrieved from /home/airflow/.local/lib/python3.8/site-packages/airflow/example_dags/example_setup_teardown.py
[2024-05-27T21:12:43.874+0000] {logging_mixin.py:188} INFO - [2024-05-27T21:12:43.874+0000] {dag.py:3096} INFO - Sync 1 DAGs
[2024-05-27T21:12:43.898+0000] {logging_mixin.py:188} INFO - [2024-05-27T21:12:43.898+0000] {dag.py:3954} INFO - Setting next_dagrun for example_setup_teardown to 2024-05-26 00:00:00+00:00, run_after=2024-05-27 00:00:00+00:00
[2024-05-27T21:12:43.919+0000] {processor.py:183} INFO - Processing /home/airflow/.local/lib/python3.8/site-packages/airflow/example_dags/example_setup_teardown.py took 0.091 seconds
[2024-05-27T21:13:14.638+0000] {processor.py:161} INFO - Started process (PID=960) to work on /home/airflow/.local/lib/python3.8/site-packages/airflow/example_dags/example_setup_teardown.py
[2024-05-27T21:13:14.639+0000] {processor.py:830} INFO - Processing file /home/airflow/.local/lib/python3.8/site-packages/airflow/example_dags/example_setup_teardown.py for tasks to queue
[2024-05-27T21:13:14.642+0000] {logging_mixin.py:188} INFO - [2024-05-27T21:13:14.642+0000] {dagbag.py:545} INFO - Filling up the DagBag from /home/airflow/.local/lib/python3.8/site-packages/airflow/example_dags/example_setup_teardown.py
[2024-05-27T21:13:14.649+0000] {processor.py:840} INFO - DAG(s) 'example_setup_teardown' retrieved from /home/airflow/.local/lib/python3.8/site-packages/airflow/example_dags/example_setup_teardown.py
[2024-05-27T21:13:14.678+0000] {logging_mixin.py:188} INFO - [2024-05-27T21:13:14.677+0000] {dag.py:3096} INFO - Sync 1 DAGs
[2024-05-27T21:13:14.701+0000] {logging_mixin.py:188} INFO - [2024-05-27T21:13:14.701+0000] {dag.py:3954} INFO - Setting next_dagrun for example_setup_teardown to 2024-05-26 00:00:00+00:00, run_after=2024-05-27 00:00:00+00:00
[2024-05-27T21:13:14.729+0000] {processor.py:183} INFO - Processing /home/airflow/.local/lib/python3.8/site-packages/airflow/example_dags/example_setup_teardown.py took 0.097 seconds
[2024-05-27T21:13:45.086+0000] {processor.py:161} INFO - Started process (PID=1029) to work on /home/airflow/.local/lib/python3.8/site-packages/airflow/example_dags/example_setup_teardown.py
[2024-05-27T21:13:45.088+0000] {processor.py:830} INFO - Processing file /home/airflow/.local/lib/python3.8/site-packages/airflow/example_dags/example_setup_teardown.py for tasks to queue
[2024-05-27T21:13:45.090+0000] {logging_mixin.py:188} INFO - [2024-05-27T21:13:45.090+0000] {dagbag.py:545} INFO - Filling up the DagBag from /home/airflow/.local/lib/python3.8/site-packages/airflow/example_dags/example_setup_teardown.py
[2024-05-27T21:13:45.098+0000] {processor.py:840} INFO - DAG(s) 'example_setup_teardown' retrieved from /home/airflow/.local/lib/python3.8/site-packages/airflow/example_dags/example_setup_teardown.py
[2024-05-27T21:13:45.121+0000] {logging_mixin.py:188} INFO - [2024-05-27T21:13:45.120+0000] {dag.py:3096} INFO - Sync 1 DAGs
[2024-05-27T21:13:45.151+0000] {logging_mixin.py:188} INFO - [2024-05-27T21:13:45.150+0000] {dag.py:3954} INFO - Setting next_dagrun for example_setup_teardown to 2024-05-26 00:00:00+00:00, run_after=2024-05-27 00:00:00+00:00
[2024-05-27T21:13:45.182+0000] {processor.py:183} INFO - Processing /home/airflow/.local/lib/python3.8/site-packages/airflow/example_dags/example_setup_teardown.py took 0.102 seconds
[2024-05-27T21:14:15.645+0000] {processor.py:161} INFO - Started process (PID=1107) to work on /home/airflow/.local/lib/python3.8/site-packages/airflow/example_dags/example_setup_teardown.py
[2024-05-27T21:14:15.646+0000] {processor.py:830} INFO - Processing file /home/airflow/.local/lib/python3.8/site-packages/airflow/example_dags/example_setup_teardown.py for tasks to queue
[2024-05-27T21:14:15.649+0000] {logging_mixin.py:188} INFO - [2024-05-27T21:14:15.648+0000] {dagbag.py:545} INFO - Filling up the DagBag from /home/airflow/.local/lib/python3.8/site-packages/airflow/example_dags/example_setup_teardown.py
[2024-05-27T21:14:15.658+0000] {processor.py:840} INFO - DAG(s) 'example_setup_teardown' retrieved from /home/airflow/.local/lib/python3.8/site-packages/airflow/example_dags/example_setup_teardown.py
[2024-05-27T21:14:15.683+0000] {logging_mixin.py:188} INFO - [2024-05-27T21:14:15.683+0000] {dag.py:3096} INFO - Sync 1 DAGs
[2024-05-27T21:14:15.705+0000] {logging_mixin.py:188} INFO - [2024-05-27T21:14:15.705+0000] {dag.py:3954} INFO - Setting next_dagrun for example_setup_teardown to 2024-05-26 00:00:00+00:00, run_after=2024-05-27 00:00:00+00:00
[2024-05-27T21:14:15.727+0000] {processor.py:183} INFO - Processing /home/airflow/.local/lib/python3.8/site-packages/airflow/example_dags/example_setup_teardown.py took 0.090 seconds
[2024-05-27T21:14:46.199+0000] {processor.py:161} INFO - Started process (PID=1178) to work on /home/airflow/.local/lib/python3.8/site-packages/airflow/example_dags/example_setup_teardown.py
[2024-05-27T21:14:46.200+0000] {processor.py:830} INFO - Processing file /home/airflow/.local/lib/python3.8/site-packages/airflow/example_dags/example_setup_teardown.py for tasks to queue
[2024-05-27T21:14:46.201+0000] {logging_mixin.py:188} INFO - [2024-05-27T21:14:46.201+0000] {dagbag.py:545} INFO - Filling up the DagBag from /home/airflow/.local/lib/python3.8/site-packages/airflow/example_dags/example_setup_teardown.py
[2024-05-27T21:14:46.207+0000] {processor.py:840} INFO - DAG(s) 'example_setup_teardown' retrieved from /home/airflow/.local/lib/python3.8/site-packages/airflow/example_dags/example_setup_teardown.py
[2024-05-27T21:14:46.228+0000] {logging_mixin.py:188} INFO - [2024-05-27T21:14:46.228+0000] {dag.py:3096} INFO - Sync 1 DAGs
[2024-05-27T21:14:46.249+0000] {logging_mixin.py:188} INFO - [2024-05-27T21:14:46.249+0000] {dag.py:3954} INFO - Setting next_dagrun for example_setup_teardown to 2024-05-26 00:00:00+00:00, run_after=2024-05-27 00:00:00+00:00
[2024-05-27T21:14:46.269+0000] {processor.py:183} INFO - Processing /home/airflow/.local/lib/python3.8/site-packages/airflow/example_dags/example_setup_teardown.py took 0.076 seconds
[2024-05-27T21:15:16.429+0000] {processor.py:161} INFO - Started process (PID=1248) to work on /home/airflow/.local/lib/python3.8/site-packages/airflow/example_dags/example_setup_teardown.py
[2024-05-27T21:15:16.430+0000] {processor.py:830} INFO - Processing file /home/airflow/.local/lib/python3.8/site-packages/airflow/example_dags/example_setup_teardown.py for tasks to queue
[2024-05-27T21:15:16.433+0000] {logging_mixin.py:188} INFO - [2024-05-27T21:15:16.432+0000] {dagbag.py:545} INFO - Filling up the DagBag from /home/airflow/.local/lib/python3.8/site-packages/airflow/example_dags/example_setup_teardown.py
[2024-05-27T21:15:16.440+0000] {processor.py:840} INFO - DAG(s) 'example_setup_teardown' retrieved from /home/airflow/.local/lib/python3.8/site-packages/airflow/example_dags/example_setup_teardown.py
[2024-05-27T21:15:16.463+0000] {logging_mixin.py:188} INFO - [2024-05-27T21:15:16.463+0000] {dag.py:3096} INFO - Sync 1 DAGs
[2024-05-27T21:15:16.484+0000] {logging_mixin.py:188} INFO - [2024-05-27T21:15:16.484+0000] {dag.py:3954} INFO - Setting next_dagrun for example_setup_teardown to 2024-05-26 00:00:00+00:00, run_after=2024-05-27 00:00:00+00:00
[2024-05-27T21:15:16.508+0000] {processor.py:183} INFO - Processing /home/airflow/.local/lib/python3.8/site-packages/airflow/example_dags/example_setup_teardown.py took 0.085 seconds
[2024-05-27T21:15:46.878+0000] {processor.py:161} INFO - Started process (PID=1326) to work on /home/airflow/.local/lib/python3.8/site-packages/airflow/example_dags/example_setup_teardown.py
[2024-05-27T21:15:46.879+0000] {processor.py:830} INFO - Processing file /home/airflow/.local/lib/python3.8/site-packages/airflow/example_dags/example_setup_teardown.py for tasks to queue
[2024-05-27T21:15:46.881+0000] {logging_mixin.py:188} INFO - [2024-05-27T21:15:46.880+0000] {dagbag.py:545} INFO - Filling up the DagBag from /home/airflow/.local/lib/python3.8/site-packages/airflow/example_dags/example_setup_teardown.py
[2024-05-27T21:15:46.887+0000] {processor.py:840} INFO - DAG(s) 'example_setup_teardown' retrieved from /home/airflow/.local/lib/python3.8/site-packages/airflow/example_dags/example_setup_teardown.py
[2024-05-27T21:15:46.911+0000] {logging_mixin.py:188} INFO - [2024-05-27T21:15:46.910+0000] {dag.py:3096} INFO - Sync 1 DAGs
[2024-05-27T21:15:46.931+0000] {logging_mixin.py:188} INFO - [2024-05-27T21:15:46.930+0000] {dag.py:3954} INFO - Setting next_dagrun for example_setup_teardown to 2024-05-26 00:00:00+00:00, run_after=2024-05-27 00:00:00+00:00
[2024-05-27T21:15:46.952+0000] {processor.py:183} INFO - Processing /home/airflow/.local/lib/python3.8/site-packages/airflow/example_dags/example_setup_teardown.py took 0.080 seconds
[2024-05-27T21:16:17.228+0000] {processor.py:161} INFO - Started process (PID=1396) to work on /home/airflow/.local/lib/python3.8/site-packages/airflow/example_dags/example_setup_teardown.py
[2024-05-27T21:16:17.230+0000] {processor.py:830} INFO - Processing file /home/airflow/.local/lib/python3.8/site-packages/airflow/example_dags/example_setup_teardown.py for tasks to queue
[2024-05-27T21:16:17.231+0000] {logging_mixin.py:188} INFO - [2024-05-27T21:16:17.231+0000] {dagbag.py:545} INFO - Filling up the DagBag from /home/airflow/.local/lib/python3.8/site-packages/airflow/example_dags/example_setup_teardown.py
[2024-05-27T21:16:17.238+0000] {processor.py:840} INFO - DAG(s) 'example_setup_teardown' retrieved from /home/airflow/.local/lib/python3.8/site-packages/airflow/example_dags/example_setup_teardown.py
[2024-05-27T21:16:17.264+0000] {logging_mixin.py:188} INFO - [2024-05-27T21:16:17.264+0000] {dag.py:3096} INFO - Sync 1 DAGs
[2024-05-27T21:16:17.286+0000] {logging_mixin.py:188} INFO - [2024-05-27T21:16:17.286+0000] {dag.py:3954} INFO - Setting next_dagrun for example_setup_teardown to 2024-05-26 00:00:00+00:00, run_after=2024-05-27 00:00:00+00:00
[2024-05-27T21:16:17.310+0000] {processor.py:183} INFO - Processing /home/airflow/.local/lib/python3.8/site-packages/airflow/example_dags/example_setup_teardown.py took 0.087 seconds
[2024-05-27T21:16:47.596+0000] {processor.py:161} INFO - Started process (PID=1475) to work on /home/airflow/.local/lib/python3.8/site-packages/airflow/example_dags/example_setup_teardown.py
[2024-05-27T21:16:47.599+0000] {processor.py:830} INFO - Processing file /home/airflow/.local/lib/python3.8/site-packages/airflow/example_dags/example_setup_teardown.py for tasks to queue
[2024-05-27T21:16:47.601+0000] {logging_mixin.py:188} INFO - [2024-05-27T21:16:47.601+0000] {dagbag.py:545} INFO - Filling up the DagBag from /home/airflow/.local/lib/python3.8/site-packages/airflow/example_dags/example_setup_teardown.py
[2024-05-27T21:16:47.607+0000] {processor.py:840} INFO - DAG(s) 'example_setup_teardown' retrieved from /home/airflow/.local/lib/python3.8/site-packages/airflow/example_dags/example_setup_teardown.py
[2024-05-27T21:16:47.630+0000] {logging_mixin.py:188} INFO - [2024-05-27T21:16:47.630+0000] {dag.py:3096} INFO - Sync 1 DAGs
[2024-05-27T21:16:47.652+0000] {logging_mixin.py:188} INFO - [2024-05-27T21:16:47.652+0000] {dag.py:3954} INFO - Setting next_dagrun for example_setup_teardown to 2024-05-26 00:00:00+00:00, run_after=2024-05-27 00:00:00+00:00
[2024-05-27T21:16:47.682+0000] {processor.py:183} INFO - Processing /home/airflow/.local/lib/python3.8/site-packages/airflow/example_dags/example_setup_teardown.py took 0.092 seconds
[2024-05-27T21:17:17.981+0000] {processor.py:161} INFO - Started process (PID=1546) to work on /home/airflow/.local/lib/python3.8/site-packages/airflow/example_dags/example_setup_teardown.py
[2024-05-27T21:17:17.982+0000] {processor.py:830} INFO - Processing file /home/airflow/.local/lib/python3.8/site-packages/airflow/example_dags/example_setup_teardown.py for tasks to queue
[2024-05-27T21:17:17.985+0000] {logging_mixin.py:188} INFO - [2024-05-27T21:17:17.984+0000] {dagbag.py:545} INFO - Filling up the DagBag from /home/airflow/.local/lib/python3.8/site-packages/airflow/example_dags/example_setup_teardown.py
[2024-05-27T21:17:17.992+0000] {processor.py:840} INFO - DAG(s) 'example_setup_teardown' retrieved from /home/airflow/.local/lib/python3.8/site-packages/airflow/example_dags/example_setup_teardown.py
[2024-05-27T21:17:18.017+0000] {logging_mixin.py:188} INFO - [2024-05-27T21:17:18.017+0000] {dag.py:3096} INFO - Sync 1 DAGs
[2024-05-27T21:17:18.038+0000] {logging_mixin.py:188} INFO - [2024-05-27T21:17:18.038+0000] {dag.py:3954} INFO - Setting next_dagrun for example_setup_teardown to 2024-05-26 00:00:00+00:00, run_after=2024-05-27 00:00:00+00:00
[2024-05-27T21:17:18.064+0000] {processor.py:183} INFO - Processing /home/airflow/.local/lib/python3.8/site-packages/airflow/example_dags/example_setup_teardown.py took 0.090 seconds
[2024-05-27T21:17:48.817+0000] {processor.py:161} INFO - Started process (PID=1618) to work on /home/airflow/.local/lib/python3.8/site-packages/airflow/example_dags/example_setup_teardown.py
[2024-05-27T21:17:48.830+0000] {processor.py:830} INFO - Processing file /home/airflow/.local/lib/python3.8/site-packages/airflow/example_dags/example_setup_teardown.py for tasks to queue
[2024-05-27T21:17:48.833+0000] {logging_mixin.py:188} INFO - [2024-05-27T21:17:48.832+0000] {dagbag.py:545} INFO - Filling up the DagBag from /home/airflow/.local/lib/python3.8/site-packages/airflow/example_dags/example_setup_teardown.py
[2024-05-27T21:17:48.856+0000] {processor.py:840} INFO - DAG(s) 'example_setup_teardown' retrieved from /home/airflow/.local/lib/python3.8/site-packages/airflow/example_dags/example_setup_teardown.py
[2024-05-27T21:17:48.939+0000] {logging_mixin.py:188} INFO - [2024-05-27T21:17:48.938+0000] {dag.py:3096} INFO - Sync 1 DAGs
[2024-05-27T21:17:49.020+0000] {logging_mixin.py:188} INFO - [2024-05-27T21:17:49.020+0000] {dag.py:3954} INFO - Setting next_dagrun for example_setup_teardown to 2024-05-26 00:00:00+00:00, run_after=2024-05-27 00:00:00+00:00
[2024-05-27T21:17:49.089+0000] {processor.py:183} INFO - Processing /home/airflow/.local/lib/python3.8/site-packages/airflow/example_dags/example_setup_teardown.py took 0.303 seconds
[2024-05-27T21:18:19.209+0000] {processor.py:161} INFO - Started process (PID=1688) to work on /home/airflow/.local/lib/python3.8/site-packages/airflow/example_dags/example_setup_teardown.py
[2024-05-27T21:18:19.211+0000] {processor.py:830} INFO - Processing file /home/airflow/.local/lib/python3.8/site-packages/airflow/example_dags/example_setup_teardown.py for tasks to queue
[2024-05-27T21:18:19.214+0000] {logging_mixin.py:188} INFO - [2024-05-27T21:18:19.213+0000] {dagbag.py:545} INFO - Filling up the DagBag from /home/airflow/.local/lib/python3.8/site-packages/airflow/example_dags/example_setup_teardown.py
[2024-05-27T21:18:19.225+0000] {processor.py:840} INFO - DAG(s) 'example_setup_teardown' retrieved from /home/airflow/.local/lib/python3.8/site-packages/airflow/example_dags/example_setup_teardown.py
[2024-05-27T21:18:19.254+0000] {logging_mixin.py:188} INFO - [2024-05-27T21:18:19.254+0000] {dag.py:3096} INFO - Sync 1 DAGs
[2024-05-27T21:18:19.287+0000] {logging_mixin.py:188} INFO - [2024-05-27T21:18:19.287+0000] {dag.py:3954} INFO - Setting next_dagrun for example_setup_teardown to 2024-05-26 00:00:00+00:00, run_after=2024-05-27 00:00:00+00:00
[2024-05-27T21:18:19.322+0000] {processor.py:183} INFO - Processing /home/airflow/.local/lib/python3.8/site-packages/airflow/example_dags/example_setup_teardown.py took 0.123 seconds
[2024-05-27T21:18:50.147+0000] {processor.py:161} INFO - Started process (PID=1759) to work on /home/airflow/.local/lib/python3.8/site-packages/airflow/example_dags/example_setup_teardown.py
[2024-05-27T21:18:50.148+0000] {processor.py:830} INFO - Processing file /home/airflow/.local/lib/python3.8/site-packages/airflow/example_dags/example_setup_teardown.py for tasks to queue
[2024-05-27T21:18:50.151+0000] {logging_mixin.py:188} INFO - [2024-05-27T21:18:50.150+0000] {dagbag.py:545} INFO - Filling up the DagBag from /home/airflow/.local/lib/python3.8/site-packages/airflow/example_dags/example_setup_teardown.py
[2024-05-27T21:18:50.160+0000] {processor.py:840} INFO - DAG(s) 'example_setup_teardown' retrieved from /home/airflow/.local/lib/python3.8/site-packages/airflow/example_dags/example_setup_teardown.py
[2024-05-27T21:18:50.187+0000] {logging_mixin.py:188} INFO - [2024-05-27T21:18:50.187+0000] {dag.py:3096} INFO - Sync 1 DAGs
[2024-05-27T21:18:50.212+0000] {logging_mixin.py:188} INFO - [2024-05-27T21:18:50.212+0000] {dag.py:3954} INFO - Setting next_dagrun for example_setup_teardown to 2024-05-26 00:00:00+00:00, run_after=2024-05-27 00:00:00+00:00
[2024-05-27T21:18:50.235+0000] {processor.py:183} INFO - Processing /home/airflow/.local/lib/python3.8/site-packages/airflow/example_dags/example_setup_teardown.py took 0.094 seconds
[2024-05-27T21:19:20.840+0000] {processor.py:161} INFO - Started process (PID=1837) to work on /home/airflow/.local/lib/python3.8/site-packages/airflow/example_dags/example_setup_teardown.py
[2024-05-27T21:19:20.841+0000] {processor.py:830} INFO - Processing file /home/airflow/.local/lib/python3.8/site-packages/airflow/example_dags/example_setup_teardown.py for tasks to queue
[2024-05-27T21:19:20.843+0000] {logging_mixin.py:188} INFO - [2024-05-27T21:19:20.843+0000] {dagbag.py:545} INFO - Filling up the DagBag from /home/airflow/.local/lib/python3.8/site-packages/airflow/example_dags/example_setup_teardown.py
[2024-05-27T21:19:20.851+0000] {processor.py:840} INFO - DAG(s) 'example_setup_teardown' retrieved from /home/airflow/.local/lib/python3.8/site-packages/airflow/example_dags/example_setup_teardown.py
[2024-05-27T21:19:20.879+0000] {logging_mixin.py:188} INFO - [2024-05-27T21:19:20.878+0000] {dag.py:3096} INFO - Sync 1 DAGs
[2024-05-27T21:19:20.901+0000] {logging_mixin.py:188} INFO - [2024-05-27T21:19:20.901+0000] {dag.py:3954} INFO - Setting next_dagrun for example_setup_teardown to 2024-05-26 00:00:00+00:00, run_after=2024-05-27 00:00:00+00:00
[2024-05-27T21:19:20.924+0000] {processor.py:183} INFO - Processing /home/airflow/.local/lib/python3.8/site-packages/airflow/example_dags/example_setup_teardown.py took 0.096 seconds
[2024-05-27T21:19:51.655+0000] {processor.py:161} INFO - Started process (PID=1907) to work on /home/airflow/.local/lib/python3.8/site-packages/airflow/example_dags/example_setup_teardown.py
[2024-05-27T21:19:51.656+0000] {processor.py:830} INFO - Processing file /home/airflow/.local/lib/python3.8/site-packages/airflow/example_dags/example_setup_teardown.py for tasks to queue
[2024-05-27T21:19:51.659+0000] {logging_mixin.py:188} INFO - [2024-05-27T21:19:51.658+0000] {dagbag.py:545} INFO - Filling up the DagBag from /home/airflow/.local/lib/python3.8/site-packages/airflow/example_dags/example_setup_teardown.py
[2024-05-27T21:19:51.667+0000] {processor.py:840} INFO - DAG(s) 'example_setup_teardown' retrieved from /home/airflow/.local/lib/python3.8/site-packages/airflow/example_dags/example_setup_teardown.py
[2024-05-27T21:19:51.692+0000] {logging_mixin.py:188} INFO - [2024-05-27T21:19:51.692+0000] {dag.py:3096} INFO - Sync 1 DAGs
[2024-05-27T21:19:51.718+0000] {logging_mixin.py:188} INFO - [2024-05-27T21:19:51.718+0000] {dag.py:3954} INFO - Setting next_dagrun for example_setup_teardown to 2024-05-26 00:00:00+00:00, run_after=2024-05-27 00:00:00+00:00
[2024-05-27T21:19:51.744+0000] {processor.py:183} INFO - Processing /home/airflow/.local/lib/python3.8/site-packages/airflow/example_dags/example_setup_teardown.py took 0.096 seconds
[2024-05-27T21:20:22.553+0000] {processor.py:161} INFO - Started process (PID=1977) to work on /home/airflow/.local/lib/python3.8/site-packages/airflow/example_dags/example_setup_teardown.py
[2024-05-27T21:20:22.555+0000] {processor.py:830} INFO - Processing file /home/airflow/.local/lib/python3.8/site-packages/airflow/example_dags/example_setup_teardown.py for tasks to queue
[2024-05-27T21:20:22.557+0000] {logging_mixin.py:188} INFO - [2024-05-27T21:20:22.556+0000] {dagbag.py:545} INFO - Filling up the DagBag from /home/airflow/.local/lib/python3.8/site-packages/airflow/example_dags/example_setup_teardown.py
[2024-05-27T21:20:22.565+0000] {processor.py:840} INFO - DAG(s) 'example_setup_teardown' retrieved from /home/airflow/.local/lib/python3.8/site-packages/airflow/example_dags/example_setup_teardown.py
[2024-05-27T21:20:22.590+0000] {logging_mixin.py:188} INFO - [2024-05-27T21:20:22.590+0000] {dag.py:3096} INFO - Sync 1 DAGs
[2024-05-27T21:20:22.615+0000] {logging_mixin.py:188} INFO - [2024-05-27T21:20:22.615+0000] {dag.py:3954} INFO - Setting next_dagrun for example_setup_teardown to 2024-05-26 00:00:00+00:00, run_after=2024-05-27 00:00:00+00:00
[2024-05-27T21:20:22.642+0000] {processor.py:183} INFO - Processing /home/airflow/.local/lib/python3.8/site-packages/airflow/example_dags/example_setup_teardown.py took 0.096 seconds
[2024-05-27T21:20:52.892+0000] {processor.py:161} INFO - Started process (PID=2056) to work on /home/airflow/.local/lib/python3.8/site-packages/airflow/example_dags/example_setup_teardown.py
[2024-05-27T21:20:52.894+0000] {processor.py:830} INFO - Processing file /home/airflow/.local/lib/python3.8/site-packages/airflow/example_dags/example_setup_teardown.py for tasks to queue
[2024-05-27T21:20:52.896+0000] {logging_mixin.py:188} INFO - [2024-05-27T21:20:52.896+0000] {dagbag.py:545} INFO - Filling up the DagBag from /home/airflow/.local/lib/python3.8/site-packages/airflow/example_dags/example_setup_teardown.py
[2024-05-27T21:20:52.906+0000] {processor.py:840} INFO - DAG(s) 'example_setup_teardown' retrieved from /home/airflow/.local/lib/python3.8/site-packages/airflow/example_dags/example_setup_teardown.py
[2024-05-27T21:20:52.942+0000] {logging_mixin.py:188} INFO - [2024-05-27T21:20:52.942+0000] {dag.py:3096} INFO - Sync 1 DAGs
[2024-05-27T21:20:52.976+0000] {logging_mixin.py:188} INFO - [2024-05-27T21:20:52.976+0000] {dag.py:3954} INFO - Setting next_dagrun for example_setup_teardown to 2024-05-26 00:00:00+00:00, run_after=2024-05-27 00:00:00+00:00
[2024-05-27T21:20:53.013+0000] {processor.py:183} INFO - Processing /home/airflow/.local/lib/python3.8/site-packages/airflow/example_dags/example_setup_teardown.py took 0.129 seconds
[2024-05-27T21:21:23.462+0000] {processor.py:161} INFO - Started process (PID=2149) to work on /home/airflow/.local/lib/python3.8/site-packages/airflow/example_dags/example_setup_teardown.py
[2024-05-27T21:21:23.463+0000] {processor.py:830} INFO - Processing file /home/airflow/.local/lib/python3.8/site-packages/airflow/example_dags/example_setup_teardown.py for tasks to queue
[2024-05-27T21:21:23.466+0000] {logging_mixin.py:188} INFO - [2024-05-27T21:21:23.466+0000] {dagbag.py:545} INFO - Filling up the DagBag from /home/airflow/.local/lib/python3.8/site-packages/airflow/example_dags/example_setup_teardown.py
[2024-05-27T21:21:23.475+0000] {processor.py:840} INFO - DAG(s) 'example_setup_teardown' retrieved from /home/airflow/.local/lib/python3.8/site-packages/airflow/example_dags/example_setup_teardown.py
[2024-05-27T21:21:23.511+0000] {logging_mixin.py:188} INFO - [2024-05-27T21:21:23.511+0000] {dag.py:3096} INFO - Sync 1 DAGs
[2024-05-27T21:21:23.548+0000] {logging_mixin.py:188} INFO - [2024-05-27T21:21:23.548+0000] {dag.py:3954} INFO - Setting next_dagrun for example_setup_teardown to 2024-05-26 00:00:00+00:00, run_after=2024-05-27 00:00:00+00:00
[2024-05-27T21:21:23.581+0000] {processor.py:183} INFO - Processing /home/airflow/.local/lib/python3.8/site-packages/airflow/example_dags/example_setup_teardown.py took 0.129 seconds
[2024-05-27T21:21:54.035+0000] {processor.py:161} INFO - Started process (PID=2216) to work on /home/airflow/.local/lib/python3.8/site-packages/airflow/example_dags/example_setup_teardown.py
[2024-05-27T21:21:54.036+0000] {processor.py:830} INFO - Processing file /home/airflow/.local/lib/python3.8/site-packages/airflow/example_dags/example_setup_teardown.py for tasks to queue
[2024-05-27T21:21:54.038+0000] {logging_mixin.py:188} INFO - [2024-05-27T21:21:54.038+0000] {dagbag.py:545} INFO - Filling up the DagBag from /home/airflow/.local/lib/python3.8/site-packages/airflow/example_dags/example_setup_teardown.py
[2024-05-27T21:21:54.046+0000] {processor.py:840} INFO - DAG(s) 'example_setup_teardown' retrieved from /home/airflow/.local/lib/python3.8/site-packages/airflow/example_dags/example_setup_teardown.py
[2024-05-27T21:21:54.072+0000] {logging_mixin.py:188} INFO - [2024-05-27T21:21:54.072+0000] {dag.py:3096} INFO - Sync 1 DAGs
[2024-05-27T21:21:54.096+0000] {logging_mixin.py:188} INFO - [2024-05-27T21:21:54.095+0000] {dag.py:3954} INFO - Setting next_dagrun for example_setup_teardown to 2024-05-26 00:00:00+00:00, run_after=2024-05-27 00:00:00+00:00
[2024-05-27T21:21:54.126+0000] {processor.py:183} INFO - Processing /home/airflow/.local/lib/python3.8/site-packages/airflow/example_dags/example_setup_teardown.py took 0.098 seconds
[2024-05-27T21:22:24.503+0000] {processor.py:161} INFO - Started process (PID=2285) to work on /home/airflow/.local/lib/python3.8/site-packages/airflow/example_dags/example_setup_teardown.py
[2024-05-27T21:22:24.504+0000] {processor.py:830} INFO - Processing file /home/airflow/.local/lib/python3.8/site-packages/airflow/example_dags/example_setup_teardown.py for tasks to queue
[2024-05-27T21:22:24.506+0000] {logging_mixin.py:188} INFO - [2024-05-27T21:22:24.506+0000] {dagbag.py:545} INFO - Filling up the DagBag from /home/airflow/.local/lib/python3.8/site-packages/airflow/example_dags/example_setup_teardown.py
[2024-05-27T21:22:24.513+0000] {processor.py:840} INFO - DAG(s) 'example_setup_teardown' retrieved from /home/airflow/.local/lib/python3.8/site-packages/airflow/example_dags/example_setup_teardown.py
[2024-05-27T21:22:24.535+0000] {logging_mixin.py:188} INFO - [2024-05-27T21:22:24.535+0000] {dag.py:3096} INFO - Sync 1 DAGs
[2024-05-27T21:22:24.555+0000] {logging_mixin.py:188} INFO - [2024-05-27T21:22:24.555+0000] {dag.py:3954} INFO - Setting next_dagrun for example_setup_teardown to 2024-05-26 00:00:00+00:00, run_after=2024-05-27 00:00:00+00:00
[2024-05-27T21:22:24.575+0000] {processor.py:183} INFO - Processing /home/airflow/.local/lib/python3.8/site-packages/airflow/example_dags/example_setup_teardown.py took 0.079 seconds
[2024-05-27T21:22:55.212+0000] {processor.py:161} INFO - Started process (PID=2363) to work on /home/airflow/.local/lib/python3.8/site-packages/airflow/example_dags/example_setup_teardown.py
[2024-05-27T21:22:55.214+0000] {processor.py:830} INFO - Processing file /home/airflow/.local/lib/python3.8/site-packages/airflow/example_dags/example_setup_teardown.py for tasks to queue
[2024-05-27T21:22:55.217+0000] {logging_mixin.py:188} INFO - [2024-05-27T21:22:55.216+0000] {dagbag.py:545} INFO - Filling up the DagBag from /home/airflow/.local/lib/python3.8/site-packages/airflow/example_dags/example_setup_teardown.py
[2024-05-27T21:22:55.227+0000] {processor.py:840} INFO - DAG(s) 'example_setup_teardown' retrieved from /home/airflow/.local/lib/python3.8/site-packages/airflow/example_dags/example_setup_teardown.py
[2024-05-27T21:22:55.259+0000] {logging_mixin.py:188} INFO - [2024-05-27T21:22:55.259+0000] {dag.py:3096} INFO - Sync 1 DAGs
[2024-05-27T21:22:55.291+0000] {logging_mixin.py:188} INFO - [2024-05-27T21:22:55.291+0000] {dag.py:3954} INFO - Setting next_dagrun for example_setup_teardown to 2024-05-26 00:00:00+00:00, run_after=2024-05-27 00:00:00+00:00
[2024-05-27T21:22:55.317+0000] {processor.py:183} INFO - Processing /home/airflow/.local/lib/python3.8/site-packages/airflow/example_dags/example_setup_teardown.py took 0.115 seconds
[2024-05-27T21:23:26.014+0000] {processor.py:161} INFO - Started process (PID=2433) to work on /home/airflow/.local/lib/python3.8/site-packages/airflow/example_dags/example_setup_teardown.py
[2024-05-27T21:23:26.015+0000] {processor.py:830} INFO - Processing file /home/airflow/.local/lib/python3.8/site-packages/airflow/example_dags/example_setup_teardown.py for tasks to queue
[2024-05-27T21:23:26.017+0000] {logging_mixin.py:188} INFO - [2024-05-27T21:23:26.016+0000] {dagbag.py:545} INFO - Filling up the DagBag from /home/airflow/.local/lib/python3.8/site-packages/airflow/example_dags/example_setup_teardown.py
[2024-05-27T21:23:26.023+0000] {processor.py:840} INFO - DAG(s) 'example_setup_teardown' retrieved from /home/airflow/.local/lib/python3.8/site-packages/airflow/example_dags/example_setup_teardown.py
[2024-05-27T21:23:26.045+0000] {logging_mixin.py:188} INFO - [2024-05-27T21:23:26.045+0000] {dag.py:3096} INFO - Sync 1 DAGs
[2024-05-27T21:23:26.066+0000] {logging_mixin.py:188} INFO - [2024-05-27T21:23:26.065+0000] {dag.py:3954} INFO - Setting next_dagrun for example_setup_teardown to 2024-05-26 00:00:00+00:00, run_after=2024-05-27 00:00:00+00:00
[2024-05-27T21:23:26.090+0000] {processor.py:183} INFO - Processing /home/airflow/.local/lib/python3.8/site-packages/airflow/example_dags/example_setup_teardown.py took 0.083 seconds
[2024-05-27T21:23:56.396+0000] {processor.py:161} INFO - Started process (PID=2503) to work on /home/airflow/.local/lib/python3.8/site-packages/airflow/example_dags/example_setup_teardown.py
[2024-05-27T21:23:56.397+0000] {processor.py:830} INFO - Processing file /home/airflow/.local/lib/python3.8/site-packages/airflow/example_dags/example_setup_teardown.py for tasks to queue
[2024-05-27T21:23:56.399+0000] {logging_mixin.py:188} INFO - [2024-05-27T21:23:56.399+0000] {dagbag.py:545} INFO - Filling up the DagBag from /home/airflow/.local/lib/python3.8/site-packages/airflow/example_dags/example_setup_teardown.py
[2024-05-27T21:23:56.407+0000] {processor.py:840} INFO - DAG(s) 'example_setup_teardown' retrieved from /home/airflow/.local/lib/python3.8/site-packages/airflow/example_dags/example_setup_teardown.py
[2024-05-27T21:23:56.430+0000] {logging_mixin.py:188} INFO - [2024-05-27T21:23:56.430+0000] {dag.py:3096} INFO - Sync 1 DAGs
[2024-05-27T21:23:56.455+0000] {logging_mixin.py:188} INFO - [2024-05-27T21:23:56.454+0000] {dag.py:3954} INFO - Setting next_dagrun for example_setup_teardown to 2024-05-26 00:00:00+00:00, run_after=2024-05-27 00:00:00+00:00
[2024-05-27T21:23:56.476+0000] {processor.py:183} INFO - Processing /home/airflow/.local/lib/python3.8/site-packages/airflow/example_dags/example_setup_teardown.py took 0.088 seconds
[2024-05-27T21:24:27.329+0000] {processor.py:161} INFO - Started process (PID=2582) to work on /home/airflow/.local/lib/python3.8/site-packages/airflow/example_dags/example_setup_teardown.py
[2024-05-27T21:24:27.330+0000] {processor.py:830} INFO - Processing file /home/airflow/.local/lib/python3.8/site-packages/airflow/example_dags/example_setup_teardown.py for tasks to queue
[2024-05-27T21:24:27.333+0000] {logging_mixin.py:188} INFO - [2024-05-27T21:24:27.332+0000] {dagbag.py:545} INFO - Filling up the DagBag from /home/airflow/.local/lib/python3.8/site-packages/airflow/example_dags/example_setup_teardown.py
[2024-05-27T21:24:27.340+0000] {processor.py:840} INFO - DAG(s) 'example_setup_teardown' retrieved from /home/airflow/.local/lib/python3.8/site-packages/airflow/example_dags/example_setup_teardown.py
[2024-05-27T21:24:27.364+0000] {logging_mixin.py:188} INFO - [2024-05-27T21:24:27.363+0000] {dag.py:3096} INFO - Sync 1 DAGs
[2024-05-27T21:24:27.387+0000] {logging_mixin.py:188} INFO - [2024-05-27T21:24:27.387+0000] {dag.py:3954} INFO - Setting next_dagrun for example_setup_teardown to 2024-05-26 00:00:00+00:00, run_after=2024-05-27 00:00:00+00:00
[2024-05-27T21:24:27.412+0000] {processor.py:183} INFO - Processing /home/airflow/.local/lib/python3.8/site-packages/airflow/example_dags/example_setup_teardown.py took 0.089 seconds
[2024-05-27T21:24:57.827+0000] {processor.py:161} INFO - Started process (PID=2652) to work on /home/airflow/.local/lib/python3.8/site-packages/airflow/example_dags/example_setup_teardown.py
[2024-05-27T21:24:57.828+0000] {processor.py:830} INFO - Processing file /home/airflow/.local/lib/python3.8/site-packages/airflow/example_dags/example_setup_teardown.py for tasks to queue
[2024-05-27T21:24:57.831+0000] {logging_mixin.py:188} INFO - [2024-05-27T21:24:57.830+0000] {dagbag.py:545} INFO - Filling up the DagBag from /home/airflow/.local/lib/python3.8/site-packages/airflow/example_dags/example_setup_teardown.py
[2024-05-27T21:24:57.838+0000] {processor.py:840} INFO - DAG(s) 'example_setup_teardown' retrieved from /home/airflow/.local/lib/python3.8/site-packages/airflow/example_dags/example_setup_teardown.py
[2024-05-27T21:24:57.864+0000] {logging_mixin.py:188} INFO - [2024-05-27T21:24:57.864+0000] {dag.py:3096} INFO - Sync 1 DAGs
[2024-05-27T21:24:57.887+0000] {logging_mixin.py:188} INFO - [2024-05-27T21:24:57.886+0000] {dag.py:3954} INFO - Setting next_dagrun for example_setup_teardown to 2024-05-26 00:00:00+00:00, run_after=2024-05-27 00:00:00+00:00
[2024-05-27T21:24:57.910+0000] {processor.py:183} INFO - Processing /home/airflow/.local/lib/python3.8/site-packages/airflow/example_dags/example_setup_teardown.py took 0.089 seconds
[2024-05-27T21:25:28.582+0000] {processor.py:161} INFO - Started process (PID=2729) to work on /home/airflow/.local/lib/python3.8/site-packages/airflow/example_dags/example_setup_teardown.py
[2024-05-27T21:25:28.583+0000] {processor.py:830} INFO - Processing file /home/airflow/.local/lib/python3.8/site-packages/airflow/example_dags/example_setup_teardown.py for tasks to queue
[2024-05-27T21:25:28.585+0000] {logging_mixin.py:188} INFO - [2024-05-27T21:25:28.584+0000] {dagbag.py:545} INFO - Filling up the DagBag from /home/airflow/.local/lib/python3.8/site-packages/airflow/example_dags/example_setup_teardown.py
[2024-05-27T21:25:28.592+0000] {processor.py:840} INFO - DAG(s) 'example_setup_teardown' retrieved from /home/airflow/.local/lib/python3.8/site-packages/airflow/example_dags/example_setup_teardown.py
[2024-05-27T21:25:28.616+0000] {logging_mixin.py:188} INFO - [2024-05-27T21:25:28.616+0000] {dag.py:3096} INFO - Sync 1 DAGs
[2024-05-27T21:25:28.639+0000] {logging_mixin.py:188} INFO - [2024-05-27T21:25:28.638+0000] {dag.py:3954} INFO - Setting next_dagrun for example_setup_teardown to 2024-05-26 00:00:00+00:00, run_after=2024-05-27 00:00:00+00:00
[2024-05-27T21:25:28.662+0000] {processor.py:183} INFO - Processing /home/airflow/.local/lib/python3.8/site-packages/airflow/example_dags/example_setup_teardown.py took 0.090 seconds
