[2024-05-27T20:50:55.393+0000] {processor.py:161} INFO - Started process (PID=71) to work on /home/airflow/.local/lib/python3.8/site-packages/airflow/example_dags/example_time_delta_sensor_async.py
[2024-05-27T20:50:55.401+0000] {processor.py:830} INFO - Processing file /home/airflow/.local/lib/python3.8/site-packages/airflow/example_dags/example_time_delta_sensor_async.py for tasks to queue
[2024-05-27T20:50:55.409+0000] {logging_mixin.py:188} INFO - [2024-05-27T20:50:55.404+0000] {dagbag.py:545} INFO - Filling up the DagBag from /home/airflow/.local/lib/python3.8/site-packages/airflow/example_dags/example_time_delta_sensor_async.py
[2024-05-27T20:50:55.434+0000] {processor.py:840} INFO - DAG(s) 'example_time_delta_sensor_async' retrieved from /home/airflow/.local/lib/python3.8/site-packages/airflow/example_dags/example_time_delta_sensor_async.py
[2024-05-27T20:50:55.501+0000] {logging_mixin.py:188} INFO - [2024-05-27T20:50:55.500+0000] {dag.py:3096} INFO - Sync 1 DAGs
[2024-05-27T20:50:55.553+0000] {logging_mixin.py:188} INFO - [2024-05-27T20:50:55.553+0000] {dag.py:3954} INFO - Setting next_dagrun for example_time_delta_sensor_async to None, run_after=None
[2024-05-27T20:50:55.620+0000] {processor.py:183} INFO - Processing /home/airflow/.local/lib/python3.8/site-packages/airflow/example_dags/example_time_delta_sensor_async.py took 0.267 seconds
[2024-05-27T20:51:25.811+0000] {processor.py:161} INFO - Started process (PID=147) to work on /home/airflow/.local/lib/python3.8/site-packages/airflow/example_dags/example_time_delta_sensor_async.py
[2024-05-27T20:51:25.812+0000] {processor.py:830} INFO - Processing file /home/airflow/.local/lib/python3.8/site-packages/airflow/example_dags/example_time_delta_sensor_async.py for tasks to queue
[2024-05-27T20:51:25.815+0000] {logging_mixin.py:188} INFO - [2024-05-27T20:51:25.814+0000] {dagbag.py:545} INFO - Filling up the DagBag from /home/airflow/.local/lib/python3.8/site-packages/airflow/example_dags/example_time_delta_sensor_async.py
[2024-05-27T20:51:25.820+0000] {processor.py:840} INFO - DAG(s) 'example_time_delta_sensor_async' retrieved from /home/airflow/.local/lib/python3.8/site-packages/airflow/example_dags/example_time_delta_sensor_async.py
[2024-05-27T20:51:25.941+0000] {logging_mixin.py:188} INFO - [2024-05-27T20:51:25.941+0000] {dag.py:3096} INFO - Sync 1 DAGs
[2024-05-27T20:51:25.955+0000] {logging_mixin.py:188} INFO - [2024-05-27T20:51:25.955+0000] {dag.py:3954} INFO - Setting next_dagrun for example_time_delta_sensor_async to None, run_after=None
[2024-05-27T20:51:25.979+0000] {processor.py:183} INFO - Processing /home/airflow/.local/lib/python3.8/site-packages/airflow/example_dags/example_time_delta_sensor_async.py took 0.174 seconds
[2024-05-27T20:51:56.549+0000] {processor.py:161} INFO - Started process (PID=218) to work on /home/airflow/.local/lib/python3.8/site-packages/airflow/example_dags/example_time_delta_sensor_async.py
[2024-05-27T20:51:56.550+0000] {processor.py:830} INFO - Processing file /home/airflow/.local/lib/python3.8/site-packages/airflow/example_dags/example_time_delta_sensor_async.py for tasks to queue
[2024-05-27T20:51:56.552+0000] {logging_mixin.py:188} INFO - [2024-05-27T20:51:56.552+0000] {dagbag.py:545} INFO - Filling up the DagBag from /home/airflow/.local/lib/python3.8/site-packages/airflow/example_dags/example_time_delta_sensor_async.py
[2024-05-27T20:51:56.558+0000] {processor.py:840} INFO - DAG(s) 'example_time_delta_sensor_async' retrieved from /home/airflow/.local/lib/python3.8/site-packages/airflow/example_dags/example_time_delta_sensor_async.py
[2024-05-27T20:51:56.582+0000] {logging_mixin.py:188} INFO - [2024-05-27T20:51:56.581+0000] {dag.py:3096} INFO - Sync 1 DAGs
[2024-05-27T20:51:56.597+0000] {logging_mixin.py:188} INFO - [2024-05-27T20:51:56.597+0000] {dag.py:3954} INFO - Setting next_dagrun for example_time_delta_sensor_async to None, run_after=None
[2024-05-27T20:51:56.618+0000] {processor.py:183} INFO - Processing /home/airflow/.local/lib/python3.8/site-packages/airflow/example_dags/example_time_delta_sensor_async.py took 0.076 seconds
[2024-05-27T20:52:26.943+0000] {processor.py:161} INFO - Started process (PID=287) to work on /home/airflow/.local/lib/python3.8/site-packages/airflow/example_dags/example_time_delta_sensor_async.py
[2024-05-27T20:52:26.945+0000] {processor.py:830} INFO - Processing file /home/airflow/.local/lib/python3.8/site-packages/airflow/example_dags/example_time_delta_sensor_async.py for tasks to queue
[2024-05-27T20:52:26.948+0000] {logging_mixin.py:188} INFO - [2024-05-27T20:52:26.948+0000] {dagbag.py:545} INFO - Filling up the DagBag from /home/airflow/.local/lib/python3.8/site-packages/airflow/example_dags/example_time_delta_sensor_async.py
[2024-05-27T20:52:26.955+0000] {processor.py:840} INFO - DAG(s) 'example_time_delta_sensor_async' retrieved from /home/airflow/.local/lib/python3.8/site-packages/airflow/example_dags/example_time_delta_sensor_async.py
[2024-05-27T20:52:26.993+0000] {logging_mixin.py:188} INFO - [2024-05-27T20:52:26.992+0000] {dag.py:3096} INFO - Sync 1 DAGs
[2024-05-27T20:52:27.031+0000] {logging_mixin.py:188} INFO - [2024-05-27T20:52:27.031+0000] {dag.py:3954} INFO - Setting next_dagrun for example_time_delta_sensor_async to None, run_after=None
[2024-05-27T20:52:27.063+0000] {processor.py:183} INFO - Processing /home/airflow/.local/lib/python3.8/site-packages/airflow/example_dags/example_time_delta_sensor_async.py took 0.129 seconds
[2024-05-27T20:52:57.182+0000] {processor.py:161} INFO - Started process (PID=357) to work on /home/airflow/.local/lib/python3.8/site-packages/airflow/example_dags/example_time_delta_sensor_async.py
[2024-05-27T20:52:57.184+0000] {processor.py:830} INFO - Processing file /home/airflow/.local/lib/python3.8/site-packages/airflow/example_dags/example_time_delta_sensor_async.py for tasks to queue
[2024-05-27T20:52:57.186+0000] {logging_mixin.py:188} INFO - [2024-05-27T20:52:57.185+0000] {dagbag.py:545} INFO - Filling up the DagBag from /home/airflow/.local/lib/python3.8/site-packages/airflow/example_dags/example_time_delta_sensor_async.py
[2024-05-27T20:52:57.191+0000] {processor.py:840} INFO - DAG(s) 'example_time_delta_sensor_async' retrieved from /home/airflow/.local/lib/python3.8/site-packages/airflow/example_dags/example_time_delta_sensor_async.py
[2024-05-27T20:52:57.215+0000] {logging_mixin.py:188} INFO - [2024-05-27T20:52:57.215+0000] {dag.py:3096} INFO - Sync 1 DAGs
[2024-05-27T20:52:57.229+0000] {logging_mixin.py:188} INFO - [2024-05-27T20:52:57.228+0000] {dag.py:3954} INFO - Setting next_dagrun for example_time_delta_sensor_async to None, run_after=None
[2024-05-27T20:52:57.250+0000] {processor.py:183} INFO - Processing /home/airflow/.local/lib/python3.8/site-packages/airflow/example_dags/example_time_delta_sensor_async.py took 0.074 seconds
[2024-05-27T20:53:28.248+0000] {processor.py:161} INFO - Started process (PID=434) to work on /home/airflow/.local/lib/python3.8/site-packages/airflow/example_dags/example_time_delta_sensor_async.py
[2024-05-27T20:53:28.249+0000] {processor.py:830} INFO - Processing file /home/airflow/.local/lib/python3.8/site-packages/airflow/example_dags/example_time_delta_sensor_async.py for tasks to queue
[2024-05-27T20:53:28.253+0000] {logging_mixin.py:188} INFO - [2024-05-27T20:53:28.252+0000] {dagbag.py:545} INFO - Filling up the DagBag from /home/airflow/.local/lib/python3.8/site-packages/airflow/example_dags/example_time_delta_sensor_async.py
[2024-05-27T20:53:28.257+0000] {processor.py:840} INFO - DAG(s) 'example_time_delta_sensor_async' retrieved from /home/airflow/.local/lib/python3.8/site-packages/airflow/example_dags/example_time_delta_sensor_async.py
[2024-05-27T20:53:28.281+0000] {logging_mixin.py:188} INFO - [2024-05-27T20:53:28.281+0000] {dag.py:3096} INFO - Sync 1 DAGs
[2024-05-27T20:53:28.294+0000] {logging_mixin.py:188} INFO - [2024-05-27T20:53:28.293+0000] {dag.py:3954} INFO - Setting next_dagrun for example_time_delta_sensor_async to None, run_after=None
[2024-05-27T20:53:28.318+0000] {processor.py:183} INFO - Processing /home/airflow/.local/lib/python3.8/site-packages/airflow/example_dags/example_time_delta_sensor_async.py took 0.076 seconds
[2024-05-27T20:53:58.666+0000] {processor.py:161} INFO - Started process (PID=504) to work on /home/airflow/.local/lib/python3.8/site-packages/airflow/example_dags/example_time_delta_sensor_async.py
[2024-05-27T20:53:58.667+0000] {processor.py:830} INFO - Processing file /home/airflow/.local/lib/python3.8/site-packages/airflow/example_dags/example_time_delta_sensor_async.py for tasks to queue
[2024-05-27T20:53:58.669+0000] {logging_mixin.py:188} INFO - [2024-05-27T20:53:58.669+0000] {dagbag.py:545} INFO - Filling up the DagBag from /home/airflow/.local/lib/python3.8/site-packages/airflow/example_dags/example_time_delta_sensor_async.py
[2024-05-27T20:53:58.674+0000] {processor.py:840} INFO - DAG(s) 'example_time_delta_sensor_async' retrieved from /home/airflow/.local/lib/python3.8/site-packages/airflow/example_dags/example_time_delta_sensor_async.py
[2024-05-27T20:53:58.695+0000] {logging_mixin.py:188} INFO - [2024-05-27T20:53:58.695+0000] {dag.py:3096} INFO - Sync 1 DAGs
[2024-05-27T20:53:58.707+0000] {logging_mixin.py:188} INFO - [2024-05-27T20:53:58.707+0000] {dag.py:3954} INFO - Setting next_dagrun for example_time_delta_sensor_async to None, run_after=None
[2024-05-27T20:53:58.727+0000] {processor.py:183} INFO - Processing /home/airflow/.local/lib/python3.8/site-packages/airflow/example_dags/example_time_delta_sensor_async.py took 0.067 seconds
[2024-05-27T20:54:29.471+0000] {processor.py:161} INFO - Started process (PID=581) to work on /home/airflow/.local/lib/python3.8/site-packages/airflow/example_dags/example_time_delta_sensor_async.py
[2024-05-27T20:54:29.473+0000] {processor.py:830} INFO - Processing file /home/airflow/.local/lib/python3.8/site-packages/airflow/example_dags/example_time_delta_sensor_async.py for tasks to queue
[2024-05-27T20:54:29.475+0000] {logging_mixin.py:188} INFO - [2024-05-27T20:54:29.475+0000] {dagbag.py:545} INFO - Filling up the DagBag from /home/airflow/.local/lib/python3.8/site-packages/airflow/example_dags/example_time_delta_sensor_async.py
[2024-05-27T20:54:29.482+0000] {processor.py:840} INFO - DAG(s) 'example_time_delta_sensor_async' retrieved from /home/airflow/.local/lib/python3.8/site-packages/airflow/example_dags/example_time_delta_sensor_async.py
[2024-05-27T20:54:29.506+0000] {logging_mixin.py:188} INFO - [2024-05-27T20:54:29.506+0000] {dag.py:3096} INFO - Sync 1 DAGs
[2024-05-27T20:54:29.520+0000] {logging_mixin.py:188} INFO - [2024-05-27T20:54:29.519+0000] {dag.py:3954} INFO - Setting next_dagrun for example_time_delta_sensor_async to None, run_after=None
[2024-05-27T20:54:29.543+0000] {processor.py:183} INFO - Processing /home/airflow/.local/lib/python3.8/site-packages/airflow/example_dags/example_time_delta_sensor_async.py took 0.081 seconds
[2024-05-27T20:54:59.930+0000] {processor.py:161} INFO - Started process (PID=652) to work on /home/airflow/.local/lib/python3.8/site-packages/airflow/example_dags/example_time_delta_sensor_async.py
[2024-05-27T20:54:59.932+0000] {processor.py:830} INFO - Processing file /home/airflow/.local/lib/python3.8/site-packages/airflow/example_dags/example_time_delta_sensor_async.py for tasks to queue
[2024-05-27T20:54:59.934+0000] {logging_mixin.py:188} INFO - [2024-05-27T20:54:59.933+0000] {dagbag.py:545} INFO - Filling up the DagBag from /home/airflow/.local/lib/python3.8/site-packages/airflow/example_dags/example_time_delta_sensor_async.py
[2024-05-27T20:54:59.938+0000] {processor.py:840} INFO - DAG(s) 'example_time_delta_sensor_async' retrieved from /home/airflow/.local/lib/python3.8/site-packages/airflow/example_dags/example_time_delta_sensor_async.py
[2024-05-27T20:54:59.962+0000] {logging_mixin.py:188} INFO - [2024-05-27T20:54:59.962+0000] {dag.py:3096} INFO - Sync 1 DAGs
[2024-05-27T20:54:59.976+0000] {logging_mixin.py:188} INFO - [2024-05-27T20:54:59.976+0000] {dag.py:3954} INFO - Setting next_dagrun for example_time_delta_sensor_async to None, run_after=None
[2024-05-27T20:54:59.997+0000] {processor.py:183} INFO - Processing /home/airflow/.local/lib/python3.8/site-packages/airflow/example_dags/example_time_delta_sensor_async.py took 0.073 seconds
[2024-05-27T20:57:18.359+0000] {processor.py:161} INFO - Started process (PID=71) to work on /home/airflow/.local/lib/python3.8/site-packages/airflow/example_dags/example_time_delta_sensor_async.py
[2024-05-27T20:57:18.362+0000] {processor.py:830} INFO - Processing file /home/airflow/.local/lib/python3.8/site-packages/airflow/example_dags/example_time_delta_sensor_async.py for tasks to queue
[2024-05-27T20:57:18.364+0000] {logging_mixin.py:188} INFO - [2024-05-27T20:57:18.364+0000] {dagbag.py:545} INFO - Filling up the DagBag from /home/airflow/.local/lib/python3.8/site-packages/airflow/example_dags/example_time_delta_sensor_async.py
[2024-05-27T20:57:18.375+0000] {processor.py:840} INFO - DAG(s) 'example_time_delta_sensor_async' retrieved from /home/airflow/.local/lib/python3.8/site-packages/airflow/example_dags/example_time_delta_sensor_async.py
[2024-05-27T20:57:18.398+0000] {logging_mixin.py:188} INFO - [2024-05-27T20:57:18.397+0000] {dag.py:3096} INFO - Sync 1 DAGs
[2024-05-27T20:57:18.418+0000] {logging_mixin.py:188} INFO - [2024-05-27T20:57:18.418+0000] {dag.py:3954} INFO - Setting next_dagrun for example_time_delta_sensor_async to None, run_after=None
[2024-05-27T20:57:18.448+0000] {processor.py:183} INFO - Processing /home/airflow/.local/lib/python3.8/site-packages/airflow/example_dags/example_time_delta_sensor_async.py took 0.101 seconds
[2024-05-27T20:57:49.112+0000] {processor.py:161} INFO - Started process (PID=142) to work on /home/airflow/.local/lib/python3.8/site-packages/airflow/example_dags/example_time_delta_sensor_async.py
[2024-05-27T20:57:49.113+0000] {processor.py:830} INFO - Processing file /home/airflow/.local/lib/python3.8/site-packages/airflow/example_dags/example_time_delta_sensor_async.py for tasks to queue
[2024-05-27T20:57:49.115+0000] {logging_mixin.py:188} INFO - [2024-05-27T20:57:49.115+0000] {dagbag.py:545} INFO - Filling up the DagBag from /home/airflow/.local/lib/python3.8/site-packages/airflow/example_dags/example_time_delta_sensor_async.py
[2024-05-27T20:57:49.120+0000] {processor.py:840} INFO - DAG(s) 'example_time_delta_sensor_async' retrieved from /home/airflow/.local/lib/python3.8/site-packages/airflow/example_dags/example_time_delta_sensor_async.py
[2024-05-27T20:57:49.214+0000] {logging_mixin.py:188} INFO - [2024-05-27T20:57:49.214+0000] {dag.py:3096} INFO - Sync 1 DAGs
[2024-05-27T20:57:49.224+0000] {logging_mixin.py:188} INFO - [2024-05-27T20:57:49.224+0000] {dag.py:3954} INFO - Setting next_dagrun for example_time_delta_sensor_async to None, run_after=None
[2024-05-27T20:57:49.244+0000] {processor.py:183} INFO - Processing /home/airflow/.local/lib/python3.8/site-packages/airflow/example_dags/example_time_delta_sensor_async.py took 0.138 seconds
[2024-05-27T20:58:19.589+0000] {processor.py:161} INFO - Started process (PID=221) to work on /home/airflow/.local/lib/python3.8/site-packages/airflow/example_dags/example_time_delta_sensor_async.py
[2024-05-27T20:58:19.590+0000] {processor.py:830} INFO - Processing file /home/airflow/.local/lib/python3.8/site-packages/airflow/example_dags/example_time_delta_sensor_async.py for tasks to queue
[2024-05-27T20:58:19.593+0000] {logging_mixin.py:188} INFO - [2024-05-27T20:58:19.592+0000] {dagbag.py:545} INFO - Filling up the DagBag from /home/airflow/.local/lib/python3.8/site-packages/airflow/example_dags/example_time_delta_sensor_async.py
[2024-05-27T20:58:19.599+0000] {processor.py:840} INFO - DAG(s) 'example_time_delta_sensor_async' retrieved from /home/airflow/.local/lib/python3.8/site-packages/airflow/example_dags/example_time_delta_sensor_async.py
[2024-05-27T20:58:19.630+0000] {logging_mixin.py:188} INFO - [2024-05-27T20:58:19.629+0000] {dag.py:3096} INFO - Sync 1 DAGs
[2024-05-27T20:58:19.657+0000] {logging_mixin.py:188} INFO - [2024-05-27T20:58:19.656+0000] {dag.py:3954} INFO - Setting next_dagrun for example_time_delta_sensor_async to None, run_after=None
[2024-05-27T20:58:19.690+0000] {processor.py:183} INFO - Processing /home/airflow/.local/lib/python3.8/site-packages/airflow/example_dags/example_time_delta_sensor_async.py took 0.111 seconds
[2024-05-27T20:58:49.819+0000] {processor.py:161} INFO - Started process (PID=291) to work on /home/airflow/.local/lib/python3.8/site-packages/airflow/example_dags/example_time_delta_sensor_async.py
[2024-05-27T20:58:49.821+0000] {processor.py:830} INFO - Processing file /home/airflow/.local/lib/python3.8/site-packages/airflow/example_dags/example_time_delta_sensor_async.py for tasks to queue
[2024-05-27T20:58:49.823+0000] {logging_mixin.py:188} INFO - [2024-05-27T20:58:49.822+0000] {dagbag.py:545} INFO - Filling up the DagBag from /home/airflow/.local/lib/python3.8/site-packages/airflow/example_dags/example_time_delta_sensor_async.py
[2024-05-27T20:58:49.827+0000] {processor.py:840} INFO - DAG(s) 'example_time_delta_sensor_async' retrieved from /home/airflow/.local/lib/python3.8/site-packages/airflow/example_dags/example_time_delta_sensor_async.py
[2024-05-27T20:58:49.852+0000] {logging_mixin.py:188} INFO - [2024-05-27T20:58:49.851+0000] {dag.py:3096} INFO - Sync 1 DAGs
[2024-05-27T20:58:49.865+0000] {logging_mixin.py:188} INFO - [2024-05-27T20:58:49.864+0000] {dag.py:3954} INFO - Setting next_dagrun for example_time_delta_sensor_async to None, run_after=None
[2024-05-27T20:58:49.884+0000] {processor.py:183} INFO - Processing /home/airflow/.local/lib/python3.8/site-packages/airflow/example_dags/example_time_delta_sensor_async.py took 0.072 seconds
[2024-05-27T20:59:20.230+0000] {processor.py:161} INFO - Started process (PID=361) to work on /home/airflow/.local/lib/python3.8/site-packages/airflow/example_dags/example_time_delta_sensor_async.py
[2024-05-27T20:59:20.232+0000] {processor.py:830} INFO - Processing file /home/airflow/.local/lib/python3.8/site-packages/airflow/example_dags/example_time_delta_sensor_async.py for tasks to queue
[2024-05-27T20:59:20.235+0000] {logging_mixin.py:188} INFO - [2024-05-27T20:59:20.234+0000] {dagbag.py:545} INFO - Filling up the DagBag from /home/airflow/.local/lib/python3.8/site-packages/airflow/example_dags/example_time_delta_sensor_async.py
[2024-05-27T20:59:20.239+0000] {processor.py:840} INFO - DAG(s) 'example_time_delta_sensor_async' retrieved from /home/airflow/.local/lib/python3.8/site-packages/airflow/example_dags/example_time_delta_sensor_async.py
[2024-05-27T20:59:20.263+0000] {logging_mixin.py:188} INFO - [2024-05-27T20:59:20.263+0000] {dag.py:3096} INFO - Sync 1 DAGs
[2024-05-27T20:59:20.280+0000] {logging_mixin.py:188} INFO - [2024-05-27T20:59:20.279+0000] {dag.py:3954} INFO - Setting next_dagrun for example_time_delta_sensor_async to None, run_after=None
[2024-05-27T20:59:20.305+0000] {processor.py:183} INFO - Processing /home/airflow/.local/lib/python3.8/site-packages/airflow/example_dags/example_time_delta_sensor_async.py took 0.082 seconds
[2024-05-27T20:59:50.644+0000] {processor.py:161} INFO - Started process (PID=439) to work on /home/airflow/.local/lib/python3.8/site-packages/airflow/example_dags/example_time_delta_sensor_async.py
[2024-05-27T20:59:50.645+0000] {processor.py:830} INFO - Processing file /home/airflow/.local/lib/python3.8/site-packages/airflow/example_dags/example_time_delta_sensor_async.py for tasks to queue
[2024-05-27T20:59:50.648+0000] {logging_mixin.py:188} INFO - [2024-05-27T20:59:50.648+0000] {dagbag.py:545} INFO - Filling up the DagBag from /home/airflow/.local/lib/python3.8/site-packages/airflow/example_dags/example_time_delta_sensor_async.py
[2024-05-27T20:59:50.655+0000] {processor.py:840} INFO - DAG(s) 'example_time_delta_sensor_async' retrieved from /home/airflow/.local/lib/python3.8/site-packages/airflow/example_dags/example_time_delta_sensor_async.py
[2024-05-27T20:59:50.680+0000] {logging_mixin.py:188} INFO - [2024-05-27T20:59:50.679+0000] {dag.py:3096} INFO - Sync 1 DAGs
[2024-05-27T20:59:50.693+0000] {logging_mixin.py:188} INFO - [2024-05-27T20:59:50.692+0000] {dag.py:3954} INFO - Setting next_dagrun for example_time_delta_sensor_async to None, run_after=None
[2024-05-27T20:59:50.717+0000] {processor.py:183} INFO - Processing /home/airflow/.local/lib/python3.8/site-packages/airflow/example_dags/example_time_delta_sensor_async.py took 0.079 seconds
[2024-05-27T21:00:21.211+0000] {processor.py:161} INFO - Started process (PID=509) to work on /home/airflow/.local/lib/python3.8/site-packages/airflow/example_dags/example_time_delta_sensor_async.py
[2024-05-27T21:00:21.213+0000] {processor.py:830} INFO - Processing file /home/airflow/.local/lib/python3.8/site-packages/airflow/example_dags/example_time_delta_sensor_async.py for tasks to queue
[2024-05-27T21:00:21.215+0000] {logging_mixin.py:188} INFO - [2024-05-27T21:00:21.215+0000] {dagbag.py:545} INFO - Filling up the DagBag from /home/airflow/.local/lib/python3.8/site-packages/airflow/example_dags/example_time_delta_sensor_async.py
[2024-05-27T21:00:21.224+0000] {processor.py:840} INFO - DAG(s) 'example_time_delta_sensor_async' retrieved from /home/airflow/.local/lib/python3.8/site-packages/airflow/example_dags/example_time_delta_sensor_async.py
[2024-05-27T21:00:21.262+0000] {logging_mixin.py:188} INFO - [2024-05-27T21:00:21.261+0000] {dag.py:3096} INFO - Sync 1 DAGs
[2024-05-27T21:00:21.281+0000] {logging_mixin.py:188} INFO - [2024-05-27T21:00:21.281+0000] {dag.py:3954} INFO - Setting next_dagrun for example_time_delta_sensor_async to None, run_after=None
[2024-05-27T21:00:21.302+0000] {processor.py:183} INFO - Processing /home/airflow/.local/lib/python3.8/site-packages/airflow/example_dags/example_time_delta_sensor_async.py took 0.099 seconds
[2024-05-27T21:00:51.538+0000] {processor.py:161} INFO - Started process (PID=587) to work on /home/airflow/.local/lib/python3.8/site-packages/airflow/example_dags/example_time_delta_sensor_async.py
[2024-05-27T21:00:51.540+0000] {processor.py:830} INFO - Processing file /home/airflow/.local/lib/python3.8/site-packages/airflow/example_dags/example_time_delta_sensor_async.py for tasks to queue
[2024-05-27T21:00:51.542+0000] {logging_mixin.py:188} INFO - [2024-05-27T21:00:51.541+0000] {dagbag.py:545} INFO - Filling up the DagBag from /home/airflow/.local/lib/python3.8/site-packages/airflow/example_dags/example_time_delta_sensor_async.py
[2024-05-27T21:00:51.546+0000] {processor.py:840} INFO - DAG(s) 'example_time_delta_sensor_async' retrieved from /home/airflow/.local/lib/python3.8/site-packages/airflow/example_dags/example_time_delta_sensor_async.py
[2024-05-27T21:00:51.571+0000] {logging_mixin.py:188} INFO - [2024-05-27T21:00:51.571+0000] {dag.py:3096} INFO - Sync 1 DAGs
[2024-05-27T21:00:51.585+0000] {logging_mixin.py:188} INFO - [2024-05-27T21:00:51.585+0000] {dag.py:3954} INFO - Setting next_dagrun for example_time_delta_sensor_async to None, run_after=None
[2024-05-27T21:00:51.609+0000] {processor.py:183} INFO - Processing /home/airflow/.local/lib/python3.8/site-packages/airflow/example_dags/example_time_delta_sensor_async.py took 0.077 seconds
[2024-05-27T21:01:22.234+0000] {processor.py:161} INFO - Started process (PID=657) to work on /home/airflow/.local/lib/python3.8/site-packages/airflow/example_dags/example_time_delta_sensor_async.py
[2024-05-27T21:01:22.236+0000] {processor.py:830} INFO - Processing file /home/airflow/.local/lib/python3.8/site-packages/airflow/example_dags/example_time_delta_sensor_async.py for tasks to queue
[2024-05-27T21:01:22.238+0000] {logging_mixin.py:188} INFO - [2024-05-27T21:01:22.238+0000] {dagbag.py:545} INFO - Filling up the DagBag from /home/airflow/.local/lib/python3.8/site-packages/airflow/example_dags/example_time_delta_sensor_async.py
[2024-05-27T21:01:22.243+0000] {processor.py:840} INFO - DAG(s) 'example_time_delta_sensor_async' retrieved from /home/airflow/.local/lib/python3.8/site-packages/airflow/example_dags/example_time_delta_sensor_async.py
[2024-05-27T21:01:22.266+0000] {logging_mixin.py:188} INFO - [2024-05-27T21:01:22.266+0000] {dag.py:3096} INFO - Sync 1 DAGs
[2024-05-27T21:01:22.281+0000] {logging_mixin.py:188} INFO - [2024-05-27T21:01:22.281+0000] {dag.py:3954} INFO - Setting next_dagrun for example_time_delta_sensor_async to None, run_after=None
[2024-05-27T21:01:22.304+0000] {processor.py:183} INFO - Processing /home/airflow/.local/lib/python3.8/site-packages/airflow/example_dags/example_time_delta_sensor_async.py took 0.077 seconds
[2024-05-27T21:01:52.828+0000] {processor.py:161} INFO - Started process (PID=727) to work on /home/airflow/.local/lib/python3.8/site-packages/airflow/example_dags/example_time_delta_sensor_async.py
[2024-05-27T21:01:52.829+0000] {processor.py:830} INFO - Processing file /home/airflow/.local/lib/python3.8/site-packages/airflow/example_dags/example_time_delta_sensor_async.py for tasks to queue
[2024-05-27T21:01:52.832+0000] {logging_mixin.py:188} INFO - [2024-05-27T21:01:52.831+0000] {dagbag.py:545} INFO - Filling up the DagBag from /home/airflow/.local/lib/python3.8/site-packages/airflow/example_dags/example_time_delta_sensor_async.py
[2024-05-27T21:01:52.837+0000] {processor.py:840} INFO - DAG(s) 'example_time_delta_sensor_async' retrieved from /home/airflow/.local/lib/python3.8/site-packages/airflow/example_dags/example_time_delta_sensor_async.py
[2024-05-27T21:01:52.863+0000] {logging_mixin.py:188} INFO - [2024-05-27T21:01:52.863+0000] {dag.py:3096} INFO - Sync 1 DAGs
[2024-05-27T21:01:52.880+0000] {logging_mixin.py:188} INFO - [2024-05-27T21:01:52.879+0000] {dag.py:3954} INFO - Setting next_dagrun for example_time_delta_sensor_async to None, run_after=None
[2024-05-27T21:01:52.904+0000] {processor.py:183} INFO - Processing /home/airflow/.local/lib/python3.8/site-packages/airflow/example_dags/example_time_delta_sensor_async.py took 0.083 seconds
[2024-05-27T21:06:47.173+0000] {processor.py:161} INFO - Started process (PID=86) to work on /home/airflow/.local/lib/python3.8/site-packages/airflow/example_dags/example_time_delta_sensor_async.py
[2024-05-27T21:06:47.175+0000] {processor.py:830} INFO - Processing file /home/airflow/.local/lib/python3.8/site-packages/airflow/example_dags/example_time_delta_sensor_async.py for tasks to queue
[2024-05-27T21:06:47.180+0000] {logging_mixin.py:188} INFO - [2024-05-27T21:06:47.179+0000] {dagbag.py:545} INFO - Filling up the DagBag from /home/airflow/.local/lib/python3.8/site-packages/airflow/example_dags/example_time_delta_sensor_async.py
[2024-05-27T21:06:47.189+0000] {processor.py:840} INFO - DAG(s) 'example_time_delta_sensor_async' retrieved from /home/airflow/.local/lib/python3.8/site-packages/airflow/example_dags/example_time_delta_sensor_async.py
[2024-05-27T21:06:47.435+0000] {logging_mixin.py:188} INFO - [2024-05-27T21:06:47.434+0000] {dag.py:3096} INFO - Sync 1 DAGs
[2024-05-27T21:06:47.467+0000] {logging_mixin.py:188} INFO - [2024-05-27T21:06:47.466+0000] {dag.py:3954} INFO - Setting next_dagrun for example_time_delta_sensor_async to None, run_after=None
[2024-05-27T21:06:47.523+0000] {processor.py:183} INFO - Processing /home/airflow/.local/lib/python3.8/site-packages/airflow/example_dags/example_time_delta_sensor_async.py took 0.360 seconds
[2024-05-27T21:07:17.870+0000] {processor.py:161} INFO - Started process (PID=149) to work on /home/airflow/.local/lib/python3.8/site-packages/airflow/example_dags/example_time_delta_sensor_async.py
[2024-05-27T21:07:17.874+0000] {processor.py:830} INFO - Processing file /home/airflow/.local/lib/python3.8/site-packages/airflow/example_dags/example_time_delta_sensor_async.py for tasks to queue
[2024-05-27T21:07:17.878+0000] {logging_mixin.py:188} INFO - [2024-05-27T21:07:17.877+0000] {dagbag.py:545} INFO - Filling up the DagBag from /home/airflow/.local/lib/python3.8/site-packages/airflow/example_dags/example_time_delta_sensor_async.py
[2024-05-27T21:07:17.885+0000] {processor.py:840} INFO - DAG(s) 'example_time_delta_sensor_async' retrieved from /home/airflow/.local/lib/python3.8/site-packages/airflow/example_dags/example_time_delta_sensor_async.py
[2024-05-27T21:07:17.936+0000] {logging_mixin.py:188} INFO - [2024-05-27T21:07:17.936+0000] {dag.py:3096} INFO - Sync 1 DAGs
[2024-05-27T21:07:17.960+0000] {logging_mixin.py:188} INFO - [2024-05-27T21:07:17.959+0000] {dag.py:3954} INFO - Setting next_dagrun for example_time_delta_sensor_async to None, run_after=None
[2024-05-27T21:07:18.019+0000] {processor.py:183} INFO - Processing /home/airflow/.local/lib/python3.8/site-packages/airflow/example_dags/example_time_delta_sensor_async.py took 0.160 seconds
[2024-05-27T21:07:48.259+0000] {processor.py:161} INFO - Started process (PID=219) to work on /home/airflow/.local/lib/python3.8/site-packages/airflow/example_dags/example_time_delta_sensor_async.py
[2024-05-27T21:07:48.262+0000] {processor.py:830} INFO - Processing file /home/airflow/.local/lib/python3.8/site-packages/airflow/example_dags/example_time_delta_sensor_async.py for tasks to queue
[2024-05-27T21:07:48.264+0000] {logging_mixin.py:188} INFO - [2024-05-27T21:07:48.264+0000] {dagbag.py:545} INFO - Filling up the DagBag from /home/airflow/.local/lib/python3.8/site-packages/airflow/example_dags/example_time_delta_sensor_async.py
[2024-05-27T21:07:48.273+0000] {processor.py:840} INFO - DAG(s) 'example_time_delta_sensor_async' retrieved from /home/airflow/.local/lib/python3.8/site-packages/airflow/example_dags/example_time_delta_sensor_async.py
[2024-05-27T21:07:48.316+0000] {logging_mixin.py:188} INFO - [2024-05-27T21:07:48.316+0000] {dag.py:3096} INFO - Sync 1 DAGs
[2024-05-27T21:07:48.345+0000] {logging_mixin.py:188} INFO - [2024-05-27T21:07:48.344+0000] {dag.py:3954} INFO - Setting next_dagrun for example_time_delta_sensor_async to None, run_after=None
[2024-05-27T21:07:48.393+0000] {processor.py:183} INFO - Processing /home/airflow/.local/lib/python3.8/site-packages/airflow/example_dags/example_time_delta_sensor_async.py took 0.146 seconds
[2024-05-27T21:08:19.040+0000] {processor.py:161} INFO - Started process (PID=289) to work on /home/airflow/.local/lib/python3.8/site-packages/airflow/example_dags/example_time_delta_sensor_async.py
[2024-05-27T21:08:19.041+0000] {processor.py:830} INFO - Processing file /home/airflow/.local/lib/python3.8/site-packages/airflow/example_dags/example_time_delta_sensor_async.py for tasks to queue
[2024-05-27T21:08:19.044+0000] {logging_mixin.py:188} INFO - [2024-05-27T21:08:19.044+0000] {dagbag.py:545} INFO - Filling up the DagBag from /home/airflow/.local/lib/python3.8/site-packages/airflow/example_dags/example_time_delta_sensor_async.py
[2024-05-27T21:08:19.052+0000] {processor.py:840} INFO - DAG(s) 'example_time_delta_sensor_async' retrieved from /home/airflow/.local/lib/python3.8/site-packages/airflow/example_dags/example_time_delta_sensor_async.py
[2024-05-27T21:08:19.081+0000] {logging_mixin.py:188} INFO - [2024-05-27T21:08:19.080+0000] {dag.py:3096} INFO - Sync 1 DAGs
[2024-05-27T21:08:19.102+0000] {logging_mixin.py:188} INFO - [2024-05-27T21:08:19.102+0000] {dag.py:3954} INFO - Setting next_dagrun for example_time_delta_sensor_async to None, run_after=None
[2024-05-27T21:08:19.133+0000] {processor.py:183} INFO - Processing /home/airflow/.local/lib/python3.8/site-packages/airflow/example_dags/example_time_delta_sensor_async.py took 0.106 seconds
[2024-05-27T21:08:49.604+0000] {processor.py:161} INFO - Started process (PID=359) to work on /home/airflow/.local/lib/python3.8/site-packages/airflow/example_dags/example_time_delta_sensor_async.py
[2024-05-27T21:08:49.606+0000] {processor.py:830} INFO - Processing file /home/airflow/.local/lib/python3.8/site-packages/airflow/example_dags/example_time_delta_sensor_async.py for tasks to queue
[2024-05-27T21:08:49.611+0000] {logging_mixin.py:188} INFO - [2024-05-27T21:08:49.610+0000] {dagbag.py:545} INFO - Filling up the DagBag from /home/airflow/.local/lib/python3.8/site-packages/airflow/example_dags/example_time_delta_sensor_async.py
[2024-05-27T21:08:49.621+0000] {processor.py:840} INFO - DAG(s) 'example_time_delta_sensor_async' retrieved from /home/airflow/.local/lib/python3.8/site-packages/airflow/example_dags/example_time_delta_sensor_async.py
[2024-05-27T21:08:49.673+0000] {logging_mixin.py:188} INFO - [2024-05-27T21:08:49.672+0000] {dag.py:3096} INFO - Sync 1 DAGs
[2024-05-27T21:08:49.714+0000] {logging_mixin.py:188} INFO - [2024-05-27T21:08:49.714+0000] {dag.py:3954} INFO - Setting next_dagrun for example_time_delta_sensor_async to None, run_after=None
[2024-05-27T21:08:49.768+0000] {processor.py:183} INFO - Processing /home/airflow/.local/lib/python3.8/site-packages/airflow/example_dags/example_time_delta_sensor_async.py took 0.179 seconds
[2024-05-27T21:09:20.316+0000] {processor.py:161} INFO - Started process (PID=430) to work on /home/airflow/.local/lib/python3.8/site-packages/airflow/example_dags/example_time_delta_sensor_async.py
[2024-05-27T21:09:20.320+0000] {processor.py:830} INFO - Processing file /home/airflow/.local/lib/python3.8/site-packages/airflow/example_dags/example_time_delta_sensor_async.py for tasks to queue
[2024-05-27T21:09:20.323+0000] {logging_mixin.py:188} INFO - [2024-05-27T21:09:20.323+0000] {dagbag.py:545} INFO - Filling up the DagBag from /home/airflow/.local/lib/python3.8/site-packages/airflow/example_dags/example_time_delta_sensor_async.py
[2024-05-27T21:09:20.340+0000] {processor.py:840} INFO - DAG(s) 'example_time_delta_sensor_async' retrieved from /home/airflow/.local/lib/python3.8/site-packages/airflow/example_dags/example_time_delta_sensor_async.py
[2024-05-27T21:09:20.402+0000] {logging_mixin.py:188} INFO - [2024-05-27T21:09:20.401+0000] {dag.py:3096} INFO - Sync 1 DAGs
[2024-05-27T21:09:20.430+0000] {logging_mixin.py:188} INFO - [2024-05-27T21:09:20.429+0000] {dag.py:3954} INFO - Setting next_dagrun for example_time_delta_sensor_async to None, run_after=None
[2024-05-27T21:09:20.472+0000] {processor.py:183} INFO - Processing /home/airflow/.local/lib/python3.8/site-packages/airflow/example_dags/example_time_delta_sensor_async.py took 0.170 seconds
[2024-05-27T21:09:50.763+0000] {processor.py:161} INFO - Started process (PID=499) to work on /home/airflow/.local/lib/python3.8/site-packages/airflow/example_dags/example_time_delta_sensor_async.py
[2024-05-27T21:09:50.768+0000] {processor.py:830} INFO - Processing file /home/airflow/.local/lib/python3.8/site-packages/airflow/example_dags/example_time_delta_sensor_async.py for tasks to queue
[2024-05-27T21:09:50.771+0000] {logging_mixin.py:188} INFO - [2024-05-27T21:09:50.770+0000] {dagbag.py:545} INFO - Filling up the DagBag from /home/airflow/.local/lib/python3.8/site-packages/airflow/example_dags/example_time_delta_sensor_async.py
[2024-05-27T21:09:50.778+0000] {processor.py:840} INFO - DAG(s) 'example_time_delta_sensor_async' retrieved from /home/airflow/.local/lib/python3.8/site-packages/airflow/example_dags/example_time_delta_sensor_async.py
[2024-05-27T21:09:50.826+0000] {logging_mixin.py:188} INFO - [2024-05-27T21:09:50.825+0000] {dag.py:3096} INFO - Sync 1 DAGs
[2024-05-27T21:09:50.865+0000] {logging_mixin.py:188} INFO - [2024-05-27T21:09:50.865+0000] {dag.py:3954} INFO - Setting next_dagrun for example_time_delta_sensor_async to None, run_after=None
[2024-05-27T21:09:50.911+0000] {processor.py:183} INFO - Processing /home/airflow/.local/lib/python3.8/site-packages/airflow/example_dags/example_time_delta_sensor_async.py took 0.158 seconds
[2024-05-27T21:10:22.834+0000] {processor.py:161} INFO - Started process (PID=569) to work on /home/airflow/.local/lib/python3.8/site-packages/airflow/example_dags/example_time_delta_sensor_async.py
[2024-05-27T21:10:22.836+0000] {processor.py:830} INFO - Processing file /home/airflow/.local/lib/python3.8/site-packages/airflow/example_dags/example_time_delta_sensor_async.py for tasks to queue
[2024-05-27T21:10:22.849+0000] {logging_mixin.py:188} INFO - [2024-05-27T21:10:22.849+0000] {dagbag.py:545} INFO - Filling up the DagBag from /home/airflow/.local/lib/python3.8/site-packages/airflow/example_dags/example_time_delta_sensor_async.py
[2024-05-27T21:10:22.869+0000] {processor.py:840} INFO - DAG(s) 'example_time_delta_sensor_async' retrieved from /home/airflow/.local/lib/python3.8/site-packages/airflow/example_dags/example_time_delta_sensor_async.py
[2024-05-27T21:10:22.971+0000] {logging_mixin.py:188} INFO - [2024-05-27T21:10:22.971+0000] {dag.py:3096} INFO - Sync 1 DAGs
[2024-05-27T21:10:23.041+0000] {logging_mixin.py:188} INFO - [2024-05-27T21:10:23.040+0000] {dag.py:3954} INFO - Setting next_dagrun for example_time_delta_sensor_async to None, run_after=None
[2024-05-27T21:10:23.099+0000] {processor.py:183} INFO - Processing /home/airflow/.local/lib/python3.8/site-packages/airflow/example_dags/example_time_delta_sensor_async.py took 0.283 seconds
[2024-05-27T21:10:53.214+0000] {processor.py:161} INFO - Started process (PID=638) to work on /home/airflow/.local/lib/python3.8/site-packages/airflow/example_dags/example_time_delta_sensor_async.py
[2024-05-27T21:10:53.216+0000] {processor.py:830} INFO - Processing file /home/airflow/.local/lib/python3.8/site-packages/airflow/example_dags/example_time_delta_sensor_async.py for tasks to queue
[2024-05-27T21:10:53.220+0000] {logging_mixin.py:188} INFO - [2024-05-27T21:10:53.219+0000] {dagbag.py:545} INFO - Filling up the DagBag from /home/airflow/.local/lib/python3.8/site-packages/airflow/example_dags/example_time_delta_sensor_async.py
[2024-05-27T21:10:53.232+0000] {processor.py:840} INFO - DAG(s) 'example_time_delta_sensor_async' retrieved from /home/airflow/.local/lib/python3.8/site-packages/airflow/example_dags/example_time_delta_sensor_async.py
[2024-05-27T21:10:53.283+0000] {logging_mixin.py:188} INFO - [2024-05-27T21:10:53.282+0000] {dag.py:3096} INFO - Sync 1 DAGs
[2024-05-27T21:10:53.305+0000] {logging_mixin.py:188} INFO - [2024-05-27T21:10:53.305+0000] {dag.py:3954} INFO - Setting next_dagrun for example_time_delta_sensor_async to None, run_after=None
[2024-05-27T21:10:53.339+0000] {processor.py:183} INFO - Processing /home/airflow/.local/lib/python3.8/site-packages/airflow/example_dags/example_time_delta_sensor_async.py took 0.138 seconds
[2024-05-27T21:11:24.193+0000] {processor.py:161} INFO - Started process (PID=709) to work on /home/airflow/.local/lib/python3.8/site-packages/airflow/example_dags/example_time_delta_sensor_async.py
[2024-05-27T21:11:24.196+0000] {processor.py:830} INFO - Processing file /home/airflow/.local/lib/python3.8/site-packages/airflow/example_dags/example_time_delta_sensor_async.py for tasks to queue
[2024-05-27T21:11:24.200+0000] {logging_mixin.py:188} INFO - [2024-05-27T21:11:24.199+0000] {dagbag.py:545} INFO - Filling up the DagBag from /home/airflow/.local/lib/python3.8/site-packages/airflow/example_dags/example_time_delta_sensor_async.py
[2024-05-27T21:11:24.209+0000] {processor.py:840} INFO - DAG(s) 'example_time_delta_sensor_async' retrieved from /home/airflow/.local/lib/python3.8/site-packages/airflow/example_dags/example_time_delta_sensor_async.py
[2024-05-27T21:11:24.249+0000] {logging_mixin.py:188} INFO - [2024-05-27T21:11:24.249+0000] {dag.py:3096} INFO - Sync 1 DAGs
[2024-05-27T21:11:24.271+0000] {logging_mixin.py:188} INFO - [2024-05-27T21:11:24.271+0000] {dag.py:3954} INFO - Setting next_dagrun for example_time_delta_sensor_async to None, run_after=None
[2024-05-27T21:11:24.324+0000] {processor.py:183} INFO - Processing /home/airflow/.local/lib/python3.8/site-packages/airflow/example_dags/example_time_delta_sensor_async.py took 0.145 seconds
[2024-05-27T21:11:54.863+0000] {processor.py:161} INFO - Started process (PID=778) to work on /home/airflow/.local/lib/python3.8/site-packages/airflow/example_dags/example_time_delta_sensor_async.py
[2024-05-27T21:11:54.865+0000] {processor.py:830} INFO - Processing file /home/airflow/.local/lib/python3.8/site-packages/airflow/example_dags/example_time_delta_sensor_async.py for tasks to queue
[2024-05-27T21:11:54.869+0000] {logging_mixin.py:188} INFO - [2024-05-27T21:11:54.869+0000] {dagbag.py:545} INFO - Filling up the DagBag from /home/airflow/.local/lib/python3.8/site-packages/airflow/example_dags/example_time_delta_sensor_async.py
[2024-05-27T21:11:54.879+0000] {processor.py:840} INFO - DAG(s) 'example_time_delta_sensor_async' retrieved from /home/airflow/.local/lib/python3.8/site-packages/airflow/example_dags/example_time_delta_sensor_async.py
[2024-05-27T21:11:54.928+0000] {logging_mixin.py:188} INFO - [2024-05-27T21:11:54.926+0000] {dag.py:3096} INFO - Sync 1 DAGs
[2024-05-27T21:11:54.971+0000] {logging_mixin.py:188} INFO - [2024-05-27T21:11:54.970+0000] {dag.py:3954} INFO - Setting next_dagrun for example_time_delta_sensor_async to None, run_after=None
[2024-05-27T21:11:55.035+0000] {processor.py:183} INFO - Processing /home/airflow/.local/lib/python3.8/site-packages/airflow/example_dags/example_time_delta_sensor_async.py took 0.184 seconds
[2024-05-27T21:12:25.313+0000] {processor.py:161} INFO - Started process (PID=849) to work on /home/airflow/.local/lib/python3.8/site-packages/airflow/example_dags/example_time_delta_sensor_async.py
[2024-05-27T21:12:25.314+0000] {processor.py:830} INFO - Processing file /home/airflow/.local/lib/python3.8/site-packages/airflow/example_dags/example_time_delta_sensor_async.py for tasks to queue
[2024-05-27T21:12:25.317+0000] {logging_mixin.py:188} INFO - [2024-05-27T21:12:25.316+0000] {dagbag.py:545} INFO - Filling up the DagBag from /home/airflow/.local/lib/python3.8/site-packages/airflow/example_dags/example_time_delta_sensor_async.py
[2024-05-27T21:12:25.322+0000] {processor.py:840} INFO - DAG(s) 'example_time_delta_sensor_async' retrieved from /home/airflow/.local/lib/python3.8/site-packages/airflow/example_dags/example_time_delta_sensor_async.py
[2024-05-27T21:12:25.343+0000] {logging_mixin.py:188} INFO - [2024-05-27T21:12:25.342+0000] {dag.py:3096} INFO - Sync 1 DAGs
[2024-05-27T21:12:25.357+0000] {logging_mixin.py:188} INFO - [2024-05-27T21:12:25.357+0000] {dag.py:3954} INFO - Setting next_dagrun for example_time_delta_sensor_async to None, run_after=None
[2024-05-27T21:12:25.381+0000] {processor.py:183} INFO - Processing /home/airflow/.local/lib/python3.8/site-packages/airflow/example_dags/example_time_delta_sensor_async.py took 0.076 seconds
[2024-05-27T21:12:56.081+0000] {processor.py:161} INFO - Started process (PID=919) to work on /home/airflow/.local/lib/python3.8/site-packages/airflow/example_dags/example_time_delta_sensor_async.py
[2024-05-27T21:12:56.082+0000] {processor.py:830} INFO - Processing file /home/airflow/.local/lib/python3.8/site-packages/airflow/example_dags/example_time_delta_sensor_async.py for tasks to queue
[2024-05-27T21:12:56.084+0000] {logging_mixin.py:188} INFO - [2024-05-27T21:12:56.084+0000] {dagbag.py:545} INFO - Filling up the DagBag from /home/airflow/.local/lib/python3.8/site-packages/airflow/example_dags/example_time_delta_sensor_async.py
[2024-05-27T21:12:56.092+0000] {processor.py:840} INFO - DAG(s) 'example_time_delta_sensor_async' retrieved from /home/airflow/.local/lib/python3.8/site-packages/airflow/example_dags/example_time_delta_sensor_async.py
[2024-05-27T21:12:56.114+0000] {logging_mixin.py:188} INFO - [2024-05-27T21:12:56.113+0000] {dag.py:3096} INFO - Sync 1 DAGs
[2024-05-27T21:12:56.127+0000] {logging_mixin.py:188} INFO - [2024-05-27T21:12:56.127+0000] {dag.py:3954} INFO - Setting next_dagrun for example_time_delta_sensor_async to None, run_after=None
[2024-05-27T21:12:56.149+0000] {processor.py:183} INFO - Processing /home/airflow/.local/lib/python3.8/site-packages/airflow/example_dags/example_time_delta_sensor_async.py took 0.076 seconds
[2024-05-27T21:13:26.694+0000] {processor.py:161} INFO - Started process (PID=997) to work on /home/airflow/.local/lib/python3.8/site-packages/airflow/example_dags/example_time_delta_sensor_async.py
[2024-05-27T21:13:26.695+0000] {processor.py:830} INFO - Processing file /home/airflow/.local/lib/python3.8/site-packages/airflow/example_dags/example_time_delta_sensor_async.py for tasks to queue
[2024-05-27T21:13:26.697+0000] {logging_mixin.py:188} INFO - [2024-05-27T21:13:26.697+0000] {dagbag.py:545} INFO - Filling up the DagBag from /home/airflow/.local/lib/python3.8/site-packages/airflow/example_dags/example_time_delta_sensor_async.py
[2024-05-27T21:13:26.703+0000] {processor.py:840} INFO - DAG(s) 'example_time_delta_sensor_async' retrieved from /home/airflow/.local/lib/python3.8/site-packages/airflow/example_dags/example_time_delta_sensor_async.py
[2024-05-27T21:13:26.723+0000] {logging_mixin.py:188} INFO - [2024-05-27T21:13:26.723+0000] {dag.py:3096} INFO - Sync 1 DAGs
[2024-05-27T21:13:26.735+0000] {logging_mixin.py:188} INFO - [2024-05-27T21:13:26.735+0000] {dag.py:3954} INFO - Setting next_dagrun for example_time_delta_sensor_async to None, run_after=None
[2024-05-27T21:13:26.757+0000] {processor.py:183} INFO - Processing /home/airflow/.local/lib/python3.8/site-packages/airflow/example_dags/example_time_delta_sensor_async.py took 0.069 seconds
[2024-05-27T21:13:57.147+0000] {processor.py:161} INFO - Started process (PID=1066) to work on /home/airflow/.local/lib/python3.8/site-packages/airflow/example_dags/example_time_delta_sensor_async.py
[2024-05-27T21:13:57.148+0000] {processor.py:830} INFO - Processing file /home/airflow/.local/lib/python3.8/site-packages/airflow/example_dags/example_time_delta_sensor_async.py for tasks to queue
[2024-05-27T21:13:57.150+0000] {logging_mixin.py:188} INFO - [2024-05-27T21:13:57.150+0000] {dagbag.py:545} INFO - Filling up the DagBag from /home/airflow/.local/lib/python3.8/site-packages/airflow/example_dags/example_time_delta_sensor_async.py
[2024-05-27T21:13:57.157+0000] {processor.py:840} INFO - DAG(s) 'example_time_delta_sensor_async' retrieved from /home/airflow/.local/lib/python3.8/site-packages/airflow/example_dags/example_time_delta_sensor_async.py
[2024-05-27T21:13:57.181+0000] {logging_mixin.py:188} INFO - [2024-05-27T21:13:57.181+0000] {dag.py:3096} INFO - Sync 1 DAGs
[2024-05-27T21:13:57.195+0000] {logging_mixin.py:188} INFO - [2024-05-27T21:13:57.195+0000] {dag.py:3954} INFO - Setting next_dagrun for example_time_delta_sensor_async to None, run_after=None
[2024-05-27T21:13:57.217+0000] {processor.py:183} INFO - Processing /home/airflow/.local/lib/python3.8/site-packages/airflow/example_dags/example_time_delta_sensor_async.py took 0.077 seconds
[2024-05-27T21:14:27.688+0000] {processor.py:161} INFO - Started process (PID=1143) to work on /home/airflow/.local/lib/python3.8/site-packages/airflow/example_dags/example_time_delta_sensor_async.py
[2024-05-27T21:14:27.689+0000] {processor.py:830} INFO - Processing file /home/airflow/.local/lib/python3.8/site-packages/airflow/example_dags/example_time_delta_sensor_async.py for tasks to queue
[2024-05-27T21:14:27.691+0000] {logging_mixin.py:188} INFO - [2024-05-27T21:14:27.691+0000] {dagbag.py:545} INFO - Filling up the DagBag from /home/airflow/.local/lib/python3.8/site-packages/airflow/example_dags/example_time_delta_sensor_async.py
[2024-05-27T21:14:27.696+0000] {processor.py:840} INFO - DAG(s) 'example_time_delta_sensor_async' retrieved from /home/airflow/.local/lib/python3.8/site-packages/airflow/example_dags/example_time_delta_sensor_async.py
[2024-05-27T21:14:27.718+0000] {logging_mixin.py:188} INFO - [2024-05-27T21:14:27.718+0000] {dag.py:3096} INFO - Sync 1 DAGs
[2024-05-27T21:14:27.731+0000] {logging_mixin.py:188} INFO - [2024-05-27T21:14:27.731+0000] {dag.py:3954} INFO - Setting next_dagrun for example_time_delta_sensor_async to None, run_after=None
[2024-05-27T21:14:27.754+0000] {processor.py:183} INFO - Processing /home/airflow/.local/lib/python3.8/site-packages/airflow/example_dags/example_time_delta_sensor_async.py took 0.074 seconds
[2024-05-27T21:14:58.691+0000] {processor.py:161} INFO - Started process (PID=1215) to work on /home/airflow/.local/lib/python3.8/site-packages/airflow/example_dags/example_time_delta_sensor_async.py
[2024-05-27T21:14:58.692+0000] {processor.py:830} INFO - Processing file /home/airflow/.local/lib/python3.8/site-packages/airflow/example_dags/example_time_delta_sensor_async.py for tasks to queue
[2024-05-27T21:14:58.694+0000] {logging_mixin.py:188} INFO - [2024-05-27T21:14:58.694+0000] {dagbag.py:545} INFO - Filling up the DagBag from /home/airflow/.local/lib/python3.8/site-packages/airflow/example_dags/example_time_delta_sensor_async.py
[2024-05-27T21:14:58.699+0000] {processor.py:840} INFO - DAG(s) 'example_time_delta_sensor_async' retrieved from /home/airflow/.local/lib/python3.8/site-packages/airflow/example_dags/example_time_delta_sensor_async.py
[2024-05-27T21:14:58.719+0000] {logging_mixin.py:188} INFO - [2024-05-27T21:14:58.719+0000] {dag.py:3096} INFO - Sync 1 DAGs
[2024-05-27T21:14:58.732+0000] {logging_mixin.py:188} INFO - [2024-05-27T21:14:58.731+0000] {dag.py:3954} INFO - Setting next_dagrun for example_time_delta_sensor_async to None, run_after=None
[2024-05-27T21:14:58.755+0000] {processor.py:183} INFO - Processing /home/airflow/.local/lib/python3.8/site-packages/airflow/example_dags/example_time_delta_sensor_async.py took 0.071 seconds
[2024-05-27T21:15:29.417+0000] {processor.py:161} INFO - Started process (PID=1285) to work on /home/airflow/.local/lib/python3.8/site-packages/airflow/example_dags/example_time_delta_sensor_async.py
[2024-05-27T21:15:29.418+0000] {processor.py:830} INFO - Processing file /home/airflow/.local/lib/python3.8/site-packages/airflow/example_dags/example_time_delta_sensor_async.py for tasks to queue
[2024-05-27T21:15:29.420+0000] {logging_mixin.py:188} INFO - [2024-05-27T21:15:29.420+0000] {dagbag.py:545} INFO - Filling up the DagBag from /home/airflow/.local/lib/python3.8/site-packages/airflow/example_dags/example_time_delta_sensor_async.py
[2024-05-27T21:15:29.425+0000] {processor.py:840} INFO - DAG(s) 'example_time_delta_sensor_async' retrieved from /home/airflow/.local/lib/python3.8/site-packages/airflow/example_dags/example_time_delta_sensor_async.py
[2024-05-27T21:15:29.447+0000] {logging_mixin.py:188} INFO - [2024-05-27T21:15:29.447+0000] {dag.py:3096} INFO - Sync 1 DAGs
[2024-05-27T21:15:29.462+0000] {logging_mixin.py:188} INFO - [2024-05-27T21:15:29.462+0000] {dag.py:3954} INFO - Setting next_dagrun for example_time_delta_sensor_async to None, run_after=None
[2024-05-27T21:15:29.484+0000] {processor.py:183} INFO - Processing /home/airflow/.local/lib/python3.8/site-packages/airflow/example_dags/example_time_delta_sensor_async.py took 0.075 seconds
[2024-05-27T21:15:59.768+0000] {processor.py:161} INFO - Started process (PID=1363) to work on /home/airflow/.local/lib/python3.8/site-packages/airflow/example_dags/example_time_delta_sensor_async.py
[2024-05-27T21:15:59.769+0000] {processor.py:830} INFO - Processing file /home/airflow/.local/lib/python3.8/site-packages/airflow/example_dags/example_time_delta_sensor_async.py for tasks to queue
[2024-05-27T21:15:59.771+0000] {logging_mixin.py:188} INFO - [2024-05-27T21:15:59.771+0000] {dagbag.py:545} INFO - Filling up the DagBag from /home/airflow/.local/lib/python3.8/site-packages/airflow/example_dags/example_time_delta_sensor_async.py
[2024-05-27T21:15:59.777+0000] {processor.py:840} INFO - DAG(s) 'example_time_delta_sensor_async' retrieved from /home/airflow/.local/lib/python3.8/site-packages/airflow/example_dags/example_time_delta_sensor_async.py
[2024-05-27T21:15:59.797+0000] {logging_mixin.py:188} INFO - [2024-05-27T21:15:59.797+0000] {dag.py:3096} INFO - Sync 1 DAGs
[2024-05-27T21:15:59.808+0000] {logging_mixin.py:188} INFO - [2024-05-27T21:15:59.808+0000] {dag.py:3954} INFO - Setting next_dagrun for example_time_delta_sensor_async to None, run_after=None
[2024-05-27T21:15:59.829+0000] {processor.py:183} INFO - Processing /home/airflow/.local/lib/python3.8/site-packages/airflow/example_dags/example_time_delta_sensor_async.py took 0.068 seconds
[2024-05-27T21:16:30.143+0000] {processor.py:161} INFO - Started process (PID=1433) to work on /home/airflow/.local/lib/python3.8/site-packages/airflow/example_dags/example_time_delta_sensor_async.py
[2024-05-27T21:16:30.144+0000] {processor.py:830} INFO - Processing file /home/airflow/.local/lib/python3.8/site-packages/airflow/example_dags/example_time_delta_sensor_async.py for tasks to queue
[2024-05-27T21:16:30.146+0000] {logging_mixin.py:188} INFO - [2024-05-27T21:16:30.146+0000] {dagbag.py:545} INFO - Filling up the DagBag from /home/airflow/.local/lib/python3.8/site-packages/airflow/example_dags/example_time_delta_sensor_async.py
[2024-05-27T21:16:30.152+0000] {processor.py:840} INFO - DAG(s) 'example_time_delta_sensor_async' retrieved from /home/airflow/.local/lib/python3.8/site-packages/airflow/example_dags/example_time_delta_sensor_async.py
[2024-05-27T21:16:30.175+0000] {logging_mixin.py:188} INFO - [2024-05-27T21:16:30.175+0000] {dag.py:3096} INFO - Sync 1 DAGs
[2024-05-27T21:16:30.189+0000] {logging_mixin.py:188} INFO - [2024-05-27T21:16:30.188+0000] {dag.py:3954} INFO - Setting next_dagrun for example_time_delta_sensor_async to None, run_after=None
[2024-05-27T21:16:30.210+0000] {processor.py:183} INFO - Processing /home/airflow/.local/lib/python3.8/site-packages/airflow/example_dags/example_time_delta_sensor_async.py took 0.072 seconds
[2024-05-27T21:17:00.720+0000] {processor.py:161} INFO - Started process (PID=1512) to work on /home/airflow/.local/lib/python3.8/site-packages/airflow/example_dags/example_time_delta_sensor_async.py
[2024-05-27T21:17:00.722+0000] {processor.py:830} INFO - Processing file /home/airflow/.local/lib/python3.8/site-packages/airflow/example_dags/example_time_delta_sensor_async.py for tasks to queue
[2024-05-27T21:17:00.724+0000] {logging_mixin.py:188} INFO - [2024-05-27T21:17:00.723+0000] {dagbag.py:545} INFO - Filling up the DagBag from /home/airflow/.local/lib/python3.8/site-packages/airflow/example_dags/example_time_delta_sensor_async.py
[2024-05-27T21:17:00.731+0000] {processor.py:840} INFO - DAG(s) 'example_time_delta_sensor_async' retrieved from /home/airflow/.local/lib/python3.8/site-packages/airflow/example_dags/example_time_delta_sensor_async.py
[2024-05-27T21:17:00.776+0000] {logging_mixin.py:188} INFO - [2024-05-27T21:17:00.775+0000] {dag.py:3096} INFO - Sync 1 DAGs
[2024-05-27T21:17:00.798+0000] {logging_mixin.py:188} INFO - [2024-05-27T21:17:00.797+0000] {dag.py:3954} INFO - Setting next_dagrun for example_time_delta_sensor_async to None, run_after=None
[2024-05-27T21:17:00.837+0000] {processor.py:183} INFO - Processing /home/airflow/.local/lib/python3.8/site-packages/airflow/example_dags/example_time_delta_sensor_async.py took 0.128 seconds
[2024-05-27T21:17:31.047+0000] {processor.py:161} INFO - Started process (PID=1583) to work on /home/airflow/.local/lib/python3.8/site-packages/airflow/example_dags/example_time_delta_sensor_async.py
[2024-05-27T21:17:31.048+0000] {processor.py:830} INFO - Processing file /home/airflow/.local/lib/python3.8/site-packages/airflow/example_dags/example_time_delta_sensor_async.py for tasks to queue
[2024-05-27T21:17:31.050+0000] {logging_mixin.py:188} INFO - [2024-05-27T21:17:31.050+0000] {dagbag.py:545} INFO - Filling up the DagBag from /home/airflow/.local/lib/python3.8/site-packages/airflow/example_dags/example_time_delta_sensor_async.py
[2024-05-27T21:17:31.056+0000] {processor.py:840} INFO - DAG(s) 'example_time_delta_sensor_async' retrieved from /home/airflow/.local/lib/python3.8/site-packages/airflow/example_dags/example_time_delta_sensor_async.py
[2024-05-27T21:17:31.079+0000] {logging_mixin.py:188} INFO - [2024-05-27T21:17:31.079+0000] {dag.py:3096} INFO - Sync 1 DAGs
[2024-05-27T21:17:31.092+0000] {logging_mixin.py:188} INFO - [2024-05-27T21:17:31.092+0000] {dag.py:3954} INFO - Setting next_dagrun for example_time_delta_sensor_async to None, run_after=None
[2024-05-27T21:17:31.117+0000] {processor.py:183} INFO - Processing /home/airflow/.local/lib/python3.8/site-packages/airflow/example_dags/example_time_delta_sensor_async.py took 0.078 seconds
[2024-05-27T21:18:11.241+0000] {processor.py:161} INFO - Started process (PID=1652) to work on /home/airflow/.local/lib/python3.8/site-packages/airflow/example_dags/example_time_delta_sensor_async.py
[2024-05-27T21:18:11.251+0000] {processor.py:830} INFO - Processing file /home/airflow/.local/lib/python3.8/site-packages/airflow/example_dags/example_time_delta_sensor_async.py for tasks to queue
[2024-05-27T21:18:11.256+0000] {logging_mixin.py:188} INFO - [2024-05-27T21:18:11.256+0000] {dagbag.py:545} INFO - Filling up the DagBag from /home/airflow/.local/lib/python3.8/site-packages/airflow/example_dags/example_time_delta_sensor_async.py
[2024-05-27T21:18:11.284+0000] {processor.py:840} INFO - DAG(s) 'example_time_delta_sensor_async' retrieved from /home/airflow/.local/lib/python3.8/site-packages/airflow/example_dags/example_time_delta_sensor_async.py
[2024-05-27T21:18:11.374+0000] {logging_mixin.py:188} INFO - [2024-05-27T21:18:11.373+0000] {dag.py:3096} INFO - Sync 1 DAGs
[2024-05-27T21:18:11.419+0000] {logging_mixin.py:188} INFO - [2024-05-27T21:18:11.419+0000] {dag.py:3954} INFO - Setting next_dagrun for example_time_delta_sensor_async to None, run_after=None
[2024-05-27T21:18:11.489+0000] {processor.py:183} INFO - Processing /home/airflow/.local/lib/python3.8/site-packages/airflow/example_dags/example_time_delta_sensor_async.py took 0.284 seconds
[2024-05-27T21:18:42.271+0000] {processor.py:161} INFO - Started process (PID=1732) to work on /home/airflow/.local/lib/python3.8/site-packages/airflow/example_dags/example_time_delta_sensor_async.py
[2024-05-27T21:18:42.273+0000] {processor.py:830} INFO - Processing file /home/airflow/.local/lib/python3.8/site-packages/airflow/example_dags/example_time_delta_sensor_async.py for tasks to queue
[2024-05-27T21:18:42.276+0000] {logging_mixin.py:188} INFO - [2024-05-27T21:18:42.276+0000] {dagbag.py:545} INFO - Filling up the DagBag from /home/airflow/.local/lib/python3.8/site-packages/airflow/example_dags/example_time_delta_sensor_async.py
[2024-05-27T21:18:42.282+0000] {processor.py:840} INFO - DAG(s) 'example_time_delta_sensor_async' retrieved from /home/airflow/.local/lib/python3.8/site-packages/airflow/example_dags/example_time_delta_sensor_async.py
[2024-05-27T21:18:42.333+0000] {logging_mixin.py:188} INFO - [2024-05-27T21:18:42.333+0000] {dag.py:3096} INFO - Sync 1 DAGs
[2024-05-27T21:18:42.352+0000] {logging_mixin.py:188} INFO - [2024-05-27T21:18:42.352+0000] {dag.py:3954} INFO - Setting next_dagrun for example_time_delta_sensor_async to None, run_after=None
[2024-05-27T21:18:42.379+0000] {processor.py:183} INFO - Processing /home/airflow/.local/lib/python3.8/site-packages/airflow/example_dags/example_time_delta_sensor_async.py took 0.116 seconds
[2024-05-27T21:19:12.832+0000] {processor.py:161} INFO - Started process (PID=1802) to work on /home/airflow/.local/lib/python3.8/site-packages/airflow/example_dags/example_time_delta_sensor_async.py
[2024-05-27T21:19:12.834+0000] {processor.py:830} INFO - Processing file /home/airflow/.local/lib/python3.8/site-packages/airflow/example_dags/example_time_delta_sensor_async.py for tasks to queue
[2024-05-27T21:19:12.836+0000] {logging_mixin.py:188} INFO - [2024-05-27T21:19:12.836+0000] {dagbag.py:545} INFO - Filling up the DagBag from /home/airflow/.local/lib/python3.8/site-packages/airflow/example_dags/example_time_delta_sensor_async.py
[2024-05-27T21:19:12.842+0000] {processor.py:840} INFO - DAG(s) 'example_time_delta_sensor_async' retrieved from /home/airflow/.local/lib/python3.8/site-packages/airflow/example_dags/example_time_delta_sensor_async.py
[2024-05-27T21:19:12.866+0000] {logging_mixin.py:188} INFO - [2024-05-27T21:19:12.866+0000] {dag.py:3096} INFO - Sync 1 DAGs
[2024-05-27T21:19:12.880+0000] {logging_mixin.py:188} INFO - [2024-05-27T21:19:12.879+0000] {dag.py:3954} INFO - Setting next_dagrun for example_time_delta_sensor_async to None, run_after=None
[2024-05-27T21:19:12.901+0000] {processor.py:183} INFO - Processing /home/airflow/.local/lib/python3.8/site-packages/airflow/example_dags/example_time_delta_sensor_async.py took 0.076 seconds
[2024-05-27T21:19:43.612+0000] {processor.py:161} INFO - Started process (PID=1872) to work on /home/airflow/.local/lib/python3.8/site-packages/airflow/example_dags/example_time_delta_sensor_async.py
[2024-05-27T21:19:43.614+0000] {processor.py:830} INFO - Processing file /home/airflow/.local/lib/python3.8/site-packages/airflow/example_dags/example_time_delta_sensor_async.py for tasks to queue
[2024-05-27T21:19:43.616+0000] {logging_mixin.py:188} INFO - [2024-05-27T21:19:43.616+0000] {dagbag.py:545} INFO - Filling up the DagBag from /home/airflow/.local/lib/python3.8/site-packages/airflow/example_dags/example_time_delta_sensor_async.py
[2024-05-27T21:19:43.623+0000] {processor.py:840} INFO - DAG(s) 'example_time_delta_sensor_async' retrieved from /home/airflow/.local/lib/python3.8/site-packages/airflow/example_dags/example_time_delta_sensor_async.py
[2024-05-27T21:19:43.647+0000] {logging_mixin.py:188} INFO - [2024-05-27T21:19:43.647+0000] {dag.py:3096} INFO - Sync 1 DAGs
[2024-05-27T21:19:43.661+0000] {logging_mixin.py:188} INFO - [2024-05-27T21:19:43.660+0000] {dag.py:3954} INFO - Setting next_dagrun for example_time_delta_sensor_async to None, run_after=None
[2024-05-27T21:19:43.683+0000] {processor.py:183} INFO - Processing /home/airflow/.local/lib/python3.8/site-packages/airflow/example_dags/example_time_delta_sensor_async.py took 0.079 seconds
[2024-05-27T21:20:14.414+0000] {processor.py:161} INFO - Started process (PID=1950) to work on /home/airflow/.local/lib/python3.8/site-packages/airflow/example_dags/example_time_delta_sensor_async.py
[2024-05-27T21:20:14.415+0000] {processor.py:830} INFO - Processing file /home/airflow/.local/lib/python3.8/site-packages/airflow/example_dags/example_time_delta_sensor_async.py for tasks to queue
[2024-05-27T21:20:14.418+0000] {logging_mixin.py:188} INFO - [2024-05-27T21:20:14.418+0000] {dagbag.py:545} INFO - Filling up the DagBag from /home/airflow/.local/lib/python3.8/site-packages/airflow/example_dags/example_time_delta_sensor_async.py
[2024-05-27T21:20:14.424+0000] {processor.py:840} INFO - DAG(s) 'example_time_delta_sensor_async' retrieved from /home/airflow/.local/lib/python3.8/site-packages/airflow/example_dags/example_time_delta_sensor_async.py
[2024-05-27T21:20:14.447+0000] {logging_mixin.py:188} INFO - [2024-05-27T21:20:14.447+0000] {dag.py:3096} INFO - Sync 1 DAGs
[2024-05-27T21:20:14.463+0000] {logging_mixin.py:188} INFO - [2024-05-27T21:20:14.463+0000] {dag.py:3954} INFO - Setting next_dagrun for example_time_delta_sensor_async to None, run_after=None
[2024-05-27T21:20:14.494+0000] {processor.py:183} INFO - Processing /home/airflow/.local/lib/python3.8/site-packages/airflow/example_dags/example_time_delta_sensor_async.py took 0.089 seconds
[2024-05-27T21:20:45.170+0000] {processor.py:161} INFO - Started process (PID=2021) to work on /home/airflow/.local/lib/python3.8/site-packages/airflow/example_dags/example_time_delta_sensor_async.py
[2024-05-27T21:20:45.172+0000] {processor.py:830} INFO - Processing file /home/airflow/.local/lib/python3.8/site-packages/airflow/example_dags/example_time_delta_sensor_async.py for tasks to queue
[2024-05-27T21:20:45.174+0000] {logging_mixin.py:188} INFO - [2024-05-27T21:20:45.174+0000] {dagbag.py:545} INFO - Filling up the DagBag from /home/airflow/.local/lib/python3.8/site-packages/airflow/example_dags/example_time_delta_sensor_async.py
[2024-05-27T21:20:45.179+0000] {processor.py:840} INFO - DAG(s) 'example_time_delta_sensor_async' retrieved from /home/airflow/.local/lib/python3.8/site-packages/airflow/example_dags/example_time_delta_sensor_async.py
[2024-05-27T21:20:45.204+0000] {logging_mixin.py:188} INFO - [2024-05-27T21:20:45.204+0000] {dag.py:3096} INFO - Sync 1 DAGs
[2024-05-27T21:20:45.216+0000] {logging_mixin.py:188} INFO - [2024-05-27T21:20:45.216+0000] {dag.py:3954} INFO - Setting next_dagrun for example_time_delta_sensor_async to None, run_after=None
[2024-05-27T21:20:45.240+0000] {processor.py:183} INFO - Processing /home/airflow/.local/lib/python3.8/site-packages/airflow/example_dags/example_time_delta_sensor_async.py took 0.076 seconds
[2024-05-27T21:21:15.459+0000] {processor.py:161} INFO - Started process (PID=2115) to work on /home/airflow/.local/lib/python3.8/site-packages/airflow/example_dags/example_time_delta_sensor_async.py
[2024-05-27T21:21:15.469+0000] {processor.py:830} INFO - Processing file /home/airflow/.local/lib/python3.8/site-packages/airflow/example_dags/example_time_delta_sensor_async.py for tasks to queue
[2024-05-27T21:21:15.477+0000] {logging_mixin.py:188} INFO - [2024-05-27T21:21:15.476+0000] {dagbag.py:545} INFO - Filling up the DagBag from /home/airflow/.local/lib/python3.8/site-packages/airflow/example_dags/example_time_delta_sensor_async.py
[2024-05-27T21:21:15.489+0000] {processor.py:840} INFO - DAG(s) 'example_time_delta_sensor_async' retrieved from /home/airflow/.local/lib/python3.8/site-packages/airflow/example_dags/example_time_delta_sensor_async.py
[2024-05-27T21:21:15.556+0000] {logging_mixin.py:188} INFO - [2024-05-27T21:21:15.556+0000] {dag.py:3096} INFO - Sync 1 DAGs
[2024-05-27T21:21:15.600+0000] {logging_mixin.py:188} INFO - [2024-05-27T21:21:15.596+0000] {dag.py:3954} INFO - Setting next_dagrun for example_time_delta_sensor_async to None, run_after=None
[2024-05-27T21:21:15.687+0000] {processor.py:183} INFO - Processing /home/airflow/.local/lib/python3.8/site-packages/airflow/example_dags/example_time_delta_sensor_async.py took 0.249 seconds
[2024-05-27T21:21:46.345+0000] {processor.py:161} INFO - Started process (PID=2185) to work on /home/airflow/.local/lib/python3.8/site-packages/airflow/example_dags/example_time_delta_sensor_async.py
[2024-05-27T21:21:46.347+0000] {processor.py:830} INFO - Processing file /home/airflow/.local/lib/python3.8/site-packages/airflow/example_dags/example_time_delta_sensor_async.py for tasks to queue
[2024-05-27T21:21:46.350+0000] {logging_mixin.py:188} INFO - [2024-05-27T21:21:46.349+0000] {dagbag.py:545} INFO - Filling up the DagBag from /home/airflow/.local/lib/python3.8/site-packages/airflow/example_dags/example_time_delta_sensor_async.py
[2024-05-27T21:21:46.356+0000] {processor.py:840} INFO - DAG(s) 'example_time_delta_sensor_async' retrieved from /home/airflow/.local/lib/python3.8/site-packages/airflow/example_dags/example_time_delta_sensor_async.py
[2024-05-27T21:21:46.377+0000] {logging_mixin.py:188} INFO - [2024-05-27T21:21:46.377+0000] {dag.py:3096} INFO - Sync 1 DAGs
[2024-05-27T21:21:46.389+0000] {logging_mixin.py:188} INFO - [2024-05-27T21:21:46.389+0000] {dag.py:3954} INFO - Setting next_dagrun for example_time_delta_sensor_async to None, run_after=None
[2024-05-27T21:21:46.412+0000] {processor.py:183} INFO - Processing /home/airflow/.local/lib/python3.8/site-packages/airflow/example_dags/example_time_delta_sensor_async.py took 0.074 seconds
[2024-05-27T21:22:17.252+0000] {processor.py:161} INFO - Started process (PID=2262) to work on /home/airflow/.local/lib/python3.8/site-packages/airflow/example_dags/example_time_delta_sensor_async.py
[2024-05-27T21:22:17.254+0000] {processor.py:830} INFO - Processing file /home/airflow/.local/lib/python3.8/site-packages/airflow/example_dags/example_time_delta_sensor_async.py for tasks to queue
[2024-05-27T21:22:17.256+0000] {logging_mixin.py:188} INFO - [2024-05-27T21:22:17.255+0000] {dagbag.py:545} INFO - Filling up the DagBag from /home/airflow/.local/lib/python3.8/site-packages/airflow/example_dags/example_time_delta_sensor_async.py
[2024-05-27T21:22:17.263+0000] {processor.py:840} INFO - DAG(s) 'example_time_delta_sensor_async' retrieved from /home/airflow/.local/lib/python3.8/site-packages/airflow/example_dags/example_time_delta_sensor_async.py
[2024-05-27T21:22:17.291+0000] {logging_mixin.py:188} INFO - [2024-05-27T21:22:17.290+0000] {dag.py:3096} INFO - Sync 1 DAGs
[2024-05-27T21:22:17.308+0000] {logging_mixin.py:188} INFO - [2024-05-27T21:22:17.308+0000] {dag.py:3954} INFO - Setting next_dagrun for example_time_delta_sensor_async to None, run_after=None
[2024-05-27T21:22:17.333+0000] {processor.py:183} INFO - Processing /home/airflow/.local/lib/python3.8/site-packages/airflow/example_dags/example_time_delta_sensor_async.py took 0.089 seconds
[2024-05-27T21:22:47.721+0000] {processor.py:161} INFO - Started process (PID=2332) to work on /home/airflow/.local/lib/python3.8/site-packages/airflow/example_dags/example_time_delta_sensor_async.py
[2024-05-27T21:22:47.722+0000] {processor.py:830} INFO - Processing file /home/airflow/.local/lib/python3.8/site-packages/airflow/example_dags/example_time_delta_sensor_async.py for tasks to queue
[2024-05-27T21:22:47.725+0000] {logging_mixin.py:188} INFO - [2024-05-27T21:22:47.725+0000] {dagbag.py:545} INFO - Filling up the DagBag from /home/airflow/.local/lib/python3.8/site-packages/airflow/example_dags/example_time_delta_sensor_async.py
[2024-05-27T21:22:47.733+0000] {processor.py:840} INFO - DAG(s) 'example_time_delta_sensor_async' retrieved from /home/airflow/.local/lib/python3.8/site-packages/airflow/example_dags/example_time_delta_sensor_async.py
[2024-05-27T21:22:47.758+0000] {logging_mixin.py:188} INFO - [2024-05-27T21:22:47.758+0000] {dag.py:3096} INFO - Sync 1 DAGs
[2024-05-27T21:22:47.774+0000] {logging_mixin.py:188} INFO - [2024-05-27T21:22:47.774+0000] {dag.py:3954} INFO - Setting next_dagrun for example_time_delta_sensor_async to None, run_after=None
[2024-05-27T21:22:47.812+0000] {processor.py:183} INFO - Processing /home/airflow/.local/lib/python3.8/site-packages/airflow/example_dags/example_time_delta_sensor_async.py took 0.100 seconds
[2024-05-27T21:23:18.729+0000] {processor.py:161} INFO - Started process (PID=2402) to work on /home/airflow/.local/lib/python3.8/site-packages/airflow/example_dags/example_time_delta_sensor_async.py
[2024-05-27T21:23:18.730+0000] {processor.py:830} INFO - Processing file /home/airflow/.local/lib/python3.8/site-packages/airflow/example_dags/example_time_delta_sensor_async.py for tasks to queue
[2024-05-27T21:23:18.732+0000] {logging_mixin.py:188} INFO - [2024-05-27T21:23:18.731+0000] {dagbag.py:545} INFO - Filling up the DagBag from /home/airflow/.local/lib/python3.8/site-packages/airflow/example_dags/example_time_delta_sensor_async.py
[2024-05-27T21:23:18.738+0000] {processor.py:840} INFO - DAG(s) 'example_time_delta_sensor_async' retrieved from /home/airflow/.local/lib/python3.8/site-packages/airflow/example_dags/example_time_delta_sensor_async.py
[2024-05-27T21:23:18.761+0000] {logging_mixin.py:188} INFO - [2024-05-27T21:23:18.761+0000] {dag.py:3096} INFO - Sync 1 DAGs
[2024-05-27T21:23:18.782+0000] {logging_mixin.py:188} INFO - [2024-05-27T21:23:18.782+0000] {dag.py:3954} INFO - Setting next_dagrun for example_time_delta_sensor_async to None, run_after=None
[2024-05-27T21:23:18.812+0000] {processor.py:183} INFO - Processing /home/airflow/.local/lib/python3.8/site-packages/airflow/example_dags/example_time_delta_sensor_async.py took 0.089 seconds
[2024-05-27T21:23:49.224+0000] {processor.py:161} INFO - Started process (PID=2480) to work on /home/airflow/.local/lib/python3.8/site-packages/airflow/example_dags/example_time_delta_sensor_async.py
[2024-05-27T21:23:49.225+0000] {processor.py:830} INFO - Processing file /home/airflow/.local/lib/python3.8/site-packages/airflow/example_dags/example_time_delta_sensor_async.py for tasks to queue
[2024-05-27T21:23:49.228+0000] {logging_mixin.py:188} INFO - [2024-05-27T21:23:49.227+0000] {dagbag.py:545} INFO - Filling up the DagBag from /home/airflow/.local/lib/python3.8/site-packages/airflow/example_dags/example_time_delta_sensor_async.py
[2024-05-27T21:23:49.233+0000] {processor.py:840} INFO - DAG(s) 'example_time_delta_sensor_async' retrieved from /home/airflow/.local/lib/python3.8/site-packages/airflow/example_dags/example_time_delta_sensor_async.py
[2024-05-27T21:23:49.253+0000] {logging_mixin.py:188} INFO - [2024-05-27T21:23:49.252+0000] {dag.py:3096} INFO - Sync 1 DAGs
[2024-05-27T21:23:49.265+0000] {logging_mixin.py:188} INFO - [2024-05-27T21:23:49.265+0000] {dag.py:3954} INFO - Setting next_dagrun for example_time_delta_sensor_async to None, run_after=None
[2024-05-27T21:23:49.284+0000] {processor.py:183} INFO - Processing /home/airflow/.local/lib/python3.8/site-packages/airflow/example_dags/example_time_delta_sensor_async.py took 0.067 seconds
[2024-05-27T21:24:20.014+0000] {processor.py:161} INFO - Started process (PID=2551) to work on /home/airflow/.local/lib/python3.8/site-packages/airflow/example_dags/example_time_delta_sensor_async.py
[2024-05-27T21:24:20.016+0000] {processor.py:830} INFO - Processing file /home/airflow/.local/lib/python3.8/site-packages/airflow/example_dags/example_time_delta_sensor_async.py for tasks to queue
[2024-05-27T21:24:20.018+0000] {logging_mixin.py:188} INFO - [2024-05-27T21:24:20.018+0000] {dagbag.py:545} INFO - Filling up the DagBag from /home/airflow/.local/lib/python3.8/site-packages/airflow/example_dags/example_time_delta_sensor_async.py
[2024-05-27T21:24:20.024+0000] {processor.py:840} INFO - DAG(s) 'example_time_delta_sensor_async' retrieved from /home/airflow/.local/lib/python3.8/site-packages/airflow/example_dags/example_time_delta_sensor_async.py
[2024-05-27T21:24:20.044+0000] {logging_mixin.py:188} INFO - [2024-05-27T21:24:20.044+0000] {dag.py:3096} INFO - Sync 1 DAGs
[2024-05-27T21:24:20.056+0000] {logging_mixin.py:188} INFO - [2024-05-27T21:24:20.056+0000] {dag.py:3954} INFO - Setting next_dagrun for example_time_delta_sensor_async to None, run_after=None
[2024-05-27T21:24:20.077+0000] {processor.py:183} INFO - Processing /home/airflow/.local/lib/python3.8/site-packages/airflow/example_dags/example_time_delta_sensor_async.py took 0.069 seconds
[2024-05-27T21:24:50.476+0000] {processor.py:161} INFO - Started process (PID=2628) to work on /home/airflow/.local/lib/python3.8/site-packages/airflow/example_dags/example_time_delta_sensor_async.py
[2024-05-27T21:24:50.477+0000] {processor.py:830} INFO - Processing file /home/airflow/.local/lib/python3.8/site-packages/airflow/example_dags/example_time_delta_sensor_async.py for tasks to queue
[2024-05-27T21:24:50.480+0000] {logging_mixin.py:188} INFO - [2024-05-27T21:24:50.479+0000] {dagbag.py:545} INFO - Filling up the DagBag from /home/airflow/.local/lib/python3.8/site-packages/airflow/example_dags/example_time_delta_sensor_async.py
[2024-05-27T21:24:50.486+0000] {processor.py:840} INFO - DAG(s) 'example_time_delta_sensor_async' retrieved from /home/airflow/.local/lib/python3.8/site-packages/airflow/example_dags/example_time_delta_sensor_async.py
[2024-05-27T21:24:50.513+0000] {logging_mixin.py:188} INFO - [2024-05-27T21:24:50.513+0000] {dag.py:3096} INFO - Sync 1 DAGs
[2024-05-27T21:24:50.529+0000] {logging_mixin.py:188} INFO - [2024-05-27T21:24:50.529+0000] {dag.py:3954} INFO - Setting next_dagrun for example_time_delta_sensor_async to None, run_after=None
[2024-05-27T21:24:50.554+0000] {processor.py:183} INFO - Processing /home/airflow/.local/lib/python3.8/site-packages/airflow/example_dags/example_time_delta_sensor_async.py took 0.086 seconds
[2024-05-27T21:25:21.244+0000] {processor.py:161} INFO - Started process (PID=2699) to work on /home/airflow/.local/lib/python3.8/site-packages/airflow/example_dags/example_time_delta_sensor_async.py
[2024-05-27T21:25:21.245+0000] {processor.py:830} INFO - Processing file /home/airflow/.local/lib/python3.8/site-packages/airflow/example_dags/example_time_delta_sensor_async.py for tasks to queue
[2024-05-27T21:25:21.247+0000] {logging_mixin.py:188} INFO - [2024-05-27T21:25:21.247+0000] {dagbag.py:545} INFO - Filling up the DagBag from /home/airflow/.local/lib/python3.8/site-packages/airflow/example_dags/example_time_delta_sensor_async.py
[2024-05-27T21:25:21.252+0000] {processor.py:840} INFO - DAG(s) 'example_time_delta_sensor_async' retrieved from /home/airflow/.local/lib/python3.8/site-packages/airflow/example_dags/example_time_delta_sensor_async.py
[2024-05-27T21:25:21.279+0000] {logging_mixin.py:188} INFO - [2024-05-27T21:25:21.278+0000] {dag.py:3096} INFO - Sync 1 DAGs
[2024-05-27T21:25:21.303+0000] {logging_mixin.py:188} INFO - [2024-05-27T21:25:21.303+0000] {dag.py:3954} INFO - Setting next_dagrun for example_time_delta_sensor_async to None, run_after=None
[2024-05-27T21:25:21.324+0000] {processor.py:183} INFO - Processing /home/airflow/.local/lib/python3.8/site-packages/airflow/example_dags/example_time_delta_sensor_async.py took 0.087 seconds
