[2024-05-27T20:50:52.221+0000] {processor.py:161} INFO - Started process (PID=48) to work on /home/airflow/.local/lib/python3.8/site-packages/airflow/example_dags/example_short_circuit_operator.py
[2024-05-27T20:50:52.224+0000] {processor.py:830} INFO - Processing file /home/airflow/.local/lib/python3.8/site-packages/airflow/example_dags/example_short_circuit_operator.py for tasks to queue
[2024-05-27T20:50:52.227+0000] {logging_mixin.py:188} INFO - [2024-05-27T20:50:52.227+0000] {dagbag.py:545} INFO - Filling up the DagBag from /home/airflow/.local/lib/python3.8/site-packages/airflow/example_dags/example_short_circuit_operator.py
[2024-05-27T20:50:52.245+0000] {processor.py:840} INFO - DAG(s) 'example_short_circuit_operator' retrieved from /home/airflow/.local/lib/python3.8/site-packages/airflow/example_dags/example_short_circuit_operator.py
[2024-05-27T20:50:52.275+0000] {logging_mixin.py:188} INFO - [2024-05-27T20:50:52.275+0000] {dag.py:3096} INFO - Sync 1 DAGs
[2024-05-27T20:50:52.305+0000] {logging_mixin.py:188} INFO - [2024-05-27T20:50:52.304+0000] {dag.py:3954} INFO - Setting next_dagrun for example_short_circuit_operator to 2024-05-26 00:00:00+00:00, run_after=2024-05-27 00:00:00+00:00
[2024-05-27T20:50:52.327+0000] {processor.py:183} INFO - Processing /home/airflow/.local/lib/python3.8/site-packages/airflow/example_dags/example_short_circuit_operator.py took 0.118 seconds
[2024-05-27T20:51:23.030+0000] {processor.py:161} INFO - Started process (PID=118) to work on /home/airflow/.local/lib/python3.8/site-packages/airflow/example_dags/example_short_circuit_operator.py
[2024-05-27T20:51:23.032+0000] {processor.py:830} INFO - Processing file /home/airflow/.local/lib/python3.8/site-packages/airflow/example_dags/example_short_circuit_operator.py for tasks to queue
[2024-05-27T20:51:23.034+0000] {logging_mixin.py:188} INFO - [2024-05-27T20:51:23.034+0000] {dagbag.py:545} INFO - Filling up the DagBag from /home/airflow/.local/lib/python3.8/site-packages/airflow/example_dags/example_short_circuit_operator.py
[2024-05-27T20:51:23.041+0000] {processor.py:840} INFO - DAG(s) 'example_short_circuit_operator' retrieved from /home/airflow/.local/lib/python3.8/site-packages/airflow/example_dags/example_short_circuit_operator.py
[2024-05-27T20:51:23.145+0000] {logging_mixin.py:188} INFO - [2024-05-27T20:51:23.145+0000] {dag.py:3096} INFO - Sync 1 DAGs
[2024-05-27T20:51:23.164+0000] {logging_mixin.py:188} INFO - [2024-05-27T20:51:23.164+0000] {dag.py:3954} INFO - Setting next_dagrun for example_short_circuit_operator to 2024-05-26 00:00:00+00:00, run_after=2024-05-27 00:00:00+00:00
[2024-05-27T20:51:23.185+0000] {processor.py:183} INFO - Processing /home/airflow/.local/lib/python3.8/site-packages/airflow/example_dags/example_short_circuit_operator.py took 0.162 seconds
[2024-05-27T20:51:53.817+0000] {processor.py:161} INFO - Started process (PID=195) to work on /home/airflow/.local/lib/python3.8/site-packages/airflow/example_dags/example_short_circuit_operator.py
[2024-05-27T20:51:53.819+0000] {processor.py:830} INFO - Processing file /home/airflow/.local/lib/python3.8/site-packages/airflow/example_dags/example_short_circuit_operator.py for tasks to queue
[2024-05-27T20:51:53.822+0000] {logging_mixin.py:188} INFO - [2024-05-27T20:51:53.822+0000] {dagbag.py:545} INFO - Filling up the DagBag from /home/airflow/.local/lib/python3.8/site-packages/airflow/example_dags/example_short_circuit_operator.py
[2024-05-27T20:51:53.834+0000] {processor.py:840} INFO - DAG(s) 'example_short_circuit_operator' retrieved from /home/airflow/.local/lib/python3.8/site-packages/airflow/example_dags/example_short_circuit_operator.py
[2024-05-27T20:51:53.871+0000] {logging_mixin.py:188} INFO - [2024-05-27T20:51:53.870+0000] {dag.py:3096} INFO - Sync 1 DAGs
[2024-05-27T20:51:53.900+0000] {logging_mixin.py:188} INFO - [2024-05-27T20:51:53.900+0000] {dag.py:3954} INFO - Setting next_dagrun for example_short_circuit_operator to 2024-05-26 00:00:00+00:00, run_after=2024-05-27 00:00:00+00:00
[2024-05-27T20:51:53.921+0000] {processor.py:183} INFO - Processing /home/airflow/.local/lib/python3.8/site-packages/airflow/example_dags/example_short_circuit_operator.py took 0.112 seconds
[2024-05-27T20:52:24.165+0000] {processor.py:161} INFO - Started process (PID=264) to work on /home/airflow/.local/lib/python3.8/site-packages/airflow/example_dags/example_short_circuit_operator.py
[2024-05-27T20:52:24.167+0000] {processor.py:830} INFO - Processing file /home/airflow/.local/lib/python3.8/site-packages/airflow/example_dags/example_short_circuit_operator.py for tasks to queue
[2024-05-27T20:52:24.173+0000] {logging_mixin.py:188} INFO - [2024-05-27T20:52:24.172+0000] {dagbag.py:545} INFO - Filling up the DagBag from /home/airflow/.local/lib/python3.8/site-packages/airflow/example_dags/example_short_circuit_operator.py
[2024-05-27T20:52:24.185+0000] {processor.py:840} INFO - DAG(s) 'example_short_circuit_operator' retrieved from /home/airflow/.local/lib/python3.8/site-packages/airflow/example_dags/example_short_circuit_operator.py
[2024-05-27T20:52:24.213+0000] {logging_mixin.py:188} INFO - [2024-05-27T20:52:24.213+0000] {dag.py:3096} INFO - Sync 1 DAGs
[2024-05-27T20:52:24.235+0000] {logging_mixin.py:188} INFO - [2024-05-27T20:52:24.235+0000] {dag.py:3954} INFO - Setting next_dagrun for example_short_circuit_operator to 2024-05-26 00:00:00+00:00, run_after=2024-05-27 00:00:00+00:00
[2024-05-27T20:52:24.259+0000] {processor.py:183} INFO - Processing /home/airflow/.local/lib/python3.8/site-packages/airflow/example_dags/example_short_circuit_operator.py took 0.103 seconds
[2024-05-27T20:52:55.320+0000] {processor.py:161} INFO - Started process (PID=334) to work on /home/airflow/.local/lib/python3.8/site-packages/airflow/example_dags/example_short_circuit_operator.py
[2024-05-27T20:52:55.321+0000] {processor.py:830} INFO - Processing file /home/airflow/.local/lib/python3.8/site-packages/airflow/example_dags/example_short_circuit_operator.py for tasks to queue
[2024-05-27T20:52:55.324+0000] {logging_mixin.py:188} INFO - [2024-05-27T20:52:55.323+0000] {dagbag.py:545} INFO - Filling up the DagBag from /home/airflow/.local/lib/python3.8/site-packages/airflow/example_dags/example_short_circuit_operator.py
[2024-05-27T20:52:55.331+0000] {processor.py:840} INFO - DAG(s) 'example_short_circuit_operator' retrieved from /home/airflow/.local/lib/python3.8/site-packages/airflow/example_dags/example_short_circuit_operator.py
[2024-05-27T20:52:55.360+0000] {logging_mixin.py:188} INFO - [2024-05-27T20:52:55.359+0000] {dag.py:3096} INFO - Sync 1 DAGs
[2024-05-27T20:52:55.386+0000] {logging_mixin.py:188} INFO - [2024-05-27T20:52:55.386+0000] {dag.py:3954} INFO - Setting next_dagrun for example_short_circuit_operator to 2024-05-26 00:00:00+00:00, run_after=2024-05-27 00:00:00+00:00
[2024-05-27T20:52:55.411+0000] {processor.py:183} INFO - Processing /home/airflow/.local/lib/python3.8/site-packages/airflow/example_dags/example_short_circuit_operator.py took 0.098 seconds
[2024-05-27T20:53:26.516+0000] {processor.py:161} INFO - Started process (PID=411) to work on /home/airflow/.local/lib/python3.8/site-packages/airflow/example_dags/example_short_circuit_operator.py
[2024-05-27T20:53:26.518+0000] {processor.py:830} INFO - Processing file /home/airflow/.local/lib/python3.8/site-packages/airflow/example_dags/example_short_circuit_operator.py for tasks to queue
[2024-05-27T20:53:26.520+0000] {logging_mixin.py:188} INFO - [2024-05-27T20:53:26.519+0000] {dagbag.py:545} INFO - Filling up the DagBag from /home/airflow/.local/lib/python3.8/site-packages/airflow/example_dags/example_short_circuit_operator.py
[2024-05-27T20:53:26.527+0000] {processor.py:840} INFO - DAG(s) 'example_short_circuit_operator' retrieved from /home/airflow/.local/lib/python3.8/site-packages/airflow/example_dags/example_short_circuit_operator.py
[2024-05-27T20:53:26.558+0000] {logging_mixin.py:188} INFO - [2024-05-27T20:53:26.558+0000] {dag.py:3096} INFO - Sync 1 DAGs
[2024-05-27T20:53:26.586+0000] {logging_mixin.py:188} INFO - [2024-05-27T20:53:26.586+0000] {dag.py:3954} INFO - Setting next_dagrun for example_short_circuit_operator to 2024-05-26 00:00:00+00:00, run_after=2024-05-27 00:00:00+00:00
[2024-05-27T20:53:26.610+0000] {processor.py:183} INFO - Processing /home/airflow/.local/lib/python3.8/site-packages/airflow/example_dags/example_short_circuit_operator.py took 0.101 seconds
[2024-05-27T20:53:57.165+0000] {processor.py:161} INFO - Started process (PID=481) to work on /home/airflow/.local/lib/python3.8/site-packages/airflow/example_dags/example_short_circuit_operator.py
[2024-05-27T20:53:57.166+0000] {processor.py:830} INFO - Processing file /home/airflow/.local/lib/python3.8/site-packages/airflow/example_dags/example_short_circuit_operator.py for tasks to queue
[2024-05-27T20:53:57.168+0000] {logging_mixin.py:188} INFO - [2024-05-27T20:53:57.168+0000] {dagbag.py:545} INFO - Filling up the DagBag from /home/airflow/.local/lib/python3.8/site-packages/airflow/example_dags/example_short_circuit_operator.py
[2024-05-27T20:53:57.175+0000] {processor.py:840} INFO - DAG(s) 'example_short_circuit_operator' retrieved from /home/airflow/.local/lib/python3.8/site-packages/airflow/example_dags/example_short_circuit_operator.py
[2024-05-27T20:53:57.200+0000] {logging_mixin.py:188} INFO - [2024-05-27T20:53:57.199+0000] {dag.py:3096} INFO - Sync 1 DAGs
[2024-05-27T20:53:57.224+0000] {logging_mixin.py:188} INFO - [2024-05-27T20:53:57.224+0000] {dag.py:3954} INFO - Setting next_dagrun for example_short_circuit_operator to 2024-05-26 00:00:00+00:00, run_after=2024-05-27 00:00:00+00:00
[2024-05-27T20:53:57.244+0000] {processor.py:183} INFO - Processing /home/airflow/.local/lib/python3.8/site-packages/airflow/example_dags/example_short_circuit_operator.py took 0.086 seconds
[2024-05-27T20:54:27.749+0000] {processor.py:161} INFO - Started process (PID=552) to work on /home/airflow/.local/lib/python3.8/site-packages/airflow/example_dags/example_short_circuit_operator.py
[2024-05-27T20:54:27.753+0000] {processor.py:830} INFO - Processing file /home/airflow/.local/lib/python3.8/site-packages/airflow/example_dags/example_short_circuit_operator.py for tasks to queue
[2024-05-27T20:54:27.757+0000] {logging_mixin.py:188} INFO - [2024-05-27T20:54:27.756+0000] {dagbag.py:545} INFO - Filling up the DagBag from /home/airflow/.local/lib/python3.8/site-packages/airflow/example_dags/example_short_circuit_operator.py
[2024-05-27T20:54:27.768+0000] {processor.py:840} INFO - DAG(s) 'example_short_circuit_operator' retrieved from /home/airflow/.local/lib/python3.8/site-packages/airflow/example_dags/example_short_circuit_operator.py
[2024-05-27T20:54:27.808+0000] {logging_mixin.py:188} INFO - [2024-05-27T20:54:27.808+0000] {dag.py:3096} INFO - Sync 1 DAGs
[2024-05-27T20:54:27.842+0000] {logging_mixin.py:188} INFO - [2024-05-27T20:54:27.842+0000] {dag.py:3954} INFO - Setting next_dagrun for example_short_circuit_operator to 2024-05-26 00:00:00+00:00, run_after=2024-05-27 00:00:00+00:00
[2024-05-27T20:54:27.872+0000] {processor.py:183} INFO - Processing /home/airflow/.local/lib/python3.8/site-packages/airflow/example_dags/example_short_circuit_operator.py took 0.133 seconds
[2024-05-27T20:54:58.365+0000] {processor.py:161} INFO - Started process (PID=629) to work on /home/airflow/.local/lib/python3.8/site-packages/airflow/example_dags/example_short_circuit_operator.py
[2024-05-27T20:54:58.366+0000] {processor.py:830} INFO - Processing file /home/airflow/.local/lib/python3.8/site-packages/airflow/example_dags/example_short_circuit_operator.py for tasks to queue
[2024-05-27T20:54:58.371+0000] {logging_mixin.py:188} INFO - [2024-05-27T20:54:58.370+0000] {dagbag.py:545} INFO - Filling up the DagBag from /home/airflow/.local/lib/python3.8/site-packages/airflow/example_dags/example_short_circuit_operator.py
[2024-05-27T20:54:58.379+0000] {processor.py:840} INFO - DAG(s) 'example_short_circuit_operator' retrieved from /home/airflow/.local/lib/python3.8/site-packages/airflow/example_dags/example_short_circuit_operator.py
[2024-05-27T20:54:58.403+0000] {logging_mixin.py:188} INFO - [2024-05-27T20:54:58.403+0000] {dag.py:3096} INFO - Sync 1 DAGs
[2024-05-27T20:54:58.425+0000] {logging_mixin.py:188} INFO - [2024-05-27T20:54:58.425+0000] {dag.py:3954} INFO - Setting next_dagrun for example_short_circuit_operator to 2024-05-26 00:00:00+00:00, run_after=2024-05-27 00:00:00+00:00
[2024-05-27T20:54:58.451+0000] {processor.py:183} INFO - Processing /home/airflow/.local/lib/python3.8/site-packages/airflow/example_dags/example_short_circuit_operator.py took 0.094 seconds
[2024-05-27T20:57:14.957+0000] {processor.py:161} INFO - Started process (PID=48) to work on /home/airflow/.local/lib/python3.8/site-packages/airflow/example_dags/example_short_circuit_operator.py
[2024-05-27T20:57:14.959+0000] {processor.py:830} INFO - Processing file /home/airflow/.local/lib/python3.8/site-packages/airflow/example_dags/example_short_circuit_operator.py for tasks to queue
[2024-05-27T20:57:14.961+0000] {logging_mixin.py:188} INFO - [2024-05-27T20:57:14.961+0000] {dagbag.py:545} INFO - Filling up the DagBag from /home/airflow/.local/lib/python3.8/site-packages/airflow/example_dags/example_short_circuit_operator.py
[2024-05-27T20:57:14.975+0000] {processor.py:840} INFO - DAG(s) 'example_short_circuit_operator' retrieved from /home/airflow/.local/lib/python3.8/site-packages/airflow/example_dags/example_short_circuit_operator.py
[2024-05-27T20:57:14.991+0000] {logging_mixin.py:188} INFO - [2024-05-27T20:57:14.991+0000] {dag.py:3096} INFO - Sync 1 DAGs
[2024-05-27T20:57:15.024+0000] {logging_mixin.py:188} INFO - [2024-05-27T20:57:15.024+0000] {dag.py:3954} INFO - Setting next_dagrun for example_short_circuit_operator to 2024-05-26 00:00:00+00:00, run_after=2024-05-27 00:00:00+00:00
[2024-05-27T20:57:15.063+0000] {processor.py:183} INFO - Processing /home/airflow/.local/lib/python3.8/site-packages/airflow/example_dags/example_short_circuit_operator.py took 0.113 seconds
[2024-05-27T20:57:45.627+0000] {processor.py:161} INFO - Started process (PID=119) to work on /home/airflow/.local/lib/python3.8/site-packages/airflow/example_dags/example_short_circuit_operator.py
[2024-05-27T20:57:45.628+0000] {processor.py:830} INFO - Processing file /home/airflow/.local/lib/python3.8/site-packages/airflow/example_dags/example_short_circuit_operator.py for tasks to queue
[2024-05-27T20:57:45.630+0000] {logging_mixin.py:188} INFO - [2024-05-27T20:57:45.630+0000] {dagbag.py:545} INFO - Filling up the DagBag from /home/airflow/.local/lib/python3.8/site-packages/airflow/example_dags/example_short_circuit_operator.py
[2024-05-27T20:57:45.638+0000] {processor.py:840} INFO - DAG(s) 'example_short_circuit_operator' retrieved from /home/airflow/.local/lib/python3.8/site-packages/airflow/example_dags/example_short_circuit_operator.py
[2024-05-27T20:57:45.738+0000] {logging_mixin.py:188} INFO - [2024-05-27T20:57:45.738+0000] {dag.py:3096} INFO - Sync 1 DAGs
[2024-05-27T20:57:45.757+0000] {logging_mixin.py:188} INFO - [2024-05-27T20:57:45.757+0000] {dag.py:3954} INFO - Setting next_dagrun for example_short_circuit_operator to 2024-05-26 00:00:00+00:00, run_after=2024-05-27 00:00:00+00:00
[2024-05-27T20:57:45.777+0000] {processor.py:183} INFO - Processing /home/airflow/.local/lib/python3.8/site-packages/airflow/example_dags/example_short_circuit_operator.py took 0.157 seconds
[2024-05-27T20:58:16.700+0000] {processor.py:161} INFO - Started process (PID=197) to work on /home/airflow/.local/lib/python3.8/site-packages/airflow/example_dags/example_short_circuit_operator.py
[2024-05-27T20:58:16.702+0000] {processor.py:830} INFO - Processing file /home/airflow/.local/lib/python3.8/site-packages/airflow/example_dags/example_short_circuit_operator.py for tasks to queue
[2024-05-27T20:58:16.704+0000] {logging_mixin.py:188} INFO - [2024-05-27T20:58:16.704+0000] {dagbag.py:545} INFO - Filling up the DagBag from /home/airflow/.local/lib/python3.8/site-packages/airflow/example_dags/example_short_circuit_operator.py
[2024-05-27T20:58:16.714+0000] {processor.py:840} INFO - DAG(s) 'example_short_circuit_operator' retrieved from /home/airflow/.local/lib/python3.8/site-packages/airflow/example_dags/example_short_circuit_operator.py
[2024-05-27T20:58:16.743+0000] {logging_mixin.py:188} INFO - [2024-05-27T20:58:16.743+0000] {dag.py:3096} INFO - Sync 1 DAGs
[2024-05-27T20:58:16.771+0000] {logging_mixin.py:188} INFO - [2024-05-27T20:58:16.771+0000] {dag.py:3954} INFO - Setting next_dagrun for example_short_circuit_operator to 2024-05-26 00:00:00+00:00, run_after=2024-05-27 00:00:00+00:00
[2024-05-27T20:58:16.797+0000] {processor.py:183} INFO - Processing /home/airflow/.local/lib/python3.8/site-packages/airflow/example_dags/example_short_circuit_operator.py took 0.105 seconds
[2024-05-27T20:58:47.059+0000] {processor.py:161} INFO - Started process (PID=268) to work on /home/airflow/.local/lib/python3.8/site-packages/airflow/example_dags/example_short_circuit_operator.py
[2024-05-27T20:58:47.060+0000] {processor.py:830} INFO - Processing file /home/airflow/.local/lib/python3.8/site-packages/airflow/example_dags/example_short_circuit_operator.py for tasks to queue
[2024-05-27T20:58:47.062+0000] {logging_mixin.py:188} INFO - [2024-05-27T20:58:47.062+0000] {dagbag.py:545} INFO - Filling up the DagBag from /home/airflow/.local/lib/python3.8/site-packages/airflow/example_dags/example_short_circuit_operator.py
[2024-05-27T20:58:47.069+0000] {processor.py:840} INFO - DAG(s) 'example_short_circuit_operator' retrieved from /home/airflow/.local/lib/python3.8/site-packages/airflow/example_dags/example_short_circuit_operator.py
[2024-05-27T20:58:47.093+0000] {logging_mixin.py:188} INFO - [2024-05-27T20:58:47.093+0000] {dag.py:3096} INFO - Sync 1 DAGs
[2024-05-27T20:58:47.114+0000] {logging_mixin.py:188} INFO - [2024-05-27T20:58:47.114+0000] {dag.py:3954} INFO - Setting next_dagrun for example_short_circuit_operator to 2024-05-26 00:00:00+00:00, run_after=2024-05-27 00:00:00+00:00
[2024-05-27T20:58:47.134+0000] {processor.py:183} INFO - Processing /home/airflow/.local/lib/python3.8/site-packages/airflow/example_dags/example_short_circuit_operator.py took 0.080 seconds
[2024-05-27T20:59:17.564+0000] {processor.py:161} INFO - Started process (PID=338) to work on /home/airflow/.local/lib/python3.8/site-packages/airflow/example_dags/example_short_circuit_operator.py
[2024-05-27T20:59:17.565+0000] {processor.py:830} INFO - Processing file /home/airflow/.local/lib/python3.8/site-packages/airflow/example_dags/example_short_circuit_operator.py for tasks to queue
[2024-05-27T20:59:17.567+0000] {logging_mixin.py:188} INFO - [2024-05-27T20:59:17.567+0000] {dagbag.py:545} INFO - Filling up the DagBag from /home/airflow/.local/lib/python3.8/site-packages/airflow/example_dags/example_short_circuit_operator.py
[2024-05-27T20:59:17.576+0000] {processor.py:840} INFO - DAG(s) 'example_short_circuit_operator' retrieved from /home/airflow/.local/lib/python3.8/site-packages/airflow/example_dags/example_short_circuit_operator.py
[2024-05-27T20:59:17.604+0000] {logging_mixin.py:188} INFO - [2024-05-27T20:59:17.603+0000] {dag.py:3096} INFO - Sync 1 DAGs
[2024-05-27T20:59:17.627+0000] {logging_mixin.py:188} INFO - [2024-05-27T20:59:17.626+0000] {dag.py:3954} INFO - Setting next_dagrun for example_short_circuit_operator to 2024-05-26 00:00:00+00:00, run_after=2024-05-27 00:00:00+00:00
[2024-05-27T20:59:17.652+0000] {processor.py:183} INFO - Processing /home/airflow/.local/lib/python3.8/site-packages/airflow/example_dags/example_short_circuit_operator.py took 0.096 seconds
[2024-05-27T20:59:47.988+0000] {processor.py:161} INFO - Started process (PID=416) to work on /home/airflow/.local/lib/python3.8/site-packages/airflow/example_dags/example_short_circuit_operator.py
[2024-05-27T20:59:47.989+0000] {processor.py:830} INFO - Processing file /home/airflow/.local/lib/python3.8/site-packages/airflow/example_dags/example_short_circuit_operator.py for tasks to queue
[2024-05-27T20:59:47.991+0000] {logging_mixin.py:188} INFO - [2024-05-27T20:59:47.991+0000] {dagbag.py:545} INFO - Filling up the DagBag from /home/airflow/.local/lib/python3.8/site-packages/airflow/example_dags/example_short_circuit_operator.py
[2024-05-27T20:59:48.002+0000] {processor.py:840} INFO - DAG(s) 'example_short_circuit_operator' retrieved from /home/airflow/.local/lib/python3.8/site-packages/airflow/example_dags/example_short_circuit_operator.py
[2024-05-27T20:59:48.033+0000] {logging_mixin.py:188} INFO - [2024-05-27T20:59:48.033+0000] {dag.py:3096} INFO - Sync 1 DAGs
[2024-05-27T20:59:48.055+0000] {logging_mixin.py:188} INFO - [2024-05-27T20:59:48.055+0000] {dag.py:3954} INFO - Setting next_dagrun for example_short_circuit_operator to 2024-05-26 00:00:00+00:00, run_after=2024-05-27 00:00:00+00:00
[2024-05-27T20:59:48.082+0000] {processor.py:183} INFO - Processing /home/airflow/.local/lib/python3.8/site-packages/airflow/example_dags/example_short_circuit_operator.py took 0.104 seconds
[2024-05-27T21:00:18.450+0000] {processor.py:161} INFO - Started process (PID=486) to work on /home/airflow/.local/lib/python3.8/site-packages/airflow/example_dags/example_short_circuit_operator.py
[2024-05-27T21:00:18.451+0000] {processor.py:830} INFO - Processing file /home/airflow/.local/lib/python3.8/site-packages/airflow/example_dags/example_short_circuit_operator.py for tasks to queue
[2024-05-27T21:00:18.453+0000] {logging_mixin.py:188} INFO - [2024-05-27T21:00:18.453+0000] {dagbag.py:545} INFO - Filling up the DagBag from /home/airflow/.local/lib/python3.8/site-packages/airflow/example_dags/example_short_circuit_operator.py
[2024-05-27T21:00:18.460+0000] {processor.py:840} INFO - DAG(s) 'example_short_circuit_operator' retrieved from /home/airflow/.local/lib/python3.8/site-packages/airflow/example_dags/example_short_circuit_operator.py
[2024-05-27T21:00:18.489+0000] {logging_mixin.py:188} INFO - [2024-05-27T21:00:18.489+0000] {dag.py:3096} INFO - Sync 1 DAGs
[2024-05-27T21:00:18.515+0000] {logging_mixin.py:188} INFO - [2024-05-27T21:00:18.515+0000] {dag.py:3954} INFO - Setting next_dagrun for example_short_circuit_operator to 2024-05-26 00:00:00+00:00, run_after=2024-05-27 00:00:00+00:00
[2024-05-27T21:00:18.540+0000] {processor.py:183} INFO - Processing /home/airflow/.local/lib/python3.8/site-packages/airflow/example_dags/example_short_circuit_operator.py took 0.097 seconds
[2024-05-27T21:00:48.977+0000] {processor.py:161} INFO - Started process (PID=556) to work on /home/airflow/.local/lib/python3.8/site-packages/airflow/example_dags/example_short_circuit_operator.py
[2024-05-27T21:00:48.979+0000] {processor.py:830} INFO - Processing file /home/airflow/.local/lib/python3.8/site-packages/airflow/example_dags/example_short_circuit_operator.py for tasks to queue
[2024-05-27T21:00:48.981+0000] {logging_mixin.py:188} INFO - [2024-05-27T21:00:48.981+0000] {dagbag.py:545} INFO - Filling up the DagBag from /home/airflow/.local/lib/python3.8/site-packages/airflow/example_dags/example_short_circuit_operator.py
[2024-05-27T21:00:48.988+0000] {processor.py:840} INFO - DAG(s) 'example_short_circuit_operator' retrieved from /home/airflow/.local/lib/python3.8/site-packages/airflow/example_dags/example_short_circuit_operator.py
[2024-05-27T21:00:49.013+0000] {logging_mixin.py:188} INFO - [2024-05-27T21:00:49.013+0000] {dag.py:3096} INFO - Sync 1 DAGs
[2024-05-27T21:00:49.035+0000] {logging_mixin.py:188} INFO - [2024-05-27T21:00:49.034+0000] {dag.py:3954} INFO - Setting next_dagrun for example_short_circuit_operator to 2024-05-26 00:00:00+00:00, run_after=2024-05-27 00:00:00+00:00
[2024-05-27T21:00:49.058+0000] {processor.py:183} INFO - Processing /home/airflow/.local/lib/python3.8/site-packages/airflow/example_dags/example_short_circuit_operator.py took 0.089 seconds
[2024-05-27T21:01:19.506+0000] {processor.py:161} INFO - Started process (PID=634) to work on /home/airflow/.local/lib/python3.8/site-packages/airflow/example_dags/example_short_circuit_operator.py
[2024-05-27T21:01:19.508+0000] {processor.py:830} INFO - Processing file /home/airflow/.local/lib/python3.8/site-packages/airflow/example_dags/example_short_circuit_operator.py for tasks to queue
[2024-05-27T21:01:19.511+0000] {logging_mixin.py:188} INFO - [2024-05-27T21:01:19.511+0000] {dagbag.py:545} INFO - Filling up the DagBag from /home/airflow/.local/lib/python3.8/site-packages/airflow/example_dags/example_short_circuit_operator.py
[2024-05-27T21:01:19.518+0000] {processor.py:840} INFO - DAG(s) 'example_short_circuit_operator' retrieved from /home/airflow/.local/lib/python3.8/site-packages/airflow/example_dags/example_short_circuit_operator.py
[2024-05-27T21:01:19.550+0000] {logging_mixin.py:188} INFO - [2024-05-27T21:01:19.550+0000] {dag.py:3096} INFO - Sync 1 DAGs
[2024-05-27T21:01:19.574+0000] {logging_mixin.py:188} INFO - [2024-05-27T21:01:19.573+0000] {dag.py:3954} INFO - Setting next_dagrun for example_short_circuit_operator to 2024-05-26 00:00:00+00:00, run_after=2024-05-27 00:00:00+00:00
[2024-05-27T21:01:19.595+0000] {processor.py:183} INFO - Processing /home/airflow/.local/lib/python3.8/site-packages/airflow/example_dags/example_short_circuit_operator.py took 0.101 seconds
[2024-05-27T21:01:50.138+0000] {processor.py:161} INFO - Started process (PID=704) to work on /home/airflow/.local/lib/python3.8/site-packages/airflow/example_dags/example_short_circuit_operator.py
[2024-05-27T21:01:50.139+0000] {processor.py:830} INFO - Processing file /home/airflow/.local/lib/python3.8/site-packages/airflow/example_dags/example_short_circuit_operator.py for tasks to queue
[2024-05-27T21:01:50.142+0000] {logging_mixin.py:188} INFO - [2024-05-27T21:01:50.141+0000] {dagbag.py:545} INFO - Filling up the DagBag from /home/airflow/.local/lib/python3.8/site-packages/airflow/example_dags/example_short_circuit_operator.py
[2024-05-27T21:01:50.151+0000] {processor.py:840} INFO - DAG(s) 'example_short_circuit_operator' retrieved from /home/airflow/.local/lib/python3.8/site-packages/airflow/example_dags/example_short_circuit_operator.py
[2024-05-27T21:01:50.178+0000] {logging_mixin.py:188} INFO - [2024-05-27T21:01:50.178+0000] {dag.py:3096} INFO - Sync 1 DAGs
[2024-05-27T21:01:50.202+0000] {logging_mixin.py:188} INFO - [2024-05-27T21:01:50.202+0000] {dag.py:3954} INFO - Setting next_dagrun for example_short_circuit_operator to 2024-05-26 00:00:00+00:00, run_after=2024-05-27 00:00:00+00:00
[2024-05-27T21:01:50.229+0000] {processor.py:183} INFO - Processing /home/airflow/.local/lib/python3.8/site-packages/airflow/example_dags/example_short_circuit_operator.py took 0.099 seconds
[2024-05-27T21:06:39.254+0000] {processor.py:161} INFO - Started process (PID=56) to work on /home/airflow/.local/lib/python3.8/site-packages/airflow/example_dags/example_short_circuit_operator.py
[2024-05-27T21:06:39.256+0000] {processor.py:830} INFO - Processing file /home/airflow/.local/lib/python3.8/site-packages/airflow/example_dags/example_short_circuit_operator.py for tasks to queue
[2024-05-27T21:06:39.258+0000] {logging_mixin.py:188} INFO - [2024-05-27T21:06:39.258+0000] {dagbag.py:545} INFO - Filling up the DagBag from /home/airflow/.local/lib/python3.8/site-packages/airflow/example_dags/example_short_circuit_operator.py
[2024-05-27T21:06:39.275+0000] {processor.py:840} INFO - DAG(s) 'example_short_circuit_operator' retrieved from /home/airflow/.local/lib/python3.8/site-packages/airflow/example_dags/example_short_circuit_operator.py
[2024-05-27T21:06:39.594+0000] {logging_mixin.py:188} INFO - [2024-05-27T21:06:39.592+0000] {dag.py:3096} INFO - Sync 1 DAGs
[2024-05-27T21:06:39.657+0000] {logging_mixin.py:188} INFO - [2024-05-27T21:06:39.657+0000] {dag.py:3954} INFO - Setting next_dagrun for example_short_circuit_operator to 2024-05-26 00:00:00+00:00, run_after=2024-05-27 00:00:00+00:00
[2024-05-27T21:06:39.716+0000] {processor.py:183} INFO - Processing /home/airflow/.local/lib/python3.8/site-packages/airflow/example_dags/example_short_circuit_operator.py took 0.472 seconds
[2024-05-27T21:07:10.755+0000] {processor.py:161} INFO - Started process (PID=126) to work on /home/airflow/.local/lib/python3.8/site-packages/airflow/example_dags/example_short_circuit_operator.py
[2024-05-27T21:07:10.759+0000] {processor.py:830} INFO - Processing file /home/airflow/.local/lib/python3.8/site-packages/airflow/example_dags/example_short_circuit_operator.py for tasks to queue
[2024-05-27T21:07:10.787+0000] {logging_mixin.py:188} INFO - [2024-05-27T21:07:10.786+0000] {dagbag.py:545} INFO - Filling up the DagBag from /home/airflow/.local/lib/python3.8/site-packages/airflow/example_dags/example_short_circuit_operator.py
[2024-05-27T21:07:10.819+0000] {processor.py:840} INFO - DAG(s) 'example_short_circuit_operator' retrieved from /home/airflow/.local/lib/python3.8/site-packages/airflow/example_dags/example_short_circuit_operator.py
[2024-05-27T21:07:10.912+0000] {logging_mixin.py:188} INFO - [2024-05-27T21:07:10.911+0000] {dag.py:3096} INFO - Sync 1 DAGs
[2024-05-27T21:07:11.010+0000] {logging_mixin.py:188} INFO - [2024-05-27T21:07:11.010+0000] {dag.py:3954} INFO - Setting next_dagrun for example_short_circuit_operator to 2024-05-26 00:00:00+00:00, run_after=2024-05-27 00:00:00+00:00
[2024-05-27T21:07:11.142+0000] {processor.py:183} INFO - Processing /home/airflow/.local/lib/python3.8/site-packages/airflow/example_dags/example_short_circuit_operator.py took 0.421 seconds
[2024-05-27T21:07:41.672+0000] {processor.py:161} INFO - Started process (PID=196) to work on /home/airflow/.local/lib/python3.8/site-packages/airflow/example_dags/example_short_circuit_operator.py
[2024-05-27T21:07:41.674+0000] {processor.py:830} INFO - Processing file /home/airflow/.local/lib/python3.8/site-packages/airflow/example_dags/example_short_circuit_operator.py for tasks to queue
[2024-05-27T21:07:41.690+0000] {logging_mixin.py:188} INFO - [2024-05-27T21:07:41.689+0000] {dagbag.py:545} INFO - Filling up the DagBag from /home/airflow/.local/lib/python3.8/site-packages/airflow/example_dags/example_short_circuit_operator.py
[2024-05-27T21:07:41.717+0000] {processor.py:840} INFO - DAG(s) 'example_short_circuit_operator' retrieved from /home/airflow/.local/lib/python3.8/site-packages/airflow/example_dags/example_short_circuit_operator.py
[2024-05-27T21:07:41.790+0000] {logging_mixin.py:188} INFO - [2024-05-27T21:07:41.789+0000] {dag.py:3096} INFO - Sync 1 DAGs
[2024-05-27T21:07:41.906+0000] {logging_mixin.py:188} INFO - [2024-05-27T21:07:41.906+0000] {dag.py:3954} INFO - Setting next_dagrun for example_short_circuit_operator to 2024-05-26 00:00:00+00:00, run_after=2024-05-27 00:00:00+00:00
[2024-05-27T21:07:42.053+0000] {processor.py:183} INFO - Processing /home/airflow/.local/lib/python3.8/site-packages/airflow/example_dags/example_short_circuit_operator.py took 0.401 seconds
[2024-05-27T21:08:12.489+0000] {processor.py:161} INFO - Started process (PID=257) to work on /home/airflow/.local/lib/python3.8/site-packages/airflow/example_dags/example_short_circuit_operator.py
[2024-05-27T21:08:12.491+0000] {processor.py:830} INFO - Processing file /home/airflow/.local/lib/python3.8/site-packages/airflow/example_dags/example_short_circuit_operator.py for tasks to queue
[2024-05-27T21:08:12.503+0000] {logging_mixin.py:188} INFO - [2024-05-27T21:08:12.502+0000] {dagbag.py:545} INFO - Filling up the DagBag from /home/airflow/.local/lib/python3.8/site-packages/airflow/example_dags/example_short_circuit_operator.py
[2024-05-27T21:08:12.538+0000] {processor.py:840} INFO - DAG(s) 'example_short_circuit_operator' retrieved from /home/airflow/.local/lib/python3.8/site-packages/airflow/example_dags/example_short_circuit_operator.py
[2024-05-27T21:08:12.588+0000] {logging_mixin.py:188} INFO - [2024-05-27T21:08:12.587+0000] {dag.py:3096} INFO - Sync 1 DAGs
[2024-05-27T21:08:12.634+0000] {logging_mixin.py:188} INFO - [2024-05-27T21:08:12.633+0000] {dag.py:3954} INFO - Setting next_dagrun for example_short_circuit_operator to 2024-05-26 00:00:00+00:00, run_after=2024-05-27 00:00:00+00:00
[2024-05-27T21:08:12.672+0000] {processor.py:183} INFO - Processing /home/airflow/.local/lib/python3.8/site-packages/airflow/example_dags/example_short_circuit_operator.py took 0.205 seconds
[2024-05-27T21:08:44.002+0000] {processor.py:161} INFO - Started process (PID=335) to work on /home/airflow/.local/lib/python3.8/site-packages/airflow/example_dags/example_short_circuit_operator.py
[2024-05-27T21:08:44.004+0000] {processor.py:830} INFO - Processing file /home/airflow/.local/lib/python3.8/site-packages/airflow/example_dags/example_short_circuit_operator.py for tasks to queue
[2024-05-27T21:08:44.019+0000] {logging_mixin.py:188} INFO - [2024-05-27T21:08:44.018+0000] {dagbag.py:545} INFO - Filling up the DagBag from /home/airflow/.local/lib/python3.8/site-packages/airflow/example_dags/example_short_circuit_operator.py
[2024-05-27T21:08:44.063+0000] {processor.py:840} INFO - DAG(s) 'example_short_circuit_operator' retrieved from /home/airflow/.local/lib/python3.8/site-packages/airflow/example_dags/example_short_circuit_operator.py
[2024-05-27T21:08:44.166+0000] {logging_mixin.py:188} INFO - [2024-05-27T21:08:44.165+0000] {dag.py:3096} INFO - Sync 1 DAGs
[2024-05-27T21:08:44.244+0000] {logging_mixin.py:188} INFO - [2024-05-27T21:08:44.243+0000] {dag.py:3954} INFO - Setting next_dagrun for example_short_circuit_operator to 2024-05-26 00:00:00+00:00, run_after=2024-05-27 00:00:00+00:00
[2024-05-27T21:08:44.318+0000] {processor.py:183} INFO - Processing /home/airflow/.local/lib/python3.8/site-packages/airflow/example_dags/example_short_circuit_operator.py took 0.351 seconds
[2024-05-27T21:09:15.318+0000] {processor.py:161} INFO - Started process (PID=406) to work on /home/airflow/.local/lib/python3.8/site-packages/airflow/example_dags/example_short_circuit_operator.py
[2024-05-27T21:09:15.320+0000] {processor.py:830} INFO - Processing file /home/airflow/.local/lib/python3.8/site-packages/airflow/example_dags/example_short_circuit_operator.py for tasks to queue
[2024-05-27T21:09:15.324+0000] {logging_mixin.py:188} INFO - [2024-05-27T21:09:15.323+0000] {dagbag.py:545} INFO - Filling up the DagBag from /home/airflow/.local/lib/python3.8/site-packages/airflow/example_dags/example_short_circuit_operator.py
[2024-05-27T21:09:15.355+0000] {processor.py:840} INFO - DAG(s) 'example_short_circuit_operator' retrieved from /home/airflow/.local/lib/python3.8/site-packages/airflow/example_dags/example_short_circuit_operator.py
[2024-05-27T21:09:15.452+0000] {logging_mixin.py:188} INFO - [2024-05-27T21:09:15.451+0000] {dag.py:3096} INFO - Sync 1 DAGs
[2024-05-27T21:09:15.523+0000] {logging_mixin.py:188} INFO - [2024-05-27T21:09:15.523+0000] {dag.py:3954} INFO - Setting next_dagrun for example_short_circuit_operator to 2024-05-26 00:00:00+00:00, run_after=2024-05-27 00:00:00+00:00
[2024-05-27T21:09:15.582+0000] {processor.py:183} INFO - Processing /home/airflow/.local/lib/python3.8/site-packages/airflow/example_dags/example_short_circuit_operator.py took 0.282 seconds
[2024-05-27T21:09:45.851+0000] {processor.py:161} INFO - Started process (PID=474) to work on /home/airflow/.local/lib/python3.8/site-packages/airflow/example_dags/example_short_circuit_operator.py
[2024-05-27T21:09:45.854+0000] {processor.py:830} INFO - Processing file /home/airflow/.local/lib/python3.8/site-packages/airflow/example_dags/example_short_circuit_operator.py for tasks to queue
[2024-05-27T21:09:45.857+0000] {logging_mixin.py:188} INFO - [2024-05-27T21:09:45.857+0000] {dagbag.py:545} INFO - Filling up the DagBag from /home/airflow/.local/lib/python3.8/site-packages/airflow/example_dags/example_short_circuit_operator.py
[2024-05-27T21:09:45.877+0000] {processor.py:840} INFO - DAG(s) 'example_short_circuit_operator' retrieved from /home/airflow/.local/lib/python3.8/site-packages/airflow/example_dags/example_short_circuit_operator.py
[2024-05-27T21:09:45.941+0000] {logging_mixin.py:188} INFO - [2024-05-27T21:09:45.940+0000] {dag.py:3096} INFO - Sync 1 DAGs
[2024-05-27T21:09:46.044+0000] {logging_mixin.py:188} INFO - [2024-05-27T21:09:46.043+0000] {dag.py:3954} INFO - Setting next_dagrun for example_short_circuit_operator to 2024-05-26 00:00:00+00:00, run_after=2024-05-27 00:00:00+00:00
[2024-05-27T21:09:46.123+0000] {processor.py:183} INFO - Processing /home/airflow/.local/lib/python3.8/site-packages/airflow/example_dags/example_short_circuit_operator.py took 0.288 seconds
[2024-05-27T21:10:16.391+0000] {processor.py:161} INFO - Started process (PID=536) to work on /home/airflow/.local/lib/python3.8/site-packages/airflow/example_dags/example_short_circuit_operator.py
[2024-05-27T21:10:16.393+0000] {processor.py:830} INFO - Processing file /home/airflow/.local/lib/python3.8/site-packages/airflow/example_dags/example_short_circuit_operator.py for tasks to queue
[2024-05-27T21:10:16.396+0000] {logging_mixin.py:188} INFO - [2024-05-27T21:10:16.395+0000] {dagbag.py:545} INFO - Filling up the DagBag from /home/airflow/.local/lib/python3.8/site-packages/airflow/example_dags/example_short_circuit_operator.py
[2024-05-27T21:10:16.407+0000] {processor.py:840} INFO - DAG(s) 'example_short_circuit_operator' retrieved from /home/airflow/.local/lib/python3.8/site-packages/airflow/example_dags/example_short_circuit_operator.py
[2024-05-27T21:10:16.443+0000] {logging_mixin.py:188} INFO - [2024-05-27T21:10:16.443+0000] {dag.py:3096} INFO - Sync 1 DAGs
[2024-05-27T21:10:16.475+0000] {logging_mixin.py:188} INFO - [2024-05-27T21:10:16.474+0000] {dag.py:3954} INFO - Setting next_dagrun for example_short_circuit_operator to 2024-05-26 00:00:00+00:00, run_after=2024-05-27 00:00:00+00:00
[2024-05-27T21:10:16.514+0000] {processor.py:183} INFO - Processing /home/airflow/.local/lib/python3.8/site-packages/airflow/example_dags/example_short_circuit_operator.py took 0.131 seconds
[2024-05-27T21:10:46.681+0000] {processor.py:161} INFO - Started process (PID=606) to work on /home/airflow/.local/lib/python3.8/site-packages/airflow/example_dags/example_short_circuit_operator.py
[2024-05-27T21:10:46.684+0000] {processor.py:830} INFO - Processing file /home/airflow/.local/lib/python3.8/site-packages/airflow/example_dags/example_short_circuit_operator.py for tasks to queue
[2024-05-27T21:10:46.687+0000] {logging_mixin.py:188} INFO - [2024-05-27T21:10:46.686+0000] {dagbag.py:545} INFO - Filling up the DagBag from /home/airflow/.local/lib/python3.8/site-packages/airflow/example_dags/example_short_circuit_operator.py
[2024-05-27T21:10:46.697+0000] {processor.py:840} INFO - DAG(s) 'example_short_circuit_operator' retrieved from /home/airflow/.local/lib/python3.8/site-packages/airflow/example_dags/example_short_circuit_operator.py
[2024-05-27T21:10:46.730+0000] {logging_mixin.py:188} INFO - [2024-05-27T21:10:46.730+0000] {dag.py:3096} INFO - Sync 1 DAGs
[2024-05-27T21:10:46.764+0000] {logging_mixin.py:188} INFO - [2024-05-27T21:10:46.763+0000] {dag.py:3954} INFO - Setting next_dagrun for example_short_circuit_operator to 2024-05-26 00:00:00+00:00, run_after=2024-05-27 00:00:00+00:00
[2024-05-27T21:10:46.790+0000] {processor.py:183} INFO - Processing /home/airflow/.local/lib/python3.8/site-packages/airflow/example_dags/example_short_circuit_operator.py took 0.117 seconds
[2024-05-27T21:11:17.002+0000] {processor.py:161} INFO - Started process (PID=676) to work on /home/airflow/.local/lib/python3.8/site-packages/airflow/example_dags/example_short_circuit_operator.py
[2024-05-27T21:11:17.006+0000] {processor.py:830} INFO - Processing file /home/airflow/.local/lib/python3.8/site-packages/airflow/example_dags/example_short_circuit_operator.py for tasks to queue
[2024-05-27T21:11:17.010+0000] {logging_mixin.py:188} INFO - [2024-05-27T21:11:17.009+0000] {dagbag.py:545} INFO - Filling up the DagBag from /home/airflow/.local/lib/python3.8/site-packages/airflow/example_dags/example_short_circuit_operator.py
[2024-05-27T21:11:17.024+0000] {processor.py:840} INFO - DAG(s) 'example_short_circuit_operator' retrieved from /home/airflow/.local/lib/python3.8/site-packages/airflow/example_dags/example_short_circuit_operator.py
[2024-05-27T21:11:17.060+0000] {logging_mixin.py:188} INFO - [2024-05-27T21:11:17.060+0000] {dag.py:3096} INFO - Sync 1 DAGs
[2024-05-27T21:11:17.095+0000] {logging_mixin.py:188} INFO - [2024-05-27T21:11:17.095+0000] {dag.py:3954} INFO - Setting next_dagrun for example_short_circuit_operator to 2024-05-26 00:00:00+00:00, run_after=2024-05-27 00:00:00+00:00
[2024-05-27T21:11:17.130+0000] {processor.py:183} INFO - Processing /home/airflow/.local/lib/python3.8/site-packages/airflow/example_dags/example_short_circuit_operator.py took 0.137 seconds
[2024-05-27T21:11:47.225+0000] {processor.py:161} INFO - Started process (PID=745) to work on /home/airflow/.local/lib/python3.8/site-packages/airflow/example_dags/example_short_circuit_operator.py
[2024-05-27T21:11:47.230+0000] {processor.py:830} INFO - Processing file /home/airflow/.local/lib/python3.8/site-packages/airflow/example_dags/example_short_circuit_operator.py for tasks to queue
[2024-05-27T21:11:47.239+0000] {logging_mixin.py:188} INFO - [2024-05-27T21:11:47.238+0000] {dagbag.py:545} INFO - Filling up the DagBag from /home/airflow/.local/lib/python3.8/site-packages/airflow/example_dags/example_short_circuit_operator.py
[2024-05-27T21:11:47.258+0000] {processor.py:840} INFO - DAG(s) 'example_short_circuit_operator' retrieved from /home/airflow/.local/lib/python3.8/site-packages/airflow/example_dags/example_short_circuit_operator.py
[2024-05-27T21:11:47.305+0000] {logging_mixin.py:188} INFO - [2024-05-27T21:11:47.304+0000] {dag.py:3096} INFO - Sync 1 DAGs
[2024-05-27T21:11:47.364+0000] {logging_mixin.py:188} INFO - [2024-05-27T21:11:47.364+0000] {dag.py:3954} INFO - Setting next_dagrun for example_short_circuit_operator to 2024-05-26 00:00:00+00:00, run_after=2024-05-27 00:00:00+00:00
[2024-05-27T21:11:47.458+0000] {processor.py:183} INFO - Processing /home/airflow/.local/lib/python3.8/site-packages/airflow/example_dags/example_short_circuit_operator.py took 0.245 seconds
[2024-05-27T21:12:18.252+0000] {processor.py:161} INFO - Started process (PID=823) to work on /home/airflow/.local/lib/python3.8/site-packages/airflow/example_dags/example_short_circuit_operator.py
[2024-05-27T21:12:18.253+0000] {processor.py:830} INFO - Processing file /home/airflow/.local/lib/python3.8/site-packages/airflow/example_dags/example_short_circuit_operator.py for tasks to queue
[2024-05-27T21:12:18.256+0000] {logging_mixin.py:188} INFO - [2024-05-27T21:12:18.255+0000] {dagbag.py:545} INFO - Filling up the DagBag from /home/airflow/.local/lib/python3.8/site-packages/airflow/example_dags/example_short_circuit_operator.py
[2024-05-27T21:12:18.264+0000] {processor.py:840} INFO - DAG(s) 'example_short_circuit_operator' retrieved from /home/airflow/.local/lib/python3.8/site-packages/airflow/example_dags/example_short_circuit_operator.py
[2024-05-27T21:12:18.296+0000] {logging_mixin.py:188} INFO - [2024-05-27T21:12:18.295+0000] {dag.py:3096} INFO - Sync 1 DAGs
[2024-05-27T21:12:18.319+0000] {logging_mixin.py:188} INFO - [2024-05-27T21:12:18.319+0000] {dag.py:3954} INFO - Setting next_dagrun for example_short_circuit_operator to 2024-05-26 00:00:00+00:00, run_after=2024-05-27 00:00:00+00:00
[2024-05-27T21:12:18.342+0000] {processor.py:183} INFO - Processing /home/airflow/.local/lib/python3.8/site-packages/airflow/example_dags/example_short_circuit_operator.py took 0.096 seconds
[2024-05-27T21:12:49.005+0000] {processor.py:161} INFO - Started process (PID=894) to work on /home/airflow/.local/lib/python3.8/site-packages/airflow/example_dags/example_short_circuit_operator.py
[2024-05-27T21:12:49.006+0000] {processor.py:830} INFO - Processing file /home/airflow/.local/lib/python3.8/site-packages/airflow/example_dags/example_short_circuit_operator.py for tasks to queue
[2024-05-27T21:12:49.009+0000] {logging_mixin.py:188} INFO - [2024-05-27T21:12:49.008+0000] {dagbag.py:545} INFO - Filling up the DagBag from /home/airflow/.local/lib/python3.8/site-packages/airflow/example_dags/example_short_circuit_operator.py
[2024-05-27T21:12:49.017+0000] {processor.py:840} INFO - DAG(s) 'example_short_circuit_operator' retrieved from /home/airflow/.local/lib/python3.8/site-packages/airflow/example_dags/example_short_circuit_operator.py
[2024-05-27T21:12:49.042+0000] {logging_mixin.py:188} INFO - [2024-05-27T21:12:49.042+0000] {dag.py:3096} INFO - Sync 1 DAGs
[2024-05-27T21:12:49.065+0000] {logging_mixin.py:188} INFO - [2024-05-27T21:12:49.065+0000] {dag.py:3954} INFO - Setting next_dagrun for example_short_circuit_operator to 2024-05-26 00:00:00+00:00, run_after=2024-05-27 00:00:00+00:00
[2024-05-27T21:12:49.085+0000] {processor.py:183} INFO - Processing /home/airflow/.local/lib/python3.8/site-packages/airflow/example_dags/example_short_circuit_operator.py took 0.088 seconds
[2024-05-27T21:13:19.829+0000] {processor.py:161} INFO - Started process (PID=964) to work on /home/airflow/.local/lib/python3.8/site-packages/airflow/example_dags/example_short_circuit_operator.py
[2024-05-27T21:13:19.831+0000] {processor.py:830} INFO - Processing file /home/airflow/.local/lib/python3.8/site-packages/airflow/example_dags/example_short_circuit_operator.py for tasks to queue
[2024-05-27T21:13:19.833+0000] {logging_mixin.py:188} INFO - [2024-05-27T21:13:19.832+0000] {dagbag.py:545} INFO - Filling up the DagBag from /home/airflow/.local/lib/python3.8/site-packages/airflow/example_dags/example_short_circuit_operator.py
[2024-05-27T21:13:19.840+0000] {processor.py:840} INFO - DAG(s) 'example_short_circuit_operator' retrieved from /home/airflow/.local/lib/python3.8/site-packages/airflow/example_dags/example_short_circuit_operator.py
[2024-05-27T21:13:19.866+0000] {logging_mixin.py:188} INFO - [2024-05-27T21:13:19.866+0000] {dag.py:3096} INFO - Sync 1 DAGs
[2024-05-27T21:13:19.889+0000] {logging_mixin.py:188} INFO - [2024-05-27T21:13:19.889+0000] {dag.py:3954} INFO - Setting next_dagrun for example_short_circuit_operator to 2024-05-26 00:00:00+00:00, run_after=2024-05-27 00:00:00+00:00
[2024-05-27T21:13:19.915+0000] {processor.py:183} INFO - Processing /home/airflow/.local/lib/python3.8/site-packages/airflow/example_dags/example_short_circuit_operator.py took 0.092 seconds
[2024-05-27T21:13:50.264+0000] {processor.py:161} INFO - Started process (PID=1041) to work on /home/airflow/.local/lib/python3.8/site-packages/airflow/example_dags/example_short_circuit_operator.py
[2024-05-27T21:13:50.265+0000] {processor.py:830} INFO - Processing file /home/airflow/.local/lib/python3.8/site-packages/airflow/example_dags/example_short_circuit_operator.py for tasks to queue
[2024-05-27T21:13:50.267+0000] {logging_mixin.py:188} INFO - [2024-05-27T21:13:50.267+0000] {dagbag.py:545} INFO - Filling up the DagBag from /home/airflow/.local/lib/python3.8/site-packages/airflow/example_dags/example_short_circuit_operator.py
[2024-05-27T21:13:50.281+0000] {processor.py:840} INFO - DAG(s) 'example_short_circuit_operator' retrieved from /home/airflow/.local/lib/python3.8/site-packages/airflow/example_dags/example_short_circuit_operator.py
[2024-05-27T21:13:50.314+0000] {logging_mixin.py:188} INFO - [2024-05-27T21:13:50.314+0000] {dag.py:3096} INFO - Sync 1 DAGs
[2024-05-27T21:13:50.345+0000] {logging_mixin.py:188} INFO - [2024-05-27T21:13:50.345+0000] {dag.py:3954} INFO - Setting next_dagrun for example_short_circuit_operator to 2024-05-26 00:00:00+00:00, run_after=2024-05-27 00:00:00+00:00
[2024-05-27T21:13:50.368+0000] {processor.py:183} INFO - Processing /home/airflow/.local/lib/python3.8/site-packages/airflow/example_dags/example_short_circuit_operator.py took 0.110 seconds
[2024-05-27T21:14:20.820+0000] {processor.py:161} INFO - Started process (PID=1111) to work on /home/airflow/.local/lib/python3.8/site-packages/airflow/example_dags/example_short_circuit_operator.py
[2024-05-27T21:14:20.821+0000] {processor.py:830} INFO - Processing file /home/airflow/.local/lib/python3.8/site-packages/airflow/example_dags/example_short_circuit_operator.py for tasks to queue
[2024-05-27T21:14:20.824+0000] {logging_mixin.py:188} INFO - [2024-05-27T21:14:20.823+0000] {dagbag.py:545} INFO - Filling up the DagBag from /home/airflow/.local/lib/python3.8/site-packages/airflow/example_dags/example_short_circuit_operator.py
[2024-05-27T21:14:20.831+0000] {processor.py:840} INFO - DAG(s) 'example_short_circuit_operator' retrieved from /home/airflow/.local/lib/python3.8/site-packages/airflow/example_dags/example_short_circuit_operator.py
[2024-05-27T21:14:20.861+0000] {logging_mixin.py:188} INFO - [2024-05-27T21:14:20.861+0000] {dag.py:3096} INFO - Sync 1 DAGs
[2024-05-27T21:14:20.891+0000] {logging_mixin.py:188} INFO - [2024-05-27T21:14:20.890+0000] {dag.py:3954} INFO - Setting next_dagrun for example_short_circuit_operator to 2024-05-26 00:00:00+00:00, run_after=2024-05-27 00:00:00+00:00
[2024-05-27T21:14:20.913+0000] {processor.py:183} INFO - Processing /home/airflow/.local/lib/python3.8/site-packages/airflow/example_dags/example_short_circuit_operator.py took 0.103 seconds
[2024-05-27T21:14:51.348+0000] {processor.py:161} INFO - Started process (PID=1182) to work on /home/airflow/.local/lib/python3.8/site-packages/airflow/example_dags/example_short_circuit_operator.py
[2024-05-27T21:14:51.349+0000] {processor.py:830} INFO - Processing file /home/airflow/.local/lib/python3.8/site-packages/airflow/example_dags/example_short_circuit_operator.py for tasks to queue
[2024-05-27T21:14:51.351+0000] {logging_mixin.py:188} INFO - [2024-05-27T21:14:51.351+0000] {dagbag.py:545} INFO - Filling up the DagBag from /home/airflow/.local/lib/python3.8/site-packages/airflow/example_dags/example_short_circuit_operator.py
[2024-05-27T21:14:51.359+0000] {processor.py:840} INFO - DAG(s) 'example_short_circuit_operator' retrieved from /home/airflow/.local/lib/python3.8/site-packages/airflow/example_dags/example_short_circuit_operator.py
[2024-05-27T21:14:51.385+0000] {logging_mixin.py:188} INFO - [2024-05-27T21:14:51.384+0000] {dag.py:3096} INFO - Sync 1 DAGs
[2024-05-27T21:14:51.408+0000] {logging_mixin.py:188} INFO - [2024-05-27T21:14:51.408+0000] {dag.py:3954} INFO - Setting next_dagrun for example_short_circuit_operator to 2024-05-26 00:00:00+00:00, run_after=2024-05-27 00:00:00+00:00
[2024-05-27T21:14:51.441+0000] {processor.py:183} INFO - Processing /home/airflow/.local/lib/python3.8/site-packages/airflow/example_dags/example_short_circuit_operator.py took 0.101 seconds
[2024-05-27T21:15:21.590+0000] {processor.py:161} INFO - Started process (PID=1260) to work on /home/airflow/.local/lib/python3.8/site-packages/airflow/example_dags/example_short_circuit_operator.py
[2024-05-27T21:15:21.592+0000] {processor.py:830} INFO - Processing file /home/airflow/.local/lib/python3.8/site-packages/airflow/example_dags/example_short_circuit_operator.py for tasks to queue
[2024-05-27T21:15:21.594+0000] {logging_mixin.py:188} INFO - [2024-05-27T21:15:21.594+0000] {dagbag.py:545} INFO - Filling up the DagBag from /home/airflow/.local/lib/python3.8/site-packages/airflow/example_dags/example_short_circuit_operator.py
[2024-05-27T21:15:21.601+0000] {processor.py:840} INFO - DAG(s) 'example_short_circuit_operator' retrieved from /home/airflow/.local/lib/python3.8/site-packages/airflow/example_dags/example_short_circuit_operator.py
[2024-05-27T21:15:21.628+0000] {logging_mixin.py:188} INFO - [2024-05-27T21:15:21.628+0000] {dag.py:3096} INFO - Sync 1 DAGs
[2024-05-27T21:15:21.651+0000] {logging_mixin.py:188} INFO - [2024-05-27T21:15:21.651+0000] {dag.py:3954} INFO - Setting next_dagrun for example_short_circuit_operator to 2024-05-26 00:00:00+00:00, run_after=2024-05-27 00:00:00+00:00
[2024-05-27T21:15:21.673+0000] {processor.py:183} INFO - Processing /home/airflow/.local/lib/python3.8/site-packages/airflow/example_dags/example_short_circuit_operator.py took 0.091 seconds
[2024-05-27T21:15:52.031+0000] {processor.py:161} INFO - Started process (PID=1330) to work on /home/airflow/.local/lib/python3.8/site-packages/airflow/example_dags/example_short_circuit_operator.py
[2024-05-27T21:15:52.033+0000] {processor.py:830} INFO - Processing file /home/airflow/.local/lib/python3.8/site-packages/airflow/example_dags/example_short_circuit_operator.py for tasks to queue
[2024-05-27T21:15:52.035+0000] {logging_mixin.py:188} INFO - [2024-05-27T21:15:52.035+0000] {dagbag.py:545} INFO - Filling up the DagBag from /home/airflow/.local/lib/python3.8/site-packages/airflow/example_dags/example_short_circuit_operator.py
[2024-05-27T21:15:52.042+0000] {processor.py:840} INFO - DAG(s) 'example_short_circuit_operator' retrieved from /home/airflow/.local/lib/python3.8/site-packages/airflow/example_dags/example_short_circuit_operator.py
[2024-05-27T21:15:52.070+0000] {logging_mixin.py:188} INFO - [2024-05-27T21:15:52.070+0000] {dag.py:3096} INFO - Sync 1 DAGs
[2024-05-27T21:15:52.092+0000] {logging_mixin.py:188} INFO - [2024-05-27T21:15:52.092+0000] {dag.py:3954} INFO - Setting next_dagrun for example_short_circuit_operator to 2024-05-26 00:00:00+00:00, run_after=2024-05-27 00:00:00+00:00
[2024-05-27T21:15:52.115+0000] {processor.py:183} INFO - Processing /home/airflow/.local/lib/python3.8/site-packages/airflow/example_dags/example_short_circuit_operator.py took 0.089 seconds
[2024-05-27T21:16:22.389+0000] {processor.py:161} INFO - Started process (PID=1408) to work on /home/airflow/.local/lib/python3.8/site-packages/airflow/example_dags/example_short_circuit_operator.py
[2024-05-27T21:16:22.390+0000] {processor.py:830} INFO - Processing file /home/airflow/.local/lib/python3.8/site-packages/airflow/example_dags/example_short_circuit_operator.py for tasks to queue
[2024-05-27T21:16:22.393+0000] {logging_mixin.py:188} INFO - [2024-05-27T21:16:22.392+0000] {dagbag.py:545} INFO - Filling up the DagBag from /home/airflow/.local/lib/python3.8/site-packages/airflow/example_dags/example_short_circuit_operator.py
[2024-05-27T21:16:22.404+0000] {processor.py:840} INFO - DAG(s) 'example_short_circuit_operator' retrieved from /home/airflow/.local/lib/python3.8/site-packages/airflow/example_dags/example_short_circuit_operator.py
[2024-05-27T21:16:22.430+0000] {logging_mixin.py:188} INFO - [2024-05-27T21:16:22.429+0000] {dag.py:3096} INFO - Sync 1 DAGs
[2024-05-27T21:16:22.456+0000] {logging_mixin.py:188} INFO - [2024-05-27T21:16:22.456+0000] {dag.py:3954} INFO - Setting next_dagrun for example_short_circuit_operator to 2024-05-26 00:00:00+00:00, run_after=2024-05-27 00:00:00+00:00
[2024-05-27T21:16:22.477+0000] {processor.py:183} INFO - Processing /home/airflow/.local/lib/python3.8/site-packages/airflow/example_dags/example_short_circuit_operator.py took 0.096 seconds
[2024-05-27T21:16:52.759+0000] {processor.py:161} INFO - Started process (PID=1480) to work on /home/airflow/.local/lib/python3.8/site-packages/airflow/example_dags/example_short_circuit_operator.py
[2024-05-27T21:16:52.760+0000] {processor.py:830} INFO - Processing file /home/airflow/.local/lib/python3.8/site-packages/airflow/example_dags/example_short_circuit_operator.py for tasks to queue
[2024-05-27T21:16:52.762+0000] {logging_mixin.py:188} INFO - [2024-05-27T21:16:52.762+0000] {dagbag.py:545} INFO - Filling up the DagBag from /home/airflow/.local/lib/python3.8/site-packages/airflow/example_dags/example_short_circuit_operator.py
[2024-05-27T21:16:52.770+0000] {processor.py:840} INFO - DAG(s) 'example_short_circuit_operator' retrieved from /home/airflow/.local/lib/python3.8/site-packages/airflow/example_dags/example_short_circuit_operator.py
[2024-05-27T21:16:52.790+0000] {logging_mixin.py:188} INFO - [2024-05-27T21:16:52.790+0000] {dag.py:3096} INFO - Sync 1 DAGs
[2024-05-27T21:16:52.814+0000] {logging_mixin.py:188} INFO - [2024-05-27T21:16:52.814+0000] {dag.py:3954} INFO - Setting next_dagrun for example_short_circuit_operator to 2024-05-26 00:00:00+00:00, run_after=2024-05-27 00:00:00+00:00
[2024-05-27T21:16:52.845+0000] {processor.py:183} INFO - Processing /home/airflow/.local/lib/python3.8/site-packages/airflow/example_dags/example_short_circuit_operator.py took 0.091 seconds
[2024-05-27T21:17:23.287+0000] {processor.py:161} INFO - Started process (PID=1552) to work on /home/airflow/.local/lib/python3.8/site-packages/airflow/example_dags/example_short_circuit_operator.py
[2024-05-27T21:17:23.289+0000] {processor.py:830} INFO - Processing file /home/airflow/.local/lib/python3.8/site-packages/airflow/example_dags/example_short_circuit_operator.py for tasks to queue
[2024-05-27T21:17:23.300+0000] {logging_mixin.py:188} INFO - [2024-05-27T21:17:23.299+0000] {dagbag.py:545} INFO - Filling up the DagBag from /home/airflow/.local/lib/python3.8/site-packages/airflow/example_dags/example_short_circuit_operator.py
[2024-05-27T21:17:23.312+0000] {processor.py:840} INFO - DAG(s) 'example_short_circuit_operator' retrieved from /home/airflow/.local/lib/python3.8/site-packages/airflow/example_dags/example_short_circuit_operator.py
[2024-05-27T21:17:23.360+0000] {logging_mixin.py:188} INFO - [2024-05-27T21:17:23.359+0000] {dag.py:3096} INFO - Sync 1 DAGs
[2024-05-27T21:17:23.419+0000] {logging_mixin.py:188} INFO - [2024-05-27T21:17:23.418+0000] {dag.py:3954} INFO - Setting next_dagrun for example_short_circuit_operator to 2024-05-26 00:00:00+00:00, run_after=2024-05-27 00:00:00+00:00
[2024-05-27T21:17:23.466+0000] {processor.py:183} INFO - Processing /home/airflow/.local/lib/python3.8/site-packages/airflow/example_dags/example_short_circuit_operator.py took 0.188 seconds
[2024-05-27T21:17:55.053+0000] {processor.py:161} INFO - Started process (PID=1628) to work on /home/airflow/.local/lib/python3.8/site-packages/airflow/example_dags/example_short_circuit_operator.py
[2024-05-27T21:17:55.102+0000] {processor.py:830} INFO - Processing file /home/airflow/.local/lib/python3.8/site-packages/airflow/example_dags/example_short_circuit_operator.py for tasks to queue
[2024-05-27T21:17:55.179+0000] {logging_mixin.py:188} INFO - [2024-05-27T21:17:55.168+0000] {dagbag.py:545} INFO - Filling up the DagBag from /home/airflow/.local/lib/python3.8/site-packages/airflow/example_dags/example_short_circuit_operator.py
[2024-05-27T21:17:55.369+0000] {processor.py:840} INFO - DAG(s) 'example_short_circuit_operator' retrieved from /home/airflow/.local/lib/python3.8/site-packages/airflow/example_dags/example_short_circuit_operator.py
[2024-05-27T21:17:56.384+0000] {logging_mixin.py:188} INFO - [2024-05-27T21:17:56.378+0000] {dag.py:3096} INFO - Sync 1 DAGs
[2024-05-27T21:17:56.761+0000] {logging_mixin.py:188} INFO - [2024-05-27T21:17:56.761+0000] {dag.py:3954} INFO - Setting next_dagrun for example_short_circuit_operator to 2024-05-26 00:00:00+00:00, run_after=2024-05-27 00:00:00+00:00
[2024-05-27T21:17:56.911+0000] {processor.py:183} INFO - Processing /home/airflow/.local/lib/python3.8/site-packages/airflow/example_dags/example_short_circuit_operator.py took 2.486 seconds
[2024-05-27T21:18:27.446+0000] {processor.py:161} INFO - Started process (PID=1699) to work on /home/airflow/.local/lib/python3.8/site-packages/airflow/example_dags/example_short_circuit_operator.py
[2024-05-27T21:18:27.447+0000] {processor.py:830} INFO - Processing file /home/airflow/.local/lib/python3.8/site-packages/airflow/example_dags/example_short_circuit_operator.py for tasks to queue
[2024-05-27T21:18:27.450+0000] {logging_mixin.py:188} INFO - [2024-05-27T21:18:27.449+0000] {dagbag.py:545} INFO - Filling up the DagBag from /home/airflow/.local/lib/python3.8/site-packages/airflow/example_dags/example_short_circuit_operator.py
[2024-05-27T21:18:27.460+0000] {processor.py:840} INFO - DAG(s) 'example_short_circuit_operator' retrieved from /home/airflow/.local/lib/python3.8/site-packages/airflow/example_dags/example_short_circuit_operator.py
[2024-05-27T21:18:27.508+0000] {logging_mixin.py:188} INFO - [2024-05-27T21:18:27.507+0000] {dag.py:3096} INFO - Sync 1 DAGs
[2024-05-27T21:18:27.548+0000] {logging_mixin.py:188} INFO - [2024-05-27T21:18:27.547+0000] {dag.py:3954} INFO - Setting next_dagrun for example_short_circuit_operator to 2024-05-26 00:00:00+00:00, run_after=2024-05-27 00:00:00+00:00
[2024-05-27T21:18:27.577+0000] {processor.py:183} INFO - Processing /home/airflow/.local/lib/python3.8/site-packages/airflow/example_dags/example_short_circuit_operator.py took 0.141 seconds
[2024-05-27T21:18:58.335+0000] {processor.py:161} INFO - Started process (PID=1771) to work on /home/airflow/.local/lib/python3.8/site-packages/airflow/example_dags/example_short_circuit_operator.py
[2024-05-27T21:18:58.336+0000] {processor.py:830} INFO - Processing file /home/airflow/.local/lib/python3.8/site-packages/airflow/example_dags/example_short_circuit_operator.py for tasks to queue
[2024-05-27T21:18:58.338+0000] {logging_mixin.py:188} INFO - [2024-05-27T21:18:58.338+0000] {dagbag.py:545} INFO - Filling up the DagBag from /home/airflow/.local/lib/python3.8/site-packages/airflow/example_dags/example_short_circuit_operator.py
[2024-05-27T21:18:58.346+0000] {processor.py:840} INFO - DAG(s) 'example_short_circuit_operator' retrieved from /home/airflow/.local/lib/python3.8/site-packages/airflow/example_dags/example_short_circuit_operator.py
[2024-05-27T21:18:58.373+0000] {logging_mixin.py:188} INFO - [2024-05-27T21:18:58.372+0000] {dag.py:3096} INFO - Sync 1 DAGs
[2024-05-27T21:18:58.394+0000] {logging_mixin.py:188} INFO - [2024-05-27T21:18:58.394+0000] {dag.py:3954} INFO - Setting next_dagrun for example_short_circuit_operator to 2024-05-26 00:00:00+00:00, run_after=2024-05-27 00:00:00+00:00
[2024-05-27T21:18:58.417+0000] {processor.py:183} INFO - Processing /home/airflow/.local/lib/python3.8/site-packages/airflow/example_dags/example_short_circuit_operator.py took 0.088 seconds
[2024-05-27T21:19:29.037+0000] {processor.py:161} INFO - Started process (PID=1841) to work on /home/airflow/.local/lib/python3.8/site-packages/airflow/example_dags/example_short_circuit_operator.py
[2024-05-27T21:19:29.039+0000] {processor.py:830} INFO - Processing file /home/airflow/.local/lib/python3.8/site-packages/airflow/example_dags/example_short_circuit_operator.py for tasks to queue
[2024-05-27T21:19:29.041+0000] {logging_mixin.py:188} INFO - [2024-05-27T21:19:29.041+0000] {dagbag.py:545} INFO - Filling up the DagBag from /home/airflow/.local/lib/python3.8/site-packages/airflow/example_dags/example_short_circuit_operator.py
[2024-05-27T21:19:29.048+0000] {processor.py:840} INFO - DAG(s) 'example_short_circuit_operator' retrieved from /home/airflow/.local/lib/python3.8/site-packages/airflow/example_dags/example_short_circuit_operator.py
[2024-05-27T21:19:29.075+0000] {logging_mixin.py:188} INFO - [2024-05-27T21:19:29.075+0000] {dag.py:3096} INFO - Sync 1 DAGs
[2024-05-27T21:19:29.100+0000] {logging_mixin.py:188} INFO - [2024-05-27T21:19:29.100+0000] {dag.py:3954} INFO - Setting next_dagrun for example_short_circuit_operator to 2024-05-26 00:00:00+00:00, run_after=2024-05-27 00:00:00+00:00
[2024-05-27T21:19:29.131+0000] {processor.py:183} INFO - Processing /home/airflow/.local/lib/python3.8/site-packages/airflow/example_dags/example_short_circuit_operator.py took 0.101 seconds
[2024-05-27T21:19:59.846+0000] {processor.py:161} INFO - Started process (PID=1918) to work on /home/airflow/.local/lib/python3.8/site-packages/airflow/example_dags/example_short_circuit_operator.py
[2024-05-27T21:19:59.848+0000] {processor.py:830} INFO - Processing file /home/airflow/.local/lib/python3.8/site-packages/airflow/example_dags/example_short_circuit_operator.py for tasks to queue
[2024-05-27T21:19:59.851+0000] {logging_mixin.py:188} INFO - [2024-05-27T21:19:59.850+0000] {dagbag.py:545} INFO - Filling up the DagBag from /home/airflow/.local/lib/python3.8/site-packages/airflow/example_dags/example_short_circuit_operator.py
[2024-05-27T21:19:59.861+0000] {processor.py:840} INFO - DAG(s) 'example_short_circuit_operator' retrieved from /home/airflow/.local/lib/python3.8/site-packages/airflow/example_dags/example_short_circuit_operator.py
[2024-05-27T21:19:59.891+0000] {logging_mixin.py:188} INFO - [2024-05-27T21:19:59.891+0000] {dag.py:3096} INFO - Sync 1 DAGs
[2024-05-27T21:19:59.923+0000] {logging_mixin.py:188} INFO - [2024-05-27T21:19:59.923+0000] {dag.py:3954} INFO - Setting next_dagrun for example_short_circuit_operator to 2024-05-26 00:00:00+00:00, run_after=2024-05-27 00:00:00+00:00
[2024-05-27T21:19:59.955+0000] {processor.py:183} INFO - Processing /home/airflow/.local/lib/python3.8/site-packages/airflow/example_dags/example_short_circuit_operator.py took 0.115 seconds
[2024-05-27T21:20:30.741+0000] {processor.py:161} INFO - Started process (PID=1989) to work on /home/airflow/.local/lib/python3.8/site-packages/airflow/example_dags/example_short_circuit_operator.py
[2024-05-27T21:20:30.742+0000] {processor.py:830} INFO - Processing file /home/airflow/.local/lib/python3.8/site-packages/airflow/example_dags/example_short_circuit_operator.py for tasks to queue
[2024-05-27T21:20:30.744+0000] {logging_mixin.py:188} INFO - [2024-05-27T21:20:30.744+0000] {dagbag.py:545} INFO - Filling up the DagBag from /home/airflow/.local/lib/python3.8/site-packages/airflow/example_dags/example_short_circuit_operator.py
[2024-05-27T21:20:30.753+0000] {processor.py:840} INFO - DAG(s) 'example_short_circuit_operator' retrieved from /home/airflow/.local/lib/python3.8/site-packages/airflow/example_dags/example_short_circuit_operator.py
[2024-05-27T21:20:30.783+0000] {logging_mixin.py:188} INFO - [2024-05-27T21:20:30.783+0000] {dag.py:3096} INFO - Sync 1 DAGs
[2024-05-27T21:20:30.807+0000] {logging_mixin.py:188} INFO - [2024-05-27T21:20:30.807+0000] {dag.py:3954} INFO - Setting next_dagrun for example_short_circuit_operator to 2024-05-26 00:00:00+00:00, run_after=2024-05-27 00:00:00+00:00
[2024-05-27T21:20:30.830+0000] {processor.py:183} INFO - Processing /home/airflow/.local/lib/python3.8/site-packages/airflow/example_dags/example_short_circuit_operator.py took 0.096 seconds
[2024-05-27T21:21:01.128+0000] {processor.py:161} INFO - Started process (PID=2061) to work on /home/airflow/.local/lib/python3.8/site-packages/airflow/example_dags/example_short_circuit_operator.py
[2024-05-27T21:21:01.130+0000] {processor.py:830} INFO - Processing file /home/airflow/.local/lib/python3.8/site-packages/airflow/example_dags/example_short_circuit_operator.py for tasks to queue
[2024-05-27T21:21:01.132+0000] {logging_mixin.py:188} INFO - [2024-05-27T21:21:01.132+0000] {dagbag.py:545} INFO - Filling up the DagBag from /home/airflow/.local/lib/python3.8/site-packages/airflow/example_dags/example_short_circuit_operator.py
[2024-05-27T21:21:01.140+0000] {processor.py:840} INFO - DAG(s) 'example_short_circuit_operator' retrieved from /home/airflow/.local/lib/python3.8/site-packages/airflow/example_dags/example_short_circuit_operator.py
[2024-05-27T21:21:01.168+0000] {logging_mixin.py:188} INFO - [2024-05-27T21:21:01.168+0000] {dag.py:3096} INFO - Sync 1 DAGs
[2024-05-27T21:21:01.192+0000] {logging_mixin.py:188} INFO - [2024-05-27T21:21:01.191+0000] {dag.py:3954} INFO - Setting next_dagrun for example_short_circuit_operator to 2024-05-26 00:00:00+00:00, run_after=2024-05-27 00:00:00+00:00
[2024-05-27T21:21:01.217+0000] {processor.py:183} INFO - Processing /home/airflow/.local/lib/python3.8/site-packages/airflow/example_dags/example_short_circuit_operator.py took 0.096 seconds
[2024-05-27T21:21:31.648+0000] {processor.py:161} INFO - Started process (PID=2154) to work on /home/airflow/.local/lib/python3.8/site-packages/airflow/example_dags/example_short_circuit_operator.py
[2024-05-27T21:21:31.650+0000] {processor.py:830} INFO - Processing file /home/airflow/.local/lib/python3.8/site-packages/airflow/example_dags/example_short_circuit_operator.py for tasks to queue
[2024-05-27T21:21:31.662+0000] {logging_mixin.py:188} INFO - [2024-05-27T21:21:31.662+0000] {dagbag.py:545} INFO - Filling up the DagBag from /home/airflow/.local/lib/python3.8/site-packages/airflow/example_dags/example_short_circuit_operator.py
[2024-05-27T21:21:31.699+0000] {processor.py:840} INFO - DAG(s) 'example_short_circuit_operator' retrieved from /home/airflow/.local/lib/python3.8/site-packages/airflow/example_dags/example_short_circuit_operator.py
[2024-05-27T21:21:31.806+0000] {logging_mixin.py:188} INFO - [2024-05-27T21:21:31.803+0000] {dag.py:3096} INFO - Sync 1 DAGs
[2024-05-27T21:21:31.885+0000] {logging_mixin.py:188} INFO - [2024-05-27T21:21:31.885+0000] {dag.py:3954} INFO - Setting next_dagrun for example_short_circuit_operator to 2024-05-26 00:00:00+00:00, run_after=2024-05-27 00:00:00+00:00
[2024-05-27T21:21:31.986+0000] {processor.py:183} INFO - Processing /home/airflow/.local/lib/python3.8/site-packages/airflow/example_dags/example_short_circuit_operator.py took 0.389 seconds
[2024-05-27T21:22:02.237+0000] {processor.py:161} INFO - Started process (PID=2223) to work on /home/airflow/.local/lib/python3.8/site-packages/airflow/example_dags/example_short_circuit_operator.py
[2024-05-27T21:22:02.238+0000] {processor.py:830} INFO - Processing file /home/airflow/.local/lib/python3.8/site-packages/airflow/example_dags/example_short_circuit_operator.py for tasks to queue
[2024-05-27T21:22:02.240+0000] {logging_mixin.py:188} INFO - [2024-05-27T21:22:02.240+0000] {dagbag.py:545} INFO - Filling up the DagBag from /home/airflow/.local/lib/python3.8/site-packages/airflow/example_dags/example_short_circuit_operator.py
[2024-05-27T21:22:02.250+0000] {processor.py:840} INFO - DAG(s) 'example_short_circuit_operator' retrieved from /home/airflow/.local/lib/python3.8/site-packages/airflow/example_dags/example_short_circuit_operator.py
[2024-05-27T21:22:02.279+0000] {logging_mixin.py:188} INFO - [2024-05-27T21:22:02.278+0000] {dag.py:3096} INFO - Sync 1 DAGs
[2024-05-27T21:22:02.302+0000] {logging_mixin.py:188} INFO - [2024-05-27T21:22:02.302+0000] {dag.py:3954} INFO - Setting next_dagrun for example_short_circuit_operator to 2024-05-26 00:00:00+00:00, run_after=2024-05-27 00:00:00+00:00
[2024-05-27T21:22:02.335+0000] {processor.py:183} INFO - Processing /home/airflow/.local/lib/python3.8/site-packages/airflow/example_dags/example_short_circuit_operator.py took 0.106 seconds
[2024-05-27T21:22:33.177+0000] {processor.py:161} INFO - Started process (PID=2301) to work on /home/airflow/.local/lib/python3.8/site-packages/airflow/example_dags/example_short_circuit_operator.py
[2024-05-27T21:22:33.178+0000] {processor.py:830} INFO - Processing file /home/airflow/.local/lib/python3.8/site-packages/airflow/example_dags/example_short_circuit_operator.py for tasks to queue
[2024-05-27T21:22:33.181+0000] {logging_mixin.py:188} INFO - [2024-05-27T21:22:33.180+0000] {dagbag.py:545} INFO - Filling up the DagBag from /home/airflow/.local/lib/python3.8/site-packages/airflow/example_dags/example_short_circuit_operator.py
[2024-05-27T21:22:33.190+0000] {processor.py:840} INFO - DAG(s) 'example_short_circuit_operator' retrieved from /home/airflow/.local/lib/python3.8/site-packages/airflow/example_dags/example_short_circuit_operator.py
[2024-05-27T21:22:33.220+0000] {logging_mixin.py:188} INFO - [2024-05-27T21:22:33.219+0000] {dag.py:3096} INFO - Sync 1 DAGs
[2024-05-27T21:22:33.247+0000] {logging_mixin.py:188} INFO - [2024-05-27T21:22:33.247+0000] {dag.py:3954} INFO - Setting next_dagrun for example_short_circuit_operator to 2024-05-26 00:00:00+00:00, run_after=2024-05-27 00:00:00+00:00
[2024-05-27T21:22:33.271+0000] {processor.py:183} INFO - Processing /home/airflow/.local/lib/python3.8/site-packages/airflow/example_dags/example_short_circuit_operator.py took 0.101 seconds
[2024-05-27T21:23:04.040+0000] {processor.py:161} INFO - Started process (PID=2371) to work on /home/airflow/.local/lib/python3.8/site-packages/airflow/example_dags/example_short_circuit_operator.py
[2024-05-27T21:23:04.041+0000] {processor.py:830} INFO - Processing file /home/airflow/.local/lib/python3.8/site-packages/airflow/example_dags/example_short_circuit_operator.py for tasks to queue
[2024-05-27T21:23:04.043+0000] {logging_mixin.py:188} INFO - [2024-05-27T21:23:04.043+0000] {dagbag.py:545} INFO - Filling up the DagBag from /home/airflow/.local/lib/python3.8/site-packages/airflow/example_dags/example_short_circuit_operator.py
[2024-05-27T21:23:04.052+0000] {processor.py:840} INFO - DAG(s) 'example_short_circuit_operator' retrieved from /home/airflow/.local/lib/python3.8/site-packages/airflow/example_dags/example_short_circuit_operator.py
[2024-05-27T21:23:04.080+0000] {logging_mixin.py:188} INFO - [2024-05-27T21:23:04.080+0000] {dag.py:3096} INFO - Sync 1 DAGs
[2024-05-27T21:23:04.108+0000] {logging_mixin.py:188} INFO - [2024-05-27T21:23:04.107+0000] {dag.py:3954} INFO - Setting next_dagrun for example_short_circuit_operator to 2024-05-26 00:00:00+00:00, run_after=2024-05-27 00:00:00+00:00
[2024-05-27T21:23:04.136+0000] {processor.py:183} INFO - Processing /home/airflow/.local/lib/python3.8/site-packages/airflow/example_dags/example_short_circuit_operator.py took 0.102 seconds
[2024-05-27T21:23:34.713+0000] {processor.py:161} INFO - Started process (PID=2449) to work on /home/airflow/.local/lib/python3.8/site-packages/airflow/example_dags/example_short_circuit_operator.py
[2024-05-27T21:23:34.714+0000] {processor.py:830} INFO - Processing file /home/airflow/.local/lib/python3.8/site-packages/airflow/example_dags/example_short_circuit_operator.py for tasks to queue
[2024-05-27T21:23:34.716+0000] {logging_mixin.py:188} INFO - [2024-05-27T21:23:34.716+0000] {dagbag.py:545} INFO - Filling up the DagBag from /home/airflow/.local/lib/python3.8/site-packages/airflow/example_dags/example_short_circuit_operator.py
[2024-05-27T21:23:34.726+0000] {processor.py:840} INFO - DAG(s) 'example_short_circuit_operator' retrieved from /home/airflow/.local/lib/python3.8/site-packages/airflow/example_dags/example_short_circuit_operator.py
[2024-05-27T21:23:34.756+0000] {logging_mixin.py:188} INFO - [2024-05-27T21:23:34.756+0000] {dag.py:3096} INFO - Sync 1 DAGs
[2024-05-27T21:23:34.783+0000] {logging_mixin.py:188} INFO - [2024-05-27T21:23:34.782+0000] {dag.py:3954} INFO - Setting next_dagrun for example_short_circuit_operator to 2024-05-26 00:00:00+00:00, run_after=2024-05-27 00:00:00+00:00
[2024-05-27T21:23:34.805+0000] {processor.py:183} INFO - Processing /home/airflow/.local/lib/python3.8/site-packages/airflow/example_dags/example_short_circuit_operator.py took 0.101 seconds
[2024-05-27T21:24:05.411+0000] {processor.py:161} INFO - Started process (PID=2519) to work on /home/airflow/.local/lib/python3.8/site-packages/airflow/example_dags/example_short_circuit_operator.py
[2024-05-27T21:24:05.413+0000] {processor.py:830} INFO - Processing file /home/airflow/.local/lib/python3.8/site-packages/airflow/example_dags/example_short_circuit_operator.py for tasks to queue
[2024-05-27T21:24:05.415+0000] {logging_mixin.py:188} INFO - [2024-05-27T21:24:05.415+0000] {dagbag.py:545} INFO - Filling up the DagBag from /home/airflow/.local/lib/python3.8/site-packages/airflow/example_dags/example_short_circuit_operator.py
[2024-05-27T21:24:05.422+0000] {processor.py:840} INFO - DAG(s) 'example_short_circuit_operator' retrieved from /home/airflow/.local/lib/python3.8/site-packages/airflow/example_dags/example_short_circuit_operator.py
[2024-05-27T21:24:05.450+0000] {logging_mixin.py:188} INFO - [2024-05-27T21:24:05.449+0000] {dag.py:3096} INFO - Sync 1 DAGs
[2024-05-27T21:24:05.472+0000] {logging_mixin.py:188} INFO - [2024-05-27T21:24:05.472+0000] {dag.py:3954} INFO - Setting next_dagrun for example_short_circuit_operator to 2024-05-26 00:00:00+00:00, run_after=2024-05-27 00:00:00+00:00
[2024-05-27T21:24:05.494+0000] {processor.py:183} INFO - Processing /home/airflow/.local/lib/python3.8/site-packages/airflow/example_dags/example_short_circuit_operator.py took 0.089 seconds
[2024-05-27T21:24:36.005+0000] {processor.py:161} INFO - Started process (PID=2590) to work on /home/airflow/.local/lib/python3.8/site-packages/airflow/example_dags/example_short_circuit_operator.py
[2024-05-27T21:24:36.006+0000] {processor.py:830} INFO - Processing file /home/airflow/.local/lib/python3.8/site-packages/airflow/example_dags/example_short_circuit_operator.py for tasks to queue
[2024-05-27T21:24:36.008+0000] {logging_mixin.py:188} INFO - [2024-05-27T21:24:36.007+0000] {dagbag.py:545} INFO - Filling up the DagBag from /home/airflow/.local/lib/python3.8/site-packages/airflow/example_dags/example_short_circuit_operator.py
[2024-05-27T21:24:36.016+0000] {processor.py:840} INFO - DAG(s) 'example_short_circuit_operator' retrieved from /home/airflow/.local/lib/python3.8/site-packages/airflow/example_dags/example_short_circuit_operator.py
[2024-05-27T21:24:36.042+0000] {logging_mixin.py:188} INFO - [2024-05-27T21:24:36.041+0000] {dag.py:3096} INFO - Sync 1 DAGs
[2024-05-27T21:24:36.064+0000] {logging_mixin.py:188} INFO - [2024-05-27T21:24:36.063+0000] {dag.py:3954} INFO - Setting next_dagrun for example_short_circuit_operator to 2024-05-26 00:00:00+00:00, run_after=2024-05-27 00:00:00+00:00
[2024-05-27T21:24:36.083+0000] {processor.py:183} INFO - Processing /home/airflow/.local/lib/python3.8/site-packages/airflow/example_dags/example_short_circuit_operator.py took 0.084 seconds
[2024-05-27T21:25:06.518+0000] {processor.py:161} INFO - Started process (PID=2668) to work on /home/airflow/.local/lib/python3.8/site-packages/airflow/example_dags/example_short_circuit_operator.py
[2024-05-27T21:25:06.520+0000] {processor.py:830} INFO - Processing file /home/airflow/.local/lib/python3.8/site-packages/airflow/example_dags/example_short_circuit_operator.py for tasks to queue
[2024-05-27T21:25:06.522+0000] {logging_mixin.py:188} INFO - [2024-05-27T21:25:06.522+0000] {dagbag.py:545} INFO - Filling up the DagBag from /home/airflow/.local/lib/python3.8/site-packages/airflow/example_dags/example_short_circuit_operator.py
[2024-05-27T21:25:06.531+0000] {processor.py:840} INFO - DAG(s) 'example_short_circuit_operator' retrieved from /home/airflow/.local/lib/python3.8/site-packages/airflow/example_dags/example_short_circuit_operator.py
[2024-05-27T21:25:06.559+0000] {logging_mixin.py:188} INFO - [2024-05-27T21:25:06.559+0000] {dag.py:3096} INFO - Sync 1 DAGs
[2024-05-27T21:25:06.585+0000] {logging_mixin.py:188} INFO - [2024-05-27T21:25:06.585+0000] {dag.py:3954} INFO - Setting next_dagrun for example_short_circuit_operator to 2024-05-26 00:00:00+00:00, run_after=2024-05-27 00:00:00+00:00
[2024-05-27T21:25:06.610+0000] {processor.py:183} INFO - Processing /home/airflow/.local/lib/python3.8/site-packages/airflow/example_dags/example_short_circuit_operator.py took 0.099 seconds
