[2024-05-27T20:50:52.855+0000] {processor.py:161} INFO - Started process (PID=56) to work on /home/airflow/.local/lib/python3.8/site-packages/airflow/example_dags/example_sensors.py
[2024-05-27T20:50:52.857+0000] {processor.py:830} INFO - Processing file /home/airflow/.local/lib/python3.8/site-packages/airflow/example_dags/example_sensors.py for tasks to queue
[2024-05-27T20:50:52.859+0000] {logging_mixin.py:188} INFO - [2024-05-27T20:50:52.859+0000] {dagbag.py:545} INFO - Filling up the DagBag from /home/airflow/.local/lib/python3.8/site-packages/airflow/example_dags/example_sensors.py
[2024-05-27T20:50:52.871+0000] {processor.py:840} INFO - DAG(s) 'example_sensors' retrieved from /home/airflow/.local/lib/python3.8/site-packages/airflow/example_dags/example_sensors.py
[2024-05-27T20:50:52.885+0000] {logging_mixin.py:188} INFO - [2024-05-27T20:50:52.885+0000] {dag.py:3096} INFO - Sync 1 DAGs
[2024-05-27T20:50:52.905+0000] {logging_mixin.py:188} INFO - [2024-05-27T20:50:52.904+0000] {dag.py:3954} INFO - Setting next_dagrun for example_sensors to None, run_after=None
[2024-05-27T20:50:52.930+0000] {processor.py:183} INFO - Processing /home/airflow/.local/lib/python3.8/site-packages/airflow/example_dags/example_sensors.py took 0.082 seconds
[2024-05-27T20:51:23.979+0000] {processor.py:161} INFO - Started process (PID=126) to work on /home/airflow/.local/lib/python3.8/site-packages/airflow/example_dags/example_sensors.py
[2024-05-27T20:51:23.981+0000] {processor.py:830} INFO - Processing file /home/airflow/.local/lib/python3.8/site-packages/airflow/example_dags/example_sensors.py for tasks to queue
[2024-05-27T20:51:23.983+0000] {logging_mixin.py:188} INFO - [2024-05-27T20:51:23.983+0000] {dagbag.py:545} INFO - Filling up the DagBag from /home/airflow/.local/lib/python3.8/site-packages/airflow/example_dags/example_sensors.py
[2024-05-27T20:51:23.993+0000] {processor.py:840} INFO - DAG(s) 'example_sensors' retrieved from /home/airflow/.local/lib/python3.8/site-packages/airflow/example_dags/example_sensors.py
[2024-05-27T20:51:24.089+0000] {logging_mixin.py:188} INFO - [2024-05-27T20:51:24.088+0000] {dag.py:3096} INFO - Sync 1 DAGs
[2024-05-27T20:51:24.100+0000] {logging_mixin.py:188} INFO - [2024-05-27T20:51:24.099+0000] {dag.py:3954} INFO - Setting next_dagrun for example_sensors to None, run_after=None
[2024-05-27T20:51:24.122+0000] {processor.py:183} INFO - Processing /home/airflow/.local/lib/python3.8/site-packages/airflow/example_dags/example_sensors.py took 0.150 seconds
[2024-05-27T20:51:54.360+0000] {processor.py:161} INFO - Started process (PID=203) to work on /home/airflow/.local/lib/python3.8/site-packages/airflow/example_dags/example_sensors.py
[2024-05-27T20:51:54.362+0000] {processor.py:830} INFO - Processing file /home/airflow/.local/lib/python3.8/site-packages/airflow/example_dags/example_sensors.py for tasks to queue
[2024-05-27T20:51:54.365+0000] {logging_mixin.py:188} INFO - [2024-05-27T20:51:54.364+0000] {dagbag.py:545} INFO - Filling up the DagBag from /home/airflow/.local/lib/python3.8/site-packages/airflow/example_dags/example_sensors.py
[2024-05-27T20:51:54.376+0000] {processor.py:840} INFO - DAG(s) 'example_sensors' retrieved from /home/airflow/.local/lib/python3.8/site-packages/airflow/example_dags/example_sensors.py
[2024-05-27T20:51:54.407+0000] {logging_mixin.py:188} INFO - [2024-05-27T20:51:54.407+0000] {dag.py:3096} INFO - Sync 1 DAGs
[2024-05-27T20:51:54.422+0000] {logging_mixin.py:188} INFO - [2024-05-27T20:51:54.422+0000] {dag.py:3954} INFO - Setting next_dagrun for example_sensors to None, run_after=None
[2024-05-27T20:51:54.442+0000] {processor.py:183} INFO - Processing /home/airflow/.local/lib/python3.8/site-packages/airflow/example_dags/example_sensors.py took 0.088 seconds
[2024-05-27T20:52:24.826+0000] {processor.py:161} INFO - Started process (PID=272) to work on /home/airflow/.local/lib/python3.8/site-packages/airflow/example_dags/example_sensors.py
[2024-05-27T20:52:24.827+0000] {processor.py:830} INFO - Processing file /home/airflow/.local/lib/python3.8/site-packages/airflow/example_dags/example_sensors.py for tasks to queue
[2024-05-27T20:52:24.829+0000] {logging_mixin.py:188} INFO - [2024-05-27T20:52:24.829+0000] {dagbag.py:545} INFO - Filling up the DagBag from /home/airflow/.local/lib/python3.8/site-packages/airflow/example_dags/example_sensors.py
[2024-05-27T20:52:24.845+0000] {processor.py:840} INFO - DAG(s) 'example_sensors' retrieved from /home/airflow/.local/lib/python3.8/site-packages/airflow/example_dags/example_sensors.py
[2024-05-27T20:52:24.883+0000] {logging_mixin.py:188} INFO - [2024-05-27T20:52:24.883+0000] {dag.py:3096} INFO - Sync 1 DAGs
[2024-05-27T20:52:24.897+0000] {logging_mixin.py:188} INFO - [2024-05-27T20:52:24.896+0000] {dag.py:3954} INFO - Setting next_dagrun for example_sensors to None, run_after=None
[2024-05-27T20:52:24.919+0000] {processor.py:183} INFO - Processing /home/airflow/.local/lib/python3.8/site-packages/airflow/example_dags/example_sensors.py took 0.100 seconds
[2024-05-27T20:52:55.978+0000] {processor.py:161} INFO - Started process (PID=342) to work on /home/airflow/.local/lib/python3.8/site-packages/airflow/example_dags/example_sensors.py
[2024-05-27T20:52:55.980+0000] {processor.py:830} INFO - Processing file /home/airflow/.local/lib/python3.8/site-packages/airflow/example_dags/example_sensors.py for tasks to queue
[2024-05-27T20:52:55.982+0000] {logging_mixin.py:188} INFO - [2024-05-27T20:52:55.982+0000] {dagbag.py:545} INFO - Filling up the DagBag from /home/airflow/.local/lib/python3.8/site-packages/airflow/example_dags/example_sensors.py
[2024-05-27T20:52:55.995+0000] {processor.py:840} INFO - DAG(s) 'example_sensors' retrieved from /home/airflow/.local/lib/python3.8/site-packages/airflow/example_dags/example_sensors.py
[2024-05-27T20:52:56.030+0000] {logging_mixin.py:188} INFO - [2024-05-27T20:52:56.030+0000] {dag.py:3096} INFO - Sync 1 DAGs
[2024-05-27T20:52:56.045+0000] {logging_mixin.py:188} INFO - [2024-05-27T20:52:56.045+0000] {dag.py:3954} INFO - Setting next_dagrun for example_sensors to None, run_after=None
[2024-05-27T20:52:56.064+0000] {processor.py:183} INFO - Processing /home/airflow/.local/lib/python3.8/site-packages/airflow/example_dags/example_sensors.py took 0.092 seconds
[2024-05-27T20:53:27.044+0000] {processor.py:161} INFO - Started process (PID=419) to work on /home/airflow/.local/lib/python3.8/site-packages/airflow/example_dags/example_sensors.py
[2024-05-27T20:53:27.046+0000] {processor.py:830} INFO - Processing file /home/airflow/.local/lib/python3.8/site-packages/airflow/example_dags/example_sensors.py for tasks to queue
[2024-05-27T20:53:27.048+0000] {logging_mixin.py:188} INFO - [2024-05-27T20:53:27.048+0000] {dagbag.py:545} INFO - Filling up the DagBag from /home/airflow/.local/lib/python3.8/site-packages/airflow/example_dags/example_sensors.py
[2024-05-27T20:53:27.058+0000] {processor.py:840} INFO - DAG(s) 'example_sensors' retrieved from /home/airflow/.local/lib/python3.8/site-packages/airflow/example_dags/example_sensors.py
[2024-05-27T20:53:27.091+0000] {logging_mixin.py:188} INFO - [2024-05-27T20:53:27.091+0000] {dag.py:3096} INFO - Sync 1 DAGs
[2024-05-27T20:53:27.104+0000] {logging_mixin.py:188} INFO - [2024-05-27T20:53:27.104+0000] {dag.py:3954} INFO - Setting next_dagrun for example_sensors to None, run_after=None
[2024-05-27T20:53:27.126+0000] {processor.py:183} INFO - Processing /home/airflow/.local/lib/python3.8/site-packages/airflow/example_dags/example_sensors.py took 0.092 seconds
[2024-05-27T20:53:57.702+0000] {processor.py:161} INFO - Started process (PID=489) to work on /home/airflow/.local/lib/python3.8/site-packages/airflow/example_dags/example_sensors.py
[2024-05-27T20:53:57.704+0000] {processor.py:830} INFO - Processing file /home/airflow/.local/lib/python3.8/site-packages/airflow/example_dags/example_sensors.py for tasks to queue
[2024-05-27T20:53:57.706+0000] {logging_mixin.py:188} INFO - [2024-05-27T20:53:57.705+0000] {dagbag.py:545} INFO - Filling up the DagBag from /home/airflow/.local/lib/python3.8/site-packages/airflow/example_dags/example_sensors.py
[2024-05-27T20:53:57.717+0000] {processor.py:840} INFO - DAG(s) 'example_sensors' retrieved from /home/airflow/.local/lib/python3.8/site-packages/airflow/example_dags/example_sensors.py
[2024-05-27T20:53:57.753+0000] {logging_mixin.py:188} INFO - [2024-05-27T20:53:57.753+0000] {dag.py:3096} INFO - Sync 1 DAGs
[2024-05-27T20:53:57.782+0000] {logging_mixin.py:188} INFO - [2024-05-27T20:53:57.781+0000] {dag.py:3954} INFO - Setting next_dagrun for example_sensors to None, run_after=None
[2024-05-27T20:53:57.805+0000] {processor.py:183} INFO - Processing /home/airflow/.local/lib/python3.8/site-packages/airflow/example_dags/example_sensors.py took 0.110 seconds
[2024-05-27T20:54:28.385+0000] {processor.py:161} INFO - Started process (PID=560) to work on /home/airflow/.local/lib/python3.8/site-packages/airflow/example_dags/example_sensors.py
[2024-05-27T20:54:28.387+0000] {processor.py:830} INFO - Processing file /home/airflow/.local/lib/python3.8/site-packages/airflow/example_dags/example_sensors.py for tasks to queue
[2024-05-27T20:54:28.389+0000] {logging_mixin.py:188} INFO - [2024-05-27T20:54:28.389+0000] {dagbag.py:545} INFO - Filling up the DagBag from /home/airflow/.local/lib/python3.8/site-packages/airflow/example_dags/example_sensors.py
[2024-05-27T20:54:28.401+0000] {processor.py:840} INFO - DAG(s) 'example_sensors' retrieved from /home/airflow/.local/lib/python3.8/site-packages/airflow/example_dags/example_sensors.py
[2024-05-27T20:54:28.434+0000] {logging_mixin.py:188} INFO - [2024-05-27T20:54:28.434+0000] {dag.py:3096} INFO - Sync 1 DAGs
[2024-05-27T20:54:28.449+0000] {logging_mixin.py:188} INFO - [2024-05-27T20:54:28.449+0000] {dag.py:3954} INFO - Setting next_dagrun for example_sensors to None, run_after=None
[2024-05-27T20:54:28.472+0000] {processor.py:183} INFO - Processing /home/airflow/.local/lib/python3.8/site-packages/airflow/example_dags/example_sensors.py took 0.095 seconds
[2024-05-27T20:54:58.894+0000] {processor.py:161} INFO - Started process (PID=637) to work on /home/airflow/.local/lib/python3.8/site-packages/airflow/example_dags/example_sensors.py
[2024-05-27T20:54:58.896+0000] {processor.py:830} INFO - Processing file /home/airflow/.local/lib/python3.8/site-packages/airflow/example_dags/example_sensors.py for tasks to queue
[2024-05-27T20:54:58.898+0000] {logging_mixin.py:188} INFO - [2024-05-27T20:54:58.898+0000] {dagbag.py:545} INFO - Filling up the DagBag from /home/airflow/.local/lib/python3.8/site-packages/airflow/example_dags/example_sensors.py
[2024-05-27T20:54:58.910+0000] {processor.py:840} INFO - DAG(s) 'example_sensors' retrieved from /home/airflow/.local/lib/python3.8/site-packages/airflow/example_dags/example_sensors.py
[2024-05-27T20:54:58.939+0000] {logging_mixin.py:188} INFO - [2024-05-27T20:54:58.939+0000] {dag.py:3096} INFO - Sync 1 DAGs
[2024-05-27T20:54:58.951+0000] {logging_mixin.py:188} INFO - [2024-05-27T20:54:58.951+0000] {dag.py:3954} INFO - Setting next_dagrun for example_sensors to None, run_after=None
[2024-05-27T20:54:58.976+0000] {processor.py:183} INFO - Processing /home/airflow/.local/lib/python3.8/site-packages/airflow/example_dags/example_sensors.py took 0.090 seconds
[2024-05-27T20:57:15.671+0000] {processor.py:161} INFO - Started process (PID=56) to work on /home/airflow/.local/lib/python3.8/site-packages/airflow/example_dags/example_sensors.py
[2024-05-27T20:57:15.673+0000] {processor.py:830} INFO - Processing file /home/airflow/.local/lib/python3.8/site-packages/airflow/example_dags/example_sensors.py for tasks to queue
[2024-05-27T20:57:15.675+0000] {logging_mixin.py:188} INFO - [2024-05-27T20:57:15.675+0000] {dagbag.py:545} INFO - Filling up the DagBag from /home/airflow/.local/lib/python3.8/site-packages/airflow/example_dags/example_sensors.py
[2024-05-27T20:57:15.691+0000] {processor.py:840} INFO - DAG(s) 'example_sensors' retrieved from /home/airflow/.local/lib/python3.8/site-packages/airflow/example_dags/example_sensors.py
[2024-05-27T20:57:15.706+0000] {logging_mixin.py:188} INFO - [2024-05-27T20:57:15.706+0000] {dag.py:3096} INFO - Sync 1 DAGs
[2024-05-27T20:57:15.723+0000] {logging_mixin.py:188} INFO - [2024-05-27T20:57:15.723+0000] {dag.py:3954} INFO - Setting next_dagrun for example_sensors to None, run_after=None
[2024-05-27T20:57:15.751+0000] {processor.py:183} INFO - Processing /home/airflow/.local/lib/python3.8/site-packages/airflow/example_dags/example_sensors.py took 0.088 seconds
[2024-05-27T20:57:46.541+0000] {processor.py:161} INFO - Started process (PID=127) to work on /home/airflow/.local/lib/python3.8/site-packages/airflow/example_dags/example_sensors.py
[2024-05-27T20:57:46.543+0000] {processor.py:830} INFO - Processing file /home/airflow/.local/lib/python3.8/site-packages/airflow/example_dags/example_sensors.py for tasks to queue
[2024-05-27T20:57:46.545+0000] {logging_mixin.py:188} INFO - [2024-05-27T20:57:46.545+0000] {dagbag.py:545} INFO - Filling up the DagBag from /home/airflow/.local/lib/python3.8/site-packages/airflow/example_dags/example_sensors.py
[2024-05-27T20:57:46.555+0000] {processor.py:840} INFO - DAG(s) 'example_sensors' retrieved from /home/airflow/.local/lib/python3.8/site-packages/airflow/example_dags/example_sensors.py
[2024-05-27T20:57:46.669+0000] {logging_mixin.py:188} INFO - [2024-05-27T20:57:46.669+0000] {dag.py:3096} INFO - Sync 1 DAGs
[2024-05-27T20:57:46.679+0000] {logging_mixin.py:188} INFO - [2024-05-27T20:57:46.679+0000] {dag.py:3954} INFO - Setting next_dagrun for example_sensors to None, run_after=None
[2024-05-27T20:57:46.700+0000] {processor.py:183} INFO - Processing /home/airflow/.local/lib/python3.8/site-packages/airflow/example_dags/example_sensors.py took 0.168 seconds
[2024-05-27T20:58:17.474+0000] {processor.py:161} INFO - Started process (PID=206) to work on /home/airflow/.local/lib/python3.8/site-packages/airflow/example_dags/example_sensors.py
[2024-05-27T20:58:17.476+0000] {processor.py:830} INFO - Processing file /home/airflow/.local/lib/python3.8/site-packages/airflow/example_dags/example_sensors.py for tasks to queue
[2024-05-27T20:58:17.479+0000] {logging_mixin.py:188} INFO - [2024-05-27T20:58:17.478+0000] {dagbag.py:545} INFO - Filling up the DagBag from /home/airflow/.local/lib/python3.8/site-packages/airflow/example_dags/example_sensors.py
[2024-05-27T20:58:17.492+0000] {processor.py:840} INFO - DAG(s) 'example_sensors' retrieved from /home/airflow/.local/lib/python3.8/site-packages/airflow/example_dags/example_sensors.py
[2024-05-27T20:58:17.531+0000] {logging_mixin.py:188} INFO - [2024-05-27T20:58:17.530+0000] {dag.py:3096} INFO - Sync 1 DAGs
[2024-05-27T20:58:17.551+0000] {logging_mixin.py:188} INFO - [2024-05-27T20:58:17.550+0000] {dag.py:3954} INFO - Setting next_dagrun for example_sensors to None, run_after=None
[2024-05-27T20:58:17.581+0000] {processor.py:183} INFO - Processing /home/airflow/.local/lib/python3.8/site-packages/airflow/example_dags/example_sensors.py took 0.114 seconds
[2024-05-27T20:58:47.632+0000] {processor.py:161} INFO - Started process (PID=276) to work on /home/airflow/.local/lib/python3.8/site-packages/airflow/example_dags/example_sensors.py
[2024-05-27T20:58:47.633+0000] {processor.py:830} INFO - Processing file /home/airflow/.local/lib/python3.8/site-packages/airflow/example_dags/example_sensors.py for tasks to queue
[2024-05-27T20:58:47.635+0000] {logging_mixin.py:188} INFO - [2024-05-27T20:58:47.635+0000] {dagbag.py:545} INFO - Filling up the DagBag from /home/airflow/.local/lib/python3.8/site-packages/airflow/example_dags/example_sensors.py
[2024-05-27T20:58:47.643+0000] {processor.py:840} INFO - DAG(s) 'example_sensors' retrieved from /home/airflow/.local/lib/python3.8/site-packages/airflow/example_dags/example_sensors.py
[2024-05-27T20:58:47.670+0000] {logging_mixin.py:188} INFO - [2024-05-27T20:58:47.669+0000] {dag.py:3096} INFO - Sync 1 DAGs
[2024-05-27T20:58:47.680+0000] {logging_mixin.py:188} INFO - [2024-05-27T20:58:47.680+0000] {dag.py:3954} INFO - Setting next_dagrun for example_sensors to None, run_after=None
[2024-05-27T20:58:47.699+0000] {processor.py:183} INFO - Processing /home/airflow/.local/lib/python3.8/site-packages/airflow/example_dags/example_sensors.py took 0.073 seconds
[2024-05-27T20:59:18.263+0000] {processor.py:161} INFO - Started process (PID=346) to work on /home/airflow/.local/lib/python3.8/site-packages/airflow/example_dags/example_sensors.py
[2024-05-27T20:59:18.264+0000] {processor.py:830} INFO - Processing file /home/airflow/.local/lib/python3.8/site-packages/airflow/example_dags/example_sensors.py for tasks to queue
[2024-05-27T20:59:18.266+0000] {logging_mixin.py:188} INFO - [2024-05-27T20:59:18.266+0000] {dagbag.py:545} INFO - Filling up the DagBag from /home/airflow/.local/lib/python3.8/site-packages/airflow/example_dags/example_sensors.py
[2024-05-27T20:59:18.275+0000] {processor.py:840} INFO - DAG(s) 'example_sensors' retrieved from /home/airflow/.local/lib/python3.8/site-packages/airflow/example_dags/example_sensors.py
[2024-05-27T20:59:18.300+0000] {logging_mixin.py:188} INFO - [2024-05-27T20:59:18.299+0000] {dag.py:3096} INFO - Sync 1 DAGs
[2024-05-27T20:59:18.310+0000] {logging_mixin.py:188} INFO - [2024-05-27T20:59:18.310+0000] {dag.py:3954} INFO - Setting next_dagrun for example_sensors to None, run_after=None
[2024-05-27T20:59:18.329+0000] {processor.py:183} INFO - Processing /home/airflow/.local/lib/python3.8/site-packages/airflow/example_dags/example_sensors.py took 0.072 seconds
[2024-05-27T20:59:48.642+0000] {processor.py:161} INFO - Started process (PID=424) to work on /home/airflow/.local/lib/python3.8/site-packages/airflow/example_dags/example_sensors.py
[2024-05-27T20:59:48.643+0000] {processor.py:830} INFO - Processing file /home/airflow/.local/lib/python3.8/site-packages/airflow/example_dags/example_sensors.py for tasks to queue
[2024-05-27T20:59:48.645+0000] {logging_mixin.py:188} INFO - [2024-05-27T20:59:48.644+0000] {dagbag.py:545} INFO - Filling up the DagBag from /home/airflow/.local/lib/python3.8/site-packages/airflow/example_dags/example_sensors.py
[2024-05-27T20:59:48.656+0000] {processor.py:840} INFO - DAG(s) 'example_sensors' retrieved from /home/airflow/.local/lib/python3.8/site-packages/airflow/example_dags/example_sensors.py
[2024-05-27T20:59:48.689+0000] {logging_mixin.py:188} INFO - [2024-05-27T20:59:48.688+0000] {dag.py:3096} INFO - Sync 1 DAGs
[2024-05-27T20:59:48.705+0000] {logging_mixin.py:188} INFO - [2024-05-27T20:59:48.704+0000] {dag.py:3954} INFO - Setting next_dagrun for example_sensors to None, run_after=None
[2024-05-27T20:59:48.728+0000] {processor.py:183} INFO - Processing /home/airflow/.local/lib/python3.8/site-packages/airflow/example_dags/example_sensors.py took 0.096 seconds
[2024-05-27T21:00:19.049+0000] {processor.py:161} INFO - Started process (PID=494) to work on /home/airflow/.local/lib/python3.8/site-packages/airflow/example_dags/example_sensors.py
[2024-05-27T21:00:19.051+0000] {processor.py:830} INFO - Processing file /home/airflow/.local/lib/python3.8/site-packages/airflow/example_dags/example_sensors.py for tasks to queue
[2024-05-27T21:00:19.053+0000] {logging_mixin.py:188} INFO - [2024-05-27T21:00:19.053+0000] {dagbag.py:545} INFO - Filling up the DagBag from /home/airflow/.local/lib/python3.8/site-packages/airflow/example_dags/example_sensors.py
[2024-05-27T21:00:19.062+0000] {processor.py:840} INFO - DAG(s) 'example_sensors' retrieved from /home/airflow/.local/lib/python3.8/site-packages/airflow/example_dags/example_sensors.py
[2024-05-27T21:00:19.088+0000] {logging_mixin.py:188} INFO - [2024-05-27T21:00:19.088+0000] {dag.py:3096} INFO - Sync 1 DAGs
[2024-05-27T21:00:19.101+0000] {logging_mixin.py:188} INFO - [2024-05-27T21:00:19.100+0000] {dag.py:3954} INFO - Setting next_dagrun for example_sensors to None, run_after=None
[2024-05-27T21:00:19.124+0000] {processor.py:183} INFO - Processing /home/airflow/.local/lib/python3.8/site-packages/airflow/example_dags/example_sensors.py took 0.081 seconds
[2024-05-27T21:00:49.499+0000] {processor.py:161} INFO - Started process (PID=564) to work on /home/airflow/.local/lib/python3.8/site-packages/airflow/example_dags/example_sensors.py
[2024-05-27T21:00:49.500+0000] {processor.py:830} INFO - Processing file /home/airflow/.local/lib/python3.8/site-packages/airflow/example_dags/example_sensors.py for tasks to queue
[2024-05-27T21:00:49.503+0000] {logging_mixin.py:188} INFO - [2024-05-27T21:00:49.503+0000] {dagbag.py:545} INFO - Filling up the DagBag from /home/airflow/.local/lib/python3.8/site-packages/airflow/example_dags/example_sensors.py
[2024-05-27T21:00:49.512+0000] {processor.py:840} INFO - DAG(s) 'example_sensors' retrieved from /home/airflow/.local/lib/python3.8/site-packages/airflow/example_dags/example_sensors.py
[2024-05-27T21:00:49.538+0000] {logging_mixin.py:188} INFO - [2024-05-27T21:00:49.537+0000] {dag.py:3096} INFO - Sync 1 DAGs
[2024-05-27T21:00:49.549+0000] {logging_mixin.py:188} INFO - [2024-05-27T21:00:49.549+0000] {dag.py:3954} INFO - Setting next_dagrun for example_sensors to None, run_after=None
[2024-05-27T21:00:49.568+0000] {processor.py:183} INFO - Processing /home/airflow/.local/lib/python3.8/site-packages/airflow/example_dags/example_sensors.py took 0.077 seconds
[2024-05-27T21:01:20.045+0000] {processor.py:161} INFO - Started process (PID=642) to work on /home/airflow/.local/lib/python3.8/site-packages/airflow/example_dags/example_sensors.py
[2024-05-27T21:01:20.046+0000] {processor.py:830} INFO - Processing file /home/airflow/.local/lib/python3.8/site-packages/airflow/example_dags/example_sensors.py for tasks to queue
[2024-05-27T21:01:20.048+0000] {logging_mixin.py:188} INFO - [2024-05-27T21:01:20.048+0000] {dagbag.py:545} INFO - Filling up the DagBag from /home/airflow/.local/lib/python3.8/site-packages/airflow/example_dags/example_sensors.py
[2024-05-27T21:01:20.056+0000] {processor.py:840} INFO - DAG(s) 'example_sensors' retrieved from /home/airflow/.local/lib/python3.8/site-packages/airflow/example_dags/example_sensors.py
[2024-05-27T21:01:20.087+0000] {logging_mixin.py:188} INFO - [2024-05-27T21:01:20.087+0000] {dag.py:3096} INFO - Sync 1 DAGs
[2024-05-27T21:01:20.102+0000] {logging_mixin.py:188} INFO - [2024-05-27T21:01:20.102+0000] {dag.py:3954} INFO - Setting next_dagrun for example_sensors to None, run_after=None
[2024-05-27T21:01:20.131+0000] {processor.py:183} INFO - Processing /home/airflow/.local/lib/python3.8/site-packages/airflow/example_dags/example_sensors.py took 0.093 seconds
[2024-05-27T21:01:50.746+0000] {processor.py:161} INFO - Started process (PID=712) to work on /home/airflow/.local/lib/python3.8/site-packages/airflow/example_dags/example_sensors.py
[2024-05-27T21:01:50.748+0000] {processor.py:830} INFO - Processing file /home/airflow/.local/lib/python3.8/site-packages/airflow/example_dags/example_sensors.py for tasks to queue
[2024-05-27T21:01:50.751+0000] {logging_mixin.py:188} INFO - [2024-05-27T21:01:50.750+0000] {dagbag.py:545} INFO - Filling up the DagBag from /home/airflow/.local/lib/python3.8/site-packages/airflow/example_dags/example_sensors.py
[2024-05-27T21:01:50.763+0000] {processor.py:840} INFO - DAG(s) 'example_sensors' retrieved from /home/airflow/.local/lib/python3.8/site-packages/airflow/example_dags/example_sensors.py
[2024-05-27T21:01:50.796+0000] {logging_mixin.py:188} INFO - [2024-05-27T21:01:50.795+0000] {dag.py:3096} INFO - Sync 1 DAGs
[2024-05-27T21:01:50.816+0000] {logging_mixin.py:188} INFO - [2024-05-27T21:01:50.816+0000] {dag.py:3954} INFO - Setting next_dagrun for example_sensors to None, run_after=None
[2024-05-27T21:01:50.854+0000] {processor.py:183} INFO - Processing /home/airflow/.local/lib/python3.8/site-packages/airflow/example_dags/example_sensors.py took 0.116 seconds
[2024-05-27T21:06:41.409+0000] {processor.py:161} INFO - Started process (PID=64) to work on /home/airflow/.local/lib/python3.8/site-packages/airflow/example_dags/example_sensors.py
[2024-05-27T21:06:41.414+0000] {processor.py:830} INFO - Processing file /home/airflow/.local/lib/python3.8/site-packages/airflow/example_dags/example_sensors.py for tasks to queue
[2024-05-27T21:06:41.421+0000] {logging_mixin.py:188} INFO - [2024-05-27T21:06:41.420+0000] {dagbag.py:545} INFO - Filling up the DagBag from /home/airflow/.local/lib/python3.8/site-packages/airflow/example_dags/example_sensors.py
[2024-05-27T21:06:41.455+0000] {processor.py:840} INFO - DAG(s) 'example_sensors' retrieved from /home/airflow/.local/lib/python3.8/site-packages/airflow/example_dags/example_sensors.py
[2024-05-27T21:06:41.785+0000] {logging_mixin.py:188} INFO - [2024-05-27T21:06:41.785+0000] {dag.py:3096} INFO - Sync 1 DAGs
[2024-05-27T21:06:41.828+0000] {logging_mixin.py:188} INFO - [2024-05-27T21:06:41.828+0000] {dag.py:3954} INFO - Setting next_dagrun for example_sensors to None, run_after=None
[2024-05-27T21:06:41.891+0000] {processor.py:183} INFO - Processing /home/airflow/.local/lib/python3.8/site-packages/airflow/example_dags/example_sensors.py took 0.506 seconds
[2024-05-27T21:07:12.765+0000] {processor.py:161} INFO - Started process (PID=134) to work on /home/airflow/.local/lib/python3.8/site-packages/airflow/example_dags/example_sensors.py
[2024-05-27T21:07:12.784+0000] {processor.py:830} INFO - Processing file /home/airflow/.local/lib/python3.8/site-packages/airflow/example_dags/example_sensors.py for tasks to queue
[2024-05-27T21:07:12.801+0000] {logging_mixin.py:188} INFO - [2024-05-27T21:07:12.787+0000] {dagbag.py:545} INFO - Filling up the DagBag from /home/airflow/.local/lib/python3.8/site-packages/airflow/example_dags/example_sensors.py
[2024-05-27T21:07:12.838+0000] {processor.py:840} INFO - DAG(s) 'example_sensors' retrieved from /home/airflow/.local/lib/python3.8/site-packages/airflow/example_dags/example_sensors.py
[2024-05-27T21:07:12.958+0000] {logging_mixin.py:188} INFO - [2024-05-27T21:07:12.957+0000] {dag.py:3096} INFO - Sync 1 DAGs
[2024-05-27T21:07:13.009+0000] {logging_mixin.py:188} INFO - [2024-05-27T21:07:13.008+0000] {dag.py:3954} INFO - Setting next_dagrun for example_sensors to None, run_after=None
[2024-05-27T21:07:13.076+0000] {processor.py:183} INFO - Processing /home/airflow/.local/lib/python3.8/site-packages/airflow/example_dags/example_sensors.py took 0.330 seconds
[2024-05-27T21:07:43.501+0000] {processor.py:161} INFO - Started process (PID=204) to work on /home/airflow/.local/lib/python3.8/site-packages/airflow/example_dags/example_sensors.py
[2024-05-27T21:07:43.512+0000] {processor.py:830} INFO - Processing file /home/airflow/.local/lib/python3.8/site-packages/airflow/example_dags/example_sensors.py for tasks to queue
[2024-05-27T21:07:43.517+0000] {logging_mixin.py:188} INFO - [2024-05-27T21:07:43.517+0000] {dagbag.py:545} INFO - Filling up the DagBag from /home/airflow/.local/lib/python3.8/site-packages/airflow/example_dags/example_sensors.py
[2024-05-27T21:07:43.569+0000] {processor.py:840} INFO - DAG(s) 'example_sensors' retrieved from /home/airflow/.local/lib/python3.8/site-packages/airflow/example_dags/example_sensors.py
[2024-05-27T21:07:43.685+0000] {logging_mixin.py:188} INFO - [2024-05-27T21:07:43.685+0000] {dag.py:3096} INFO - Sync 1 DAGs
[2024-05-27T21:07:43.730+0000] {logging_mixin.py:188} INFO - [2024-05-27T21:07:43.729+0000] {dag.py:3954} INFO - Setting next_dagrun for example_sensors to None, run_after=None
[2024-05-27T21:07:43.787+0000] {processor.py:183} INFO - Processing /home/airflow/.local/lib/python3.8/site-packages/airflow/example_dags/example_sensors.py took 0.305 seconds
[2024-05-27T21:08:13.955+0000] {processor.py:161} INFO - Started process (PID=273) to work on /home/airflow/.local/lib/python3.8/site-packages/airflow/example_dags/example_sensors.py
[2024-05-27T21:08:13.959+0000] {processor.py:830} INFO - Processing file /home/airflow/.local/lib/python3.8/site-packages/airflow/example_dags/example_sensors.py for tasks to queue
[2024-05-27T21:08:13.968+0000] {logging_mixin.py:188} INFO - [2024-05-27T21:08:13.967+0000] {dagbag.py:545} INFO - Filling up the DagBag from /home/airflow/.local/lib/python3.8/site-packages/airflow/example_dags/example_sensors.py
[2024-05-27T21:08:13.985+0000] {processor.py:840} INFO - DAG(s) 'example_sensors' retrieved from /home/airflow/.local/lib/python3.8/site-packages/airflow/example_dags/example_sensors.py
[2024-05-27T21:08:14.065+0000] {logging_mixin.py:188} INFO - [2024-05-27T21:08:14.065+0000] {dag.py:3096} INFO - Sync 1 DAGs
[2024-05-27T21:08:14.107+0000] {logging_mixin.py:188} INFO - [2024-05-27T21:08:14.106+0000] {dag.py:3954} INFO - Setting next_dagrun for example_sensors to None, run_after=None
[2024-05-27T21:08:14.169+0000] {processor.py:183} INFO - Processing /home/airflow/.local/lib/python3.8/site-packages/airflow/example_dags/example_sensors.py took 0.225 seconds
[2024-05-27T21:08:45.510+0000] {processor.py:161} INFO - Started process (PID=343) to work on /home/airflow/.local/lib/python3.8/site-packages/airflow/example_dags/example_sensors.py
[2024-05-27T21:08:45.513+0000] {processor.py:830} INFO - Processing file /home/airflow/.local/lib/python3.8/site-packages/airflow/example_dags/example_sensors.py for tasks to queue
[2024-05-27T21:08:45.520+0000] {logging_mixin.py:188} INFO - [2024-05-27T21:08:45.518+0000] {dagbag.py:545} INFO - Filling up the DagBag from /home/airflow/.local/lib/python3.8/site-packages/airflow/example_dags/example_sensors.py
[2024-05-27T21:08:45.545+0000] {processor.py:840} INFO - DAG(s) 'example_sensors' retrieved from /home/airflow/.local/lib/python3.8/site-packages/airflow/example_dags/example_sensors.py
[2024-05-27T21:08:45.615+0000] {logging_mixin.py:188} INFO - [2024-05-27T21:08:45.614+0000] {dag.py:3096} INFO - Sync 1 DAGs
[2024-05-27T21:08:45.652+0000] {logging_mixin.py:188} INFO - [2024-05-27T21:08:45.652+0000] {dag.py:3954} INFO - Setting next_dagrun for example_sensors to None, run_after=None
[2024-05-27T21:08:45.704+0000] {processor.py:183} INFO - Processing /home/airflow/.local/lib/python3.8/site-packages/airflow/example_dags/example_sensors.py took 0.223 seconds
[2024-05-27T21:09:16.931+0000] {processor.py:161} INFO - Started process (PID=415) to work on /home/airflow/.local/lib/python3.8/site-packages/airflow/example_dags/example_sensors.py
[2024-05-27T21:09:16.934+0000] {processor.py:830} INFO - Processing file /home/airflow/.local/lib/python3.8/site-packages/airflow/example_dags/example_sensors.py for tasks to queue
[2024-05-27T21:09:16.937+0000] {logging_mixin.py:188} INFO - [2024-05-27T21:09:16.936+0000] {dagbag.py:545} INFO - Filling up the DagBag from /home/airflow/.local/lib/python3.8/site-packages/airflow/example_dags/example_sensors.py
[2024-05-27T21:09:16.956+0000] {processor.py:840} INFO - DAG(s) 'example_sensors' retrieved from /home/airflow/.local/lib/python3.8/site-packages/airflow/example_dags/example_sensors.py
[2024-05-27T21:09:17.008+0000] {logging_mixin.py:188} INFO - [2024-05-27T21:09:17.007+0000] {dag.py:3096} INFO - Sync 1 DAGs
[2024-05-27T21:09:17.035+0000] {logging_mixin.py:188} INFO - [2024-05-27T21:09:17.034+0000] {dag.py:3954} INFO - Setting next_dagrun for example_sensors to None, run_after=None
[2024-05-27T21:09:17.081+0000] {processor.py:183} INFO - Processing /home/airflow/.local/lib/python3.8/site-packages/airflow/example_dags/example_sensors.py took 0.165 seconds
[2024-05-27T21:09:47.311+0000] {processor.py:161} INFO - Started process (PID=483) to work on /home/airflow/.local/lib/python3.8/site-packages/airflow/example_dags/example_sensors.py
[2024-05-27T21:09:47.314+0000] {processor.py:830} INFO - Processing file /home/airflow/.local/lib/python3.8/site-packages/airflow/example_dags/example_sensors.py for tasks to queue
[2024-05-27T21:09:47.320+0000] {logging_mixin.py:188} INFO - [2024-05-27T21:09:47.318+0000] {dagbag.py:545} INFO - Filling up the DagBag from /home/airflow/.local/lib/python3.8/site-packages/airflow/example_dags/example_sensors.py
[2024-05-27T21:09:47.339+0000] {processor.py:840} INFO - DAG(s) 'example_sensors' retrieved from /home/airflow/.local/lib/python3.8/site-packages/airflow/example_dags/example_sensors.py
[2024-05-27T21:09:47.395+0000] {logging_mixin.py:188} INFO - [2024-05-27T21:09:47.395+0000] {dag.py:3096} INFO - Sync 1 DAGs
[2024-05-27T21:09:47.428+0000] {logging_mixin.py:188} INFO - [2024-05-27T21:09:47.428+0000] {dag.py:3954} INFO - Setting next_dagrun for example_sensors to None, run_after=None
[2024-05-27T21:09:47.477+0000] {processor.py:183} INFO - Processing /home/airflow/.local/lib/python3.8/site-packages/airflow/example_dags/example_sensors.py took 0.179 seconds
[2024-05-27T21:10:18.011+0000] {processor.py:161} INFO - Started process (PID=553) to work on /home/airflow/.local/lib/python3.8/site-packages/airflow/example_dags/example_sensors.py
[2024-05-27T21:10:18.013+0000] {processor.py:830} INFO - Processing file /home/airflow/.local/lib/python3.8/site-packages/airflow/example_dags/example_sensors.py for tasks to queue
[2024-05-27T21:10:18.021+0000] {logging_mixin.py:188} INFO - [2024-05-27T21:10:18.020+0000] {dagbag.py:545} INFO - Filling up the DagBag from /home/airflow/.local/lib/python3.8/site-packages/airflow/example_dags/example_sensors.py
[2024-05-27T21:10:18.051+0000] {processor.py:840} INFO - DAG(s) 'example_sensors' retrieved from /home/airflow/.local/lib/python3.8/site-packages/airflow/example_dags/example_sensors.py
[2024-05-27T21:10:18.122+0000] {logging_mixin.py:188} INFO - [2024-05-27T21:10:18.121+0000] {dag.py:3096} INFO - Sync 1 DAGs
[2024-05-27T21:10:18.183+0000] {logging_mixin.py:188} INFO - [2024-05-27T21:10:18.182+0000] {dag.py:3954} INFO - Setting next_dagrun for example_sensors to None, run_after=None
[2024-05-27T21:10:18.222+0000] {processor.py:183} INFO - Processing /home/airflow/.local/lib/python3.8/site-packages/airflow/example_dags/example_sensors.py took 0.229 seconds
[2024-05-27T21:10:48.499+0000] {processor.py:161} INFO - Started process (PID=616) to work on /home/airflow/.local/lib/python3.8/site-packages/airflow/example_dags/example_sensors.py
[2024-05-27T21:10:48.500+0000] {processor.py:830} INFO - Processing file /home/airflow/.local/lib/python3.8/site-packages/airflow/example_dags/example_sensors.py for tasks to queue
[2024-05-27T21:10:48.503+0000] {logging_mixin.py:188} INFO - [2024-05-27T21:10:48.503+0000] {dagbag.py:545} INFO - Filling up the DagBag from /home/airflow/.local/lib/python3.8/site-packages/airflow/example_dags/example_sensors.py
[2024-05-27T21:10:48.514+0000] {processor.py:840} INFO - DAG(s) 'example_sensors' retrieved from /home/airflow/.local/lib/python3.8/site-packages/airflow/example_dags/example_sensors.py
[2024-05-27T21:10:48.549+0000] {logging_mixin.py:188} INFO - [2024-05-27T21:10:48.549+0000] {dag.py:3096} INFO - Sync 1 DAGs
[2024-05-27T21:10:48.566+0000] {logging_mixin.py:188} INFO - [2024-05-27T21:10:48.565+0000] {dag.py:3954} INFO - Setting next_dagrun for example_sensors to None, run_after=None
[2024-05-27T21:10:48.601+0000] {processor.py:183} INFO - Processing /home/airflow/.local/lib/python3.8/site-packages/airflow/example_dags/example_sensors.py took 0.112 seconds
[2024-05-27T21:11:19.327+0000] {processor.py:161} INFO - Started process (PID=693) to work on /home/airflow/.local/lib/python3.8/site-packages/airflow/example_dags/example_sensors.py
[2024-05-27T21:11:19.329+0000] {processor.py:830} INFO - Processing file /home/airflow/.local/lib/python3.8/site-packages/airflow/example_dags/example_sensors.py for tasks to queue
[2024-05-27T21:11:19.332+0000] {logging_mixin.py:188} INFO - [2024-05-27T21:11:19.332+0000] {dagbag.py:545} INFO - Filling up the DagBag from /home/airflow/.local/lib/python3.8/site-packages/airflow/example_dags/example_sensors.py
[2024-05-27T21:11:19.350+0000] {processor.py:840} INFO - DAG(s) 'example_sensors' retrieved from /home/airflow/.local/lib/python3.8/site-packages/airflow/example_dags/example_sensors.py
[2024-05-27T21:11:19.403+0000] {logging_mixin.py:188} INFO - [2024-05-27T21:11:19.402+0000] {dag.py:3096} INFO - Sync 1 DAGs
[2024-05-27T21:11:19.446+0000] {logging_mixin.py:188} INFO - [2024-05-27T21:11:19.446+0000] {dag.py:3954} INFO - Setting next_dagrun for example_sensors to None, run_after=None
[2024-05-27T21:11:19.488+0000] {processor.py:183} INFO - Processing /home/airflow/.local/lib/python3.8/site-packages/airflow/example_dags/example_sensors.py took 0.172 seconds
[2024-05-27T21:11:49.969+0000] {processor.py:161} INFO - Started process (PID=763) to work on /home/airflow/.local/lib/python3.8/site-packages/airflow/example_dags/example_sensors.py
[2024-05-27T21:11:49.971+0000] {processor.py:830} INFO - Processing file /home/airflow/.local/lib/python3.8/site-packages/airflow/example_dags/example_sensors.py for tasks to queue
[2024-05-27T21:11:49.973+0000] {logging_mixin.py:188} INFO - [2024-05-27T21:11:49.973+0000] {dagbag.py:545} INFO - Filling up the DagBag from /home/airflow/.local/lib/python3.8/site-packages/airflow/example_dags/example_sensors.py
[2024-05-27T21:11:49.992+0000] {processor.py:840} INFO - DAG(s) 'example_sensors' retrieved from /home/airflow/.local/lib/python3.8/site-packages/airflow/example_dags/example_sensors.py
[2024-05-27T21:11:50.074+0000] {logging_mixin.py:188} INFO - [2024-05-27T21:11:50.074+0000] {dag.py:3096} INFO - Sync 1 DAGs
[2024-05-27T21:11:50.100+0000] {logging_mixin.py:188} INFO - [2024-05-27T21:11:50.099+0000] {dag.py:3954} INFO - Setting next_dagrun for example_sensors to None, run_after=None
[2024-05-27T21:11:50.147+0000] {processor.py:183} INFO - Processing /home/airflow/.local/lib/python3.8/site-packages/airflow/example_dags/example_sensors.py took 0.190 seconds
[2024-05-27T21:12:20.216+0000] {processor.py:161} INFO - Started process (PID=834) to work on /home/airflow/.local/lib/python3.8/site-packages/airflow/example_dags/example_sensors.py
[2024-05-27T21:12:20.217+0000] {processor.py:830} INFO - Processing file /home/airflow/.local/lib/python3.8/site-packages/airflow/example_dags/example_sensors.py for tasks to queue
[2024-05-27T21:12:20.219+0000] {logging_mixin.py:188} INFO - [2024-05-27T21:12:20.219+0000] {dagbag.py:545} INFO - Filling up the DagBag from /home/airflow/.local/lib/python3.8/site-packages/airflow/example_dags/example_sensors.py
[2024-05-27T21:12:20.230+0000] {processor.py:840} INFO - DAG(s) 'example_sensors' retrieved from /home/airflow/.local/lib/python3.8/site-packages/airflow/example_dags/example_sensors.py
[2024-05-27T21:12:20.264+0000] {logging_mixin.py:188} INFO - [2024-05-27T21:12:20.264+0000] {dag.py:3096} INFO - Sync 1 DAGs
[2024-05-27T21:12:20.278+0000] {logging_mixin.py:188} INFO - [2024-05-27T21:12:20.278+0000] {dag.py:3954} INFO - Setting next_dagrun for example_sensors to None, run_after=None
[2024-05-27T21:12:20.299+0000] {processor.py:183} INFO - Processing /home/airflow/.local/lib/python3.8/site-packages/airflow/example_dags/example_sensors.py took 0.090 seconds
[2024-05-27T21:12:50.757+0000] {processor.py:161} INFO - Started process (PID=904) to work on /home/airflow/.local/lib/python3.8/site-packages/airflow/example_dags/example_sensors.py
[2024-05-27T21:12:50.759+0000] {processor.py:830} INFO - Processing file /home/airflow/.local/lib/python3.8/site-packages/airflow/example_dags/example_sensors.py for tasks to queue
[2024-05-27T21:12:50.761+0000] {logging_mixin.py:188} INFO - [2024-05-27T21:12:50.761+0000] {dagbag.py:545} INFO - Filling up the DagBag from /home/airflow/.local/lib/python3.8/site-packages/airflow/example_dags/example_sensors.py
[2024-05-27T21:12:50.770+0000] {processor.py:840} INFO - DAG(s) 'example_sensors' retrieved from /home/airflow/.local/lib/python3.8/site-packages/airflow/example_dags/example_sensors.py
[2024-05-27T21:12:50.801+0000] {logging_mixin.py:188} INFO - [2024-05-27T21:12:50.801+0000] {dag.py:3096} INFO - Sync 1 DAGs
[2024-05-27T21:12:50.816+0000] {logging_mixin.py:188} INFO - [2024-05-27T21:12:50.816+0000] {dag.py:3954} INFO - Setting next_dagrun for example_sensors to None, run_after=None
[2024-05-27T21:12:50.837+0000] {processor.py:183} INFO - Processing /home/airflow/.local/lib/python3.8/site-packages/airflow/example_dags/example_sensors.py took 0.087 seconds
[2024-05-27T21:13:21.608+0000] {processor.py:161} INFO - Started process (PID=974) to work on /home/airflow/.local/lib/python3.8/site-packages/airflow/example_dags/example_sensors.py
[2024-05-27T21:13:21.609+0000] {processor.py:830} INFO - Processing file /home/airflow/.local/lib/python3.8/site-packages/airflow/example_dags/example_sensors.py for tasks to queue
[2024-05-27T21:13:21.611+0000] {logging_mixin.py:188} INFO - [2024-05-27T21:13:21.611+0000] {dagbag.py:545} INFO - Filling up the DagBag from /home/airflow/.local/lib/python3.8/site-packages/airflow/example_dags/example_sensors.py
[2024-05-27T21:13:21.624+0000] {processor.py:840} INFO - DAG(s) 'example_sensors' retrieved from /home/airflow/.local/lib/python3.8/site-packages/airflow/example_dags/example_sensors.py
[2024-05-27T21:13:21.657+0000] {logging_mixin.py:188} INFO - [2024-05-27T21:13:21.656+0000] {dag.py:3096} INFO - Sync 1 DAGs
[2024-05-27T21:13:21.670+0000] {logging_mixin.py:188} INFO - [2024-05-27T21:13:21.670+0000] {dag.py:3954} INFO - Setting next_dagrun for example_sensors to None, run_after=None
[2024-05-27T21:13:21.694+0000] {processor.py:183} INFO - Processing /home/airflow/.local/lib/python3.8/site-packages/airflow/example_dags/example_sensors.py took 0.096 seconds
[2024-05-27T21:13:52.176+0000] {processor.py:161} INFO - Started process (PID=1051) to work on /home/airflow/.local/lib/python3.8/site-packages/airflow/example_dags/example_sensors.py
[2024-05-27T21:13:52.177+0000] {processor.py:830} INFO - Processing file /home/airflow/.local/lib/python3.8/site-packages/airflow/example_dags/example_sensors.py for tasks to queue
[2024-05-27T21:13:52.179+0000] {logging_mixin.py:188} INFO - [2024-05-27T21:13:52.179+0000] {dagbag.py:545} INFO - Filling up the DagBag from /home/airflow/.local/lib/python3.8/site-packages/airflow/example_dags/example_sensors.py
[2024-05-27T21:13:52.188+0000] {processor.py:840} INFO - DAG(s) 'example_sensors' retrieved from /home/airflow/.local/lib/python3.8/site-packages/airflow/example_dags/example_sensors.py
[2024-05-27T21:13:52.215+0000] {logging_mixin.py:188} INFO - [2024-05-27T21:13:52.214+0000] {dag.py:3096} INFO - Sync 1 DAGs
[2024-05-27T21:13:52.227+0000] {logging_mixin.py:188} INFO - [2024-05-27T21:13:52.227+0000] {dag.py:3954} INFO - Setting next_dagrun for example_sensors to None, run_after=None
[2024-05-27T21:13:52.249+0000] {processor.py:183} INFO - Processing /home/airflow/.local/lib/python3.8/site-packages/airflow/example_dags/example_sensors.py took 0.080 seconds
[2024-05-27T21:14:22.667+0000] {processor.py:161} INFO - Started process (PID=1121) to work on /home/airflow/.local/lib/python3.8/site-packages/airflow/example_dags/example_sensors.py
[2024-05-27T21:14:22.669+0000] {processor.py:830} INFO - Processing file /home/airflow/.local/lib/python3.8/site-packages/airflow/example_dags/example_sensors.py for tasks to queue
[2024-05-27T21:14:22.671+0000] {logging_mixin.py:188} INFO - [2024-05-27T21:14:22.671+0000] {dagbag.py:545} INFO - Filling up the DagBag from /home/airflow/.local/lib/python3.8/site-packages/airflow/example_dags/example_sensors.py
[2024-05-27T21:14:22.680+0000] {processor.py:840} INFO - DAG(s) 'example_sensors' retrieved from /home/airflow/.local/lib/python3.8/site-packages/airflow/example_dags/example_sensors.py
[2024-05-27T21:14:22.709+0000] {logging_mixin.py:188} INFO - [2024-05-27T21:14:22.709+0000] {dag.py:3096} INFO - Sync 1 DAGs
[2024-05-27T21:14:22.720+0000] {logging_mixin.py:188} INFO - [2024-05-27T21:14:22.720+0000] {dag.py:3954} INFO - Setting next_dagrun for example_sensors to None, run_after=None
[2024-05-27T21:14:22.746+0000] {processor.py:183} INFO - Processing /home/airflow/.local/lib/python3.8/site-packages/airflow/example_dags/example_sensors.py took 0.085 seconds
[2024-05-27T21:14:53.467+0000] {processor.py:161} INFO - Started process (PID=1199) to work on /home/airflow/.local/lib/python3.8/site-packages/airflow/example_dags/example_sensors.py
[2024-05-27T21:14:53.468+0000] {processor.py:830} INFO - Processing file /home/airflow/.local/lib/python3.8/site-packages/airflow/example_dags/example_sensors.py for tasks to queue
[2024-05-27T21:14:53.471+0000] {logging_mixin.py:188} INFO - [2024-05-27T21:14:53.470+0000] {dagbag.py:545} INFO - Filling up the DagBag from /home/airflow/.local/lib/python3.8/site-packages/airflow/example_dags/example_sensors.py
[2024-05-27T21:14:53.481+0000] {processor.py:840} INFO - DAG(s) 'example_sensors' retrieved from /home/airflow/.local/lib/python3.8/site-packages/airflow/example_dags/example_sensors.py
[2024-05-27T21:14:53.514+0000] {logging_mixin.py:188} INFO - [2024-05-27T21:14:53.513+0000] {dag.py:3096} INFO - Sync 1 DAGs
[2024-05-27T21:14:53.528+0000] {logging_mixin.py:188} INFO - [2024-05-27T21:14:53.528+0000] {dag.py:3954} INFO - Setting next_dagrun for example_sensors to None, run_after=None
[2024-05-27T21:14:53.554+0000] {processor.py:183} INFO - Processing /home/airflow/.local/lib/python3.8/site-packages/airflow/example_dags/example_sensors.py took 0.094 seconds
[2024-05-27T21:15:24.307+0000] {processor.py:161} INFO - Started process (PID=1270) to work on /home/airflow/.local/lib/python3.8/site-packages/airflow/example_dags/example_sensors.py
[2024-05-27T21:15:24.308+0000] {processor.py:830} INFO - Processing file /home/airflow/.local/lib/python3.8/site-packages/airflow/example_dags/example_sensors.py for tasks to queue
[2024-05-27T21:15:24.311+0000] {logging_mixin.py:188} INFO - [2024-05-27T21:15:24.310+0000] {dagbag.py:545} INFO - Filling up the DagBag from /home/airflow/.local/lib/python3.8/site-packages/airflow/example_dags/example_sensors.py
[2024-05-27T21:15:24.321+0000] {processor.py:840} INFO - DAG(s) 'example_sensors' retrieved from /home/airflow/.local/lib/python3.8/site-packages/airflow/example_dags/example_sensors.py
[2024-05-27T21:15:24.346+0000] {logging_mixin.py:188} INFO - [2024-05-27T21:15:24.345+0000] {dag.py:3096} INFO - Sync 1 DAGs
[2024-05-27T21:15:24.357+0000] {logging_mixin.py:188} INFO - [2024-05-27T21:15:24.357+0000] {dag.py:3954} INFO - Setting next_dagrun for example_sensors to None, run_after=None
[2024-05-27T21:15:24.376+0000] {processor.py:183} INFO - Processing /home/airflow/.local/lib/python3.8/site-packages/airflow/example_dags/example_sensors.py took 0.077 seconds
[2024-05-27T21:15:54.488+0000] {processor.py:161} INFO - Started process (PID=1338) to work on /home/airflow/.local/lib/python3.8/site-packages/airflow/example_dags/example_sensors.py
[2024-05-27T21:15:54.489+0000] {processor.py:830} INFO - Processing file /home/airflow/.local/lib/python3.8/site-packages/airflow/example_dags/example_sensors.py for tasks to queue
[2024-05-27T21:15:54.491+0000] {logging_mixin.py:188} INFO - [2024-05-27T21:15:54.491+0000] {dagbag.py:545} INFO - Filling up the DagBag from /home/airflow/.local/lib/python3.8/site-packages/airflow/example_dags/example_sensors.py
[2024-05-27T21:15:54.506+0000] {processor.py:840} INFO - DAG(s) 'example_sensors' retrieved from /home/airflow/.local/lib/python3.8/site-packages/airflow/example_dags/example_sensors.py
[2024-05-27T21:15:54.538+0000] {logging_mixin.py:188} INFO - [2024-05-27T21:15:54.537+0000] {dag.py:3096} INFO - Sync 1 DAGs
[2024-05-27T21:15:54.554+0000] {logging_mixin.py:188} INFO - [2024-05-27T21:15:54.554+0000] {dag.py:3954} INFO - Setting next_dagrun for example_sensors to None, run_after=None
[2024-05-27T21:15:54.580+0000] {processor.py:183} INFO - Processing /home/airflow/.local/lib/python3.8/site-packages/airflow/example_dags/example_sensors.py took 0.098 seconds
[2024-05-27T21:16:24.902+0000] {processor.py:161} INFO - Started process (PID=1416) to work on /home/airflow/.local/lib/python3.8/site-packages/airflow/example_dags/example_sensors.py
[2024-05-27T21:16:24.903+0000] {processor.py:830} INFO - Processing file /home/airflow/.local/lib/python3.8/site-packages/airflow/example_dags/example_sensors.py for tasks to queue
[2024-05-27T21:16:24.905+0000] {logging_mixin.py:188} INFO - [2024-05-27T21:16:24.905+0000] {dagbag.py:545} INFO - Filling up the DagBag from /home/airflow/.local/lib/python3.8/site-packages/airflow/example_dags/example_sensors.py
[2024-05-27T21:16:24.913+0000] {processor.py:840} INFO - DAG(s) 'example_sensors' retrieved from /home/airflow/.local/lib/python3.8/site-packages/airflow/example_dags/example_sensors.py
[2024-05-27T21:16:24.940+0000] {logging_mixin.py:188} INFO - [2024-05-27T21:16:24.940+0000] {dag.py:3096} INFO - Sync 1 DAGs
[2024-05-27T21:16:24.951+0000] {logging_mixin.py:188} INFO - [2024-05-27T21:16:24.951+0000] {dag.py:3954} INFO - Setting next_dagrun for example_sensors to None, run_after=None
[2024-05-27T21:16:24.980+0000] {processor.py:183} INFO - Processing /home/airflow/.local/lib/python3.8/site-packages/airflow/example_dags/example_sensors.py took 0.084 seconds
[2024-05-27T21:16:55.350+0000] {processor.py:161} INFO - Started process (PID=1488) to work on /home/airflow/.local/lib/python3.8/site-packages/airflow/example_dags/example_sensors.py
[2024-05-27T21:16:55.351+0000] {processor.py:830} INFO - Processing file /home/airflow/.local/lib/python3.8/site-packages/airflow/example_dags/example_sensors.py for tasks to queue
[2024-05-27T21:16:55.354+0000] {logging_mixin.py:188} INFO - [2024-05-27T21:16:55.353+0000] {dagbag.py:545} INFO - Filling up the DagBag from /home/airflow/.local/lib/python3.8/site-packages/airflow/example_dags/example_sensors.py
[2024-05-27T21:16:55.368+0000] {processor.py:840} INFO - DAG(s) 'example_sensors' retrieved from /home/airflow/.local/lib/python3.8/site-packages/airflow/example_dags/example_sensors.py
[2024-05-27T21:16:55.401+0000] {logging_mixin.py:188} INFO - [2024-05-27T21:16:55.400+0000] {dag.py:3096} INFO - Sync 1 DAGs
[2024-05-27T21:16:55.415+0000] {logging_mixin.py:188} INFO - [2024-05-27T21:16:55.414+0000] {dag.py:3954} INFO - Setting next_dagrun for example_sensors to None, run_after=None
[2024-05-27T21:16:55.442+0000] {processor.py:183} INFO - Processing /home/airflow/.local/lib/python3.8/site-packages/airflow/example_dags/example_sensors.py took 0.102 seconds
[2024-05-27T21:17:25.951+0000] {processor.py:161} INFO - Started process (PID=1560) to work on /home/airflow/.local/lib/python3.8/site-packages/airflow/example_dags/example_sensors.py
[2024-05-27T21:17:25.952+0000] {processor.py:830} INFO - Processing file /home/airflow/.local/lib/python3.8/site-packages/airflow/example_dags/example_sensors.py for tasks to queue
[2024-05-27T21:17:25.955+0000] {logging_mixin.py:188} INFO - [2024-05-27T21:17:25.954+0000] {dagbag.py:545} INFO - Filling up the DagBag from /home/airflow/.local/lib/python3.8/site-packages/airflow/example_dags/example_sensors.py
[2024-05-27T21:17:25.970+0000] {processor.py:840} INFO - DAG(s) 'example_sensors' retrieved from /home/airflow/.local/lib/python3.8/site-packages/airflow/example_dags/example_sensors.py
[2024-05-27T21:17:26.005+0000] {logging_mixin.py:188} INFO - [2024-05-27T21:17:26.005+0000] {dag.py:3096} INFO - Sync 1 DAGs
[2024-05-27T21:17:26.019+0000] {logging_mixin.py:188} INFO - [2024-05-27T21:17:26.019+0000] {dag.py:3954} INFO - Setting next_dagrun for example_sensors to None, run_after=None
[2024-05-27T21:17:26.044+0000] {processor.py:183} INFO - Processing /home/airflow/.local/lib/python3.8/site-packages/airflow/example_dags/example_sensors.py took 0.100 seconds
[2024-05-27T21:18:02.181+0000] {processor.py:161} INFO - Started process (PID=1637) to work on /home/airflow/.local/lib/python3.8/site-packages/airflow/example_dags/example_sensors.py
[2024-05-27T21:18:02.185+0000] {processor.py:830} INFO - Processing file /home/airflow/.local/lib/python3.8/site-packages/airflow/example_dags/example_sensors.py for tasks to queue
[2024-05-27T21:18:02.200+0000] {logging_mixin.py:188} INFO - [2024-05-27T21:18:02.199+0000] {dagbag.py:545} INFO - Filling up the DagBag from /home/airflow/.local/lib/python3.8/site-packages/airflow/example_dags/example_sensors.py
[2024-05-27T21:18:02.234+0000] {processor.py:840} INFO - DAG(s) 'example_sensors' retrieved from /home/airflow/.local/lib/python3.8/site-packages/airflow/example_dags/example_sensors.py
[2024-05-27T21:18:02.626+0000] {logging_mixin.py:188} INFO - [2024-05-27T21:18:02.625+0000] {dag.py:3096} INFO - Sync 1 DAGs
[2024-05-27T21:18:03.240+0000] {logging_mixin.py:188} INFO - [2024-05-27T21:18:03.239+0000] {dag.py:3954} INFO - Setting next_dagrun for example_sensors to None, run_after=None
[2024-05-27T21:18:03.404+0000] {processor.py:183} INFO - Processing /home/airflow/.local/lib/python3.8/site-packages/airflow/example_dags/example_sensors.py took 1.243 seconds
[2024-05-27T21:18:34.199+0000] {processor.py:161} INFO - Started process (PID=1708) to work on /home/airflow/.local/lib/python3.8/site-packages/airflow/example_dags/example_sensors.py
[2024-05-27T21:18:34.201+0000] {processor.py:830} INFO - Processing file /home/airflow/.local/lib/python3.8/site-packages/airflow/example_dags/example_sensors.py for tasks to queue
[2024-05-27T21:18:34.204+0000] {logging_mixin.py:188} INFO - [2024-05-27T21:18:34.203+0000] {dagbag.py:545} INFO - Filling up the DagBag from /home/airflow/.local/lib/python3.8/site-packages/airflow/example_dags/example_sensors.py
[2024-05-27T21:18:34.214+0000] {processor.py:840} INFO - DAG(s) 'example_sensors' retrieved from /home/airflow/.local/lib/python3.8/site-packages/airflow/example_dags/example_sensors.py
[2024-05-27T21:18:34.244+0000] {logging_mixin.py:188} INFO - [2024-05-27T21:18:34.244+0000] {dag.py:3096} INFO - Sync 1 DAGs
[2024-05-27T21:18:34.257+0000] {logging_mixin.py:188} INFO - [2024-05-27T21:18:34.257+0000] {dag.py:3954} INFO - Setting next_dagrun for example_sensors to None, run_after=None
[2024-05-27T21:18:34.281+0000] {processor.py:183} INFO - Processing /home/airflow/.local/lib/python3.8/site-packages/airflow/example_dags/example_sensors.py took 0.087 seconds
[2024-05-27T21:19:04.808+0000] {processor.py:161} INFO - Started process (PID=1779) to work on /home/airflow/.local/lib/python3.8/site-packages/airflow/example_dags/example_sensors.py
[2024-05-27T21:19:04.810+0000] {processor.py:830} INFO - Processing file /home/airflow/.local/lib/python3.8/site-packages/airflow/example_dags/example_sensors.py for tasks to queue
[2024-05-27T21:19:04.812+0000] {logging_mixin.py:188} INFO - [2024-05-27T21:19:04.812+0000] {dagbag.py:545} INFO - Filling up the DagBag from /home/airflow/.local/lib/python3.8/site-packages/airflow/example_dags/example_sensors.py
[2024-05-27T21:19:04.822+0000] {processor.py:840} INFO - DAG(s) 'example_sensors' retrieved from /home/airflow/.local/lib/python3.8/site-packages/airflow/example_dags/example_sensors.py
[2024-05-27T21:19:04.856+0000] {logging_mixin.py:188} INFO - [2024-05-27T21:19:04.856+0000] {dag.py:3096} INFO - Sync 1 DAGs
[2024-05-27T21:19:04.884+0000] {logging_mixin.py:188} INFO - [2024-05-27T21:19:04.883+0000] {dag.py:3954} INFO - Setting next_dagrun for example_sensors to None, run_after=None
[2024-05-27T21:19:04.910+0000] {processor.py:183} INFO - Processing /home/airflow/.local/lib/python3.8/site-packages/airflow/example_dags/example_sensors.py took 0.112 seconds
[2024-05-27T21:19:35.602+0000] {processor.py:161} INFO - Started process (PID=1857) to work on /home/airflow/.local/lib/python3.8/site-packages/airflow/example_dags/example_sensors.py
[2024-05-27T21:19:35.603+0000] {processor.py:830} INFO - Processing file /home/airflow/.local/lib/python3.8/site-packages/airflow/example_dags/example_sensors.py for tasks to queue
[2024-05-27T21:19:35.606+0000] {logging_mixin.py:188} INFO - [2024-05-27T21:19:35.606+0000] {dagbag.py:545} INFO - Filling up the DagBag from /home/airflow/.local/lib/python3.8/site-packages/airflow/example_dags/example_sensors.py
[2024-05-27T21:19:35.623+0000] {processor.py:840} INFO - DAG(s) 'example_sensors' retrieved from /home/airflow/.local/lib/python3.8/site-packages/airflow/example_dags/example_sensors.py
[2024-05-27T21:19:35.679+0000] {logging_mixin.py:188} INFO - [2024-05-27T21:19:35.679+0000] {dag.py:3096} INFO - Sync 1 DAGs
[2024-05-27T21:19:35.709+0000] {logging_mixin.py:188} INFO - [2024-05-27T21:19:35.708+0000] {dag.py:3954} INFO - Setting next_dagrun for example_sensors to None, run_after=None
[2024-05-27T21:19:35.754+0000] {processor.py:183} INFO - Processing /home/airflow/.local/lib/python3.8/site-packages/airflow/example_dags/example_sensors.py took 0.168 seconds
[2024-05-27T21:20:06.428+0000] {processor.py:161} INFO - Started process (PID=1927) to work on /home/airflow/.local/lib/python3.8/site-packages/airflow/example_dags/example_sensors.py
[2024-05-27T21:20:06.429+0000] {processor.py:830} INFO - Processing file /home/airflow/.local/lib/python3.8/site-packages/airflow/example_dags/example_sensors.py for tasks to queue
[2024-05-27T21:20:06.431+0000] {logging_mixin.py:188} INFO - [2024-05-27T21:20:06.431+0000] {dagbag.py:545} INFO - Filling up the DagBag from /home/airflow/.local/lib/python3.8/site-packages/airflow/example_dags/example_sensors.py
[2024-05-27T21:20:06.441+0000] {processor.py:840} INFO - DAG(s) 'example_sensors' retrieved from /home/airflow/.local/lib/python3.8/site-packages/airflow/example_dags/example_sensors.py
[2024-05-27T21:20:06.469+0000] {logging_mixin.py:188} INFO - [2024-05-27T21:20:06.468+0000] {dag.py:3096} INFO - Sync 1 DAGs
[2024-05-27T21:20:06.489+0000] {logging_mixin.py:188} INFO - [2024-05-27T21:20:06.489+0000] {dag.py:3954} INFO - Setting next_dagrun for example_sensors to None, run_after=None
[2024-05-27T21:20:06.519+0000] {processor.py:183} INFO - Processing /home/airflow/.local/lib/python3.8/site-packages/airflow/example_dags/example_sensors.py took 0.098 seconds
[2024-05-27T21:20:37.177+0000] {processor.py:161} INFO - Started process (PID=1997) to work on /home/airflow/.local/lib/python3.8/site-packages/airflow/example_dags/example_sensors.py
[2024-05-27T21:20:37.179+0000] {processor.py:830} INFO - Processing file /home/airflow/.local/lib/python3.8/site-packages/airflow/example_dags/example_sensors.py for tasks to queue
[2024-05-27T21:20:37.181+0000] {logging_mixin.py:188} INFO - [2024-05-27T21:20:37.181+0000] {dagbag.py:545} INFO - Filling up the DagBag from /home/airflow/.local/lib/python3.8/site-packages/airflow/example_dags/example_sensors.py
[2024-05-27T21:20:37.191+0000] {processor.py:840} INFO - DAG(s) 'example_sensors' retrieved from /home/airflow/.local/lib/python3.8/site-packages/airflow/example_dags/example_sensors.py
[2024-05-27T21:20:37.226+0000] {logging_mixin.py:188} INFO - [2024-05-27T21:20:37.226+0000] {dag.py:3096} INFO - Sync 1 DAGs
[2024-05-27T21:20:37.243+0000] {logging_mixin.py:188} INFO - [2024-05-27T21:20:37.242+0000] {dag.py:3954} INFO - Setting next_dagrun for example_sensors to None, run_after=None
[2024-05-27T21:20:37.269+0000] {processor.py:183} INFO - Processing /home/airflow/.local/lib/python3.8/site-packages/airflow/example_dags/example_sensors.py took 0.097 seconds
[2024-05-27T21:21:07.708+0000] {processor.py:161} INFO - Started process (PID=2077) to work on /home/airflow/.local/lib/python3.8/site-packages/airflow/example_dags/example_sensors.py
[2024-05-27T21:21:07.709+0000] {processor.py:830} INFO - Processing file /home/airflow/.local/lib/python3.8/site-packages/airflow/example_dags/example_sensors.py for tasks to queue
[2024-05-27T21:21:07.712+0000] {logging_mixin.py:188} INFO - [2024-05-27T21:21:07.711+0000] {dagbag.py:545} INFO - Filling up the DagBag from /home/airflow/.local/lib/python3.8/site-packages/airflow/example_dags/example_sensors.py
[2024-05-27T21:21:07.724+0000] {processor.py:840} INFO - DAG(s) 'example_sensors' retrieved from /home/airflow/.local/lib/python3.8/site-packages/airflow/example_dags/example_sensors.py
[2024-05-27T21:21:07.756+0000] {logging_mixin.py:188} INFO - [2024-05-27T21:21:07.756+0000] {dag.py:3096} INFO - Sync 1 DAGs
[2024-05-27T21:21:07.775+0000] {logging_mixin.py:188} INFO - [2024-05-27T21:21:07.774+0000] {dag.py:3954} INFO - Setting next_dagrun for example_sensors to None, run_after=None
[2024-05-27T21:21:07.805+0000] {processor.py:183} INFO - Processing /home/airflow/.local/lib/python3.8/site-packages/airflow/example_dags/example_sensors.py took 0.106 seconds
[2024-05-27T21:21:38.174+0000] {processor.py:161} INFO - Started process (PID=2170) to work on /home/airflow/.local/lib/python3.8/site-packages/airflow/example_dags/example_sensors.py
[2024-05-27T21:21:38.176+0000] {processor.py:830} INFO - Processing file /home/airflow/.local/lib/python3.8/site-packages/airflow/example_dags/example_sensors.py for tasks to queue
[2024-05-27T21:21:38.180+0000] {logging_mixin.py:188} INFO - [2024-05-27T21:21:38.180+0000] {dagbag.py:545} INFO - Filling up the DagBag from /home/airflow/.local/lib/python3.8/site-packages/airflow/example_dags/example_sensors.py
[2024-05-27T21:21:38.193+0000] {processor.py:840} INFO - DAG(s) 'example_sensors' retrieved from /home/airflow/.local/lib/python3.8/site-packages/airflow/example_dags/example_sensors.py
[2024-05-27T21:21:38.229+0000] {logging_mixin.py:188} INFO - [2024-05-27T21:21:38.229+0000] {dag.py:3096} INFO - Sync 1 DAGs
[2024-05-27T21:21:38.248+0000] {logging_mixin.py:188} INFO - [2024-05-27T21:21:38.247+0000] {dag.py:3954} INFO - Setting next_dagrun for example_sensors to None, run_after=None
[2024-05-27T21:21:38.276+0000] {processor.py:183} INFO - Processing /home/airflow/.local/lib/python3.8/site-packages/airflow/example_dags/example_sensors.py took 0.112 seconds
[2024-05-27T21:22:09.211+0000] {processor.py:161} INFO - Started process (PID=2239) to work on /home/airflow/.local/lib/python3.8/site-packages/airflow/example_dags/example_sensors.py
[2024-05-27T21:22:09.213+0000] {processor.py:830} INFO - Processing file /home/airflow/.local/lib/python3.8/site-packages/airflow/example_dags/example_sensors.py for tasks to queue
[2024-05-27T21:22:09.215+0000] {logging_mixin.py:188} INFO - [2024-05-27T21:22:09.215+0000] {dagbag.py:545} INFO - Filling up the DagBag from /home/airflow/.local/lib/python3.8/site-packages/airflow/example_dags/example_sensors.py
[2024-05-27T21:22:09.225+0000] {processor.py:840} INFO - DAG(s) 'example_sensors' retrieved from /home/airflow/.local/lib/python3.8/site-packages/airflow/example_dags/example_sensors.py
[2024-05-27T21:22:09.254+0000] {logging_mixin.py:188} INFO - [2024-05-27T21:22:09.254+0000] {dag.py:3096} INFO - Sync 1 DAGs
[2024-05-27T21:22:09.268+0000] {logging_mixin.py:188} INFO - [2024-05-27T21:22:09.268+0000] {dag.py:3954} INFO - Setting next_dagrun for example_sensors to None, run_after=None
[2024-05-27T21:22:09.291+0000] {processor.py:183} INFO - Processing /home/airflow/.local/lib/python3.8/site-packages/airflow/example_dags/example_sensors.py took 0.086 seconds
[2024-05-27T21:22:39.705+0000] {processor.py:161} INFO - Started process (PID=2309) to work on /home/airflow/.local/lib/python3.8/site-packages/airflow/example_dags/example_sensors.py
[2024-05-27T21:22:39.706+0000] {processor.py:830} INFO - Processing file /home/airflow/.local/lib/python3.8/site-packages/airflow/example_dags/example_sensors.py for tasks to queue
[2024-05-27T21:22:39.709+0000] {logging_mixin.py:188} INFO - [2024-05-27T21:22:39.708+0000] {dagbag.py:545} INFO - Filling up the DagBag from /home/airflow/.local/lib/python3.8/site-packages/airflow/example_dags/example_sensors.py
[2024-05-27T21:22:39.722+0000] {processor.py:840} INFO - DAG(s) 'example_sensors' retrieved from /home/airflow/.local/lib/python3.8/site-packages/airflow/example_dags/example_sensors.py
[2024-05-27T21:22:39.751+0000] {logging_mixin.py:188} INFO - [2024-05-27T21:22:39.751+0000] {dag.py:3096} INFO - Sync 1 DAGs
[2024-05-27T21:22:39.763+0000] {logging_mixin.py:188} INFO - [2024-05-27T21:22:39.762+0000] {dag.py:3954} INFO - Setting next_dagrun for example_sensors to None, run_after=None
[2024-05-27T21:22:39.784+0000] {processor.py:183} INFO - Processing /home/airflow/.local/lib/python3.8/site-packages/airflow/example_dags/example_sensors.py took 0.087 seconds
[2024-05-27T21:23:10.719+0000] {processor.py:161} INFO - Started process (PID=2387) to work on /home/airflow/.local/lib/python3.8/site-packages/airflow/example_dags/example_sensors.py
[2024-05-27T21:23:10.720+0000] {processor.py:830} INFO - Processing file /home/airflow/.local/lib/python3.8/site-packages/airflow/example_dags/example_sensors.py for tasks to queue
[2024-05-27T21:23:10.723+0000] {logging_mixin.py:188} INFO - [2024-05-27T21:23:10.722+0000] {dagbag.py:545} INFO - Filling up the DagBag from /home/airflow/.local/lib/python3.8/site-packages/airflow/example_dags/example_sensors.py
[2024-05-27T21:23:10.735+0000] {processor.py:840} INFO - DAG(s) 'example_sensors' retrieved from /home/airflow/.local/lib/python3.8/site-packages/airflow/example_dags/example_sensors.py
[2024-05-27T21:23:10.775+0000] {logging_mixin.py:188} INFO - [2024-05-27T21:23:10.775+0000] {dag.py:3096} INFO - Sync 1 DAGs
[2024-05-27T21:23:10.792+0000] {logging_mixin.py:188} INFO - [2024-05-27T21:23:10.792+0000] {dag.py:3954} INFO - Setting next_dagrun for example_sensors to None, run_after=None
[2024-05-27T21:23:10.823+0000] {processor.py:183} INFO - Processing /home/airflow/.local/lib/python3.8/site-packages/airflow/example_dags/example_sensors.py took 0.112 seconds
[2024-05-27T21:23:41.283+0000] {processor.py:161} INFO - Started process (PID=2457) to work on /home/airflow/.local/lib/python3.8/site-packages/airflow/example_dags/example_sensors.py
[2024-05-27T21:23:41.284+0000] {processor.py:830} INFO - Processing file /home/airflow/.local/lib/python3.8/site-packages/airflow/example_dags/example_sensors.py for tasks to queue
[2024-05-27T21:23:41.286+0000] {logging_mixin.py:188} INFO - [2024-05-27T21:23:41.286+0000] {dagbag.py:545} INFO - Filling up the DagBag from /home/airflow/.local/lib/python3.8/site-packages/airflow/example_dags/example_sensors.py
[2024-05-27T21:23:41.295+0000] {processor.py:840} INFO - DAG(s) 'example_sensors' retrieved from /home/airflow/.local/lib/python3.8/site-packages/airflow/example_dags/example_sensors.py
[2024-05-27T21:23:41.325+0000] {logging_mixin.py:188} INFO - [2024-05-27T21:23:41.325+0000] {dag.py:3096} INFO - Sync 1 DAGs
[2024-05-27T21:23:41.339+0000] {logging_mixin.py:188} INFO - [2024-05-27T21:23:41.338+0000] {dag.py:3954} INFO - Setting next_dagrun for example_sensors to None, run_after=None
[2024-05-27T21:23:41.360+0000] {processor.py:183} INFO - Processing /home/airflow/.local/lib/python3.8/site-packages/airflow/example_dags/example_sensors.py took 0.083 seconds
[2024-05-27T21:24:11.961+0000] {processor.py:161} INFO - Started process (PID=2535) to work on /home/airflow/.local/lib/python3.8/site-packages/airflow/example_dags/example_sensors.py
[2024-05-27T21:24:11.962+0000] {processor.py:830} INFO - Processing file /home/airflow/.local/lib/python3.8/site-packages/airflow/example_dags/example_sensors.py for tasks to queue
[2024-05-27T21:24:11.964+0000] {logging_mixin.py:188} INFO - [2024-05-27T21:24:11.964+0000] {dagbag.py:545} INFO - Filling up the DagBag from /home/airflow/.local/lib/python3.8/site-packages/airflow/example_dags/example_sensors.py
[2024-05-27T21:24:11.977+0000] {processor.py:840} INFO - DAG(s) 'example_sensors' retrieved from /home/airflow/.local/lib/python3.8/site-packages/airflow/example_dags/example_sensors.py
[2024-05-27T21:24:12.009+0000] {logging_mixin.py:188} INFO - [2024-05-27T21:24:12.009+0000] {dag.py:3096} INFO - Sync 1 DAGs
[2024-05-27T21:24:12.026+0000] {logging_mixin.py:188} INFO - [2024-05-27T21:24:12.026+0000] {dag.py:3954} INFO - Setting next_dagrun for example_sensors to None, run_after=None
[2024-05-27T21:24:12.058+0000] {processor.py:183} INFO - Processing /home/airflow/.local/lib/python3.8/site-packages/airflow/example_dags/example_sensors.py took 0.104 seconds
[2024-05-27T21:24:42.531+0000] {processor.py:161} INFO - Started process (PID=2606) to work on /home/airflow/.local/lib/python3.8/site-packages/airflow/example_dags/example_sensors.py
[2024-05-27T21:24:42.532+0000] {processor.py:830} INFO - Processing file /home/airflow/.local/lib/python3.8/site-packages/airflow/example_dags/example_sensors.py for tasks to queue
[2024-05-27T21:24:42.534+0000] {logging_mixin.py:188} INFO - [2024-05-27T21:24:42.534+0000] {dagbag.py:545} INFO - Filling up the DagBag from /home/airflow/.local/lib/python3.8/site-packages/airflow/example_dags/example_sensors.py
[2024-05-27T21:24:42.542+0000] {processor.py:840} INFO - DAG(s) 'example_sensors' retrieved from /home/airflow/.local/lib/python3.8/site-packages/airflow/example_dags/example_sensors.py
[2024-05-27T21:24:42.569+0000] {logging_mixin.py:188} INFO - [2024-05-27T21:24:42.569+0000] {dag.py:3096} INFO - Sync 1 DAGs
[2024-05-27T21:24:42.582+0000] {logging_mixin.py:188} INFO - [2024-05-27T21:24:42.581+0000] {dag.py:3954} INFO - Setting next_dagrun for example_sensors to None, run_after=None
[2024-05-27T21:24:42.609+0000] {processor.py:183} INFO - Processing /home/airflow/.local/lib/python3.8/site-packages/airflow/example_dags/example_sensors.py took 0.083 seconds
[2024-05-27T21:25:13.067+0000] {processor.py:161} INFO - Started process (PID=2676) to work on /home/airflow/.local/lib/python3.8/site-packages/airflow/example_dags/example_sensors.py
[2024-05-27T21:25:13.069+0000] {processor.py:830} INFO - Processing file /home/airflow/.local/lib/python3.8/site-packages/airflow/example_dags/example_sensors.py for tasks to queue
[2024-05-27T21:25:13.073+0000] {logging_mixin.py:188} INFO - [2024-05-27T21:25:13.072+0000] {dagbag.py:545} INFO - Filling up the DagBag from /home/airflow/.local/lib/python3.8/site-packages/airflow/example_dags/example_sensors.py
[2024-05-27T21:25:13.084+0000] {processor.py:840} INFO - DAG(s) 'example_sensors' retrieved from /home/airflow/.local/lib/python3.8/site-packages/airflow/example_dags/example_sensors.py
[2024-05-27T21:25:13.116+0000] {logging_mixin.py:188} INFO - [2024-05-27T21:25:13.116+0000] {dag.py:3096} INFO - Sync 1 DAGs
[2024-05-27T21:25:13.131+0000] {logging_mixin.py:188} INFO - [2024-05-27T21:25:13.130+0000] {dag.py:3954} INFO - Setting next_dagrun for example_sensors to None, run_after=None
[2024-05-27T21:25:13.152+0000] {processor.py:183} INFO - Processing /home/airflow/.local/lib/python3.8/site-packages/airflow/example_dags/example_sensors.py took 0.092 seconds
