[2024-05-27T20:50:57.748+0000] {processor.py:161} INFO - Started process (PID=88) to work on /home/airflow/.local/lib/python3.8/site-packages/airflow/example_dags/example_latest_only.py
[2024-05-27T20:50:57.750+0000] {processor.py:830} INFO - Processing file /home/airflow/.local/lib/python3.8/site-packages/airflow/example_dags/example_latest_only.py for tasks to queue
[2024-05-27T20:50:57.752+0000] {logging_mixin.py:188} INFO - [2024-05-27T20:50:57.752+0000] {dagbag.py:545} INFO - Filling up the DagBag from /home/airflow/.local/lib/python3.8/site-packages/airflow/example_dags/example_latest_only.py
[2024-05-27T20:50:57.759+0000] {processor.py:840} INFO - DAG(s) 'latest_only' retrieved from /home/airflow/.local/lib/python3.8/site-packages/airflow/example_dags/example_latest_only.py
[2024-05-27T20:50:57.878+0000] {logging_mixin.py:188} INFO - [2024-05-27T20:50:57.878+0000] {dag.py:3096} INFO - Sync 1 DAGs
[2024-05-27T20:50:57.903+0000] {logging_mixin.py:188} INFO - [2024-05-27T20:50:57.903+0000] {dag.py:3954} INFO - Setting next_dagrun for latest_only to 2024-05-27 16:00:00+00:00, run_after=2024-05-27 20:00:00+00:00
[2024-05-27T20:50:57.928+0000] {processor.py:183} INFO - Processing /home/airflow/.local/lib/python3.8/site-packages/airflow/example_dags/example_latest_only.py took 0.188 seconds
[2024-05-27T20:51:28.942+0000] {processor.py:161} INFO - Started process (PID=165) to work on /home/airflow/.local/lib/python3.8/site-packages/airflow/example_dags/example_latest_only.py
[2024-05-27T20:51:28.944+0000] {processor.py:830} INFO - Processing file /home/airflow/.local/lib/python3.8/site-packages/airflow/example_dags/example_latest_only.py for tasks to queue
[2024-05-27T20:51:28.946+0000] {logging_mixin.py:188} INFO - [2024-05-27T20:51:28.945+0000] {dagbag.py:545} INFO - Filling up the DagBag from /home/airflow/.local/lib/python3.8/site-packages/airflow/example_dags/example_latest_only.py
[2024-05-27T20:51:28.950+0000] {processor.py:840} INFO - DAG(s) 'latest_only' retrieved from /home/airflow/.local/lib/python3.8/site-packages/airflow/example_dags/example_latest_only.py
[2024-05-27T20:51:28.973+0000] {logging_mixin.py:188} INFO - [2024-05-27T20:51:28.973+0000] {dag.py:3096} INFO - Sync 1 DAGs
[2024-05-27T20:51:28.995+0000] {logging_mixin.py:188} INFO - [2024-05-27T20:51:28.995+0000] {dag.py:3954} INFO - Setting next_dagrun for latest_only to 2024-05-27 16:00:00+00:00, run_after=2024-05-27 20:00:00+00:00
[2024-05-27T20:51:29.014+0000] {processor.py:183} INFO - Processing /home/airflow/.local/lib/python3.8/site-packages/airflow/example_dags/example_latest_only.py took 0.078 seconds
[2024-05-27T20:51:59.994+0000] {processor.py:161} INFO - Started process (PID=235) to work on /home/airflow/.local/lib/python3.8/site-packages/airflow/example_dags/example_latest_only.py
[2024-05-27T20:51:59.996+0000] {processor.py:830} INFO - Processing file /home/airflow/.local/lib/python3.8/site-packages/airflow/example_dags/example_latest_only.py for tasks to queue
[2024-05-27T20:51:59.998+0000] {logging_mixin.py:188} INFO - [2024-05-27T20:51:59.998+0000] {dagbag.py:545} INFO - Filling up the DagBag from /home/airflow/.local/lib/python3.8/site-packages/airflow/example_dags/example_latest_only.py
[2024-05-27T20:52:00.005+0000] {processor.py:840} INFO - DAG(s) 'latest_only' retrieved from /home/airflow/.local/lib/python3.8/site-packages/airflow/example_dags/example_latest_only.py
[2024-05-27T20:52:00.033+0000] {logging_mixin.py:188} INFO - [2024-05-27T20:52:00.032+0000] {dag.py:3096} INFO - Sync 1 DAGs
[2024-05-27T20:52:00.056+0000] {logging_mixin.py:188} INFO - [2024-05-27T20:52:00.056+0000] {dag.py:3954} INFO - Setting next_dagrun for latest_only to 2024-05-27 16:00:00+00:00, run_after=2024-05-27 20:00:00+00:00
[2024-05-27T20:52:00.082+0000] {processor.py:183} INFO - Processing /home/airflow/.local/lib/python3.8/site-packages/airflow/example_dags/example_latest_only.py took 0.099 seconds
[2024-05-27T20:52:30.155+0000] {processor.py:161} INFO - Started process (PID=311) to work on /home/airflow/.local/lib/python3.8/site-packages/airflow/example_dags/example_latest_only.py
[2024-05-27T20:52:30.156+0000] {processor.py:830} INFO - Processing file /home/airflow/.local/lib/python3.8/site-packages/airflow/example_dags/example_latest_only.py for tasks to queue
[2024-05-27T20:52:30.159+0000] {logging_mixin.py:188} INFO - [2024-05-27T20:52:30.158+0000] {dagbag.py:545} INFO - Filling up the DagBag from /home/airflow/.local/lib/python3.8/site-packages/airflow/example_dags/example_latest_only.py
[2024-05-27T20:52:30.165+0000] {processor.py:840} INFO - DAG(s) 'latest_only' retrieved from /home/airflow/.local/lib/python3.8/site-packages/airflow/example_dags/example_latest_only.py
[2024-05-27T20:52:30.190+0000] {logging_mixin.py:188} INFO - [2024-05-27T20:52:30.190+0000] {dag.py:3096} INFO - Sync 1 DAGs
[2024-05-27T20:52:30.214+0000] {logging_mixin.py:188} INFO - [2024-05-27T20:52:30.214+0000] {dag.py:3954} INFO - Setting next_dagrun for latest_only to 2024-05-27 16:00:00+00:00, run_after=2024-05-27 20:00:00+00:00
[2024-05-27T20:52:30.265+0000] {processor.py:183} INFO - Processing /home/airflow/.local/lib/python3.8/site-packages/airflow/example_dags/example_latest_only.py took 0.120 seconds
[2024-05-27T20:53:00.354+0000] {processor.py:161} INFO - Started process (PID=381) to work on /home/airflow/.local/lib/python3.8/site-packages/airflow/example_dags/example_latest_only.py
[2024-05-27T20:53:00.356+0000] {processor.py:830} INFO - Processing file /home/airflow/.local/lib/python3.8/site-packages/airflow/example_dags/example_latest_only.py for tasks to queue
[2024-05-27T20:53:00.358+0000] {logging_mixin.py:188} INFO - [2024-05-27T20:53:00.358+0000] {dagbag.py:545} INFO - Filling up the DagBag from /home/airflow/.local/lib/python3.8/site-packages/airflow/example_dags/example_latest_only.py
[2024-05-27T20:53:00.364+0000] {processor.py:840} INFO - DAG(s) 'latest_only' retrieved from /home/airflow/.local/lib/python3.8/site-packages/airflow/example_dags/example_latest_only.py
[2024-05-27T20:53:00.392+0000] {logging_mixin.py:188} INFO - [2024-05-27T20:53:00.392+0000] {dag.py:3096} INFO - Sync 1 DAGs
[2024-05-27T20:53:00.419+0000] {logging_mixin.py:188} INFO - [2024-05-27T20:53:00.418+0000] {dag.py:3954} INFO - Setting next_dagrun for latest_only to 2024-05-27 16:00:00+00:00, run_after=2024-05-27 20:00:00+00:00
[2024-05-27T20:53:00.441+0000] {processor.py:183} INFO - Processing /home/airflow/.local/lib/python3.8/site-packages/airflow/example_dags/example_latest_only.py took 0.095 seconds
[2024-05-27T20:53:31.341+0000] {processor.py:161} INFO - Started process (PID=451) to work on /home/airflow/.local/lib/python3.8/site-packages/airflow/example_dags/example_latest_only.py
[2024-05-27T20:53:31.342+0000] {processor.py:830} INFO - Processing file /home/airflow/.local/lib/python3.8/site-packages/airflow/example_dags/example_latest_only.py for tasks to queue
[2024-05-27T20:53:31.344+0000] {logging_mixin.py:188} INFO - [2024-05-27T20:53:31.344+0000] {dagbag.py:545} INFO - Filling up the DagBag from /home/airflow/.local/lib/python3.8/site-packages/airflow/example_dags/example_latest_only.py
[2024-05-27T20:53:31.353+0000] {processor.py:840} INFO - DAG(s) 'latest_only' retrieved from /home/airflow/.local/lib/python3.8/site-packages/airflow/example_dags/example_latest_only.py
[2024-05-27T20:53:31.381+0000] {logging_mixin.py:188} INFO - [2024-05-27T20:53:31.381+0000] {dag.py:3096} INFO - Sync 1 DAGs
[2024-05-27T20:53:31.406+0000] {logging_mixin.py:188} INFO - [2024-05-27T20:53:31.406+0000] {dag.py:3954} INFO - Setting next_dagrun for latest_only to 2024-05-27 16:00:00+00:00, run_after=2024-05-27 20:00:00+00:00
[2024-05-27T20:53:31.429+0000] {processor.py:183} INFO - Processing /home/airflow/.local/lib/python3.8/site-packages/airflow/example_dags/example_latest_only.py took 0.096 seconds
[2024-05-27T20:54:01.809+0000] {processor.py:161} INFO - Started process (PID=521) to work on /home/airflow/.local/lib/python3.8/site-packages/airflow/example_dags/example_latest_only.py
[2024-05-27T20:54:01.811+0000] {processor.py:830} INFO - Processing file /home/airflow/.local/lib/python3.8/site-packages/airflow/example_dags/example_latest_only.py for tasks to queue
[2024-05-27T20:54:01.813+0000] {logging_mixin.py:188} INFO - [2024-05-27T20:54:01.813+0000] {dagbag.py:545} INFO - Filling up the DagBag from /home/airflow/.local/lib/python3.8/site-packages/airflow/example_dags/example_latest_only.py
[2024-05-27T20:54:01.820+0000] {processor.py:840} INFO - DAG(s) 'latest_only' retrieved from /home/airflow/.local/lib/python3.8/site-packages/airflow/example_dags/example_latest_only.py
[2024-05-27T20:54:01.843+0000] {logging_mixin.py:188} INFO - [2024-05-27T20:54:01.842+0000] {dag.py:3096} INFO - Sync 1 DAGs
[2024-05-27T20:54:01.861+0000] {logging_mixin.py:188} INFO - [2024-05-27T20:54:01.861+0000] {dag.py:3954} INFO - Setting next_dagrun for latest_only to 2024-05-27 16:00:00+00:00, run_after=2024-05-27 20:00:00+00:00
[2024-05-27T20:54:01.882+0000] {processor.py:183} INFO - Processing /home/airflow/.local/lib/python3.8/site-packages/airflow/example_dags/example_latest_only.py took 0.078 seconds
[2024-05-27T20:54:32.562+0000] {processor.py:161} INFO - Started process (PID=599) to work on /home/airflow/.local/lib/python3.8/site-packages/airflow/example_dags/example_latest_only.py
[2024-05-27T20:54:32.563+0000] {processor.py:830} INFO - Processing file /home/airflow/.local/lib/python3.8/site-packages/airflow/example_dags/example_latest_only.py for tasks to queue
[2024-05-27T20:54:32.565+0000] {logging_mixin.py:188} INFO - [2024-05-27T20:54:32.565+0000] {dagbag.py:545} INFO - Filling up the DagBag from /home/airflow/.local/lib/python3.8/site-packages/airflow/example_dags/example_latest_only.py
[2024-05-27T20:54:32.571+0000] {processor.py:840} INFO - DAG(s) 'latest_only' retrieved from /home/airflow/.local/lib/python3.8/site-packages/airflow/example_dags/example_latest_only.py
[2024-05-27T20:54:32.593+0000] {logging_mixin.py:188} INFO - [2024-05-27T20:54:32.592+0000] {dag.py:3096} INFO - Sync 1 DAGs
[2024-05-27T20:54:32.616+0000] {logging_mixin.py:188} INFO - [2024-05-27T20:54:32.616+0000] {dag.py:3954} INFO - Setting next_dagrun for latest_only to 2024-05-27 16:00:00+00:00, run_after=2024-05-27 20:00:00+00:00
[2024-05-27T20:54:32.638+0000] {processor.py:183} INFO - Processing /home/airflow/.local/lib/python3.8/site-packages/airflow/example_dags/example_latest_only.py took 0.082 seconds
[2024-05-27T20:55:02.988+0000] {processor.py:161} INFO - Started process (PID=669) to work on /home/airflow/.local/lib/python3.8/site-packages/airflow/example_dags/example_latest_only.py
[2024-05-27T20:55:02.990+0000] {processor.py:830} INFO - Processing file /home/airflow/.local/lib/python3.8/site-packages/airflow/example_dags/example_latest_only.py for tasks to queue
[2024-05-27T20:55:02.993+0000] {logging_mixin.py:188} INFO - [2024-05-27T20:55:02.992+0000] {dagbag.py:545} INFO - Filling up the DagBag from /home/airflow/.local/lib/python3.8/site-packages/airflow/example_dags/example_latest_only.py
[2024-05-27T20:55:02.999+0000] {processor.py:840} INFO - DAG(s) 'latest_only' retrieved from /home/airflow/.local/lib/python3.8/site-packages/airflow/example_dags/example_latest_only.py
[2024-05-27T20:55:03.033+0000] {logging_mixin.py:188} INFO - [2024-05-27T20:55:03.033+0000] {dag.py:3096} INFO - Sync 1 DAGs
[2024-05-27T20:55:03.070+0000] {logging_mixin.py:188} INFO - [2024-05-27T20:55:03.069+0000] {dag.py:3954} INFO - Setting next_dagrun for latest_only to 2024-05-27 16:00:00+00:00, run_after=2024-05-27 20:00:00+00:00
[2024-05-27T20:55:03.097+0000] {processor.py:183} INFO - Processing /home/airflow/.local/lib/python3.8/site-packages/airflow/example_dags/example_latest_only.py took 0.118 seconds
[2024-05-27T20:57:19.610+0000] {processor.py:161} INFO - Started process (PID=88) to work on /home/airflow/.local/lib/python3.8/site-packages/airflow/example_dags/example_latest_only.py
[2024-05-27T20:57:19.612+0000] {processor.py:830} INFO - Processing file /home/airflow/.local/lib/python3.8/site-packages/airflow/example_dags/example_latest_only.py for tasks to queue
[2024-05-27T20:57:19.614+0000] {logging_mixin.py:188} INFO - [2024-05-27T20:57:19.614+0000] {dagbag.py:545} INFO - Filling up the DagBag from /home/airflow/.local/lib/python3.8/site-packages/airflow/example_dags/example_latest_only.py
[2024-05-27T20:57:19.620+0000] {processor.py:840} INFO - DAG(s) 'latest_only' retrieved from /home/airflow/.local/lib/python3.8/site-packages/airflow/example_dags/example_latest_only.py
[2024-05-27T20:57:19.637+0000] {logging_mixin.py:188} INFO - [2024-05-27T20:57:19.636+0000] {dag.py:3096} INFO - Sync 1 DAGs
[2024-05-27T20:57:19.667+0000] {logging_mixin.py:188} INFO - [2024-05-27T20:57:19.667+0000] {dag.py:3954} INFO - Setting next_dagrun for latest_only to 2024-05-27 16:00:00+00:00, run_after=2024-05-27 20:00:00+00:00
[2024-05-27T20:57:19.694+0000] {processor.py:183} INFO - Processing /home/airflow/.local/lib/python3.8/site-packages/airflow/example_dags/example_latest_only.py took 0.092 seconds
[2024-05-27T20:57:50.811+0000] {processor.py:161} INFO - Started process (PID=167) to work on /home/airflow/.local/lib/python3.8/site-packages/airflow/example_dags/example_latest_only.py
[2024-05-27T20:57:50.813+0000] {processor.py:830} INFO - Processing file /home/airflow/.local/lib/python3.8/site-packages/airflow/example_dags/example_latest_only.py for tasks to queue
[2024-05-27T20:57:50.815+0000] {logging_mixin.py:188} INFO - [2024-05-27T20:57:50.814+0000] {dagbag.py:545} INFO - Filling up the DagBag from /home/airflow/.local/lib/python3.8/site-packages/airflow/example_dags/example_latest_only.py
[2024-05-27T20:57:50.821+0000] {processor.py:840} INFO - DAG(s) 'latest_only' retrieved from /home/airflow/.local/lib/python3.8/site-packages/airflow/example_dags/example_latest_only.py
[2024-05-27T20:57:50.957+0000] {logging_mixin.py:188} INFO - [2024-05-27T20:57:50.957+0000] {dag.py:3096} INFO - Sync 1 DAGs
[2024-05-27T20:57:50.989+0000] {logging_mixin.py:188} INFO - [2024-05-27T20:57:50.989+0000] {dag.py:3954} INFO - Setting next_dagrun for latest_only to 2024-05-27 16:00:00+00:00, run_after=2024-05-27 20:00:00+00:00
[2024-05-27T20:57:51.018+0000] {processor.py:183} INFO - Processing /home/airflow/.local/lib/python3.8/site-packages/airflow/example_dags/example_latest_only.py took 0.221 seconds
[2024-05-27T20:58:21.227+0000] {processor.py:161} INFO - Started process (PID=238) to work on /home/airflow/.local/lib/python3.8/site-packages/airflow/example_dags/example_latest_only.py
[2024-05-27T20:58:21.229+0000] {processor.py:830} INFO - Processing file /home/airflow/.local/lib/python3.8/site-packages/airflow/example_dags/example_latest_only.py for tasks to queue
[2024-05-27T20:58:21.234+0000] {logging_mixin.py:188} INFO - [2024-05-27T20:58:21.233+0000] {dagbag.py:545} INFO - Filling up the DagBag from /home/airflow/.local/lib/python3.8/site-packages/airflow/example_dags/example_latest_only.py
[2024-05-27T20:58:21.251+0000] {processor.py:840} INFO - DAG(s) 'latest_only' retrieved from /home/airflow/.local/lib/python3.8/site-packages/airflow/example_dags/example_latest_only.py
[2024-05-27T20:58:21.297+0000] {logging_mixin.py:188} INFO - [2024-05-27T20:58:21.296+0000] {dag.py:3096} INFO - Sync 1 DAGs
[2024-05-27T20:58:21.361+0000] {logging_mixin.py:188} INFO - [2024-05-27T20:58:21.361+0000] {dag.py:3954} INFO - Setting next_dagrun for latest_only to 2024-05-27 16:00:00+00:00, run_after=2024-05-27 20:00:00+00:00
[2024-05-27T20:58:21.399+0000] {processor.py:183} INFO - Processing /home/airflow/.local/lib/python3.8/site-packages/airflow/example_dags/example_latest_only.py took 0.191 seconds
[2024-05-27T20:58:51.827+0000] {processor.py:161} INFO - Started process (PID=308) to work on /home/airflow/.local/lib/python3.8/site-packages/airflow/example_dags/example_latest_only.py
[2024-05-27T20:58:51.828+0000] {processor.py:830} INFO - Processing file /home/airflow/.local/lib/python3.8/site-packages/airflow/example_dags/example_latest_only.py for tasks to queue
[2024-05-27T20:58:51.831+0000] {logging_mixin.py:188} INFO - [2024-05-27T20:58:51.830+0000] {dagbag.py:545} INFO - Filling up the DagBag from /home/airflow/.local/lib/python3.8/site-packages/airflow/example_dags/example_latest_only.py
[2024-05-27T20:58:51.848+0000] {processor.py:840} INFO - DAG(s) 'latest_only' retrieved from /home/airflow/.local/lib/python3.8/site-packages/airflow/example_dags/example_latest_only.py
[2024-05-27T20:58:51.881+0000] {logging_mixin.py:188} INFO - [2024-05-27T20:58:51.881+0000] {dag.py:3096} INFO - Sync 1 DAGs
[2024-05-27T20:58:51.902+0000] {logging_mixin.py:188} INFO - [2024-05-27T20:58:51.902+0000] {dag.py:3954} INFO - Setting next_dagrun for latest_only to 2024-05-27 16:00:00+00:00, run_after=2024-05-27 20:00:00+00:00
[2024-05-27T20:58:51.920+0000] {processor.py:183} INFO - Processing /home/airflow/.local/lib/python3.8/site-packages/airflow/example_dags/example_latest_only.py took 0.101 seconds
[2024-05-27T20:59:22.185+0000] {processor.py:161} INFO - Started process (PID=386) to work on /home/airflow/.local/lib/python3.8/site-packages/airflow/example_dags/example_latest_only.py
[2024-05-27T20:59:22.187+0000] {processor.py:830} INFO - Processing file /home/airflow/.local/lib/python3.8/site-packages/airflow/example_dags/example_latest_only.py for tasks to queue
[2024-05-27T20:59:22.189+0000] {logging_mixin.py:188} INFO - [2024-05-27T20:59:22.188+0000] {dagbag.py:545} INFO - Filling up the DagBag from /home/airflow/.local/lib/python3.8/site-packages/airflow/example_dags/example_latest_only.py
[2024-05-27T20:59:22.194+0000] {processor.py:840} INFO - DAG(s) 'latest_only' retrieved from /home/airflow/.local/lib/python3.8/site-packages/airflow/example_dags/example_latest_only.py
[2024-05-27T20:59:22.215+0000] {logging_mixin.py:188} INFO - [2024-05-27T20:59:22.215+0000] {dag.py:3096} INFO - Sync 1 DAGs
[2024-05-27T20:59:22.239+0000] {logging_mixin.py:188} INFO - [2024-05-27T20:59:22.239+0000] {dag.py:3954} INFO - Setting next_dagrun for latest_only to 2024-05-27 16:00:00+00:00, run_after=2024-05-27 20:00:00+00:00
[2024-05-27T20:59:22.263+0000] {processor.py:183} INFO - Processing /home/airflow/.local/lib/python3.8/site-packages/airflow/example_dags/example_latest_only.py took 0.084 seconds
[2024-05-27T20:59:52.761+0000] {processor.py:161} INFO - Started process (PID=456) to work on /home/airflow/.local/lib/python3.8/site-packages/airflow/example_dags/example_latest_only.py
[2024-05-27T20:59:52.762+0000] {processor.py:830} INFO - Processing file /home/airflow/.local/lib/python3.8/site-packages/airflow/example_dags/example_latest_only.py for tasks to queue
[2024-05-27T20:59:52.764+0000] {logging_mixin.py:188} INFO - [2024-05-27T20:59:52.764+0000] {dagbag.py:545} INFO - Filling up the DagBag from /home/airflow/.local/lib/python3.8/site-packages/airflow/example_dags/example_latest_only.py
[2024-05-27T20:59:52.770+0000] {processor.py:840} INFO - DAG(s) 'latest_only' retrieved from /home/airflow/.local/lib/python3.8/site-packages/airflow/example_dags/example_latest_only.py
[2024-05-27T20:59:52.790+0000] {logging_mixin.py:188} INFO - [2024-05-27T20:59:52.790+0000] {dag.py:3096} INFO - Sync 1 DAGs
[2024-05-27T20:59:52.812+0000] {logging_mixin.py:188} INFO - [2024-05-27T20:59:52.811+0000] {dag.py:3954} INFO - Setting next_dagrun for latest_only to 2024-05-27 16:00:00+00:00, run_after=2024-05-27 20:00:00+00:00
[2024-05-27T20:59:52.838+0000] {processor.py:183} INFO - Processing /home/airflow/.local/lib/python3.8/site-packages/airflow/example_dags/example_latest_only.py took 0.085 seconds
[2024-05-27T21:00:23.236+0000] {processor.py:161} INFO - Started process (PID=526) to work on /home/airflow/.local/lib/python3.8/site-packages/airflow/example_dags/example_latest_only.py
[2024-05-27T21:00:23.238+0000] {processor.py:830} INFO - Processing file /home/airflow/.local/lib/python3.8/site-packages/airflow/example_dags/example_latest_only.py for tasks to queue
[2024-05-27T21:00:23.240+0000] {logging_mixin.py:188} INFO - [2024-05-27T21:00:23.240+0000] {dagbag.py:545} INFO - Filling up the DagBag from /home/airflow/.local/lib/python3.8/site-packages/airflow/example_dags/example_latest_only.py
[2024-05-27T21:00:23.245+0000] {processor.py:840} INFO - DAG(s) 'latest_only' retrieved from /home/airflow/.local/lib/python3.8/site-packages/airflow/example_dags/example_latest_only.py
[2024-05-27T21:00:23.267+0000] {logging_mixin.py:188} INFO - [2024-05-27T21:00:23.267+0000] {dag.py:3096} INFO - Sync 1 DAGs
[2024-05-27T21:00:23.293+0000] {logging_mixin.py:188} INFO - [2024-05-27T21:00:23.293+0000] {dag.py:3954} INFO - Setting next_dagrun for latest_only to 2024-05-27 16:00:00+00:00, run_after=2024-05-27 20:00:00+00:00
[2024-05-27T21:00:23.318+0000] {processor.py:183} INFO - Processing /home/airflow/.local/lib/python3.8/site-packages/airflow/example_dags/example_latest_only.py took 0.090 seconds
[2024-05-27T21:00:53.655+0000] {processor.py:161} INFO - Started process (PID=604) to work on /home/airflow/.local/lib/python3.8/site-packages/airflow/example_dags/example_latest_only.py
[2024-05-27T21:00:53.656+0000] {processor.py:830} INFO - Processing file /home/airflow/.local/lib/python3.8/site-packages/airflow/example_dags/example_latest_only.py for tasks to queue
[2024-05-27T21:00:53.659+0000] {logging_mixin.py:188} INFO - [2024-05-27T21:00:53.658+0000] {dagbag.py:545} INFO - Filling up the DagBag from /home/airflow/.local/lib/python3.8/site-packages/airflow/example_dags/example_latest_only.py
[2024-05-27T21:00:53.665+0000] {processor.py:840} INFO - DAG(s) 'latest_only' retrieved from /home/airflow/.local/lib/python3.8/site-packages/airflow/example_dags/example_latest_only.py
[2024-05-27T21:00:53.685+0000] {logging_mixin.py:188} INFO - [2024-05-27T21:00:53.685+0000] {dag.py:3096} INFO - Sync 1 DAGs
[2024-05-27T21:00:53.708+0000] {logging_mixin.py:188} INFO - [2024-05-27T21:00:53.708+0000] {dag.py:3954} INFO - Setting next_dagrun for latest_only to 2024-05-27 16:00:00+00:00, run_after=2024-05-27 20:00:00+00:00
[2024-05-27T21:00:53.729+0000] {processor.py:183} INFO - Processing /home/airflow/.local/lib/python3.8/site-packages/airflow/example_dags/example_latest_only.py took 0.081 seconds
[2024-05-27T21:01:24.360+0000] {processor.py:161} INFO - Started process (PID=674) to work on /home/airflow/.local/lib/python3.8/site-packages/airflow/example_dags/example_latest_only.py
[2024-05-27T21:01:24.361+0000] {processor.py:830} INFO - Processing file /home/airflow/.local/lib/python3.8/site-packages/airflow/example_dags/example_latest_only.py for tasks to queue
[2024-05-27T21:01:24.363+0000] {logging_mixin.py:188} INFO - [2024-05-27T21:01:24.362+0000] {dagbag.py:545} INFO - Filling up the DagBag from /home/airflow/.local/lib/python3.8/site-packages/airflow/example_dags/example_latest_only.py
[2024-05-27T21:01:24.367+0000] {processor.py:840} INFO - DAG(s) 'latest_only' retrieved from /home/airflow/.local/lib/python3.8/site-packages/airflow/example_dags/example_latest_only.py
[2024-05-27T21:01:24.394+0000] {logging_mixin.py:188} INFO - [2024-05-27T21:01:24.393+0000] {dag.py:3096} INFO - Sync 1 DAGs
[2024-05-27T21:01:24.419+0000] {logging_mixin.py:188} INFO - [2024-05-27T21:01:24.419+0000] {dag.py:3954} INFO - Setting next_dagrun for latest_only to 2024-05-27 16:00:00+00:00, run_after=2024-05-27 20:00:00+00:00
[2024-05-27T21:01:24.437+0000] {processor.py:183} INFO - Processing /home/airflow/.local/lib/python3.8/site-packages/airflow/example_dags/example_latest_only.py took 0.083 seconds
[2024-05-27T21:06:51.945+0000] {processor.py:161} INFO - Started process (PID=104) to work on /home/airflow/.local/lib/python3.8/site-packages/airflow/example_dags/example_latest_only.py
[2024-05-27T21:06:51.948+0000] {processor.py:830} INFO - Processing file /home/airflow/.local/lib/python3.8/site-packages/airflow/example_dags/example_latest_only.py for tasks to queue
[2024-05-27T21:06:51.951+0000] {logging_mixin.py:188} INFO - [2024-05-27T21:06:51.950+0000] {dagbag.py:545} INFO - Filling up the DagBag from /home/airflow/.local/lib/python3.8/site-packages/airflow/example_dags/example_latest_only.py
[2024-05-27T21:06:51.968+0000] {processor.py:840} INFO - DAG(s) 'latest_only' retrieved from /home/airflow/.local/lib/python3.8/site-packages/airflow/example_dags/example_latest_only.py
[2024-05-27T21:06:52.452+0000] {logging_mixin.py:188} INFO - [2024-05-27T21:06:52.451+0000] {dag.py:3096} INFO - Sync 1 DAGs
[2024-05-27T21:06:52.542+0000] {logging_mixin.py:188} INFO - [2024-05-27T21:06:52.540+0000] {dag.py:3954} INFO - Setting next_dagrun for latest_only to 2024-05-27 16:00:00+00:00, run_after=2024-05-27 20:00:00+00:00
[2024-05-27T21:06:52.638+0000] {processor.py:183} INFO - Processing /home/airflow/.local/lib/python3.8/site-packages/airflow/example_dags/example_latest_only.py took 0.713 seconds
[2024-05-27T21:07:23.180+0000] {processor.py:161} INFO - Started process (PID=173) to work on /home/airflow/.local/lib/python3.8/site-packages/airflow/example_dags/example_latest_only.py
[2024-05-27T21:07:23.183+0000] {processor.py:830} INFO - Processing file /home/airflow/.local/lib/python3.8/site-packages/airflow/example_dags/example_latest_only.py for tasks to queue
[2024-05-27T21:07:23.193+0000] {logging_mixin.py:188} INFO - [2024-05-27T21:07:23.192+0000] {dagbag.py:545} INFO - Filling up the DagBag from /home/airflow/.local/lib/python3.8/site-packages/airflow/example_dags/example_latest_only.py
[2024-05-27T21:07:23.216+0000] {processor.py:840} INFO - DAG(s) 'latest_only' retrieved from /home/airflow/.local/lib/python3.8/site-packages/airflow/example_dags/example_latest_only.py
[2024-05-27T21:07:23.320+0000] {logging_mixin.py:188} INFO - [2024-05-27T21:07:23.319+0000] {dag.py:3096} INFO - Sync 1 DAGs
[2024-05-27T21:07:23.464+0000] {logging_mixin.py:188} INFO - [2024-05-27T21:07:23.463+0000] {dag.py:3954} INFO - Setting next_dagrun for latest_only to 2024-05-27 16:00:00+00:00, run_after=2024-05-27 20:00:00+00:00
[2024-05-27T21:07:23.559+0000] {processor.py:183} INFO - Processing /home/airflow/.local/lib/python3.8/site-packages/airflow/example_dags/example_latest_only.py took 0.404 seconds
[2024-05-27T21:07:54.497+0000] {processor.py:161} INFO - Started process (PID=237) to work on /home/airflow/.local/lib/python3.8/site-packages/airflow/example_dags/example_latest_only.py
[2024-05-27T21:07:54.499+0000] {processor.py:830} INFO - Processing file /home/airflow/.local/lib/python3.8/site-packages/airflow/example_dags/example_latest_only.py for tasks to queue
[2024-05-27T21:07:54.502+0000] {logging_mixin.py:188} INFO - [2024-05-27T21:07:54.501+0000] {dagbag.py:545} INFO - Filling up the DagBag from /home/airflow/.local/lib/python3.8/site-packages/airflow/example_dags/example_latest_only.py
[2024-05-27T21:07:54.511+0000] {processor.py:840} INFO - DAG(s) 'latest_only' retrieved from /home/airflow/.local/lib/python3.8/site-packages/airflow/example_dags/example_latest_only.py
[2024-05-27T21:07:54.545+0000] {logging_mixin.py:188} INFO - [2024-05-27T21:07:54.545+0000] {dag.py:3096} INFO - Sync 1 DAGs
[2024-05-27T21:07:54.580+0000] {logging_mixin.py:188} INFO - [2024-05-27T21:07:54.580+0000] {dag.py:3954} INFO - Setting next_dagrun for latest_only to 2024-05-27 16:00:00+00:00, run_after=2024-05-27 20:00:00+00:00
[2024-05-27T21:07:54.620+0000] {processor.py:183} INFO - Processing /home/airflow/.local/lib/python3.8/site-packages/airflow/example_dags/example_latest_only.py took 0.143 seconds
[2024-05-27T21:08:24.721+0000] {processor.py:161} INFO - Started process (PID=307) to work on /home/airflow/.local/lib/python3.8/site-packages/airflow/example_dags/example_latest_only.py
[2024-05-27T21:08:24.724+0000] {processor.py:830} INFO - Processing file /home/airflow/.local/lib/python3.8/site-packages/airflow/example_dags/example_latest_only.py for tasks to queue
[2024-05-27T21:08:24.729+0000] {logging_mixin.py:188} INFO - [2024-05-27T21:08:24.729+0000] {dagbag.py:545} INFO - Filling up the DagBag from /home/airflow/.local/lib/python3.8/site-packages/airflow/example_dags/example_latest_only.py
[2024-05-27T21:08:24.745+0000] {processor.py:840} INFO - DAG(s) 'latest_only' retrieved from /home/airflow/.local/lib/python3.8/site-packages/airflow/example_dags/example_latest_only.py
[2024-05-27T21:08:24.789+0000] {logging_mixin.py:188} INFO - [2024-05-27T21:08:24.789+0000] {dag.py:3096} INFO - Sync 1 DAGs
[2024-05-27T21:08:24.837+0000] {logging_mixin.py:188} INFO - [2024-05-27T21:08:24.836+0000] {dag.py:3954} INFO - Setting next_dagrun for latest_only to 2024-05-27 16:00:00+00:00, run_after=2024-05-27 20:00:00+00:00
[2024-05-27T21:08:24.894+0000] {processor.py:183} INFO - Processing /home/airflow/.local/lib/python3.8/site-packages/airflow/example_dags/example_latest_only.py took 0.184 seconds
[2024-05-27T21:08:55.342+0000] {processor.py:161} INFO - Started process (PID=377) to work on /home/airflow/.local/lib/python3.8/site-packages/airflow/example_dags/example_latest_only.py
[2024-05-27T21:08:55.343+0000] {processor.py:830} INFO - Processing file /home/airflow/.local/lib/python3.8/site-packages/airflow/example_dags/example_latest_only.py for tasks to queue
[2024-05-27T21:08:55.346+0000] {logging_mixin.py:188} INFO - [2024-05-27T21:08:55.345+0000] {dagbag.py:545} INFO - Filling up the DagBag from /home/airflow/.local/lib/python3.8/site-packages/airflow/example_dags/example_latest_only.py
[2024-05-27T21:08:55.351+0000] {processor.py:840} INFO - DAG(s) 'latest_only' retrieved from /home/airflow/.local/lib/python3.8/site-packages/airflow/example_dags/example_latest_only.py
[2024-05-27T21:08:55.381+0000] {logging_mixin.py:188} INFO - [2024-05-27T21:08:55.381+0000] {dag.py:3096} INFO - Sync 1 DAGs
[2024-05-27T21:08:55.415+0000] {logging_mixin.py:188} INFO - [2024-05-27T21:08:55.415+0000] {dag.py:3954} INFO - Setting next_dagrun for latest_only to 2024-05-27 16:00:00+00:00, run_after=2024-05-27 20:00:00+00:00
[2024-05-27T21:08:55.446+0000] {processor.py:183} INFO - Processing /home/airflow/.local/lib/python3.8/site-packages/airflow/example_dags/example_latest_only.py took 0.116 seconds
[2024-05-27T21:09:26.037+0000] {processor.py:161} INFO - Started process (PID=448) to work on /home/airflow/.local/lib/python3.8/site-packages/airflow/example_dags/example_latest_only.py
[2024-05-27T21:09:26.038+0000] {processor.py:830} INFO - Processing file /home/airflow/.local/lib/python3.8/site-packages/airflow/example_dags/example_latest_only.py for tasks to queue
[2024-05-27T21:09:26.041+0000] {logging_mixin.py:188} INFO - [2024-05-27T21:09:26.040+0000] {dagbag.py:545} INFO - Filling up the DagBag from /home/airflow/.local/lib/python3.8/site-packages/airflow/example_dags/example_latest_only.py
[2024-05-27T21:09:26.047+0000] {processor.py:840} INFO - DAG(s) 'latest_only' retrieved from /home/airflow/.local/lib/python3.8/site-packages/airflow/example_dags/example_latest_only.py
[2024-05-27T21:09:26.086+0000] {logging_mixin.py:188} INFO - [2024-05-27T21:09:26.085+0000] {dag.py:3096} INFO - Sync 1 DAGs
[2024-05-27T21:09:26.118+0000] {logging_mixin.py:188} INFO - [2024-05-27T21:09:26.118+0000] {dag.py:3954} INFO - Setting next_dagrun for latest_only to 2024-05-27 16:00:00+00:00, run_after=2024-05-27 20:00:00+00:00
[2024-05-27T21:09:26.156+0000] {processor.py:183} INFO - Processing /home/airflow/.local/lib/python3.8/site-packages/airflow/example_dags/example_latest_only.py took 0.132 seconds
[2024-05-27T21:09:56.694+0000] {processor.py:161} INFO - Started process (PID=517) to work on /home/airflow/.local/lib/python3.8/site-packages/airflow/example_dags/example_latest_only.py
[2024-05-27T21:09:56.696+0000] {processor.py:830} INFO - Processing file /home/airflow/.local/lib/python3.8/site-packages/airflow/example_dags/example_latest_only.py for tasks to queue
[2024-05-27T21:09:56.701+0000] {logging_mixin.py:188} INFO - [2024-05-27T21:09:56.700+0000] {dagbag.py:545} INFO - Filling up the DagBag from /home/airflow/.local/lib/python3.8/site-packages/airflow/example_dags/example_latest_only.py
[2024-05-27T21:09:56.710+0000] {processor.py:840} INFO - DAG(s) 'latest_only' retrieved from /home/airflow/.local/lib/python3.8/site-packages/airflow/example_dags/example_latest_only.py
[2024-05-27T21:09:56.748+0000] {logging_mixin.py:188} INFO - [2024-05-27T21:09:56.747+0000] {dag.py:3096} INFO - Sync 1 DAGs
[2024-05-27T21:09:56.786+0000] {logging_mixin.py:188} INFO - [2024-05-27T21:09:56.785+0000] {dag.py:3954} INFO - Setting next_dagrun for latest_only to 2024-05-27 16:00:00+00:00, run_after=2024-05-27 20:00:00+00:00
[2024-05-27T21:09:56.827+0000] {processor.py:183} INFO - Processing /home/airflow/.local/lib/python3.8/site-packages/airflow/example_dags/example_latest_only.py took 0.145 seconds
[2024-05-27T21:10:27.173+0000] {processor.py:161} INFO - Started process (PID=587) to work on /home/airflow/.local/lib/python3.8/site-packages/airflow/example_dags/example_latest_only.py
[2024-05-27T21:10:27.175+0000] {processor.py:830} INFO - Processing file /home/airflow/.local/lib/python3.8/site-packages/airflow/example_dags/example_latest_only.py for tasks to queue
[2024-05-27T21:10:27.184+0000] {logging_mixin.py:188} INFO - [2024-05-27T21:10:27.183+0000] {dagbag.py:545} INFO - Filling up the DagBag from /home/airflow/.local/lib/python3.8/site-packages/airflow/example_dags/example_latest_only.py
[2024-05-27T21:10:27.194+0000] {processor.py:840} INFO - DAG(s) 'latest_only' retrieved from /home/airflow/.local/lib/python3.8/site-packages/airflow/example_dags/example_latest_only.py
[2024-05-27T21:10:27.261+0000] {logging_mixin.py:188} INFO - [2024-05-27T21:10:27.261+0000] {dag.py:3096} INFO - Sync 1 DAGs
[2024-05-27T21:10:27.332+0000] {logging_mixin.py:188} INFO - [2024-05-27T21:10:27.332+0000] {dag.py:3954} INFO - Setting next_dagrun for latest_only to 2024-05-27 16:00:00+00:00, run_after=2024-05-27 20:00:00+00:00
[2024-05-27T21:10:27.404+0000] {processor.py:183} INFO - Processing /home/airflow/.local/lib/python3.8/site-packages/airflow/example_dags/example_latest_only.py took 0.241 seconds
[2024-05-27T21:10:58.094+0000] {processor.py:161} INFO - Started process (PID=657) to work on /home/airflow/.local/lib/python3.8/site-packages/airflow/example_dags/example_latest_only.py
[2024-05-27T21:10:58.100+0000] {processor.py:830} INFO - Processing file /home/airflow/.local/lib/python3.8/site-packages/airflow/example_dags/example_latest_only.py for tasks to queue
[2024-05-27T21:10:58.104+0000] {logging_mixin.py:188} INFO - [2024-05-27T21:10:58.103+0000] {dagbag.py:545} INFO - Filling up the DagBag from /home/airflow/.local/lib/python3.8/site-packages/airflow/example_dags/example_latest_only.py
[2024-05-27T21:10:58.110+0000] {processor.py:840} INFO - DAG(s) 'latest_only' retrieved from /home/airflow/.local/lib/python3.8/site-packages/airflow/example_dags/example_latest_only.py
[2024-05-27T21:10:58.157+0000] {logging_mixin.py:188} INFO - [2024-05-27T21:10:58.156+0000] {dag.py:3096} INFO - Sync 1 DAGs
[2024-05-27T21:10:58.205+0000] {logging_mixin.py:188} INFO - [2024-05-27T21:10:58.204+0000] {dag.py:3954} INFO - Setting next_dagrun for latest_only to 2024-05-27 16:00:00+00:00, run_after=2024-05-27 20:00:00+00:00
[2024-05-27T21:10:58.259+0000] {processor.py:183} INFO - Processing /home/airflow/.local/lib/python3.8/site-packages/airflow/example_dags/example_latest_only.py took 0.178 seconds
[2024-05-27T21:11:29.169+0000] {processor.py:161} INFO - Started process (PID=727) to work on /home/airflow/.local/lib/python3.8/site-packages/airflow/example_dags/example_latest_only.py
[2024-05-27T21:11:29.170+0000] {processor.py:830} INFO - Processing file /home/airflow/.local/lib/python3.8/site-packages/airflow/example_dags/example_latest_only.py for tasks to queue
[2024-05-27T21:11:29.172+0000] {logging_mixin.py:188} INFO - [2024-05-27T21:11:29.172+0000] {dagbag.py:545} INFO - Filling up the DagBag from /home/airflow/.local/lib/python3.8/site-packages/airflow/example_dags/example_latest_only.py
[2024-05-27T21:11:29.180+0000] {processor.py:840} INFO - DAG(s) 'latest_only' retrieved from /home/airflow/.local/lib/python3.8/site-packages/airflow/example_dags/example_latest_only.py
[2024-05-27T21:11:29.212+0000] {logging_mixin.py:188} INFO - [2024-05-27T21:11:29.211+0000] {dag.py:3096} INFO - Sync 1 DAGs
[2024-05-27T21:11:29.244+0000] {logging_mixin.py:188} INFO - [2024-05-27T21:11:29.243+0000] {dag.py:3954} INFO - Setting next_dagrun for latest_only to 2024-05-27 16:00:00+00:00, run_after=2024-05-27 20:00:00+00:00
[2024-05-27T21:11:29.274+0000] {processor.py:183} INFO - Processing /home/airflow/.local/lib/python3.8/site-packages/airflow/example_dags/example_latest_only.py took 0.118 seconds
[2024-05-27T21:12:00.096+0000] {processor.py:161} INFO - Started process (PID=796) to work on /home/airflow/.local/lib/python3.8/site-packages/airflow/example_dags/example_latest_only.py
[2024-05-27T21:12:00.101+0000] {processor.py:830} INFO - Processing file /home/airflow/.local/lib/python3.8/site-packages/airflow/example_dags/example_latest_only.py for tasks to queue
[2024-05-27T21:12:00.107+0000] {logging_mixin.py:188} INFO - [2024-05-27T21:12:00.105+0000] {dagbag.py:545} INFO - Filling up the DagBag from /home/airflow/.local/lib/python3.8/site-packages/airflow/example_dags/example_latest_only.py
[2024-05-27T21:12:00.120+0000] {processor.py:840} INFO - DAG(s) 'latest_only' retrieved from /home/airflow/.local/lib/python3.8/site-packages/airflow/example_dags/example_latest_only.py
[2024-05-27T21:12:00.205+0000] {logging_mixin.py:188} INFO - [2024-05-27T21:12:00.205+0000] {dag.py:3096} INFO - Sync 1 DAGs
[2024-05-27T21:12:00.274+0000] {logging_mixin.py:188} INFO - [2024-05-27T21:12:00.273+0000] {dag.py:3954} INFO - Setting next_dagrun for latest_only to 2024-05-27 16:00:00+00:00, run_after=2024-05-27 20:00:00+00:00
[2024-05-27T21:12:00.333+0000] {processor.py:183} INFO - Processing /home/airflow/.local/lib/python3.8/site-packages/airflow/example_dags/example_latest_only.py took 0.249 seconds
[2024-05-27T21:12:30.389+0000] {processor.py:161} INFO - Started process (PID=867) to work on /home/airflow/.local/lib/python3.8/site-packages/airflow/example_dags/example_latest_only.py
[2024-05-27T21:12:30.390+0000] {processor.py:830} INFO - Processing file /home/airflow/.local/lib/python3.8/site-packages/airflow/example_dags/example_latest_only.py for tasks to queue
[2024-05-27T21:12:30.393+0000] {logging_mixin.py:188} INFO - [2024-05-27T21:12:30.393+0000] {dagbag.py:545} INFO - Filling up the DagBag from /home/airflow/.local/lib/python3.8/site-packages/airflow/example_dags/example_latest_only.py
[2024-05-27T21:12:30.400+0000] {processor.py:840} INFO - DAG(s) 'latest_only' retrieved from /home/airflow/.local/lib/python3.8/site-packages/airflow/example_dags/example_latest_only.py
[2024-05-27T21:12:30.422+0000] {logging_mixin.py:188} INFO - [2024-05-27T21:12:30.422+0000] {dag.py:3096} INFO - Sync 1 DAGs
[2024-05-27T21:12:30.445+0000] {logging_mixin.py:188} INFO - [2024-05-27T21:12:30.444+0000] {dag.py:3954} INFO - Setting next_dagrun for latest_only to 2024-05-27 16:00:00+00:00, run_after=2024-05-27 20:00:00+00:00
[2024-05-27T21:12:30.468+0000] {processor.py:183} INFO - Processing /home/airflow/.local/lib/python3.8/site-packages/airflow/example_dags/example_latest_only.py took 0.085 seconds
[2024-05-27T21:13:01.329+0000] {processor.py:161} INFO - Started process (PID=945) to work on /home/airflow/.local/lib/python3.8/site-packages/airflow/example_dags/example_latest_only.py
[2024-05-27T21:13:01.331+0000] {processor.py:830} INFO - Processing file /home/airflow/.local/lib/python3.8/site-packages/airflow/example_dags/example_latest_only.py for tasks to queue
[2024-05-27T21:13:01.332+0000] {logging_mixin.py:188} INFO - [2024-05-27T21:13:01.332+0000] {dagbag.py:545} INFO - Filling up the DagBag from /home/airflow/.local/lib/python3.8/site-packages/airflow/example_dags/example_latest_only.py
[2024-05-27T21:13:01.336+0000] {processor.py:840} INFO - DAG(s) 'latest_only' retrieved from /home/airflow/.local/lib/python3.8/site-packages/airflow/example_dags/example_latest_only.py
[2024-05-27T21:13:01.357+0000] {logging_mixin.py:188} INFO - [2024-05-27T21:13:01.356+0000] {dag.py:3096} INFO - Sync 1 DAGs
[2024-05-27T21:13:01.376+0000] {logging_mixin.py:188} INFO - [2024-05-27T21:13:01.376+0000] {dag.py:3954} INFO - Setting next_dagrun for latest_only to 2024-05-27 16:00:00+00:00, run_after=2024-05-27 20:00:00+00:00
[2024-05-27T21:13:01.406+0000] {processor.py:183} INFO - Processing /home/airflow/.local/lib/python3.8/site-packages/airflow/example_dags/example_latest_only.py took 0.082 seconds
[2024-05-27T21:13:31.762+0000] {processor.py:161} INFO - Started process (PID=1015) to work on /home/airflow/.local/lib/python3.8/site-packages/airflow/example_dags/example_latest_only.py
[2024-05-27T21:13:31.764+0000] {processor.py:830} INFO - Processing file /home/airflow/.local/lib/python3.8/site-packages/airflow/example_dags/example_latest_only.py for tasks to queue
[2024-05-27T21:13:31.766+0000] {logging_mixin.py:188} INFO - [2024-05-27T21:13:31.766+0000] {dagbag.py:545} INFO - Filling up the DagBag from /home/airflow/.local/lib/python3.8/site-packages/airflow/example_dags/example_latest_only.py
[2024-05-27T21:13:31.772+0000] {processor.py:840} INFO - DAG(s) 'latest_only' retrieved from /home/airflow/.local/lib/python3.8/site-packages/airflow/example_dags/example_latest_only.py
[2024-05-27T21:13:31.797+0000] {logging_mixin.py:188} INFO - [2024-05-27T21:13:31.797+0000] {dag.py:3096} INFO - Sync 1 DAGs
[2024-05-27T21:13:31.819+0000] {logging_mixin.py:188} INFO - [2024-05-27T21:13:31.818+0000] {dag.py:3954} INFO - Setting next_dagrun for latest_only to 2024-05-27 16:00:00+00:00, run_after=2024-05-27 20:00:00+00:00
[2024-05-27T21:13:31.838+0000] {processor.py:183} INFO - Processing /home/airflow/.local/lib/python3.8/site-packages/airflow/example_dags/example_latest_only.py took 0.082 seconds
[2024-05-27T21:14:02.294+0000] {processor.py:161} INFO - Started process (PID=1091) to work on /home/airflow/.local/lib/python3.8/site-packages/airflow/example_dags/example_latest_only.py
[2024-05-27T21:14:02.295+0000] {processor.py:830} INFO - Processing file /home/airflow/.local/lib/python3.8/site-packages/airflow/example_dags/example_latest_only.py for tasks to queue
[2024-05-27T21:14:02.298+0000] {logging_mixin.py:188} INFO - [2024-05-27T21:14:02.297+0000] {dagbag.py:545} INFO - Filling up the DagBag from /home/airflow/.local/lib/python3.8/site-packages/airflow/example_dags/example_latest_only.py
[2024-05-27T21:14:02.304+0000] {processor.py:840} INFO - DAG(s) 'latest_only' retrieved from /home/airflow/.local/lib/python3.8/site-packages/airflow/example_dags/example_latest_only.py
[2024-05-27T21:14:02.329+0000] {logging_mixin.py:188} INFO - [2024-05-27T21:14:02.329+0000] {dag.py:3096} INFO - Sync 1 DAGs
[2024-05-27T21:14:02.358+0000] {logging_mixin.py:188} INFO - [2024-05-27T21:14:02.358+0000] {dag.py:3954} INFO - Setting next_dagrun for latest_only to 2024-05-27 16:00:00+00:00, run_after=2024-05-27 20:00:00+00:00
[2024-05-27T21:14:02.390+0000] {processor.py:183} INFO - Processing /home/airflow/.local/lib/python3.8/site-packages/airflow/example_dags/example_latest_only.py took 0.102 seconds
[2024-05-27T21:14:32.843+0000] {processor.py:161} INFO - Started process (PID=1162) to work on /home/airflow/.local/lib/python3.8/site-packages/airflow/example_dags/example_latest_only.py
[2024-05-27T21:14:32.845+0000] {processor.py:830} INFO - Processing file /home/airflow/.local/lib/python3.8/site-packages/airflow/example_dags/example_latest_only.py for tasks to queue
[2024-05-27T21:14:32.847+0000] {logging_mixin.py:188} INFO - [2024-05-27T21:14:32.847+0000] {dagbag.py:545} INFO - Filling up the DagBag from /home/airflow/.local/lib/python3.8/site-packages/airflow/example_dags/example_latest_only.py
[2024-05-27T21:14:32.855+0000] {processor.py:840} INFO - DAG(s) 'latest_only' retrieved from /home/airflow/.local/lib/python3.8/site-packages/airflow/example_dags/example_latest_only.py
[2024-05-27T21:14:32.881+0000] {logging_mixin.py:188} INFO - [2024-05-27T21:14:32.881+0000] {dag.py:3096} INFO - Sync 1 DAGs
[2024-05-27T21:14:32.902+0000] {logging_mixin.py:188} INFO - [2024-05-27T21:14:32.902+0000] {dag.py:3954} INFO - Setting next_dagrun for latest_only to 2024-05-27 16:00:00+00:00, run_after=2024-05-27 20:00:00+00:00
[2024-05-27T21:14:32.927+0000] {processor.py:183} INFO - Processing /home/airflow/.local/lib/python3.8/site-packages/airflow/example_dags/example_latest_only.py took 0.090 seconds
[2024-05-27T21:15:03.676+0000] {processor.py:161} INFO - Started process (PID=1233) to work on /home/airflow/.local/lib/python3.8/site-packages/airflow/example_dags/example_latest_only.py
[2024-05-27T21:15:03.677+0000] {processor.py:830} INFO - Processing file /home/airflow/.local/lib/python3.8/site-packages/airflow/example_dags/example_latest_only.py for tasks to queue
[2024-05-27T21:15:03.679+0000] {logging_mixin.py:188} INFO - [2024-05-27T21:15:03.679+0000] {dagbag.py:545} INFO - Filling up the DagBag from /home/airflow/.local/lib/python3.8/site-packages/airflow/example_dags/example_latest_only.py
[2024-05-27T21:15:03.685+0000] {processor.py:840} INFO - DAG(s) 'latest_only' retrieved from /home/airflow/.local/lib/python3.8/site-packages/airflow/example_dags/example_latest_only.py
[2024-05-27T21:15:03.711+0000] {logging_mixin.py:188} INFO - [2024-05-27T21:15:03.710+0000] {dag.py:3096} INFO - Sync 1 DAGs
[2024-05-27T21:15:03.733+0000] {logging_mixin.py:188} INFO - [2024-05-27T21:15:03.733+0000] {dag.py:3954} INFO - Setting next_dagrun for latest_only to 2024-05-27 16:00:00+00:00, run_after=2024-05-27 20:00:00+00:00
[2024-05-27T21:15:03.753+0000] {processor.py:183} INFO - Processing /home/airflow/.local/lib/python3.8/site-packages/airflow/example_dags/example_latest_only.py took 0.084 seconds
[2024-05-27T21:15:34.550+0000] {processor.py:161} INFO - Started process (PID=1311) to work on /home/airflow/.local/lib/python3.8/site-packages/airflow/example_dags/example_latest_only.py
[2024-05-27T21:15:34.552+0000] {processor.py:830} INFO - Processing file /home/airflow/.local/lib/python3.8/site-packages/airflow/example_dags/example_latest_only.py for tasks to queue
[2024-05-27T21:15:34.554+0000] {logging_mixin.py:188} INFO - [2024-05-27T21:15:34.554+0000] {dagbag.py:545} INFO - Filling up the DagBag from /home/airflow/.local/lib/python3.8/site-packages/airflow/example_dags/example_latest_only.py
[2024-05-27T21:15:34.559+0000] {processor.py:840} INFO - DAG(s) 'latest_only' retrieved from /home/airflow/.local/lib/python3.8/site-packages/airflow/example_dags/example_latest_only.py
[2024-05-27T21:15:34.586+0000] {logging_mixin.py:188} INFO - [2024-05-27T21:15:34.586+0000] {dag.py:3096} INFO - Sync 1 DAGs
[2024-05-27T21:15:34.610+0000] {logging_mixin.py:188} INFO - [2024-05-27T21:15:34.609+0000] {dag.py:3954} INFO - Setting next_dagrun for latest_only to 2024-05-27 16:00:00+00:00, run_after=2024-05-27 20:00:00+00:00
[2024-05-27T21:15:34.630+0000] {processor.py:183} INFO - Processing /home/airflow/.local/lib/python3.8/site-packages/airflow/example_dags/example_latest_only.py took 0.089 seconds
[2024-05-27T21:16:04.913+0000] {processor.py:161} INFO - Started process (PID=1381) to work on /home/airflow/.local/lib/python3.8/site-packages/airflow/example_dags/example_latest_only.py
[2024-05-27T21:16:04.914+0000] {processor.py:830} INFO - Processing file /home/airflow/.local/lib/python3.8/site-packages/airflow/example_dags/example_latest_only.py for tasks to queue
[2024-05-27T21:16:04.916+0000] {logging_mixin.py:188} INFO - [2024-05-27T21:16:04.916+0000] {dagbag.py:545} INFO - Filling up the DagBag from /home/airflow/.local/lib/python3.8/site-packages/airflow/example_dags/example_latest_only.py
[2024-05-27T21:16:04.921+0000] {processor.py:840} INFO - DAG(s) 'latest_only' retrieved from /home/airflow/.local/lib/python3.8/site-packages/airflow/example_dags/example_latest_only.py
[2024-05-27T21:16:04.944+0000] {logging_mixin.py:188} INFO - [2024-05-27T21:16:04.943+0000] {dag.py:3096} INFO - Sync 1 DAGs
[2024-05-27T21:16:04.969+0000] {logging_mixin.py:188} INFO - [2024-05-27T21:16:04.968+0000] {dag.py:3954} INFO - Setting next_dagrun for latest_only to 2024-05-27 16:00:00+00:00, run_after=2024-05-27 20:00:00+00:00
[2024-05-27T21:16:04.991+0000] {processor.py:183} INFO - Processing /home/airflow/.local/lib/python3.8/site-packages/airflow/example_dags/example_latest_only.py took 0.087 seconds
[2024-05-27T21:16:35.576+0000] {processor.py:161} INFO - Started process (PID=1461) to work on /home/airflow/.local/lib/python3.8/site-packages/airflow/example_dags/example_latest_only.py
[2024-05-27T21:16:35.578+0000] {processor.py:830} INFO - Processing file /home/airflow/.local/lib/python3.8/site-packages/airflow/example_dags/example_latest_only.py for tasks to queue
[2024-05-27T21:16:35.591+0000] {logging_mixin.py:188} INFO - [2024-05-27T21:16:35.591+0000] {dagbag.py:545} INFO - Filling up the DagBag from /home/airflow/.local/lib/python3.8/site-packages/airflow/example_dags/example_latest_only.py
[2024-05-27T21:16:35.608+0000] {processor.py:840} INFO - DAG(s) 'latest_only' retrieved from /home/airflow/.local/lib/python3.8/site-packages/airflow/example_dags/example_latest_only.py
[2024-05-27T21:16:35.669+0000] {logging_mixin.py:188} INFO - [2024-05-27T21:16:35.668+0000] {dag.py:3096} INFO - Sync 1 DAGs
[2024-05-27T21:16:35.743+0000] {logging_mixin.py:188} INFO - [2024-05-27T21:16:35.743+0000] {dag.py:3954} INFO - Setting next_dagrun for latest_only to 2024-05-27 16:00:00+00:00, run_after=2024-05-27 20:00:00+00:00
[2024-05-27T21:16:35.786+0000] {processor.py:183} INFO - Processing /home/airflow/.local/lib/python3.8/site-packages/airflow/example_dags/example_latest_only.py took 0.229 seconds
[2024-05-27T21:17:06.195+0000] {processor.py:161} INFO - Started process (PID=1531) to work on /home/airflow/.local/lib/python3.8/site-packages/airflow/example_dags/example_latest_only.py
[2024-05-27T21:17:06.196+0000] {processor.py:830} INFO - Processing file /home/airflow/.local/lib/python3.8/site-packages/airflow/example_dags/example_latest_only.py for tasks to queue
[2024-05-27T21:17:06.199+0000] {logging_mixin.py:188} INFO - [2024-05-27T21:17:06.199+0000] {dagbag.py:545} INFO - Filling up the DagBag from /home/airflow/.local/lib/python3.8/site-packages/airflow/example_dags/example_latest_only.py
[2024-05-27T21:17:06.206+0000] {processor.py:840} INFO - DAG(s) 'latest_only' retrieved from /home/airflow/.local/lib/python3.8/site-packages/airflow/example_dags/example_latest_only.py
[2024-05-27T21:17:06.233+0000] {logging_mixin.py:188} INFO - [2024-05-27T21:17:06.233+0000] {dag.py:3096} INFO - Sync 1 DAGs
[2024-05-27T21:17:06.261+0000] {logging_mixin.py:188} INFO - [2024-05-27T21:17:06.261+0000] {dag.py:3954} INFO - Setting next_dagrun for latest_only to 2024-05-27 16:00:00+00:00, run_after=2024-05-27 20:00:00+00:00
[2024-05-27T21:17:06.287+0000] {processor.py:183} INFO - Processing /home/airflow/.local/lib/python3.8/site-packages/airflow/example_dags/example_latest_only.py took 0.098 seconds
[2024-05-27T21:17:36.341+0000] {processor.py:161} INFO - Started process (PID=1601) to work on /home/airflow/.local/lib/python3.8/site-packages/airflow/example_dags/example_latest_only.py
[2024-05-27T21:17:36.342+0000] {processor.py:830} INFO - Processing file /home/airflow/.local/lib/python3.8/site-packages/airflow/example_dags/example_latest_only.py for tasks to queue
[2024-05-27T21:17:36.344+0000] {logging_mixin.py:188} INFO - [2024-05-27T21:17:36.343+0000] {dagbag.py:545} INFO - Filling up the DagBag from /home/airflow/.local/lib/python3.8/site-packages/airflow/example_dags/example_latest_only.py
[2024-05-27T21:17:36.348+0000] {processor.py:840} INFO - DAG(s) 'latest_only' retrieved from /home/airflow/.local/lib/python3.8/site-packages/airflow/example_dags/example_latest_only.py
[2024-05-27T21:17:36.368+0000] {logging_mixin.py:188} INFO - [2024-05-27T21:17:36.368+0000] {dag.py:3096} INFO - Sync 1 DAGs
[2024-05-27T21:17:36.389+0000] {logging_mixin.py:188} INFO - [2024-05-27T21:17:36.389+0000] {dag.py:3954} INFO - Setting next_dagrun for latest_only to 2024-05-27 16:00:00+00:00, run_after=2024-05-27 20:00:00+00:00
[2024-05-27T21:17:36.409+0000] {processor.py:183} INFO - Processing /home/airflow/.local/lib/python3.8/site-packages/airflow/example_dags/example_latest_only.py took 0.075 seconds
[2024-05-27T21:18:14.056+0000] {processor.py:161} INFO - Started process (PID=1678) to work on /home/airflow/.local/lib/python3.8/site-packages/airflow/example_dags/example_latest_only.py
[2024-05-27T21:18:14.060+0000] {processor.py:830} INFO - Processing file /home/airflow/.local/lib/python3.8/site-packages/airflow/example_dags/example_latest_only.py for tasks to queue
[2024-05-27T21:18:14.062+0000] {logging_mixin.py:188} INFO - [2024-05-27T21:18:14.062+0000] {dagbag.py:545} INFO - Filling up the DagBag from /home/airflow/.local/lib/python3.8/site-packages/airflow/example_dags/example_latest_only.py
[2024-05-27T21:18:14.069+0000] {processor.py:840} INFO - DAG(s) 'latest_only' retrieved from /home/airflow/.local/lib/python3.8/site-packages/airflow/example_dags/example_latest_only.py
[2024-05-27T21:18:14.096+0000] {logging_mixin.py:188} INFO - [2024-05-27T21:18:14.096+0000] {dag.py:3096} INFO - Sync 1 DAGs
[2024-05-27T21:18:14.128+0000] {logging_mixin.py:188} INFO - [2024-05-27T21:18:14.127+0000] {dag.py:3954} INFO - Setting next_dagrun for latest_only to 2024-05-27 16:00:00+00:00, run_after=2024-05-27 20:00:00+00:00
[2024-05-27T21:18:14.157+0000] {processor.py:183} INFO - Processing /home/airflow/.local/lib/python3.8/site-packages/airflow/example_dags/example_latest_only.py took 0.108 seconds
[2024-05-27T21:18:44.211+0000] {processor.py:161} INFO - Started process (PID=1749) to work on /home/airflow/.local/lib/python3.8/site-packages/airflow/example_dags/example_latest_only.py
[2024-05-27T21:18:44.213+0000] {processor.py:830} INFO - Processing file /home/airflow/.local/lib/python3.8/site-packages/airflow/example_dags/example_latest_only.py for tasks to queue
[2024-05-27T21:18:44.216+0000] {logging_mixin.py:188} INFO - [2024-05-27T21:18:44.215+0000] {dagbag.py:545} INFO - Filling up the DagBag from /home/airflow/.local/lib/python3.8/site-packages/airflow/example_dags/example_latest_only.py
[2024-05-27T21:18:44.221+0000] {processor.py:840} INFO - DAG(s) 'latest_only' retrieved from /home/airflow/.local/lib/python3.8/site-packages/airflow/example_dags/example_latest_only.py
[2024-05-27T21:18:44.247+0000] {logging_mixin.py:188} INFO - [2024-05-27T21:18:44.247+0000] {dag.py:3096} INFO - Sync 1 DAGs
[2024-05-27T21:18:44.271+0000] {logging_mixin.py:188} INFO - [2024-05-27T21:18:44.271+0000] {dag.py:3954} INFO - Setting next_dagrun for latest_only to 2024-05-27 16:00:00+00:00, run_after=2024-05-27 20:00:00+00:00
[2024-05-27T21:18:44.294+0000] {processor.py:183} INFO - Processing /home/airflow/.local/lib/python3.8/site-packages/airflow/example_dags/example_latest_only.py took 0.093 seconds
[2024-05-27T21:19:14.999+0000] {processor.py:161} INFO - Started process (PID=1819) to work on /home/airflow/.local/lib/python3.8/site-packages/airflow/example_dags/example_latest_only.py
[2024-05-27T21:19:15.001+0000] {processor.py:830} INFO - Processing file /home/airflow/.local/lib/python3.8/site-packages/airflow/example_dags/example_latest_only.py for tasks to queue
[2024-05-27T21:19:15.003+0000] {logging_mixin.py:188} INFO - [2024-05-27T21:19:15.002+0000] {dagbag.py:545} INFO - Filling up the DagBag from /home/airflow/.local/lib/python3.8/site-packages/airflow/example_dags/example_latest_only.py
[2024-05-27T21:19:15.010+0000] {processor.py:840} INFO - DAG(s) 'latest_only' retrieved from /home/airflow/.local/lib/python3.8/site-packages/airflow/example_dags/example_latest_only.py
[2024-05-27T21:19:15.036+0000] {logging_mixin.py:188} INFO - [2024-05-27T21:19:15.035+0000] {dag.py:3096} INFO - Sync 1 DAGs
[2024-05-27T21:19:15.062+0000] {logging_mixin.py:188} INFO - [2024-05-27T21:19:15.062+0000] {dag.py:3954} INFO - Setting next_dagrun for latest_only to 2024-05-27 16:00:00+00:00, run_after=2024-05-27 20:00:00+00:00
[2024-05-27T21:19:15.092+0000] {processor.py:183} INFO - Processing /home/airflow/.local/lib/python3.8/site-packages/airflow/example_dags/example_latest_only.py took 0.100 seconds
[2024-05-27T21:19:45.776+0000] {processor.py:161} INFO - Started process (PID=1889) to work on /home/airflow/.local/lib/python3.8/site-packages/airflow/example_dags/example_latest_only.py
[2024-05-27T21:19:45.777+0000] {processor.py:830} INFO - Processing file /home/airflow/.local/lib/python3.8/site-packages/airflow/example_dags/example_latest_only.py for tasks to queue
[2024-05-27T21:19:45.779+0000] {logging_mixin.py:188} INFO - [2024-05-27T21:19:45.779+0000] {dagbag.py:545} INFO - Filling up the DagBag from /home/airflow/.local/lib/python3.8/site-packages/airflow/example_dags/example_latest_only.py
[2024-05-27T21:19:45.786+0000] {processor.py:840} INFO - DAG(s) 'latest_only' retrieved from /home/airflow/.local/lib/python3.8/site-packages/airflow/example_dags/example_latest_only.py
[2024-05-27T21:19:45.812+0000] {logging_mixin.py:188} INFO - [2024-05-27T21:19:45.812+0000] {dag.py:3096} INFO - Sync 1 DAGs
[2024-05-27T21:19:45.841+0000] {logging_mixin.py:188} INFO - [2024-05-27T21:19:45.841+0000] {dag.py:3954} INFO - Setting next_dagrun for latest_only to 2024-05-27 16:00:00+00:00, run_after=2024-05-27 20:00:00+00:00
[2024-05-27T21:19:45.863+0000] {processor.py:183} INFO - Processing /home/airflow/.local/lib/python3.8/site-packages/airflow/example_dags/example_latest_only.py took 0.098 seconds
[2024-05-27T21:20:16.630+0000] {processor.py:161} INFO - Started process (PID=1967) to work on /home/airflow/.local/lib/python3.8/site-packages/airflow/example_dags/example_latest_only.py
[2024-05-27T21:20:16.631+0000] {processor.py:830} INFO - Processing file /home/airflow/.local/lib/python3.8/site-packages/airflow/example_dags/example_latest_only.py for tasks to queue
[2024-05-27T21:20:16.634+0000] {logging_mixin.py:188} INFO - [2024-05-27T21:20:16.633+0000] {dagbag.py:545} INFO - Filling up the DagBag from /home/airflow/.local/lib/python3.8/site-packages/airflow/example_dags/example_latest_only.py
[2024-05-27T21:20:16.641+0000] {processor.py:840} INFO - DAG(s) 'latest_only' retrieved from /home/airflow/.local/lib/python3.8/site-packages/airflow/example_dags/example_latest_only.py
[2024-05-27T21:20:16.663+0000] {logging_mixin.py:188} INFO - [2024-05-27T21:20:16.663+0000] {dag.py:3096} INFO - Sync 1 DAGs
[2024-05-27T21:20:16.686+0000] {logging_mixin.py:188} INFO - [2024-05-27T21:20:16.686+0000] {dag.py:3954} INFO - Setting next_dagrun for latest_only to 2024-05-27 16:00:00+00:00, run_after=2024-05-27 20:00:00+00:00
[2024-05-27T21:20:16.706+0000] {processor.py:183} INFO - Processing /home/airflow/.local/lib/python3.8/site-packages/airflow/example_dags/example_latest_only.py took 0.082 seconds
[2024-05-27T21:20:47.258+0000] {processor.py:161} INFO - Started process (PID=2038) to work on /home/airflow/.local/lib/python3.8/site-packages/airflow/example_dags/example_latest_only.py
[2024-05-27T21:20:47.260+0000] {processor.py:830} INFO - Processing file /home/airflow/.local/lib/python3.8/site-packages/airflow/example_dags/example_latest_only.py for tasks to queue
[2024-05-27T21:20:47.261+0000] {logging_mixin.py:188} INFO - [2024-05-27T21:20:47.261+0000] {dagbag.py:545} INFO - Filling up the DagBag from /home/airflow/.local/lib/python3.8/site-packages/airflow/example_dags/example_latest_only.py
[2024-05-27T21:20:47.268+0000] {processor.py:840} INFO - DAG(s) 'latest_only' retrieved from /home/airflow/.local/lib/python3.8/site-packages/airflow/example_dags/example_latest_only.py
[2024-05-27T21:20:47.290+0000] {logging_mixin.py:188} INFO - [2024-05-27T21:20:47.289+0000] {dag.py:3096} INFO - Sync 1 DAGs
[2024-05-27T21:20:47.311+0000] {logging_mixin.py:188} INFO - [2024-05-27T21:20:47.311+0000] {dag.py:3954} INFO - Setting next_dagrun for latest_only to 2024-05-27 16:00:00+00:00, run_after=2024-05-27 20:00:00+00:00
[2024-05-27T21:20:47.333+0000] {processor.py:183} INFO - Processing /home/airflow/.local/lib/python3.8/site-packages/airflow/example_dags/example_latest_only.py took 0.080 seconds
[2024-05-27T21:21:19.981+0000] {processor.py:161} INFO - Started process (PID=2139) to work on /home/airflow/.local/lib/python3.8/site-packages/airflow/example_dags/example_latest_only.py
[2024-05-27T21:21:19.986+0000] {processor.py:830} INFO - Processing file /home/airflow/.local/lib/python3.8/site-packages/airflow/example_dags/example_latest_only.py for tasks to queue
[2024-05-27T21:21:20.034+0000] {logging_mixin.py:188} INFO - [2024-05-27T21:21:20.033+0000] {dagbag.py:545} INFO - Filling up the DagBag from /home/airflow/.local/lib/python3.8/site-packages/airflow/example_dags/example_latest_only.py
[2024-05-27T21:21:20.093+0000] {processor.py:840} INFO - DAG(s) 'latest_only' retrieved from /home/airflow/.local/lib/python3.8/site-packages/airflow/example_dags/example_latest_only.py
[2024-05-27T21:21:20.203+0000] {logging_mixin.py:188} INFO - [2024-05-27T21:21:20.202+0000] {dag.py:3096} INFO - Sync 1 DAGs
[2024-05-27T21:21:20.506+0000] {logging_mixin.py:188} INFO - [2024-05-27T21:21:20.506+0000] {dag.py:3954} INFO - Setting next_dagrun for latest_only to 2024-05-27 16:00:00+00:00, run_after=2024-05-27 20:00:00+00:00
[2024-05-27T21:21:20.704+0000] {processor.py:183} INFO - Processing /home/airflow/.local/lib/python3.8/site-packages/airflow/example_dags/example_latest_only.py took 0.767 seconds
[2024-05-27T21:21:51.704+0000] {processor.py:161} INFO - Started process (PID=2210) to work on /home/airflow/.local/lib/python3.8/site-packages/airflow/example_dags/example_latest_only.py
[2024-05-27T21:21:51.705+0000] {processor.py:830} INFO - Processing file /home/airflow/.local/lib/python3.8/site-packages/airflow/example_dags/example_latest_only.py for tasks to queue
[2024-05-27T21:21:51.712+0000] {logging_mixin.py:188} INFO - [2024-05-27T21:21:51.712+0000] {dagbag.py:545} INFO - Filling up the DagBag from /home/airflow/.local/lib/python3.8/site-packages/airflow/example_dags/example_latest_only.py
[2024-05-27T21:21:51.719+0000] {processor.py:840} INFO - DAG(s) 'latest_only' retrieved from /home/airflow/.local/lib/python3.8/site-packages/airflow/example_dags/example_latest_only.py
[2024-05-27T21:21:51.759+0000] {logging_mixin.py:188} INFO - [2024-05-27T21:21:51.759+0000] {dag.py:3096} INFO - Sync 1 DAGs
[2024-05-27T21:21:51.794+0000] {logging_mixin.py:188} INFO - [2024-05-27T21:21:51.794+0000] {dag.py:3954} INFO - Setting next_dagrun for latest_only to 2024-05-27 16:00:00+00:00, run_after=2024-05-27 20:00:00+00:00
[2024-05-27T21:21:51.820+0000] {processor.py:183} INFO - Processing /home/airflow/.local/lib/python3.8/site-packages/airflow/example_dags/example_latest_only.py took 0.126 seconds
[2024-05-27T21:22:22.264+0000] {processor.py:161} INFO - Started process (PID=2279) to work on /home/airflow/.local/lib/python3.8/site-packages/airflow/example_dags/example_latest_only.py
[2024-05-27T21:22:22.266+0000] {processor.py:830} INFO - Processing file /home/airflow/.local/lib/python3.8/site-packages/airflow/example_dags/example_latest_only.py for tasks to queue
[2024-05-27T21:22:22.268+0000] {logging_mixin.py:188} INFO - [2024-05-27T21:22:22.268+0000] {dagbag.py:545} INFO - Filling up the DagBag from /home/airflow/.local/lib/python3.8/site-packages/airflow/example_dags/example_latest_only.py
[2024-05-27T21:22:22.273+0000] {processor.py:840} INFO - DAG(s) 'latest_only' retrieved from /home/airflow/.local/lib/python3.8/site-packages/airflow/example_dags/example_latest_only.py
[2024-05-27T21:22:22.298+0000] {logging_mixin.py:188} INFO - [2024-05-27T21:22:22.298+0000] {dag.py:3096} INFO - Sync 1 DAGs
[2024-05-27T21:22:22.319+0000] {logging_mixin.py:188} INFO - [2024-05-27T21:22:22.318+0000] {dag.py:3954} INFO - Setting next_dagrun for latest_only to 2024-05-27 16:00:00+00:00, run_after=2024-05-27 20:00:00+00:00
[2024-05-27T21:22:22.340+0000] {processor.py:183} INFO - Processing /home/airflow/.local/lib/python3.8/site-packages/airflow/example_dags/example_latest_only.py took 0.083 seconds
[2024-05-27T21:22:52.959+0000] {processor.py:161} INFO - Started process (PID=2349) to work on /home/airflow/.local/lib/python3.8/site-packages/airflow/example_dags/example_latest_only.py
[2024-05-27T21:22:52.961+0000] {processor.py:830} INFO - Processing file /home/airflow/.local/lib/python3.8/site-packages/airflow/example_dags/example_latest_only.py for tasks to queue
[2024-05-27T21:22:52.964+0000] {logging_mixin.py:188} INFO - [2024-05-27T21:22:52.963+0000] {dagbag.py:545} INFO - Filling up the DagBag from /home/airflow/.local/lib/python3.8/site-packages/airflow/example_dags/example_latest_only.py
[2024-05-27T21:22:52.970+0000] {processor.py:840} INFO - DAG(s) 'latest_only' retrieved from /home/airflow/.local/lib/python3.8/site-packages/airflow/example_dags/example_latest_only.py
[2024-05-27T21:22:52.997+0000] {logging_mixin.py:188} INFO - [2024-05-27T21:22:52.997+0000] {dag.py:3096} INFO - Sync 1 DAGs
[2024-05-27T21:22:53.026+0000] {logging_mixin.py:188} INFO - [2024-05-27T21:22:53.025+0000] {dag.py:3954} INFO - Setting next_dagrun for latest_only to 2024-05-27 16:00:00+00:00, run_after=2024-05-27 20:00:00+00:00
[2024-05-27T21:22:53.048+0000] {processor.py:183} INFO - Processing /home/airflow/.local/lib/python3.8/site-packages/airflow/example_dags/example_latest_only.py took 0.097 seconds
[2024-05-27T21:23:23.767+0000] {processor.py:161} INFO - Started process (PID=2427) to work on /home/airflow/.local/lib/python3.8/site-packages/airflow/example_dags/example_latest_only.py
[2024-05-27T21:23:23.769+0000] {processor.py:830} INFO - Processing file /home/airflow/.local/lib/python3.8/site-packages/airflow/example_dags/example_latest_only.py for tasks to queue
[2024-05-27T21:23:23.771+0000] {logging_mixin.py:188} INFO - [2024-05-27T21:23:23.770+0000] {dagbag.py:545} INFO - Filling up the DagBag from /home/airflow/.local/lib/python3.8/site-packages/airflow/example_dags/example_latest_only.py
[2024-05-27T21:23:23.776+0000] {processor.py:840} INFO - DAG(s) 'latest_only' retrieved from /home/airflow/.local/lib/python3.8/site-packages/airflow/example_dags/example_latest_only.py
[2024-05-27T21:23:23.799+0000] {logging_mixin.py:188} INFO - [2024-05-27T21:23:23.799+0000] {dag.py:3096} INFO - Sync 1 DAGs
[2024-05-27T21:23:23.820+0000] {logging_mixin.py:188} INFO - [2024-05-27T21:23:23.820+0000] {dag.py:3954} INFO - Setting next_dagrun for latest_only to 2024-05-27 16:00:00+00:00, run_after=2024-05-27 20:00:00+00:00
[2024-05-27T21:23:23.840+0000] {processor.py:183} INFO - Processing /home/airflow/.local/lib/python3.8/site-packages/airflow/example_dags/example_latest_only.py took 0.078 seconds
[2024-05-27T21:23:54.137+0000] {processor.py:161} INFO - Started process (PID=2497) to work on /home/airflow/.local/lib/python3.8/site-packages/airflow/example_dags/example_latest_only.py
[2024-05-27T21:23:54.139+0000] {processor.py:830} INFO - Processing file /home/airflow/.local/lib/python3.8/site-packages/airflow/example_dags/example_latest_only.py for tasks to queue
[2024-05-27T21:23:54.141+0000] {logging_mixin.py:188} INFO - [2024-05-27T21:23:54.141+0000] {dagbag.py:545} INFO - Filling up the DagBag from /home/airflow/.local/lib/python3.8/site-packages/airflow/example_dags/example_latest_only.py
[2024-05-27T21:23:54.146+0000] {processor.py:840} INFO - DAG(s) 'latest_only' retrieved from /home/airflow/.local/lib/python3.8/site-packages/airflow/example_dags/example_latest_only.py
[2024-05-27T21:23:54.169+0000] {logging_mixin.py:188} INFO - [2024-05-27T21:23:54.169+0000] {dag.py:3096} INFO - Sync 1 DAGs
[2024-05-27T21:23:54.192+0000] {logging_mixin.py:188} INFO - [2024-05-27T21:23:54.192+0000] {dag.py:3954} INFO - Setting next_dagrun for latest_only to 2024-05-27 16:00:00+00:00, run_after=2024-05-27 20:00:00+00:00
[2024-05-27T21:23:54.222+0000] {processor.py:183} INFO - Processing /home/airflow/.local/lib/python3.8/site-packages/airflow/example_dags/example_latest_only.py took 0.092 seconds
[2024-05-27T21:24:25.069+0000] {processor.py:161} INFO - Started process (PID=2576) to work on /home/airflow/.local/lib/python3.8/site-packages/airflow/example_dags/example_latest_only.py
[2024-05-27T21:24:25.071+0000] {processor.py:830} INFO - Processing file /home/airflow/.local/lib/python3.8/site-packages/airflow/example_dags/example_latest_only.py for tasks to queue
[2024-05-27T21:24:25.073+0000] {logging_mixin.py:188} INFO - [2024-05-27T21:24:25.073+0000] {dagbag.py:545} INFO - Filling up the DagBag from /home/airflow/.local/lib/python3.8/site-packages/airflow/example_dags/example_latest_only.py
[2024-05-27T21:24:25.079+0000] {processor.py:840} INFO - DAG(s) 'latest_only' retrieved from /home/airflow/.local/lib/python3.8/site-packages/airflow/example_dags/example_latest_only.py
[2024-05-27T21:24:25.103+0000] {logging_mixin.py:188} INFO - [2024-05-27T21:24:25.102+0000] {dag.py:3096} INFO - Sync 1 DAGs
[2024-05-27T21:24:25.127+0000] {logging_mixin.py:188} INFO - [2024-05-27T21:24:25.126+0000] {dag.py:3954} INFO - Setting next_dagrun for latest_only to 2024-05-27 16:00:00+00:00, run_after=2024-05-27 20:00:00+00:00
[2024-05-27T21:24:25.147+0000] {processor.py:183} INFO - Processing /home/airflow/.local/lib/python3.8/site-packages/airflow/example_dags/example_latest_only.py took 0.086 seconds
[2024-05-27T21:24:55.569+0000] {processor.py:161} INFO - Started process (PID=2646) to work on /home/airflow/.local/lib/python3.8/site-packages/airflow/example_dags/example_latest_only.py
[2024-05-27T21:24:55.570+0000] {processor.py:830} INFO - Processing file /home/airflow/.local/lib/python3.8/site-packages/airflow/example_dags/example_latest_only.py for tasks to queue
[2024-05-27T21:24:55.573+0000] {logging_mixin.py:188} INFO - [2024-05-27T21:24:55.572+0000] {dagbag.py:545} INFO - Filling up the DagBag from /home/airflow/.local/lib/python3.8/site-packages/airflow/example_dags/example_latest_only.py
[2024-05-27T21:24:55.577+0000] {processor.py:840} INFO - DAG(s) 'latest_only' retrieved from /home/airflow/.local/lib/python3.8/site-packages/airflow/example_dags/example_latest_only.py
[2024-05-27T21:24:55.596+0000] {logging_mixin.py:188} INFO - [2024-05-27T21:24:55.596+0000] {dag.py:3096} INFO - Sync 1 DAGs
[2024-05-27T21:24:55.622+0000] {logging_mixin.py:188} INFO - [2024-05-27T21:24:55.621+0000] {dag.py:3954} INFO - Setting next_dagrun for latest_only to 2024-05-27 16:00:00+00:00, run_after=2024-05-27 20:00:00+00:00
[2024-05-27T21:24:55.652+0000] {processor.py:183} INFO - Processing /home/airflow/.local/lib/python3.8/site-packages/airflow/example_dags/example_latest_only.py took 0.092 seconds
[2024-05-27T21:25:26.315+0000] {processor.py:161} INFO - Started process (PID=2716) to work on /home/airflow/.local/lib/python3.8/site-packages/airflow/example_dags/example_latest_only.py
[2024-05-27T21:25:26.316+0000] {processor.py:830} INFO - Processing file /home/airflow/.local/lib/python3.8/site-packages/airflow/example_dags/example_latest_only.py for tasks to queue
[2024-05-27T21:25:26.318+0000] {logging_mixin.py:188} INFO - [2024-05-27T21:25:26.318+0000] {dagbag.py:545} INFO - Filling up the DagBag from /home/airflow/.local/lib/python3.8/site-packages/airflow/example_dags/example_latest_only.py
[2024-05-27T21:25:26.327+0000] {processor.py:840} INFO - DAG(s) 'latest_only' retrieved from /home/airflow/.local/lib/python3.8/site-packages/airflow/example_dags/example_latest_only.py
[2024-05-27T21:25:26.353+0000] {logging_mixin.py:188} INFO - [2024-05-27T21:25:26.353+0000] {dag.py:3096} INFO - Sync 1 DAGs
[2024-05-27T21:25:26.374+0000] {logging_mixin.py:188} INFO - [2024-05-27T21:25:26.374+0000] {dag.py:3954} INFO - Setting next_dagrun for latest_only to 2024-05-27 16:00:00+00:00, run_after=2024-05-27 20:00:00+00:00
[2024-05-27T21:25:26.396+0000] {processor.py:183} INFO - Processing /home/airflow/.local/lib/python3.8/site-packages/airflow/example_dags/example_latest_only.py took 0.088 seconds
