[2024-05-27T20:50:53.159+0000] {processor.py:161} INFO - Started process (PID=60) to work on /home/airflow/.local/lib/python3.8/site-packages/airflow/example_dags/example_nested_branch_dag.py
[2024-05-27T20:50:53.161+0000] {processor.py:830} INFO - Processing file /home/airflow/.local/lib/python3.8/site-packages/airflow/example_dags/example_nested_branch_dag.py for tasks to queue
[2024-05-27T20:50:53.164+0000] {logging_mixin.py:188} INFO - [2024-05-27T20:50:53.163+0000] {dagbag.py:545} INFO - Filling up the DagBag from /home/airflow/.local/lib/python3.8/site-packages/airflow/example_dags/example_nested_branch_dag.py
[2024-05-27T20:50:53.194+0000] {processor.py:840} INFO - DAG(s) 'example_nested_branch_dag' retrieved from /home/airflow/.local/lib/python3.8/site-packages/airflow/example_dags/example_nested_branch_dag.py
[2024-05-27T20:50:53.232+0000] {logging_mixin.py:188} INFO - [2024-05-27T20:50:53.231+0000] {dag.py:3096} INFO - Sync 1 DAGs
[2024-05-27T20:50:53.321+0000] {logging_mixin.py:188} INFO - [2024-05-27T20:50:53.320+0000] {dag.py:3954} INFO - Setting next_dagrun for example_nested_branch_dag to 2024-05-26 00:00:00+00:00, run_after=2024-05-27 00:00:00+00:00
[2024-05-27T20:50:53.366+0000] {processor.py:183} INFO - Processing /home/airflow/.local/lib/python3.8/site-packages/airflow/example_dags/example_nested_branch_dag.py took 0.223 seconds
[2024-05-27T20:51:24.410+0000] {processor.py:161} INFO - Started process (PID=130) to work on /home/airflow/.local/lib/python3.8/site-packages/airflow/example_dags/example_nested_branch_dag.py
[2024-05-27T20:51:24.411+0000] {processor.py:830} INFO - Processing file /home/airflow/.local/lib/python3.8/site-packages/airflow/example_dags/example_nested_branch_dag.py for tasks to queue
[2024-05-27T20:51:24.413+0000] {logging_mixin.py:188} INFO - [2024-05-27T20:51:24.412+0000] {dagbag.py:545} INFO - Filling up the DagBag from /home/airflow/.local/lib/python3.8/site-packages/airflow/example_dags/example_nested_branch_dag.py
[2024-05-27T20:51:24.423+0000] {processor.py:840} INFO - DAG(s) 'example_nested_branch_dag' retrieved from /home/airflow/.local/lib/python3.8/site-packages/airflow/example_dags/example_nested_branch_dag.py
[2024-05-27T20:51:24.530+0000] {logging_mixin.py:188} INFO - [2024-05-27T20:51:24.529+0000] {dag.py:3096} INFO - Sync 1 DAGs
[2024-05-27T20:51:24.551+0000] {logging_mixin.py:188} INFO - [2024-05-27T20:51:24.550+0000] {dag.py:3954} INFO - Setting next_dagrun for example_nested_branch_dag to 2024-05-26 00:00:00+00:00, run_after=2024-05-27 00:00:00+00:00
[2024-05-27T20:51:24.572+0000] {processor.py:183} INFO - Processing /home/airflow/.local/lib/python3.8/site-packages/airflow/example_dags/example_nested_branch_dag.py took 0.168 seconds
[2024-05-27T20:51:54.726+0000] {processor.py:161} INFO - Started process (PID=207) to work on /home/airflow/.local/lib/python3.8/site-packages/airflow/example_dags/example_nested_branch_dag.py
[2024-05-27T20:51:54.727+0000] {processor.py:830} INFO - Processing file /home/airflow/.local/lib/python3.8/site-packages/airflow/example_dags/example_nested_branch_dag.py for tasks to queue
[2024-05-27T20:51:54.730+0000] {logging_mixin.py:188} INFO - [2024-05-27T20:51:54.729+0000] {dagbag.py:545} INFO - Filling up the DagBag from /home/airflow/.local/lib/python3.8/site-packages/airflow/example_dags/example_nested_branch_dag.py
[2024-05-27T20:51:54.742+0000] {processor.py:840} INFO - DAG(s) 'example_nested_branch_dag' retrieved from /home/airflow/.local/lib/python3.8/site-packages/airflow/example_dags/example_nested_branch_dag.py
[2024-05-27T20:51:54.768+0000] {logging_mixin.py:188} INFO - [2024-05-27T20:51:54.768+0000] {dag.py:3096} INFO - Sync 1 DAGs
[2024-05-27T20:51:54.790+0000] {logging_mixin.py:188} INFO - [2024-05-27T20:51:54.789+0000] {dag.py:3954} INFO - Setting next_dagrun for example_nested_branch_dag to 2024-05-26 00:00:00+00:00, run_after=2024-05-27 00:00:00+00:00
[2024-05-27T20:51:54.812+0000] {processor.py:183} INFO - Processing /home/airflow/.local/lib/python3.8/site-packages/airflow/example_dags/example_nested_branch_dag.py took 0.093 seconds
[2024-05-27T20:52:25.089+0000] {processor.py:161} INFO - Started process (PID=276) to work on /home/airflow/.local/lib/python3.8/site-packages/airflow/example_dags/example_nested_branch_dag.py
[2024-05-27T20:52:25.090+0000] {processor.py:830} INFO - Processing file /home/airflow/.local/lib/python3.8/site-packages/airflow/example_dags/example_nested_branch_dag.py for tasks to queue
[2024-05-27T20:52:25.092+0000] {logging_mixin.py:188} INFO - [2024-05-27T20:52:25.092+0000] {dagbag.py:545} INFO - Filling up the DagBag from /home/airflow/.local/lib/python3.8/site-packages/airflow/example_dags/example_nested_branch_dag.py
[2024-05-27T20:52:25.102+0000] {processor.py:840} INFO - DAG(s) 'example_nested_branch_dag' retrieved from /home/airflow/.local/lib/python3.8/site-packages/airflow/example_dags/example_nested_branch_dag.py
[2024-05-27T20:52:25.127+0000] {logging_mixin.py:188} INFO - [2024-05-27T20:52:25.127+0000] {dag.py:3096} INFO - Sync 1 DAGs
[2024-05-27T20:52:25.159+0000] {logging_mixin.py:188} INFO - [2024-05-27T20:52:25.156+0000] {dag.py:3954} INFO - Setting next_dagrun for example_nested_branch_dag to 2024-05-26 00:00:00+00:00, run_after=2024-05-27 00:00:00+00:00
[2024-05-27T20:52:25.243+0000] {processor.py:183} INFO - Processing /home/airflow/.local/lib/python3.8/site-packages/airflow/example_dags/example_nested_branch_dag.py took 0.163 seconds
[2024-05-27T20:52:56.223+0000] {processor.py:161} INFO - Started process (PID=346) to work on /home/airflow/.local/lib/python3.8/site-packages/airflow/example_dags/example_nested_branch_dag.py
[2024-05-27T20:52:56.224+0000] {processor.py:830} INFO - Processing file /home/airflow/.local/lib/python3.8/site-packages/airflow/example_dags/example_nested_branch_dag.py for tasks to queue
[2024-05-27T20:52:56.227+0000] {logging_mixin.py:188} INFO - [2024-05-27T20:52:56.226+0000] {dagbag.py:545} INFO - Filling up the DagBag from /home/airflow/.local/lib/python3.8/site-packages/airflow/example_dags/example_nested_branch_dag.py
[2024-05-27T20:52:56.238+0000] {processor.py:840} INFO - DAG(s) 'example_nested_branch_dag' retrieved from /home/airflow/.local/lib/python3.8/site-packages/airflow/example_dags/example_nested_branch_dag.py
[2024-05-27T20:52:56.263+0000] {logging_mixin.py:188} INFO - [2024-05-27T20:52:56.263+0000] {dag.py:3096} INFO - Sync 1 DAGs
[2024-05-27T20:52:56.287+0000] {logging_mixin.py:188} INFO - [2024-05-27T20:52:56.287+0000] {dag.py:3954} INFO - Setting next_dagrun for example_nested_branch_dag to 2024-05-26 00:00:00+00:00, run_after=2024-05-27 00:00:00+00:00
[2024-05-27T20:52:56.306+0000] {processor.py:183} INFO - Processing /home/airflow/.local/lib/python3.8/site-packages/airflow/example_dags/example_nested_branch_dag.py took 0.092 seconds
[2024-05-27T20:53:27.325+0000] {processor.py:161} INFO - Started process (PID=423) to work on /home/airflow/.local/lib/python3.8/site-packages/airflow/example_dags/example_nested_branch_dag.py
[2024-05-27T20:53:27.327+0000] {processor.py:830} INFO - Processing file /home/airflow/.local/lib/python3.8/site-packages/airflow/example_dags/example_nested_branch_dag.py for tasks to queue
[2024-05-27T20:53:27.328+0000] {logging_mixin.py:188} INFO - [2024-05-27T20:53:27.328+0000] {dagbag.py:545} INFO - Filling up the DagBag from /home/airflow/.local/lib/python3.8/site-packages/airflow/example_dags/example_nested_branch_dag.py
[2024-05-27T20:53:27.341+0000] {processor.py:840} INFO - DAG(s) 'example_nested_branch_dag' retrieved from /home/airflow/.local/lib/python3.8/site-packages/airflow/example_dags/example_nested_branch_dag.py
[2024-05-27T20:53:27.373+0000] {logging_mixin.py:188} INFO - [2024-05-27T20:53:27.372+0000] {dag.py:3096} INFO - Sync 1 DAGs
[2024-05-27T20:53:27.401+0000] {logging_mixin.py:188} INFO - [2024-05-27T20:53:27.401+0000] {dag.py:3954} INFO - Setting next_dagrun for example_nested_branch_dag to 2024-05-26 00:00:00+00:00, run_after=2024-05-27 00:00:00+00:00
[2024-05-27T20:53:27.425+0000] {processor.py:183} INFO - Processing /home/airflow/.local/lib/python3.8/site-packages/airflow/example_dags/example_nested_branch_dag.py took 0.109 seconds
[2024-05-27T20:53:57.957+0000] {processor.py:161} INFO - Started process (PID=493) to work on /home/airflow/.local/lib/python3.8/site-packages/airflow/example_dags/example_nested_branch_dag.py
[2024-05-27T20:53:57.958+0000] {processor.py:830} INFO - Processing file /home/airflow/.local/lib/python3.8/site-packages/airflow/example_dags/example_nested_branch_dag.py for tasks to queue
[2024-05-27T20:53:57.960+0000] {logging_mixin.py:188} INFO - [2024-05-27T20:53:57.960+0000] {dagbag.py:545} INFO - Filling up the DagBag from /home/airflow/.local/lib/python3.8/site-packages/airflow/example_dags/example_nested_branch_dag.py
[2024-05-27T20:53:57.972+0000] {processor.py:840} INFO - DAG(s) 'example_nested_branch_dag' retrieved from /home/airflow/.local/lib/python3.8/site-packages/airflow/example_dags/example_nested_branch_dag.py
[2024-05-27T20:53:57.995+0000] {logging_mixin.py:188} INFO - [2024-05-27T20:53:57.994+0000] {dag.py:3096} INFO - Sync 1 DAGs
[2024-05-27T20:53:58.026+0000] {logging_mixin.py:188} INFO - [2024-05-27T20:53:58.025+0000] {dag.py:3954} INFO - Setting next_dagrun for example_nested_branch_dag to 2024-05-26 00:00:00+00:00, run_after=2024-05-27 00:00:00+00:00
[2024-05-27T20:53:58.052+0000] {processor.py:183} INFO - Processing /home/airflow/.local/lib/python3.8/site-packages/airflow/example_dags/example_nested_branch_dag.py took 0.102 seconds
[2024-05-27T20:54:28.642+0000] {processor.py:161} INFO - Started process (PID=564) to work on /home/airflow/.local/lib/python3.8/site-packages/airflow/example_dags/example_nested_branch_dag.py
[2024-05-27T20:54:28.643+0000] {processor.py:830} INFO - Processing file /home/airflow/.local/lib/python3.8/site-packages/airflow/example_dags/example_nested_branch_dag.py for tasks to queue
[2024-05-27T20:54:28.646+0000] {logging_mixin.py:188} INFO - [2024-05-27T20:54:28.645+0000] {dagbag.py:545} INFO - Filling up the DagBag from /home/airflow/.local/lib/python3.8/site-packages/airflow/example_dags/example_nested_branch_dag.py
[2024-05-27T20:54:28.656+0000] {processor.py:840} INFO - DAG(s) 'example_nested_branch_dag' retrieved from /home/airflow/.local/lib/python3.8/site-packages/airflow/example_dags/example_nested_branch_dag.py
[2024-05-27T20:54:28.685+0000] {logging_mixin.py:188} INFO - [2024-05-27T20:54:28.685+0000] {dag.py:3096} INFO - Sync 1 DAGs
[2024-05-27T20:54:28.709+0000] {logging_mixin.py:188} INFO - [2024-05-27T20:54:28.709+0000] {dag.py:3954} INFO - Setting next_dagrun for example_nested_branch_dag to 2024-05-26 00:00:00+00:00, run_after=2024-05-27 00:00:00+00:00
[2024-05-27T20:54:28.728+0000] {processor.py:183} INFO - Processing /home/airflow/.local/lib/python3.8/site-packages/airflow/example_dags/example_nested_branch_dag.py took 0.094 seconds
[2024-05-27T20:54:59.139+0000] {processor.py:161} INFO - Started process (PID=641) to work on /home/airflow/.local/lib/python3.8/site-packages/airflow/example_dags/example_nested_branch_dag.py
[2024-05-27T20:54:59.140+0000] {processor.py:830} INFO - Processing file /home/airflow/.local/lib/python3.8/site-packages/airflow/example_dags/example_nested_branch_dag.py for tasks to queue
[2024-05-27T20:54:59.142+0000] {logging_mixin.py:188} INFO - [2024-05-27T20:54:59.141+0000] {dagbag.py:545} INFO - Filling up the DagBag from /home/airflow/.local/lib/python3.8/site-packages/airflow/example_dags/example_nested_branch_dag.py
[2024-05-27T20:54:59.151+0000] {processor.py:840} INFO - DAG(s) 'example_nested_branch_dag' retrieved from /home/airflow/.local/lib/python3.8/site-packages/airflow/example_dags/example_nested_branch_dag.py
[2024-05-27T20:54:59.172+0000] {logging_mixin.py:188} INFO - [2024-05-27T20:54:59.172+0000] {dag.py:3096} INFO - Sync 1 DAGs
[2024-05-27T20:54:59.192+0000] {logging_mixin.py:188} INFO - [2024-05-27T20:54:59.192+0000] {dag.py:3954} INFO - Setting next_dagrun for example_nested_branch_dag to 2024-05-26 00:00:00+00:00, run_after=2024-05-27 00:00:00+00:00
[2024-05-27T20:54:59.212+0000] {processor.py:183} INFO - Processing /home/airflow/.local/lib/python3.8/site-packages/airflow/example_dags/example_nested_branch_dag.py took 0.079 seconds
[2024-05-27T20:57:16.289+0000] {processor.py:161} INFO - Started process (PID=60) to work on /home/airflow/.local/lib/python3.8/site-packages/airflow/example_dags/example_nested_branch_dag.py
[2024-05-27T20:57:16.291+0000] {processor.py:830} INFO - Processing file /home/airflow/.local/lib/python3.8/site-packages/airflow/example_dags/example_nested_branch_dag.py for tasks to queue
[2024-05-27T20:57:16.293+0000] {logging_mixin.py:188} INFO - [2024-05-27T20:57:16.293+0000] {dagbag.py:545} INFO - Filling up the DagBag from /home/airflow/.local/lib/python3.8/site-packages/airflow/example_dags/example_nested_branch_dag.py
[2024-05-27T20:57:16.308+0000] {processor.py:840} INFO - DAG(s) 'example_nested_branch_dag' retrieved from /home/airflow/.local/lib/python3.8/site-packages/airflow/example_dags/example_nested_branch_dag.py
[2024-05-27T20:57:16.326+0000] {logging_mixin.py:188} INFO - [2024-05-27T20:57:16.325+0000] {dag.py:3096} INFO - Sync 1 DAGs
[2024-05-27T20:57:16.356+0000] {logging_mixin.py:188} INFO - [2024-05-27T20:57:16.356+0000] {dag.py:3954} INFO - Setting next_dagrun for example_nested_branch_dag to 2024-05-26 00:00:00+00:00, run_after=2024-05-27 00:00:00+00:00
[2024-05-27T20:57:16.387+0000] {processor.py:183} INFO - Processing /home/airflow/.local/lib/python3.8/site-packages/airflow/example_dags/example_nested_branch_dag.py took 0.106 seconds
[2024-05-27T20:57:46.962+0000] {processor.py:161} INFO - Started process (PID=131) to work on /home/airflow/.local/lib/python3.8/site-packages/airflow/example_dags/example_nested_branch_dag.py
[2024-05-27T20:57:46.964+0000] {processor.py:830} INFO - Processing file /home/airflow/.local/lib/python3.8/site-packages/airflow/example_dags/example_nested_branch_dag.py for tasks to queue
[2024-05-27T20:57:46.966+0000] {logging_mixin.py:188} INFO - [2024-05-27T20:57:46.966+0000] {dagbag.py:545} INFO - Filling up the DagBag from /home/airflow/.local/lib/python3.8/site-packages/airflow/example_dags/example_nested_branch_dag.py
[2024-05-27T20:57:46.977+0000] {processor.py:840} INFO - DAG(s) 'example_nested_branch_dag' retrieved from /home/airflow/.local/lib/python3.8/site-packages/airflow/example_dags/example_nested_branch_dag.py
[2024-05-27T20:57:47.076+0000] {logging_mixin.py:188} INFO - [2024-05-27T20:57:47.076+0000] {dag.py:3096} INFO - Sync 1 DAGs
[2024-05-27T20:57:47.095+0000] {logging_mixin.py:188} INFO - [2024-05-27T20:57:47.094+0000] {dag.py:3954} INFO - Setting next_dagrun for example_nested_branch_dag to 2024-05-26 00:00:00+00:00, run_after=2024-05-27 00:00:00+00:00
[2024-05-27T20:57:47.117+0000] {processor.py:183} INFO - Processing /home/airflow/.local/lib/python3.8/site-packages/airflow/example_dags/example_nested_branch_dag.py took 0.162 seconds
[2024-05-27T20:58:17.761+0000] {processor.py:161} INFO - Started process (PID=210) to work on /home/airflow/.local/lib/python3.8/site-packages/airflow/example_dags/example_nested_branch_dag.py
[2024-05-27T20:58:17.762+0000] {processor.py:830} INFO - Processing file /home/airflow/.local/lib/python3.8/site-packages/airflow/example_dags/example_nested_branch_dag.py for tasks to queue
[2024-05-27T20:58:17.764+0000] {logging_mixin.py:188} INFO - [2024-05-27T20:58:17.764+0000] {dagbag.py:545} INFO - Filling up the DagBag from /home/airflow/.local/lib/python3.8/site-packages/airflow/example_dags/example_nested_branch_dag.py
[2024-05-27T20:58:17.774+0000] {processor.py:840} INFO - DAG(s) 'example_nested_branch_dag' retrieved from /home/airflow/.local/lib/python3.8/site-packages/airflow/example_dags/example_nested_branch_dag.py
[2024-05-27T20:58:17.797+0000] {logging_mixin.py:188} INFO - [2024-05-27T20:58:17.797+0000] {dag.py:3096} INFO - Sync 1 DAGs
[2024-05-27T20:58:17.822+0000] {logging_mixin.py:188} INFO - [2024-05-27T20:58:17.822+0000] {dag.py:3954} INFO - Setting next_dagrun for example_nested_branch_dag to 2024-05-26 00:00:00+00:00, run_after=2024-05-27 00:00:00+00:00
[2024-05-27T20:58:17.848+0000] {processor.py:183} INFO - Processing /home/airflow/.local/lib/python3.8/site-packages/airflow/example_dags/example_nested_branch_dag.py took 0.094 seconds
[2024-05-27T20:58:47.981+0000] {processor.py:161} INFO - Started process (PID=280) to work on /home/airflow/.local/lib/python3.8/site-packages/airflow/example_dags/example_nested_branch_dag.py
[2024-05-27T20:58:47.982+0000] {processor.py:830} INFO - Processing file /home/airflow/.local/lib/python3.8/site-packages/airflow/example_dags/example_nested_branch_dag.py for tasks to queue
[2024-05-27T20:58:47.985+0000] {logging_mixin.py:188} INFO - [2024-05-27T20:58:47.984+0000] {dagbag.py:545} INFO - Filling up the DagBag from /home/airflow/.local/lib/python3.8/site-packages/airflow/example_dags/example_nested_branch_dag.py
[2024-05-27T20:58:47.996+0000] {processor.py:840} INFO - DAG(s) 'example_nested_branch_dag' retrieved from /home/airflow/.local/lib/python3.8/site-packages/airflow/example_dags/example_nested_branch_dag.py
[2024-05-27T20:58:48.026+0000] {logging_mixin.py:188} INFO - [2024-05-27T20:58:48.025+0000] {dag.py:3096} INFO - Sync 1 DAGs
[2024-05-27T20:58:48.049+0000] {logging_mixin.py:188} INFO - [2024-05-27T20:58:48.048+0000] {dag.py:3954} INFO - Setting next_dagrun for example_nested_branch_dag to 2024-05-26 00:00:00+00:00, run_after=2024-05-27 00:00:00+00:00
[2024-05-27T20:58:48.070+0000] {processor.py:183} INFO - Processing /home/airflow/.local/lib/python3.8/site-packages/airflow/example_dags/example_nested_branch_dag.py took 0.096 seconds
[2024-05-27T20:59:18.507+0000] {processor.py:161} INFO - Started process (PID=350) to work on /home/airflow/.local/lib/python3.8/site-packages/airflow/example_dags/example_nested_branch_dag.py
[2024-05-27T20:59:18.509+0000] {processor.py:830} INFO - Processing file /home/airflow/.local/lib/python3.8/site-packages/airflow/example_dags/example_nested_branch_dag.py for tasks to queue
[2024-05-27T20:59:18.511+0000] {logging_mixin.py:188} INFO - [2024-05-27T20:59:18.510+0000] {dagbag.py:545} INFO - Filling up the DagBag from /home/airflow/.local/lib/python3.8/site-packages/airflow/example_dags/example_nested_branch_dag.py
[2024-05-27T20:59:18.521+0000] {processor.py:840} INFO - DAG(s) 'example_nested_branch_dag' retrieved from /home/airflow/.local/lib/python3.8/site-packages/airflow/example_dags/example_nested_branch_dag.py
[2024-05-27T20:59:18.543+0000] {logging_mixin.py:188} INFO - [2024-05-27T20:59:18.543+0000] {dag.py:3096} INFO - Sync 1 DAGs
[2024-05-27T20:59:18.566+0000] {logging_mixin.py:188} INFO - [2024-05-27T20:59:18.566+0000] {dag.py:3954} INFO - Setting next_dagrun for example_nested_branch_dag to 2024-05-26 00:00:00+00:00, run_after=2024-05-27 00:00:00+00:00
[2024-05-27T20:59:18.587+0000] {processor.py:183} INFO - Processing /home/airflow/.local/lib/python3.8/site-packages/airflow/example_dags/example_nested_branch_dag.py took 0.088 seconds
[2024-05-27T20:59:48.896+0000] {processor.py:161} INFO - Started process (PID=428) to work on /home/airflow/.local/lib/python3.8/site-packages/airflow/example_dags/example_nested_branch_dag.py
[2024-05-27T20:59:48.898+0000] {processor.py:830} INFO - Processing file /home/airflow/.local/lib/python3.8/site-packages/airflow/example_dags/example_nested_branch_dag.py for tasks to queue
[2024-05-27T20:59:48.900+0000] {logging_mixin.py:188} INFO - [2024-05-27T20:59:48.899+0000] {dagbag.py:545} INFO - Filling up the DagBag from /home/airflow/.local/lib/python3.8/site-packages/airflow/example_dags/example_nested_branch_dag.py
[2024-05-27T20:59:48.909+0000] {processor.py:840} INFO - DAG(s) 'example_nested_branch_dag' retrieved from /home/airflow/.local/lib/python3.8/site-packages/airflow/example_dags/example_nested_branch_dag.py
[2024-05-27T20:59:48.931+0000] {logging_mixin.py:188} INFO - [2024-05-27T20:59:48.931+0000] {dag.py:3096} INFO - Sync 1 DAGs
[2024-05-27T20:59:48.955+0000] {logging_mixin.py:188} INFO - [2024-05-27T20:59:48.955+0000] {dag.py:3954} INFO - Setting next_dagrun for example_nested_branch_dag to 2024-05-26 00:00:00+00:00, run_after=2024-05-27 00:00:00+00:00
[2024-05-27T20:59:48.978+0000] {processor.py:183} INFO - Processing /home/airflow/.local/lib/python3.8/site-packages/airflow/example_dags/example_nested_branch_dag.py took 0.088 seconds
[2024-05-27T21:00:19.390+0000] {processor.py:161} INFO - Started process (PID=498) to work on /home/airflow/.local/lib/python3.8/site-packages/airflow/example_dags/example_nested_branch_dag.py
[2024-05-27T21:00:19.391+0000] {processor.py:830} INFO - Processing file /home/airflow/.local/lib/python3.8/site-packages/airflow/example_dags/example_nested_branch_dag.py for tasks to queue
[2024-05-27T21:00:19.394+0000] {logging_mixin.py:188} INFO - [2024-05-27T21:00:19.393+0000] {dagbag.py:545} INFO - Filling up the DagBag from /home/airflow/.local/lib/python3.8/site-packages/airflow/example_dags/example_nested_branch_dag.py
[2024-05-27T21:00:19.408+0000] {processor.py:840} INFO - DAG(s) 'example_nested_branch_dag' retrieved from /home/airflow/.local/lib/python3.8/site-packages/airflow/example_dags/example_nested_branch_dag.py
[2024-05-27T21:00:19.434+0000] {logging_mixin.py:188} INFO - [2024-05-27T21:00:19.433+0000] {dag.py:3096} INFO - Sync 1 DAGs
[2024-05-27T21:00:19.457+0000] {logging_mixin.py:188} INFO - [2024-05-27T21:00:19.457+0000] {dag.py:3954} INFO - Setting next_dagrun for example_nested_branch_dag to 2024-05-26 00:00:00+00:00, run_after=2024-05-27 00:00:00+00:00
[2024-05-27T21:00:19.482+0000] {processor.py:183} INFO - Processing /home/airflow/.local/lib/python3.8/site-packages/airflow/example_dags/example_nested_branch_dag.py took 0.098 seconds
[2024-05-27T21:00:49.727+0000] {processor.py:161} INFO - Started process (PID=568) to work on /home/airflow/.local/lib/python3.8/site-packages/airflow/example_dags/example_nested_branch_dag.py
[2024-05-27T21:00:49.729+0000] {processor.py:830} INFO - Processing file /home/airflow/.local/lib/python3.8/site-packages/airflow/example_dags/example_nested_branch_dag.py for tasks to queue
[2024-05-27T21:00:49.732+0000] {logging_mixin.py:188} INFO - [2024-05-27T21:00:49.732+0000] {dagbag.py:545} INFO - Filling up the DagBag from /home/airflow/.local/lib/python3.8/site-packages/airflow/example_dags/example_nested_branch_dag.py
[2024-05-27T21:00:49.743+0000] {processor.py:840} INFO - DAG(s) 'example_nested_branch_dag' retrieved from /home/airflow/.local/lib/python3.8/site-packages/airflow/example_dags/example_nested_branch_dag.py
[2024-05-27T21:00:49.773+0000] {logging_mixin.py:188} INFO - [2024-05-27T21:00:49.772+0000] {dag.py:3096} INFO - Sync 1 DAGs
[2024-05-27T21:00:49.800+0000] {logging_mixin.py:188} INFO - [2024-05-27T21:00:49.800+0000] {dag.py:3954} INFO - Setting next_dagrun for example_nested_branch_dag to 2024-05-26 00:00:00+00:00, run_after=2024-05-27 00:00:00+00:00
[2024-05-27T21:00:49.827+0000] {processor.py:183} INFO - Processing /home/airflow/.local/lib/python3.8/site-packages/airflow/example_dags/example_nested_branch_dag.py took 0.106 seconds
[2024-05-27T21:01:20.462+0000] {processor.py:161} INFO - Started process (PID=646) to work on /home/airflow/.local/lib/python3.8/site-packages/airflow/example_dags/example_nested_branch_dag.py
[2024-05-27T21:01:20.464+0000] {processor.py:830} INFO - Processing file /home/airflow/.local/lib/python3.8/site-packages/airflow/example_dags/example_nested_branch_dag.py for tasks to queue
[2024-05-27T21:01:20.466+0000] {logging_mixin.py:188} INFO - [2024-05-27T21:01:20.466+0000] {dagbag.py:545} INFO - Filling up the DagBag from /home/airflow/.local/lib/python3.8/site-packages/airflow/example_dags/example_nested_branch_dag.py
[2024-05-27T21:01:20.478+0000] {processor.py:840} INFO - DAG(s) 'example_nested_branch_dag' retrieved from /home/airflow/.local/lib/python3.8/site-packages/airflow/example_dags/example_nested_branch_dag.py
[2024-05-27T21:01:20.504+0000] {logging_mixin.py:188} INFO - [2024-05-27T21:01:20.504+0000] {dag.py:3096} INFO - Sync 1 DAGs
[2024-05-27T21:01:20.526+0000] {logging_mixin.py:188} INFO - [2024-05-27T21:01:20.525+0000] {dag.py:3954} INFO - Setting next_dagrun for example_nested_branch_dag to 2024-05-26 00:00:00+00:00, run_after=2024-05-27 00:00:00+00:00
[2024-05-27T21:01:20.546+0000] {processor.py:183} INFO - Processing /home/airflow/.local/lib/python3.8/site-packages/airflow/example_dags/example_nested_branch_dag.py took 0.091 seconds
[2024-05-27T21:01:51.051+0000] {processor.py:161} INFO - Started process (PID=716) to work on /home/airflow/.local/lib/python3.8/site-packages/airflow/example_dags/example_nested_branch_dag.py
[2024-05-27T21:01:51.052+0000] {processor.py:830} INFO - Processing file /home/airflow/.local/lib/python3.8/site-packages/airflow/example_dags/example_nested_branch_dag.py for tasks to queue
[2024-05-27T21:01:51.055+0000] {logging_mixin.py:188} INFO - [2024-05-27T21:01:51.054+0000] {dagbag.py:545} INFO - Filling up the DagBag from /home/airflow/.local/lib/python3.8/site-packages/airflow/example_dags/example_nested_branch_dag.py
[2024-05-27T21:01:51.066+0000] {processor.py:840} INFO - DAG(s) 'example_nested_branch_dag' retrieved from /home/airflow/.local/lib/python3.8/site-packages/airflow/example_dags/example_nested_branch_dag.py
[2024-05-27T21:01:51.092+0000] {logging_mixin.py:188} INFO - [2024-05-27T21:01:51.091+0000] {dag.py:3096} INFO - Sync 1 DAGs
[2024-05-27T21:01:51.116+0000] {logging_mixin.py:188} INFO - [2024-05-27T21:01:51.116+0000] {dag.py:3954} INFO - Setting next_dagrun for example_nested_branch_dag to 2024-05-26 00:00:00+00:00, run_after=2024-05-27 00:00:00+00:00
[2024-05-27T21:01:51.138+0000] {processor.py:183} INFO - Processing /home/airflow/.local/lib/python3.8/site-packages/airflow/example_dags/example_nested_branch_dag.py took 0.093 seconds
[2024-05-27T21:06:42.795+0000] {processor.py:161} INFO - Started process (PID=68) to work on /home/airflow/.local/lib/python3.8/site-packages/airflow/example_dags/example_nested_branch_dag.py
[2024-05-27T21:06:42.797+0000] {processor.py:830} INFO - Processing file /home/airflow/.local/lib/python3.8/site-packages/airflow/example_dags/example_nested_branch_dag.py for tasks to queue
[2024-05-27T21:06:42.800+0000] {logging_mixin.py:188} INFO - [2024-05-27T21:06:42.800+0000] {dagbag.py:545} INFO - Filling up the DagBag from /home/airflow/.local/lib/python3.8/site-packages/airflow/example_dags/example_nested_branch_dag.py
[2024-05-27T21:06:42.853+0000] {processor.py:840} INFO - DAG(s) 'example_nested_branch_dag' retrieved from /home/airflow/.local/lib/python3.8/site-packages/airflow/example_dags/example_nested_branch_dag.py
[2024-05-27T21:06:43.263+0000] {logging_mixin.py:188} INFO - [2024-05-27T21:06:43.262+0000] {dag.py:3096} INFO - Sync 1 DAGs
[2024-05-27T21:06:43.316+0000] {logging_mixin.py:188} INFO - [2024-05-27T21:06:43.315+0000] {dag.py:3954} INFO - Setting next_dagrun for example_nested_branch_dag to 2024-05-26 00:00:00+00:00, run_after=2024-05-27 00:00:00+00:00
[2024-05-27T21:06:43.359+0000] {processor.py:183} INFO - Processing /home/airflow/.local/lib/python3.8/site-packages/airflow/example_dags/example_nested_branch_dag.py took 0.588 seconds
[2024-05-27T21:07:13.480+0000] {processor.py:161} INFO - Started process (PID=138) to work on /home/airflow/.local/lib/python3.8/site-packages/airflow/example_dags/example_nested_branch_dag.py
[2024-05-27T21:07:13.491+0000] {processor.py:830} INFO - Processing file /home/airflow/.local/lib/python3.8/site-packages/airflow/example_dags/example_nested_branch_dag.py for tasks to queue
[2024-05-27T21:07:13.494+0000] {logging_mixin.py:188} INFO - [2024-05-27T21:07:13.494+0000] {dagbag.py:545} INFO - Filling up the DagBag from /home/airflow/.local/lib/python3.8/site-packages/airflow/example_dags/example_nested_branch_dag.py
[2024-05-27T21:07:13.532+0000] {processor.py:840} INFO - DAG(s) 'example_nested_branch_dag' retrieved from /home/airflow/.local/lib/python3.8/site-packages/airflow/example_dags/example_nested_branch_dag.py
[2024-05-27T21:07:13.594+0000] {logging_mixin.py:188} INFO - [2024-05-27T21:07:13.594+0000] {dag.py:3096} INFO - Sync 1 DAGs
[2024-05-27T21:07:13.660+0000] {logging_mixin.py:188} INFO - [2024-05-27T21:07:13.660+0000] {dag.py:3954} INFO - Setting next_dagrun for example_nested_branch_dag to 2024-05-26 00:00:00+00:00, run_after=2024-05-27 00:00:00+00:00
[2024-05-27T21:07:13.707+0000] {processor.py:183} INFO - Processing /home/airflow/.local/lib/python3.8/site-packages/airflow/example_dags/example_nested_branch_dag.py took 0.237 seconds
[2024-05-27T21:07:44.332+0000] {processor.py:161} INFO - Started process (PID=208) to work on /home/airflow/.local/lib/python3.8/site-packages/airflow/example_dags/example_nested_branch_dag.py
[2024-05-27T21:07:44.337+0000] {processor.py:830} INFO - Processing file /home/airflow/.local/lib/python3.8/site-packages/airflow/example_dags/example_nested_branch_dag.py for tasks to queue
[2024-05-27T21:07:44.348+0000] {logging_mixin.py:188} INFO - [2024-05-27T21:07:44.347+0000] {dagbag.py:545} INFO - Filling up the DagBag from /home/airflow/.local/lib/python3.8/site-packages/airflow/example_dags/example_nested_branch_dag.py
[2024-05-27T21:07:44.374+0000] {processor.py:840} INFO - DAG(s) 'example_nested_branch_dag' retrieved from /home/airflow/.local/lib/python3.8/site-packages/airflow/example_dags/example_nested_branch_dag.py
[2024-05-27T21:07:44.441+0000] {logging_mixin.py:188} INFO - [2024-05-27T21:07:44.440+0000] {dag.py:3096} INFO - Sync 1 DAGs
[2024-05-27T21:07:44.518+0000] {logging_mixin.py:188} INFO - [2024-05-27T21:07:44.517+0000] {dag.py:3954} INFO - Setting next_dagrun for example_nested_branch_dag to 2024-05-26 00:00:00+00:00, run_after=2024-05-27 00:00:00+00:00
[2024-05-27T21:07:44.605+0000] {processor.py:183} INFO - Processing /home/airflow/.local/lib/python3.8/site-packages/airflow/example_dags/example_nested_branch_dag.py took 0.292 seconds
[2024-05-27T21:08:14.837+0000] {processor.py:161} INFO - Started process (PID=278) to work on /home/airflow/.local/lib/python3.8/site-packages/airflow/example_dags/example_nested_branch_dag.py
[2024-05-27T21:08:14.839+0000] {processor.py:830} INFO - Processing file /home/airflow/.local/lib/python3.8/site-packages/airflow/example_dags/example_nested_branch_dag.py for tasks to queue
[2024-05-27T21:08:14.843+0000] {logging_mixin.py:188} INFO - [2024-05-27T21:08:14.842+0000] {dagbag.py:545} INFO - Filling up the DagBag from /home/airflow/.local/lib/python3.8/site-packages/airflow/example_dags/example_nested_branch_dag.py
[2024-05-27T21:08:14.862+0000] {processor.py:840} INFO - DAG(s) 'example_nested_branch_dag' retrieved from /home/airflow/.local/lib/python3.8/site-packages/airflow/example_dags/example_nested_branch_dag.py
[2024-05-27T21:08:14.915+0000] {logging_mixin.py:188} INFO - [2024-05-27T21:08:14.914+0000] {dag.py:3096} INFO - Sync 1 DAGs
[2024-05-27T21:08:14.968+0000] {logging_mixin.py:188} INFO - [2024-05-27T21:08:14.967+0000] {dag.py:3954} INFO - Setting next_dagrun for example_nested_branch_dag to 2024-05-26 00:00:00+00:00, run_after=2024-05-27 00:00:00+00:00
[2024-05-27T21:08:15.019+0000] {processor.py:183} INFO - Processing /home/airflow/.local/lib/python3.8/site-packages/airflow/example_dags/example_nested_branch_dag.py took 0.201 seconds
[2024-05-27T21:08:46.088+0000] {processor.py:161} INFO - Started process (PID=348) to work on /home/airflow/.local/lib/python3.8/site-packages/airflow/example_dags/example_nested_branch_dag.py
[2024-05-27T21:08:46.090+0000] {processor.py:830} INFO - Processing file /home/airflow/.local/lib/python3.8/site-packages/airflow/example_dags/example_nested_branch_dag.py for tasks to queue
[2024-05-27T21:08:46.094+0000] {logging_mixin.py:188} INFO - [2024-05-27T21:08:46.094+0000] {dagbag.py:545} INFO - Filling up the DagBag from /home/airflow/.local/lib/python3.8/site-packages/airflow/example_dags/example_nested_branch_dag.py
[2024-05-27T21:08:46.129+0000] {processor.py:840} INFO - DAG(s) 'example_nested_branch_dag' retrieved from /home/airflow/.local/lib/python3.8/site-packages/airflow/example_dags/example_nested_branch_dag.py
[2024-05-27T21:08:46.197+0000] {logging_mixin.py:188} INFO - [2024-05-27T21:08:46.197+0000] {dag.py:3096} INFO - Sync 1 DAGs
[2024-05-27T21:08:46.257+0000] {logging_mixin.py:188} INFO - [2024-05-27T21:08:46.257+0000] {dag.py:3954} INFO - Setting next_dagrun for example_nested_branch_dag to 2024-05-26 00:00:00+00:00, run_after=2024-05-27 00:00:00+00:00
[2024-05-27T21:08:46.312+0000] {processor.py:183} INFO - Processing /home/airflow/.local/lib/python3.8/site-packages/airflow/example_dags/example_nested_branch_dag.py took 0.238 seconds
[2024-05-27T21:09:17.410+0000] {processor.py:161} INFO - Started process (PID=419) to work on /home/airflow/.local/lib/python3.8/site-packages/airflow/example_dags/example_nested_branch_dag.py
[2024-05-27T21:09:17.412+0000] {processor.py:830} INFO - Processing file /home/airflow/.local/lib/python3.8/site-packages/airflow/example_dags/example_nested_branch_dag.py for tasks to queue
[2024-05-27T21:09:17.414+0000] {logging_mixin.py:188} INFO - [2024-05-27T21:09:17.414+0000] {dagbag.py:545} INFO - Filling up the DagBag from /home/airflow/.local/lib/python3.8/site-packages/airflow/example_dags/example_nested_branch_dag.py
[2024-05-27T21:09:17.440+0000] {processor.py:840} INFO - DAG(s) 'example_nested_branch_dag' retrieved from /home/airflow/.local/lib/python3.8/site-packages/airflow/example_dags/example_nested_branch_dag.py
[2024-05-27T21:09:17.493+0000] {logging_mixin.py:188} INFO - [2024-05-27T21:09:17.492+0000] {dag.py:3096} INFO - Sync 1 DAGs
[2024-05-27T21:09:17.551+0000] {logging_mixin.py:188} INFO - [2024-05-27T21:09:17.551+0000] {dag.py:3954} INFO - Setting next_dagrun for example_nested_branch_dag to 2024-05-26 00:00:00+00:00, run_after=2024-05-27 00:00:00+00:00
[2024-05-27T21:09:17.599+0000] {processor.py:183} INFO - Processing /home/airflow/.local/lib/python3.8/site-packages/airflow/example_dags/example_nested_branch_dag.py took 0.208 seconds
[2024-05-27T21:09:47.823+0000] {processor.py:161} INFO - Started process (PID=488) to work on /home/airflow/.local/lib/python3.8/site-packages/airflow/example_dags/example_nested_branch_dag.py
[2024-05-27T21:09:47.826+0000] {processor.py:830} INFO - Processing file /home/airflow/.local/lib/python3.8/site-packages/airflow/example_dags/example_nested_branch_dag.py for tasks to queue
[2024-05-27T21:09:47.830+0000] {logging_mixin.py:188} INFO - [2024-05-27T21:09:47.829+0000] {dagbag.py:545} INFO - Filling up the DagBag from /home/airflow/.local/lib/python3.8/site-packages/airflow/example_dags/example_nested_branch_dag.py
[2024-05-27T21:09:47.861+0000] {processor.py:840} INFO - DAG(s) 'example_nested_branch_dag' retrieved from /home/airflow/.local/lib/python3.8/site-packages/airflow/example_dags/example_nested_branch_dag.py
[2024-05-27T21:09:47.909+0000] {logging_mixin.py:188} INFO - [2024-05-27T21:09:47.909+0000] {dag.py:3096} INFO - Sync 1 DAGs
[2024-05-27T21:09:47.956+0000] {logging_mixin.py:188} INFO - [2024-05-27T21:09:47.956+0000] {dag.py:3954} INFO - Setting next_dagrun for example_nested_branch_dag to 2024-05-26 00:00:00+00:00, run_after=2024-05-27 00:00:00+00:00
[2024-05-27T21:09:48.028+0000] {processor.py:183} INFO - Processing /home/airflow/.local/lib/python3.8/site-packages/airflow/example_dags/example_nested_branch_dag.py took 0.221 seconds
[2024-05-27T21:10:18.721+0000] {processor.py:161} INFO - Started process (PID=557) to work on /home/airflow/.local/lib/python3.8/site-packages/airflow/example_dags/example_nested_branch_dag.py
[2024-05-27T21:10:18.724+0000] {processor.py:830} INFO - Processing file /home/airflow/.local/lib/python3.8/site-packages/airflow/example_dags/example_nested_branch_dag.py for tasks to queue
[2024-05-27T21:10:18.729+0000] {logging_mixin.py:188} INFO - [2024-05-27T21:10:18.728+0000] {dagbag.py:545} INFO - Filling up the DagBag from /home/airflow/.local/lib/python3.8/site-packages/airflow/example_dags/example_nested_branch_dag.py
[2024-05-27T21:10:18.746+0000] {processor.py:840} INFO - DAG(s) 'example_nested_branch_dag' retrieved from /home/airflow/.local/lib/python3.8/site-packages/airflow/example_dags/example_nested_branch_dag.py
[2024-05-27T21:10:18.785+0000] {logging_mixin.py:188} INFO - [2024-05-27T21:10:18.784+0000] {dag.py:3096} INFO - Sync 1 DAGs
[2024-05-27T21:10:18.836+0000] {logging_mixin.py:188} INFO - [2024-05-27T21:10:18.836+0000] {dag.py:3954} INFO - Setting next_dagrun for example_nested_branch_dag to 2024-05-26 00:00:00+00:00, run_after=2024-05-27 00:00:00+00:00
[2024-05-27T21:10:18.872+0000] {processor.py:183} INFO - Processing /home/airflow/.local/lib/python3.8/site-packages/airflow/example_dags/example_nested_branch_dag.py took 0.164 seconds
[2024-05-27T21:10:48.993+0000] {processor.py:161} INFO - Started process (PID=620) to work on /home/airflow/.local/lib/python3.8/site-packages/airflow/example_dags/example_nested_branch_dag.py
[2024-05-27T21:10:48.995+0000] {processor.py:830} INFO - Processing file /home/airflow/.local/lib/python3.8/site-packages/airflow/example_dags/example_nested_branch_dag.py for tasks to queue
[2024-05-27T21:10:48.998+0000] {logging_mixin.py:188} INFO - [2024-05-27T21:10:48.998+0000] {dagbag.py:545} INFO - Filling up the DagBag from /home/airflow/.local/lib/python3.8/site-packages/airflow/example_dags/example_nested_branch_dag.py
[2024-05-27T21:10:49.022+0000] {processor.py:840} INFO - DAG(s) 'example_nested_branch_dag' retrieved from /home/airflow/.local/lib/python3.8/site-packages/airflow/example_dags/example_nested_branch_dag.py
[2024-05-27T21:10:49.057+0000] {logging_mixin.py:188} INFO - [2024-05-27T21:10:49.057+0000] {dag.py:3096} INFO - Sync 1 DAGs
[2024-05-27T21:10:49.106+0000] {logging_mixin.py:188} INFO - [2024-05-27T21:10:49.105+0000] {dag.py:3954} INFO - Setting next_dagrun for example_nested_branch_dag to 2024-05-26 00:00:00+00:00, run_after=2024-05-27 00:00:00+00:00
[2024-05-27T21:10:49.165+0000] {processor.py:183} INFO - Processing /home/airflow/.local/lib/python3.8/site-packages/airflow/example_dags/example_nested_branch_dag.py took 0.181 seconds
[2024-05-27T21:11:19.766+0000] {processor.py:161} INFO - Started process (PID=697) to work on /home/airflow/.local/lib/python3.8/site-packages/airflow/example_dags/example_nested_branch_dag.py
[2024-05-27T21:11:19.768+0000] {processor.py:830} INFO - Processing file /home/airflow/.local/lib/python3.8/site-packages/airflow/example_dags/example_nested_branch_dag.py for tasks to queue
[2024-05-27T21:11:19.772+0000] {logging_mixin.py:188} INFO - [2024-05-27T21:11:19.771+0000] {dagbag.py:545} INFO - Filling up the DagBag from /home/airflow/.local/lib/python3.8/site-packages/airflow/example_dags/example_nested_branch_dag.py
[2024-05-27T21:11:19.788+0000] {processor.py:840} INFO - DAG(s) 'example_nested_branch_dag' retrieved from /home/airflow/.local/lib/python3.8/site-packages/airflow/example_dags/example_nested_branch_dag.py
[2024-05-27T21:11:19.828+0000] {logging_mixin.py:188} INFO - [2024-05-27T21:11:19.827+0000] {dag.py:3096} INFO - Sync 1 DAGs
[2024-05-27T21:11:19.865+0000] {logging_mixin.py:188} INFO - [2024-05-27T21:11:19.864+0000] {dag.py:3954} INFO - Setting next_dagrun for example_nested_branch_dag to 2024-05-26 00:00:00+00:00, run_after=2024-05-27 00:00:00+00:00
[2024-05-27T21:11:19.904+0000] {processor.py:183} INFO - Processing /home/airflow/.local/lib/python3.8/site-packages/airflow/example_dags/example_nested_branch_dag.py took 0.148 seconds
[2024-05-27T21:11:50.542+0000] {processor.py:161} INFO - Started process (PID=767) to work on /home/airflow/.local/lib/python3.8/site-packages/airflow/example_dags/example_nested_branch_dag.py
[2024-05-27T21:11:50.559+0000] {processor.py:830} INFO - Processing file /home/airflow/.local/lib/python3.8/site-packages/airflow/example_dags/example_nested_branch_dag.py for tasks to queue
[2024-05-27T21:11:50.572+0000] {logging_mixin.py:188} INFO - [2024-05-27T21:11:50.572+0000] {dagbag.py:545} INFO - Filling up the DagBag from /home/airflow/.local/lib/python3.8/site-packages/airflow/example_dags/example_nested_branch_dag.py
[2024-05-27T21:11:50.599+0000] {processor.py:840} INFO - DAG(s) 'example_nested_branch_dag' retrieved from /home/airflow/.local/lib/python3.8/site-packages/airflow/example_dags/example_nested_branch_dag.py
[2024-05-27T21:11:50.679+0000] {logging_mixin.py:188} INFO - [2024-05-27T21:11:50.678+0000] {dag.py:3096} INFO - Sync 1 DAGs
[2024-05-27T21:11:50.748+0000] {logging_mixin.py:188} INFO - [2024-05-27T21:11:50.748+0000] {dag.py:3954} INFO - Setting next_dagrun for example_nested_branch_dag to 2024-05-26 00:00:00+00:00, run_after=2024-05-27 00:00:00+00:00
[2024-05-27T21:11:50.824+0000] {processor.py:183} INFO - Processing /home/airflow/.local/lib/python3.8/site-packages/airflow/example_dags/example_nested_branch_dag.py took 0.307 seconds
[2024-05-27T21:12:21.644+0000] {processor.py:161} INFO - Started process (PID=838) to work on /home/airflow/.local/lib/python3.8/site-packages/airflow/example_dags/example_nested_branch_dag.py
[2024-05-27T21:12:21.646+0000] {processor.py:830} INFO - Processing file /home/airflow/.local/lib/python3.8/site-packages/airflow/example_dags/example_nested_branch_dag.py for tasks to queue
[2024-05-27T21:12:21.648+0000] {logging_mixin.py:188} INFO - [2024-05-27T21:12:21.648+0000] {dagbag.py:545} INFO - Filling up the DagBag from /home/airflow/.local/lib/python3.8/site-packages/airflow/example_dags/example_nested_branch_dag.py
[2024-05-27T21:12:21.660+0000] {processor.py:840} INFO - DAG(s) 'example_nested_branch_dag' retrieved from /home/airflow/.local/lib/python3.8/site-packages/airflow/example_dags/example_nested_branch_dag.py
[2024-05-27T21:12:21.685+0000] {logging_mixin.py:188} INFO - [2024-05-27T21:12:21.685+0000] {dag.py:3096} INFO - Sync 1 DAGs
[2024-05-27T21:12:21.712+0000] {logging_mixin.py:188} INFO - [2024-05-27T21:12:21.712+0000] {dag.py:3954} INFO - Setting next_dagrun for example_nested_branch_dag to 2024-05-26 00:00:00+00:00, run_after=2024-05-27 00:00:00+00:00
[2024-05-27T21:12:21.741+0000] {processor.py:183} INFO - Processing /home/airflow/.local/lib/python3.8/site-packages/airflow/example_dags/example_nested_branch_dag.py took 0.103 seconds
[2024-05-27T21:12:52.031+0000] {processor.py:161} INFO - Started process (PID=908) to work on /home/airflow/.local/lib/python3.8/site-packages/airflow/example_dags/example_nested_branch_dag.py
[2024-05-27T21:12:52.033+0000] {processor.py:830} INFO - Processing file /home/airflow/.local/lib/python3.8/site-packages/airflow/example_dags/example_nested_branch_dag.py for tasks to queue
[2024-05-27T21:12:52.036+0000] {logging_mixin.py:188} INFO - [2024-05-27T21:12:52.035+0000] {dagbag.py:545} INFO - Filling up the DagBag from /home/airflow/.local/lib/python3.8/site-packages/airflow/example_dags/example_nested_branch_dag.py
[2024-05-27T21:12:52.068+0000] {processor.py:840} INFO - DAG(s) 'example_nested_branch_dag' retrieved from /home/airflow/.local/lib/python3.8/site-packages/airflow/example_dags/example_nested_branch_dag.py
[2024-05-27T21:12:52.119+0000] {logging_mixin.py:188} INFO - [2024-05-27T21:12:52.119+0000] {dag.py:3096} INFO - Sync 1 DAGs
[2024-05-27T21:12:52.168+0000] {logging_mixin.py:188} INFO - [2024-05-27T21:12:52.167+0000] {dag.py:3954} INFO - Setting next_dagrun for example_nested_branch_dag to 2024-05-26 00:00:00+00:00, run_after=2024-05-27 00:00:00+00:00
[2024-05-27T21:12:52.219+0000] {processor.py:183} INFO - Processing /home/airflow/.local/lib/python3.8/site-packages/airflow/example_dags/example_nested_branch_dag.py took 0.206 seconds
[2024-05-27T21:13:22.879+0000] {processor.py:161} INFO - Started process (PID=978) to work on /home/airflow/.local/lib/python3.8/site-packages/airflow/example_dags/example_nested_branch_dag.py
[2024-05-27T21:13:22.880+0000] {processor.py:830} INFO - Processing file /home/airflow/.local/lib/python3.8/site-packages/airflow/example_dags/example_nested_branch_dag.py for tasks to queue
[2024-05-27T21:13:22.883+0000] {logging_mixin.py:188} INFO - [2024-05-27T21:13:22.883+0000] {dagbag.py:545} INFO - Filling up the DagBag from /home/airflow/.local/lib/python3.8/site-packages/airflow/example_dags/example_nested_branch_dag.py
[2024-05-27T21:13:22.895+0000] {processor.py:840} INFO - DAG(s) 'example_nested_branch_dag' retrieved from /home/airflow/.local/lib/python3.8/site-packages/airflow/example_dags/example_nested_branch_dag.py
[2024-05-27T21:13:22.920+0000] {logging_mixin.py:188} INFO - [2024-05-27T21:13:22.919+0000] {dag.py:3096} INFO - Sync 1 DAGs
[2024-05-27T21:13:22.955+0000] {logging_mixin.py:188} INFO - [2024-05-27T21:13:22.954+0000] {dag.py:3954} INFO - Setting next_dagrun for example_nested_branch_dag to 2024-05-26 00:00:00+00:00, run_after=2024-05-27 00:00:00+00:00
[2024-05-27T21:13:22.979+0000] {processor.py:183} INFO - Processing /home/airflow/.local/lib/python3.8/site-packages/airflow/example_dags/example_nested_branch_dag.py took 0.109 seconds
[2024-05-27T21:13:53.418+0000] {processor.py:161} INFO - Started process (PID=1055) to work on /home/airflow/.local/lib/python3.8/site-packages/airflow/example_dags/example_nested_branch_dag.py
[2024-05-27T21:13:53.420+0000] {processor.py:830} INFO - Processing file /home/airflow/.local/lib/python3.8/site-packages/airflow/example_dags/example_nested_branch_dag.py for tasks to queue
[2024-05-27T21:13:53.423+0000] {logging_mixin.py:188} INFO - [2024-05-27T21:13:53.422+0000] {dagbag.py:545} INFO - Filling up the DagBag from /home/airflow/.local/lib/python3.8/site-packages/airflow/example_dags/example_nested_branch_dag.py
[2024-05-27T21:13:53.435+0000] {processor.py:840} INFO - DAG(s) 'example_nested_branch_dag' retrieved from /home/airflow/.local/lib/python3.8/site-packages/airflow/example_dags/example_nested_branch_dag.py
[2024-05-27T21:13:53.462+0000] {logging_mixin.py:188} INFO - [2024-05-27T21:13:53.461+0000] {dag.py:3096} INFO - Sync 1 DAGs
[2024-05-27T21:13:53.481+0000] {logging_mixin.py:188} INFO - [2024-05-27T21:13:53.481+0000] {dag.py:3954} INFO - Setting next_dagrun for example_nested_branch_dag to 2024-05-26 00:00:00+00:00, run_after=2024-05-27 00:00:00+00:00
[2024-05-27T21:13:53.504+0000] {processor.py:183} INFO - Processing /home/airflow/.local/lib/python3.8/site-packages/airflow/example_dags/example_nested_branch_dag.py took 0.094 seconds
[2024-05-27T21:14:23.950+0000] {processor.py:161} INFO - Started process (PID=1125) to work on /home/airflow/.local/lib/python3.8/site-packages/airflow/example_dags/example_nested_branch_dag.py
[2024-05-27T21:14:23.952+0000] {processor.py:830} INFO - Processing file /home/airflow/.local/lib/python3.8/site-packages/airflow/example_dags/example_nested_branch_dag.py for tasks to queue
[2024-05-27T21:14:23.954+0000] {logging_mixin.py:188} INFO - [2024-05-27T21:14:23.954+0000] {dagbag.py:545} INFO - Filling up the DagBag from /home/airflow/.local/lib/python3.8/site-packages/airflow/example_dags/example_nested_branch_dag.py
[2024-05-27T21:14:23.965+0000] {processor.py:840} INFO - DAG(s) 'example_nested_branch_dag' retrieved from /home/airflow/.local/lib/python3.8/site-packages/airflow/example_dags/example_nested_branch_dag.py
[2024-05-27T21:14:23.992+0000] {logging_mixin.py:188} INFO - [2024-05-27T21:14:23.992+0000] {dag.py:3096} INFO - Sync 1 DAGs
[2024-05-27T21:14:24.015+0000] {logging_mixin.py:188} INFO - [2024-05-27T21:14:24.015+0000] {dag.py:3954} INFO - Setting next_dagrun for example_nested_branch_dag to 2024-05-26 00:00:00+00:00, run_after=2024-05-27 00:00:00+00:00
[2024-05-27T21:14:24.038+0000] {processor.py:183} INFO - Processing /home/airflow/.local/lib/python3.8/site-packages/airflow/example_dags/example_nested_branch_dag.py took 0.098 seconds
[2024-05-27T21:14:54.984+0000] {processor.py:161} INFO - Started process (PID=1204) to work on /home/airflow/.local/lib/python3.8/site-packages/airflow/example_dags/example_nested_branch_dag.py
[2024-05-27T21:14:54.985+0000] {processor.py:830} INFO - Processing file /home/airflow/.local/lib/python3.8/site-packages/airflow/example_dags/example_nested_branch_dag.py for tasks to queue
[2024-05-27T21:14:54.987+0000] {logging_mixin.py:188} INFO - [2024-05-27T21:14:54.987+0000] {dagbag.py:545} INFO - Filling up the DagBag from /home/airflow/.local/lib/python3.8/site-packages/airflow/example_dags/example_nested_branch_dag.py
[2024-05-27T21:14:55.001+0000] {processor.py:840} INFO - DAG(s) 'example_nested_branch_dag' retrieved from /home/airflow/.local/lib/python3.8/site-packages/airflow/example_dags/example_nested_branch_dag.py
[2024-05-27T21:14:55.028+0000] {logging_mixin.py:188} INFO - [2024-05-27T21:14:55.028+0000] {dag.py:3096} INFO - Sync 1 DAGs
[2024-05-27T21:14:55.053+0000] {logging_mixin.py:188} INFO - [2024-05-27T21:14:55.053+0000] {dag.py:3954} INFO - Setting next_dagrun for example_nested_branch_dag to 2024-05-26 00:00:00+00:00, run_after=2024-05-27 00:00:00+00:00
[2024-05-27T21:14:55.074+0000] {processor.py:183} INFO - Processing /home/airflow/.local/lib/python3.8/site-packages/airflow/example_dags/example_nested_branch_dag.py took 0.099 seconds
[2024-05-27T21:15:25.721+0000] {processor.py:161} INFO - Started process (PID=1274) to work on /home/airflow/.local/lib/python3.8/site-packages/airflow/example_dags/example_nested_branch_dag.py
[2024-05-27T21:15:25.723+0000] {processor.py:830} INFO - Processing file /home/airflow/.local/lib/python3.8/site-packages/airflow/example_dags/example_nested_branch_dag.py for tasks to queue
[2024-05-27T21:15:25.726+0000] {logging_mixin.py:188} INFO - [2024-05-27T21:15:25.725+0000] {dagbag.py:545} INFO - Filling up the DagBag from /home/airflow/.local/lib/python3.8/site-packages/airflow/example_dags/example_nested_branch_dag.py
[2024-05-27T21:15:25.739+0000] {processor.py:840} INFO - DAG(s) 'example_nested_branch_dag' retrieved from /home/airflow/.local/lib/python3.8/site-packages/airflow/example_dags/example_nested_branch_dag.py
[2024-05-27T21:15:25.766+0000] {logging_mixin.py:188} INFO - [2024-05-27T21:15:25.765+0000] {dag.py:3096} INFO - Sync 1 DAGs
[2024-05-27T21:15:25.791+0000] {logging_mixin.py:188} INFO - [2024-05-27T21:15:25.790+0000] {dag.py:3954} INFO - Setting next_dagrun for example_nested_branch_dag to 2024-05-26 00:00:00+00:00, run_after=2024-05-27 00:00:00+00:00
[2024-05-27T21:15:25.816+0000] {processor.py:183} INFO - Processing /home/airflow/.local/lib/python3.8/site-packages/airflow/example_dags/example_nested_branch_dag.py took 0.101 seconds
[2024-05-27T21:15:56.076+0000] {processor.py:161} INFO - Started process (PID=1344) to work on /home/airflow/.local/lib/python3.8/site-packages/airflow/example_dags/example_nested_branch_dag.py
[2024-05-27T21:15:56.078+0000] {processor.py:830} INFO - Processing file /home/airflow/.local/lib/python3.8/site-packages/airflow/example_dags/example_nested_branch_dag.py for tasks to queue
[2024-05-27T21:15:56.081+0000] {logging_mixin.py:188} INFO - [2024-05-27T21:15:56.080+0000] {dagbag.py:545} INFO - Filling up the DagBag from /home/airflow/.local/lib/python3.8/site-packages/airflow/example_dags/example_nested_branch_dag.py
[2024-05-27T21:15:56.090+0000] {processor.py:840} INFO - DAG(s) 'example_nested_branch_dag' retrieved from /home/airflow/.local/lib/python3.8/site-packages/airflow/example_dags/example_nested_branch_dag.py
[2024-05-27T21:15:56.112+0000] {logging_mixin.py:188} INFO - [2024-05-27T21:15:56.111+0000] {dag.py:3096} INFO - Sync 1 DAGs
[2024-05-27T21:15:56.132+0000] {logging_mixin.py:188} INFO - [2024-05-27T21:15:56.132+0000] {dag.py:3954} INFO - Setting next_dagrun for example_nested_branch_dag to 2024-05-26 00:00:00+00:00, run_after=2024-05-27 00:00:00+00:00
[2024-05-27T21:15:56.155+0000] {processor.py:183} INFO - Processing /home/airflow/.local/lib/python3.8/site-packages/airflow/example_dags/example_nested_branch_dag.py took 0.085 seconds
[2024-05-27T21:16:26.298+0000] {processor.py:161} INFO - Started process (PID=1422) to work on /home/airflow/.local/lib/python3.8/site-packages/airflow/example_dags/example_nested_branch_dag.py
[2024-05-27T21:16:26.299+0000] {processor.py:830} INFO - Processing file /home/airflow/.local/lib/python3.8/site-packages/airflow/example_dags/example_nested_branch_dag.py for tasks to queue
[2024-05-27T21:16:26.301+0000] {logging_mixin.py:188} INFO - [2024-05-27T21:16:26.301+0000] {dagbag.py:545} INFO - Filling up the DagBag from /home/airflow/.local/lib/python3.8/site-packages/airflow/example_dags/example_nested_branch_dag.py
[2024-05-27T21:16:26.311+0000] {processor.py:840} INFO - DAG(s) 'example_nested_branch_dag' retrieved from /home/airflow/.local/lib/python3.8/site-packages/airflow/example_dags/example_nested_branch_dag.py
[2024-05-27T21:16:26.341+0000] {logging_mixin.py:188} INFO - [2024-05-27T21:16:26.341+0000] {dag.py:3096} INFO - Sync 1 DAGs
[2024-05-27T21:16:26.367+0000] {logging_mixin.py:188} INFO - [2024-05-27T21:16:26.367+0000] {dag.py:3954} INFO - Setting next_dagrun for example_nested_branch_dag to 2024-05-26 00:00:00+00:00, run_after=2024-05-27 00:00:00+00:00
[2024-05-27T21:16:26.388+0000] {processor.py:183} INFO - Processing /home/airflow/.local/lib/python3.8/site-packages/airflow/example_dags/example_nested_branch_dag.py took 0.098 seconds
[2024-05-27T21:16:56.543+0000] {processor.py:161} INFO - Started process (PID=1492) to work on /home/airflow/.local/lib/python3.8/site-packages/airflow/example_dags/example_nested_branch_dag.py
[2024-05-27T21:16:56.544+0000] {processor.py:830} INFO - Processing file /home/airflow/.local/lib/python3.8/site-packages/airflow/example_dags/example_nested_branch_dag.py for tasks to queue
[2024-05-27T21:16:56.547+0000] {logging_mixin.py:188} INFO - [2024-05-27T21:16:56.547+0000] {dagbag.py:545} INFO - Filling up the DagBag from /home/airflow/.local/lib/python3.8/site-packages/airflow/example_dags/example_nested_branch_dag.py
[2024-05-27T21:16:56.557+0000] {processor.py:840} INFO - DAG(s) 'example_nested_branch_dag' retrieved from /home/airflow/.local/lib/python3.8/site-packages/airflow/example_dags/example_nested_branch_dag.py
[2024-05-27T21:16:56.580+0000] {logging_mixin.py:188} INFO - [2024-05-27T21:16:56.580+0000] {dag.py:3096} INFO - Sync 1 DAGs
[2024-05-27T21:16:56.603+0000] {logging_mixin.py:188} INFO - [2024-05-27T21:16:56.603+0000] {dag.py:3954} INFO - Setting next_dagrun for example_nested_branch_dag to 2024-05-26 00:00:00+00:00, run_after=2024-05-27 00:00:00+00:00
[2024-05-27T21:16:56.625+0000] {processor.py:183} INFO - Processing /home/airflow/.local/lib/python3.8/site-packages/airflow/example_dags/example_nested_branch_dag.py took 0.089 seconds
[2024-05-27T21:17:27.227+0000] {processor.py:161} INFO - Started process (PID=1572) to work on /home/airflow/.local/lib/python3.8/site-packages/airflow/example_dags/example_nested_branch_dag.py
[2024-05-27T21:17:27.228+0000] {processor.py:830} INFO - Processing file /home/airflow/.local/lib/python3.8/site-packages/airflow/example_dags/example_nested_branch_dag.py for tasks to queue
[2024-05-27T21:17:27.231+0000] {logging_mixin.py:188} INFO - [2024-05-27T21:17:27.231+0000] {dagbag.py:545} INFO - Filling up the DagBag from /home/airflow/.local/lib/python3.8/site-packages/airflow/example_dags/example_nested_branch_dag.py
[2024-05-27T21:17:27.242+0000] {processor.py:840} INFO - DAG(s) 'example_nested_branch_dag' retrieved from /home/airflow/.local/lib/python3.8/site-packages/airflow/example_dags/example_nested_branch_dag.py
[2024-05-27T21:17:27.264+0000] {logging_mixin.py:188} INFO - [2024-05-27T21:17:27.264+0000] {dag.py:3096} INFO - Sync 1 DAGs
[2024-05-27T21:17:27.293+0000] {logging_mixin.py:188} INFO - [2024-05-27T21:17:27.293+0000] {dag.py:3954} INFO - Setting next_dagrun for example_nested_branch_dag to 2024-05-26 00:00:00+00:00, run_after=2024-05-27 00:00:00+00:00
[2024-05-27T21:17:27.317+0000] {processor.py:183} INFO - Processing /home/airflow/.local/lib/python3.8/site-packages/airflow/example_dags/example_nested_branch_dag.py took 0.098 seconds
[2024-05-27T21:18:05.595+0000] {processor.py:161} INFO - Started process (PID=1641) to work on /home/airflow/.local/lib/python3.8/site-packages/airflow/example_dags/example_nested_branch_dag.py
[2024-05-27T21:18:05.612+0000] {processor.py:830} INFO - Processing file /home/airflow/.local/lib/python3.8/site-packages/airflow/example_dags/example_nested_branch_dag.py for tasks to queue
[2024-05-27T21:18:05.661+0000] {logging_mixin.py:188} INFO - [2024-05-27T21:18:05.659+0000] {dagbag.py:545} INFO - Filling up the DagBag from /home/airflow/.local/lib/python3.8/site-packages/airflow/example_dags/example_nested_branch_dag.py
[2024-05-27T21:18:05.757+0000] {processor.py:840} INFO - DAG(s) 'example_nested_branch_dag' retrieved from /home/airflow/.local/lib/python3.8/site-packages/airflow/example_dags/example_nested_branch_dag.py
[2024-05-27T21:18:05.971+0000] {logging_mixin.py:188} INFO - [2024-05-27T21:18:05.970+0000] {dag.py:3096} INFO - Sync 1 DAGs
[2024-05-27T21:18:06.081+0000] {logging_mixin.py:188} INFO - [2024-05-27T21:18:06.074+0000] {dag.py:3954} INFO - Setting next_dagrun for example_nested_branch_dag to 2024-05-26 00:00:00+00:00, run_after=2024-05-27 00:00:00+00:00
[2024-05-27T21:18:06.150+0000] {processor.py:183} INFO - Processing /home/airflow/.local/lib/python3.8/site-packages/airflow/example_dags/example_nested_branch_dag.py took 0.617 seconds
[2024-05-27T21:18:36.461+0000] {processor.py:161} INFO - Started process (PID=1712) to work on /home/airflow/.local/lib/python3.8/site-packages/airflow/example_dags/example_nested_branch_dag.py
[2024-05-27T21:18:36.463+0000] {processor.py:830} INFO - Processing file /home/airflow/.local/lib/python3.8/site-packages/airflow/example_dags/example_nested_branch_dag.py for tasks to queue
[2024-05-27T21:18:36.465+0000] {logging_mixin.py:188} INFO - [2024-05-27T21:18:36.464+0000] {dagbag.py:545} INFO - Filling up the DagBag from /home/airflow/.local/lib/python3.8/site-packages/airflow/example_dags/example_nested_branch_dag.py
[2024-05-27T21:18:36.479+0000] {processor.py:840} INFO - DAG(s) 'example_nested_branch_dag' retrieved from /home/airflow/.local/lib/python3.8/site-packages/airflow/example_dags/example_nested_branch_dag.py
[2024-05-27T21:18:36.503+0000] {logging_mixin.py:188} INFO - [2024-05-27T21:18:36.502+0000] {dag.py:3096} INFO - Sync 1 DAGs
[2024-05-27T21:18:36.540+0000] {logging_mixin.py:188} INFO - [2024-05-27T21:18:36.539+0000] {dag.py:3954} INFO - Setting next_dagrun for example_nested_branch_dag to 2024-05-26 00:00:00+00:00, run_after=2024-05-27 00:00:00+00:00
[2024-05-27T21:18:36.567+0000] {processor.py:183} INFO - Processing /home/airflow/.local/lib/python3.8/site-packages/airflow/example_dags/example_nested_branch_dag.py took 0.114 seconds
[2024-05-27T21:19:07.080+0000] {processor.py:161} INFO - Started process (PID=1790) to work on /home/airflow/.local/lib/python3.8/site-packages/airflow/example_dags/example_nested_branch_dag.py
[2024-05-27T21:19:07.081+0000] {processor.py:830} INFO - Processing file /home/airflow/.local/lib/python3.8/site-packages/airflow/example_dags/example_nested_branch_dag.py for tasks to queue
[2024-05-27T21:19:07.083+0000] {logging_mixin.py:188} INFO - [2024-05-27T21:19:07.083+0000] {dagbag.py:545} INFO - Filling up the DagBag from /home/airflow/.local/lib/python3.8/site-packages/airflow/example_dags/example_nested_branch_dag.py
[2024-05-27T21:19:07.096+0000] {processor.py:840} INFO - DAG(s) 'example_nested_branch_dag' retrieved from /home/airflow/.local/lib/python3.8/site-packages/airflow/example_dags/example_nested_branch_dag.py
[2024-05-27T21:19:07.119+0000] {logging_mixin.py:188} INFO - [2024-05-27T21:19:07.119+0000] {dag.py:3096} INFO - Sync 1 DAGs
[2024-05-27T21:19:07.147+0000] {logging_mixin.py:188} INFO - [2024-05-27T21:19:07.146+0000] {dag.py:3954} INFO - Setting next_dagrun for example_nested_branch_dag to 2024-05-26 00:00:00+00:00, run_after=2024-05-27 00:00:00+00:00
[2024-05-27T21:19:07.168+0000] {processor.py:183} INFO - Processing /home/airflow/.local/lib/python3.8/site-packages/airflow/example_dags/example_nested_branch_dag.py took 0.096 seconds
[2024-05-27T21:19:37.941+0000] {processor.py:161} INFO - Started process (PID=1861) to work on /home/airflow/.local/lib/python3.8/site-packages/airflow/example_dags/example_nested_branch_dag.py
[2024-05-27T21:19:37.943+0000] {processor.py:830} INFO - Processing file /home/airflow/.local/lib/python3.8/site-packages/airflow/example_dags/example_nested_branch_dag.py for tasks to queue
[2024-05-27T21:19:37.945+0000] {logging_mixin.py:188} INFO - [2024-05-27T21:19:37.944+0000] {dagbag.py:545} INFO - Filling up the DagBag from /home/airflow/.local/lib/python3.8/site-packages/airflow/example_dags/example_nested_branch_dag.py
[2024-05-27T21:19:37.958+0000] {processor.py:840} INFO - DAG(s) 'example_nested_branch_dag' retrieved from /home/airflow/.local/lib/python3.8/site-packages/airflow/example_dags/example_nested_branch_dag.py
[2024-05-27T21:19:37.981+0000] {logging_mixin.py:188} INFO - [2024-05-27T21:19:37.981+0000] {dag.py:3096} INFO - Sync 1 DAGs
[2024-05-27T21:19:38.006+0000] {logging_mixin.py:188} INFO - [2024-05-27T21:19:38.006+0000] {dag.py:3954} INFO - Setting next_dagrun for example_nested_branch_dag to 2024-05-26 00:00:00+00:00, run_after=2024-05-27 00:00:00+00:00
[2024-05-27T21:19:38.027+0000] {processor.py:183} INFO - Processing /home/airflow/.local/lib/python3.8/site-packages/airflow/example_dags/example_nested_branch_dag.py took 0.094 seconds
[2024-05-27T21:20:08.691+0000] {processor.py:161} INFO - Started process (PID=1931) to work on /home/airflow/.local/lib/python3.8/site-packages/airflow/example_dags/example_nested_branch_dag.py
[2024-05-27T21:20:08.694+0000] {processor.py:830} INFO - Processing file /home/airflow/.local/lib/python3.8/site-packages/airflow/example_dags/example_nested_branch_dag.py for tasks to queue
[2024-05-27T21:20:08.697+0000] {logging_mixin.py:188} INFO - [2024-05-27T21:20:08.696+0000] {dagbag.py:545} INFO - Filling up the DagBag from /home/airflow/.local/lib/python3.8/site-packages/airflow/example_dags/example_nested_branch_dag.py
[2024-05-27T21:20:08.711+0000] {processor.py:840} INFO - DAG(s) 'example_nested_branch_dag' retrieved from /home/airflow/.local/lib/python3.8/site-packages/airflow/example_dags/example_nested_branch_dag.py
[2024-05-27T21:20:08.737+0000] {logging_mixin.py:188} INFO - [2024-05-27T21:20:08.737+0000] {dag.py:3096} INFO - Sync 1 DAGs
[2024-05-27T21:20:08.758+0000] {logging_mixin.py:188} INFO - [2024-05-27T21:20:08.758+0000] {dag.py:3954} INFO - Setting next_dagrun for example_nested_branch_dag to 2024-05-26 00:00:00+00:00, run_after=2024-05-27 00:00:00+00:00
[2024-05-27T21:20:08.780+0000] {processor.py:183} INFO - Processing /home/airflow/.local/lib/python3.8/site-packages/airflow/example_dags/example_nested_branch_dag.py took 0.099 seconds
[2024-05-27T21:20:39.478+0000] {processor.py:161} INFO - Started process (PID=2009) to work on /home/airflow/.local/lib/python3.8/site-packages/airflow/example_dags/example_nested_branch_dag.py
[2024-05-27T21:20:39.479+0000] {processor.py:830} INFO - Processing file /home/airflow/.local/lib/python3.8/site-packages/airflow/example_dags/example_nested_branch_dag.py for tasks to queue
[2024-05-27T21:20:39.481+0000] {logging_mixin.py:188} INFO - [2024-05-27T21:20:39.481+0000] {dagbag.py:545} INFO - Filling up the DagBag from /home/airflow/.local/lib/python3.8/site-packages/airflow/example_dags/example_nested_branch_dag.py
[2024-05-27T21:20:39.493+0000] {processor.py:840} INFO - DAG(s) 'example_nested_branch_dag' retrieved from /home/airflow/.local/lib/python3.8/site-packages/airflow/example_dags/example_nested_branch_dag.py
[2024-05-27T21:20:39.523+0000] {logging_mixin.py:188} INFO - [2024-05-27T21:20:39.522+0000] {dag.py:3096} INFO - Sync 1 DAGs
[2024-05-27T21:20:39.547+0000] {logging_mixin.py:188} INFO - [2024-05-27T21:20:39.547+0000] {dag.py:3954} INFO - Setting next_dagrun for example_nested_branch_dag to 2024-05-26 00:00:00+00:00, run_after=2024-05-27 00:00:00+00:00
[2024-05-27T21:20:39.571+0000] {processor.py:183} INFO - Processing /home/airflow/.local/lib/python3.8/site-packages/airflow/example_dags/example_nested_branch_dag.py took 0.102 seconds
[2024-05-27T21:21:09.977+0000] {processor.py:161} INFO - Started process (PID=2081) to work on /home/airflow/.local/lib/python3.8/site-packages/airflow/example_dags/example_nested_branch_dag.py
[2024-05-27T21:21:09.978+0000] {processor.py:830} INFO - Processing file /home/airflow/.local/lib/python3.8/site-packages/airflow/example_dags/example_nested_branch_dag.py for tasks to queue
[2024-05-27T21:21:09.980+0000] {logging_mixin.py:188} INFO - [2024-05-27T21:21:09.980+0000] {dagbag.py:545} INFO - Filling up the DagBag from /home/airflow/.local/lib/python3.8/site-packages/airflow/example_dags/example_nested_branch_dag.py
[2024-05-27T21:21:09.991+0000] {processor.py:840} INFO - DAG(s) 'example_nested_branch_dag' retrieved from /home/airflow/.local/lib/python3.8/site-packages/airflow/example_dags/example_nested_branch_dag.py
[2024-05-27T21:21:10.014+0000] {logging_mixin.py:188} INFO - [2024-05-27T21:21:10.014+0000] {dag.py:3096} INFO - Sync 1 DAGs
[2024-05-27T21:21:10.038+0000] {logging_mixin.py:188} INFO - [2024-05-27T21:21:10.038+0000] {dag.py:3954} INFO - Setting next_dagrun for example_nested_branch_dag to 2024-05-26 00:00:00+00:00, run_after=2024-05-27 00:00:00+00:00
[2024-05-27T21:21:10.060+0000] {processor.py:183} INFO - Processing /home/airflow/.local/lib/python3.8/site-packages/airflow/example_dags/example_nested_branch_dag.py took 0.089 seconds
[2024-05-27T21:21:40.454+0000] {processor.py:161} INFO - Started process (PID=2174) to work on /home/airflow/.local/lib/python3.8/site-packages/airflow/example_dags/example_nested_branch_dag.py
[2024-05-27T21:21:40.456+0000] {processor.py:830} INFO - Processing file /home/airflow/.local/lib/python3.8/site-packages/airflow/example_dags/example_nested_branch_dag.py for tasks to queue
[2024-05-27T21:21:40.459+0000] {logging_mixin.py:188} INFO - [2024-05-27T21:21:40.458+0000] {dagbag.py:545} INFO - Filling up the DagBag from /home/airflow/.local/lib/python3.8/site-packages/airflow/example_dags/example_nested_branch_dag.py
[2024-05-27T21:21:40.471+0000] {processor.py:840} INFO - DAG(s) 'example_nested_branch_dag' retrieved from /home/airflow/.local/lib/python3.8/site-packages/airflow/example_dags/example_nested_branch_dag.py
[2024-05-27T21:21:40.499+0000] {logging_mixin.py:188} INFO - [2024-05-27T21:21:40.499+0000] {dag.py:3096} INFO - Sync 1 DAGs
[2024-05-27T21:21:40.525+0000] {logging_mixin.py:188} INFO - [2024-05-27T21:21:40.525+0000] {dag.py:3954} INFO - Setting next_dagrun for example_nested_branch_dag to 2024-05-26 00:00:00+00:00, run_after=2024-05-27 00:00:00+00:00
[2024-05-27T21:21:40.551+0000] {processor.py:183} INFO - Processing /home/airflow/.local/lib/python3.8/site-packages/airflow/example_dags/example_nested_branch_dag.py took 0.103 seconds
[2024-05-27T21:22:11.462+0000] {processor.py:161} INFO - Started process (PID=2243) to work on /home/airflow/.local/lib/python3.8/site-packages/airflow/example_dags/example_nested_branch_dag.py
[2024-05-27T21:22:11.464+0000] {processor.py:830} INFO - Processing file /home/airflow/.local/lib/python3.8/site-packages/airflow/example_dags/example_nested_branch_dag.py for tasks to queue
[2024-05-27T21:22:11.467+0000] {logging_mixin.py:188} INFO - [2024-05-27T21:22:11.467+0000] {dagbag.py:545} INFO - Filling up the DagBag from /home/airflow/.local/lib/python3.8/site-packages/airflow/example_dags/example_nested_branch_dag.py
[2024-05-27T21:22:11.478+0000] {processor.py:840} INFO - DAG(s) 'example_nested_branch_dag' retrieved from /home/airflow/.local/lib/python3.8/site-packages/airflow/example_dags/example_nested_branch_dag.py
[2024-05-27T21:22:11.507+0000] {logging_mixin.py:188} INFO - [2024-05-27T21:22:11.507+0000] {dag.py:3096} INFO - Sync 1 DAGs
[2024-05-27T21:22:11.534+0000] {logging_mixin.py:188} INFO - [2024-05-27T21:22:11.533+0000] {dag.py:3954} INFO - Setting next_dagrun for example_nested_branch_dag to 2024-05-26 00:00:00+00:00, run_after=2024-05-27 00:00:00+00:00
[2024-05-27T21:22:11.556+0000] {processor.py:183} INFO - Processing /home/airflow/.local/lib/python3.8/site-packages/airflow/example_dags/example_nested_branch_dag.py took 0.102 seconds
[2024-05-27T21:22:41.950+0000] {processor.py:161} INFO - Started process (PID=2320) to work on /home/airflow/.local/lib/python3.8/site-packages/airflow/example_dags/example_nested_branch_dag.py
[2024-05-27T21:22:41.952+0000] {processor.py:830} INFO - Processing file /home/airflow/.local/lib/python3.8/site-packages/airflow/example_dags/example_nested_branch_dag.py for tasks to queue
[2024-05-27T21:22:41.954+0000] {logging_mixin.py:188} INFO - [2024-05-27T21:22:41.954+0000] {dagbag.py:545} INFO - Filling up the DagBag from /home/airflow/.local/lib/python3.8/site-packages/airflow/example_dags/example_nested_branch_dag.py
[2024-05-27T21:22:41.968+0000] {processor.py:840} INFO - DAG(s) 'example_nested_branch_dag' retrieved from /home/airflow/.local/lib/python3.8/site-packages/airflow/example_dags/example_nested_branch_dag.py
[2024-05-27T21:22:41.996+0000] {logging_mixin.py:188} INFO - [2024-05-27T21:22:41.996+0000] {dag.py:3096} INFO - Sync 1 DAGs
[2024-05-27T21:22:42.026+0000] {logging_mixin.py:188} INFO - [2024-05-27T21:22:42.025+0000] {dag.py:3954} INFO - Setting next_dagrun for example_nested_branch_dag to 2024-05-26 00:00:00+00:00, run_after=2024-05-27 00:00:00+00:00
[2024-05-27T21:22:42.047+0000] {processor.py:183} INFO - Processing /home/airflow/.local/lib/python3.8/site-packages/airflow/example_dags/example_nested_branch_dag.py took 0.105 seconds
[2024-05-27T21:23:12.987+0000] {processor.py:161} INFO - Started process (PID=2391) to work on /home/airflow/.local/lib/python3.8/site-packages/airflow/example_dags/example_nested_branch_dag.py
[2024-05-27T21:23:12.988+0000] {processor.py:830} INFO - Processing file /home/airflow/.local/lib/python3.8/site-packages/airflow/example_dags/example_nested_branch_dag.py for tasks to queue
[2024-05-27T21:23:12.990+0000] {logging_mixin.py:188} INFO - [2024-05-27T21:23:12.990+0000] {dagbag.py:545} INFO - Filling up the DagBag from /home/airflow/.local/lib/python3.8/site-packages/airflow/example_dags/example_nested_branch_dag.py
[2024-05-27T21:23:13.003+0000] {processor.py:840} INFO - DAG(s) 'example_nested_branch_dag' retrieved from /home/airflow/.local/lib/python3.8/site-packages/airflow/example_dags/example_nested_branch_dag.py
[2024-05-27T21:23:13.025+0000] {logging_mixin.py:188} INFO - [2024-05-27T21:23:13.025+0000] {dag.py:3096} INFO - Sync 1 DAGs
[2024-05-27T21:23:13.047+0000] {logging_mixin.py:188} INFO - [2024-05-27T21:23:13.047+0000] {dag.py:3954} INFO - Setting next_dagrun for example_nested_branch_dag to 2024-05-26 00:00:00+00:00, run_after=2024-05-27 00:00:00+00:00
[2024-05-27T21:23:13.069+0000] {processor.py:183} INFO - Processing /home/airflow/.local/lib/python3.8/site-packages/airflow/example_dags/example_nested_branch_dag.py took 0.090 seconds
[2024-05-27T21:23:43.540+0000] {processor.py:161} INFO - Started process (PID=2461) to work on /home/airflow/.local/lib/python3.8/site-packages/airflow/example_dags/example_nested_branch_dag.py
[2024-05-27T21:23:43.542+0000] {processor.py:830} INFO - Processing file /home/airflow/.local/lib/python3.8/site-packages/airflow/example_dags/example_nested_branch_dag.py for tasks to queue
[2024-05-27T21:23:43.546+0000] {logging_mixin.py:188} INFO - [2024-05-27T21:23:43.546+0000] {dagbag.py:545} INFO - Filling up the DagBag from /home/airflow/.local/lib/python3.8/site-packages/airflow/example_dags/example_nested_branch_dag.py
[2024-05-27T21:23:43.562+0000] {processor.py:840} INFO - DAG(s) 'example_nested_branch_dag' retrieved from /home/airflow/.local/lib/python3.8/site-packages/airflow/example_dags/example_nested_branch_dag.py
[2024-05-27T21:23:43.587+0000] {logging_mixin.py:188} INFO - [2024-05-27T21:23:43.586+0000] {dag.py:3096} INFO - Sync 1 DAGs
[2024-05-27T21:23:43.612+0000] {logging_mixin.py:188} INFO - [2024-05-27T21:23:43.611+0000] {dag.py:3954} INFO - Setting next_dagrun for example_nested_branch_dag to 2024-05-26 00:00:00+00:00, run_after=2024-05-27 00:00:00+00:00
[2024-05-27T21:23:43.634+0000] {processor.py:183} INFO - Processing /home/airflow/.local/lib/python3.8/site-packages/airflow/example_dags/example_nested_branch_dag.py took 0.101 seconds
[2024-05-27T21:24:14.244+0000] {processor.py:161} INFO - Started process (PID=2540) to work on /home/airflow/.local/lib/python3.8/site-packages/airflow/example_dags/example_nested_branch_dag.py
[2024-05-27T21:24:14.245+0000] {processor.py:830} INFO - Processing file /home/airflow/.local/lib/python3.8/site-packages/airflow/example_dags/example_nested_branch_dag.py for tasks to queue
[2024-05-27T21:24:14.248+0000] {logging_mixin.py:188} INFO - [2024-05-27T21:24:14.247+0000] {dagbag.py:545} INFO - Filling up the DagBag from /home/airflow/.local/lib/python3.8/site-packages/airflow/example_dags/example_nested_branch_dag.py
[2024-05-27T21:24:14.265+0000] {processor.py:840} INFO - DAG(s) 'example_nested_branch_dag' retrieved from /home/airflow/.local/lib/python3.8/site-packages/airflow/example_dags/example_nested_branch_dag.py
[2024-05-27T21:24:14.293+0000] {logging_mixin.py:188} INFO - [2024-05-27T21:24:14.293+0000] {dag.py:3096} INFO - Sync 1 DAGs
[2024-05-27T21:24:14.321+0000] {logging_mixin.py:188} INFO - [2024-05-27T21:24:14.320+0000] {dag.py:3954} INFO - Setting next_dagrun for example_nested_branch_dag to 2024-05-26 00:00:00+00:00, run_after=2024-05-27 00:00:00+00:00
[2024-05-27T21:24:14.340+0000] {processor.py:183} INFO - Processing /home/airflow/.local/lib/python3.8/site-packages/airflow/example_dags/example_nested_branch_dag.py took 0.106 seconds
[2024-05-27T21:24:44.770+0000] {processor.py:161} INFO - Started process (PID=2610) to work on /home/airflow/.local/lib/python3.8/site-packages/airflow/example_dags/example_nested_branch_dag.py
[2024-05-27T21:24:44.771+0000] {processor.py:830} INFO - Processing file /home/airflow/.local/lib/python3.8/site-packages/airflow/example_dags/example_nested_branch_dag.py for tasks to queue
[2024-05-27T21:24:44.774+0000] {logging_mixin.py:188} INFO - [2024-05-27T21:24:44.773+0000] {dagbag.py:545} INFO - Filling up the DagBag from /home/airflow/.local/lib/python3.8/site-packages/airflow/example_dags/example_nested_branch_dag.py
[2024-05-27T21:24:44.787+0000] {processor.py:840} INFO - DAG(s) 'example_nested_branch_dag' retrieved from /home/airflow/.local/lib/python3.8/site-packages/airflow/example_dags/example_nested_branch_dag.py
[2024-05-27T21:24:44.815+0000] {logging_mixin.py:188} INFO - [2024-05-27T21:24:44.814+0000] {dag.py:3096} INFO - Sync 1 DAGs
[2024-05-27T21:24:44.839+0000] {logging_mixin.py:188} INFO - [2024-05-27T21:24:44.838+0000] {dag.py:3954} INFO - Setting next_dagrun for example_nested_branch_dag to 2024-05-26 00:00:00+00:00, run_after=2024-05-27 00:00:00+00:00
[2024-05-27T21:24:44.865+0000] {processor.py:183} INFO - Processing /home/airflow/.local/lib/python3.8/site-packages/airflow/example_dags/example_nested_branch_dag.py took 0.104 seconds
[2024-05-27T21:25:15.329+0000] {processor.py:161} INFO - Started process (PID=2680) to work on /home/airflow/.local/lib/python3.8/site-packages/airflow/example_dags/example_nested_branch_dag.py
[2024-05-27T21:25:15.331+0000] {processor.py:830} INFO - Processing file /home/airflow/.local/lib/python3.8/site-packages/airflow/example_dags/example_nested_branch_dag.py for tasks to queue
[2024-05-27T21:25:15.338+0000] {logging_mixin.py:188} INFO - [2024-05-27T21:25:15.336+0000] {dagbag.py:545} INFO - Filling up the DagBag from /home/airflow/.local/lib/python3.8/site-packages/airflow/example_dags/example_nested_branch_dag.py
[2024-05-27T21:25:15.353+0000] {processor.py:840} INFO - DAG(s) 'example_nested_branch_dag' retrieved from /home/airflow/.local/lib/python3.8/site-packages/airflow/example_dags/example_nested_branch_dag.py
[2024-05-27T21:25:15.377+0000] {logging_mixin.py:188} INFO - [2024-05-27T21:25:15.377+0000] {dag.py:3096} INFO - Sync 1 DAGs
[2024-05-27T21:25:15.404+0000] {logging_mixin.py:188} INFO - [2024-05-27T21:25:15.404+0000] {dag.py:3954} INFO - Setting next_dagrun for example_nested_branch_dag to 2024-05-26 00:00:00+00:00, run_after=2024-05-27 00:00:00+00:00
[2024-05-27T21:25:15.426+0000] {processor.py:183} INFO - Processing /home/airflow/.local/lib/python3.8/site-packages/airflow/example_dags/example_nested_branch_dag.py took 0.105 seconds
