[2024-05-27T20:50:56.795+0000] {processor.py:161} INFO - Started process (PID=83) to work on /home/airflow/.local/lib/python3.8/site-packages/airflow/example_dags/tutorial_dag.py
[2024-05-27T20:50:56.797+0000] {processor.py:830} INFO - Processing file /home/airflow/.local/lib/python3.8/site-packages/airflow/example_dags/tutorial_dag.py for tasks to queue
[2024-05-27T20:50:56.801+0000] {logging_mixin.py:188} INFO - [2024-05-27T20:50:56.800+0000] {dagbag.py:545} INFO - Filling up the DagBag from /home/airflow/.local/lib/python3.8/site-packages/airflow/example_dags/tutorial_dag.py
[2024-05-27T20:50:56.810+0000] {processor.py:840} INFO - DAG(s) 'tutorial_dag' retrieved from /home/airflow/.local/lib/python3.8/site-packages/airflow/example_dags/tutorial_dag.py
[2024-05-27T20:50:57.140+0000] {logging_mixin.py:188} INFO - [2024-05-27T20:50:57.140+0000] {dag.py:3096} INFO - Sync 1 DAGs
[2024-05-27T20:50:57.153+0000] {logging_mixin.py:188} INFO - [2024-05-27T20:50:57.153+0000] {dag.py:3954} INFO - Setting next_dagrun for tutorial_dag to None, run_after=None
[2024-05-27T20:50:57.180+0000] {processor.py:183} INFO - Processing /home/airflow/.local/lib/python3.8/site-packages/airflow/example_dags/tutorial_dag.py took 0.393 seconds
[2024-05-27T20:51:27.565+0000] {processor.py:161} INFO - Started process (PID=160) to work on /home/airflow/.local/lib/python3.8/site-packages/airflow/example_dags/tutorial_dag.py
[2024-05-27T20:51:27.566+0000] {processor.py:830} INFO - Processing file /home/airflow/.local/lib/python3.8/site-packages/airflow/example_dags/tutorial_dag.py for tasks to queue
[2024-05-27T20:51:27.569+0000] {logging_mixin.py:188} INFO - [2024-05-27T20:51:27.568+0000] {dagbag.py:545} INFO - Filling up the DagBag from /home/airflow/.local/lib/python3.8/site-packages/airflow/example_dags/tutorial_dag.py
[2024-05-27T20:51:27.576+0000] {processor.py:840} INFO - DAG(s) 'tutorial_dag' retrieved from /home/airflow/.local/lib/python3.8/site-packages/airflow/example_dags/tutorial_dag.py
[2024-05-27T20:51:27.603+0000] {logging_mixin.py:188} INFO - [2024-05-27T20:51:27.603+0000] {dag.py:3096} INFO - Sync 1 DAGs
[2024-05-27T20:51:27.617+0000] {logging_mixin.py:188} INFO - [2024-05-27T20:51:27.616+0000] {dag.py:3954} INFO - Setting next_dagrun for tutorial_dag to None, run_after=None
[2024-05-27T20:51:27.640+0000] {processor.py:183} INFO - Processing /home/airflow/.local/lib/python3.8/site-packages/airflow/example_dags/tutorial_dag.py took 0.082 seconds
[2024-05-27T20:51:58.669+0000] {processor.py:161} INFO - Started process (PID=230) to work on /home/airflow/.local/lib/python3.8/site-packages/airflow/example_dags/tutorial_dag.py
[2024-05-27T20:51:58.671+0000] {processor.py:830} INFO - Processing file /home/airflow/.local/lib/python3.8/site-packages/airflow/example_dags/tutorial_dag.py for tasks to queue
[2024-05-27T20:51:58.673+0000] {logging_mixin.py:188} INFO - [2024-05-27T20:51:58.672+0000] {dagbag.py:545} INFO - Filling up the DagBag from /home/airflow/.local/lib/python3.8/site-packages/airflow/example_dags/tutorial_dag.py
[2024-05-27T20:51:58.678+0000] {processor.py:840} INFO - DAG(s) 'tutorial_dag' retrieved from /home/airflow/.local/lib/python3.8/site-packages/airflow/example_dags/tutorial_dag.py
[2024-05-27T20:51:58.700+0000] {logging_mixin.py:188} INFO - [2024-05-27T20:51:58.700+0000] {dag.py:3096} INFO - Sync 1 DAGs
[2024-05-27T20:51:58.713+0000] {logging_mixin.py:188} INFO - [2024-05-27T20:51:58.713+0000] {dag.py:3954} INFO - Setting next_dagrun for tutorial_dag to None, run_after=None
[2024-05-27T20:51:58.736+0000] {processor.py:183} INFO - Processing /home/airflow/.local/lib/python3.8/site-packages/airflow/example_dags/tutorial_dag.py took 0.075 seconds
[2024-05-27T20:52:28.858+0000] {processor.py:161} INFO - Started process (PID=299) to work on /home/airflow/.local/lib/python3.8/site-packages/airflow/example_dags/tutorial_dag.py
[2024-05-27T20:52:28.859+0000] {processor.py:830} INFO - Processing file /home/airflow/.local/lib/python3.8/site-packages/airflow/example_dags/tutorial_dag.py for tasks to queue
[2024-05-27T20:52:28.861+0000] {logging_mixin.py:188} INFO - [2024-05-27T20:52:28.861+0000] {dagbag.py:545} INFO - Filling up the DagBag from /home/airflow/.local/lib/python3.8/site-packages/airflow/example_dags/tutorial_dag.py
[2024-05-27T20:52:28.867+0000] {processor.py:840} INFO - DAG(s) 'tutorial_dag' retrieved from /home/airflow/.local/lib/python3.8/site-packages/airflow/example_dags/tutorial_dag.py
[2024-05-27T20:52:28.893+0000] {logging_mixin.py:188} INFO - [2024-05-27T20:52:28.892+0000] {dag.py:3096} INFO - Sync 1 DAGs
[2024-05-27T20:52:28.906+0000] {logging_mixin.py:188} INFO - [2024-05-27T20:52:28.906+0000] {dag.py:3954} INFO - Setting next_dagrun for tutorial_dag to None, run_after=None
[2024-05-27T20:52:28.926+0000] {processor.py:183} INFO - Processing /home/airflow/.local/lib/python3.8/site-packages/airflow/example_dags/tutorial_dag.py took 0.074 seconds
[2024-05-27T20:52:59.035+0000] {processor.py:161} INFO - Started process (PID=375) to work on /home/airflow/.local/lib/python3.8/site-packages/airflow/example_dags/tutorial_dag.py
[2024-05-27T20:52:59.037+0000] {processor.py:830} INFO - Processing file /home/airflow/.local/lib/python3.8/site-packages/airflow/example_dags/tutorial_dag.py for tasks to queue
[2024-05-27T20:52:59.040+0000] {logging_mixin.py:188} INFO - [2024-05-27T20:52:59.039+0000] {dagbag.py:545} INFO - Filling up the DagBag from /home/airflow/.local/lib/python3.8/site-packages/airflow/example_dags/tutorial_dag.py
[2024-05-27T20:52:59.048+0000] {processor.py:840} INFO - DAG(s) 'tutorial_dag' retrieved from /home/airflow/.local/lib/python3.8/site-packages/airflow/example_dags/tutorial_dag.py
[2024-05-27T20:52:59.074+0000] {logging_mixin.py:188} INFO - [2024-05-27T20:52:59.073+0000] {dag.py:3096} INFO - Sync 1 DAGs
[2024-05-27T20:52:59.088+0000] {logging_mixin.py:188} INFO - [2024-05-27T20:52:59.088+0000] {dag.py:3954} INFO - Setting next_dagrun for tutorial_dag to None, run_after=None
[2024-05-27T20:52:59.112+0000] {processor.py:183} INFO - Processing /home/airflow/.local/lib/python3.8/site-packages/airflow/example_dags/tutorial_dag.py took 0.086 seconds
[2024-05-27T20:53:30.037+0000] {processor.py:161} INFO - Started process (PID=446) to work on /home/airflow/.local/lib/python3.8/site-packages/airflow/example_dags/tutorial_dag.py
[2024-05-27T20:53:30.039+0000] {processor.py:830} INFO - Processing file /home/airflow/.local/lib/python3.8/site-packages/airflow/example_dags/tutorial_dag.py for tasks to queue
[2024-05-27T20:53:30.041+0000] {logging_mixin.py:188} INFO - [2024-05-27T20:53:30.041+0000] {dagbag.py:545} INFO - Filling up the DagBag from /home/airflow/.local/lib/python3.8/site-packages/airflow/example_dags/tutorial_dag.py
[2024-05-27T20:53:30.047+0000] {processor.py:840} INFO - DAG(s) 'tutorial_dag' retrieved from /home/airflow/.local/lib/python3.8/site-packages/airflow/example_dags/tutorial_dag.py
[2024-05-27T20:53:30.073+0000] {logging_mixin.py:188} INFO - [2024-05-27T20:53:30.072+0000] {dag.py:3096} INFO - Sync 1 DAGs
[2024-05-27T20:53:30.087+0000] {logging_mixin.py:188} INFO - [2024-05-27T20:53:30.086+0000] {dag.py:3954} INFO - Setting next_dagrun for tutorial_dag to None, run_after=None
[2024-05-27T20:53:30.111+0000] {processor.py:183} INFO - Processing /home/airflow/.local/lib/python3.8/site-packages/airflow/example_dags/tutorial_dag.py took 0.081 seconds
[2024-05-27T20:54:00.512+0000] {processor.py:161} INFO - Started process (PID=516) to work on /home/airflow/.local/lib/python3.8/site-packages/airflow/example_dags/tutorial_dag.py
[2024-05-27T20:54:00.513+0000] {processor.py:830} INFO - Processing file /home/airflow/.local/lib/python3.8/site-packages/airflow/example_dags/tutorial_dag.py for tasks to queue
[2024-05-27T20:54:00.516+0000] {logging_mixin.py:188} INFO - [2024-05-27T20:54:00.516+0000] {dagbag.py:545} INFO - Filling up the DagBag from /home/airflow/.local/lib/python3.8/site-packages/airflow/example_dags/tutorial_dag.py
[2024-05-27T20:54:00.522+0000] {processor.py:840} INFO - DAG(s) 'tutorial_dag' retrieved from /home/airflow/.local/lib/python3.8/site-packages/airflow/example_dags/tutorial_dag.py
[2024-05-27T20:54:00.546+0000] {logging_mixin.py:188} INFO - [2024-05-27T20:54:00.546+0000] {dag.py:3096} INFO - Sync 1 DAGs
[2024-05-27T20:54:00.560+0000] {logging_mixin.py:188} INFO - [2024-05-27T20:54:00.560+0000] {dag.py:3954} INFO - Setting next_dagrun for tutorial_dag to None, run_after=None
[2024-05-27T20:54:00.585+0000] {processor.py:183} INFO - Processing /home/airflow/.local/lib/python3.8/site-packages/airflow/example_dags/tutorial_dag.py took 0.079 seconds
[2024-05-27T20:54:31.266+0000] {processor.py:161} INFO - Started process (PID=594) to work on /home/airflow/.local/lib/python3.8/site-packages/airflow/example_dags/tutorial_dag.py
[2024-05-27T20:54:31.267+0000] {processor.py:830} INFO - Processing file /home/airflow/.local/lib/python3.8/site-packages/airflow/example_dags/tutorial_dag.py for tasks to queue
[2024-05-27T20:54:31.271+0000] {logging_mixin.py:188} INFO - [2024-05-27T20:54:31.270+0000] {dagbag.py:545} INFO - Filling up the DagBag from /home/airflow/.local/lib/python3.8/site-packages/airflow/example_dags/tutorial_dag.py
[2024-05-27T20:54:31.276+0000] {processor.py:840} INFO - DAG(s) 'tutorial_dag' retrieved from /home/airflow/.local/lib/python3.8/site-packages/airflow/example_dags/tutorial_dag.py
[2024-05-27T20:54:31.305+0000] {logging_mixin.py:188} INFO - [2024-05-27T20:54:31.305+0000] {dag.py:3096} INFO - Sync 1 DAGs
[2024-05-27T20:54:31.318+0000] {logging_mixin.py:188} INFO - [2024-05-27T20:54:31.318+0000] {dag.py:3954} INFO - Setting next_dagrun for tutorial_dag to None, run_after=None
[2024-05-27T20:54:31.341+0000] {processor.py:183} INFO - Processing /home/airflow/.local/lib/python3.8/site-packages/airflow/example_dags/tutorial_dag.py took 0.082 seconds
[2024-05-27T20:55:01.705+0000] {processor.py:161} INFO - Started process (PID=664) to work on /home/airflow/.local/lib/python3.8/site-packages/airflow/example_dags/tutorial_dag.py
[2024-05-27T20:55:01.706+0000] {processor.py:830} INFO - Processing file /home/airflow/.local/lib/python3.8/site-packages/airflow/example_dags/tutorial_dag.py for tasks to queue
[2024-05-27T20:55:01.708+0000] {logging_mixin.py:188} INFO - [2024-05-27T20:55:01.708+0000] {dagbag.py:545} INFO - Filling up the DagBag from /home/airflow/.local/lib/python3.8/site-packages/airflow/example_dags/tutorial_dag.py
[2024-05-27T20:55:01.715+0000] {processor.py:840} INFO - DAG(s) 'tutorial_dag' retrieved from /home/airflow/.local/lib/python3.8/site-packages/airflow/example_dags/tutorial_dag.py
[2024-05-27T20:55:01.738+0000] {logging_mixin.py:188} INFO - [2024-05-27T20:55:01.738+0000] {dag.py:3096} INFO - Sync 1 DAGs
[2024-05-27T20:55:01.750+0000] {logging_mixin.py:188} INFO - [2024-05-27T20:55:01.750+0000] {dag.py:3954} INFO - Setting next_dagrun for tutorial_dag to None, run_after=None
[2024-05-27T20:55:01.771+0000] {processor.py:183} INFO - Processing /home/airflow/.local/lib/python3.8/site-packages/airflow/example_dags/tutorial_dag.py took 0.074 seconds
[2024-05-27T20:57:19.276+0000] {processor.py:161} INFO - Started process (PID=83) to work on /home/airflow/.local/lib/python3.8/site-packages/airflow/example_dags/tutorial_dag.py
[2024-05-27T20:57:19.279+0000] {processor.py:830} INFO - Processing file /home/airflow/.local/lib/python3.8/site-packages/airflow/example_dags/tutorial_dag.py for tasks to queue
[2024-05-27T20:57:19.284+0000] {logging_mixin.py:188} INFO - [2024-05-27T20:57:19.282+0000] {dagbag.py:545} INFO - Filling up the DagBag from /home/airflow/.local/lib/python3.8/site-packages/airflow/example_dags/tutorial_dag.py
[2024-05-27T20:57:19.297+0000] {processor.py:840} INFO - DAG(s) 'tutorial_dag' retrieved from /home/airflow/.local/lib/python3.8/site-packages/airflow/example_dags/tutorial_dag.py
[2024-05-27T20:57:19.319+0000] {logging_mixin.py:188} INFO - [2024-05-27T20:57:19.318+0000] {dag.py:3096} INFO - Sync 1 DAGs
[2024-05-27T20:57:19.337+0000] {logging_mixin.py:188} INFO - [2024-05-27T20:57:19.337+0000] {dag.py:3954} INFO - Setting next_dagrun for tutorial_dag to None, run_after=None
[2024-05-27T20:57:19.365+0000] {processor.py:183} INFO - Processing /home/airflow/.local/lib/python3.8/site-packages/airflow/example_dags/tutorial_dag.py took 0.102 seconds
[2024-05-27T20:57:50.240+0000] {processor.py:161} INFO - Started process (PID=154) to work on /home/airflow/.local/lib/python3.8/site-packages/airflow/example_dags/tutorial_dag.py
[2024-05-27T20:57:50.241+0000] {processor.py:830} INFO - Processing file /home/airflow/.local/lib/python3.8/site-packages/airflow/example_dags/tutorial_dag.py for tasks to queue
[2024-05-27T20:57:50.243+0000] {logging_mixin.py:188} INFO - [2024-05-27T20:57:50.243+0000] {dagbag.py:545} INFO - Filling up the DagBag from /home/airflow/.local/lib/python3.8/site-packages/airflow/example_dags/tutorial_dag.py
[2024-05-27T20:57:50.248+0000] {processor.py:840} INFO - DAG(s) 'tutorial_dag' retrieved from /home/airflow/.local/lib/python3.8/site-packages/airflow/example_dags/tutorial_dag.py
[2024-05-27T20:57:50.372+0000] {logging_mixin.py:188} INFO - [2024-05-27T20:57:50.372+0000] {dag.py:3096} INFO - Sync 1 DAGs
[2024-05-27T20:57:50.383+0000] {logging_mixin.py:188} INFO - [2024-05-27T20:57:50.383+0000] {dag.py:3954} INFO - Setting next_dagrun for tutorial_dag to None, run_after=None
[2024-05-27T20:57:50.408+0000] {processor.py:183} INFO - Processing /home/airflow/.local/lib/python3.8/site-packages/airflow/example_dags/tutorial_dag.py took 0.175 seconds
[2024-05-27T20:58:20.574+0000] {processor.py:161} INFO - Started process (PID=233) to work on /home/airflow/.local/lib/python3.8/site-packages/airflow/example_dags/tutorial_dag.py
[2024-05-27T20:58:20.576+0000] {processor.py:830} INFO - Processing file /home/airflow/.local/lib/python3.8/site-packages/airflow/example_dags/tutorial_dag.py for tasks to queue
[2024-05-27T20:58:20.578+0000] {logging_mixin.py:188} INFO - [2024-05-27T20:58:20.578+0000] {dagbag.py:545} INFO - Filling up the DagBag from /home/airflow/.local/lib/python3.8/site-packages/airflow/example_dags/tutorial_dag.py
[2024-05-27T20:58:20.583+0000] {processor.py:840} INFO - DAG(s) 'tutorial_dag' retrieved from /home/airflow/.local/lib/python3.8/site-packages/airflow/example_dags/tutorial_dag.py
[2024-05-27T20:58:20.606+0000] {logging_mixin.py:188} INFO - [2024-05-27T20:58:20.606+0000] {dag.py:3096} INFO - Sync 1 DAGs
[2024-05-27T20:58:20.622+0000] {logging_mixin.py:188} INFO - [2024-05-27T20:58:20.622+0000] {dag.py:3954} INFO - Setting next_dagrun for tutorial_dag to None, run_after=None
[2024-05-27T20:58:20.649+0000] {processor.py:183} INFO - Processing /home/airflow/.local/lib/python3.8/site-packages/airflow/example_dags/tutorial_dag.py took 0.081 seconds
[2024-05-27T20:58:51.485+0000] {processor.py:161} INFO - Started process (PID=303) to work on /home/airflow/.local/lib/python3.8/site-packages/airflow/example_dags/tutorial_dag.py
[2024-05-27T20:58:51.486+0000] {processor.py:830} INFO - Processing file /home/airflow/.local/lib/python3.8/site-packages/airflow/example_dags/tutorial_dag.py for tasks to queue
[2024-05-27T20:58:51.488+0000] {logging_mixin.py:188} INFO - [2024-05-27T20:58:51.488+0000] {dagbag.py:545} INFO - Filling up the DagBag from /home/airflow/.local/lib/python3.8/site-packages/airflow/example_dags/tutorial_dag.py
[2024-05-27T20:58:51.494+0000] {processor.py:840} INFO - DAG(s) 'tutorial_dag' retrieved from /home/airflow/.local/lib/python3.8/site-packages/airflow/example_dags/tutorial_dag.py
[2024-05-27T20:58:51.517+0000] {logging_mixin.py:188} INFO - [2024-05-27T20:58:51.517+0000] {dag.py:3096} INFO - Sync 1 DAGs
[2024-05-27T20:58:51.529+0000] {logging_mixin.py:188} INFO - [2024-05-27T20:58:51.529+0000] {dag.py:3954} INFO - Setting next_dagrun for tutorial_dag to None, run_after=None
[2024-05-27T20:58:51.550+0000] {processor.py:183} INFO - Processing /home/airflow/.local/lib/python3.8/site-packages/airflow/example_dags/tutorial_dag.py took 0.073 seconds
[2024-05-27T20:59:21.839+0000] {processor.py:161} INFO - Started process (PID=380) to work on /home/airflow/.local/lib/python3.8/site-packages/airflow/example_dags/tutorial_dag.py
[2024-05-27T20:59:21.841+0000] {processor.py:830} INFO - Processing file /home/airflow/.local/lib/python3.8/site-packages/airflow/example_dags/tutorial_dag.py for tasks to queue
[2024-05-27T20:59:21.844+0000] {logging_mixin.py:188} INFO - [2024-05-27T20:59:21.843+0000] {dagbag.py:545} INFO - Filling up the DagBag from /home/airflow/.local/lib/python3.8/site-packages/airflow/example_dags/tutorial_dag.py
[2024-05-27T20:59:21.851+0000] {processor.py:840} INFO - DAG(s) 'tutorial_dag' retrieved from /home/airflow/.local/lib/python3.8/site-packages/airflow/example_dags/tutorial_dag.py
[2024-05-27T20:59:21.880+0000] {logging_mixin.py:188} INFO - [2024-05-27T20:59:21.880+0000] {dag.py:3096} INFO - Sync 1 DAGs
[2024-05-27T20:59:21.895+0000] {logging_mixin.py:188} INFO - [2024-05-27T20:59:21.895+0000] {dag.py:3954} INFO - Setting next_dagrun for tutorial_dag to None, run_after=None
[2024-05-27T20:59:21.923+0000] {processor.py:183} INFO - Processing /home/airflow/.local/lib/python3.8/site-packages/airflow/example_dags/tutorial_dag.py took 0.092 seconds
[2024-05-27T20:59:52.370+0000] {processor.py:161} INFO - Started process (PID=451) to work on /home/airflow/.local/lib/python3.8/site-packages/airflow/example_dags/tutorial_dag.py
[2024-05-27T20:59:52.372+0000] {processor.py:830} INFO - Processing file /home/airflow/.local/lib/python3.8/site-packages/airflow/example_dags/tutorial_dag.py for tasks to queue
[2024-05-27T20:59:52.375+0000] {logging_mixin.py:188} INFO - [2024-05-27T20:59:52.374+0000] {dagbag.py:545} INFO - Filling up the DagBag from /home/airflow/.local/lib/python3.8/site-packages/airflow/example_dags/tutorial_dag.py
[2024-05-27T20:59:52.381+0000] {processor.py:840} INFO - DAG(s) 'tutorial_dag' retrieved from /home/airflow/.local/lib/python3.8/site-packages/airflow/example_dags/tutorial_dag.py
[2024-05-27T20:59:52.426+0000] {logging_mixin.py:188} INFO - [2024-05-27T20:59:52.426+0000] {dag.py:3096} INFO - Sync 1 DAGs
[2024-05-27T20:59:52.446+0000] {logging_mixin.py:188} INFO - [2024-05-27T20:59:52.446+0000] {dag.py:3954} INFO - Setting next_dagrun for tutorial_dag to None, run_after=None
[2024-05-27T20:59:52.468+0000] {processor.py:183} INFO - Processing /home/airflow/.local/lib/python3.8/site-packages/airflow/example_dags/tutorial_dag.py took 0.104 seconds
[2024-05-27T21:00:22.892+0000] {processor.py:161} INFO - Started process (PID=521) to work on /home/airflow/.local/lib/python3.8/site-packages/airflow/example_dags/tutorial_dag.py
[2024-05-27T21:00:22.893+0000] {processor.py:830} INFO - Processing file /home/airflow/.local/lib/python3.8/site-packages/airflow/example_dags/tutorial_dag.py for tasks to queue
[2024-05-27T21:00:22.896+0000] {logging_mixin.py:188} INFO - [2024-05-27T21:00:22.895+0000] {dagbag.py:545} INFO - Filling up the DagBag from /home/airflow/.local/lib/python3.8/site-packages/airflow/example_dags/tutorial_dag.py
[2024-05-27T21:00:22.902+0000] {processor.py:840} INFO - DAG(s) 'tutorial_dag' retrieved from /home/airflow/.local/lib/python3.8/site-packages/airflow/example_dags/tutorial_dag.py
[2024-05-27T21:00:22.931+0000] {logging_mixin.py:188} INFO - [2024-05-27T21:00:22.930+0000] {dag.py:3096} INFO - Sync 1 DAGs
[2024-05-27T21:00:22.949+0000] {logging_mixin.py:188} INFO - [2024-05-27T21:00:22.948+0000] {dag.py:3954} INFO - Setting next_dagrun for tutorial_dag to None, run_after=None
[2024-05-27T21:00:22.971+0000] {processor.py:183} INFO - Processing /home/airflow/.local/lib/python3.8/site-packages/airflow/example_dags/tutorial_dag.py took 0.086 seconds
[2024-05-27T21:00:53.315+0000] {processor.py:161} INFO - Started process (PID=599) to work on /home/airflow/.local/lib/python3.8/site-packages/airflow/example_dags/tutorial_dag.py
[2024-05-27T21:00:53.316+0000] {processor.py:830} INFO - Processing file /home/airflow/.local/lib/python3.8/site-packages/airflow/example_dags/tutorial_dag.py for tasks to queue
[2024-05-27T21:00:53.318+0000] {logging_mixin.py:188} INFO - [2024-05-27T21:00:53.318+0000] {dagbag.py:545} INFO - Filling up the DagBag from /home/airflow/.local/lib/python3.8/site-packages/airflow/example_dags/tutorial_dag.py
[2024-05-27T21:00:53.324+0000] {processor.py:840} INFO - DAG(s) 'tutorial_dag' retrieved from /home/airflow/.local/lib/python3.8/site-packages/airflow/example_dags/tutorial_dag.py
[2024-05-27T21:00:53.350+0000] {logging_mixin.py:188} INFO - [2024-05-27T21:00:53.350+0000] {dag.py:3096} INFO - Sync 1 DAGs
[2024-05-27T21:00:53.364+0000] {logging_mixin.py:188} INFO - [2024-05-27T21:00:53.363+0000] {dag.py:3954} INFO - Setting next_dagrun for tutorial_dag to None, run_after=None
[2024-05-27T21:00:53.383+0000] {processor.py:183} INFO - Processing /home/airflow/.local/lib/python3.8/site-packages/airflow/example_dags/tutorial_dag.py took 0.074 seconds
[2024-05-27T21:01:23.991+0000] {processor.py:161} INFO - Started process (PID=669) to work on /home/airflow/.local/lib/python3.8/site-packages/airflow/example_dags/tutorial_dag.py
[2024-05-27T21:01:23.993+0000] {processor.py:830} INFO - Processing file /home/airflow/.local/lib/python3.8/site-packages/airflow/example_dags/tutorial_dag.py for tasks to queue
[2024-05-27T21:01:23.996+0000] {logging_mixin.py:188} INFO - [2024-05-27T21:01:23.995+0000] {dagbag.py:545} INFO - Filling up the DagBag from /home/airflow/.local/lib/python3.8/site-packages/airflow/example_dags/tutorial_dag.py
[2024-05-27T21:01:24.001+0000] {processor.py:840} INFO - DAG(s) 'tutorial_dag' retrieved from /home/airflow/.local/lib/python3.8/site-packages/airflow/example_dags/tutorial_dag.py
[2024-05-27T21:01:24.025+0000] {logging_mixin.py:188} INFO - [2024-05-27T21:01:24.024+0000] {dag.py:3096} INFO - Sync 1 DAGs
[2024-05-27T21:01:24.039+0000] {logging_mixin.py:188} INFO - [2024-05-27T21:01:24.039+0000] {dag.py:3954} INFO - Setting next_dagrun for tutorial_dag to None, run_after=None
[2024-05-27T21:01:24.066+0000] {processor.py:183} INFO - Processing /home/airflow/.local/lib/python3.8/site-packages/airflow/example_dags/tutorial_dag.py took 0.081 seconds
[2024-05-27T21:01:54.641+0000] {processor.py:161} INFO - Started process (PID=746) to work on /home/airflow/.local/lib/python3.8/site-packages/airflow/example_dags/tutorial_dag.py
[2024-05-27T21:01:54.665+0000] {processor.py:830} INFO - Processing file /home/airflow/.local/lib/python3.8/site-packages/airflow/example_dags/tutorial_dag.py for tasks to queue
[2024-05-27T21:01:54.707+0000] {logging_mixin.py:188} INFO - [2024-05-27T21:01:54.702+0000] {dagbag.py:545} INFO - Filling up the DagBag from /home/airflow/.local/lib/python3.8/site-packages/airflow/example_dags/tutorial_dag.py
[2024-05-27T21:01:54.926+0000] {processor.py:840} INFO - DAG(s) 'tutorial_dag' retrieved from /home/airflow/.local/lib/python3.8/site-packages/airflow/example_dags/tutorial_dag.py
[2024-05-27T21:01:55.147+0000] {logging_mixin.py:188} INFO - [2024-05-27T21:01:55.146+0000] {dag.py:3096} INFO - Sync 1 DAGs
[2024-05-27T21:01:55.187+0000] {logging_mixin.py:188} INFO - [2024-05-27T21:01:55.186+0000] {dag.py:3954} INFO - Setting next_dagrun for tutorial_dag to None, run_after=None
[2024-05-27T21:01:55.223+0000] {processor.py:183} INFO - Processing /home/airflow/.local/lib/python3.8/site-packages/airflow/example_dags/tutorial_dag.py took 0.650 seconds
[2024-05-27T21:06:50.137+0000] {processor.py:161} INFO - Started process (PID=99) to work on /home/airflow/.local/lib/python3.8/site-packages/airflow/example_dags/tutorial_dag.py
[2024-05-27T21:06:50.140+0000] {processor.py:830} INFO - Processing file /home/airflow/.local/lib/python3.8/site-packages/airflow/example_dags/tutorial_dag.py for tasks to queue
[2024-05-27T21:06:50.145+0000] {logging_mixin.py:188} INFO - [2024-05-27T21:06:50.144+0000] {dagbag.py:545} INFO - Filling up the DagBag from /home/airflow/.local/lib/python3.8/site-packages/airflow/example_dags/tutorial_dag.py
[2024-05-27T21:06:50.157+0000] {processor.py:840} INFO - DAG(s) 'tutorial_dag' retrieved from /home/airflow/.local/lib/python3.8/site-packages/airflow/example_dags/tutorial_dag.py
[2024-05-27T21:06:50.431+0000] {logging_mixin.py:188} INFO - [2024-05-27T21:06:50.430+0000] {dag.py:3096} INFO - Sync 1 DAGs
[2024-05-27T21:06:50.457+0000] {logging_mixin.py:188} INFO - [2024-05-27T21:06:50.457+0000] {dag.py:3954} INFO - Setting next_dagrun for tutorial_dag to None, run_after=None
[2024-05-27T21:06:50.538+0000] {processor.py:183} INFO - Processing /home/airflow/.local/lib/python3.8/site-packages/airflow/example_dags/tutorial_dag.py took 0.413 seconds
[2024-05-27T21:07:21.214+0000] {processor.py:161} INFO - Started process (PID=161) to work on /home/airflow/.local/lib/python3.8/site-packages/airflow/example_dags/tutorial_dag.py
[2024-05-27T21:07:21.215+0000] {processor.py:830} INFO - Processing file /home/airflow/.local/lib/python3.8/site-packages/airflow/example_dags/tutorial_dag.py for tasks to queue
[2024-05-27T21:07:21.218+0000] {logging_mixin.py:188} INFO - [2024-05-27T21:07:21.218+0000] {dagbag.py:545} INFO - Filling up the DagBag from /home/airflow/.local/lib/python3.8/site-packages/airflow/example_dags/tutorial_dag.py
[2024-05-27T21:07:21.225+0000] {processor.py:840} INFO - DAG(s) 'tutorial_dag' retrieved from /home/airflow/.local/lib/python3.8/site-packages/airflow/example_dags/tutorial_dag.py
[2024-05-27T21:07:21.265+0000] {logging_mixin.py:188} INFO - [2024-05-27T21:07:21.265+0000] {dag.py:3096} INFO - Sync 1 DAGs
[2024-05-27T21:07:21.285+0000] {logging_mixin.py:188} INFO - [2024-05-27T21:07:21.285+0000] {dag.py:3954} INFO - Setting next_dagrun for tutorial_dag to None, run_after=None
[2024-05-27T21:07:21.319+0000] {processor.py:183} INFO - Processing /home/airflow/.local/lib/python3.8/site-packages/airflow/example_dags/tutorial_dag.py took 0.113 seconds
[2024-05-27T21:07:51.787+0000] {processor.py:161} INFO - Started process (PID=231) to work on /home/airflow/.local/lib/python3.8/site-packages/airflow/example_dags/tutorial_dag.py
[2024-05-27T21:07:51.792+0000] {processor.py:830} INFO - Processing file /home/airflow/.local/lib/python3.8/site-packages/airflow/example_dags/tutorial_dag.py for tasks to queue
[2024-05-27T21:07:51.797+0000] {logging_mixin.py:188} INFO - [2024-05-27T21:07:51.796+0000] {dagbag.py:545} INFO - Filling up the DagBag from /home/airflow/.local/lib/python3.8/site-packages/airflow/example_dags/tutorial_dag.py
[2024-05-27T21:07:51.807+0000] {processor.py:840} INFO - DAG(s) 'tutorial_dag' retrieved from /home/airflow/.local/lib/python3.8/site-packages/airflow/example_dags/tutorial_dag.py
[2024-05-27T21:07:51.847+0000] {logging_mixin.py:188} INFO - [2024-05-27T21:07:51.847+0000] {dag.py:3096} INFO - Sync 1 DAGs
[2024-05-27T21:07:51.882+0000] {logging_mixin.py:188} INFO - [2024-05-27T21:07:51.882+0000] {dag.py:3954} INFO - Setting next_dagrun for tutorial_dag to None, run_after=None
[2024-05-27T21:07:51.928+0000] {processor.py:183} INFO - Processing /home/airflow/.local/lib/python3.8/site-packages/airflow/example_dags/tutorial_dag.py took 0.157 seconds
[2024-05-27T21:08:22.067+0000] {processor.py:161} INFO - Started process (PID=301) to work on /home/airflow/.local/lib/python3.8/site-packages/airflow/example_dags/tutorial_dag.py
[2024-05-27T21:08:22.069+0000] {processor.py:830} INFO - Processing file /home/airflow/.local/lib/python3.8/site-packages/airflow/example_dags/tutorial_dag.py for tasks to queue
[2024-05-27T21:08:22.072+0000] {logging_mixin.py:188} INFO - [2024-05-27T21:08:22.072+0000] {dagbag.py:545} INFO - Filling up the DagBag from /home/airflow/.local/lib/python3.8/site-packages/airflow/example_dags/tutorial_dag.py
[2024-05-27T21:08:22.081+0000] {processor.py:840} INFO - DAG(s) 'tutorial_dag' retrieved from /home/airflow/.local/lib/python3.8/site-packages/airflow/example_dags/tutorial_dag.py
[2024-05-27T21:08:22.114+0000] {logging_mixin.py:188} INFO - [2024-05-27T21:08:22.114+0000] {dag.py:3096} INFO - Sync 1 DAGs
[2024-05-27T21:08:22.134+0000] {logging_mixin.py:188} INFO - [2024-05-27T21:08:22.134+0000] {dag.py:3954} INFO - Setting next_dagrun for tutorial_dag to None, run_after=None
[2024-05-27T21:08:22.167+0000] {processor.py:183} INFO - Processing /home/airflow/.local/lib/python3.8/site-packages/airflow/example_dags/tutorial_dag.py took 0.107 seconds
[2024-05-27T21:08:52.798+0000] {processor.py:161} INFO - Started process (PID=371) to work on /home/airflow/.local/lib/python3.8/site-packages/airflow/example_dags/tutorial_dag.py
[2024-05-27T21:08:52.800+0000] {processor.py:830} INFO - Processing file /home/airflow/.local/lib/python3.8/site-packages/airflow/example_dags/tutorial_dag.py for tasks to queue
[2024-05-27T21:08:52.805+0000] {logging_mixin.py:188} INFO - [2024-05-27T21:08:52.804+0000] {dagbag.py:545} INFO - Filling up the DagBag from /home/airflow/.local/lib/python3.8/site-packages/airflow/example_dags/tutorial_dag.py
[2024-05-27T21:08:52.815+0000] {processor.py:840} INFO - DAG(s) 'tutorial_dag' retrieved from /home/airflow/.local/lib/python3.8/site-packages/airflow/example_dags/tutorial_dag.py
[2024-05-27T21:08:52.869+0000] {logging_mixin.py:188} INFO - [2024-05-27T21:08:52.868+0000] {dag.py:3096} INFO - Sync 1 DAGs
[2024-05-27T21:08:52.899+0000] {logging_mixin.py:188} INFO - [2024-05-27T21:08:52.898+0000] {dag.py:3954} INFO - Setting next_dagrun for tutorial_dag to None, run_after=None
[2024-05-27T21:08:52.946+0000] {processor.py:183} INFO - Processing /home/airflow/.local/lib/python3.8/site-packages/airflow/example_dags/tutorial_dag.py took 0.157 seconds
[2024-05-27T21:09:23.555+0000] {processor.py:161} INFO - Started process (PID=442) to work on /home/airflow/.local/lib/python3.8/site-packages/airflow/example_dags/tutorial_dag.py
[2024-05-27T21:09:23.556+0000] {processor.py:830} INFO - Processing file /home/airflow/.local/lib/python3.8/site-packages/airflow/example_dags/tutorial_dag.py for tasks to queue
[2024-05-27T21:09:23.560+0000] {logging_mixin.py:188} INFO - [2024-05-27T21:09:23.559+0000] {dagbag.py:545} INFO - Filling up the DagBag from /home/airflow/.local/lib/python3.8/site-packages/airflow/example_dags/tutorial_dag.py
[2024-05-27T21:09:23.580+0000] {processor.py:840} INFO - DAG(s) 'tutorial_dag' retrieved from /home/airflow/.local/lib/python3.8/site-packages/airflow/example_dags/tutorial_dag.py
[2024-05-27T21:09:23.624+0000] {logging_mixin.py:188} INFO - [2024-05-27T21:09:23.623+0000] {dag.py:3096} INFO - Sync 1 DAGs
[2024-05-27T21:09:23.648+0000] {logging_mixin.py:188} INFO - [2024-05-27T21:09:23.648+0000] {dag.py:3954} INFO - Setting next_dagrun for tutorial_dag to None, run_after=None
[2024-05-27T21:09:23.681+0000] {processor.py:183} INFO - Processing /home/airflow/.local/lib/python3.8/site-packages/airflow/example_dags/tutorial_dag.py took 0.141 seconds
[2024-05-27T21:09:54.152+0000] {processor.py:161} INFO - Started process (PID=511) to work on /home/airflow/.local/lib/python3.8/site-packages/airflow/example_dags/tutorial_dag.py
[2024-05-27T21:09:54.154+0000] {processor.py:830} INFO - Processing file /home/airflow/.local/lib/python3.8/site-packages/airflow/example_dags/tutorial_dag.py for tasks to queue
[2024-05-27T21:09:54.161+0000] {logging_mixin.py:188} INFO - [2024-05-27T21:09:54.161+0000] {dagbag.py:545} INFO - Filling up the DagBag from /home/airflow/.local/lib/python3.8/site-packages/airflow/example_dags/tutorial_dag.py
[2024-05-27T21:09:54.174+0000] {processor.py:840} INFO - DAG(s) 'tutorial_dag' retrieved from /home/airflow/.local/lib/python3.8/site-packages/airflow/example_dags/tutorial_dag.py
[2024-05-27T21:09:54.211+0000] {logging_mixin.py:188} INFO - [2024-05-27T21:09:54.210+0000] {dag.py:3096} INFO - Sync 1 DAGs
[2024-05-27T21:09:54.238+0000] {logging_mixin.py:188} INFO - [2024-05-27T21:09:54.237+0000] {dag.py:3954} INFO - Setting next_dagrun for tutorial_dag to None, run_after=None
[2024-05-27T21:09:54.275+0000] {processor.py:183} INFO - Processing /home/airflow/.local/lib/python3.8/site-packages/airflow/example_dags/tutorial_dag.py took 0.134 seconds
[2024-05-27T21:10:25.536+0000] {processor.py:161} INFO - Started process (PID=581) to work on /home/airflow/.local/lib/python3.8/site-packages/airflow/example_dags/tutorial_dag.py
[2024-05-27T21:10:25.551+0000] {processor.py:830} INFO - Processing file /home/airflow/.local/lib/python3.8/site-packages/airflow/example_dags/tutorial_dag.py for tasks to queue
[2024-05-27T21:10:25.562+0000] {logging_mixin.py:188} INFO - [2024-05-27T21:10:25.561+0000] {dagbag.py:545} INFO - Filling up the DagBag from /home/airflow/.local/lib/python3.8/site-packages/airflow/example_dags/tutorial_dag.py
[2024-05-27T21:10:25.595+0000] {processor.py:840} INFO - DAG(s) 'tutorial_dag' retrieved from /home/airflow/.local/lib/python3.8/site-packages/airflow/example_dags/tutorial_dag.py
[2024-05-27T21:10:25.704+0000] {logging_mixin.py:188} INFO - [2024-05-27T21:10:25.703+0000] {dag.py:3096} INFO - Sync 1 DAGs
[2024-05-27T21:10:25.760+0000] {logging_mixin.py:188} INFO - [2024-05-27T21:10:25.759+0000] {dag.py:3954} INFO - Setting next_dagrun for tutorial_dag to None, run_after=None
[2024-05-27T21:10:25.863+0000] {processor.py:183} INFO - Processing /home/airflow/.local/lib/python3.8/site-packages/airflow/example_dags/tutorial_dag.py took 0.351 seconds
[2024-05-27T21:10:56.181+0000] {processor.py:161} INFO - Started process (PID=651) to work on /home/airflow/.local/lib/python3.8/site-packages/airflow/example_dags/tutorial_dag.py
[2024-05-27T21:10:56.183+0000] {processor.py:830} INFO - Processing file /home/airflow/.local/lib/python3.8/site-packages/airflow/example_dags/tutorial_dag.py for tasks to queue
[2024-05-27T21:10:56.186+0000] {logging_mixin.py:188} INFO - [2024-05-27T21:10:56.185+0000] {dagbag.py:545} INFO - Filling up the DagBag from /home/airflow/.local/lib/python3.8/site-packages/airflow/example_dags/tutorial_dag.py
[2024-05-27T21:10:56.196+0000] {processor.py:840} INFO - DAG(s) 'tutorial_dag' retrieved from /home/airflow/.local/lib/python3.8/site-packages/airflow/example_dags/tutorial_dag.py
[2024-05-27T21:10:56.229+0000] {logging_mixin.py:188} INFO - [2024-05-27T21:10:56.229+0000] {dag.py:3096} INFO - Sync 1 DAGs
[2024-05-27T21:10:56.249+0000] {logging_mixin.py:188} INFO - [2024-05-27T21:10:56.248+0000] {dag.py:3954} INFO - Setting next_dagrun for tutorial_dag to None, run_after=None
[2024-05-27T21:10:56.280+0000] {processor.py:183} INFO - Processing /home/airflow/.local/lib/python3.8/site-packages/airflow/example_dags/tutorial_dag.py took 0.112 seconds
[2024-05-27T21:11:26.716+0000] {processor.py:161} INFO - Started process (PID=721) to work on /home/airflow/.local/lib/python3.8/site-packages/airflow/example_dags/tutorial_dag.py
[2024-05-27T21:11:26.717+0000] {processor.py:830} INFO - Processing file /home/airflow/.local/lib/python3.8/site-packages/airflow/example_dags/tutorial_dag.py for tasks to queue
[2024-05-27T21:11:26.720+0000] {logging_mixin.py:188} INFO - [2024-05-27T21:11:26.719+0000] {dagbag.py:545} INFO - Filling up the DagBag from /home/airflow/.local/lib/python3.8/site-packages/airflow/example_dags/tutorial_dag.py
[2024-05-27T21:11:26.730+0000] {processor.py:840} INFO - DAG(s) 'tutorial_dag' retrieved from /home/airflow/.local/lib/python3.8/site-packages/airflow/example_dags/tutorial_dag.py
[2024-05-27T21:11:26.760+0000] {logging_mixin.py:188} INFO - [2024-05-27T21:11:26.759+0000] {dag.py:3096} INFO - Sync 1 DAGs
[2024-05-27T21:11:26.783+0000] {logging_mixin.py:188} INFO - [2024-05-27T21:11:26.783+0000] {dag.py:3954} INFO - Setting next_dagrun for tutorial_dag to None, run_after=None
[2024-05-27T21:11:26.821+0000] {processor.py:183} INFO - Processing /home/airflow/.local/lib/python3.8/site-packages/airflow/example_dags/tutorial_dag.py took 0.116 seconds
[2024-05-27T21:11:57.246+0000] {processor.py:161} INFO - Started process (PID=790) to work on /home/airflow/.local/lib/python3.8/site-packages/airflow/example_dags/tutorial_dag.py
[2024-05-27T21:11:57.248+0000] {processor.py:830} INFO - Processing file /home/airflow/.local/lib/python3.8/site-packages/airflow/example_dags/tutorial_dag.py for tasks to queue
[2024-05-27T21:11:57.250+0000] {logging_mixin.py:188} INFO - [2024-05-27T21:11:57.250+0000] {dagbag.py:545} INFO - Filling up the DagBag from /home/airflow/.local/lib/python3.8/site-packages/airflow/example_dags/tutorial_dag.py
[2024-05-27T21:11:57.256+0000] {processor.py:840} INFO - DAG(s) 'tutorial_dag' retrieved from /home/airflow/.local/lib/python3.8/site-packages/airflow/example_dags/tutorial_dag.py
[2024-05-27T21:11:57.293+0000] {logging_mixin.py:188} INFO - [2024-05-27T21:11:57.293+0000] {dag.py:3096} INFO - Sync 1 DAGs
[2024-05-27T21:11:57.314+0000] {logging_mixin.py:188} INFO - [2024-05-27T21:11:57.314+0000] {dag.py:3954} INFO - Setting next_dagrun for tutorial_dag to None, run_after=None
[2024-05-27T21:11:57.350+0000] {processor.py:183} INFO - Processing /home/airflow/.local/lib/python3.8/site-packages/airflow/example_dags/tutorial_dag.py took 0.114 seconds
[2024-05-27T21:12:27.995+0000] {processor.py:161} INFO - Started process (PID=861) to work on /home/airflow/.local/lib/python3.8/site-packages/airflow/example_dags/tutorial_dag.py
[2024-05-27T21:12:27.996+0000] {processor.py:830} INFO - Processing file /home/airflow/.local/lib/python3.8/site-packages/airflow/example_dags/tutorial_dag.py for tasks to queue
[2024-05-27T21:12:27.999+0000] {logging_mixin.py:188} INFO - [2024-05-27T21:12:27.998+0000] {dagbag.py:545} INFO - Filling up the DagBag from /home/airflow/.local/lib/python3.8/site-packages/airflow/example_dags/tutorial_dag.py
[2024-05-27T21:12:28.006+0000] {processor.py:840} INFO - DAG(s) 'tutorial_dag' retrieved from /home/airflow/.local/lib/python3.8/site-packages/airflow/example_dags/tutorial_dag.py
[2024-05-27T21:12:28.030+0000] {logging_mixin.py:188} INFO - [2024-05-27T21:12:28.030+0000] {dag.py:3096} INFO - Sync 1 DAGs
[2024-05-27T21:12:28.044+0000] {logging_mixin.py:188} INFO - [2024-05-27T21:12:28.044+0000] {dag.py:3954} INFO - Setting next_dagrun for tutorial_dag to None, run_after=None
[2024-05-27T21:12:28.065+0000] {processor.py:183} INFO - Processing /home/airflow/.local/lib/python3.8/site-packages/airflow/example_dags/tutorial_dag.py took 0.079 seconds
[2024-05-27T21:12:58.916+0000] {processor.py:161} INFO - Started process (PID=939) to work on /home/airflow/.local/lib/python3.8/site-packages/airflow/example_dags/tutorial_dag.py
[2024-05-27T21:12:58.918+0000] {processor.py:830} INFO - Processing file /home/airflow/.local/lib/python3.8/site-packages/airflow/example_dags/tutorial_dag.py for tasks to queue
[2024-05-27T21:12:58.920+0000] {logging_mixin.py:188} INFO - [2024-05-27T21:12:58.920+0000] {dagbag.py:545} INFO - Filling up the DagBag from /home/airflow/.local/lib/python3.8/site-packages/airflow/example_dags/tutorial_dag.py
[2024-05-27T21:12:58.930+0000] {processor.py:840} INFO - DAG(s) 'tutorial_dag' retrieved from /home/airflow/.local/lib/python3.8/site-packages/airflow/example_dags/tutorial_dag.py
[2024-05-27T21:12:58.958+0000] {logging_mixin.py:188} INFO - [2024-05-27T21:12:58.958+0000] {dag.py:3096} INFO - Sync 1 DAGs
[2024-05-27T21:12:58.980+0000] {logging_mixin.py:188} INFO - [2024-05-27T21:12:58.980+0000] {dag.py:3954} INFO - Setting next_dagrun for tutorial_dag to None, run_after=None
[2024-05-27T21:12:59.015+0000] {processor.py:183} INFO - Processing /home/airflow/.local/lib/python3.8/site-packages/airflow/example_dags/tutorial_dag.py took 0.109 seconds
[2024-05-27T21:13:29.325+0000] {processor.py:161} INFO - Started process (PID=1009) to work on /home/airflow/.local/lib/python3.8/site-packages/airflow/example_dags/tutorial_dag.py
[2024-05-27T21:13:29.327+0000] {processor.py:830} INFO - Processing file /home/airflow/.local/lib/python3.8/site-packages/airflow/example_dags/tutorial_dag.py for tasks to queue
[2024-05-27T21:13:29.329+0000] {logging_mixin.py:188} INFO - [2024-05-27T21:13:29.329+0000] {dagbag.py:545} INFO - Filling up the DagBag from /home/airflow/.local/lib/python3.8/site-packages/airflow/example_dags/tutorial_dag.py
[2024-05-27T21:13:29.336+0000] {processor.py:840} INFO - DAG(s) 'tutorial_dag' retrieved from /home/airflow/.local/lib/python3.8/site-packages/airflow/example_dags/tutorial_dag.py
[2024-05-27T21:13:29.360+0000] {logging_mixin.py:188} INFO - [2024-05-27T21:13:29.360+0000] {dag.py:3096} INFO - Sync 1 DAGs
[2024-05-27T21:13:29.373+0000] {logging_mixin.py:188} INFO - [2024-05-27T21:13:29.373+0000] {dag.py:3954} INFO - Setting next_dagrun for tutorial_dag to None, run_after=None
[2024-05-27T21:13:29.397+0000] {processor.py:183} INFO - Processing /home/airflow/.local/lib/python3.8/site-packages/airflow/example_dags/tutorial_dag.py took 0.080 seconds
[2024-05-27T21:13:59.923+0000] {processor.py:161} INFO - Started process (PID=1078) to work on /home/airflow/.local/lib/python3.8/site-packages/airflow/example_dags/tutorial_dag.py
[2024-05-27T21:13:59.925+0000] {processor.py:830} INFO - Processing file /home/airflow/.local/lib/python3.8/site-packages/airflow/example_dags/tutorial_dag.py for tasks to queue
[2024-05-27T21:13:59.926+0000] {logging_mixin.py:188} INFO - [2024-05-27T21:13:59.926+0000] {dagbag.py:545} INFO - Filling up the DagBag from /home/airflow/.local/lib/python3.8/site-packages/airflow/example_dags/tutorial_dag.py
[2024-05-27T21:13:59.932+0000] {processor.py:840} INFO - DAG(s) 'tutorial_dag' retrieved from /home/airflow/.local/lib/python3.8/site-packages/airflow/example_dags/tutorial_dag.py
[2024-05-27T21:13:59.954+0000] {logging_mixin.py:188} INFO - [2024-05-27T21:13:59.954+0000] {dag.py:3096} INFO - Sync 1 DAGs
[2024-05-27T21:13:59.966+0000] {logging_mixin.py:188} INFO - [2024-05-27T21:13:59.966+0000] {dag.py:3954} INFO - Setting next_dagrun for tutorial_dag to None, run_after=None
[2024-05-27T21:13:59.987+0000] {processor.py:183} INFO - Processing /home/airflow/.local/lib/python3.8/site-packages/airflow/example_dags/tutorial_dag.py took 0.069 seconds
[2024-05-27T21:14:30.442+0000] {processor.py:161} INFO - Started process (PID=1156) to work on /home/airflow/.local/lib/python3.8/site-packages/airflow/example_dags/tutorial_dag.py
[2024-05-27T21:14:30.443+0000] {processor.py:830} INFO - Processing file /home/airflow/.local/lib/python3.8/site-packages/airflow/example_dags/tutorial_dag.py for tasks to queue
[2024-05-27T21:14:30.445+0000] {logging_mixin.py:188} INFO - [2024-05-27T21:14:30.445+0000] {dagbag.py:545} INFO - Filling up the DagBag from /home/airflow/.local/lib/python3.8/site-packages/airflow/example_dags/tutorial_dag.py
[2024-05-27T21:14:30.450+0000] {processor.py:840} INFO - DAG(s) 'tutorial_dag' retrieved from /home/airflow/.local/lib/python3.8/site-packages/airflow/example_dags/tutorial_dag.py
[2024-05-27T21:14:30.472+0000] {logging_mixin.py:188} INFO - [2024-05-27T21:14:30.472+0000] {dag.py:3096} INFO - Sync 1 DAGs
[2024-05-27T21:14:30.486+0000] {logging_mixin.py:188} INFO - [2024-05-27T21:14:30.486+0000] {dag.py:3954} INFO - Setting next_dagrun for tutorial_dag to None, run_after=None
[2024-05-27T21:14:30.508+0000] {processor.py:183} INFO - Processing /home/airflow/.local/lib/python3.8/site-packages/airflow/example_dags/tutorial_dag.py took 0.073 seconds
[2024-05-27T21:15:01.330+0000] {processor.py:161} INFO - Started process (PID=1227) to work on /home/airflow/.local/lib/python3.8/site-packages/airflow/example_dags/tutorial_dag.py
[2024-05-27T21:15:01.331+0000] {processor.py:830} INFO - Processing file /home/airflow/.local/lib/python3.8/site-packages/airflow/example_dags/tutorial_dag.py for tasks to queue
[2024-05-27T21:15:01.334+0000] {logging_mixin.py:188} INFO - [2024-05-27T21:15:01.333+0000] {dagbag.py:545} INFO - Filling up the DagBag from /home/airflow/.local/lib/python3.8/site-packages/airflow/example_dags/tutorial_dag.py
[2024-05-27T21:15:01.339+0000] {processor.py:840} INFO - DAG(s) 'tutorial_dag' retrieved from /home/airflow/.local/lib/python3.8/site-packages/airflow/example_dags/tutorial_dag.py
[2024-05-27T21:15:01.366+0000] {logging_mixin.py:188} INFO - [2024-05-27T21:15:01.365+0000] {dag.py:3096} INFO - Sync 1 DAGs
[2024-05-27T21:15:01.380+0000] {logging_mixin.py:188} INFO - [2024-05-27T21:15:01.380+0000] {dag.py:3954} INFO - Setting next_dagrun for tutorial_dag to None, run_after=None
[2024-05-27T21:15:01.404+0000] {processor.py:183} INFO - Processing /home/airflow/.local/lib/python3.8/site-packages/airflow/example_dags/tutorial_dag.py took 0.080 seconds
[2024-05-27T21:15:32.185+0000] {processor.py:161} INFO - Started process (PID=1305) to work on /home/airflow/.local/lib/python3.8/site-packages/airflow/example_dags/tutorial_dag.py
[2024-05-27T21:15:32.186+0000] {processor.py:830} INFO - Processing file /home/airflow/.local/lib/python3.8/site-packages/airflow/example_dags/tutorial_dag.py for tasks to queue
[2024-05-27T21:15:32.188+0000] {logging_mixin.py:188} INFO - [2024-05-27T21:15:32.188+0000] {dagbag.py:545} INFO - Filling up the DagBag from /home/airflow/.local/lib/python3.8/site-packages/airflow/example_dags/tutorial_dag.py
[2024-05-27T21:15:32.196+0000] {processor.py:840} INFO - DAG(s) 'tutorial_dag' retrieved from /home/airflow/.local/lib/python3.8/site-packages/airflow/example_dags/tutorial_dag.py
[2024-05-27T21:15:32.220+0000] {logging_mixin.py:188} INFO - [2024-05-27T21:15:32.220+0000] {dag.py:3096} INFO - Sync 1 DAGs
[2024-05-27T21:15:32.234+0000] {logging_mixin.py:188} INFO - [2024-05-27T21:15:32.234+0000] {dag.py:3954} INFO - Setting next_dagrun for tutorial_dag to None, run_after=None
[2024-05-27T21:15:32.255+0000] {processor.py:183} INFO - Processing /home/airflow/.local/lib/python3.8/site-packages/airflow/example_dags/tutorial_dag.py took 0.078 seconds
[2024-05-27T21:16:02.529+0000] {processor.py:161} INFO - Started process (PID=1375) to work on /home/airflow/.local/lib/python3.8/site-packages/airflow/example_dags/tutorial_dag.py
[2024-05-27T21:16:02.530+0000] {processor.py:830} INFO - Processing file /home/airflow/.local/lib/python3.8/site-packages/airflow/example_dags/tutorial_dag.py for tasks to queue
[2024-05-27T21:16:02.532+0000] {logging_mixin.py:188} INFO - [2024-05-27T21:16:02.532+0000] {dagbag.py:545} INFO - Filling up the DagBag from /home/airflow/.local/lib/python3.8/site-packages/airflow/example_dags/tutorial_dag.py
[2024-05-27T21:16:02.538+0000] {processor.py:840} INFO - DAG(s) 'tutorial_dag' retrieved from /home/airflow/.local/lib/python3.8/site-packages/airflow/example_dags/tutorial_dag.py
[2024-05-27T21:16:02.558+0000] {logging_mixin.py:188} INFO - [2024-05-27T21:16:02.558+0000] {dag.py:3096} INFO - Sync 1 DAGs
[2024-05-27T21:16:02.575+0000] {logging_mixin.py:188} INFO - [2024-05-27T21:16:02.575+0000] {dag.py:3954} INFO - Setting next_dagrun for tutorial_dag to None, run_after=None
[2024-05-27T21:16:02.594+0000] {processor.py:183} INFO - Processing /home/airflow/.local/lib/python3.8/site-packages/airflow/example_dags/tutorial_dag.py took 0.071 seconds
[2024-05-27T21:16:33.066+0000] {processor.py:161} INFO - Started process (PID=1447) to work on /home/airflow/.local/lib/python3.8/site-packages/airflow/example_dags/tutorial_dag.py
[2024-05-27T21:16:33.067+0000] {processor.py:830} INFO - Processing file /home/airflow/.local/lib/python3.8/site-packages/airflow/example_dags/tutorial_dag.py for tasks to queue
[2024-05-27T21:16:33.069+0000] {logging_mixin.py:188} INFO - [2024-05-27T21:16:33.069+0000] {dagbag.py:545} INFO - Filling up the DagBag from /home/airflow/.local/lib/python3.8/site-packages/airflow/example_dags/tutorial_dag.py
[2024-05-27T21:16:33.075+0000] {processor.py:840} INFO - DAG(s) 'tutorial_dag' retrieved from /home/airflow/.local/lib/python3.8/site-packages/airflow/example_dags/tutorial_dag.py
[2024-05-27T21:16:33.102+0000] {logging_mixin.py:188} INFO - [2024-05-27T21:16:33.101+0000] {dag.py:3096} INFO - Sync 1 DAGs
[2024-05-27T21:16:33.116+0000] {logging_mixin.py:188} INFO - [2024-05-27T21:16:33.116+0000] {dag.py:3954} INFO - Setting next_dagrun for tutorial_dag to None, run_after=None
[2024-05-27T21:16:33.141+0000] {processor.py:183} INFO - Processing /home/airflow/.local/lib/python3.8/site-packages/airflow/example_dags/tutorial_dag.py took 0.082 seconds
[2024-05-27T21:17:03.793+0000] {processor.py:161} INFO - Started process (PID=1525) to work on /home/airflow/.local/lib/python3.8/site-packages/airflow/example_dags/tutorial_dag.py
[2024-05-27T21:17:03.794+0000] {processor.py:830} INFO - Processing file /home/airflow/.local/lib/python3.8/site-packages/airflow/example_dags/tutorial_dag.py for tasks to queue
[2024-05-27T21:17:03.797+0000] {logging_mixin.py:188} INFO - [2024-05-27T21:17:03.796+0000] {dagbag.py:545} INFO - Filling up the DagBag from /home/airflow/.local/lib/python3.8/site-packages/airflow/example_dags/tutorial_dag.py
[2024-05-27T21:17:03.803+0000] {processor.py:840} INFO - DAG(s) 'tutorial_dag' retrieved from /home/airflow/.local/lib/python3.8/site-packages/airflow/example_dags/tutorial_dag.py
[2024-05-27T21:17:03.828+0000] {logging_mixin.py:188} INFO - [2024-05-27T21:17:03.827+0000] {dag.py:3096} INFO - Sync 1 DAGs
[2024-05-27T21:17:03.843+0000] {logging_mixin.py:188} INFO - [2024-05-27T21:17:03.843+0000] {dag.py:3954} INFO - Setting next_dagrun for tutorial_dag to None, run_after=None
[2024-05-27T21:17:03.865+0000] {processor.py:183} INFO - Processing /home/airflow/.local/lib/python3.8/site-packages/airflow/example_dags/tutorial_dag.py took 0.079 seconds
[2024-05-27T21:17:33.946+0000] {processor.py:161} INFO - Started process (PID=1595) to work on /home/airflow/.local/lib/python3.8/site-packages/airflow/example_dags/tutorial_dag.py
[2024-05-27T21:17:33.948+0000] {processor.py:830} INFO - Processing file /home/airflow/.local/lib/python3.8/site-packages/airflow/example_dags/tutorial_dag.py for tasks to queue
[2024-05-27T21:17:33.950+0000] {logging_mixin.py:188} INFO - [2024-05-27T21:17:33.949+0000] {dagbag.py:545} INFO - Filling up the DagBag from /home/airflow/.local/lib/python3.8/site-packages/airflow/example_dags/tutorial_dag.py
[2024-05-27T21:17:33.955+0000] {processor.py:840} INFO - DAG(s) 'tutorial_dag' retrieved from /home/airflow/.local/lib/python3.8/site-packages/airflow/example_dags/tutorial_dag.py
[2024-05-27T21:17:33.974+0000] {logging_mixin.py:188} INFO - [2024-05-27T21:17:33.974+0000] {dag.py:3096} INFO - Sync 1 DAGs
[2024-05-27T21:17:33.987+0000] {logging_mixin.py:188} INFO - [2024-05-27T21:17:33.987+0000] {dag.py:3954} INFO - Setting next_dagrun for tutorial_dag to None, run_after=None
[2024-05-27T21:17:34.009+0000] {processor.py:183} INFO - Processing /home/airflow/.local/lib/python3.8/site-packages/airflow/example_dags/tutorial_dag.py took 0.069 seconds
[2024-05-27T21:18:13.534+0000] {processor.py:161} INFO - Started process (PID=1672) to work on /home/airflow/.local/lib/python3.8/site-packages/airflow/example_dags/tutorial_dag.py
[2024-05-27T21:18:13.536+0000] {processor.py:830} INFO - Processing file /home/airflow/.local/lib/python3.8/site-packages/airflow/example_dags/tutorial_dag.py for tasks to queue
[2024-05-27T21:18:13.541+0000] {logging_mixin.py:188} INFO - [2024-05-27T21:18:13.540+0000] {dagbag.py:545} INFO - Filling up the DagBag from /home/airflow/.local/lib/python3.8/site-packages/airflow/example_dags/tutorial_dag.py
[2024-05-27T21:18:13.554+0000] {processor.py:840} INFO - DAG(s) 'tutorial_dag' retrieved from /home/airflow/.local/lib/python3.8/site-packages/airflow/example_dags/tutorial_dag.py
[2024-05-27T21:18:13.592+0000] {logging_mixin.py:188} INFO - [2024-05-27T21:18:13.592+0000] {dag.py:3096} INFO - Sync 1 DAGs
[2024-05-27T21:18:13.613+0000] {logging_mixin.py:188} INFO - [2024-05-27T21:18:13.613+0000] {dag.py:3954} INFO - Setting next_dagrun for tutorial_dag to None, run_after=None
[2024-05-27T21:18:13.668+0000] {processor.py:183} INFO - Processing /home/airflow/.local/lib/python3.8/site-packages/airflow/example_dags/tutorial_dag.py took 0.146 seconds
[2024-05-27T21:18:43.849+0000] {processor.py:161} INFO - Started process (PID=1744) to work on /home/airflow/.local/lib/python3.8/site-packages/airflow/example_dags/tutorial_dag.py
[2024-05-27T21:18:43.850+0000] {processor.py:830} INFO - Processing file /home/airflow/.local/lib/python3.8/site-packages/airflow/example_dags/tutorial_dag.py for tasks to queue
[2024-05-27T21:18:43.852+0000] {logging_mixin.py:188} INFO - [2024-05-27T21:18:43.851+0000] {dagbag.py:545} INFO - Filling up the DagBag from /home/airflow/.local/lib/python3.8/site-packages/airflow/example_dags/tutorial_dag.py
[2024-05-27T21:18:43.859+0000] {processor.py:840} INFO - DAG(s) 'tutorial_dag' retrieved from /home/airflow/.local/lib/python3.8/site-packages/airflow/example_dags/tutorial_dag.py
[2024-05-27T21:18:43.883+0000] {logging_mixin.py:188} INFO - [2024-05-27T21:18:43.883+0000] {dag.py:3096} INFO - Sync 1 DAGs
[2024-05-27T21:18:43.899+0000] {logging_mixin.py:188} INFO - [2024-05-27T21:18:43.899+0000] {dag.py:3954} INFO - Setting next_dagrun for tutorial_dag to None, run_after=None
[2024-05-27T21:18:43.921+0000] {processor.py:183} INFO - Processing /home/airflow/.local/lib/python3.8/site-packages/airflow/example_dags/tutorial_dag.py took 0.080 seconds
[2024-05-27T21:19:14.695+0000] {processor.py:161} INFO - Started process (PID=1814) to work on /home/airflow/.local/lib/python3.8/site-packages/airflow/example_dags/tutorial_dag.py
[2024-05-27T21:19:14.697+0000] {processor.py:830} INFO - Processing file /home/airflow/.local/lib/python3.8/site-packages/airflow/example_dags/tutorial_dag.py for tasks to queue
[2024-05-27T21:19:14.699+0000] {logging_mixin.py:188} INFO - [2024-05-27T21:19:14.699+0000] {dagbag.py:545} INFO - Filling up the DagBag from /home/airflow/.local/lib/python3.8/site-packages/airflow/example_dags/tutorial_dag.py
[2024-05-27T21:19:14.706+0000] {processor.py:840} INFO - DAG(s) 'tutorial_dag' retrieved from /home/airflow/.local/lib/python3.8/site-packages/airflow/example_dags/tutorial_dag.py
[2024-05-27T21:19:14.731+0000] {logging_mixin.py:188} INFO - [2024-05-27T21:19:14.731+0000] {dag.py:3096} INFO - Sync 1 DAGs
[2024-05-27T21:19:14.745+0000] {logging_mixin.py:188} INFO - [2024-05-27T21:19:14.745+0000] {dag.py:3954} INFO - Setting next_dagrun for tutorial_dag to None, run_after=None
[2024-05-27T21:19:14.768+0000] {processor.py:183} INFO - Processing /home/airflow/.local/lib/python3.8/site-packages/airflow/example_dags/tutorial_dag.py took 0.080 seconds
[2024-05-27T21:19:45.469+0000] {processor.py:161} INFO - Started process (PID=1884) to work on /home/airflow/.local/lib/python3.8/site-packages/airflow/example_dags/tutorial_dag.py
[2024-05-27T21:19:45.470+0000] {processor.py:830} INFO - Processing file /home/airflow/.local/lib/python3.8/site-packages/airflow/example_dags/tutorial_dag.py for tasks to queue
[2024-05-27T21:19:45.472+0000] {logging_mixin.py:188} INFO - [2024-05-27T21:19:45.472+0000] {dagbag.py:545} INFO - Filling up the DagBag from /home/airflow/.local/lib/python3.8/site-packages/airflow/example_dags/tutorial_dag.py
[2024-05-27T21:19:45.478+0000] {processor.py:840} INFO - DAG(s) 'tutorial_dag' retrieved from /home/airflow/.local/lib/python3.8/site-packages/airflow/example_dags/tutorial_dag.py
[2024-05-27T21:19:45.502+0000] {logging_mixin.py:188} INFO - [2024-05-27T21:19:45.502+0000] {dag.py:3096} INFO - Sync 1 DAGs
[2024-05-27T21:19:45.516+0000] {logging_mixin.py:188} INFO - [2024-05-27T21:19:45.515+0000] {dag.py:3954} INFO - Setting next_dagrun for tutorial_dag to None, run_after=None
[2024-05-27T21:19:45.541+0000] {processor.py:183} INFO - Processing /home/airflow/.local/lib/python3.8/site-packages/airflow/example_dags/tutorial_dag.py took 0.080 seconds
[2024-05-27T21:20:16.254+0000] {processor.py:161} INFO - Started process (PID=1962) to work on /home/airflow/.local/lib/python3.8/site-packages/airflow/example_dags/tutorial_dag.py
[2024-05-27T21:20:16.256+0000] {processor.py:830} INFO - Processing file /home/airflow/.local/lib/python3.8/site-packages/airflow/example_dags/tutorial_dag.py for tasks to queue
[2024-05-27T21:20:16.258+0000] {logging_mixin.py:188} INFO - [2024-05-27T21:20:16.257+0000] {dagbag.py:545} INFO - Filling up the DagBag from /home/airflow/.local/lib/python3.8/site-packages/airflow/example_dags/tutorial_dag.py
[2024-05-27T21:20:16.263+0000] {processor.py:840} INFO - DAG(s) 'tutorial_dag' retrieved from /home/airflow/.local/lib/python3.8/site-packages/airflow/example_dags/tutorial_dag.py
[2024-05-27T21:20:16.286+0000] {logging_mixin.py:188} INFO - [2024-05-27T21:20:16.286+0000] {dag.py:3096} INFO - Sync 1 DAGs
[2024-05-27T21:20:16.298+0000] {logging_mixin.py:188} INFO - [2024-05-27T21:20:16.298+0000] {dag.py:3954} INFO - Setting next_dagrun for tutorial_dag to None, run_after=None
[2024-05-27T21:20:16.324+0000] {processor.py:183} INFO - Processing /home/airflow/.local/lib/python3.8/site-packages/airflow/example_dags/tutorial_dag.py took 0.077 seconds
[2024-05-27T21:20:46.923+0000] {processor.py:161} INFO - Started process (PID=2033) to work on /home/airflow/.local/lib/python3.8/site-packages/airflow/example_dags/tutorial_dag.py
[2024-05-27T21:20:46.924+0000] {processor.py:830} INFO - Processing file /home/airflow/.local/lib/python3.8/site-packages/airflow/example_dags/tutorial_dag.py for tasks to queue
[2024-05-27T21:20:46.927+0000] {logging_mixin.py:188} INFO - [2024-05-27T21:20:46.926+0000] {dagbag.py:545} INFO - Filling up the DagBag from /home/airflow/.local/lib/python3.8/site-packages/airflow/example_dags/tutorial_dag.py
[2024-05-27T21:20:46.932+0000] {processor.py:840} INFO - DAG(s) 'tutorial_dag' retrieved from /home/airflow/.local/lib/python3.8/site-packages/airflow/example_dags/tutorial_dag.py
[2024-05-27T21:20:46.956+0000] {logging_mixin.py:188} INFO - [2024-05-27T21:20:46.955+0000] {dag.py:3096} INFO - Sync 1 DAGs
[2024-05-27T21:20:46.969+0000] {logging_mixin.py:188} INFO - [2024-05-27T21:20:46.969+0000] {dag.py:3954} INFO - Setting next_dagrun for tutorial_dag to None, run_after=None
[2024-05-27T21:20:46.992+0000] {processor.py:183} INFO - Processing /home/airflow/.local/lib/python3.8/site-packages/airflow/example_dags/tutorial_dag.py took 0.076 seconds
[2024-05-27T21:21:18.035+0000] {processor.py:161} INFO - Started process (PID=2127) to work on /home/airflow/.local/lib/python3.8/site-packages/airflow/example_dags/tutorial_dag.py
[2024-05-27T21:21:18.043+0000] {processor.py:830} INFO - Processing file /home/airflow/.local/lib/python3.8/site-packages/airflow/example_dags/tutorial_dag.py for tasks to queue
[2024-05-27T21:21:18.048+0000] {logging_mixin.py:188} INFO - [2024-05-27T21:21:18.047+0000] {dagbag.py:545} INFO - Filling up the DagBag from /home/airflow/.local/lib/python3.8/site-packages/airflow/example_dags/tutorial_dag.py
[2024-05-27T21:21:18.059+0000] {processor.py:840} INFO - DAG(s) 'tutorial_dag' retrieved from /home/airflow/.local/lib/python3.8/site-packages/airflow/example_dags/tutorial_dag.py
[2024-05-27T21:21:18.123+0000] {logging_mixin.py:188} INFO - [2024-05-27T21:21:18.122+0000] {dag.py:3096} INFO - Sync 1 DAGs
[2024-05-27T21:21:18.159+0000] {logging_mixin.py:188} INFO - [2024-05-27T21:21:18.158+0000] {dag.py:3954} INFO - Setting next_dagrun for tutorial_dag to None, run_after=None
[2024-05-27T21:21:18.243+0000] {processor.py:183} INFO - Processing /home/airflow/.local/lib/python3.8/site-packages/airflow/example_dags/tutorial_dag.py took 0.218 seconds
[2024-05-27T21:21:49.268+0000] {processor.py:161} INFO - Started process (PID=2204) to work on /home/airflow/.local/lib/python3.8/site-packages/airflow/example_dags/tutorial_dag.py
[2024-05-27T21:21:49.270+0000] {processor.py:830} INFO - Processing file /home/airflow/.local/lib/python3.8/site-packages/airflow/example_dags/tutorial_dag.py for tasks to queue
[2024-05-27T21:21:49.273+0000] {logging_mixin.py:188} INFO - [2024-05-27T21:21:49.273+0000] {dagbag.py:545} INFO - Filling up the DagBag from /home/airflow/.local/lib/python3.8/site-packages/airflow/example_dags/tutorial_dag.py
[2024-05-27T21:21:49.280+0000] {processor.py:840} INFO - DAG(s) 'tutorial_dag' retrieved from /home/airflow/.local/lib/python3.8/site-packages/airflow/example_dags/tutorial_dag.py
[2024-05-27T21:21:49.308+0000] {logging_mixin.py:188} INFO - [2024-05-27T21:21:49.308+0000] {dag.py:3096} INFO - Sync 1 DAGs
[2024-05-27T21:21:49.324+0000] {logging_mixin.py:188} INFO - [2024-05-27T21:21:49.324+0000] {dag.py:3954} INFO - Setting next_dagrun for tutorial_dag to None, run_after=None
[2024-05-27T21:21:49.351+0000] {processor.py:183} INFO - Processing /home/airflow/.local/lib/python3.8/site-packages/airflow/example_dags/tutorial_dag.py took 0.091 seconds
[2024-05-27T21:22:19.923+0000] {processor.py:161} INFO - Started process (PID=2274) to work on /home/airflow/.local/lib/python3.8/site-packages/airflow/example_dags/tutorial_dag.py
[2024-05-27T21:22:19.925+0000] {processor.py:830} INFO - Processing file /home/airflow/.local/lib/python3.8/site-packages/airflow/example_dags/tutorial_dag.py for tasks to queue
[2024-05-27T21:22:19.927+0000] {logging_mixin.py:188} INFO - [2024-05-27T21:22:19.927+0000] {dagbag.py:545} INFO - Filling up the DagBag from /home/airflow/.local/lib/python3.8/site-packages/airflow/example_dags/tutorial_dag.py
[2024-05-27T21:22:19.933+0000] {processor.py:840} INFO - DAG(s) 'tutorial_dag' retrieved from /home/airflow/.local/lib/python3.8/site-packages/airflow/example_dags/tutorial_dag.py
[2024-05-27T21:22:19.956+0000] {logging_mixin.py:188} INFO - [2024-05-27T21:22:19.955+0000] {dag.py:3096} INFO - Sync 1 DAGs
[2024-05-27T21:22:19.967+0000] {logging_mixin.py:188} INFO - [2024-05-27T21:22:19.967+0000] {dag.py:3954} INFO - Setting next_dagrun for tutorial_dag to None, run_after=None
[2024-05-27T21:22:19.984+0000] {processor.py:183} INFO - Processing /home/airflow/.local/lib/python3.8/site-packages/airflow/example_dags/tutorial_dag.py took 0.066 seconds
[2024-05-27T21:22:50.605+0000] {processor.py:161} INFO - Started process (PID=2344) to work on /home/airflow/.local/lib/python3.8/site-packages/airflow/example_dags/tutorial_dag.py
[2024-05-27T21:22:50.606+0000] {processor.py:830} INFO - Processing file /home/airflow/.local/lib/python3.8/site-packages/airflow/example_dags/tutorial_dag.py for tasks to queue
[2024-05-27T21:22:50.609+0000] {logging_mixin.py:188} INFO - [2024-05-27T21:22:50.609+0000] {dagbag.py:545} INFO - Filling up the DagBag from /home/airflow/.local/lib/python3.8/site-packages/airflow/example_dags/tutorial_dag.py
[2024-05-27T21:22:50.614+0000] {processor.py:840} INFO - DAG(s) 'tutorial_dag' retrieved from /home/airflow/.local/lib/python3.8/site-packages/airflow/example_dags/tutorial_dag.py
[2024-05-27T21:22:50.639+0000] {logging_mixin.py:188} INFO - [2024-05-27T21:22:50.638+0000] {dag.py:3096} INFO - Sync 1 DAGs
[2024-05-27T21:22:50.652+0000] {logging_mixin.py:188} INFO - [2024-05-27T21:22:50.652+0000] {dag.py:3954} INFO - Setting next_dagrun for tutorial_dag to None, run_after=None
[2024-05-27T21:22:50.674+0000] {processor.py:183} INFO - Processing /home/airflow/.local/lib/python3.8/site-packages/airflow/example_dags/tutorial_dag.py took 0.075 seconds
[2024-05-27T21:23:21.401+0000] {processor.py:161} INFO - Started process (PID=2422) to work on /home/airflow/.local/lib/python3.8/site-packages/airflow/example_dags/tutorial_dag.py
[2024-05-27T21:23:21.402+0000] {processor.py:830} INFO - Processing file /home/airflow/.local/lib/python3.8/site-packages/airflow/example_dags/tutorial_dag.py for tasks to queue
[2024-05-27T21:23:21.404+0000] {logging_mixin.py:188} INFO - [2024-05-27T21:23:21.404+0000] {dagbag.py:545} INFO - Filling up the DagBag from /home/airflow/.local/lib/python3.8/site-packages/airflow/example_dags/tutorial_dag.py
[2024-05-27T21:23:21.410+0000] {processor.py:840} INFO - DAG(s) 'tutorial_dag' retrieved from /home/airflow/.local/lib/python3.8/site-packages/airflow/example_dags/tutorial_dag.py
[2024-05-27T21:23:21.432+0000] {logging_mixin.py:188} INFO - [2024-05-27T21:23:21.432+0000] {dag.py:3096} INFO - Sync 1 DAGs
[2024-05-27T21:23:21.445+0000] {logging_mixin.py:188} INFO - [2024-05-27T21:23:21.445+0000] {dag.py:3954} INFO - Setting next_dagrun for tutorial_dag to None, run_after=None
[2024-05-27T21:23:21.469+0000] {processor.py:183} INFO - Processing /home/airflow/.local/lib/python3.8/site-packages/airflow/example_dags/tutorial_dag.py took 0.077 seconds
[2024-05-27T21:23:51.858+0000] {processor.py:161} INFO - Started process (PID=2492) to work on /home/airflow/.local/lib/python3.8/site-packages/airflow/example_dags/tutorial_dag.py
[2024-05-27T21:23:51.860+0000] {processor.py:830} INFO - Processing file /home/airflow/.local/lib/python3.8/site-packages/airflow/example_dags/tutorial_dag.py for tasks to queue
[2024-05-27T21:23:51.862+0000] {logging_mixin.py:188} INFO - [2024-05-27T21:23:51.862+0000] {dagbag.py:545} INFO - Filling up the DagBag from /home/airflow/.local/lib/python3.8/site-packages/airflow/example_dags/tutorial_dag.py
[2024-05-27T21:23:51.868+0000] {processor.py:840} INFO - DAG(s) 'tutorial_dag' retrieved from /home/airflow/.local/lib/python3.8/site-packages/airflow/example_dags/tutorial_dag.py
[2024-05-27T21:23:51.891+0000] {logging_mixin.py:188} INFO - [2024-05-27T21:23:51.890+0000] {dag.py:3096} INFO - Sync 1 DAGs
[2024-05-27T21:23:51.903+0000] {logging_mixin.py:188} INFO - [2024-05-27T21:23:51.903+0000] {dag.py:3954} INFO - Setting next_dagrun for tutorial_dag to None, run_after=None
[2024-05-27T21:23:51.927+0000] {processor.py:183} INFO - Processing /home/airflow/.local/lib/python3.8/site-packages/airflow/example_dags/tutorial_dag.py took 0.074 seconds
[2024-05-27T21:24:22.684+0000] {processor.py:161} INFO - Started process (PID=2563) to work on /home/airflow/.local/lib/python3.8/site-packages/airflow/example_dags/tutorial_dag.py
[2024-05-27T21:24:22.686+0000] {processor.py:830} INFO - Processing file /home/airflow/.local/lib/python3.8/site-packages/airflow/example_dags/tutorial_dag.py for tasks to queue
[2024-05-27T21:24:22.689+0000] {logging_mixin.py:188} INFO - [2024-05-27T21:24:22.688+0000] {dagbag.py:545} INFO - Filling up the DagBag from /home/airflow/.local/lib/python3.8/site-packages/airflow/example_dags/tutorial_dag.py
[2024-05-27T21:24:22.698+0000] {processor.py:840} INFO - DAG(s) 'tutorial_dag' retrieved from /home/airflow/.local/lib/python3.8/site-packages/airflow/example_dags/tutorial_dag.py
[2024-05-27T21:24:22.726+0000] {logging_mixin.py:188} INFO - [2024-05-27T21:24:22.726+0000] {dag.py:3096} INFO - Sync 1 DAGs
[2024-05-27T21:24:22.743+0000] {logging_mixin.py:188} INFO - [2024-05-27T21:24:22.743+0000] {dag.py:3954} INFO - Setting next_dagrun for tutorial_dag to None, run_after=None
[2024-05-27T21:24:22.774+0000] {processor.py:183} INFO - Processing /home/airflow/.local/lib/python3.8/site-packages/airflow/example_dags/tutorial_dag.py took 0.098 seconds
[2024-05-27T21:24:53.193+0000] {processor.py:161} INFO - Started process (PID=2641) to work on /home/airflow/.local/lib/python3.8/site-packages/airflow/example_dags/tutorial_dag.py
[2024-05-27T21:24:53.194+0000] {processor.py:830} INFO - Processing file /home/airflow/.local/lib/python3.8/site-packages/airflow/example_dags/tutorial_dag.py for tasks to queue
[2024-05-27T21:24:53.196+0000] {logging_mixin.py:188} INFO - [2024-05-27T21:24:53.196+0000] {dagbag.py:545} INFO - Filling up the DagBag from /home/airflow/.local/lib/python3.8/site-packages/airflow/example_dags/tutorial_dag.py
[2024-05-27T21:24:53.203+0000] {processor.py:840} INFO - DAG(s) 'tutorial_dag' retrieved from /home/airflow/.local/lib/python3.8/site-packages/airflow/example_dags/tutorial_dag.py
[2024-05-27T21:24:53.230+0000] {logging_mixin.py:188} INFO - [2024-05-27T21:24:53.230+0000] {dag.py:3096} INFO - Sync 1 DAGs
[2024-05-27T21:24:53.244+0000] {logging_mixin.py:188} INFO - [2024-05-27T21:24:53.244+0000] {dag.py:3954} INFO - Setting next_dagrun for tutorial_dag to None, run_after=None
[2024-05-27T21:24:53.268+0000] {processor.py:183} INFO - Processing /home/airflow/.local/lib/python3.8/site-packages/airflow/example_dags/tutorial_dag.py took 0.084 seconds
[2024-05-27T21:25:23.950+0000] {processor.py:161} INFO - Started process (PID=2711) to work on /home/airflow/.local/lib/python3.8/site-packages/airflow/example_dags/tutorial_dag.py
[2024-05-27T21:25:23.951+0000] {processor.py:830} INFO - Processing file /home/airflow/.local/lib/python3.8/site-packages/airflow/example_dags/tutorial_dag.py for tasks to queue
[2024-05-27T21:25:23.953+0000] {logging_mixin.py:188} INFO - [2024-05-27T21:25:23.952+0000] {dagbag.py:545} INFO - Filling up the DagBag from /home/airflow/.local/lib/python3.8/site-packages/airflow/example_dags/tutorial_dag.py
[2024-05-27T21:25:23.960+0000] {processor.py:840} INFO - DAG(s) 'tutorial_dag' retrieved from /home/airflow/.local/lib/python3.8/site-packages/airflow/example_dags/tutorial_dag.py
[2024-05-27T21:25:23.985+0000] {logging_mixin.py:188} INFO - [2024-05-27T21:25:23.985+0000] {dag.py:3096} INFO - Sync 1 DAGs
[2024-05-27T21:25:24.001+0000] {logging_mixin.py:188} INFO - [2024-05-27T21:25:24.000+0000] {dag.py:3954} INFO - Setting next_dagrun for tutorial_dag to None, run_after=None
[2024-05-27T21:25:24.024+0000] {processor.py:183} INFO - Processing /home/airflow/.local/lib/python3.8/site-packages/airflow/example_dags/tutorial_dag.py took 0.082 seconds
