[2024-05-27T20:50:52.721+0000] {processor.py:161} INFO - Started process (PID=55) to work on /home/airflow/.local/lib/python3.8/site-packages/airflow/example_dags/tutorial.py
[2024-05-27T20:50:52.722+0000] {processor.py:830} INFO - Processing file /home/airflow/.local/lib/python3.8/site-packages/airflow/example_dags/tutorial.py for tasks to queue
[2024-05-27T20:50:52.724+0000] {logging_mixin.py:188} INFO - [2024-05-27T20:50:52.724+0000] {dagbag.py:545} INFO - Filling up the DagBag from /home/airflow/.local/lib/python3.8/site-packages/airflow/example_dags/tutorial.py
[2024-05-27T20:50:52.735+0000] {processor.py:840} INFO - DAG(s) 'tutorial' retrieved from /home/airflow/.local/lib/python3.8/site-packages/airflow/example_dags/tutorial.py
[2024-05-27T20:50:52.755+0000] {logging_mixin.py:188} INFO - [2024-05-27T20:50:52.754+0000] {dag.py:3096} INFO - Sync 1 DAGs
[2024-05-27T20:50:52.815+0000] {logging_mixin.py:188} INFO - [2024-05-27T20:50:52.815+0000] {dag.py:3954} INFO - Setting next_dagrun for tutorial to 2024-05-26 00:00:00+00:00, run_after=2024-05-27 00:00:00+00:00
[2024-05-27T20:50:52.840+0000] {processor.py:183} INFO - Processing /home/airflow/.local/lib/python3.8/site-packages/airflow/example_dags/tutorial.py took 0.126 seconds
[2024-05-27T20:51:23.806+0000] {processor.py:161} INFO - Started process (PID=125) to work on /home/airflow/.local/lib/python3.8/site-packages/airflow/example_dags/tutorial.py
[2024-05-27T20:51:23.809+0000] {processor.py:830} INFO - Processing file /home/airflow/.local/lib/python3.8/site-packages/airflow/example_dags/tutorial.py for tasks to queue
[2024-05-27T20:51:23.811+0000] {logging_mixin.py:188} INFO - [2024-05-27T20:51:23.811+0000] {dagbag.py:545} INFO - Filling up the DagBag from /home/airflow/.local/lib/python3.8/site-packages/airflow/example_dags/tutorial.py
[2024-05-27T20:51:23.820+0000] {processor.py:840} INFO - DAG(s) 'tutorial' retrieved from /home/airflow/.local/lib/python3.8/site-packages/airflow/example_dags/tutorial.py
[2024-05-27T20:51:23.932+0000] {logging_mixin.py:188} INFO - [2024-05-27T20:51:23.931+0000] {dag.py:3096} INFO - Sync 1 DAGs
[2024-05-27T20:51:23.950+0000] {logging_mixin.py:188} INFO - [2024-05-27T20:51:23.950+0000] {dag.py:3954} INFO - Setting next_dagrun for tutorial to 2024-05-26 00:00:00+00:00, run_after=2024-05-27 00:00:00+00:00
[2024-05-27T20:51:23.973+0000] {processor.py:183} INFO - Processing /home/airflow/.local/lib/python3.8/site-packages/airflow/example_dags/tutorial.py took 0.174 seconds
[2024-05-27T20:51:54.360+0000] {processor.py:161} INFO - Started process (PID=202) to work on /home/airflow/.local/lib/python3.8/site-packages/airflow/example_dags/tutorial.py
[2024-05-27T20:51:54.361+0000] {processor.py:830} INFO - Processing file /home/airflow/.local/lib/python3.8/site-packages/airflow/example_dags/tutorial.py for tasks to queue
[2024-05-27T20:51:54.364+0000] {logging_mixin.py:188} INFO - [2024-05-27T20:51:54.363+0000] {dagbag.py:545} INFO - Filling up the DagBag from /home/airflow/.local/lib/python3.8/site-packages/airflow/example_dags/tutorial.py
[2024-05-27T20:51:54.372+0000] {processor.py:840} INFO - DAG(s) 'tutorial' retrieved from /home/airflow/.local/lib/python3.8/site-packages/airflow/example_dags/tutorial.py
[2024-05-27T20:51:54.395+0000] {logging_mixin.py:188} INFO - [2024-05-27T20:51:54.395+0000] {dag.py:3096} INFO - Sync 1 DAGs
[2024-05-27T20:51:54.417+0000] {logging_mixin.py:188} INFO - [2024-05-27T20:51:54.417+0000] {dag.py:3954} INFO - Setting next_dagrun for tutorial to 2024-05-26 00:00:00+00:00, run_after=2024-05-27 00:00:00+00:00
[2024-05-27T20:51:54.437+0000] {processor.py:183} INFO - Processing /home/airflow/.local/lib/python3.8/site-packages/airflow/example_dags/tutorial.py took 0.083 seconds
[2024-05-27T20:52:24.810+0000] {processor.py:161} INFO - Started process (PID=271) to work on /home/airflow/.local/lib/python3.8/site-packages/airflow/example_dags/tutorial.py
[2024-05-27T20:52:24.811+0000] {processor.py:830} INFO - Processing file /home/airflow/.local/lib/python3.8/site-packages/airflow/example_dags/tutorial.py for tasks to queue
[2024-05-27T20:52:24.813+0000] {logging_mixin.py:188} INFO - [2024-05-27T20:52:24.813+0000] {dagbag.py:545} INFO - Filling up the DagBag from /home/airflow/.local/lib/python3.8/site-packages/airflow/example_dags/tutorial.py
[2024-05-27T20:52:24.819+0000] {processor.py:840} INFO - DAG(s) 'tutorial' retrieved from /home/airflow/.local/lib/python3.8/site-packages/airflow/example_dags/tutorial.py
[2024-05-27T20:52:24.849+0000] {logging_mixin.py:188} INFO - [2024-05-27T20:52:24.849+0000] {dag.py:3096} INFO - Sync 1 DAGs
[2024-05-27T20:52:24.881+0000] {logging_mixin.py:188} INFO - [2024-05-27T20:52:24.880+0000] {dag.py:3954} INFO - Setting next_dagrun for tutorial to 2024-05-26 00:00:00+00:00, run_after=2024-05-27 00:00:00+00:00
[2024-05-27T20:52:24.901+0000] {processor.py:183} INFO - Processing /home/airflow/.local/lib/python3.8/site-packages/airflow/example_dags/tutorial.py took 0.098 seconds
[2024-05-27T20:52:55.920+0000] {processor.py:161} INFO - Started process (PID=341) to work on /home/airflow/.local/lib/python3.8/site-packages/airflow/example_dags/tutorial.py
[2024-05-27T20:52:55.921+0000] {processor.py:830} INFO - Processing file /home/airflow/.local/lib/python3.8/site-packages/airflow/example_dags/tutorial.py for tasks to queue
[2024-05-27T20:52:55.923+0000] {logging_mixin.py:188} INFO - [2024-05-27T20:52:55.923+0000] {dagbag.py:545} INFO - Filling up the DagBag from /home/airflow/.local/lib/python3.8/site-packages/airflow/example_dags/tutorial.py
[2024-05-27T20:52:55.929+0000] {processor.py:840} INFO - DAG(s) 'tutorial' retrieved from /home/airflow/.local/lib/python3.8/site-packages/airflow/example_dags/tutorial.py
[2024-05-27T20:52:55.949+0000] {logging_mixin.py:188} INFO - [2024-05-27T20:52:55.949+0000] {dag.py:3096} INFO - Sync 1 DAGs
[2024-05-27T20:52:55.972+0000] {logging_mixin.py:188} INFO - [2024-05-27T20:52:55.972+0000] {dag.py:3954} INFO - Setting next_dagrun for tutorial to 2024-05-26 00:00:00+00:00, run_after=2024-05-27 00:00:00+00:00
[2024-05-27T20:52:55.993+0000] {processor.py:183} INFO - Processing /home/airflow/.local/lib/python3.8/site-packages/airflow/example_dags/tutorial.py took 0.079 seconds
[2024-05-27T20:53:26.971+0000] {processor.py:161} INFO - Started process (PID=418) to work on /home/airflow/.local/lib/python3.8/site-packages/airflow/example_dags/tutorial.py
[2024-05-27T20:53:26.972+0000] {processor.py:830} INFO - Processing file /home/airflow/.local/lib/python3.8/site-packages/airflow/example_dags/tutorial.py for tasks to queue
[2024-05-27T20:53:26.974+0000] {logging_mixin.py:188} INFO - [2024-05-27T20:53:26.974+0000] {dagbag.py:545} INFO - Filling up the DagBag from /home/airflow/.local/lib/python3.8/site-packages/airflow/example_dags/tutorial.py
[2024-05-27T20:53:26.980+0000] {processor.py:840} INFO - DAG(s) 'tutorial' retrieved from /home/airflow/.local/lib/python3.8/site-packages/airflow/example_dags/tutorial.py
[2024-05-27T20:53:27.007+0000] {logging_mixin.py:188} INFO - [2024-05-27T20:53:27.007+0000] {dag.py:3096} INFO - Sync 1 DAGs
[2024-05-27T20:53:27.038+0000] {logging_mixin.py:188} INFO - [2024-05-27T20:53:27.038+0000] {dag.py:3954} INFO - Setting next_dagrun for tutorial to 2024-05-26 00:00:00+00:00, run_after=2024-05-27 00:00:00+00:00
[2024-05-27T20:53:27.065+0000] {processor.py:183} INFO - Processing /home/airflow/.local/lib/python3.8/site-packages/airflow/example_dags/tutorial.py took 0.105 seconds
[2024-05-27T20:53:57.611+0000] {processor.py:161} INFO - Started process (PID=488) to work on /home/airflow/.local/lib/python3.8/site-packages/airflow/example_dags/tutorial.py
[2024-05-27T20:53:57.612+0000] {processor.py:830} INFO - Processing file /home/airflow/.local/lib/python3.8/site-packages/airflow/example_dags/tutorial.py for tasks to queue
[2024-05-27T20:53:57.614+0000] {logging_mixin.py:188} INFO - [2024-05-27T20:53:57.614+0000] {dagbag.py:545} INFO - Filling up the DagBag from /home/airflow/.local/lib/python3.8/site-packages/airflow/example_dags/tutorial.py
[2024-05-27T20:53:57.622+0000] {processor.py:840} INFO - DAG(s) 'tutorial' retrieved from /home/airflow/.local/lib/python3.8/site-packages/airflow/example_dags/tutorial.py
[2024-05-27T20:53:57.652+0000] {logging_mixin.py:188} INFO - [2024-05-27T20:53:57.652+0000] {dag.py:3096} INFO - Sync 1 DAGs
[2024-05-27T20:53:57.683+0000] {logging_mixin.py:188} INFO - [2024-05-27T20:53:57.683+0000] {dag.py:3954} INFO - Setting next_dagrun for tutorial to 2024-05-26 00:00:00+00:00, run_after=2024-05-27 00:00:00+00:00
[2024-05-27T20:53:57.709+0000] {processor.py:183} INFO - Processing /home/airflow/.local/lib/python3.8/site-packages/airflow/example_dags/tutorial.py took 0.107 seconds
[2024-05-27T20:54:28.306+0000] {processor.py:161} INFO - Started process (PID=559) to work on /home/airflow/.local/lib/python3.8/site-packages/airflow/example_dags/tutorial.py
[2024-05-27T20:54:28.307+0000] {processor.py:830} INFO - Processing file /home/airflow/.local/lib/python3.8/site-packages/airflow/example_dags/tutorial.py for tasks to queue
[2024-05-27T20:54:28.309+0000] {logging_mixin.py:188} INFO - [2024-05-27T20:54:28.309+0000] {dagbag.py:545} INFO - Filling up the DagBag from /home/airflow/.local/lib/python3.8/site-packages/airflow/example_dags/tutorial.py
[2024-05-27T20:54:28.314+0000] {processor.py:840} INFO - DAG(s) 'tutorial' retrieved from /home/airflow/.local/lib/python3.8/site-packages/airflow/example_dags/tutorial.py
[2024-05-27T20:54:28.335+0000] {logging_mixin.py:188} INFO - [2024-05-27T20:54:28.335+0000] {dag.py:3096} INFO - Sync 1 DAGs
[2024-05-27T20:54:28.380+0000] {logging_mixin.py:188} INFO - [2024-05-27T20:54:28.380+0000] {dag.py:3954} INFO - Setting next_dagrun for tutorial to 2024-05-26 00:00:00+00:00, run_after=2024-05-27 00:00:00+00:00
[2024-05-27T20:54:28.406+0000] {processor.py:183} INFO - Processing /home/airflow/.local/lib/python3.8/site-packages/airflow/example_dags/tutorial.py took 0.108 seconds
[2024-05-27T20:54:58.810+0000] {processor.py:161} INFO - Started process (PID=636) to work on /home/airflow/.local/lib/python3.8/site-packages/airflow/example_dags/tutorial.py
[2024-05-27T20:54:58.811+0000] {processor.py:830} INFO - Processing file /home/airflow/.local/lib/python3.8/site-packages/airflow/example_dags/tutorial.py for tasks to queue
[2024-05-27T20:54:58.813+0000] {logging_mixin.py:188} INFO - [2024-05-27T20:54:58.813+0000] {dagbag.py:545} INFO - Filling up the DagBag from /home/airflow/.local/lib/python3.8/site-packages/airflow/example_dags/tutorial.py
[2024-05-27T20:54:58.819+0000] {processor.py:840} INFO - DAG(s) 'tutorial' retrieved from /home/airflow/.local/lib/python3.8/site-packages/airflow/example_dags/tutorial.py
[2024-05-27T20:54:58.843+0000] {logging_mixin.py:188} INFO - [2024-05-27T20:54:58.843+0000] {dag.py:3096} INFO - Sync 1 DAGs
[2024-05-27T20:54:58.870+0000] {logging_mixin.py:188} INFO - [2024-05-27T20:54:58.869+0000] {dag.py:3954} INFO - Setting next_dagrun for tutorial to 2024-05-26 00:00:00+00:00, run_after=2024-05-27 00:00:00+00:00
[2024-05-27T20:54:58.892+0000] {processor.py:183} INFO - Processing /home/airflow/.local/lib/python3.8/site-packages/airflow/example_dags/tutorial.py took 0.089 seconds
[2024-05-27T20:57:15.479+0000] {processor.py:161} INFO - Started process (PID=55) to work on /home/airflow/.local/lib/python3.8/site-packages/airflow/example_dags/tutorial.py
[2024-05-27T20:57:15.481+0000] {processor.py:830} INFO - Processing file /home/airflow/.local/lib/python3.8/site-packages/airflow/example_dags/tutorial.py for tasks to queue
[2024-05-27T20:57:15.484+0000] {logging_mixin.py:188} INFO - [2024-05-27T20:57:15.484+0000] {dagbag.py:545} INFO - Filling up the DagBag from /home/airflow/.local/lib/python3.8/site-packages/airflow/example_dags/tutorial.py
[2024-05-27T20:57:15.622+0000] {processor.py:840} INFO - DAG(s) 'tutorial' retrieved from /home/airflow/.local/lib/python3.8/site-packages/airflow/example_dags/tutorial.py
[2024-05-27T20:57:15.641+0000] {logging_mixin.py:188} INFO - [2024-05-27T20:57:15.640+0000] {dag.py:3096} INFO - Sync 1 DAGs
[2024-05-27T20:57:15.669+0000] {logging_mixin.py:188} INFO - [2024-05-27T20:57:15.669+0000] {dag.py:3954} INFO - Setting next_dagrun for tutorial to 2024-05-26 00:00:00+00:00, run_after=2024-05-27 00:00:00+00:00
[2024-05-27T20:57:15.689+0000] {processor.py:183} INFO - Processing /home/airflow/.local/lib/python3.8/site-packages/airflow/example_dags/tutorial.py took 0.235 seconds
[2024-05-27T20:57:46.374+0000] {processor.py:161} INFO - Started process (PID=126) to work on /home/airflow/.local/lib/python3.8/site-packages/airflow/example_dags/tutorial.py
[2024-05-27T20:57:46.375+0000] {processor.py:830} INFO - Processing file /home/airflow/.local/lib/python3.8/site-packages/airflow/example_dags/tutorial.py for tasks to queue
[2024-05-27T20:57:46.378+0000] {logging_mixin.py:188} INFO - [2024-05-27T20:57:46.377+0000] {dagbag.py:545} INFO - Filling up the DagBag from /home/airflow/.local/lib/python3.8/site-packages/airflow/example_dags/tutorial.py
[2024-05-27T20:57:46.383+0000] {processor.py:840} INFO - DAG(s) 'tutorial' retrieved from /home/airflow/.local/lib/python3.8/site-packages/airflow/example_dags/tutorial.py
[2024-05-27T20:57:46.479+0000] {logging_mixin.py:188} INFO - [2024-05-27T20:57:46.478+0000] {dag.py:3096} INFO - Sync 1 DAGs
[2024-05-27T20:57:46.501+0000] {logging_mixin.py:188} INFO - [2024-05-27T20:57:46.501+0000] {dag.py:3954} INFO - Setting next_dagrun for tutorial to 2024-05-26 00:00:00+00:00, run_after=2024-05-27 00:00:00+00:00
[2024-05-27T20:57:46.525+0000] {processor.py:183} INFO - Processing /home/airflow/.local/lib/python3.8/site-packages/airflow/example_dags/tutorial.py took 0.158 seconds
[2024-05-27T20:58:17.351+0000] {processor.py:161} INFO - Started process (PID=205) to work on /home/airflow/.local/lib/python3.8/site-packages/airflow/example_dags/tutorial.py
[2024-05-27T20:58:17.352+0000] {processor.py:830} INFO - Processing file /home/airflow/.local/lib/python3.8/site-packages/airflow/example_dags/tutorial.py for tasks to queue
[2024-05-27T20:58:17.354+0000] {logging_mixin.py:188} INFO - [2024-05-27T20:58:17.353+0000] {dagbag.py:545} INFO - Filling up the DagBag from /home/airflow/.local/lib/python3.8/site-packages/airflow/example_dags/tutorial.py
[2024-05-27T20:58:17.359+0000] {processor.py:840} INFO - DAG(s) 'tutorial' retrieved from /home/airflow/.local/lib/python3.8/site-packages/airflow/example_dags/tutorial.py
[2024-05-27T20:58:17.384+0000] {logging_mixin.py:188} INFO - [2024-05-27T20:58:17.383+0000] {dag.py:3096} INFO - Sync 1 DAGs
[2024-05-27T20:58:17.409+0000] {logging_mixin.py:188} INFO - [2024-05-27T20:58:17.408+0000] {dag.py:3954} INFO - Setting next_dagrun for tutorial to 2024-05-26 00:00:00+00:00, run_after=2024-05-27 00:00:00+00:00
[2024-05-27T20:58:17.434+0000] {processor.py:183} INFO - Processing /home/airflow/.local/lib/python3.8/site-packages/airflow/example_dags/tutorial.py took 0.090 seconds
[2024-05-27T20:58:47.507+0000] {processor.py:161} INFO - Started process (PID=275) to work on /home/airflow/.local/lib/python3.8/site-packages/airflow/example_dags/tutorial.py
[2024-05-27T20:58:47.508+0000] {processor.py:830} INFO - Processing file /home/airflow/.local/lib/python3.8/site-packages/airflow/example_dags/tutorial.py for tasks to queue
[2024-05-27T20:58:47.511+0000] {logging_mixin.py:188} INFO - [2024-05-27T20:58:47.511+0000] {dagbag.py:545} INFO - Filling up the DagBag from /home/airflow/.local/lib/python3.8/site-packages/airflow/example_dags/tutorial.py
[2024-05-27T20:58:47.519+0000] {processor.py:840} INFO - DAG(s) 'tutorial' retrieved from /home/airflow/.local/lib/python3.8/site-packages/airflow/example_dags/tutorial.py
[2024-05-27T20:58:47.544+0000] {logging_mixin.py:188} INFO - [2024-05-27T20:58:47.544+0000] {dag.py:3096} INFO - Sync 1 DAGs
[2024-05-27T20:58:47.568+0000] {logging_mixin.py:188} INFO - [2024-05-27T20:58:47.568+0000] {dag.py:3954} INFO - Setting next_dagrun for tutorial to 2024-05-26 00:00:00+00:00, run_after=2024-05-27 00:00:00+00:00
[2024-05-27T20:58:47.588+0000] {processor.py:183} INFO - Processing /home/airflow/.local/lib/python3.8/site-packages/airflow/example_dags/tutorial.py took 0.088 seconds
[2024-05-27T20:59:18.158+0000] {processor.py:161} INFO - Started process (PID=345) to work on /home/airflow/.local/lib/python3.8/site-packages/airflow/example_dags/tutorial.py
[2024-05-27T20:59:18.160+0000] {processor.py:830} INFO - Processing file /home/airflow/.local/lib/python3.8/site-packages/airflow/example_dags/tutorial.py for tasks to queue
[2024-05-27T20:59:18.162+0000] {logging_mixin.py:188} INFO - [2024-05-27T20:59:18.162+0000] {dagbag.py:545} INFO - Filling up the DagBag from /home/airflow/.local/lib/python3.8/site-packages/airflow/example_dags/tutorial.py
[2024-05-27T20:59:18.169+0000] {processor.py:840} INFO - DAG(s) 'tutorial' retrieved from /home/airflow/.local/lib/python3.8/site-packages/airflow/example_dags/tutorial.py
[2024-05-27T20:59:18.191+0000] {logging_mixin.py:188} INFO - [2024-05-27T20:59:18.190+0000] {dag.py:3096} INFO - Sync 1 DAGs
[2024-05-27T20:59:18.212+0000] {logging_mixin.py:188} INFO - [2024-05-27T20:59:18.212+0000] {dag.py:3954} INFO - Setting next_dagrun for tutorial to 2024-05-26 00:00:00+00:00, run_after=2024-05-27 00:00:00+00:00
[2024-05-27T20:59:18.232+0000] {processor.py:183} INFO - Processing /home/airflow/.local/lib/python3.8/site-packages/airflow/example_dags/tutorial.py took 0.083 seconds
[2024-05-27T20:59:48.615+0000] {processor.py:161} INFO - Started process (PID=423) to work on /home/airflow/.local/lib/python3.8/site-packages/airflow/example_dags/tutorial.py
[2024-05-27T20:59:48.616+0000] {processor.py:830} INFO - Processing file /home/airflow/.local/lib/python3.8/site-packages/airflow/example_dags/tutorial.py for tasks to queue
[2024-05-27T20:59:48.618+0000] {logging_mixin.py:188} INFO - [2024-05-27T20:59:48.618+0000] {dagbag.py:545} INFO - Filling up the DagBag from /home/airflow/.local/lib/python3.8/site-packages/airflow/example_dags/tutorial.py
[2024-05-27T20:59:48.626+0000] {processor.py:840} INFO - DAG(s) 'tutorial' retrieved from /home/airflow/.local/lib/python3.8/site-packages/airflow/example_dags/tutorial.py
[2024-05-27T20:59:48.652+0000] {logging_mixin.py:188} INFO - [2024-05-27T20:59:48.651+0000] {dag.py:3096} INFO - Sync 1 DAGs
[2024-05-27T20:59:48.677+0000] {logging_mixin.py:188} INFO - [2024-05-27T20:59:48.676+0000] {dag.py:3954} INFO - Setting next_dagrun for tutorial to 2024-05-26 00:00:00+00:00, run_after=2024-05-27 00:00:00+00:00
[2024-05-27T20:59:48.698+0000] {processor.py:183} INFO - Processing /home/airflow/.local/lib/python3.8/site-packages/airflow/example_dags/tutorial.py took 0.090 seconds
[2024-05-27T21:00:19.034+0000] {processor.py:161} INFO - Started process (PID=493) to work on /home/airflow/.local/lib/python3.8/site-packages/airflow/example_dags/tutorial.py
[2024-05-27T21:00:19.036+0000] {processor.py:830} INFO - Processing file /home/airflow/.local/lib/python3.8/site-packages/airflow/example_dags/tutorial.py for tasks to queue
[2024-05-27T21:00:19.039+0000] {logging_mixin.py:188} INFO - [2024-05-27T21:00:19.038+0000] {dagbag.py:545} INFO - Filling up the DagBag from /home/airflow/.local/lib/python3.8/site-packages/airflow/example_dags/tutorial.py
[2024-05-27T21:00:19.045+0000] {processor.py:840} INFO - DAG(s) 'tutorial' retrieved from /home/airflow/.local/lib/python3.8/site-packages/airflow/example_dags/tutorial.py
[2024-05-27T21:00:19.066+0000] {logging_mixin.py:188} INFO - [2024-05-27T21:00:19.066+0000] {dag.py:3096} INFO - Sync 1 DAGs
[2024-05-27T21:00:19.087+0000] {logging_mixin.py:188} INFO - [2024-05-27T21:00:19.086+0000] {dag.py:3954} INFO - Setting next_dagrun for tutorial to 2024-05-26 00:00:00+00:00, run_after=2024-05-27 00:00:00+00:00
[2024-05-27T21:00:19.107+0000] {processor.py:183} INFO - Processing /home/airflow/.local/lib/python3.8/site-packages/airflow/example_dags/tutorial.py took 0.079 seconds
[2024-05-27T21:00:49.415+0000] {processor.py:161} INFO - Started process (PID=563) to work on /home/airflow/.local/lib/python3.8/site-packages/airflow/example_dags/tutorial.py
[2024-05-27T21:00:49.416+0000] {processor.py:830} INFO - Processing file /home/airflow/.local/lib/python3.8/site-packages/airflow/example_dags/tutorial.py for tasks to queue
[2024-05-27T21:00:49.419+0000] {logging_mixin.py:188} INFO - [2024-05-27T21:00:49.419+0000] {dagbag.py:545} INFO - Filling up the DagBag from /home/airflow/.local/lib/python3.8/site-packages/airflow/example_dags/tutorial.py
[2024-05-27T21:00:49.425+0000] {processor.py:840} INFO - DAG(s) 'tutorial' retrieved from /home/airflow/.local/lib/python3.8/site-packages/airflow/example_dags/tutorial.py
[2024-05-27T21:00:49.445+0000] {logging_mixin.py:188} INFO - [2024-05-27T21:00:49.445+0000] {dag.py:3096} INFO - Sync 1 DAGs
[2024-05-27T21:00:49.466+0000] {logging_mixin.py:188} INFO - [2024-05-27T21:00:49.466+0000] {dag.py:3954} INFO - Setting next_dagrun for tutorial to 2024-05-26 00:00:00+00:00, run_after=2024-05-27 00:00:00+00:00
[2024-05-27T21:00:49.487+0000] {processor.py:183} INFO - Processing /home/airflow/.local/lib/python3.8/site-packages/airflow/example_dags/tutorial.py took 0.080 seconds
[2024-05-27T21:01:20.044+0000] {processor.py:161} INFO - Started process (PID=641) to work on /home/airflow/.local/lib/python3.8/site-packages/airflow/example_dags/tutorial.py
[2024-05-27T21:01:20.045+0000] {processor.py:830} INFO - Processing file /home/airflow/.local/lib/python3.8/site-packages/airflow/example_dags/tutorial.py for tasks to queue
[2024-05-27T21:01:20.047+0000] {logging_mixin.py:188} INFO - [2024-05-27T21:01:20.047+0000] {dagbag.py:545} INFO - Filling up the DagBag from /home/airflow/.local/lib/python3.8/site-packages/airflow/example_dags/tutorial.py
[2024-05-27T21:01:20.052+0000] {processor.py:840} INFO - DAG(s) 'tutorial' retrieved from /home/airflow/.local/lib/python3.8/site-packages/airflow/example_dags/tutorial.py
[2024-05-27T21:01:20.074+0000] {logging_mixin.py:188} INFO - [2024-05-27T21:01:20.073+0000] {dag.py:3096} INFO - Sync 1 DAGs
[2024-05-27T21:01:20.106+0000] {logging_mixin.py:188} INFO - [2024-05-27T21:01:20.105+0000] {dag.py:3954} INFO - Setting next_dagrun for tutorial to 2024-05-26 00:00:00+00:00, run_after=2024-05-27 00:00:00+00:00
[2024-05-27T21:01:20.135+0000] {processor.py:183} INFO - Processing /home/airflow/.local/lib/python3.8/site-packages/airflow/example_dags/tutorial.py took 0.098 seconds
[2024-05-27T21:01:50.647+0000] {processor.py:161} INFO - Started process (PID=711) to work on /home/airflow/.local/lib/python3.8/site-packages/airflow/example_dags/tutorial.py
[2024-05-27T21:01:50.653+0000] {processor.py:830} INFO - Processing file /home/airflow/.local/lib/python3.8/site-packages/airflow/example_dags/tutorial.py for tasks to queue
[2024-05-27T21:01:50.658+0000] {logging_mixin.py:188} INFO - [2024-05-27T21:01:50.657+0000] {dagbag.py:545} INFO - Filling up the DagBag from /home/airflow/.local/lib/python3.8/site-packages/airflow/example_dags/tutorial.py
[2024-05-27T21:01:50.667+0000] {processor.py:840} INFO - DAG(s) 'tutorial' retrieved from /home/airflow/.local/lib/python3.8/site-packages/airflow/example_dags/tutorial.py
[2024-05-27T21:01:50.694+0000] {logging_mixin.py:188} INFO - [2024-05-27T21:01:50.694+0000] {dag.py:3096} INFO - Sync 1 DAGs
[2024-05-27T21:01:50.722+0000] {logging_mixin.py:188} INFO - [2024-05-27T21:01:50.722+0000] {dag.py:3954} INFO - Setting next_dagrun for tutorial to 2024-05-26 00:00:00+00:00, run_after=2024-05-27 00:00:00+00:00
[2024-05-27T21:01:50.747+0000] {processor.py:183} INFO - Processing /home/airflow/.local/lib/python3.8/site-packages/airflow/example_dags/tutorial.py took 0.114 seconds
[2024-05-27T21:06:41.256+0000] {processor.py:161} INFO - Started process (PID=63) to work on /home/airflow/.local/lib/python3.8/site-packages/airflow/example_dags/tutorial.py
[2024-05-27T21:06:41.259+0000] {processor.py:830} INFO - Processing file /home/airflow/.local/lib/python3.8/site-packages/airflow/example_dags/tutorial.py for tasks to queue
[2024-05-27T21:06:41.261+0000] {logging_mixin.py:188} INFO - [2024-05-27T21:06:41.261+0000] {dagbag.py:545} INFO - Filling up the DagBag from /home/airflow/.local/lib/python3.8/site-packages/airflow/example_dags/tutorial.py
[2024-05-27T21:06:41.278+0000] {processor.py:840} INFO - DAG(s) 'tutorial' retrieved from /home/airflow/.local/lib/python3.8/site-packages/airflow/example_dags/tutorial.py
[2024-05-27T21:06:41.538+0000] {logging_mixin.py:188} INFO - [2024-05-27T21:06:41.538+0000] {dag.py:3096} INFO - Sync 1 DAGs
[2024-05-27T21:06:41.602+0000] {logging_mixin.py:188} INFO - [2024-05-27T21:06:41.601+0000] {dag.py:3954} INFO - Setting next_dagrun for tutorial to 2024-05-26 00:00:00+00:00, run_after=2024-05-27 00:00:00+00:00
[2024-05-27T21:06:41.679+0000] {processor.py:183} INFO - Processing /home/airflow/.local/lib/python3.8/site-packages/airflow/example_dags/tutorial.py took 0.434 seconds
[2024-05-27T21:07:12.522+0000] {processor.py:161} INFO - Started process (PID=133) to work on /home/airflow/.local/lib/python3.8/site-packages/airflow/example_dags/tutorial.py
[2024-05-27T21:07:12.524+0000] {processor.py:830} INFO - Processing file /home/airflow/.local/lib/python3.8/site-packages/airflow/example_dags/tutorial.py for tasks to queue
[2024-05-27T21:07:12.537+0000] {logging_mixin.py:188} INFO - [2024-05-27T21:07:12.536+0000] {dagbag.py:545} INFO - Filling up the DagBag from /home/airflow/.local/lib/python3.8/site-packages/airflow/example_dags/tutorial.py
[2024-05-27T21:07:12.559+0000] {processor.py:840} INFO - DAG(s) 'tutorial' retrieved from /home/airflow/.local/lib/python3.8/site-packages/airflow/example_dags/tutorial.py
[2024-05-27T21:07:12.617+0000] {logging_mixin.py:188} INFO - [2024-05-27T21:07:12.615+0000] {dag.py:3096} INFO - Sync 1 DAGs
[2024-05-27T21:07:12.716+0000] {logging_mixin.py:188} INFO - [2024-05-27T21:07:12.715+0000] {dag.py:3954} INFO - Setting next_dagrun for tutorial to 2024-05-26 00:00:00+00:00, run_after=2024-05-27 00:00:00+00:00
[2024-05-27T21:07:12.794+0000] {processor.py:183} INFO - Processing /home/airflow/.local/lib/python3.8/site-packages/airflow/example_dags/tutorial.py took 0.292 seconds
[2024-05-27T21:07:43.404+0000] {processor.py:161} INFO - Started process (PID=203) to work on /home/airflow/.local/lib/python3.8/site-packages/airflow/example_dags/tutorial.py
[2024-05-27T21:07:43.406+0000] {processor.py:830} INFO - Processing file /home/airflow/.local/lib/python3.8/site-packages/airflow/example_dags/tutorial.py for tasks to queue
[2024-05-27T21:07:43.411+0000] {logging_mixin.py:188} INFO - [2024-05-27T21:07:43.411+0000] {dagbag.py:545} INFO - Filling up the DagBag from /home/airflow/.local/lib/python3.8/site-packages/airflow/example_dags/tutorial.py
[2024-05-27T21:07:43.424+0000] {processor.py:840} INFO - DAG(s) 'tutorial' retrieved from /home/airflow/.local/lib/python3.8/site-packages/airflow/example_dags/tutorial.py
[2024-05-27T21:07:43.462+0000] {logging_mixin.py:188} INFO - [2024-05-27T21:07:43.462+0000] {dag.py:3096} INFO - Sync 1 DAGs
[2024-05-27T21:07:43.519+0000] {logging_mixin.py:188} INFO - [2024-05-27T21:07:43.518+0000] {dag.py:3954} INFO - Setting next_dagrun for tutorial to 2024-05-26 00:00:00+00:00, run_after=2024-05-27 00:00:00+00:00
[2024-05-27T21:07:43.630+0000] {processor.py:183} INFO - Processing /home/airflow/.local/lib/python3.8/site-packages/airflow/example_dags/tutorial.py took 0.239 seconds
[2024-05-27T21:08:13.876+0000] {processor.py:161} INFO - Started process (PID=272) to work on /home/airflow/.local/lib/python3.8/site-packages/airflow/example_dags/tutorial.py
[2024-05-27T21:08:13.879+0000] {processor.py:830} INFO - Processing file /home/airflow/.local/lib/python3.8/site-packages/airflow/example_dags/tutorial.py for tasks to queue
[2024-05-27T21:08:13.891+0000] {logging_mixin.py:188} INFO - [2024-05-27T21:08:13.890+0000] {dagbag.py:545} INFO - Filling up the DagBag from /home/airflow/.local/lib/python3.8/site-packages/airflow/example_dags/tutorial.py
[2024-05-27T21:08:13.916+0000] {processor.py:840} INFO - DAG(s) 'tutorial' retrieved from /home/airflow/.local/lib/python3.8/site-packages/airflow/example_dags/tutorial.py
[2024-05-27T21:08:13.973+0000] {logging_mixin.py:188} INFO - [2024-05-27T21:08:13.973+0000] {dag.py:3096} INFO - Sync 1 DAGs
[2024-05-27T21:08:14.047+0000] {logging_mixin.py:188} INFO - [2024-05-27T21:08:14.046+0000] {dag.py:3954} INFO - Setting next_dagrun for tutorial to 2024-05-26 00:00:00+00:00, run_after=2024-05-27 00:00:00+00:00
[2024-05-27T21:08:14.119+0000] {processor.py:183} INFO - Processing /home/airflow/.local/lib/python3.8/site-packages/airflow/example_dags/tutorial.py took 0.265 seconds
[2024-05-27T21:08:45.380+0000] {processor.py:161} INFO - Started process (PID=342) to work on /home/airflow/.local/lib/python3.8/site-packages/airflow/example_dags/tutorial.py
[2024-05-27T21:08:45.383+0000] {processor.py:830} INFO - Processing file /home/airflow/.local/lib/python3.8/site-packages/airflow/example_dags/tutorial.py for tasks to queue
[2024-05-27T21:08:45.388+0000] {logging_mixin.py:188} INFO - [2024-05-27T21:08:45.387+0000] {dagbag.py:545} INFO - Filling up the DagBag from /home/airflow/.local/lib/python3.8/site-packages/airflow/example_dags/tutorial.py
[2024-05-27T21:08:45.408+0000] {processor.py:840} INFO - DAG(s) 'tutorial' retrieved from /home/airflow/.local/lib/python3.8/site-packages/airflow/example_dags/tutorial.py
[2024-05-27T21:08:45.454+0000] {logging_mixin.py:188} INFO - [2024-05-27T21:08:45.452+0000] {dag.py:3096} INFO - Sync 1 DAGs
[2024-05-27T21:08:45.515+0000] {logging_mixin.py:188} INFO - [2024-05-27T21:08:45.514+0000] {dag.py:3954} INFO - Setting next_dagrun for tutorial to 2024-05-26 00:00:00+00:00, run_after=2024-05-27 00:00:00+00:00
[2024-05-27T21:08:45.561+0000] {processor.py:183} INFO - Processing /home/airflow/.local/lib/python3.8/site-packages/airflow/example_dags/tutorial.py took 0.198 seconds
[2024-05-27T21:09:16.722+0000] {processor.py:161} INFO - Started process (PID=414) to work on /home/airflow/.local/lib/python3.8/site-packages/airflow/example_dags/tutorial.py
[2024-05-27T21:09:16.724+0000] {processor.py:830} INFO - Processing file /home/airflow/.local/lib/python3.8/site-packages/airflow/example_dags/tutorial.py for tasks to queue
[2024-05-27T21:09:16.729+0000] {logging_mixin.py:188} INFO - [2024-05-27T21:09:16.727+0000] {dagbag.py:545} INFO - Filling up the DagBag from /home/airflow/.local/lib/python3.8/site-packages/airflow/example_dags/tutorial.py
[2024-05-27T21:09:16.741+0000] {processor.py:840} INFO - DAG(s) 'tutorial' retrieved from /home/airflow/.local/lib/python3.8/site-packages/airflow/example_dags/tutorial.py
[2024-05-27T21:09:16.791+0000] {logging_mixin.py:188} INFO - [2024-05-27T21:09:16.791+0000] {dag.py:3096} INFO - Sync 1 DAGs
[2024-05-27T21:09:16.827+0000] {logging_mixin.py:188} INFO - [2024-05-27T21:09:16.827+0000] {dag.py:3954} INFO - Setting next_dagrun for tutorial to 2024-05-26 00:00:00+00:00, run_after=2024-05-27 00:00:00+00:00
[2024-05-27T21:09:16.868+0000] {processor.py:183} INFO - Processing /home/airflow/.local/lib/python3.8/site-packages/airflow/example_dags/tutorial.py took 0.158 seconds
[2024-05-27T21:09:47.221+0000] {processor.py:161} INFO - Started process (PID=482) to work on /home/airflow/.local/lib/python3.8/site-packages/airflow/example_dags/tutorial.py
[2024-05-27T21:09:47.222+0000] {processor.py:830} INFO - Processing file /home/airflow/.local/lib/python3.8/site-packages/airflow/example_dags/tutorial.py for tasks to queue
[2024-05-27T21:09:47.225+0000] {logging_mixin.py:188} INFO - [2024-05-27T21:09:47.225+0000] {dagbag.py:545} INFO - Filling up the DagBag from /home/airflow/.local/lib/python3.8/site-packages/airflow/example_dags/tutorial.py
[2024-05-27T21:09:47.236+0000] {processor.py:840} INFO - DAG(s) 'tutorial' retrieved from /home/airflow/.local/lib/python3.8/site-packages/airflow/example_dags/tutorial.py
[2024-05-27T21:09:47.312+0000] {logging_mixin.py:188} INFO - [2024-05-27T21:09:47.312+0000] {dag.py:3096} INFO - Sync 1 DAGs
[2024-05-27T21:09:47.371+0000] {logging_mixin.py:188} INFO - [2024-05-27T21:09:47.371+0000] {dag.py:3954} INFO - Setting next_dagrun for tutorial to 2024-05-26 00:00:00+00:00, run_after=2024-05-27 00:00:00+00:00
[2024-05-27T21:09:47.424+0000] {processor.py:183} INFO - Processing /home/airflow/.local/lib/python3.8/site-packages/airflow/example_dags/tutorial.py took 0.217 seconds
[2024-05-27T21:10:17.923+0000] {processor.py:161} INFO - Started process (PID=552) to work on /home/airflow/.local/lib/python3.8/site-packages/airflow/example_dags/tutorial.py
[2024-05-27T21:10:17.925+0000] {processor.py:830} INFO - Processing file /home/airflow/.local/lib/python3.8/site-packages/airflow/example_dags/tutorial.py for tasks to queue
[2024-05-27T21:10:17.928+0000] {logging_mixin.py:188} INFO - [2024-05-27T21:10:17.927+0000] {dagbag.py:545} INFO - Filling up the DagBag from /home/airflow/.local/lib/python3.8/site-packages/airflow/example_dags/tutorial.py
[2024-05-27T21:10:17.943+0000] {processor.py:840} INFO - DAG(s) 'tutorial' retrieved from /home/airflow/.local/lib/python3.8/site-packages/airflow/example_dags/tutorial.py
[2024-05-27T21:10:17.983+0000] {logging_mixin.py:188} INFO - [2024-05-27T21:10:17.983+0000] {dag.py:3096} INFO - Sync 1 DAGs
[2024-05-27T21:10:18.058+0000] {logging_mixin.py:188} INFO - [2024-05-27T21:10:18.058+0000] {dag.py:3954} INFO - Setting next_dagrun for tutorial to 2024-05-26 00:00:00+00:00, run_after=2024-05-27 00:00:00+00:00
[2024-05-27T21:10:18.122+0000] {processor.py:183} INFO - Processing /home/airflow/.local/lib/python3.8/site-packages/airflow/example_dags/tutorial.py took 0.213 seconds
[2024-05-27T21:10:48.465+0000] {processor.py:161} INFO - Started process (PID=615) to work on /home/airflow/.local/lib/python3.8/site-packages/airflow/example_dags/tutorial.py
[2024-05-27T21:10:48.467+0000] {processor.py:830} INFO - Processing file /home/airflow/.local/lib/python3.8/site-packages/airflow/example_dags/tutorial.py for tasks to queue
[2024-05-27T21:10:48.470+0000] {logging_mixin.py:188} INFO - [2024-05-27T21:10:48.469+0000] {dagbag.py:545} INFO - Filling up the DagBag from /home/airflow/.local/lib/python3.8/site-packages/airflow/example_dags/tutorial.py
[2024-05-27T21:10:48.481+0000] {processor.py:840} INFO - DAG(s) 'tutorial' retrieved from /home/airflow/.local/lib/python3.8/site-packages/airflow/example_dags/tutorial.py
[2024-05-27T21:10:48.508+0000] {logging_mixin.py:188} INFO - [2024-05-27T21:10:48.508+0000] {dag.py:3096} INFO - Sync 1 DAGs
[2024-05-27T21:10:48.535+0000] {logging_mixin.py:188} INFO - [2024-05-27T21:10:48.535+0000] {dag.py:3954} INFO - Setting next_dagrun for tutorial to 2024-05-26 00:00:00+00:00, run_after=2024-05-27 00:00:00+00:00
[2024-05-27T21:10:48.565+0000] {processor.py:183} INFO - Processing /home/airflow/.local/lib/python3.8/site-packages/airflow/example_dags/tutorial.py took 0.109 seconds
[2024-05-27T21:11:19.287+0000] {processor.py:161} INFO - Started process (PID=692) to work on /home/airflow/.local/lib/python3.8/site-packages/airflow/example_dags/tutorial.py
[2024-05-27T21:11:19.289+0000] {processor.py:830} INFO - Processing file /home/airflow/.local/lib/python3.8/site-packages/airflow/example_dags/tutorial.py for tasks to queue
[2024-05-27T21:11:19.294+0000] {logging_mixin.py:188} INFO - [2024-05-27T21:11:19.292+0000] {dagbag.py:545} INFO - Filling up the DagBag from /home/airflow/.local/lib/python3.8/site-packages/airflow/example_dags/tutorial.py
[2024-05-27T21:11:19.314+0000] {processor.py:840} INFO - DAG(s) 'tutorial' retrieved from /home/airflow/.local/lib/python3.8/site-packages/airflow/example_dags/tutorial.py
[2024-05-27T21:11:19.350+0000] {logging_mixin.py:188} INFO - [2024-05-27T21:11:19.350+0000] {dag.py:3096} INFO - Sync 1 DAGs
[2024-05-27T21:11:19.387+0000] {logging_mixin.py:188} INFO - [2024-05-27T21:11:19.386+0000] {dag.py:3954} INFO - Setting next_dagrun for tutorial to 2024-05-26 00:00:00+00:00, run_after=2024-05-27 00:00:00+00:00
[2024-05-27T21:11:19.449+0000] {processor.py:183} INFO - Processing /home/airflow/.local/lib/python3.8/site-packages/airflow/example_dags/tutorial.py took 0.179 seconds
[2024-05-27T21:11:49.806+0000] {processor.py:161} INFO - Started process (PID=762) to work on /home/airflow/.local/lib/python3.8/site-packages/airflow/example_dags/tutorial.py
[2024-05-27T21:11:49.807+0000] {processor.py:830} INFO - Processing file /home/airflow/.local/lib/python3.8/site-packages/airflow/example_dags/tutorial.py for tasks to queue
[2024-05-27T21:11:49.812+0000] {logging_mixin.py:188} INFO - [2024-05-27T21:11:49.810+0000] {dagbag.py:545} INFO - Filling up the DagBag from /home/airflow/.local/lib/python3.8/site-packages/airflow/example_dags/tutorial.py
[2024-05-27T21:11:49.829+0000] {processor.py:840} INFO - DAG(s) 'tutorial' retrieved from /home/airflow/.local/lib/python3.8/site-packages/airflow/example_dags/tutorial.py
[2024-05-27T21:11:49.890+0000] {logging_mixin.py:188} INFO - [2024-05-27T21:11:49.889+0000] {dag.py:3096} INFO - Sync 1 DAGs
[2024-05-27T21:11:49.938+0000] {logging_mixin.py:188} INFO - [2024-05-27T21:11:49.938+0000] {dag.py:3954} INFO - Setting next_dagrun for tutorial to 2024-05-26 00:00:00+00:00, run_after=2024-05-27 00:00:00+00:00
[2024-05-27T21:11:49.986+0000] {processor.py:183} INFO - Processing /home/airflow/.local/lib/python3.8/site-packages/airflow/example_dags/tutorial.py took 0.195 seconds
[2024-05-27T21:12:20.102+0000] {processor.py:161} INFO - Started process (PID=833) to work on /home/airflow/.local/lib/python3.8/site-packages/airflow/example_dags/tutorial.py
[2024-05-27T21:12:20.103+0000] {processor.py:830} INFO - Processing file /home/airflow/.local/lib/python3.8/site-packages/airflow/example_dags/tutorial.py for tasks to queue
[2024-05-27T21:12:20.105+0000] {logging_mixin.py:188} INFO - [2024-05-27T21:12:20.104+0000] {dagbag.py:545} INFO - Filling up the DagBag from /home/airflow/.local/lib/python3.8/site-packages/airflow/example_dags/tutorial.py
[2024-05-27T21:12:20.112+0000] {processor.py:840} INFO - DAG(s) 'tutorial' retrieved from /home/airflow/.local/lib/python3.8/site-packages/airflow/example_dags/tutorial.py
[2024-05-27T21:12:20.136+0000] {logging_mixin.py:188} INFO - [2024-05-27T21:12:20.136+0000] {dag.py:3096} INFO - Sync 1 DAGs
[2024-05-27T21:12:20.160+0000] {logging_mixin.py:188} INFO - [2024-05-27T21:12:20.159+0000] {dag.py:3954} INFO - Setting next_dagrun for tutorial to 2024-05-26 00:00:00+00:00, run_after=2024-05-27 00:00:00+00:00
[2024-05-27T21:12:20.182+0000] {processor.py:183} INFO - Processing /home/airflow/.local/lib/python3.8/site-packages/airflow/example_dags/tutorial.py took 0.087 seconds
[2024-05-27T21:12:50.716+0000] {processor.py:161} INFO - Started process (PID=903) to work on /home/airflow/.local/lib/python3.8/site-packages/airflow/example_dags/tutorial.py
[2024-05-27T21:12:50.717+0000] {processor.py:830} INFO - Processing file /home/airflow/.local/lib/python3.8/site-packages/airflow/example_dags/tutorial.py for tasks to queue
[2024-05-27T21:12:50.720+0000] {logging_mixin.py:188} INFO - [2024-05-27T21:12:50.720+0000] {dagbag.py:545} INFO - Filling up the DagBag from /home/airflow/.local/lib/python3.8/site-packages/airflow/example_dags/tutorial.py
[2024-05-27T21:12:50.727+0000] {processor.py:840} INFO - DAG(s) 'tutorial' retrieved from /home/airflow/.local/lib/python3.8/site-packages/airflow/example_dags/tutorial.py
[2024-05-27T21:12:50.753+0000] {logging_mixin.py:188} INFO - [2024-05-27T21:12:50.752+0000] {dag.py:3096} INFO - Sync 1 DAGs
[2024-05-27T21:12:50.775+0000] {logging_mixin.py:188} INFO - [2024-05-27T21:12:50.775+0000] {dag.py:3954} INFO - Setting next_dagrun for tutorial to 2024-05-26 00:00:00+00:00, run_after=2024-05-27 00:00:00+00:00
[2024-05-27T21:12:50.795+0000] {processor.py:183} INFO - Processing /home/airflow/.local/lib/python3.8/site-packages/airflow/example_dags/tutorial.py took 0.086 seconds
[2024-05-27T21:13:21.549+0000] {processor.py:161} INFO - Started process (PID=973) to work on /home/airflow/.local/lib/python3.8/site-packages/airflow/example_dags/tutorial.py
[2024-05-27T21:13:21.550+0000] {processor.py:830} INFO - Processing file /home/airflow/.local/lib/python3.8/site-packages/airflow/example_dags/tutorial.py for tasks to queue
[2024-05-27T21:13:21.552+0000] {logging_mixin.py:188} INFO - [2024-05-27T21:13:21.552+0000] {dagbag.py:545} INFO - Filling up the DagBag from /home/airflow/.local/lib/python3.8/site-packages/airflow/example_dags/tutorial.py
[2024-05-27T21:13:21.560+0000] {processor.py:840} INFO - DAG(s) 'tutorial' retrieved from /home/airflow/.local/lib/python3.8/site-packages/airflow/example_dags/tutorial.py
[2024-05-27T21:13:21.582+0000] {logging_mixin.py:188} INFO - [2024-05-27T21:13:21.582+0000] {dag.py:3096} INFO - Sync 1 DAGs
[2024-05-27T21:13:21.608+0000] {logging_mixin.py:188} INFO - [2024-05-27T21:13:21.608+0000] {dag.py:3954} INFO - Setting next_dagrun for tutorial to 2024-05-26 00:00:00+00:00, run_after=2024-05-27 00:00:00+00:00
[2024-05-27T21:13:21.629+0000] {processor.py:183} INFO - Processing /home/airflow/.local/lib/python3.8/site-packages/airflow/example_dags/tutorial.py took 0.087 seconds
[2024-05-27T21:13:52.093+0000] {processor.py:161} INFO - Started process (PID=1050) to work on /home/airflow/.local/lib/python3.8/site-packages/airflow/example_dags/tutorial.py
[2024-05-27T21:13:52.094+0000] {processor.py:830} INFO - Processing file /home/airflow/.local/lib/python3.8/site-packages/airflow/example_dags/tutorial.py for tasks to queue
[2024-05-27T21:13:52.096+0000] {logging_mixin.py:188} INFO - [2024-05-27T21:13:52.096+0000] {dagbag.py:545} INFO - Filling up the DagBag from /home/airflow/.local/lib/python3.8/site-packages/airflow/example_dags/tutorial.py
[2024-05-27T21:13:52.105+0000] {processor.py:840} INFO - DAG(s) 'tutorial' retrieved from /home/airflow/.local/lib/python3.8/site-packages/airflow/example_dags/tutorial.py
[2024-05-27T21:13:52.127+0000] {logging_mixin.py:188} INFO - [2024-05-27T21:13:52.126+0000] {dag.py:3096} INFO - Sync 1 DAGs
[2024-05-27T21:13:52.147+0000] {logging_mixin.py:188} INFO - [2024-05-27T21:13:52.147+0000] {dag.py:3954} INFO - Setting next_dagrun for tutorial to 2024-05-26 00:00:00+00:00, run_after=2024-05-27 00:00:00+00:00
[2024-05-27T21:13:52.169+0000] {processor.py:183} INFO - Processing /home/airflow/.local/lib/python3.8/site-packages/airflow/example_dags/tutorial.py took 0.082 seconds
[2024-05-27T21:14:22.544+0000] {processor.py:161} INFO - Started process (PID=1120) to work on /home/airflow/.local/lib/python3.8/site-packages/airflow/example_dags/tutorial.py
[2024-05-27T21:14:22.546+0000] {processor.py:830} INFO - Processing file /home/airflow/.local/lib/python3.8/site-packages/airflow/example_dags/tutorial.py for tasks to queue
[2024-05-27T21:14:22.548+0000] {logging_mixin.py:188} INFO - [2024-05-27T21:14:22.548+0000] {dagbag.py:545} INFO - Filling up the DagBag from /home/airflow/.local/lib/python3.8/site-packages/airflow/example_dags/tutorial.py
[2024-05-27T21:14:22.555+0000] {processor.py:840} INFO - DAG(s) 'tutorial' retrieved from /home/airflow/.local/lib/python3.8/site-packages/airflow/example_dags/tutorial.py
[2024-05-27T21:14:22.578+0000] {logging_mixin.py:188} INFO - [2024-05-27T21:14:22.578+0000] {dag.py:3096} INFO - Sync 1 DAGs
[2024-05-27T21:14:22.599+0000] {logging_mixin.py:188} INFO - [2024-05-27T21:14:22.598+0000] {dag.py:3954} INFO - Setting next_dagrun for tutorial to 2024-05-26 00:00:00+00:00, run_after=2024-05-27 00:00:00+00:00
[2024-05-27T21:14:22.622+0000] {processor.py:183} INFO - Processing /home/airflow/.local/lib/python3.8/site-packages/airflow/example_dags/tutorial.py took 0.086 seconds
[2024-05-27T21:14:53.465+0000] {processor.py:161} INFO - Started process (PID=1198) to work on /home/airflow/.local/lib/python3.8/site-packages/airflow/example_dags/tutorial.py
[2024-05-27T21:14:53.466+0000] {processor.py:830} INFO - Processing file /home/airflow/.local/lib/python3.8/site-packages/airflow/example_dags/tutorial.py for tasks to queue
[2024-05-27T21:14:53.468+0000] {logging_mixin.py:188} INFO - [2024-05-27T21:14:53.468+0000] {dagbag.py:545} INFO - Filling up the DagBag from /home/airflow/.local/lib/python3.8/site-packages/airflow/example_dags/tutorial.py
[2024-05-27T21:14:53.475+0000] {processor.py:840} INFO - DAG(s) 'tutorial' retrieved from /home/airflow/.local/lib/python3.8/site-packages/airflow/example_dags/tutorial.py
[2024-05-27T21:14:53.503+0000] {logging_mixin.py:188} INFO - [2024-05-27T21:14:53.503+0000] {dag.py:3096} INFO - Sync 1 DAGs
[2024-05-27T21:14:53.531+0000] {logging_mixin.py:188} INFO - [2024-05-27T21:14:53.530+0000] {dag.py:3954} INFO - Setting next_dagrun for tutorial to 2024-05-26 00:00:00+00:00, run_after=2024-05-27 00:00:00+00:00
[2024-05-27T21:14:53.559+0000] {processor.py:183} INFO - Processing /home/airflow/.local/lib/python3.8/site-packages/airflow/example_dags/tutorial.py took 0.101 seconds
[2024-05-27T21:15:24.205+0000] {processor.py:161} INFO - Started process (PID=1268) to work on /home/airflow/.local/lib/python3.8/site-packages/airflow/example_dags/tutorial.py
[2024-05-27T21:15:24.206+0000] {processor.py:830} INFO - Processing file /home/airflow/.local/lib/python3.8/site-packages/airflow/example_dags/tutorial.py for tasks to queue
[2024-05-27T21:15:24.208+0000] {logging_mixin.py:188} INFO - [2024-05-27T21:15:24.208+0000] {dagbag.py:545} INFO - Filling up the DagBag from /home/airflow/.local/lib/python3.8/site-packages/airflow/example_dags/tutorial.py
[2024-05-27T21:15:24.214+0000] {processor.py:840} INFO - DAG(s) 'tutorial' retrieved from /home/airflow/.local/lib/python3.8/site-packages/airflow/example_dags/tutorial.py
[2024-05-27T21:15:24.234+0000] {logging_mixin.py:188} INFO - [2024-05-27T21:15:24.234+0000] {dag.py:3096} INFO - Sync 1 DAGs
[2024-05-27T21:15:24.255+0000] {logging_mixin.py:188} INFO - [2024-05-27T21:15:24.255+0000] {dag.py:3954} INFO - Setting next_dagrun for tutorial to 2024-05-26 00:00:00+00:00, run_after=2024-05-27 00:00:00+00:00
[2024-05-27T21:15:24.275+0000] {processor.py:183} INFO - Processing /home/airflow/.local/lib/python3.8/site-packages/airflow/example_dags/tutorial.py took 0.075 seconds
[2024-05-27T21:15:54.488+0000] {processor.py:161} INFO - Started process (PID=1337) to work on /home/airflow/.local/lib/python3.8/site-packages/airflow/example_dags/tutorial.py
[2024-05-27T21:15:54.489+0000] {processor.py:830} INFO - Processing file /home/airflow/.local/lib/python3.8/site-packages/airflow/example_dags/tutorial.py for tasks to queue
[2024-05-27T21:15:54.491+0000] {logging_mixin.py:188} INFO - [2024-05-27T21:15:54.491+0000] {dagbag.py:545} INFO - Filling up the DagBag from /home/airflow/.local/lib/python3.8/site-packages/airflow/example_dags/tutorial.py
[2024-05-27T21:15:54.498+0000] {processor.py:840} INFO - DAG(s) 'tutorial' retrieved from /home/airflow/.local/lib/python3.8/site-packages/airflow/example_dags/tutorial.py
[2024-05-27T21:15:54.525+0000] {logging_mixin.py:188} INFO - [2024-05-27T21:15:54.525+0000] {dag.py:3096} INFO - Sync 1 DAGs
[2024-05-27T21:15:54.552+0000] {logging_mixin.py:188} INFO - [2024-05-27T21:15:54.551+0000] {dag.py:3954} INFO - Setting next_dagrun for tutorial to 2024-05-26 00:00:00+00:00, run_after=2024-05-27 00:00:00+00:00
[2024-05-27T21:15:54.578+0000] {processor.py:183} INFO - Processing /home/airflow/.local/lib/python3.8/site-packages/airflow/example_dags/tutorial.py took 0.098 seconds
[2024-05-27T21:16:24.902+0000] {processor.py:161} INFO - Started process (PID=1415) to work on /home/airflow/.local/lib/python3.8/site-packages/airflow/example_dags/tutorial.py
[2024-05-27T21:16:24.903+0000] {processor.py:830} INFO - Processing file /home/airflow/.local/lib/python3.8/site-packages/airflow/example_dags/tutorial.py for tasks to queue
[2024-05-27T21:16:24.905+0000] {logging_mixin.py:188} INFO - [2024-05-27T21:16:24.904+0000] {dagbag.py:545} INFO - Filling up the DagBag from /home/airflow/.local/lib/python3.8/site-packages/airflow/example_dags/tutorial.py
[2024-05-27T21:16:24.910+0000] {processor.py:840} INFO - DAG(s) 'tutorial' retrieved from /home/airflow/.local/lib/python3.8/site-packages/airflow/example_dags/tutorial.py
[2024-05-27T21:16:24.932+0000] {logging_mixin.py:188} INFO - [2024-05-27T21:16:24.932+0000] {dag.py:3096} INFO - Sync 1 DAGs
[2024-05-27T21:16:24.951+0000] {logging_mixin.py:188} INFO - [2024-05-27T21:16:24.950+0000] {dag.py:3954} INFO - Setting next_dagrun for tutorial to 2024-05-26 00:00:00+00:00, run_after=2024-05-27 00:00:00+00:00
[2024-05-27T21:16:24.981+0000] {processor.py:183} INFO - Processing /home/airflow/.local/lib/python3.8/site-packages/airflow/example_dags/tutorial.py took 0.085 seconds
[2024-05-27T21:16:55.341+0000] {processor.py:161} INFO - Started process (PID=1487) to work on /home/airflow/.local/lib/python3.8/site-packages/airflow/example_dags/tutorial.py
[2024-05-27T21:16:55.343+0000] {processor.py:830} INFO - Processing file /home/airflow/.local/lib/python3.8/site-packages/airflow/example_dags/tutorial.py for tasks to queue
[2024-05-27T21:16:55.347+0000] {logging_mixin.py:188} INFO - [2024-05-27T21:16:55.346+0000] {dagbag.py:545} INFO - Filling up the DagBag from /home/airflow/.local/lib/python3.8/site-packages/airflow/example_dags/tutorial.py
[2024-05-27T21:16:55.356+0000] {processor.py:840} INFO - DAG(s) 'tutorial' retrieved from /home/airflow/.local/lib/python3.8/site-packages/airflow/example_dags/tutorial.py
[2024-05-27T21:16:55.383+0000] {logging_mixin.py:188} INFO - [2024-05-27T21:16:55.383+0000] {dag.py:3096} INFO - Sync 1 DAGs
[2024-05-27T21:16:55.407+0000] {logging_mixin.py:188} INFO - [2024-05-27T21:16:55.406+0000] {dag.py:3954} INFO - Setting next_dagrun for tutorial to 2024-05-26 00:00:00+00:00, run_after=2024-05-27 00:00:00+00:00
[2024-05-27T21:16:55.446+0000] {processor.py:183} INFO - Processing /home/airflow/.local/lib/python3.8/site-packages/airflow/example_dags/tutorial.py took 0.113 seconds
[2024-05-27T21:17:25.951+0000] {processor.py:161} INFO - Started process (PID=1559) to work on /home/airflow/.local/lib/python3.8/site-packages/airflow/example_dags/tutorial.py
[2024-05-27T21:17:25.952+0000] {processor.py:830} INFO - Processing file /home/airflow/.local/lib/python3.8/site-packages/airflow/example_dags/tutorial.py for tasks to queue
[2024-05-27T21:17:25.955+0000] {logging_mixin.py:188} INFO - [2024-05-27T21:17:25.954+0000] {dagbag.py:545} INFO - Filling up the DagBag from /home/airflow/.local/lib/python3.8/site-packages/airflow/example_dags/tutorial.py
[2024-05-27T21:17:25.965+0000] {processor.py:840} INFO - DAG(s) 'tutorial' retrieved from /home/airflow/.local/lib/python3.8/site-packages/airflow/example_dags/tutorial.py
[2024-05-27T21:17:25.995+0000] {logging_mixin.py:188} INFO - [2024-05-27T21:17:25.995+0000] {dag.py:3096} INFO - Sync 1 DAGs
[2024-05-27T21:17:26.021+0000] {logging_mixin.py:188} INFO - [2024-05-27T21:17:26.021+0000] {dag.py:3954} INFO - Setting next_dagrun for tutorial to 2024-05-26 00:00:00+00:00, run_after=2024-05-27 00:00:00+00:00
[2024-05-27T21:17:26.044+0000] {processor.py:183} INFO - Processing /home/airflow/.local/lib/python3.8/site-packages/airflow/example_dags/tutorial.py took 0.100 seconds
[2024-05-27T21:18:00.940+0000] {processor.py:161} INFO - Started process (PID=1636) to work on /home/airflow/.local/lib/python3.8/site-packages/airflow/example_dags/tutorial.py
[2024-05-27T21:18:00.945+0000] {processor.py:830} INFO - Processing file /home/airflow/.local/lib/python3.8/site-packages/airflow/example_dags/tutorial.py for tasks to queue
[2024-05-27T21:18:00.949+0000] {logging_mixin.py:188} INFO - [2024-05-27T21:18:00.949+0000] {dagbag.py:545} INFO - Filling up the DagBag from /home/airflow/.local/lib/python3.8/site-packages/airflow/example_dags/tutorial.py
[2024-05-27T21:18:01.088+0000] {processor.py:840} INFO - DAG(s) 'tutorial' retrieved from /home/airflow/.local/lib/python3.8/site-packages/airflow/example_dags/tutorial.py
[2024-05-27T21:18:01.351+0000] {logging_mixin.py:188} INFO - [2024-05-27T21:18:01.351+0000] {dag.py:3096} INFO - Sync 1 DAGs
[2024-05-27T21:18:01.843+0000] {logging_mixin.py:188} INFO - [2024-05-27T21:18:01.842+0000] {dag.py:3954} INFO - Setting next_dagrun for tutorial to 2024-05-26 00:00:00+00:00, run_after=2024-05-27 00:00:00+00:00
[2024-05-27T21:18:02.117+0000] {processor.py:183} INFO - Processing /home/airflow/.local/lib/python3.8/site-packages/airflow/example_dags/tutorial.py took 1.188 seconds
[2024-05-27T21:18:32.190+0000] {processor.py:161} INFO - Started process (PID=1707) to work on /home/airflow/.local/lib/python3.8/site-packages/airflow/example_dags/tutorial.py
[2024-05-27T21:18:32.192+0000] {processor.py:830} INFO - Processing file /home/airflow/.local/lib/python3.8/site-packages/airflow/example_dags/tutorial.py for tasks to queue
[2024-05-27T21:18:32.196+0000] {logging_mixin.py:188} INFO - [2024-05-27T21:18:32.195+0000] {dagbag.py:545} INFO - Filling up the DagBag from /home/airflow/.local/lib/python3.8/site-packages/airflow/example_dags/tutorial.py
[2024-05-27T21:18:32.203+0000] {processor.py:840} INFO - DAG(s) 'tutorial' retrieved from /home/airflow/.local/lib/python3.8/site-packages/airflow/example_dags/tutorial.py
[2024-05-27T21:18:32.230+0000] {logging_mixin.py:188} INFO - [2024-05-27T21:18:32.229+0000] {dag.py:3096} INFO - Sync 1 DAGs
[2024-05-27T21:18:32.254+0000] {logging_mixin.py:188} INFO - [2024-05-27T21:18:32.254+0000] {dag.py:3954} INFO - Setting next_dagrun for tutorial to 2024-05-26 00:00:00+00:00, run_after=2024-05-27 00:00:00+00:00
[2024-05-27T21:18:32.283+0000] {processor.py:183} INFO - Processing /home/airflow/.local/lib/python3.8/site-packages/airflow/example_dags/tutorial.py took 0.101 seconds
[2024-05-27T21:19:02.773+0000] {processor.py:161} INFO - Started process (PID=1778) to work on /home/airflow/.local/lib/python3.8/site-packages/airflow/example_dags/tutorial.py
[2024-05-27T21:19:02.775+0000] {processor.py:830} INFO - Processing file /home/airflow/.local/lib/python3.8/site-packages/airflow/example_dags/tutorial.py for tasks to queue
[2024-05-27T21:19:02.777+0000] {logging_mixin.py:188} INFO - [2024-05-27T21:19:02.777+0000] {dagbag.py:545} INFO - Filling up the DagBag from /home/airflow/.local/lib/python3.8/site-packages/airflow/example_dags/tutorial.py
[2024-05-27T21:19:02.785+0000] {processor.py:840} INFO - DAG(s) 'tutorial' retrieved from /home/airflow/.local/lib/python3.8/site-packages/airflow/example_dags/tutorial.py
[2024-05-27T21:19:02.813+0000] {logging_mixin.py:188} INFO - [2024-05-27T21:19:02.813+0000] {dag.py:3096} INFO - Sync 1 DAGs
[2024-05-27T21:19:02.842+0000] {logging_mixin.py:188} INFO - [2024-05-27T21:19:02.841+0000] {dag.py:3954} INFO - Setting next_dagrun for tutorial to 2024-05-26 00:00:00+00:00, run_after=2024-05-27 00:00:00+00:00
[2024-05-27T21:19:02.864+0000] {processor.py:183} INFO - Processing /home/airflow/.local/lib/python3.8/site-packages/airflow/example_dags/tutorial.py took 0.100 seconds
[2024-05-27T21:19:33.455+0000] {processor.py:161} INFO - Started process (PID=1855) to work on /home/airflow/.local/lib/python3.8/site-packages/airflow/example_dags/tutorial.py
[2024-05-27T21:19:33.457+0000] {processor.py:830} INFO - Processing file /home/airflow/.local/lib/python3.8/site-packages/airflow/example_dags/tutorial.py for tasks to queue
[2024-05-27T21:19:33.459+0000] {logging_mixin.py:188} INFO - [2024-05-27T21:19:33.459+0000] {dagbag.py:545} INFO - Filling up the DagBag from /home/airflow/.local/lib/python3.8/site-packages/airflow/example_dags/tutorial.py
[2024-05-27T21:19:33.465+0000] {processor.py:840} INFO - DAG(s) 'tutorial' retrieved from /home/airflow/.local/lib/python3.8/site-packages/airflow/example_dags/tutorial.py
[2024-05-27T21:19:33.493+0000] {logging_mixin.py:188} INFO - [2024-05-27T21:19:33.492+0000] {dag.py:3096} INFO - Sync 1 DAGs
[2024-05-27T21:19:33.520+0000] {logging_mixin.py:188} INFO - [2024-05-27T21:19:33.520+0000] {dag.py:3954} INFO - Setting next_dagrun for tutorial to 2024-05-26 00:00:00+00:00, run_after=2024-05-27 00:00:00+00:00
[2024-05-27T21:19:33.545+0000] {processor.py:183} INFO - Processing /home/airflow/.local/lib/python3.8/site-packages/airflow/example_dags/tutorial.py took 0.099 seconds
[2024-05-27T21:20:04.293+0000] {processor.py:161} INFO - Started process (PID=1926) to work on /home/airflow/.local/lib/python3.8/site-packages/airflow/example_dags/tutorial.py
[2024-05-27T21:20:04.294+0000] {processor.py:830} INFO - Processing file /home/airflow/.local/lib/python3.8/site-packages/airflow/example_dags/tutorial.py for tasks to queue
[2024-05-27T21:20:04.297+0000] {logging_mixin.py:188} INFO - [2024-05-27T21:20:04.297+0000] {dagbag.py:545} INFO - Filling up the DagBag from /home/airflow/.local/lib/python3.8/site-packages/airflow/example_dags/tutorial.py
[2024-05-27T21:20:04.305+0000] {processor.py:840} INFO - DAG(s) 'tutorial' retrieved from /home/airflow/.local/lib/python3.8/site-packages/airflow/example_dags/tutorial.py
[2024-05-27T21:20:04.329+0000] {logging_mixin.py:188} INFO - [2024-05-27T21:20:04.329+0000] {dag.py:3096} INFO - Sync 1 DAGs
[2024-05-27T21:20:04.353+0000] {logging_mixin.py:188} INFO - [2024-05-27T21:20:04.353+0000] {dag.py:3954} INFO - Setting next_dagrun for tutorial to 2024-05-26 00:00:00+00:00, run_after=2024-05-27 00:00:00+00:00
[2024-05-27T21:20:04.379+0000] {processor.py:183} INFO - Processing /home/airflow/.local/lib/python3.8/site-packages/airflow/example_dags/tutorial.py took 0.094 seconds
[2024-05-27T21:20:35.144+0000] {processor.py:161} INFO - Started process (PID=1996) to work on /home/airflow/.local/lib/python3.8/site-packages/airflow/example_dags/tutorial.py
[2024-05-27T21:20:35.145+0000] {processor.py:830} INFO - Processing file /home/airflow/.local/lib/python3.8/site-packages/airflow/example_dags/tutorial.py for tasks to queue
[2024-05-27T21:20:35.147+0000] {logging_mixin.py:188} INFO - [2024-05-27T21:20:35.147+0000] {dagbag.py:545} INFO - Filling up the DagBag from /home/airflow/.local/lib/python3.8/site-packages/airflow/example_dags/tutorial.py
[2024-05-27T21:20:35.154+0000] {processor.py:840} INFO - DAG(s) 'tutorial' retrieved from /home/airflow/.local/lib/python3.8/site-packages/airflow/example_dags/tutorial.py
[2024-05-27T21:20:35.177+0000] {logging_mixin.py:188} INFO - [2024-05-27T21:20:35.177+0000] {dag.py:3096} INFO - Sync 1 DAGs
[2024-05-27T21:20:35.198+0000] {logging_mixin.py:188} INFO - [2024-05-27T21:20:35.198+0000] {dag.py:3954} INFO - Setting next_dagrun for tutorial to 2024-05-26 00:00:00+00:00, run_after=2024-05-27 00:00:00+00:00
[2024-05-27T21:20:35.229+0000] {processor.py:183} INFO - Processing /home/airflow/.local/lib/python3.8/site-packages/airflow/example_dags/tutorial.py took 0.092 seconds
[2024-05-27T21:21:05.564+0000] {processor.py:161} INFO - Started process (PID=2075) to work on /home/airflow/.local/lib/python3.8/site-packages/airflow/example_dags/tutorial.py
[2024-05-27T21:21:05.566+0000] {processor.py:830} INFO - Processing file /home/airflow/.local/lib/python3.8/site-packages/airflow/example_dags/tutorial.py for tasks to queue
[2024-05-27T21:21:05.569+0000] {logging_mixin.py:188} INFO - [2024-05-27T21:21:05.568+0000] {dagbag.py:545} INFO - Filling up the DagBag from /home/airflow/.local/lib/python3.8/site-packages/airflow/example_dags/tutorial.py
[2024-05-27T21:21:05.576+0000] {processor.py:840} INFO - DAG(s) 'tutorial' retrieved from /home/airflow/.local/lib/python3.8/site-packages/airflow/example_dags/tutorial.py
[2024-05-27T21:21:05.604+0000] {logging_mixin.py:188} INFO - [2024-05-27T21:21:05.604+0000] {dag.py:3096} INFO - Sync 1 DAGs
[2024-05-27T21:21:05.629+0000] {logging_mixin.py:188} INFO - [2024-05-27T21:21:05.628+0000] {dag.py:3954} INFO - Setting next_dagrun for tutorial to 2024-05-26 00:00:00+00:00, run_after=2024-05-27 00:00:00+00:00
[2024-05-27T21:21:05.656+0000] {processor.py:183} INFO - Processing /home/airflow/.local/lib/python3.8/site-packages/airflow/example_dags/tutorial.py took 0.100 seconds
[2024-05-27T21:21:35.894+0000] {processor.py:161} INFO - Started process (PID=2168) to work on /home/airflow/.local/lib/python3.8/site-packages/airflow/example_dags/tutorial.py
[2024-05-27T21:21:35.896+0000] {processor.py:830} INFO - Processing file /home/airflow/.local/lib/python3.8/site-packages/airflow/example_dags/tutorial.py for tasks to queue
[2024-05-27T21:21:35.899+0000] {logging_mixin.py:188} INFO - [2024-05-27T21:21:35.899+0000] {dagbag.py:545} INFO - Filling up the DagBag from /home/airflow/.local/lib/python3.8/site-packages/airflow/example_dags/tutorial.py
[2024-05-27T21:21:35.911+0000] {processor.py:840} INFO - DAG(s) 'tutorial' retrieved from /home/airflow/.local/lib/python3.8/site-packages/airflow/example_dags/tutorial.py
[2024-05-27T21:21:35.952+0000] {logging_mixin.py:188} INFO - [2024-05-27T21:21:35.951+0000] {dag.py:3096} INFO - Sync 1 DAGs
[2024-05-27T21:21:36.001+0000] {logging_mixin.py:188} INFO - [2024-05-27T21:21:36.001+0000] {dag.py:3954} INFO - Setting next_dagrun for tutorial to 2024-05-26 00:00:00+00:00, run_after=2024-05-27 00:00:00+00:00
[2024-05-27T21:21:36.037+0000] {processor.py:183} INFO - Processing /home/airflow/.local/lib/python3.8/site-packages/airflow/example_dags/tutorial.py took 0.153 seconds
[2024-05-27T21:22:06.169+0000] {processor.py:161} INFO - Started process (PID=2238) to work on /home/airflow/.local/lib/python3.8/site-packages/airflow/example_dags/tutorial.py
[2024-05-27T21:22:06.170+0000] {processor.py:830} INFO - Processing file /home/airflow/.local/lib/python3.8/site-packages/airflow/example_dags/tutorial.py for tasks to queue
[2024-05-27T21:22:06.171+0000] {logging_mixin.py:188} INFO - [2024-05-27T21:22:06.171+0000] {dagbag.py:545} INFO - Filling up the DagBag from /home/airflow/.local/lib/python3.8/site-packages/airflow/example_dags/tutorial.py
[2024-05-27T21:22:06.177+0000] {processor.py:840} INFO - DAG(s) 'tutorial' retrieved from /home/airflow/.local/lib/python3.8/site-packages/airflow/example_dags/tutorial.py
[2024-05-27T21:22:06.199+0000] {logging_mixin.py:188} INFO - [2024-05-27T21:22:06.199+0000] {dag.py:3096} INFO - Sync 1 DAGs
[2024-05-27T21:22:06.221+0000] {logging_mixin.py:188} INFO - [2024-05-27T21:22:06.221+0000] {dag.py:3954} INFO - Setting next_dagrun for tutorial to 2024-05-26 00:00:00+00:00, run_after=2024-05-27 00:00:00+00:00
[2024-05-27T21:22:06.243+0000] {processor.py:183} INFO - Processing /home/airflow/.local/lib/python3.8/site-packages/airflow/example_dags/tutorial.py took 0.081 seconds
[2024-05-27T21:22:36.599+0000] {processor.py:161} INFO - Started process (PID=2308) to work on /home/airflow/.local/lib/python3.8/site-packages/airflow/example_dags/tutorial.py
[2024-05-27T21:22:36.601+0000] {processor.py:830} INFO - Processing file /home/airflow/.local/lib/python3.8/site-packages/airflow/example_dags/tutorial.py for tasks to queue
[2024-05-27T21:22:36.603+0000] {logging_mixin.py:188} INFO - [2024-05-27T21:22:36.602+0000] {dagbag.py:545} INFO - Filling up the DagBag from /home/airflow/.local/lib/python3.8/site-packages/airflow/example_dags/tutorial.py
[2024-05-27T21:22:36.608+0000] {processor.py:840} INFO - DAG(s) 'tutorial' retrieved from /home/airflow/.local/lib/python3.8/site-packages/airflow/example_dags/tutorial.py
[2024-05-27T21:22:36.629+0000] {logging_mixin.py:188} INFO - [2024-05-27T21:22:36.628+0000] {dag.py:3096} INFO - Sync 1 DAGs
[2024-05-27T21:22:36.653+0000] {logging_mixin.py:188} INFO - [2024-05-27T21:22:36.653+0000] {dag.py:3954} INFO - Setting next_dagrun for tutorial to 2024-05-26 00:00:00+00:00, run_after=2024-05-27 00:00:00+00:00
[2024-05-27T21:22:36.685+0000] {processor.py:183} INFO - Processing /home/airflow/.local/lib/python3.8/site-packages/airflow/example_dags/tutorial.py took 0.092 seconds
[2024-05-27T21:23:07.485+0000] {processor.py:161} INFO - Started process (PID=2385) to work on /home/airflow/.local/lib/python3.8/site-packages/airflow/example_dags/tutorial.py
[2024-05-27T21:23:07.488+0000] {processor.py:830} INFO - Processing file /home/airflow/.local/lib/python3.8/site-packages/airflow/example_dags/tutorial.py for tasks to queue
[2024-05-27T21:23:07.491+0000] {logging_mixin.py:188} INFO - [2024-05-27T21:23:07.490+0000] {dagbag.py:545} INFO - Filling up the DagBag from /home/airflow/.local/lib/python3.8/site-packages/airflow/example_dags/tutorial.py
[2024-05-27T21:23:07.508+0000] {processor.py:840} INFO - DAG(s) 'tutorial' retrieved from /home/airflow/.local/lib/python3.8/site-packages/airflow/example_dags/tutorial.py
[2024-05-27T21:23:07.552+0000] {logging_mixin.py:188} INFO - [2024-05-27T21:23:07.551+0000] {dag.py:3096} INFO - Sync 1 DAGs
[2024-05-27T21:23:07.613+0000] {logging_mixin.py:188} INFO - [2024-05-27T21:23:07.613+0000] {dag.py:3954} INFO - Setting next_dagrun for tutorial to 2024-05-26 00:00:00+00:00, run_after=2024-05-27 00:00:00+00:00
[2024-05-27T21:23:07.666+0000] {processor.py:183} INFO - Processing /home/airflow/.local/lib/python3.8/site-packages/airflow/example_dags/tutorial.py took 0.195 seconds
[2024-05-27T21:23:38.192+0000] {processor.py:161} INFO - Started process (PID=2456) to work on /home/airflow/.local/lib/python3.8/site-packages/airflow/example_dags/tutorial.py
[2024-05-27T21:23:38.194+0000] {processor.py:830} INFO - Processing file /home/airflow/.local/lib/python3.8/site-packages/airflow/example_dags/tutorial.py for tasks to queue
[2024-05-27T21:23:38.196+0000] {logging_mixin.py:188} INFO - [2024-05-27T21:23:38.196+0000] {dagbag.py:545} INFO - Filling up the DagBag from /home/airflow/.local/lib/python3.8/site-packages/airflow/example_dags/tutorial.py
[2024-05-27T21:23:38.202+0000] {processor.py:840} INFO - DAG(s) 'tutorial' retrieved from /home/airflow/.local/lib/python3.8/site-packages/airflow/example_dags/tutorial.py
[2024-05-27T21:23:38.225+0000] {logging_mixin.py:188} INFO - [2024-05-27T21:23:38.225+0000] {dag.py:3096} INFO - Sync 1 DAGs
[2024-05-27T21:23:38.251+0000] {logging_mixin.py:188} INFO - [2024-05-27T21:23:38.251+0000] {dag.py:3954} INFO - Setting next_dagrun for tutorial to 2024-05-26 00:00:00+00:00, run_after=2024-05-27 00:00:00+00:00
[2024-05-27T21:23:38.276+0000] {processor.py:183} INFO - Processing /home/airflow/.local/lib/python3.8/site-packages/airflow/example_dags/tutorial.py took 0.090 seconds
[2024-05-27T21:24:08.823+0000] {processor.py:161} INFO - Started process (PID=2526) to work on /home/airflow/.local/lib/python3.8/site-packages/airflow/example_dags/tutorial.py
[2024-05-27T21:24:08.825+0000] {processor.py:830} INFO - Processing file /home/airflow/.local/lib/python3.8/site-packages/airflow/example_dags/tutorial.py for tasks to queue
[2024-05-27T21:24:08.827+0000] {logging_mixin.py:188} INFO - [2024-05-27T21:24:08.827+0000] {dagbag.py:545} INFO - Filling up the DagBag from /home/airflow/.local/lib/python3.8/site-packages/airflow/example_dags/tutorial.py
[2024-05-27T21:24:08.833+0000] {processor.py:840} INFO - DAG(s) 'tutorial' retrieved from /home/airflow/.local/lib/python3.8/site-packages/airflow/example_dags/tutorial.py
[2024-05-27T21:24:08.858+0000] {logging_mixin.py:188} INFO - [2024-05-27T21:24:08.858+0000] {dag.py:3096} INFO - Sync 1 DAGs
[2024-05-27T21:24:08.884+0000] {logging_mixin.py:188} INFO - [2024-05-27T21:24:08.883+0000] {dag.py:3954} INFO - Setting next_dagrun for tutorial to 2024-05-26 00:00:00+00:00, run_after=2024-05-27 00:00:00+00:00
[2024-05-27T21:24:08.910+0000] {processor.py:183} INFO - Processing /home/airflow/.local/lib/python3.8/site-packages/airflow/example_dags/tutorial.py took 0.092 seconds
[2024-05-27T21:24:39.434+0000] {processor.py:161} INFO - Started process (PID=2605) to work on /home/airflow/.local/lib/python3.8/site-packages/airflow/example_dags/tutorial.py
[2024-05-27T21:24:39.435+0000] {processor.py:830} INFO - Processing file /home/airflow/.local/lib/python3.8/site-packages/airflow/example_dags/tutorial.py for tasks to queue
[2024-05-27T21:24:39.438+0000] {logging_mixin.py:188} INFO - [2024-05-27T21:24:39.438+0000] {dagbag.py:545} INFO - Filling up the DagBag from /home/airflow/.local/lib/python3.8/site-packages/airflow/example_dags/tutorial.py
[2024-05-27T21:24:39.450+0000] {processor.py:840} INFO - DAG(s) 'tutorial' retrieved from /home/airflow/.local/lib/python3.8/site-packages/airflow/example_dags/tutorial.py
[2024-05-27T21:24:39.477+0000] {logging_mixin.py:188} INFO - [2024-05-27T21:24:39.477+0000] {dag.py:3096} INFO - Sync 1 DAGs
[2024-05-27T21:24:39.511+0000] {logging_mixin.py:188} INFO - [2024-05-27T21:24:39.511+0000] {dag.py:3954} INFO - Setting next_dagrun for tutorial to 2024-05-26 00:00:00+00:00, run_after=2024-05-27 00:00:00+00:00
[2024-05-27T21:24:39.537+0000] {processor.py:183} INFO - Processing /home/airflow/.local/lib/python3.8/site-packages/airflow/example_dags/tutorial.py took 0.113 seconds
[2024-05-27T21:25:09.962+0000] {processor.py:161} INFO - Started process (PID=2675) to work on /home/airflow/.local/lib/python3.8/site-packages/airflow/example_dags/tutorial.py
[2024-05-27T21:25:09.964+0000] {processor.py:830} INFO - Processing file /home/airflow/.local/lib/python3.8/site-packages/airflow/example_dags/tutorial.py for tasks to queue
[2024-05-27T21:25:09.967+0000] {logging_mixin.py:188} INFO - [2024-05-27T21:25:09.966+0000] {dagbag.py:545} INFO - Filling up the DagBag from /home/airflow/.local/lib/python3.8/site-packages/airflow/example_dags/tutorial.py
[2024-05-27T21:25:09.977+0000] {processor.py:840} INFO - DAG(s) 'tutorial' retrieved from /home/airflow/.local/lib/python3.8/site-packages/airflow/example_dags/tutorial.py
[2024-05-27T21:25:10.002+0000] {logging_mixin.py:188} INFO - [2024-05-27T21:25:10.002+0000] {dag.py:3096} INFO - Sync 1 DAGs
[2024-05-27T21:25:10.030+0000] {logging_mixin.py:188} INFO - [2024-05-27T21:25:10.030+0000] {dag.py:3954} INFO - Setting next_dagrun for tutorial to 2024-05-26 00:00:00+00:00, run_after=2024-05-27 00:00:00+00:00
[2024-05-27T21:25:10.066+0000] {processor.py:183} INFO - Processing /home/airflow/.local/lib/python3.8/site-packages/airflow/example_dags/tutorial.py took 0.114 seconds
