[2024-05-27T20:50:52.597+0000] {processor.py:161} INFO - Started process (PID=53) to work on /home/airflow/.local/lib/python3.8/site-packages/airflow/example_dags/tutorial_taskflow_api.py
[2024-05-27T20:50:52.599+0000] {processor.py:830} INFO - Processing file /home/airflow/.local/lib/python3.8/site-packages/airflow/example_dags/tutorial_taskflow_api.py for tasks to queue
[2024-05-27T20:50:52.602+0000] {logging_mixin.py:188} INFO - [2024-05-27T20:50:52.602+0000] {dagbag.py:545} INFO - Filling up the DagBag from /home/airflow/.local/lib/python3.8/site-packages/airflow/example_dags/tutorial_taskflow_api.py
[2024-05-27T20:50:52.617+0000] {processor.py:840} INFO - DAG(s) 'tutorial_taskflow_api' retrieved from /home/airflow/.local/lib/python3.8/site-packages/airflow/example_dags/tutorial_taskflow_api.py
[2024-05-27T20:50:52.638+0000] {logging_mixin.py:188} INFO - [2024-05-27T20:50:52.637+0000] {dag.py:3096} INFO - Sync 1 DAGs
[2024-05-27T20:50:52.658+0000] {logging_mixin.py:188} INFO - [2024-05-27T20:50:52.658+0000] {dag.py:3954} INFO - Setting next_dagrun for tutorial_taskflow_api to None, run_after=None
[2024-05-27T20:50:52.683+0000] {processor.py:183} INFO - Processing /home/airflow/.local/lib/python3.8/site-packages/airflow/example_dags/tutorial_taskflow_api.py took 0.118 seconds
[2024-05-27T20:51:23.623+0000] {processor.py:161} INFO - Started process (PID=123) to work on /home/airflow/.local/lib/python3.8/site-packages/airflow/example_dags/tutorial_taskflow_api.py
[2024-05-27T20:51:23.624+0000] {processor.py:830} INFO - Processing file /home/airflow/.local/lib/python3.8/site-packages/airflow/example_dags/tutorial_taskflow_api.py for tasks to queue
[2024-05-27T20:51:23.626+0000] {logging_mixin.py:188} INFO - [2024-05-27T20:51:23.626+0000] {dagbag.py:545} INFO - Filling up the DagBag from /home/airflow/.local/lib/python3.8/site-packages/airflow/example_dags/tutorial_taskflow_api.py
[2024-05-27T20:51:23.637+0000] {processor.py:840} INFO - DAG(s) 'tutorial_taskflow_api' retrieved from /home/airflow/.local/lib/python3.8/site-packages/airflow/example_dags/tutorial_taskflow_api.py
[2024-05-27T20:51:23.730+0000] {logging_mixin.py:188} INFO - [2024-05-27T20:51:23.730+0000] {dag.py:3096} INFO - Sync 1 DAGs
[2024-05-27T20:51:23.741+0000] {logging_mixin.py:188} INFO - [2024-05-27T20:51:23.740+0000] {dag.py:3954} INFO - Setting next_dagrun for tutorial_taskflow_api to None, run_after=None
[2024-05-27T20:51:23.766+0000] {processor.py:183} INFO - Processing /home/airflow/.local/lib/python3.8/site-packages/airflow/example_dags/tutorial_taskflow_api.py took 0.151 seconds
[2024-05-27T20:51:54.118+0000] {processor.py:161} INFO - Started process (PID=200) to work on /home/airflow/.local/lib/python3.8/site-packages/airflow/example_dags/tutorial_taskflow_api.py
[2024-05-27T20:51:54.119+0000] {processor.py:830} INFO - Processing file /home/airflow/.local/lib/python3.8/site-packages/airflow/example_dags/tutorial_taskflow_api.py for tasks to queue
[2024-05-27T20:51:54.121+0000] {logging_mixin.py:188} INFO - [2024-05-27T20:51:54.121+0000] {dagbag.py:545} INFO - Filling up the DagBag from /home/airflow/.local/lib/python3.8/site-packages/airflow/example_dags/tutorial_taskflow_api.py
[2024-05-27T20:51:54.128+0000] {processor.py:840} INFO - DAG(s) 'tutorial_taskflow_api' retrieved from /home/airflow/.local/lib/python3.8/site-packages/airflow/example_dags/tutorial_taskflow_api.py
[2024-05-27T20:51:54.153+0000] {logging_mixin.py:188} INFO - [2024-05-27T20:51:54.153+0000] {dag.py:3096} INFO - Sync 1 DAGs
[2024-05-27T20:51:54.170+0000] {logging_mixin.py:188} INFO - [2024-05-27T20:51:54.169+0000] {dag.py:3954} INFO - Setting next_dagrun for tutorial_taskflow_api to None, run_after=None
[2024-05-27T20:51:54.194+0000] {processor.py:183} INFO - Processing /home/airflow/.local/lib/python3.8/site-packages/airflow/example_dags/tutorial_taskflow_api.py took 0.082 seconds
[2024-05-27T20:52:24.698+0000] {processor.py:161} INFO - Started process (PID=269) to work on /home/airflow/.local/lib/python3.8/site-packages/airflow/example_dags/tutorial_taskflow_api.py
[2024-05-27T20:52:24.699+0000] {processor.py:830} INFO - Processing file /home/airflow/.local/lib/python3.8/site-packages/airflow/example_dags/tutorial_taskflow_api.py for tasks to queue
[2024-05-27T20:52:24.701+0000] {logging_mixin.py:188} INFO - [2024-05-27T20:52:24.701+0000] {dagbag.py:545} INFO - Filling up the DagBag from /home/airflow/.local/lib/python3.8/site-packages/airflow/example_dags/tutorial_taskflow_api.py
[2024-05-27T20:52:24.710+0000] {processor.py:840} INFO - DAG(s) 'tutorial_taskflow_api' retrieved from /home/airflow/.local/lib/python3.8/site-packages/airflow/example_dags/tutorial_taskflow_api.py
[2024-05-27T20:52:24.737+0000] {logging_mixin.py:188} INFO - [2024-05-27T20:52:24.737+0000] {dag.py:3096} INFO - Sync 1 DAGs
[2024-05-27T20:52:24.750+0000] {logging_mixin.py:188} INFO - [2024-05-27T20:52:24.750+0000] {dag.py:3954} INFO - Setting next_dagrun for tutorial_taskflow_api to None, run_after=None
[2024-05-27T20:52:24.776+0000] {processor.py:183} INFO - Processing /home/airflow/.local/lib/python3.8/site-packages/airflow/example_dags/tutorial_taskflow_api.py took 0.084 seconds
[2024-05-27T20:52:55.823+0000] {processor.py:161} INFO - Started process (PID=339) to work on /home/airflow/.local/lib/python3.8/site-packages/airflow/example_dags/tutorial_taskflow_api.py
[2024-05-27T20:52:55.825+0000] {processor.py:830} INFO - Processing file /home/airflow/.local/lib/python3.8/site-packages/airflow/example_dags/tutorial_taskflow_api.py for tasks to queue
[2024-05-27T20:52:55.828+0000] {logging_mixin.py:188} INFO - [2024-05-27T20:52:55.827+0000] {dagbag.py:545} INFO - Filling up the DagBag from /home/airflow/.local/lib/python3.8/site-packages/airflow/example_dags/tutorial_taskflow_api.py
[2024-05-27T20:52:55.836+0000] {processor.py:840} INFO - DAG(s) 'tutorial_taskflow_api' retrieved from /home/airflow/.local/lib/python3.8/site-packages/airflow/example_dags/tutorial_taskflow_api.py
[2024-05-27T20:52:55.857+0000] {logging_mixin.py:188} INFO - [2024-05-27T20:52:55.857+0000] {dag.py:3096} INFO - Sync 1 DAGs
[2024-05-27T20:52:55.870+0000] {logging_mixin.py:188} INFO - [2024-05-27T20:52:55.870+0000] {dag.py:3954} INFO - Setting next_dagrun for tutorial_taskflow_api to None, run_after=None
[2024-05-27T20:52:55.890+0000] {processor.py:183} INFO - Processing /home/airflow/.local/lib/python3.8/site-packages/airflow/example_dags/tutorial_taskflow_api.py took 0.075 seconds
[2024-05-27T20:53:26.845+0000] {processor.py:161} INFO - Started process (PID=416) to work on /home/airflow/.local/lib/python3.8/site-packages/airflow/example_dags/tutorial_taskflow_api.py
[2024-05-27T20:53:26.846+0000] {processor.py:830} INFO - Processing file /home/airflow/.local/lib/python3.8/site-packages/airflow/example_dags/tutorial_taskflow_api.py for tasks to queue
[2024-05-27T20:53:26.848+0000] {logging_mixin.py:188} INFO - [2024-05-27T20:53:26.848+0000] {dagbag.py:545} INFO - Filling up the DagBag from /home/airflow/.local/lib/python3.8/site-packages/airflow/example_dags/tutorial_taskflow_api.py
[2024-05-27T20:53:26.856+0000] {processor.py:840} INFO - DAG(s) 'tutorial_taskflow_api' retrieved from /home/airflow/.local/lib/python3.8/site-packages/airflow/example_dags/tutorial_taskflow_api.py
[2024-05-27T20:53:26.887+0000] {logging_mixin.py:188} INFO - [2024-05-27T20:53:26.886+0000] {dag.py:3096} INFO - Sync 1 DAGs
[2024-05-27T20:53:26.905+0000] {logging_mixin.py:188} INFO - [2024-05-27T20:53:26.904+0000] {dag.py:3954} INFO - Setting next_dagrun for tutorial_taskflow_api to None, run_after=None
[2024-05-27T20:53:26.928+0000] {processor.py:183} INFO - Processing /home/airflow/.local/lib/python3.8/site-packages/airflow/example_dags/tutorial_taskflow_api.py took 0.090 seconds
[2024-05-27T20:53:57.507+0000] {processor.py:161} INFO - Started process (PID=486) to work on /home/airflow/.local/lib/python3.8/site-packages/airflow/example_dags/tutorial_taskflow_api.py
[2024-05-27T20:53:57.508+0000] {processor.py:830} INFO - Processing file /home/airflow/.local/lib/python3.8/site-packages/airflow/example_dags/tutorial_taskflow_api.py for tasks to queue
[2024-05-27T20:53:57.511+0000] {logging_mixin.py:188} INFO - [2024-05-27T20:53:57.510+0000] {dagbag.py:545} INFO - Filling up the DagBag from /home/airflow/.local/lib/python3.8/site-packages/airflow/example_dags/tutorial_taskflow_api.py
[2024-05-27T20:53:57.518+0000] {processor.py:840} INFO - DAG(s) 'tutorial_taskflow_api' retrieved from /home/airflow/.local/lib/python3.8/site-packages/airflow/example_dags/tutorial_taskflow_api.py
[2024-05-27T20:53:57.538+0000] {logging_mixin.py:188} INFO - [2024-05-27T20:53:57.538+0000] {dag.py:3096} INFO - Sync 1 DAGs
[2024-05-27T20:53:57.551+0000] {logging_mixin.py:188} INFO - [2024-05-27T20:53:57.550+0000] {dag.py:3954} INFO - Setting next_dagrun for tutorial_taskflow_api to None, run_after=None
[2024-05-27T20:53:57.571+0000] {processor.py:183} INFO - Processing /home/airflow/.local/lib/python3.8/site-packages/airflow/example_dags/tutorial_taskflow_api.py took 0.070 seconds
[2024-05-27T20:54:28.205+0000] {processor.py:161} INFO - Started process (PID=557) to work on /home/airflow/.local/lib/python3.8/site-packages/airflow/example_dags/tutorial_taskflow_api.py
[2024-05-27T20:54:28.206+0000] {processor.py:830} INFO - Processing file /home/airflow/.local/lib/python3.8/site-packages/airflow/example_dags/tutorial_taskflow_api.py for tasks to queue
[2024-05-27T20:54:28.208+0000] {logging_mixin.py:188} INFO - [2024-05-27T20:54:28.207+0000] {dagbag.py:545} INFO - Filling up the DagBag from /home/airflow/.local/lib/python3.8/site-packages/airflow/example_dags/tutorial_taskflow_api.py
[2024-05-27T20:54:28.215+0000] {processor.py:840} INFO - DAG(s) 'tutorial_taskflow_api' retrieved from /home/airflow/.local/lib/python3.8/site-packages/airflow/example_dags/tutorial_taskflow_api.py
[2024-05-27T20:54:28.237+0000] {logging_mixin.py:188} INFO - [2024-05-27T20:54:28.237+0000] {dag.py:3096} INFO - Sync 1 DAGs
[2024-05-27T20:54:28.254+0000] {logging_mixin.py:188} INFO - [2024-05-27T20:54:28.253+0000] {dag.py:3954} INFO - Setting next_dagrun for tutorial_taskflow_api to None, run_after=None
[2024-05-27T20:54:28.274+0000] {processor.py:183} INFO - Processing /home/airflow/.local/lib/python3.8/site-packages/airflow/example_dags/tutorial_taskflow_api.py took 0.077 seconds
[2024-05-27T20:54:58.709+0000] {processor.py:161} INFO - Started process (PID=634) to work on /home/airflow/.local/lib/python3.8/site-packages/airflow/example_dags/tutorial_taskflow_api.py
[2024-05-27T20:54:58.711+0000] {processor.py:830} INFO - Processing file /home/airflow/.local/lib/python3.8/site-packages/airflow/example_dags/tutorial_taskflow_api.py for tasks to queue
[2024-05-27T20:54:58.713+0000] {logging_mixin.py:188} INFO - [2024-05-27T20:54:58.713+0000] {dagbag.py:545} INFO - Filling up the DagBag from /home/airflow/.local/lib/python3.8/site-packages/airflow/example_dags/tutorial_taskflow_api.py
[2024-05-27T20:54:58.721+0000] {processor.py:840} INFO - DAG(s) 'tutorial_taskflow_api' retrieved from /home/airflow/.local/lib/python3.8/site-packages/airflow/example_dags/tutorial_taskflow_api.py
[2024-05-27T20:54:58.743+0000] {logging_mixin.py:188} INFO - [2024-05-27T20:54:58.743+0000] {dag.py:3096} INFO - Sync 1 DAGs
[2024-05-27T20:54:58.756+0000] {logging_mixin.py:188} INFO - [2024-05-27T20:54:58.756+0000] {dag.py:3954} INFO - Setting next_dagrun for tutorial_taskflow_api to None, run_after=None
[2024-05-27T20:54:58.778+0000] {processor.py:183} INFO - Processing /home/airflow/.local/lib/python3.8/site-packages/airflow/example_dags/tutorial_taskflow_api.py took 0.075 seconds
[2024-05-27T20:57:15.362+0000] {processor.py:161} INFO - Started process (PID=53) to work on /home/airflow/.local/lib/python3.8/site-packages/airflow/example_dags/tutorial_taskflow_api.py
[2024-05-27T20:57:15.363+0000] {processor.py:830} INFO - Processing file /home/airflow/.local/lib/python3.8/site-packages/airflow/example_dags/tutorial_taskflow_api.py for tasks to queue
[2024-05-27T20:57:15.365+0000] {logging_mixin.py:188} INFO - [2024-05-27T20:57:15.365+0000] {dagbag.py:545} INFO - Filling up the DagBag from /home/airflow/.local/lib/python3.8/site-packages/airflow/example_dags/tutorial_taskflow_api.py
[2024-05-27T20:57:15.374+0000] {processor.py:840} INFO - DAG(s) 'tutorial_taskflow_api' retrieved from /home/airflow/.local/lib/python3.8/site-packages/airflow/example_dags/tutorial_taskflow_api.py
[2024-05-27T20:57:15.388+0000] {logging_mixin.py:188} INFO - [2024-05-27T20:57:15.388+0000] {dag.py:3096} INFO - Sync 1 DAGs
[2024-05-27T20:57:15.406+0000] {logging_mixin.py:188} INFO - [2024-05-27T20:57:15.406+0000] {dag.py:3954} INFO - Setting next_dagrun for tutorial_taskflow_api to None, run_after=None
[2024-05-27T20:57:15.429+0000] {processor.py:183} INFO - Processing /home/airflow/.local/lib/python3.8/site-packages/airflow/example_dags/tutorial_taskflow_api.py took 0.076 seconds
[2024-05-27T20:57:46.186+0000] {processor.py:161} INFO - Started process (PID=124) to work on /home/airflow/.local/lib/python3.8/site-packages/airflow/example_dags/tutorial_taskflow_api.py
[2024-05-27T20:57:46.188+0000] {processor.py:830} INFO - Processing file /home/airflow/.local/lib/python3.8/site-packages/airflow/example_dags/tutorial_taskflow_api.py for tasks to queue
[2024-05-27T20:57:46.190+0000] {logging_mixin.py:188} INFO - [2024-05-27T20:57:46.190+0000] {dagbag.py:545} INFO - Filling up the DagBag from /home/airflow/.local/lib/python3.8/site-packages/airflow/example_dags/tutorial_taskflow_api.py
[2024-05-27T20:57:46.197+0000] {processor.py:840} INFO - DAG(s) 'tutorial_taskflow_api' retrieved from /home/airflow/.local/lib/python3.8/site-packages/airflow/example_dags/tutorial_taskflow_api.py
[2024-05-27T20:57:46.289+0000] {logging_mixin.py:188} INFO - [2024-05-27T20:57:46.288+0000] {dag.py:3096} INFO - Sync 1 DAGs
[2024-05-27T20:57:46.301+0000] {logging_mixin.py:188} INFO - [2024-05-27T20:57:46.300+0000] {dag.py:3954} INFO - Setting next_dagrun for tutorial_taskflow_api to None, run_after=None
[2024-05-27T20:57:46.323+0000] {processor.py:183} INFO - Processing /home/airflow/.local/lib/python3.8/site-packages/airflow/example_dags/tutorial_taskflow_api.py took 0.143 seconds
[2024-05-27T20:58:17.105+0000] {processor.py:161} INFO - Started process (PID=202) to work on /home/airflow/.local/lib/python3.8/site-packages/airflow/example_dags/tutorial_taskflow_api.py
[2024-05-27T20:58:17.106+0000] {processor.py:830} INFO - Processing file /home/airflow/.local/lib/python3.8/site-packages/airflow/example_dags/tutorial_taskflow_api.py for tasks to queue
[2024-05-27T20:58:17.109+0000] {logging_mixin.py:188} INFO - [2024-05-27T20:58:17.108+0000] {dagbag.py:545} INFO - Filling up the DagBag from /home/airflow/.local/lib/python3.8/site-packages/airflow/example_dags/tutorial_taskflow_api.py
[2024-05-27T20:58:17.117+0000] {processor.py:840} INFO - DAG(s) 'tutorial_taskflow_api' retrieved from /home/airflow/.local/lib/python3.8/site-packages/airflow/example_dags/tutorial_taskflow_api.py
[2024-05-27T20:58:17.146+0000] {logging_mixin.py:188} INFO - [2024-05-27T20:58:17.146+0000] {dag.py:3096} INFO - Sync 1 DAGs
[2024-05-27T20:58:17.164+0000] {logging_mixin.py:188} INFO - [2024-05-27T20:58:17.164+0000] {dag.py:3954} INFO - Setting next_dagrun for tutorial_taskflow_api to None, run_after=None
[2024-05-27T20:58:17.193+0000] {processor.py:183} INFO - Processing /home/airflow/.local/lib/python3.8/site-packages/airflow/example_dags/tutorial_taskflow_api.py took 0.097 seconds
[2024-05-27T20:58:47.358+0000] {processor.py:161} INFO - Started process (PID=272) to work on /home/airflow/.local/lib/python3.8/site-packages/airflow/example_dags/tutorial_taskflow_api.py
[2024-05-27T20:58:47.360+0000] {processor.py:830} INFO - Processing file /home/airflow/.local/lib/python3.8/site-packages/airflow/example_dags/tutorial_taskflow_api.py for tasks to queue
[2024-05-27T20:58:47.364+0000] {logging_mixin.py:188} INFO - [2024-05-27T20:58:47.364+0000] {dagbag.py:545} INFO - Filling up the DagBag from /home/airflow/.local/lib/python3.8/site-packages/airflow/example_dags/tutorial_taskflow_api.py
[2024-05-27T20:58:47.373+0000] {processor.py:840} INFO - DAG(s) 'tutorial_taskflow_api' retrieved from /home/airflow/.local/lib/python3.8/site-packages/airflow/example_dags/tutorial_taskflow_api.py
[2024-05-27T20:58:47.393+0000] {logging_mixin.py:188} INFO - [2024-05-27T20:58:47.392+0000] {dag.py:3096} INFO - Sync 1 DAGs
[2024-05-27T20:58:47.406+0000] {logging_mixin.py:188} INFO - [2024-05-27T20:58:47.406+0000] {dag.py:3954} INFO - Setting next_dagrun for tutorial_taskflow_api to None, run_after=None
[2024-05-27T20:58:47.426+0000] {processor.py:183} INFO - Processing /home/airflow/.local/lib/python3.8/site-packages/airflow/example_dags/tutorial_taskflow_api.py took 0.074 seconds
[2024-05-27T20:59:18.030+0000] {processor.py:161} INFO - Started process (PID=343) to work on /home/airflow/.local/lib/python3.8/site-packages/airflow/example_dags/tutorial_taskflow_api.py
[2024-05-27T20:59:18.032+0000] {processor.py:830} INFO - Processing file /home/airflow/.local/lib/python3.8/site-packages/airflow/example_dags/tutorial_taskflow_api.py for tasks to queue
[2024-05-27T20:59:18.037+0000] {logging_mixin.py:188} INFO - [2024-05-27T20:59:18.036+0000] {dagbag.py:545} INFO - Filling up the DagBag from /home/airflow/.local/lib/python3.8/site-packages/airflow/example_dags/tutorial_taskflow_api.py
[2024-05-27T20:59:18.046+0000] {processor.py:840} INFO - DAG(s) 'tutorial_taskflow_api' retrieved from /home/airflow/.local/lib/python3.8/site-packages/airflow/example_dags/tutorial_taskflow_api.py
[2024-05-27T20:59:18.073+0000] {logging_mixin.py:188} INFO - [2024-05-27T20:59:18.072+0000] {dag.py:3096} INFO - Sync 1 DAGs
[2024-05-27T20:59:18.089+0000] {logging_mixin.py:188} INFO - [2024-05-27T20:59:18.088+0000] {dag.py:3954} INFO - Setting next_dagrun for tutorial_taskflow_api to None, run_after=None
[2024-05-27T20:59:18.114+0000] {processor.py:183} INFO - Processing /home/airflow/.local/lib/python3.8/site-packages/airflow/example_dags/tutorial_taskflow_api.py took 0.091 seconds
[2024-05-27T20:59:48.500+0000] {processor.py:161} INFO - Started process (PID=421) to work on /home/airflow/.local/lib/python3.8/site-packages/airflow/example_dags/tutorial_taskflow_api.py
[2024-05-27T20:59:48.501+0000] {processor.py:830} INFO - Processing file /home/airflow/.local/lib/python3.8/site-packages/airflow/example_dags/tutorial_taskflow_api.py for tasks to queue
[2024-05-27T20:59:48.503+0000] {logging_mixin.py:188} INFO - [2024-05-27T20:59:48.503+0000] {dagbag.py:545} INFO - Filling up the DagBag from /home/airflow/.local/lib/python3.8/site-packages/airflow/example_dags/tutorial_taskflow_api.py
[2024-05-27T20:59:48.511+0000] {processor.py:840} INFO - DAG(s) 'tutorial_taskflow_api' retrieved from /home/airflow/.local/lib/python3.8/site-packages/airflow/example_dags/tutorial_taskflow_api.py
[2024-05-27T20:59:48.536+0000] {logging_mixin.py:188} INFO - [2024-05-27T20:59:48.535+0000] {dag.py:3096} INFO - Sync 1 DAGs
[2024-05-27T20:59:48.552+0000] {logging_mixin.py:188} INFO - [2024-05-27T20:59:48.552+0000] {dag.py:3954} INFO - Setting next_dagrun for tutorial_taskflow_api to None, run_after=None
[2024-05-27T20:59:48.578+0000] {processor.py:183} INFO - Processing /home/airflow/.local/lib/python3.8/site-packages/airflow/example_dags/tutorial_taskflow_api.py took 0.086 seconds
[2024-05-27T21:00:18.938+0000] {processor.py:161} INFO - Started process (PID=491) to work on /home/airflow/.local/lib/python3.8/site-packages/airflow/example_dags/tutorial_taskflow_api.py
[2024-05-27T21:00:18.939+0000] {processor.py:830} INFO - Processing file /home/airflow/.local/lib/python3.8/site-packages/airflow/example_dags/tutorial_taskflow_api.py for tasks to queue
[2024-05-27T21:00:18.941+0000] {logging_mixin.py:188} INFO - [2024-05-27T21:00:18.941+0000] {dagbag.py:545} INFO - Filling up the DagBag from /home/airflow/.local/lib/python3.8/site-packages/airflow/example_dags/tutorial_taskflow_api.py
[2024-05-27T21:00:18.948+0000] {processor.py:840} INFO - DAG(s) 'tutorial_taskflow_api' retrieved from /home/airflow/.local/lib/python3.8/site-packages/airflow/example_dags/tutorial_taskflow_api.py
[2024-05-27T21:00:18.969+0000] {logging_mixin.py:188} INFO - [2024-05-27T21:00:18.969+0000] {dag.py:3096} INFO - Sync 1 DAGs
[2024-05-27T21:00:18.981+0000] {logging_mixin.py:188} INFO - [2024-05-27T21:00:18.981+0000] {dag.py:3954} INFO - Setting next_dagrun for tutorial_taskflow_api to None, run_after=None
[2024-05-27T21:00:19.003+0000] {processor.py:183} INFO - Processing /home/airflow/.local/lib/python3.8/site-packages/airflow/example_dags/tutorial_taskflow_api.py took 0.071 seconds
[2024-05-27T21:00:49.300+0000] {processor.py:161} INFO - Started process (PID=561) to work on /home/airflow/.local/lib/python3.8/site-packages/airflow/example_dags/tutorial_taskflow_api.py
[2024-05-27T21:00:49.301+0000] {processor.py:830} INFO - Processing file /home/airflow/.local/lib/python3.8/site-packages/airflow/example_dags/tutorial_taskflow_api.py for tasks to queue
[2024-05-27T21:00:49.304+0000] {logging_mixin.py:188} INFO - [2024-05-27T21:00:49.303+0000] {dagbag.py:545} INFO - Filling up the DagBag from /home/airflow/.local/lib/python3.8/site-packages/airflow/example_dags/tutorial_taskflow_api.py
[2024-05-27T21:00:49.310+0000] {processor.py:840} INFO - DAG(s) 'tutorial_taskflow_api' retrieved from /home/airflow/.local/lib/python3.8/site-packages/airflow/example_dags/tutorial_taskflow_api.py
[2024-05-27T21:00:49.331+0000] {logging_mixin.py:188} INFO - [2024-05-27T21:00:49.331+0000] {dag.py:3096} INFO - Sync 1 DAGs
[2024-05-27T21:00:49.344+0000] {logging_mixin.py:188} INFO - [2024-05-27T21:00:49.343+0000] {dag.py:3954} INFO - Setting next_dagrun for tutorial_taskflow_api to None, run_after=None
[2024-05-27T21:00:49.362+0000] {processor.py:183} INFO - Processing /home/airflow/.local/lib/python3.8/site-packages/airflow/example_dags/tutorial_taskflow_api.py took 0.068 seconds
[2024-05-27T21:01:19.839+0000] {processor.py:161} INFO - Started process (PID=639) to work on /home/airflow/.local/lib/python3.8/site-packages/airflow/example_dags/tutorial_taskflow_api.py
[2024-05-27T21:01:19.840+0000] {processor.py:830} INFO - Processing file /home/airflow/.local/lib/python3.8/site-packages/airflow/example_dags/tutorial_taskflow_api.py for tasks to queue
[2024-05-27T21:01:19.843+0000] {logging_mixin.py:188} INFO - [2024-05-27T21:01:19.842+0000] {dagbag.py:545} INFO - Filling up the DagBag from /home/airflow/.local/lib/python3.8/site-packages/airflow/example_dags/tutorial_taskflow_api.py
[2024-05-27T21:01:19.849+0000] {processor.py:840} INFO - DAG(s) 'tutorial_taskflow_api' retrieved from /home/airflow/.local/lib/python3.8/site-packages/airflow/example_dags/tutorial_taskflow_api.py
[2024-05-27T21:01:19.872+0000] {logging_mixin.py:188} INFO - [2024-05-27T21:01:19.872+0000] {dag.py:3096} INFO - Sync 1 DAGs
[2024-05-27T21:01:19.884+0000] {logging_mixin.py:188} INFO - [2024-05-27T21:01:19.884+0000] {dag.py:3954} INFO - Setting next_dagrun for tutorial_taskflow_api to None, run_after=None
[2024-05-27T21:01:19.906+0000] {processor.py:183} INFO - Processing /home/airflow/.local/lib/python3.8/site-packages/airflow/example_dags/tutorial_taskflow_api.py took 0.074 seconds
[2024-05-27T21:01:50.484+0000] {processor.py:161} INFO - Started process (PID=709) to work on /home/airflow/.local/lib/python3.8/site-packages/airflow/example_dags/tutorial_taskflow_api.py
[2024-05-27T21:01:50.485+0000] {processor.py:830} INFO - Processing file /home/airflow/.local/lib/python3.8/site-packages/airflow/example_dags/tutorial_taskflow_api.py for tasks to queue
[2024-05-27T21:01:50.488+0000] {logging_mixin.py:188} INFO - [2024-05-27T21:01:50.488+0000] {dagbag.py:545} INFO - Filling up the DagBag from /home/airflow/.local/lib/python3.8/site-packages/airflow/example_dags/tutorial_taskflow_api.py
[2024-05-27T21:01:50.495+0000] {processor.py:840} INFO - DAG(s) 'tutorial_taskflow_api' retrieved from /home/airflow/.local/lib/python3.8/site-packages/airflow/example_dags/tutorial_taskflow_api.py
[2024-05-27T21:01:50.526+0000] {logging_mixin.py:188} INFO - [2024-05-27T21:01:50.525+0000] {dag.py:3096} INFO - Sync 1 DAGs
[2024-05-27T21:01:50.548+0000] {logging_mixin.py:188} INFO - [2024-05-27T21:01:50.547+0000] {dag.py:3954} INFO - Setting next_dagrun for tutorial_taskflow_api to None, run_after=None
[2024-05-27T21:01:50.587+0000] {processor.py:183} INFO - Processing /home/airflow/.local/lib/python3.8/site-packages/airflow/example_dags/tutorial_taskflow_api.py took 0.113 seconds
[2024-05-27T21:06:40.814+0000] {processor.py:161} INFO - Started process (PID=61) to work on /home/airflow/.local/lib/python3.8/site-packages/airflow/example_dags/tutorial_taskflow_api.py
[2024-05-27T21:06:40.819+0000] {processor.py:830} INFO - Processing file /home/airflow/.local/lib/python3.8/site-packages/airflow/example_dags/tutorial_taskflow_api.py for tasks to queue
[2024-05-27T21:06:40.822+0000] {logging_mixin.py:188} INFO - [2024-05-27T21:06:40.821+0000] {dagbag.py:545} INFO - Filling up the DagBag from /home/airflow/.local/lib/python3.8/site-packages/airflow/example_dags/tutorial_taskflow_api.py
[2024-05-27T21:06:40.846+0000] {processor.py:840} INFO - DAG(s) 'tutorial_taskflow_api' retrieved from /home/airflow/.local/lib/python3.8/site-packages/airflow/example_dags/tutorial_taskflow_api.py
[2024-05-27T21:06:41.107+0000] {logging_mixin.py:188} INFO - [2024-05-27T21:06:41.107+0000] {dag.py:3096} INFO - Sync 1 DAGs
[2024-05-27T21:06:41.137+0000] {logging_mixin.py:188} INFO - [2024-05-27T21:06:41.137+0000] {dag.py:3954} INFO - Setting next_dagrun for tutorial_taskflow_api to None, run_after=None
[2024-05-27T21:06:41.207+0000] {processor.py:183} INFO - Processing /home/airflow/.local/lib/python3.8/site-packages/airflow/example_dags/tutorial_taskflow_api.py took 0.417 seconds
[2024-05-27T21:07:12.060+0000] {processor.py:161} INFO - Started process (PID=131) to work on /home/airflow/.local/lib/python3.8/site-packages/airflow/example_dags/tutorial_taskflow_api.py
[2024-05-27T21:07:12.064+0000] {processor.py:830} INFO - Processing file /home/airflow/.local/lib/python3.8/site-packages/airflow/example_dags/tutorial_taskflow_api.py for tasks to queue
[2024-05-27T21:07:12.070+0000] {logging_mixin.py:188} INFO - [2024-05-27T21:07:12.068+0000] {dagbag.py:545} INFO - Filling up the DagBag from /home/airflow/.local/lib/python3.8/site-packages/airflow/example_dags/tutorial_taskflow_api.py
[2024-05-27T21:07:12.092+0000] {processor.py:840} INFO - DAG(s) 'tutorial_taskflow_api' retrieved from /home/airflow/.local/lib/python3.8/site-packages/airflow/example_dags/tutorial_taskflow_api.py
[2024-05-27T21:07:12.162+0000] {logging_mixin.py:188} INFO - [2024-05-27T21:07:12.158+0000] {dag.py:3096} INFO - Sync 1 DAGs
[2024-05-27T21:07:12.203+0000] {logging_mixin.py:188} INFO - [2024-05-27T21:07:12.203+0000] {dag.py:3954} INFO - Setting next_dagrun for tutorial_taskflow_api to None, run_after=None
[2024-05-27T21:07:12.279+0000] {processor.py:183} INFO - Processing /home/airflow/.local/lib/python3.8/site-packages/airflow/example_dags/tutorial_taskflow_api.py took 0.239 seconds
[2024-05-27T21:07:43.116+0000] {processor.py:161} INFO - Started process (PID=201) to work on /home/airflow/.local/lib/python3.8/site-packages/airflow/example_dags/tutorial_taskflow_api.py
[2024-05-27T21:07:43.125+0000] {processor.py:830} INFO - Processing file /home/airflow/.local/lib/python3.8/site-packages/airflow/example_dags/tutorial_taskflow_api.py for tasks to queue
[2024-05-27T21:07:43.131+0000] {logging_mixin.py:188} INFO - [2024-05-27T21:07:43.130+0000] {dagbag.py:545} INFO - Filling up the DagBag from /home/airflow/.local/lib/python3.8/site-packages/airflow/example_dags/tutorial_taskflow_api.py
[2024-05-27T21:07:43.152+0000] {processor.py:840} INFO - DAG(s) 'tutorial_taskflow_api' retrieved from /home/airflow/.local/lib/python3.8/site-packages/airflow/example_dags/tutorial_taskflow_api.py
[2024-05-27T21:07:43.210+0000] {logging_mixin.py:188} INFO - [2024-05-27T21:07:43.209+0000] {dag.py:3096} INFO - Sync 1 DAGs
[2024-05-27T21:07:43.249+0000] {logging_mixin.py:188} INFO - [2024-05-27T21:07:43.249+0000] {dag.py:3954} INFO - Setting next_dagrun for tutorial_taskflow_api to None, run_after=None
[2024-05-27T21:07:43.322+0000] {processor.py:183} INFO - Processing /home/airflow/.local/lib/python3.8/site-packages/airflow/example_dags/tutorial_taskflow_api.py took 0.227 seconds
[2024-05-27T21:08:13.592+0000] {processor.py:161} INFO - Started process (PID=270) to work on /home/airflow/.local/lib/python3.8/site-packages/airflow/example_dags/tutorial_taskflow_api.py
[2024-05-27T21:08:13.596+0000] {processor.py:830} INFO - Processing file /home/airflow/.local/lib/python3.8/site-packages/airflow/example_dags/tutorial_taskflow_api.py for tasks to queue
[2024-05-27T21:08:13.600+0000] {logging_mixin.py:188} INFO - [2024-05-27T21:08:13.599+0000] {dagbag.py:545} INFO - Filling up the DagBag from /home/airflow/.local/lib/python3.8/site-packages/airflow/example_dags/tutorial_taskflow_api.py
[2024-05-27T21:08:13.623+0000] {processor.py:840} INFO - DAG(s) 'tutorial_taskflow_api' retrieved from /home/airflow/.local/lib/python3.8/site-packages/airflow/example_dags/tutorial_taskflow_api.py
[2024-05-27T21:08:13.697+0000] {logging_mixin.py:188} INFO - [2024-05-27T21:08:13.697+0000] {dag.py:3096} INFO - Sync 1 DAGs
[2024-05-27T21:08:13.728+0000] {logging_mixin.py:188} INFO - [2024-05-27T21:08:13.728+0000] {dag.py:3954} INFO - Setting next_dagrun for tutorial_taskflow_api to None, run_after=None
[2024-05-27T21:08:13.772+0000] {processor.py:183} INFO - Processing /home/airflow/.local/lib/python3.8/site-packages/airflow/example_dags/tutorial_taskflow_api.py took 0.195 seconds
[2024-05-27T21:08:45.112+0000] {processor.py:161} INFO - Started process (PID=340) to work on /home/airflow/.local/lib/python3.8/site-packages/airflow/example_dags/tutorial_taskflow_api.py
[2024-05-27T21:08:45.114+0000] {processor.py:830} INFO - Processing file /home/airflow/.local/lib/python3.8/site-packages/airflow/example_dags/tutorial_taskflow_api.py for tasks to queue
[2024-05-27T21:08:45.126+0000] {logging_mixin.py:188} INFO - [2024-05-27T21:08:45.125+0000] {dagbag.py:545} INFO - Filling up the DagBag from /home/airflow/.local/lib/python3.8/site-packages/airflow/example_dags/tutorial_taskflow_api.py
[2024-05-27T21:08:45.139+0000] {processor.py:840} INFO - DAG(s) 'tutorial_taskflow_api' retrieved from /home/airflow/.local/lib/python3.8/site-packages/airflow/example_dags/tutorial_taskflow_api.py
[2024-05-27T21:08:45.201+0000] {logging_mixin.py:188} INFO - [2024-05-27T21:08:45.201+0000] {dag.py:3096} INFO - Sync 1 DAGs
[2024-05-27T21:08:45.241+0000] {logging_mixin.py:188} INFO - [2024-05-27T21:08:45.241+0000] {dag.py:3954} INFO - Setting next_dagrun for tutorial_taskflow_api to None, run_after=None
[2024-05-27T21:08:45.308+0000] {processor.py:183} INFO - Processing /home/airflow/.local/lib/python3.8/site-packages/airflow/example_dags/tutorial_taskflow_api.py took 0.209 seconds
[2024-05-27T21:09:16.213+0000] {processor.py:161} INFO - Started process (PID=411) to work on /home/airflow/.local/lib/python3.8/site-packages/airflow/example_dags/tutorial_taskflow_api.py
[2024-05-27T21:09:16.215+0000] {processor.py:830} INFO - Processing file /home/airflow/.local/lib/python3.8/site-packages/airflow/example_dags/tutorial_taskflow_api.py for tasks to queue
[2024-05-27T21:09:16.222+0000] {logging_mixin.py:188} INFO - [2024-05-27T21:09:16.221+0000] {dagbag.py:545} INFO - Filling up the DagBag from /home/airflow/.local/lib/python3.8/site-packages/airflow/example_dags/tutorial_taskflow_api.py
[2024-05-27T21:09:16.239+0000] {processor.py:840} INFO - DAG(s) 'tutorial_taskflow_api' retrieved from /home/airflow/.local/lib/python3.8/site-packages/airflow/example_dags/tutorial_taskflow_api.py
[2024-05-27T21:09:16.295+0000] {logging_mixin.py:188} INFO - [2024-05-27T21:09:16.294+0000] {dag.py:3096} INFO - Sync 1 DAGs
[2024-05-27T21:09:16.321+0000] {logging_mixin.py:188} INFO - [2024-05-27T21:09:16.320+0000] {dag.py:3954} INFO - Setting next_dagrun for tutorial_taskflow_api to None, run_after=None
[2024-05-27T21:09:16.374+0000] {processor.py:183} INFO - Processing /home/airflow/.local/lib/python3.8/site-packages/airflow/example_dags/tutorial_taskflow_api.py took 0.179 seconds
[2024-05-27T21:09:46.951+0000] {processor.py:161} INFO - Started process (PID=480) to work on /home/airflow/.local/lib/python3.8/site-packages/airflow/example_dags/tutorial_taskflow_api.py
[2024-05-27T21:09:46.953+0000] {processor.py:830} INFO - Processing file /home/airflow/.local/lib/python3.8/site-packages/airflow/example_dags/tutorial_taskflow_api.py for tasks to queue
[2024-05-27T21:09:46.963+0000] {logging_mixin.py:188} INFO - [2024-05-27T21:09:46.962+0000] {dagbag.py:545} INFO - Filling up the DagBag from /home/airflow/.local/lib/python3.8/site-packages/airflow/example_dags/tutorial_taskflow_api.py
[2024-05-27T21:09:46.978+0000] {processor.py:840} INFO - DAG(s) 'tutorial_taskflow_api' retrieved from /home/airflow/.local/lib/python3.8/site-packages/airflow/example_dags/tutorial_taskflow_api.py
[2024-05-27T21:09:47.045+0000] {logging_mixin.py:188} INFO - [2024-05-27T21:09:47.042+0000] {dag.py:3096} INFO - Sync 1 DAGs
[2024-05-27T21:09:47.080+0000] {logging_mixin.py:188} INFO - [2024-05-27T21:09:47.080+0000] {dag.py:3954} INFO - Setting next_dagrun for tutorial_taskflow_api to None, run_after=None
[2024-05-27T21:09:47.148+0000] {processor.py:183} INFO - Processing /home/airflow/.local/lib/python3.8/site-packages/airflow/example_dags/tutorial_taskflow_api.py took 0.210 seconds
[2024-05-27T21:10:17.656+0000] {processor.py:161} INFO - Started process (PID=550) to work on /home/airflow/.local/lib/python3.8/site-packages/airflow/example_dags/tutorial_taskflow_api.py
[2024-05-27T21:10:17.657+0000] {processor.py:830} INFO - Processing file /home/airflow/.local/lib/python3.8/site-packages/airflow/example_dags/tutorial_taskflow_api.py for tasks to queue
[2024-05-27T21:10:17.664+0000] {logging_mixin.py:188} INFO - [2024-05-27T21:10:17.662+0000] {dagbag.py:545} INFO - Filling up the DagBag from /home/airflow/.local/lib/python3.8/site-packages/airflow/example_dags/tutorial_taskflow_api.py
[2024-05-27T21:10:17.680+0000] {processor.py:840} INFO - DAG(s) 'tutorial_taskflow_api' retrieved from /home/airflow/.local/lib/python3.8/site-packages/airflow/example_dags/tutorial_taskflow_api.py
[2024-05-27T21:10:17.724+0000] {logging_mixin.py:188} INFO - [2024-05-27T21:10:17.723+0000] {dag.py:3096} INFO - Sync 1 DAGs
[2024-05-27T21:10:17.755+0000] {logging_mixin.py:188} INFO - [2024-05-27T21:10:17.754+0000] {dag.py:3954} INFO - Setting next_dagrun for tutorial_taskflow_api to None, run_after=None
[2024-05-27T21:10:17.827+0000] {processor.py:183} INFO - Processing /home/airflow/.local/lib/python3.8/site-packages/airflow/example_dags/tutorial_taskflow_api.py took 0.189 seconds
[2024-05-27T21:10:48.326+0000] {processor.py:161} INFO - Started process (PID=613) to work on /home/airflow/.local/lib/python3.8/site-packages/airflow/example_dags/tutorial_taskflow_api.py
[2024-05-27T21:10:48.328+0000] {processor.py:830} INFO - Processing file /home/airflow/.local/lib/python3.8/site-packages/airflow/example_dags/tutorial_taskflow_api.py for tasks to queue
[2024-05-27T21:10:48.330+0000] {logging_mixin.py:188} INFO - [2024-05-27T21:10:48.330+0000] {dagbag.py:545} INFO - Filling up the DagBag from /home/airflow/.local/lib/python3.8/site-packages/airflow/example_dags/tutorial_taskflow_api.py
[2024-05-27T21:10:48.338+0000] {processor.py:840} INFO - DAG(s) 'tutorial_taskflow_api' retrieved from /home/airflow/.local/lib/python3.8/site-packages/airflow/example_dags/tutorial_taskflow_api.py
[2024-05-27T21:10:48.365+0000] {logging_mixin.py:188} INFO - [2024-05-27T21:10:48.364+0000] {dag.py:3096} INFO - Sync 1 DAGs
[2024-05-27T21:10:48.391+0000] {logging_mixin.py:188} INFO - [2024-05-27T21:10:48.391+0000] {dag.py:3954} INFO - Setting next_dagrun for tutorial_taskflow_api to None, run_after=None
[2024-05-27T21:10:48.421+0000] {processor.py:183} INFO - Processing /home/airflow/.local/lib/python3.8/site-packages/airflow/example_dags/tutorial_taskflow_api.py took 0.110 seconds
[2024-05-27T21:11:19.107+0000] {processor.py:161} INFO - Started process (PID=690) to work on /home/airflow/.local/lib/python3.8/site-packages/airflow/example_dags/tutorial_taskflow_api.py
[2024-05-27T21:11:19.109+0000] {processor.py:830} INFO - Processing file /home/airflow/.local/lib/python3.8/site-packages/airflow/example_dags/tutorial_taskflow_api.py for tasks to queue
[2024-05-27T21:11:19.112+0000] {logging_mixin.py:188} INFO - [2024-05-27T21:11:19.111+0000] {dagbag.py:545} INFO - Filling up the DagBag from /home/airflow/.local/lib/python3.8/site-packages/airflow/example_dags/tutorial_taskflow_api.py
[2024-05-27T21:11:19.125+0000] {processor.py:840} INFO - DAG(s) 'tutorial_taskflow_api' retrieved from /home/airflow/.local/lib/python3.8/site-packages/airflow/example_dags/tutorial_taskflow_api.py
[2024-05-27T21:11:19.159+0000] {logging_mixin.py:188} INFO - [2024-05-27T21:11:19.159+0000] {dag.py:3096} INFO - Sync 1 DAGs
[2024-05-27T21:11:19.180+0000] {logging_mixin.py:188} INFO - [2024-05-27T21:11:19.179+0000] {dag.py:3954} INFO - Setting next_dagrun for tutorial_taskflow_api to None, run_after=None
[2024-05-27T21:11:19.217+0000] {processor.py:183} INFO - Processing /home/airflow/.local/lib/python3.8/site-packages/airflow/example_dags/tutorial_taskflow_api.py took 0.121 seconds
[2024-05-27T21:11:49.477+0000] {processor.py:161} INFO - Started process (PID=760) to work on /home/airflow/.local/lib/python3.8/site-packages/airflow/example_dags/tutorial_taskflow_api.py
[2024-05-27T21:11:49.482+0000] {processor.py:830} INFO - Processing file /home/airflow/.local/lib/python3.8/site-packages/airflow/example_dags/tutorial_taskflow_api.py for tasks to queue
[2024-05-27T21:11:49.486+0000] {logging_mixin.py:188} INFO - [2024-05-27T21:11:49.485+0000] {dagbag.py:545} INFO - Filling up the DagBag from /home/airflow/.local/lib/python3.8/site-packages/airflow/example_dags/tutorial_taskflow_api.py
[2024-05-27T21:11:49.500+0000] {processor.py:840} INFO - DAG(s) 'tutorial_taskflow_api' retrieved from /home/airflow/.local/lib/python3.8/site-packages/airflow/example_dags/tutorial_taskflow_api.py
[2024-05-27T21:11:49.555+0000] {logging_mixin.py:188} INFO - [2024-05-27T21:11:49.554+0000] {dag.py:3096} INFO - Sync 1 DAGs
[2024-05-27T21:11:49.617+0000] {logging_mixin.py:188} INFO - [2024-05-27T21:11:49.616+0000] {dag.py:3954} INFO - Setting next_dagrun for tutorial_taskflow_api to None, run_after=None
[2024-05-27T21:11:49.669+0000] {processor.py:183} INFO - Processing /home/airflow/.local/lib/python3.8/site-packages/airflow/example_dags/tutorial_taskflow_api.py took 0.212 seconds
[2024-05-27T21:12:19.732+0000] {processor.py:161} INFO - Started process (PID=830) to work on /home/airflow/.local/lib/python3.8/site-packages/airflow/example_dags/tutorial_taskflow_api.py
[2024-05-27T21:12:19.734+0000] {processor.py:830} INFO - Processing file /home/airflow/.local/lib/python3.8/site-packages/airflow/example_dags/tutorial_taskflow_api.py for tasks to queue
[2024-05-27T21:12:19.736+0000] {logging_mixin.py:188} INFO - [2024-05-27T21:12:19.735+0000] {dagbag.py:545} INFO - Filling up the DagBag from /home/airflow/.local/lib/python3.8/site-packages/airflow/example_dags/tutorial_taskflow_api.py
[2024-05-27T21:12:19.745+0000] {processor.py:840} INFO - DAG(s) 'tutorial_taskflow_api' retrieved from /home/airflow/.local/lib/python3.8/site-packages/airflow/example_dags/tutorial_taskflow_api.py
[2024-05-27T21:12:19.767+0000] {logging_mixin.py:188} INFO - [2024-05-27T21:12:19.767+0000] {dag.py:3096} INFO - Sync 1 DAGs
[2024-05-27T21:12:19.781+0000] {logging_mixin.py:188} INFO - [2024-05-27T21:12:19.781+0000] {dag.py:3954} INFO - Setting next_dagrun for tutorial_taskflow_api to None, run_after=None
[2024-05-27T21:12:19.803+0000] {processor.py:183} INFO - Processing /home/airflow/.local/lib/python3.8/site-packages/airflow/example_dags/tutorial_taskflow_api.py took 0.077 seconds
[2024-05-27T21:12:50.606+0000] {processor.py:161} INFO - Started process (PID=901) to work on /home/airflow/.local/lib/python3.8/site-packages/airflow/example_dags/tutorial_taskflow_api.py
[2024-05-27T21:12:50.607+0000] {processor.py:830} INFO - Processing file /home/airflow/.local/lib/python3.8/site-packages/airflow/example_dags/tutorial_taskflow_api.py for tasks to queue
[2024-05-27T21:12:50.610+0000] {logging_mixin.py:188} INFO - [2024-05-27T21:12:50.609+0000] {dagbag.py:545} INFO - Filling up the DagBag from /home/airflow/.local/lib/python3.8/site-packages/airflow/example_dags/tutorial_taskflow_api.py
[2024-05-27T21:12:50.616+0000] {processor.py:840} INFO - DAG(s) 'tutorial_taskflow_api' retrieved from /home/airflow/.local/lib/python3.8/site-packages/airflow/example_dags/tutorial_taskflow_api.py
[2024-05-27T21:12:50.640+0000] {logging_mixin.py:188} INFO - [2024-05-27T21:12:50.640+0000] {dag.py:3096} INFO - Sync 1 DAGs
[2024-05-27T21:12:50.653+0000] {logging_mixin.py:188} INFO - [2024-05-27T21:12:50.652+0000] {dag.py:3954} INFO - Setting next_dagrun for tutorial_taskflow_api to None, run_after=None
[2024-05-27T21:12:50.678+0000] {processor.py:183} INFO - Processing /home/airflow/.local/lib/python3.8/site-packages/airflow/example_dags/tutorial_taskflow_api.py took 0.079 seconds
[2024-05-27T21:13:21.442+0000] {processor.py:161} INFO - Started process (PID=971) to work on /home/airflow/.local/lib/python3.8/site-packages/airflow/example_dags/tutorial_taskflow_api.py
[2024-05-27T21:13:21.444+0000] {processor.py:830} INFO - Processing file /home/airflow/.local/lib/python3.8/site-packages/airflow/example_dags/tutorial_taskflow_api.py for tasks to queue
[2024-05-27T21:13:21.446+0000] {logging_mixin.py:188} INFO - [2024-05-27T21:13:21.445+0000] {dagbag.py:545} INFO - Filling up the DagBag from /home/airflow/.local/lib/python3.8/site-packages/airflow/example_dags/tutorial_taskflow_api.py
[2024-05-27T21:13:21.453+0000] {processor.py:840} INFO - DAG(s) 'tutorial_taskflow_api' retrieved from /home/airflow/.local/lib/python3.8/site-packages/airflow/example_dags/tutorial_taskflow_api.py
[2024-05-27T21:13:21.477+0000] {logging_mixin.py:188} INFO - [2024-05-27T21:13:21.476+0000] {dag.py:3096} INFO - Sync 1 DAGs
[2024-05-27T21:13:21.490+0000] {logging_mixin.py:188} INFO - [2024-05-27T21:13:21.489+0000] {dag.py:3954} INFO - Setting next_dagrun for tutorial_taskflow_api to None, run_after=None
[2024-05-27T21:13:21.516+0000] {processor.py:183} INFO - Processing /home/airflow/.local/lib/python3.8/site-packages/airflow/example_dags/tutorial_taskflow_api.py took 0.082 seconds
[2024-05-27T21:13:51.964+0000] {processor.py:161} INFO - Started process (PID=1048) to work on /home/airflow/.local/lib/python3.8/site-packages/airflow/example_dags/tutorial_taskflow_api.py
[2024-05-27T21:13:51.966+0000] {processor.py:830} INFO - Processing file /home/airflow/.local/lib/python3.8/site-packages/airflow/example_dags/tutorial_taskflow_api.py for tasks to queue
[2024-05-27T21:13:51.969+0000] {logging_mixin.py:188} INFO - [2024-05-27T21:13:51.968+0000] {dagbag.py:545} INFO - Filling up the DagBag from /home/airflow/.local/lib/python3.8/site-packages/airflow/example_dags/tutorial_taskflow_api.py
[2024-05-27T21:13:51.975+0000] {processor.py:840} INFO - DAG(s) 'tutorial_taskflow_api' retrieved from /home/airflow/.local/lib/python3.8/site-packages/airflow/example_dags/tutorial_taskflow_api.py
[2024-05-27T21:13:52.003+0000] {logging_mixin.py:188} INFO - [2024-05-27T21:13:52.002+0000] {dag.py:3096} INFO - Sync 1 DAGs
[2024-05-27T21:13:52.019+0000] {logging_mixin.py:188} INFO - [2024-05-27T21:13:52.018+0000] {dag.py:3954} INFO - Setting next_dagrun for tutorial_taskflow_api to None, run_after=None
[2024-05-27T21:13:52.041+0000] {processor.py:183} INFO - Processing /home/airflow/.local/lib/python3.8/site-packages/airflow/example_dags/tutorial_taskflow_api.py took 0.086 seconds
[2024-05-27T21:14:22.327+0000] {processor.py:161} INFO - Started process (PID=1117) to work on /home/airflow/.local/lib/python3.8/site-packages/airflow/example_dags/tutorial_taskflow_api.py
[2024-05-27T21:14:22.328+0000] {processor.py:830} INFO - Processing file /home/airflow/.local/lib/python3.8/site-packages/airflow/example_dags/tutorial_taskflow_api.py for tasks to queue
[2024-05-27T21:14:22.330+0000] {logging_mixin.py:188} INFO - [2024-05-27T21:14:22.329+0000] {dagbag.py:545} INFO - Filling up the DagBag from /home/airflow/.local/lib/python3.8/site-packages/airflow/example_dags/tutorial_taskflow_api.py
[2024-05-27T21:14:22.335+0000] {processor.py:840} INFO - DAG(s) 'tutorial_taskflow_api' retrieved from /home/airflow/.local/lib/python3.8/site-packages/airflow/example_dags/tutorial_taskflow_api.py
[2024-05-27T21:14:22.357+0000] {logging_mixin.py:188} INFO - [2024-05-27T21:14:22.357+0000] {dag.py:3096} INFO - Sync 1 DAGs
[2024-05-27T21:14:22.369+0000] {logging_mixin.py:188} INFO - [2024-05-27T21:14:22.368+0000] {dag.py:3954} INFO - Setting next_dagrun for tutorial_taskflow_api to None, run_after=None
[2024-05-27T21:14:22.386+0000] {processor.py:183} INFO - Processing /home/airflow/.local/lib/python3.8/site-packages/airflow/example_dags/tutorial_taskflow_api.py took 0.065 seconds
[2024-05-27T21:14:52.827+0000] {processor.py:161} INFO - Started process (PID=1187) to work on /home/airflow/.local/lib/python3.8/site-packages/airflow/example_dags/tutorial_taskflow_api.py
[2024-05-27T21:14:52.829+0000] {processor.py:830} INFO - Processing file /home/airflow/.local/lib/python3.8/site-packages/airflow/example_dags/tutorial_taskflow_api.py for tasks to queue
[2024-05-27T21:14:52.831+0000] {logging_mixin.py:188} INFO - [2024-05-27T21:14:52.831+0000] {dagbag.py:545} INFO - Filling up the DagBag from /home/airflow/.local/lib/python3.8/site-packages/airflow/example_dags/tutorial_taskflow_api.py
[2024-05-27T21:14:52.839+0000] {processor.py:840} INFO - DAG(s) 'tutorial_taskflow_api' retrieved from /home/airflow/.local/lib/python3.8/site-packages/airflow/example_dags/tutorial_taskflow_api.py
[2024-05-27T21:14:52.868+0000] {logging_mixin.py:188} INFO - [2024-05-27T21:14:52.867+0000] {dag.py:3096} INFO - Sync 1 DAGs
[2024-05-27T21:14:52.884+0000] {logging_mixin.py:188} INFO - [2024-05-27T21:14:52.883+0000] {dag.py:3954} INFO - Setting next_dagrun for tutorial_taskflow_api to None, run_after=None
[2024-05-27T21:14:52.909+0000] {processor.py:183} INFO - Processing /home/airflow/.local/lib/python3.8/site-packages/airflow/example_dags/tutorial_taskflow_api.py took 0.087 seconds
[2024-05-27T21:15:23.072+0000] {processor.py:161} INFO - Started process (PID=1265) to work on /home/airflow/.local/lib/python3.8/site-packages/airflow/example_dags/tutorial_taskflow_api.py
[2024-05-27T21:15:23.073+0000] {processor.py:830} INFO - Processing file /home/airflow/.local/lib/python3.8/site-packages/airflow/example_dags/tutorial_taskflow_api.py for tasks to queue
[2024-05-27T21:15:23.075+0000] {logging_mixin.py:188} INFO - [2024-05-27T21:15:23.075+0000] {dagbag.py:545} INFO - Filling up the DagBag from /home/airflow/.local/lib/python3.8/site-packages/airflow/example_dags/tutorial_taskflow_api.py
[2024-05-27T21:15:23.081+0000] {processor.py:840} INFO - DAG(s) 'tutorial_taskflow_api' retrieved from /home/airflow/.local/lib/python3.8/site-packages/airflow/example_dags/tutorial_taskflow_api.py
[2024-05-27T21:15:23.106+0000] {logging_mixin.py:188} INFO - [2024-05-27T21:15:23.106+0000] {dag.py:3096} INFO - Sync 1 DAGs
[2024-05-27T21:15:23.120+0000] {logging_mixin.py:188} INFO - [2024-05-27T21:15:23.119+0000] {dag.py:3954} INFO - Setting next_dagrun for tutorial_taskflow_api to None, run_after=None
[2024-05-27T21:15:23.145+0000] {processor.py:183} INFO - Processing /home/airflow/.local/lib/python3.8/site-packages/airflow/example_dags/tutorial_taskflow_api.py took 0.083 seconds
[2024-05-27T21:15:53.371+0000] {processor.py:161} INFO - Started process (PID=1335) to work on /home/airflow/.local/lib/python3.8/site-packages/airflow/example_dags/tutorial_taskflow_api.py
[2024-05-27T21:15:53.373+0000] {processor.py:830} INFO - Processing file /home/airflow/.local/lib/python3.8/site-packages/airflow/example_dags/tutorial_taskflow_api.py for tasks to queue
[2024-05-27T21:15:53.375+0000] {logging_mixin.py:188} INFO - [2024-05-27T21:15:53.374+0000] {dagbag.py:545} INFO - Filling up the DagBag from /home/airflow/.local/lib/python3.8/site-packages/airflow/example_dags/tutorial_taskflow_api.py
[2024-05-27T21:15:53.382+0000] {processor.py:840} INFO - DAG(s) 'tutorial_taskflow_api' retrieved from /home/airflow/.local/lib/python3.8/site-packages/airflow/example_dags/tutorial_taskflow_api.py
[2024-05-27T21:15:53.404+0000] {logging_mixin.py:188} INFO - [2024-05-27T21:15:53.403+0000] {dag.py:3096} INFO - Sync 1 DAGs
[2024-05-27T21:15:53.416+0000] {logging_mixin.py:188} INFO - [2024-05-27T21:15:53.415+0000] {dag.py:3954} INFO - Setting next_dagrun for tutorial_taskflow_api to None, run_after=None
[2024-05-27T21:15:53.439+0000] {processor.py:183} INFO - Processing /home/airflow/.local/lib/python3.8/site-packages/airflow/example_dags/tutorial_taskflow_api.py took 0.076 seconds
[2024-05-27T21:16:23.886+0000] {processor.py:161} INFO - Started process (PID=1413) to work on /home/airflow/.local/lib/python3.8/site-packages/airflow/example_dags/tutorial_taskflow_api.py
[2024-05-27T21:16:23.887+0000] {processor.py:830} INFO - Processing file /home/airflow/.local/lib/python3.8/site-packages/airflow/example_dags/tutorial_taskflow_api.py for tasks to queue
[2024-05-27T21:16:23.889+0000] {logging_mixin.py:188} INFO - [2024-05-27T21:16:23.889+0000] {dagbag.py:545} INFO - Filling up the DagBag from /home/airflow/.local/lib/python3.8/site-packages/airflow/example_dags/tutorial_taskflow_api.py
[2024-05-27T21:16:23.897+0000] {processor.py:840} INFO - DAG(s) 'tutorial_taskflow_api' retrieved from /home/airflow/.local/lib/python3.8/site-packages/airflow/example_dags/tutorial_taskflow_api.py
[2024-05-27T21:16:23.920+0000] {logging_mixin.py:188} INFO - [2024-05-27T21:16:23.920+0000] {dag.py:3096} INFO - Sync 1 DAGs
[2024-05-27T21:16:23.939+0000] {logging_mixin.py:188} INFO - [2024-05-27T21:16:23.939+0000] {dag.py:3954} INFO - Setting next_dagrun for tutorial_taskflow_api to None, run_after=None
[2024-05-27T21:16:23.969+0000] {processor.py:183} INFO - Processing /home/airflow/.local/lib/python3.8/site-packages/airflow/example_dags/tutorial_taskflow_api.py took 0.092 seconds
[2024-05-27T21:16:54.218+0000] {processor.py:161} INFO - Started process (PID=1485) to work on /home/airflow/.local/lib/python3.8/site-packages/airflow/example_dags/tutorial_taskflow_api.py
[2024-05-27T21:16:54.220+0000] {processor.py:830} INFO - Processing file /home/airflow/.local/lib/python3.8/site-packages/airflow/example_dags/tutorial_taskflow_api.py for tasks to queue
[2024-05-27T21:16:54.222+0000] {logging_mixin.py:188} INFO - [2024-05-27T21:16:54.222+0000] {dagbag.py:545} INFO - Filling up the DagBag from /home/airflow/.local/lib/python3.8/site-packages/airflow/example_dags/tutorial_taskflow_api.py
[2024-05-27T21:16:54.230+0000] {processor.py:840} INFO - DAG(s) 'tutorial_taskflow_api' retrieved from /home/airflow/.local/lib/python3.8/site-packages/airflow/example_dags/tutorial_taskflow_api.py
[2024-05-27T21:16:54.254+0000] {logging_mixin.py:188} INFO - [2024-05-27T21:16:54.254+0000] {dag.py:3096} INFO - Sync 1 DAGs
[2024-05-27T21:16:54.268+0000] {logging_mixin.py:188} INFO - [2024-05-27T21:16:54.268+0000] {dag.py:3954} INFO - Setting next_dagrun for tutorial_taskflow_api to None, run_after=None
[2024-05-27T21:16:54.294+0000] {processor.py:183} INFO - Processing /home/airflow/.local/lib/python3.8/site-packages/airflow/example_dags/tutorial_taskflow_api.py took 0.084 seconds
[2024-05-27T21:17:24.815+0000] {processor.py:161} INFO - Started process (PID=1557) to work on /home/airflow/.local/lib/python3.8/site-packages/airflow/example_dags/tutorial_taskflow_api.py
[2024-05-27T21:17:24.816+0000] {processor.py:830} INFO - Processing file /home/airflow/.local/lib/python3.8/site-packages/airflow/example_dags/tutorial_taskflow_api.py for tasks to queue
[2024-05-27T21:17:24.818+0000] {logging_mixin.py:188} INFO - [2024-05-27T21:17:24.818+0000] {dagbag.py:545} INFO - Filling up the DagBag from /home/airflow/.local/lib/python3.8/site-packages/airflow/example_dags/tutorial_taskflow_api.py
[2024-05-27T21:17:24.824+0000] {processor.py:840} INFO - DAG(s) 'tutorial_taskflow_api' retrieved from /home/airflow/.local/lib/python3.8/site-packages/airflow/example_dags/tutorial_taskflow_api.py
[2024-05-27T21:17:24.848+0000] {logging_mixin.py:188} INFO - [2024-05-27T21:17:24.847+0000] {dag.py:3096} INFO - Sync 1 DAGs
[2024-05-27T21:17:24.864+0000] {logging_mixin.py:188} INFO - [2024-05-27T21:17:24.864+0000] {dag.py:3954} INFO - Setting next_dagrun for tutorial_taskflow_api to None, run_after=None
[2024-05-27T21:17:24.890+0000] {processor.py:183} INFO - Processing /home/airflow/.local/lib/python3.8/site-packages/airflow/example_dags/tutorial_taskflow_api.py took 0.081 seconds
[2024-05-27T21:17:59.648+0000] {processor.py:161} INFO - Started process (PID=1633) to work on /home/airflow/.local/lib/python3.8/site-packages/airflow/example_dags/tutorial_taskflow_api.py
[2024-05-27T21:17:59.687+0000] {processor.py:830} INFO - Processing file /home/airflow/.local/lib/python3.8/site-packages/airflow/example_dags/tutorial_taskflow_api.py for tasks to queue
[2024-05-27T21:17:59.803+0000] {logging_mixin.py:188} INFO - [2024-05-27T21:17:59.787+0000] {dagbag.py:545} INFO - Filling up the DagBag from /home/airflow/.local/lib/python3.8/site-packages/airflow/example_dags/tutorial_taskflow_api.py
[2024-05-27T21:18:00.048+0000] {processor.py:840} INFO - DAG(s) 'tutorial_taskflow_api' retrieved from /home/airflow/.local/lib/python3.8/site-packages/airflow/example_dags/tutorial_taskflow_api.py
[2024-05-27T21:18:00.298+0000] {logging_mixin.py:188} INFO - [2024-05-27T21:18:00.298+0000] {dag.py:3096} INFO - Sync 1 DAGs
[2024-05-27T21:18:00.577+0000] {logging_mixin.py:188} INFO - [2024-05-27T21:18:00.577+0000] {dag.py:3954} INFO - Setting next_dagrun for tutorial_taskflow_api to None, run_after=None
[2024-05-27T21:18:00.763+0000] {processor.py:183} INFO - Processing /home/airflow/.local/lib/python3.8/site-packages/airflow/example_dags/tutorial_taskflow_api.py took 1.391 seconds
[2024-05-27T21:18:30.876+0000] {processor.py:161} INFO - Started process (PID=1705) to work on /home/airflow/.local/lib/python3.8/site-packages/airflow/example_dags/tutorial_taskflow_api.py
[2024-05-27T21:18:30.878+0000] {processor.py:830} INFO - Processing file /home/airflow/.local/lib/python3.8/site-packages/airflow/example_dags/tutorial_taskflow_api.py for tasks to queue
[2024-05-27T21:18:30.880+0000] {logging_mixin.py:188} INFO - [2024-05-27T21:18:30.880+0000] {dagbag.py:545} INFO - Filling up the DagBag from /home/airflow/.local/lib/python3.8/site-packages/airflow/example_dags/tutorial_taskflow_api.py
[2024-05-27T21:18:30.889+0000] {processor.py:840} INFO - DAG(s) 'tutorial_taskflow_api' retrieved from /home/airflow/.local/lib/python3.8/site-packages/airflow/example_dags/tutorial_taskflow_api.py
[2024-05-27T21:18:30.914+0000] {logging_mixin.py:188} INFO - [2024-05-27T21:18:30.914+0000] {dag.py:3096} INFO - Sync 1 DAGs
[2024-05-27T21:18:30.931+0000] {logging_mixin.py:188} INFO - [2024-05-27T21:18:30.931+0000] {dag.py:3954} INFO - Setting next_dagrun for tutorial_taskflow_api to None, run_after=None
[2024-05-27T21:18:30.953+0000] {processor.py:183} INFO - Processing /home/airflow/.local/lib/python3.8/site-packages/airflow/example_dags/tutorial_taskflow_api.py took 0.085 seconds
[2024-05-27T21:19:01.635+0000] {processor.py:161} INFO - Started process (PID=1776) to work on /home/airflow/.local/lib/python3.8/site-packages/airflow/example_dags/tutorial_taskflow_api.py
[2024-05-27T21:19:01.636+0000] {processor.py:830} INFO - Processing file /home/airflow/.local/lib/python3.8/site-packages/airflow/example_dags/tutorial_taskflow_api.py for tasks to queue
[2024-05-27T21:19:01.638+0000] {logging_mixin.py:188} INFO - [2024-05-27T21:19:01.638+0000] {dagbag.py:545} INFO - Filling up the DagBag from /home/airflow/.local/lib/python3.8/site-packages/airflow/example_dags/tutorial_taskflow_api.py
[2024-05-27T21:19:01.647+0000] {processor.py:840} INFO - DAG(s) 'tutorial_taskflow_api' retrieved from /home/airflow/.local/lib/python3.8/site-packages/airflow/example_dags/tutorial_taskflow_api.py
[2024-05-27T21:19:01.673+0000] {logging_mixin.py:188} INFO - [2024-05-27T21:19:01.673+0000] {dag.py:3096} INFO - Sync 1 DAGs
[2024-05-27T21:19:01.685+0000] {logging_mixin.py:188} INFO - [2024-05-27T21:19:01.685+0000] {dag.py:3954} INFO - Setting next_dagrun for tutorial_taskflow_api to None, run_after=None
[2024-05-27T21:19:01.713+0000] {processor.py:183} INFO - Processing /home/airflow/.local/lib/python3.8/site-packages/airflow/example_dags/tutorial_taskflow_api.py took 0.084 seconds
[2024-05-27T21:19:32.331+0000] {processor.py:161} INFO - Started process (PID=1846) to work on /home/airflow/.local/lib/python3.8/site-packages/airflow/example_dags/tutorial_taskflow_api.py
[2024-05-27T21:19:32.333+0000] {processor.py:830} INFO - Processing file /home/airflow/.local/lib/python3.8/site-packages/airflow/example_dags/tutorial_taskflow_api.py for tasks to queue
[2024-05-27T21:19:32.336+0000] {logging_mixin.py:188} INFO - [2024-05-27T21:19:32.335+0000] {dagbag.py:545} INFO - Filling up the DagBag from /home/airflow/.local/lib/python3.8/site-packages/airflow/example_dags/tutorial_taskflow_api.py
[2024-05-27T21:19:32.342+0000] {processor.py:840} INFO - DAG(s) 'tutorial_taskflow_api' retrieved from /home/airflow/.local/lib/python3.8/site-packages/airflow/example_dags/tutorial_taskflow_api.py
[2024-05-27T21:19:32.365+0000] {logging_mixin.py:188} INFO - [2024-05-27T21:19:32.365+0000] {dag.py:3096} INFO - Sync 1 DAGs
[2024-05-27T21:19:32.379+0000] {logging_mixin.py:188} INFO - [2024-05-27T21:19:32.378+0000] {dag.py:3954} INFO - Setting next_dagrun for tutorial_taskflow_api to None, run_after=None
[2024-05-27T21:19:32.403+0000] {processor.py:183} INFO - Processing /home/airflow/.local/lib/python3.8/site-packages/airflow/example_dags/tutorial_taskflow_api.py took 0.078 seconds
[2024-05-27T21:20:03.174+0000] {processor.py:161} INFO - Started process (PID=1924) to work on /home/airflow/.local/lib/python3.8/site-packages/airflow/example_dags/tutorial_taskflow_api.py
[2024-05-27T21:20:03.175+0000] {processor.py:830} INFO - Processing file /home/airflow/.local/lib/python3.8/site-packages/airflow/example_dags/tutorial_taskflow_api.py for tasks to queue
[2024-05-27T21:20:03.178+0000] {logging_mixin.py:188} INFO - [2024-05-27T21:20:03.177+0000] {dagbag.py:545} INFO - Filling up the DagBag from /home/airflow/.local/lib/python3.8/site-packages/airflow/example_dags/tutorial_taskflow_api.py
[2024-05-27T21:20:03.186+0000] {processor.py:840} INFO - DAG(s) 'tutorial_taskflow_api' retrieved from /home/airflow/.local/lib/python3.8/site-packages/airflow/example_dags/tutorial_taskflow_api.py
[2024-05-27T21:20:03.212+0000] {logging_mixin.py:188} INFO - [2024-05-27T21:20:03.212+0000] {dag.py:3096} INFO - Sync 1 DAGs
[2024-05-27T21:20:03.225+0000] {logging_mixin.py:188} INFO - [2024-05-27T21:20:03.225+0000] {dag.py:3954} INFO - Setting next_dagrun for tutorial_taskflow_api to None, run_after=None
[2024-05-27T21:20:03.246+0000] {processor.py:183} INFO - Processing /home/airflow/.local/lib/python3.8/site-packages/airflow/example_dags/tutorial_taskflow_api.py took 0.081 seconds
[2024-05-27T21:20:34.025+0000] {processor.py:161} INFO - Started process (PID=1994) to work on /home/airflow/.local/lib/python3.8/site-packages/airflow/example_dags/tutorial_taskflow_api.py
[2024-05-27T21:20:34.026+0000] {processor.py:830} INFO - Processing file /home/airflow/.local/lib/python3.8/site-packages/airflow/example_dags/tutorial_taskflow_api.py for tasks to queue
[2024-05-27T21:20:34.029+0000] {logging_mixin.py:188} INFO - [2024-05-27T21:20:34.028+0000] {dagbag.py:545} INFO - Filling up the DagBag from /home/airflow/.local/lib/python3.8/site-packages/airflow/example_dags/tutorial_taskflow_api.py
[2024-05-27T21:20:34.037+0000] {processor.py:840} INFO - DAG(s) 'tutorial_taskflow_api' retrieved from /home/airflow/.local/lib/python3.8/site-packages/airflow/example_dags/tutorial_taskflow_api.py
[2024-05-27T21:20:34.060+0000] {logging_mixin.py:188} INFO - [2024-05-27T21:20:34.059+0000] {dag.py:3096} INFO - Sync 1 DAGs
[2024-05-27T21:20:34.073+0000] {logging_mixin.py:188} INFO - [2024-05-27T21:20:34.072+0000] {dag.py:3954} INFO - Setting next_dagrun for tutorial_taskflow_api to None, run_after=None
[2024-05-27T21:20:34.094+0000] {processor.py:183} INFO - Processing /home/airflow/.local/lib/python3.8/site-packages/airflow/example_dags/tutorial_taskflow_api.py took 0.076 seconds
[2024-05-27T21:21:04.425+0000] {processor.py:161} INFO - Started process (PID=2066) to work on /home/airflow/.local/lib/python3.8/site-packages/airflow/example_dags/tutorial_taskflow_api.py
[2024-05-27T21:21:04.426+0000] {processor.py:830} INFO - Processing file /home/airflow/.local/lib/python3.8/site-packages/airflow/example_dags/tutorial_taskflow_api.py for tasks to queue
[2024-05-27T21:21:04.429+0000] {logging_mixin.py:188} INFO - [2024-05-27T21:21:04.428+0000] {dagbag.py:545} INFO - Filling up the DagBag from /home/airflow/.local/lib/python3.8/site-packages/airflow/example_dags/tutorial_taskflow_api.py
[2024-05-27T21:21:04.436+0000] {processor.py:840} INFO - DAG(s) 'tutorial_taskflow_api' retrieved from /home/airflow/.local/lib/python3.8/site-packages/airflow/example_dags/tutorial_taskflow_api.py
[2024-05-27T21:21:04.464+0000] {logging_mixin.py:188} INFO - [2024-05-27T21:21:04.464+0000] {dag.py:3096} INFO - Sync 1 DAGs
[2024-05-27T21:21:04.487+0000] {logging_mixin.py:188} INFO - [2024-05-27T21:21:04.487+0000] {dag.py:3954} INFO - Setting next_dagrun for tutorial_taskflow_api to None, run_after=None
[2024-05-27T21:21:04.513+0000] {processor.py:183} INFO - Processing /home/airflow/.local/lib/python3.8/site-packages/airflow/example_dags/tutorial_taskflow_api.py took 0.095 seconds
[2024-05-27T21:21:34.684+0000] {processor.py:161} INFO - Started process (PID=2159) to work on /home/airflow/.local/lib/python3.8/site-packages/airflow/example_dags/tutorial_taskflow_api.py
[2024-05-27T21:21:34.686+0000] {processor.py:830} INFO - Processing file /home/airflow/.local/lib/python3.8/site-packages/airflow/example_dags/tutorial_taskflow_api.py for tasks to queue
[2024-05-27T21:21:34.689+0000] {logging_mixin.py:188} INFO - [2024-05-27T21:21:34.689+0000] {dagbag.py:545} INFO - Filling up the DagBag from /home/airflow/.local/lib/python3.8/site-packages/airflow/example_dags/tutorial_taskflow_api.py
[2024-05-27T21:21:34.703+0000] {processor.py:840} INFO - DAG(s) 'tutorial_taskflow_api' retrieved from /home/airflow/.local/lib/python3.8/site-packages/airflow/example_dags/tutorial_taskflow_api.py
[2024-05-27T21:21:34.735+0000] {logging_mixin.py:188} INFO - [2024-05-27T21:21:34.735+0000] {dag.py:3096} INFO - Sync 1 DAGs
[2024-05-27T21:21:34.757+0000] {logging_mixin.py:188} INFO - [2024-05-27T21:21:34.757+0000] {dag.py:3954} INFO - Setting next_dagrun for tutorial_taskflow_api to None, run_after=None
[2024-05-27T21:21:34.798+0000] {processor.py:183} INFO - Processing /home/airflow/.local/lib/python3.8/site-packages/airflow/example_dags/tutorial_taskflow_api.py took 0.125 seconds
[2024-05-27T21:22:04.906+0000] {processor.py:161} INFO - Started process (PID=2235) to work on /home/airflow/.local/lib/python3.8/site-packages/airflow/example_dags/tutorial_taskflow_api.py
[2024-05-27T21:22:04.907+0000] {processor.py:830} INFO - Processing file /home/airflow/.local/lib/python3.8/site-packages/airflow/example_dags/tutorial_taskflow_api.py for tasks to queue
[2024-05-27T21:22:04.910+0000] {logging_mixin.py:188} INFO - [2024-05-27T21:22:04.909+0000] {dagbag.py:545} INFO - Filling up the DagBag from /home/airflow/.local/lib/python3.8/site-packages/airflow/example_dags/tutorial_taskflow_api.py
[2024-05-27T21:22:04.918+0000] {processor.py:840} INFO - DAG(s) 'tutorial_taskflow_api' retrieved from /home/airflow/.local/lib/python3.8/site-packages/airflow/example_dags/tutorial_taskflow_api.py
[2024-05-27T21:22:04.939+0000] {logging_mixin.py:188} INFO - [2024-05-27T21:22:04.939+0000] {dag.py:3096} INFO - Sync 1 DAGs
[2024-05-27T21:22:04.954+0000] {logging_mixin.py:188} INFO - [2024-05-27T21:22:04.953+0000] {dag.py:3954} INFO - Setting next_dagrun for tutorial_taskflow_api to None, run_after=None
[2024-05-27T21:22:04.978+0000] {processor.py:183} INFO - Processing /home/airflow/.local/lib/python3.8/site-packages/airflow/example_dags/tutorial_taskflow_api.py took 0.078 seconds
[2024-05-27T21:22:35.561+0000] {processor.py:161} INFO - Started process (PID=2306) to work on /home/airflow/.local/lib/python3.8/site-packages/airflow/example_dags/tutorial_taskflow_api.py
[2024-05-27T21:22:35.562+0000] {processor.py:830} INFO - Processing file /home/airflow/.local/lib/python3.8/site-packages/airflow/example_dags/tutorial_taskflow_api.py for tasks to queue
[2024-05-27T21:22:35.564+0000] {logging_mixin.py:188} INFO - [2024-05-27T21:22:35.564+0000] {dagbag.py:545} INFO - Filling up the DagBag from /home/airflow/.local/lib/python3.8/site-packages/airflow/example_dags/tutorial_taskflow_api.py
[2024-05-27T21:22:35.572+0000] {processor.py:840} INFO - DAG(s) 'tutorial_taskflow_api' retrieved from /home/airflow/.local/lib/python3.8/site-packages/airflow/example_dags/tutorial_taskflow_api.py
[2024-05-27T21:22:35.596+0000] {logging_mixin.py:188} INFO - [2024-05-27T21:22:35.595+0000] {dag.py:3096} INFO - Sync 1 DAGs
[2024-05-27T21:22:35.612+0000] {logging_mixin.py:188} INFO - [2024-05-27T21:22:35.612+0000] {dag.py:3954} INFO - Setting next_dagrun for tutorial_taskflow_api to None, run_after=None
[2024-05-27T21:22:35.639+0000] {processor.py:183} INFO - Processing /home/airflow/.local/lib/python3.8/site-packages/airflow/example_dags/tutorial_taskflow_api.py took 0.085 seconds
[2024-05-27T21:23:06.435+0000] {processor.py:161} INFO - Started process (PID=2376) to work on /home/airflow/.local/lib/python3.8/site-packages/airflow/example_dags/tutorial_taskflow_api.py
[2024-05-27T21:23:06.436+0000] {processor.py:830} INFO - Processing file /home/airflow/.local/lib/python3.8/site-packages/airflow/example_dags/tutorial_taskflow_api.py for tasks to queue
[2024-05-27T21:23:06.439+0000] {logging_mixin.py:188} INFO - [2024-05-27T21:23:06.439+0000] {dagbag.py:545} INFO - Filling up the DagBag from /home/airflow/.local/lib/python3.8/site-packages/airflow/example_dags/tutorial_taskflow_api.py
[2024-05-27T21:23:06.449+0000] {processor.py:840} INFO - DAG(s) 'tutorial_taskflow_api' retrieved from /home/airflow/.local/lib/python3.8/site-packages/airflow/example_dags/tutorial_taskflow_api.py
[2024-05-27T21:23:06.476+0000] {logging_mixin.py:188} INFO - [2024-05-27T21:23:06.476+0000] {dag.py:3096} INFO - Sync 1 DAGs
[2024-05-27T21:23:06.491+0000] {logging_mixin.py:188} INFO - [2024-05-27T21:23:06.491+0000] {dag.py:3954} INFO - Setting next_dagrun for tutorial_taskflow_api to None, run_after=None
[2024-05-27T21:23:06.518+0000] {processor.py:183} INFO - Processing /home/airflow/.local/lib/python3.8/site-packages/airflow/example_dags/tutorial_taskflow_api.py took 0.091 seconds
[2024-05-27T21:23:37.144+0000] {processor.py:161} INFO - Started process (PID=2454) to work on /home/airflow/.local/lib/python3.8/site-packages/airflow/example_dags/tutorial_taskflow_api.py
[2024-05-27T21:23:37.145+0000] {processor.py:830} INFO - Processing file /home/airflow/.local/lib/python3.8/site-packages/airflow/example_dags/tutorial_taskflow_api.py for tasks to queue
[2024-05-27T21:23:37.148+0000] {logging_mixin.py:188} INFO - [2024-05-27T21:23:37.147+0000] {dagbag.py:545} INFO - Filling up the DagBag from /home/airflow/.local/lib/python3.8/site-packages/airflow/example_dags/tutorial_taskflow_api.py
[2024-05-27T21:23:37.154+0000] {processor.py:840} INFO - DAG(s) 'tutorial_taskflow_api' retrieved from /home/airflow/.local/lib/python3.8/site-packages/airflow/example_dags/tutorial_taskflow_api.py
[2024-05-27T21:23:37.177+0000] {logging_mixin.py:188} INFO - [2024-05-27T21:23:37.177+0000] {dag.py:3096} INFO - Sync 1 DAGs
[2024-05-27T21:23:37.189+0000] {logging_mixin.py:188} INFO - [2024-05-27T21:23:37.189+0000] {dag.py:3954} INFO - Setting next_dagrun for tutorial_taskflow_api to None, run_after=None
[2024-05-27T21:23:37.218+0000] {processor.py:183} INFO - Processing /home/airflow/.local/lib/python3.8/site-packages/airflow/example_dags/tutorial_taskflow_api.py took 0.083 seconds
[2024-05-27T21:24:07.782+0000] {processor.py:161} INFO - Started process (PID=2524) to work on /home/airflow/.local/lib/python3.8/site-packages/airflow/example_dags/tutorial_taskflow_api.py
[2024-05-27T21:24:07.783+0000] {processor.py:830} INFO - Processing file /home/airflow/.local/lib/python3.8/site-packages/airflow/example_dags/tutorial_taskflow_api.py for tasks to queue
[2024-05-27T21:24:07.785+0000] {logging_mixin.py:188} INFO - [2024-05-27T21:24:07.785+0000] {dagbag.py:545} INFO - Filling up the DagBag from /home/airflow/.local/lib/python3.8/site-packages/airflow/example_dags/tutorial_taskflow_api.py
[2024-05-27T21:24:07.793+0000] {processor.py:840} INFO - DAG(s) 'tutorial_taskflow_api' retrieved from /home/airflow/.local/lib/python3.8/site-packages/airflow/example_dags/tutorial_taskflow_api.py
[2024-05-27T21:24:07.815+0000] {logging_mixin.py:188} INFO - [2024-05-27T21:24:07.815+0000] {dag.py:3096} INFO - Sync 1 DAGs
[2024-05-27T21:24:07.827+0000] {logging_mixin.py:188} INFO - [2024-05-27T21:24:07.826+0000] {dag.py:3954} INFO - Setting next_dagrun for tutorial_taskflow_api to None, run_after=None
[2024-05-27T21:24:07.845+0000] {processor.py:183} INFO - Processing /home/airflow/.local/lib/python3.8/site-packages/airflow/example_dags/tutorial_taskflow_api.py took 0.070 seconds
[2024-05-27T21:24:38.377+0000] {processor.py:161} INFO - Started process (PID=2603) to work on /home/airflow/.local/lib/python3.8/site-packages/airflow/example_dags/tutorial_taskflow_api.py
[2024-05-27T21:24:38.378+0000] {processor.py:830} INFO - Processing file /home/airflow/.local/lib/python3.8/site-packages/airflow/example_dags/tutorial_taskflow_api.py for tasks to queue
[2024-05-27T21:24:38.381+0000] {logging_mixin.py:188} INFO - [2024-05-27T21:24:38.380+0000] {dagbag.py:545} INFO - Filling up the DagBag from /home/airflow/.local/lib/python3.8/site-packages/airflow/example_dags/tutorial_taskflow_api.py
[2024-05-27T21:24:38.391+0000] {processor.py:840} INFO - DAG(s) 'tutorial_taskflow_api' retrieved from /home/airflow/.local/lib/python3.8/site-packages/airflow/example_dags/tutorial_taskflow_api.py
[2024-05-27T21:24:38.412+0000] {logging_mixin.py:188} INFO - [2024-05-27T21:24:38.411+0000] {dag.py:3096} INFO - Sync 1 DAGs
[2024-05-27T21:24:38.424+0000] {logging_mixin.py:188} INFO - [2024-05-27T21:24:38.424+0000] {dag.py:3954} INFO - Setting next_dagrun for tutorial_taskflow_api to None, run_after=None
[2024-05-27T21:24:38.445+0000] {processor.py:183} INFO - Processing /home/airflow/.local/lib/python3.8/site-packages/airflow/example_dags/tutorial_taskflow_api.py took 0.074 seconds
[2024-05-27T21:25:08.914+0000] {processor.py:161} INFO - Started process (PID=2673) to work on /home/airflow/.local/lib/python3.8/site-packages/airflow/example_dags/tutorial_taskflow_api.py
[2024-05-27T21:25:08.916+0000] {processor.py:830} INFO - Processing file /home/airflow/.local/lib/python3.8/site-packages/airflow/example_dags/tutorial_taskflow_api.py for tasks to queue
[2024-05-27T21:25:08.918+0000] {logging_mixin.py:188} INFO - [2024-05-27T21:25:08.918+0000] {dagbag.py:545} INFO - Filling up the DagBag from /home/airflow/.local/lib/python3.8/site-packages/airflow/example_dags/tutorial_taskflow_api.py
[2024-05-27T21:25:08.926+0000] {processor.py:840} INFO - DAG(s) 'tutorial_taskflow_api' retrieved from /home/airflow/.local/lib/python3.8/site-packages/airflow/example_dags/tutorial_taskflow_api.py
[2024-05-27T21:25:08.949+0000] {logging_mixin.py:188} INFO - [2024-05-27T21:25:08.949+0000] {dag.py:3096} INFO - Sync 1 DAGs
[2024-05-27T21:25:08.963+0000] {logging_mixin.py:188} INFO - [2024-05-27T21:25:08.962+0000] {dag.py:3954} INFO - Setting next_dagrun for tutorial_taskflow_api to None, run_after=None
[2024-05-27T21:25:08.986+0000] {processor.py:183} INFO - Processing /home/airflow/.local/lib/python3.8/site-packages/airflow/example_dags/tutorial_taskflow_api.py took 0.079 seconds
