[2024-05-27T20:50:54.313+0000] {processor.py:161} INFO - Started process (PID=63) to work on /home/airflow/.local/lib/python3.8/site-packages/airflow/example_dags/tutorial_objectstorage.py
[2024-05-27T20:50:54.315+0000] {processor.py:830} INFO - Processing file /home/airflow/.local/lib/python3.8/site-packages/airflow/example_dags/tutorial_objectstorage.py for tasks to queue
[2024-05-27T20:50:54.319+0000] {logging_mixin.py:188} INFO - [2024-05-27T20:50:54.318+0000] {dagbag.py:545} INFO - Filling up the DagBag from /home/airflow/.local/lib/python3.8/site-packages/airflow/example_dags/tutorial_objectstorage.py
[2024-05-27T20:50:54.344+0000] {processor.py:840} INFO - DAG(s) 'tutorial_objectstorage' retrieved from /home/airflow/.local/lib/python3.8/site-packages/airflow/example_dags/tutorial_objectstorage.py
[2024-05-27T20:50:54.376+0000] {logging_mixin.py:188} INFO - [2024-05-27T20:50:54.376+0000] {dag.py:3096} INFO - Sync 1 DAGs
[2024-05-27T20:50:54.401+0000] {logging_mixin.py:188} INFO - [2024-05-27T20:50:54.401+0000] {dag.py:3954} INFO - Setting next_dagrun for tutorial_objectstorage to None, run_after=None
[2024-05-27T20:50:54.437+0000] {processor.py:183} INFO - Processing /home/airflow/.local/lib/python3.8/site-packages/airflow/example_dags/tutorial_objectstorage.py took 0.140 seconds
[2024-05-27T20:51:24.741+0000] {processor.py:161} INFO - Started process (PID=133) to work on /home/airflow/.local/lib/python3.8/site-packages/airflow/example_dags/tutorial_objectstorage.py
[2024-05-27T20:51:24.743+0000] {processor.py:830} INFO - Processing file /home/airflow/.local/lib/python3.8/site-packages/airflow/example_dags/tutorial_objectstorage.py for tasks to queue
[2024-05-27T20:51:24.745+0000] {logging_mixin.py:188} INFO - [2024-05-27T20:51:24.745+0000] {dagbag.py:545} INFO - Filling up the DagBag from /home/airflow/.local/lib/python3.8/site-packages/airflow/example_dags/tutorial_objectstorage.py
[2024-05-27T20:51:24.753+0000] {processor.py:840} INFO - DAG(s) 'tutorial_objectstorage' retrieved from /home/airflow/.local/lib/python3.8/site-packages/airflow/example_dags/tutorial_objectstorage.py
[2024-05-27T20:51:24.847+0000] {logging_mixin.py:188} INFO - [2024-05-27T20:51:24.847+0000] {dag.py:3096} INFO - Sync 1 DAGs
[2024-05-27T20:51:24.857+0000] {logging_mixin.py:188} INFO - [2024-05-27T20:51:24.857+0000] {dag.py:3954} INFO - Setting next_dagrun for tutorial_objectstorage to None, run_after=None
[2024-05-27T20:51:24.878+0000] {processor.py:183} INFO - Processing /home/airflow/.local/lib/python3.8/site-packages/airflow/example_dags/tutorial_objectstorage.py took 0.143 seconds
[2024-05-27T20:51:54.965+0000] {processor.py:161} INFO - Started process (PID=210) to work on /home/airflow/.local/lib/python3.8/site-packages/airflow/example_dags/tutorial_objectstorage.py
[2024-05-27T20:51:54.966+0000] {processor.py:830} INFO - Processing file /home/airflow/.local/lib/python3.8/site-packages/airflow/example_dags/tutorial_objectstorage.py for tasks to queue
[2024-05-27T20:51:54.968+0000] {logging_mixin.py:188} INFO - [2024-05-27T20:51:54.967+0000] {dagbag.py:545} INFO - Filling up the DagBag from /home/airflow/.local/lib/python3.8/site-packages/airflow/example_dags/tutorial_objectstorage.py
[2024-05-27T20:51:54.976+0000] {processor.py:840} INFO - DAG(s) 'tutorial_objectstorage' retrieved from /home/airflow/.local/lib/python3.8/site-packages/airflow/example_dags/tutorial_objectstorage.py
[2024-05-27T20:51:54.998+0000] {logging_mixin.py:188} INFO - [2024-05-27T20:51:54.998+0000] {dag.py:3096} INFO - Sync 1 DAGs
[2024-05-27T20:51:55.012+0000] {logging_mixin.py:188} INFO - [2024-05-27T20:51:55.011+0000] {dag.py:3954} INFO - Setting next_dagrun for tutorial_objectstorage to None, run_after=None
[2024-05-27T20:51:55.036+0000] {processor.py:183} INFO - Processing /home/airflow/.local/lib/python3.8/site-packages/airflow/example_dags/tutorial_objectstorage.py took 0.078 seconds
[2024-05-27T20:52:25.389+0000] {processor.py:161} INFO - Started process (PID=279) to work on /home/airflow/.local/lib/python3.8/site-packages/airflow/example_dags/tutorial_objectstorage.py
[2024-05-27T20:52:25.390+0000] {processor.py:830} INFO - Processing file /home/airflow/.local/lib/python3.8/site-packages/airflow/example_dags/tutorial_objectstorage.py for tasks to queue
[2024-05-27T20:52:25.392+0000] {logging_mixin.py:188} INFO - [2024-05-27T20:52:25.392+0000] {dagbag.py:545} INFO - Filling up the DagBag from /home/airflow/.local/lib/python3.8/site-packages/airflow/example_dags/tutorial_objectstorage.py
[2024-05-27T20:52:25.399+0000] {processor.py:840} INFO - DAG(s) 'tutorial_objectstorage' retrieved from /home/airflow/.local/lib/python3.8/site-packages/airflow/example_dags/tutorial_objectstorage.py
[2024-05-27T20:52:25.423+0000] {logging_mixin.py:188} INFO - [2024-05-27T20:52:25.422+0000] {dag.py:3096} INFO - Sync 1 DAGs
[2024-05-27T20:52:25.437+0000] {logging_mixin.py:188} INFO - [2024-05-27T20:52:25.437+0000] {dag.py:3954} INFO - Setting next_dagrun for tutorial_objectstorage to None, run_after=None
[2024-05-27T20:52:25.460+0000] {processor.py:183} INFO - Processing /home/airflow/.local/lib/python3.8/site-packages/airflow/example_dags/tutorial_objectstorage.py took 0.078 seconds
[2024-05-27T20:52:56.441+0000] {processor.py:161} INFO - Started process (PID=349) to work on /home/airflow/.local/lib/python3.8/site-packages/airflow/example_dags/tutorial_objectstorage.py
[2024-05-27T20:52:56.443+0000] {processor.py:830} INFO - Processing file /home/airflow/.local/lib/python3.8/site-packages/airflow/example_dags/tutorial_objectstorage.py for tasks to queue
[2024-05-27T20:52:56.445+0000] {logging_mixin.py:188} INFO - [2024-05-27T20:52:56.444+0000] {dagbag.py:545} INFO - Filling up the DagBag from /home/airflow/.local/lib/python3.8/site-packages/airflow/example_dags/tutorial_objectstorage.py
[2024-05-27T20:52:56.452+0000] {processor.py:840} INFO - DAG(s) 'tutorial_objectstorage' retrieved from /home/airflow/.local/lib/python3.8/site-packages/airflow/example_dags/tutorial_objectstorage.py
[2024-05-27T20:52:56.474+0000] {logging_mixin.py:188} INFO - [2024-05-27T20:52:56.474+0000] {dag.py:3096} INFO - Sync 1 DAGs
[2024-05-27T20:52:56.488+0000] {logging_mixin.py:188} INFO - [2024-05-27T20:52:56.488+0000] {dag.py:3954} INFO - Setting next_dagrun for tutorial_objectstorage to None, run_after=None
[2024-05-27T20:52:56.512+0000] {processor.py:183} INFO - Processing /home/airflow/.local/lib/python3.8/site-packages/airflow/example_dags/tutorial_objectstorage.py took 0.077 seconds
[2024-05-27T20:53:27.590+0000] {processor.py:161} INFO - Started process (PID=426) to work on /home/airflow/.local/lib/python3.8/site-packages/airflow/example_dags/tutorial_objectstorage.py
[2024-05-27T20:53:27.591+0000] {processor.py:830} INFO - Processing file /home/airflow/.local/lib/python3.8/site-packages/airflow/example_dags/tutorial_objectstorage.py for tasks to queue
[2024-05-27T20:53:27.594+0000] {logging_mixin.py:188} INFO - [2024-05-27T20:53:27.594+0000] {dagbag.py:545} INFO - Filling up the DagBag from /home/airflow/.local/lib/python3.8/site-packages/airflow/example_dags/tutorial_objectstorage.py
[2024-05-27T20:53:27.606+0000] {processor.py:840} INFO - DAG(s) 'tutorial_objectstorage' retrieved from /home/airflow/.local/lib/python3.8/site-packages/airflow/example_dags/tutorial_objectstorage.py
[2024-05-27T20:53:27.629+0000] {logging_mixin.py:188} INFO - [2024-05-27T20:53:27.629+0000] {dag.py:3096} INFO - Sync 1 DAGs
[2024-05-27T20:53:27.642+0000] {logging_mixin.py:188} INFO - [2024-05-27T20:53:27.642+0000] {dag.py:3954} INFO - Setting next_dagrun for tutorial_objectstorage to None, run_after=None
[2024-05-27T20:53:27.666+0000] {processor.py:183} INFO - Processing /home/airflow/.local/lib/python3.8/site-packages/airflow/example_dags/tutorial_objectstorage.py took 0.083 seconds
[2024-05-27T20:53:58.188+0000] {processor.py:161} INFO - Started process (PID=496) to work on /home/airflow/.local/lib/python3.8/site-packages/airflow/example_dags/tutorial_objectstorage.py
[2024-05-27T20:53:58.189+0000] {processor.py:830} INFO - Processing file /home/airflow/.local/lib/python3.8/site-packages/airflow/example_dags/tutorial_objectstorage.py for tasks to queue
[2024-05-27T20:53:58.192+0000] {logging_mixin.py:188} INFO - [2024-05-27T20:53:58.191+0000] {dagbag.py:545} INFO - Filling up the DagBag from /home/airflow/.local/lib/python3.8/site-packages/airflow/example_dags/tutorial_objectstorage.py
[2024-05-27T20:53:58.203+0000] {processor.py:840} INFO - DAG(s) 'tutorial_objectstorage' retrieved from /home/airflow/.local/lib/python3.8/site-packages/airflow/example_dags/tutorial_objectstorage.py
[2024-05-27T20:53:58.226+0000] {logging_mixin.py:188} INFO - [2024-05-27T20:53:58.226+0000] {dag.py:3096} INFO - Sync 1 DAGs
[2024-05-27T20:53:58.238+0000] {logging_mixin.py:188} INFO - [2024-05-27T20:53:58.238+0000] {dag.py:3954} INFO - Setting next_dagrun for tutorial_objectstorage to None, run_after=None
[2024-05-27T20:53:58.259+0000] {processor.py:183} INFO - Processing /home/airflow/.local/lib/python3.8/site-packages/airflow/example_dags/tutorial_objectstorage.py took 0.078 seconds
[2024-05-27T20:54:28.887+0000] {processor.py:161} INFO - Started process (PID=567) to work on /home/airflow/.local/lib/python3.8/site-packages/airflow/example_dags/tutorial_objectstorage.py
[2024-05-27T20:54:28.889+0000] {processor.py:830} INFO - Processing file /home/airflow/.local/lib/python3.8/site-packages/airflow/example_dags/tutorial_objectstorage.py for tasks to queue
[2024-05-27T20:54:28.891+0000] {logging_mixin.py:188} INFO - [2024-05-27T20:54:28.891+0000] {dagbag.py:545} INFO - Filling up the DagBag from /home/airflow/.local/lib/python3.8/site-packages/airflow/example_dags/tutorial_objectstorage.py
[2024-05-27T20:54:28.898+0000] {processor.py:840} INFO - DAG(s) 'tutorial_objectstorage' retrieved from /home/airflow/.local/lib/python3.8/site-packages/airflow/example_dags/tutorial_objectstorage.py
[2024-05-27T20:54:28.925+0000] {logging_mixin.py:188} INFO - [2024-05-27T20:54:28.925+0000] {dag.py:3096} INFO - Sync 1 DAGs
[2024-05-27T20:54:28.940+0000] {logging_mixin.py:188} INFO - [2024-05-27T20:54:28.940+0000] {dag.py:3954} INFO - Setting next_dagrun for tutorial_objectstorage to None, run_after=None
[2024-05-27T20:54:28.969+0000] {processor.py:183} INFO - Processing /home/airflow/.local/lib/python3.8/site-packages/airflow/example_dags/tutorial_objectstorage.py took 0.088 seconds
[2024-05-27T20:54:59.342+0000] {processor.py:161} INFO - Started process (PID=644) to work on /home/airflow/.local/lib/python3.8/site-packages/airflow/example_dags/tutorial_objectstorage.py
[2024-05-27T20:54:59.343+0000] {processor.py:830} INFO - Processing file /home/airflow/.local/lib/python3.8/site-packages/airflow/example_dags/tutorial_objectstorage.py for tasks to queue
[2024-05-27T20:54:59.345+0000] {logging_mixin.py:188} INFO - [2024-05-27T20:54:59.345+0000] {dagbag.py:545} INFO - Filling up the DagBag from /home/airflow/.local/lib/python3.8/site-packages/airflow/example_dags/tutorial_objectstorage.py
[2024-05-27T20:54:59.352+0000] {processor.py:840} INFO - DAG(s) 'tutorial_objectstorage' retrieved from /home/airflow/.local/lib/python3.8/site-packages/airflow/example_dags/tutorial_objectstorage.py
[2024-05-27T20:54:59.372+0000] {logging_mixin.py:188} INFO - [2024-05-27T20:54:59.372+0000] {dag.py:3096} INFO - Sync 1 DAGs
[2024-05-27T20:54:59.386+0000] {logging_mixin.py:188} INFO - [2024-05-27T20:54:59.386+0000] {dag.py:3954} INFO - Setting next_dagrun for tutorial_objectstorage to None, run_after=None
[2024-05-27T20:54:59.409+0000] {processor.py:183} INFO - Processing /home/airflow/.local/lib/python3.8/site-packages/airflow/example_dags/tutorial_objectstorage.py took 0.073 seconds
[2024-05-27T20:57:16.654+0000] {processor.py:161} INFO - Started process (PID=63) to work on /home/airflow/.local/lib/python3.8/site-packages/airflow/example_dags/tutorial_objectstorage.py
[2024-05-27T20:57:16.656+0000] {processor.py:830} INFO - Processing file /home/airflow/.local/lib/python3.8/site-packages/airflow/example_dags/tutorial_objectstorage.py for tasks to queue
[2024-05-27T20:57:16.658+0000] {logging_mixin.py:188} INFO - [2024-05-27T20:57:16.658+0000] {dagbag.py:545} INFO - Filling up the DagBag from /home/airflow/.local/lib/python3.8/site-packages/airflow/example_dags/tutorial_objectstorage.py
[2024-05-27T20:57:16.668+0000] {processor.py:840} INFO - DAG(s) 'tutorial_objectstorage' retrieved from /home/airflow/.local/lib/python3.8/site-packages/airflow/example_dags/tutorial_objectstorage.py
[2024-05-27T20:57:16.713+0000] {logging_mixin.py:188} INFO - [2024-05-27T20:57:16.712+0000] {dag.py:3096} INFO - Sync 1 DAGs
[2024-05-27T20:57:17.466+0000] {logging_mixin.py:188} INFO - [2024-05-27T20:57:17.466+0000] {dag.py:3954} INFO - Setting next_dagrun for tutorial_objectstorage to None, run_after=None
[2024-05-27T20:57:17.571+0000] {processor.py:183} INFO - Processing /home/airflow/.local/lib/python3.8/site-packages/airflow/example_dags/tutorial_objectstorage.py took 0.924 seconds
[2024-05-27T20:57:48.303+0000] {processor.py:161} INFO - Started process (PID=134) to work on /home/airflow/.local/lib/python3.8/site-packages/airflow/example_dags/tutorial_objectstorage.py
[2024-05-27T20:57:48.304+0000] {processor.py:830} INFO - Processing file /home/airflow/.local/lib/python3.8/site-packages/airflow/example_dags/tutorial_objectstorage.py for tasks to queue
[2024-05-27T20:57:48.331+0000] {logging_mixin.py:188} INFO - [2024-05-27T20:57:48.331+0000] {dagbag.py:545} INFO - Filling up the DagBag from /home/airflow/.local/lib/python3.8/site-packages/airflow/example_dags/tutorial_objectstorage.py
[2024-05-27T20:57:48.342+0000] {processor.py:840} INFO - DAG(s) 'tutorial_objectstorage' retrieved from /home/airflow/.local/lib/python3.8/site-packages/airflow/example_dags/tutorial_objectstorage.py
[2024-05-27T20:57:48.434+0000] {logging_mixin.py:188} INFO - [2024-05-27T20:57:48.434+0000] {dag.py:3096} INFO - Sync 1 DAGs
[2024-05-27T20:57:48.445+0000] {logging_mixin.py:188} INFO - [2024-05-27T20:57:48.445+0000] {dag.py:3954} INFO - Setting next_dagrun for tutorial_objectstorage to None, run_after=None
[2024-05-27T20:57:48.468+0000] {processor.py:183} INFO - Processing /home/airflow/.local/lib/python3.8/site-packages/airflow/example_dags/tutorial_objectstorage.py took 0.171 seconds
[2024-05-27T20:58:19.012+0000] {processor.py:161} INFO - Started process (PID=213) to work on /home/airflow/.local/lib/python3.8/site-packages/airflow/example_dags/tutorial_objectstorage.py
[2024-05-27T20:58:19.014+0000] {processor.py:830} INFO - Processing file /home/airflow/.local/lib/python3.8/site-packages/airflow/example_dags/tutorial_objectstorage.py for tasks to queue
[2024-05-27T20:58:19.017+0000] {logging_mixin.py:188} INFO - [2024-05-27T20:58:19.016+0000] {dagbag.py:545} INFO - Filling up the DagBag from /home/airflow/.local/lib/python3.8/site-packages/airflow/example_dags/tutorial_objectstorage.py
[2024-05-27T20:58:19.028+0000] {processor.py:840} INFO - DAG(s) 'tutorial_objectstorage' retrieved from /home/airflow/.local/lib/python3.8/site-packages/airflow/example_dags/tutorial_objectstorage.py
[2024-05-27T20:58:19.060+0000] {logging_mixin.py:188} INFO - [2024-05-27T20:58:19.059+0000] {dag.py:3096} INFO - Sync 1 DAGs
[2024-05-27T20:58:19.079+0000] {logging_mixin.py:188} INFO - [2024-05-27T20:58:19.079+0000] {dag.py:3954} INFO - Setting next_dagrun for tutorial_objectstorage to None, run_after=None
[2024-05-27T20:58:19.107+0000] {processor.py:183} INFO - Processing /home/airflow/.local/lib/python3.8/site-packages/airflow/example_dags/tutorial_objectstorage.py took 0.107 seconds
[2024-05-27T20:58:49.373+0000] {processor.py:161} INFO - Started process (PID=283) to work on /home/airflow/.local/lib/python3.8/site-packages/airflow/example_dags/tutorial_objectstorage.py
[2024-05-27T20:58:49.375+0000] {processor.py:830} INFO - Processing file /home/airflow/.local/lib/python3.8/site-packages/airflow/example_dags/tutorial_objectstorage.py for tasks to queue
[2024-05-27T20:58:49.377+0000] {logging_mixin.py:188} INFO - [2024-05-27T20:58:49.376+0000] {dagbag.py:545} INFO - Filling up the DagBag from /home/airflow/.local/lib/python3.8/site-packages/airflow/example_dags/tutorial_objectstorage.py
[2024-05-27T20:58:49.383+0000] {processor.py:840} INFO - DAG(s) 'tutorial_objectstorage' retrieved from /home/airflow/.local/lib/python3.8/site-packages/airflow/example_dags/tutorial_objectstorage.py
[2024-05-27T20:58:49.407+0000] {logging_mixin.py:188} INFO - [2024-05-27T20:58:49.407+0000] {dag.py:3096} INFO - Sync 1 DAGs
[2024-05-27T20:58:49.420+0000] {logging_mixin.py:188} INFO - [2024-05-27T20:58:49.420+0000] {dag.py:3954} INFO - Setting next_dagrun for tutorial_objectstorage to None, run_after=None
[2024-05-27T20:58:49.445+0000] {processor.py:183} INFO - Processing /home/airflow/.local/lib/python3.8/site-packages/airflow/example_dags/tutorial_objectstorage.py took 0.077 seconds
[2024-05-27T20:59:19.638+0000] {processor.py:161} INFO - Started process (PID=353) to work on /home/airflow/.local/lib/python3.8/site-packages/airflow/example_dags/tutorial_objectstorage.py
[2024-05-27T20:59:19.639+0000] {processor.py:830} INFO - Processing file /home/airflow/.local/lib/python3.8/site-packages/airflow/example_dags/tutorial_objectstorage.py for tasks to queue
[2024-05-27T20:59:19.641+0000] {logging_mixin.py:188} INFO - [2024-05-27T20:59:19.641+0000] {dagbag.py:545} INFO - Filling up the DagBag from /home/airflow/.local/lib/python3.8/site-packages/airflow/example_dags/tutorial_objectstorage.py
[2024-05-27T20:59:19.650+0000] {processor.py:840} INFO - DAG(s) 'tutorial_objectstorage' retrieved from /home/airflow/.local/lib/python3.8/site-packages/airflow/example_dags/tutorial_objectstorage.py
[2024-05-27T20:59:19.671+0000] {logging_mixin.py:188} INFO - [2024-05-27T20:59:19.671+0000] {dag.py:3096} INFO - Sync 1 DAGs
[2024-05-27T20:59:19.685+0000] {logging_mixin.py:188} INFO - [2024-05-27T20:59:19.685+0000] {dag.py:3954} INFO - Setting next_dagrun for tutorial_objectstorage to None, run_after=None
[2024-05-27T20:59:19.706+0000] {processor.py:183} INFO - Processing /home/airflow/.local/lib/python3.8/site-packages/airflow/example_dags/tutorial_objectstorage.py took 0.076 seconds
[2024-05-27T20:59:50.028+0000] {processor.py:161} INFO - Started process (PID=431) to work on /home/airflow/.local/lib/python3.8/site-packages/airflow/example_dags/tutorial_objectstorage.py
[2024-05-27T20:59:50.029+0000] {processor.py:830} INFO - Processing file /home/airflow/.local/lib/python3.8/site-packages/airflow/example_dags/tutorial_objectstorage.py for tasks to queue
[2024-05-27T20:59:50.031+0000] {logging_mixin.py:188} INFO - [2024-05-27T20:59:50.031+0000] {dagbag.py:545} INFO - Filling up the DagBag from /home/airflow/.local/lib/python3.8/site-packages/airflow/example_dags/tutorial_objectstorage.py
[2024-05-27T20:59:50.038+0000] {processor.py:840} INFO - DAG(s) 'tutorial_objectstorage' retrieved from /home/airflow/.local/lib/python3.8/site-packages/airflow/example_dags/tutorial_objectstorage.py
[2024-05-27T20:59:50.060+0000] {logging_mixin.py:188} INFO - [2024-05-27T20:59:50.060+0000] {dag.py:3096} INFO - Sync 1 DAGs
[2024-05-27T20:59:50.071+0000] {logging_mixin.py:188} INFO - [2024-05-27T20:59:50.071+0000] {dag.py:3954} INFO - Setting next_dagrun for tutorial_objectstorage to None, run_after=None
[2024-05-27T20:59:50.091+0000] {processor.py:183} INFO - Processing /home/airflow/.local/lib/python3.8/site-packages/airflow/example_dags/tutorial_objectstorage.py took 0.071 seconds
[2024-05-27T21:00:20.530+0000] {processor.py:161} INFO - Started process (PID=501) to work on /home/airflow/.local/lib/python3.8/site-packages/airflow/example_dags/tutorial_objectstorage.py
[2024-05-27T21:00:20.531+0000] {processor.py:830} INFO - Processing file /home/airflow/.local/lib/python3.8/site-packages/airflow/example_dags/tutorial_objectstorage.py for tasks to queue
[2024-05-27T21:00:20.533+0000] {logging_mixin.py:188} INFO - [2024-05-27T21:00:20.533+0000] {dagbag.py:545} INFO - Filling up the DagBag from /home/airflow/.local/lib/python3.8/site-packages/airflow/example_dags/tutorial_objectstorage.py
[2024-05-27T21:00:20.539+0000] {processor.py:840} INFO - DAG(s) 'tutorial_objectstorage' retrieved from /home/airflow/.local/lib/python3.8/site-packages/airflow/example_dags/tutorial_objectstorage.py
[2024-05-27T21:00:20.564+0000] {logging_mixin.py:188} INFO - [2024-05-27T21:00:20.564+0000] {dag.py:3096} INFO - Sync 1 DAGs
[2024-05-27T21:00:20.575+0000] {logging_mixin.py:188} INFO - [2024-05-27T21:00:20.574+0000] {dag.py:3954} INFO - Setting next_dagrun for tutorial_objectstorage to None, run_after=None
[2024-05-27T21:00:20.596+0000] {processor.py:183} INFO - Processing /home/airflow/.local/lib/python3.8/site-packages/airflow/example_dags/tutorial_objectstorage.py took 0.072 seconds
[2024-05-27T21:00:50.869+0000] {processor.py:161} INFO - Started process (PID=578) to work on /home/airflow/.local/lib/python3.8/site-packages/airflow/example_dags/tutorial_objectstorage.py
[2024-05-27T21:00:50.870+0000] {processor.py:830} INFO - Processing file /home/airflow/.local/lib/python3.8/site-packages/airflow/example_dags/tutorial_objectstorage.py for tasks to queue
[2024-05-27T21:00:50.872+0000] {logging_mixin.py:188} INFO - [2024-05-27T21:00:50.872+0000] {dagbag.py:545} INFO - Filling up the DagBag from /home/airflow/.local/lib/python3.8/site-packages/airflow/example_dags/tutorial_objectstorage.py
[2024-05-27T21:00:50.883+0000] {processor.py:840} INFO - DAG(s) 'tutorial_objectstorage' retrieved from /home/airflow/.local/lib/python3.8/site-packages/airflow/example_dags/tutorial_objectstorage.py
[2024-05-27T21:00:50.906+0000] {logging_mixin.py:188} INFO - [2024-05-27T21:00:50.906+0000] {dag.py:3096} INFO - Sync 1 DAGs
[2024-05-27T21:00:50.923+0000] {logging_mixin.py:188} INFO - [2024-05-27T21:00:50.923+0000] {dag.py:3954} INFO - Setting next_dagrun for tutorial_objectstorage to None, run_after=None
[2024-05-27T21:00:50.949+0000] {processor.py:183} INFO - Processing /home/airflow/.local/lib/python3.8/site-packages/airflow/example_dags/tutorial_objectstorage.py took 0.088 seconds
[2024-05-27T21:01:21.599+0000] {processor.py:161} INFO - Started process (PID=649) to work on /home/airflow/.local/lib/python3.8/site-packages/airflow/example_dags/tutorial_objectstorage.py
[2024-05-27T21:01:21.600+0000] {processor.py:830} INFO - Processing file /home/airflow/.local/lib/python3.8/site-packages/airflow/example_dags/tutorial_objectstorage.py for tasks to queue
[2024-05-27T21:01:21.602+0000] {logging_mixin.py:188} INFO - [2024-05-27T21:01:21.602+0000] {dagbag.py:545} INFO - Filling up the DagBag from /home/airflow/.local/lib/python3.8/site-packages/airflow/example_dags/tutorial_objectstorage.py
[2024-05-27T21:01:21.609+0000] {processor.py:840} INFO - DAG(s) 'tutorial_objectstorage' retrieved from /home/airflow/.local/lib/python3.8/site-packages/airflow/example_dags/tutorial_objectstorage.py
[2024-05-27T21:01:21.650+0000] {logging_mixin.py:188} INFO - [2024-05-27T21:01:21.649+0000] {dag.py:3096} INFO - Sync 1 DAGs
[2024-05-27T21:01:21.662+0000] {logging_mixin.py:188} INFO - [2024-05-27T21:01:21.662+0000] {dag.py:3954} INFO - Setting next_dagrun for tutorial_objectstorage to None, run_after=None
[2024-05-27T21:01:21.682+0000] {processor.py:183} INFO - Processing /home/airflow/.local/lib/python3.8/site-packages/airflow/example_dags/tutorial_objectstorage.py took 0.097 seconds
[2024-05-27T21:01:52.187+0000] {processor.py:161} INFO - Started process (PID=719) to work on /home/airflow/.local/lib/python3.8/site-packages/airflow/example_dags/tutorial_objectstorage.py
[2024-05-27T21:01:52.188+0000] {processor.py:830} INFO - Processing file /home/airflow/.local/lib/python3.8/site-packages/airflow/example_dags/tutorial_objectstorage.py for tasks to queue
[2024-05-27T21:01:52.190+0000] {logging_mixin.py:188} INFO - [2024-05-27T21:01:52.190+0000] {dagbag.py:545} INFO - Filling up the DagBag from /home/airflow/.local/lib/python3.8/site-packages/airflow/example_dags/tutorial_objectstorage.py
[2024-05-27T21:01:52.198+0000] {processor.py:840} INFO - DAG(s) 'tutorial_objectstorage' retrieved from /home/airflow/.local/lib/python3.8/site-packages/airflow/example_dags/tutorial_objectstorage.py
[2024-05-27T21:01:52.229+0000] {logging_mixin.py:188} INFO - [2024-05-27T21:01:52.228+0000] {dag.py:3096} INFO - Sync 1 DAGs
[2024-05-27T21:01:52.247+0000] {logging_mixin.py:188} INFO - [2024-05-27T21:01:52.247+0000] {dag.py:3954} INFO - Setting next_dagrun for tutorial_objectstorage to None, run_after=None
[2024-05-27T21:01:52.274+0000] {processor.py:183} INFO - Processing /home/airflow/.local/lib/python3.8/site-packages/airflow/example_dags/tutorial_objectstorage.py took 0.094 seconds
[2024-05-27T21:06:44.395+0000] {processor.py:161} INFO - Started process (PID=71) to work on /home/airflow/.local/lib/python3.8/site-packages/airflow/example_dags/tutorial_objectstorage.py
[2024-05-27T21:06:44.400+0000] {processor.py:830} INFO - Processing file /home/airflow/.local/lib/python3.8/site-packages/airflow/example_dags/tutorial_objectstorage.py for tasks to queue
[2024-05-27T21:06:44.404+0000] {logging_mixin.py:188} INFO - [2024-05-27T21:06:44.403+0000] {dagbag.py:545} INFO - Filling up the DagBag from /home/airflow/.local/lib/python3.8/site-packages/airflow/example_dags/tutorial_objectstorage.py
[2024-05-27T21:06:44.426+0000] {processor.py:840} INFO - DAG(s) 'tutorial_objectstorage' retrieved from /home/airflow/.local/lib/python3.8/site-packages/airflow/example_dags/tutorial_objectstorage.py
[2024-05-27T21:06:44.748+0000] {logging_mixin.py:188} INFO - [2024-05-27T21:06:44.747+0000] {dag.py:3096} INFO - Sync 1 DAGs
[2024-05-27T21:06:44.777+0000] {logging_mixin.py:188} INFO - [2024-05-27T21:06:44.776+0000] {dag.py:3954} INFO - Setting next_dagrun for tutorial_objectstorage to None, run_after=None
[2024-05-27T21:06:44.848+0000] {processor.py:183} INFO - Processing /home/airflow/.local/lib/python3.8/site-packages/airflow/example_dags/tutorial_objectstorage.py took 0.466 seconds
[2024-05-27T21:07:15.809+0000] {processor.py:161} INFO - Started process (PID=141) to work on /home/airflow/.local/lib/python3.8/site-packages/airflow/example_dags/tutorial_objectstorage.py
[2024-05-27T21:07:15.812+0000] {processor.py:830} INFO - Processing file /home/airflow/.local/lib/python3.8/site-packages/airflow/example_dags/tutorial_objectstorage.py for tasks to queue
[2024-05-27T21:07:15.815+0000] {logging_mixin.py:188} INFO - [2024-05-27T21:07:15.814+0000] {dagbag.py:545} INFO - Filling up the DagBag from /home/airflow/.local/lib/python3.8/site-packages/airflow/example_dags/tutorial_objectstorage.py
[2024-05-27T21:07:15.828+0000] {processor.py:840} INFO - DAG(s) 'tutorial_objectstorage' retrieved from /home/airflow/.local/lib/python3.8/site-packages/airflow/example_dags/tutorial_objectstorage.py
[2024-05-27T21:07:15.872+0000] {logging_mixin.py:188} INFO - [2024-05-27T21:07:15.872+0000] {dag.py:3096} INFO - Sync 1 DAGs
[2024-05-27T21:07:15.902+0000] {logging_mixin.py:188} INFO - [2024-05-27T21:07:15.902+0000] {dag.py:3954} INFO - Setting next_dagrun for tutorial_objectstorage to None, run_after=None
[2024-05-27T21:07:15.945+0000] {processor.py:183} INFO - Processing /home/airflow/.local/lib/python3.8/site-packages/airflow/example_dags/tutorial_objectstorage.py took 0.151 seconds
[2024-05-27T21:07:46.770+0000] {processor.py:161} INFO - Started process (PID=211) to work on /home/airflow/.local/lib/python3.8/site-packages/airflow/example_dags/tutorial_objectstorage.py
[2024-05-27T21:07:46.776+0000] {processor.py:830} INFO - Processing file /home/airflow/.local/lib/python3.8/site-packages/airflow/example_dags/tutorial_objectstorage.py for tasks to queue
[2024-05-27T21:07:46.780+0000] {logging_mixin.py:188} INFO - [2024-05-27T21:07:46.780+0000] {dagbag.py:545} INFO - Filling up the DagBag from /home/airflow/.local/lib/python3.8/site-packages/airflow/example_dags/tutorial_objectstorage.py
[2024-05-27T21:07:46.808+0000] {processor.py:840} INFO - DAG(s) 'tutorial_objectstorage' retrieved from /home/airflow/.local/lib/python3.8/site-packages/airflow/example_dags/tutorial_objectstorage.py
[2024-05-27T21:07:46.878+0000] {logging_mixin.py:188} INFO - [2024-05-27T21:07:46.878+0000] {dag.py:3096} INFO - Sync 1 DAGs
[2024-05-27T21:07:46.915+0000] {logging_mixin.py:188} INFO - [2024-05-27T21:07:46.914+0000] {dag.py:3954} INFO - Setting next_dagrun for tutorial_objectstorage to None, run_after=None
[2024-05-27T21:07:46.970+0000] {processor.py:183} INFO - Processing /home/airflow/.local/lib/python3.8/site-packages/airflow/example_dags/tutorial_objectstorage.py took 0.214 seconds
[2024-05-27T21:08:17.096+0000] {processor.py:161} INFO - Started process (PID=280) to work on /home/airflow/.local/lib/python3.8/site-packages/airflow/example_dags/tutorial_objectstorage.py
[2024-05-27T21:08:17.101+0000] {processor.py:830} INFO - Processing file /home/airflow/.local/lib/python3.8/site-packages/airflow/example_dags/tutorial_objectstorage.py for tasks to queue
[2024-05-27T21:08:17.105+0000] {logging_mixin.py:188} INFO - [2024-05-27T21:08:17.104+0000] {dagbag.py:545} INFO - Filling up the DagBag from /home/airflow/.local/lib/python3.8/site-packages/airflow/example_dags/tutorial_objectstorage.py
[2024-05-27T21:08:17.123+0000] {processor.py:840} INFO - DAG(s) 'tutorial_objectstorage' retrieved from /home/airflow/.local/lib/python3.8/site-packages/airflow/example_dags/tutorial_objectstorage.py
[2024-05-27T21:08:17.170+0000] {logging_mixin.py:188} INFO - [2024-05-27T21:08:17.170+0000] {dag.py:3096} INFO - Sync 1 DAGs
[2024-05-27T21:08:17.193+0000] {logging_mixin.py:188} INFO - [2024-05-27T21:08:17.193+0000] {dag.py:3954} INFO - Setting next_dagrun for tutorial_objectstorage to None, run_after=None
[2024-05-27T21:08:17.231+0000] {processor.py:183} INFO - Processing /home/airflow/.local/lib/python3.8/site-packages/airflow/example_dags/tutorial_objectstorage.py took 0.149 seconds
[2024-05-27T21:08:47.399+0000] {processor.py:161} INFO - Started process (PID=350) to work on /home/airflow/.local/lib/python3.8/site-packages/airflow/example_dags/tutorial_objectstorage.py
[2024-05-27T21:08:47.400+0000] {processor.py:830} INFO - Processing file /home/airflow/.local/lib/python3.8/site-packages/airflow/example_dags/tutorial_objectstorage.py for tasks to queue
[2024-05-27T21:08:47.405+0000] {logging_mixin.py:188} INFO - [2024-05-27T21:08:47.404+0000] {dagbag.py:545} INFO - Filling up the DagBag from /home/airflow/.local/lib/python3.8/site-packages/airflow/example_dags/tutorial_objectstorage.py
[2024-05-27T21:08:47.428+0000] {processor.py:840} INFO - DAG(s) 'tutorial_objectstorage' retrieved from /home/airflow/.local/lib/python3.8/site-packages/airflow/example_dags/tutorial_objectstorage.py
[2024-05-27T21:08:47.475+0000] {logging_mixin.py:188} INFO - [2024-05-27T21:08:47.475+0000] {dag.py:3096} INFO - Sync 1 DAGs
[2024-05-27T21:08:47.509+0000] {logging_mixin.py:188} INFO - [2024-05-27T21:08:47.509+0000] {dag.py:3954} INFO - Setting next_dagrun for tutorial_objectstorage to None, run_after=None
[2024-05-27T21:08:47.555+0000] {processor.py:183} INFO - Processing /home/airflow/.local/lib/python3.8/site-packages/airflow/example_dags/tutorial_objectstorage.py took 0.173 seconds
[2024-05-27T21:09:17.671+0000] {processor.py:161} INFO - Started process (PID=421) to work on /home/airflow/.local/lib/python3.8/site-packages/airflow/example_dags/tutorial_objectstorage.py
[2024-05-27T21:09:17.676+0000] {processor.py:830} INFO - Processing file /home/airflow/.local/lib/python3.8/site-packages/airflow/example_dags/tutorial_objectstorage.py for tasks to queue
[2024-05-27T21:09:17.680+0000] {logging_mixin.py:188} INFO - [2024-05-27T21:09:17.680+0000] {dagbag.py:545} INFO - Filling up the DagBag from /home/airflow/.local/lib/python3.8/site-packages/airflow/example_dags/tutorial_objectstorage.py
[2024-05-27T21:09:17.699+0000] {processor.py:840} INFO - DAG(s) 'tutorial_objectstorage' retrieved from /home/airflow/.local/lib/python3.8/site-packages/airflow/example_dags/tutorial_objectstorage.py
[2024-05-27T21:09:17.750+0000] {logging_mixin.py:188} INFO - [2024-05-27T21:09:17.747+0000] {dag.py:3096} INFO - Sync 1 DAGs
[2024-05-27T21:09:17.785+0000] {logging_mixin.py:188} INFO - [2024-05-27T21:09:17.784+0000] {dag.py:3954} INFO - Setting next_dagrun for tutorial_objectstorage to None, run_after=None
[2024-05-27T21:09:17.836+0000] {processor.py:183} INFO - Processing /home/airflow/.local/lib/python3.8/site-packages/airflow/example_dags/tutorial_objectstorage.py took 0.186 seconds
[2024-05-27T21:09:48.134+0000] {processor.py:161} INFO - Started process (PID=490) to work on /home/airflow/.local/lib/python3.8/site-packages/airflow/example_dags/tutorial_objectstorage.py
[2024-05-27T21:09:48.148+0000] {processor.py:830} INFO - Processing file /home/airflow/.local/lib/python3.8/site-packages/airflow/example_dags/tutorial_objectstorage.py for tasks to queue
[2024-05-27T21:09:48.151+0000] {logging_mixin.py:188} INFO - [2024-05-27T21:09:48.151+0000] {dagbag.py:545} INFO - Filling up the DagBag from /home/airflow/.local/lib/python3.8/site-packages/airflow/example_dags/tutorial_objectstorage.py
[2024-05-27T21:09:48.175+0000] {processor.py:840} INFO - DAG(s) 'tutorial_objectstorage' retrieved from /home/airflow/.local/lib/python3.8/site-packages/airflow/example_dags/tutorial_objectstorage.py
[2024-05-27T21:09:48.233+0000] {logging_mixin.py:188} INFO - [2024-05-27T21:09:48.232+0000] {dag.py:3096} INFO - Sync 1 DAGs
[2024-05-27T21:09:48.281+0000] {logging_mixin.py:188} INFO - [2024-05-27T21:09:48.279+0000] {dag.py:3954} INFO - Setting next_dagrun for tutorial_objectstorage to None, run_after=None
[2024-05-27T21:09:48.380+0000] {processor.py:183} INFO - Processing /home/airflow/.local/lib/python3.8/site-packages/airflow/example_dags/tutorial_objectstorage.py took 0.262 seconds
[2024-05-27T21:10:18.937+0000] {processor.py:161} INFO - Started process (PID=560) to work on /home/airflow/.local/lib/python3.8/site-packages/airflow/example_dags/tutorial_objectstorage.py
[2024-05-27T21:10:18.942+0000] {processor.py:830} INFO - Processing file /home/airflow/.local/lib/python3.8/site-packages/airflow/example_dags/tutorial_objectstorage.py for tasks to queue
[2024-05-27T21:10:18.945+0000] {logging_mixin.py:188} INFO - [2024-05-27T21:10:18.945+0000] {dagbag.py:545} INFO - Filling up the DagBag from /home/airflow/.local/lib/python3.8/site-packages/airflow/example_dags/tutorial_objectstorage.py
[2024-05-27T21:10:18.959+0000] {processor.py:840} INFO - DAG(s) 'tutorial_objectstorage' retrieved from /home/airflow/.local/lib/python3.8/site-packages/airflow/example_dags/tutorial_objectstorage.py
[2024-05-27T21:10:18.995+0000] {logging_mixin.py:188} INFO - [2024-05-27T21:10:18.994+0000] {dag.py:3096} INFO - Sync 1 DAGs
[2024-05-27T21:10:19.025+0000] {logging_mixin.py:188} INFO - [2024-05-27T21:10:19.025+0000] {dag.py:3954} INFO - Setting next_dagrun for tutorial_objectstorage to None, run_after=None
[2024-05-27T21:10:19.063+0000] {processor.py:183} INFO - Processing /home/airflow/.local/lib/python3.8/site-packages/airflow/example_dags/tutorial_objectstorage.py took 0.137 seconds
[2024-05-27T21:10:49.223+0000] {processor.py:161} INFO - Started process (PID=622) to work on /home/airflow/.local/lib/python3.8/site-packages/airflow/example_dags/tutorial_objectstorage.py
[2024-05-27T21:10:49.225+0000] {processor.py:830} INFO - Processing file /home/airflow/.local/lib/python3.8/site-packages/airflow/example_dags/tutorial_objectstorage.py for tasks to queue
[2024-05-27T21:10:49.229+0000] {logging_mixin.py:188} INFO - [2024-05-27T21:10:49.228+0000] {dagbag.py:545} INFO - Filling up the DagBag from /home/airflow/.local/lib/python3.8/site-packages/airflow/example_dags/tutorial_objectstorage.py
[2024-05-27T21:10:49.243+0000] {processor.py:840} INFO - DAG(s) 'tutorial_objectstorage' retrieved from /home/airflow/.local/lib/python3.8/site-packages/airflow/example_dags/tutorial_objectstorage.py
[2024-05-27T21:10:49.273+0000] {logging_mixin.py:188} INFO - [2024-05-27T21:10:49.273+0000] {dag.py:3096} INFO - Sync 1 DAGs
[2024-05-27T21:10:49.291+0000] {logging_mixin.py:188} INFO - [2024-05-27T21:10:49.291+0000] {dag.py:3954} INFO - Setting next_dagrun for tutorial_objectstorage to None, run_after=None
[2024-05-27T21:10:49.324+0000] {processor.py:183} INFO - Processing /home/airflow/.local/lib/python3.8/site-packages/airflow/example_dags/tutorial_objectstorage.py took 0.110 seconds
[2024-05-27T21:11:19.952+0000] {processor.py:161} INFO - Started process (PID=699) to work on /home/airflow/.local/lib/python3.8/site-packages/airflow/example_dags/tutorial_objectstorage.py
[2024-05-27T21:11:19.954+0000] {processor.py:830} INFO - Processing file /home/airflow/.local/lib/python3.8/site-packages/airflow/example_dags/tutorial_objectstorage.py for tasks to queue
[2024-05-27T21:11:19.958+0000] {logging_mixin.py:188} INFO - [2024-05-27T21:11:19.957+0000] {dagbag.py:545} INFO - Filling up the DagBag from /home/airflow/.local/lib/python3.8/site-packages/airflow/example_dags/tutorial_objectstorage.py
[2024-05-27T21:11:19.971+0000] {processor.py:840} INFO - DAG(s) 'tutorial_objectstorage' retrieved from /home/airflow/.local/lib/python3.8/site-packages/airflow/example_dags/tutorial_objectstorage.py
[2024-05-27T21:11:20.003+0000] {logging_mixin.py:188} INFO - [2024-05-27T21:11:20.003+0000] {dag.py:3096} INFO - Sync 1 DAGs
[2024-05-27T21:11:20.021+0000] {logging_mixin.py:188} INFO - [2024-05-27T21:11:20.020+0000] {dag.py:3954} INFO - Setting next_dagrun for tutorial_objectstorage to None, run_after=None
[2024-05-27T21:11:20.074+0000] {processor.py:183} INFO - Processing /home/airflow/.local/lib/python3.8/site-packages/airflow/example_dags/tutorial_objectstorage.py took 0.133 seconds
[2024-05-27T21:11:50.914+0000] {processor.py:161} INFO - Started process (PID=769) to work on /home/airflow/.local/lib/python3.8/site-packages/airflow/example_dags/tutorial_objectstorage.py
[2024-05-27T21:11:50.916+0000] {processor.py:830} INFO - Processing file /home/airflow/.local/lib/python3.8/site-packages/airflow/example_dags/tutorial_objectstorage.py for tasks to queue
[2024-05-27T21:11:50.919+0000] {logging_mixin.py:188} INFO - [2024-05-27T21:11:50.919+0000] {dagbag.py:545} INFO - Filling up the DagBag from /home/airflow/.local/lib/python3.8/site-packages/airflow/example_dags/tutorial_objectstorage.py
[2024-05-27T21:11:50.940+0000] {processor.py:840} INFO - DAG(s) 'tutorial_objectstorage' retrieved from /home/airflow/.local/lib/python3.8/site-packages/airflow/example_dags/tutorial_objectstorage.py
[2024-05-27T21:11:50.984+0000] {logging_mixin.py:188} INFO - [2024-05-27T21:11:50.983+0000] {dag.py:3096} INFO - Sync 1 DAGs
[2024-05-27T21:11:51.036+0000] {logging_mixin.py:188} INFO - [2024-05-27T21:11:51.035+0000] {dag.py:3954} INFO - Setting next_dagrun for tutorial_objectstorage to None, run_after=None
[2024-05-27T21:11:51.089+0000] {processor.py:183} INFO - Processing /home/airflow/.local/lib/python3.8/site-packages/airflow/example_dags/tutorial_objectstorage.py took 0.189 seconds
[2024-05-27T21:12:21.767+0000] {processor.py:161} INFO - Started process (PID=840) to work on /home/airflow/.local/lib/python3.8/site-packages/airflow/example_dags/tutorial_objectstorage.py
[2024-05-27T21:12:21.769+0000] {processor.py:830} INFO - Processing file /home/airflow/.local/lib/python3.8/site-packages/airflow/example_dags/tutorial_objectstorage.py for tasks to queue
[2024-05-27T21:12:21.771+0000] {logging_mixin.py:188} INFO - [2024-05-27T21:12:21.770+0000] {dagbag.py:545} INFO - Filling up the DagBag from /home/airflow/.local/lib/python3.8/site-packages/airflow/example_dags/tutorial_objectstorage.py
[2024-05-27T21:12:21.779+0000] {processor.py:840} INFO - DAG(s) 'tutorial_objectstorage' retrieved from /home/airflow/.local/lib/python3.8/site-packages/airflow/example_dags/tutorial_objectstorage.py
[2024-05-27T21:12:21.799+0000] {logging_mixin.py:188} INFO - [2024-05-27T21:12:21.798+0000] {dag.py:3096} INFO - Sync 1 DAGs
[2024-05-27T21:12:21.812+0000] {logging_mixin.py:188} INFO - [2024-05-27T21:12:21.812+0000] {dag.py:3954} INFO - Setting next_dagrun for tutorial_objectstorage to None, run_after=None
[2024-05-27T21:12:21.836+0000] {processor.py:183} INFO - Processing /home/airflow/.local/lib/python3.8/site-packages/airflow/example_dags/tutorial_objectstorage.py took 0.077 seconds
[2024-05-27T21:12:52.254+0000] {processor.py:161} INFO - Started process (PID=910) to work on /home/airflow/.local/lib/python3.8/site-packages/airflow/example_dags/tutorial_objectstorage.py
[2024-05-27T21:12:52.256+0000] {processor.py:830} INFO - Processing file /home/airflow/.local/lib/python3.8/site-packages/airflow/example_dags/tutorial_objectstorage.py for tasks to queue
[2024-05-27T21:12:52.259+0000] {logging_mixin.py:188} INFO - [2024-05-27T21:12:52.258+0000] {dagbag.py:545} INFO - Filling up the DagBag from /home/airflow/.local/lib/python3.8/site-packages/airflow/example_dags/tutorial_objectstorage.py
[2024-05-27T21:12:52.267+0000] {processor.py:840} INFO - DAG(s) 'tutorial_objectstorage' retrieved from /home/airflow/.local/lib/python3.8/site-packages/airflow/example_dags/tutorial_objectstorage.py
[2024-05-27T21:12:52.287+0000] {logging_mixin.py:188} INFO - [2024-05-27T21:12:52.287+0000] {dag.py:3096} INFO - Sync 1 DAGs
[2024-05-27T21:12:52.301+0000] {logging_mixin.py:188} INFO - [2024-05-27T21:12:52.301+0000] {dag.py:3954} INFO - Setting next_dagrun for tutorial_objectstorage to None, run_after=None
[2024-05-27T21:12:52.322+0000] {processor.py:183} INFO - Processing /home/airflow/.local/lib/python3.8/site-packages/airflow/example_dags/tutorial_objectstorage.py took 0.074 seconds
[2024-05-27T21:13:23.005+0000] {processor.py:161} INFO - Started process (PID=987) to work on /home/airflow/.local/lib/python3.8/site-packages/airflow/example_dags/tutorial_objectstorage.py
[2024-05-27T21:13:23.006+0000] {processor.py:830} INFO - Processing file /home/airflow/.local/lib/python3.8/site-packages/airflow/example_dags/tutorial_objectstorage.py for tasks to queue
[2024-05-27T21:13:23.009+0000] {logging_mixin.py:188} INFO - [2024-05-27T21:13:23.008+0000] {dagbag.py:545} INFO - Filling up the DagBag from /home/airflow/.local/lib/python3.8/site-packages/airflow/example_dags/tutorial_objectstorage.py
[2024-05-27T21:13:23.017+0000] {processor.py:840} INFO - DAG(s) 'tutorial_objectstorage' retrieved from /home/airflow/.local/lib/python3.8/site-packages/airflow/example_dags/tutorial_objectstorage.py
[2024-05-27T21:13:23.046+0000] {logging_mixin.py:188} INFO - [2024-05-27T21:13:23.046+0000] {dag.py:3096} INFO - Sync 1 DAGs
[2024-05-27T21:13:23.065+0000] {logging_mixin.py:188} INFO - [2024-05-27T21:13:23.065+0000] {dag.py:3954} INFO - Setting next_dagrun for tutorial_objectstorage to None, run_after=None
[2024-05-27T21:13:23.089+0000] {processor.py:183} INFO - Processing /home/airflow/.local/lib/python3.8/site-packages/airflow/example_dags/tutorial_objectstorage.py took 0.090 seconds
[2024-05-27T21:13:53.538+0000] {processor.py:161} INFO - Started process (PID=1057) to work on /home/airflow/.local/lib/python3.8/site-packages/airflow/example_dags/tutorial_objectstorage.py
[2024-05-27T21:13:53.539+0000] {processor.py:830} INFO - Processing file /home/airflow/.local/lib/python3.8/site-packages/airflow/example_dags/tutorial_objectstorage.py for tasks to queue
[2024-05-27T21:13:53.541+0000] {logging_mixin.py:188} INFO - [2024-05-27T21:13:53.541+0000] {dagbag.py:545} INFO - Filling up the DagBag from /home/airflow/.local/lib/python3.8/site-packages/airflow/example_dags/tutorial_objectstorage.py
[2024-05-27T21:13:53.549+0000] {processor.py:840} INFO - DAG(s) 'tutorial_objectstorage' retrieved from /home/airflow/.local/lib/python3.8/site-packages/airflow/example_dags/tutorial_objectstorage.py
[2024-05-27T21:13:53.569+0000] {logging_mixin.py:188} INFO - [2024-05-27T21:13:53.568+0000] {dag.py:3096} INFO - Sync 1 DAGs
[2024-05-27T21:13:53.580+0000] {logging_mixin.py:188} INFO - [2024-05-27T21:13:53.580+0000] {dag.py:3954} INFO - Setting next_dagrun for tutorial_objectstorage to None, run_after=None
[2024-05-27T21:13:53.599+0000] {processor.py:183} INFO - Processing /home/airflow/.local/lib/python3.8/site-packages/airflow/example_dags/tutorial_objectstorage.py took 0.067 seconds
[2024-05-27T21:14:24.073+0000] {processor.py:161} INFO - Started process (PID=1127) to work on /home/airflow/.local/lib/python3.8/site-packages/airflow/example_dags/tutorial_objectstorage.py
[2024-05-27T21:14:24.075+0000] {processor.py:830} INFO - Processing file /home/airflow/.local/lib/python3.8/site-packages/airflow/example_dags/tutorial_objectstorage.py for tasks to queue
[2024-05-27T21:14:24.078+0000] {logging_mixin.py:188} INFO - [2024-05-27T21:14:24.078+0000] {dagbag.py:545} INFO - Filling up the DagBag from /home/airflow/.local/lib/python3.8/site-packages/airflow/example_dags/tutorial_objectstorage.py
[2024-05-27T21:14:24.087+0000] {processor.py:840} INFO - DAG(s) 'tutorial_objectstorage' retrieved from /home/airflow/.local/lib/python3.8/site-packages/airflow/example_dags/tutorial_objectstorage.py
[2024-05-27T21:14:24.111+0000] {logging_mixin.py:188} INFO - [2024-05-27T21:14:24.110+0000] {dag.py:3096} INFO - Sync 1 DAGs
[2024-05-27T21:14:24.125+0000] {logging_mixin.py:188} INFO - [2024-05-27T21:14:24.124+0000] {dag.py:3954} INFO - Setting next_dagrun for tutorial_objectstorage to None, run_after=None
[2024-05-27T21:14:24.148+0000] {processor.py:183} INFO - Processing /home/airflow/.local/lib/python3.8/site-packages/airflow/example_dags/tutorial_objectstorage.py took 0.082 seconds
[2024-05-27T21:14:55.096+0000] {processor.py:161} INFO - Started process (PID=1206) to work on /home/airflow/.local/lib/python3.8/site-packages/airflow/example_dags/tutorial_objectstorage.py
[2024-05-27T21:14:55.097+0000] {processor.py:830} INFO - Processing file /home/airflow/.local/lib/python3.8/site-packages/airflow/example_dags/tutorial_objectstorage.py for tasks to queue
[2024-05-27T21:14:55.099+0000] {logging_mixin.py:188} INFO - [2024-05-27T21:14:55.099+0000] {dagbag.py:545} INFO - Filling up the DagBag from /home/airflow/.local/lib/python3.8/site-packages/airflow/example_dags/tutorial_objectstorage.py
[2024-05-27T21:14:55.106+0000] {processor.py:840} INFO - DAG(s) 'tutorial_objectstorage' retrieved from /home/airflow/.local/lib/python3.8/site-packages/airflow/example_dags/tutorial_objectstorage.py
[2024-05-27T21:14:55.124+0000] {logging_mixin.py:188} INFO - [2024-05-27T21:14:55.124+0000] {dag.py:3096} INFO - Sync 1 DAGs
[2024-05-27T21:14:55.136+0000] {logging_mixin.py:188} INFO - [2024-05-27T21:14:55.135+0000] {dag.py:3954} INFO - Setting next_dagrun for tutorial_objectstorage to None, run_after=None
[2024-05-27T21:14:55.159+0000] {processor.py:183} INFO - Processing /home/airflow/.local/lib/python3.8/site-packages/airflow/example_dags/tutorial_objectstorage.py took 0.069 seconds
[2024-05-27T21:15:25.858+0000] {processor.py:161} INFO - Started process (PID=1276) to work on /home/airflow/.local/lib/python3.8/site-packages/airflow/example_dags/tutorial_objectstorage.py
[2024-05-27T21:15:25.860+0000] {processor.py:830} INFO - Processing file /home/airflow/.local/lib/python3.8/site-packages/airflow/example_dags/tutorial_objectstorage.py for tasks to queue
[2024-05-27T21:15:25.862+0000] {logging_mixin.py:188} INFO - [2024-05-27T21:15:25.862+0000] {dagbag.py:545} INFO - Filling up the DagBag from /home/airflow/.local/lib/python3.8/site-packages/airflow/example_dags/tutorial_objectstorage.py
[2024-05-27T21:15:25.871+0000] {processor.py:840} INFO - DAG(s) 'tutorial_objectstorage' retrieved from /home/airflow/.local/lib/python3.8/site-packages/airflow/example_dags/tutorial_objectstorage.py
[2024-05-27T21:15:25.892+0000] {logging_mixin.py:188} INFO - [2024-05-27T21:15:25.892+0000] {dag.py:3096} INFO - Sync 1 DAGs
[2024-05-27T21:15:25.906+0000] {logging_mixin.py:188} INFO - [2024-05-27T21:15:25.906+0000] {dag.py:3954} INFO - Setting next_dagrun for tutorial_objectstorage to None, run_after=None
[2024-05-27T21:15:25.927+0000] {processor.py:183} INFO - Processing /home/airflow/.local/lib/python3.8/site-packages/airflow/example_dags/tutorial_objectstorage.py took 0.075 seconds
[2024-05-27T21:15:56.197+0000] {processor.py:161} INFO - Started process (PID=1346) to work on /home/airflow/.local/lib/python3.8/site-packages/airflow/example_dags/tutorial_objectstorage.py
[2024-05-27T21:15:56.199+0000] {processor.py:830} INFO - Processing file /home/airflow/.local/lib/python3.8/site-packages/airflow/example_dags/tutorial_objectstorage.py for tasks to queue
[2024-05-27T21:15:56.201+0000] {logging_mixin.py:188} INFO - [2024-05-27T21:15:56.201+0000] {dagbag.py:545} INFO - Filling up the DagBag from /home/airflow/.local/lib/python3.8/site-packages/airflow/example_dags/tutorial_objectstorage.py
[2024-05-27T21:15:56.210+0000] {processor.py:840} INFO - DAG(s) 'tutorial_objectstorage' retrieved from /home/airflow/.local/lib/python3.8/site-packages/airflow/example_dags/tutorial_objectstorage.py
[2024-05-27T21:15:56.230+0000] {logging_mixin.py:188} INFO - [2024-05-27T21:15:56.230+0000] {dag.py:3096} INFO - Sync 1 DAGs
[2024-05-27T21:15:56.243+0000] {logging_mixin.py:188} INFO - [2024-05-27T21:15:56.243+0000] {dag.py:3954} INFO - Setting next_dagrun for tutorial_objectstorage to None, run_after=None
[2024-05-27T21:15:56.264+0000] {processor.py:183} INFO - Processing /home/airflow/.local/lib/python3.8/site-packages/airflow/example_dags/tutorial_objectstorage.py took 0.076 seconds
[2024-05-27T21:16:26.480+0000] {processor.py:161} INFO - Started process (PID=1424) to work on /home/airflow/.local/lib/python3.8/site-packages/airflow/example_dags/tutorial_objectstorage.py
[2024-05-27T21:16:26.482+0000] {processor.py:830} INFO - Processing file /home/airflow/.local/lib/python3.8/site-packages/airflow/example_dags/tutorial_objectstorage.py for tasks to queue
[2024-05-27T21:16:26.484+0000] {logging_mixin.py:188} INFO - [2024-05-27T21:16:26.484+0000] {dagbag.py:545} INFO - Filling up the DagBag from /home/airflow/.local/lib/python3.8/site-packages/airflow/example_dags/tutorial_objectstorage.py
[2024-05-27T21:16:26.492+0000] {processor.py:840} INFO - DAG(s) 'tutorial_objectstorage' retrieved from /home/airflow/.local/lib/python3.8/site-packages/airflow/example_dags/tutorial_objectstorage.py
[2024-05-27T21:16:26.515+0000] {logging_mixin.py:188} INFO - [2024-05-27T21:16:26.515+0000] {dag.py:3096} INFO - Sync 1 DAGs
[2024-05-27T21:16:26.527+0000] {logging_mixin.py:188} INFO - [2024-05-27T21:16:26.527+0000] {dag.py:3954} INFO - Setting next_dagrun for tutorial_objectstorage to None, run_after=None
[2024-05-27T21:16:26.548+0000] {processor.py:183} INFO - Processing /home/airflow/.local/lib/python3.8/site-packages/airflow/example_dags/tutorial_objectstorage.py took 0.074 seconds
[2024-05-27T21:16:56.654+0000] {processor.py:161} INFO - Started process (PID=1494) to work on /home/airflow/.local/lib/python3.8/site-packages/airflow/example_dags/tutorial_objectstorage.py
[2024-05-27T21:16:56.655+0000] {processor.py:830} INFO - Processing file /home/airflow/.local/lib/python3.8/site-packages/airflow/example_dags/tutorial_objectstorage.py for tasks to queue
[2024-05-27T21:16:56.657+0000] {logging_mixin.py:188} INFO - [2024-05-27T21:16:56.657+0000] {dagbag.py:545} INFO - Filling up the DagBag from /home/airflow/.local/lib/python3.8/site-packages/airflow/example_dags/tutorial_objectstorage.py
[2024-05-27T21:16:56.665+0000] {processor.py:840} INFO - DAG(s) 'tutorial_objectstorage' retrieved from /home/airflow/.local/lib/python3.8/site-packages/airflow/example_dags/tutorial_objectstorage.py
[2024-05-27T21:16:56.685+0000] {logging_mixin.py:188} INFO - [2024-05-27T21:16:56.685+0000] {dag.py:3096} INFO - Sync 1 DAGs
[2024-05-27T21:16:56.698+0000] {logging_mixin.py:188} INFO - [2024-05-27T21:16:56.698+0000] {dag.py:3954} INFO - Setting next_dagrun for tutorial_objectstorage to None, run_after=None
[2024-05-27T21:16:56.718+0000] {processor.py:183} INFO - Processing /home/airflow/.local/lib/python3.8/site-packages/airflow/example_dags/tutorial_objectstorage.py took 0.070 seconds
[2024-05-27T21:17:27.348+0000] {processor.py:161} INFO - Started process (PID=1574) to work on /home/airflow/.local/lib/python3.8/site-packages/airflow/example_dags/tutorial_objectstorage.py
[2024-05-27T21:17:27.349+0000] {processor.py:830} INFO - Processing file /home/airflow/.local/lib/python3.8/site-packages/airflow/example_dags/tutorial_objectstorage.py for tasks to queue
[2024-05-27T21:17:27.351+0000] {logging_mixin.py:188} INFO - [2024-05-27T21:17:27.351+0000] {dagbag.py:545} INFO - Filling up the DagBag from /home/airflow/.local/lib/python3.8/site-packages/airflow/example_dags/tutorial_objectstorage.py
[2024-05-27T21:17:27.360+0000] {processor.py:840} INFO - DAG(s) 'tutorial_objectstorage' retrieved from /home/airflow/.local/lib/python3.8/site-packages/airflow/example_dags/tutorial_objectstorage.py
[2024-05-27T21:17:27.384+0000] {logging_mixin.py:188} INFO - [2024-05-27T21:17:27.384+0000] {dag.py:3096} INFO - Sync 1 DAGs
[2024-05-27T21:17:27.401+0000] {logging_mixin.py:188} INFO - [2024-05-27T21:17:27.400+0000] {dag.py:3954} INFO - Setting next_dagrun for tutorial_objectstorage to None, run_after=None
[2024-05-27T21:17:27.423+0000] {processor.py:183} INFO - Processing /home/airflow/.local/lib/python3.8/site-packages/airflow/example_dags/tutorial_objectstorage.py took 0.080 seconds
[2024-05-27T21:18:07.224+0000] {processor.py:161} INFO - Started process (PID=1644) to work on /home/airflow/.local/lib/python3.8/site-packages/airflow/example_dags/tutorial_objectstorage.py
[2024-05-27T21:18:07.256+0000] {processor.py:830} INFO - Processing file /home/airflow/.local/lib/python3.8/site-packages/airflow/example_dags/tutorial_objectstorage.py for tasks to queue
[2024-05-27T21:18:07.413+0000] {logging_mixin.py:188} INFO - [2024-05-27T21:18:07.408+0000] {dagbag.py:545} INFO - Filling up the DagBag from /home/airflow/.local/lib/python3.8/site-packages/airflow/example_dags/tutorial_objectstorage.py
[2024-05-27T21:18:07.717+0000] {processor.py:840} INFO - DAG(s) 'tutorial_objectstorage' retrieved from /home/airflow/.local/lib/python3.8/site-packages/airflow/example_dags/tutorial_objectstorage.py
[2024-05-27T21:18:08.097+0000] {logging_mixin.py:188} INFO - [2024-05-27T21:18:08.096+0000] {dag.py:3096} INFO - Sync 1 DAGs
[2024-05-27T21:18:08.349+0000] {logging_mixin.py:188} INFO - [2024-05-27T21:18:08.348+0000] {dag.py:3954} INFO - Setting next_dagrun for tutorial_objectstorage to None, run_after=None
[2024-05-27T21:18:08.600+0000] {processor.py:183} INFO - Processing /home/airflow/.local/lib/python3.8/site-packages/airflow/example_dags/tutorial_objectstorage.py took 1.508 seconds
[2024-05-27T21:18:38.687+0000] {processor.py:161} INFO - Started process (PID=1714) to work on /home/airflow/.local/lib/python3.8/site-packages/airflow/example_dags/tutorial_objectstorage.py
[2024-05-27T21:18:38.690+0000] {processor.py:830} INFO - Processing file /home/airflow/.local/lib/python3.8/site-packages/airflow/example_dags/tutorial_objectstorage.py for tasks to queue
[2024-05-27T21:18:38.693+0000] {logging_mixin.py:188} INFO - [2024-05-27T21:18:38.692+0000] {dagbag.py:545} INFO - Filling up the DagBag from /home/airflow/.local/lib/python3.8/site-packages/airflow/example_dags/tutorial_objectstorage.py
[2024-05-27T21:18:38.700+0000] {processor.py:840} INFO - DAG(s) 'tutorial_objectstorage' retrieved from /home/airflow/.local/lib/python3.8/site-packages/airflow/example_dags/tutorial_objectstorage.py
[2024-05-27T21:18:38.725+0000] {logging_mixin.py:188} INFO - [2024-05-27T21:18:38.724+0000] {dag.py:3096} INFO - Sync 1 DAGs
[2024-05-27T21:18:38.738+0000] {logging_mixin.py:188} INFO - [2024-05-27T21:18:38.737+0000] {dag.py:3954} INFO - Setting next_dagrun for tutorial_objectstorage to None, run_after=None
[2024-05-27T21:18:38.762+0000] {processor.py:183} INFO - Processing /home/airflow/.local/lib/python3.8/site-packages/airflow/example_dags/tutorial_objectstorage.py took 0.081 seconds
[2024-05-27T21:19:09.221+0000] {processor.py:161} INFO - Started process (PID=1793) to work on /home/airflow/.local/lib/python3.8/site-packages/airflow/example_dags/tutorial_objectstorage.py
[2024-05-27T21:19:09.223+0000] {processor.py:830} INFO - Processing file /home/airflow/.local/lib/python3.8/site-packages/airflow/example_dags/tutorial_objectstorage.py for tasks to queue
[2024-05-27T21:19:09.226+0000] {logging_mixin.py:188} INFO - [2024-05-27T21:19:09.225+0000] {dagbag.py:545} INFO - Filling up the DagBag from /home/airflow/.local/lib/python3.8/site-packages/airflow/example_dags/tutorial_objectstorage.py
[2024-05-27T21:19:09.234+0000] {processor.py:840} INFO - DAG(s) 'tutorial_objectstorage' retrieved from /home/airflow/.local/lib/python3.8/site-packages/airflow/example_dags/tutorial_objectstorage.py
[2024-05-27T21:19:09.259+0000] {logging_mixin.py:188} INFO - [2024-05-27T21:19:09.258+0000] {dag.py:3096} INFO - Sync 1 DAGs
[2024-05-27T21:19:09.274+0000] {logging_mixin.py:188} INFO - [2024-05-27T21:19:09.273+0000] {dag.py:3954} INFO - Setting next_dagrun for tutorial_objectstorage to None, run_after=None
[2024-05-27T21:19:09.296+0000] {processor.py:183} INFO - Processing /home/airflow/.local/lib/python3.8/site-packages/airflow/example_dags/tutorial_objectstorage.py took 0.084 seconds
[2024-05-27T21:19:40.087+0000] {processor.py:161} INFO - Started process (PID=1863) to work on /home/airflow/.local/lib/python3.8/site-packages/airflow/example_dags/tutorial_objectstorage.py
[2024-05-27T21:19:40.089+0000] {processor.py:830} INFO - Processing file /home/airflow/.local/lib/python3.8/site-packages/airflow/example_dags/tutorial_objectstorage.py for tasks to queue
[2024-05-27T21:19:40.090+0000] {logging_mixin.py:188} INFO - [2024-05-27T21:19:40.090+0000] {dagbag.py:545} INFO - Filling up the DagBag from /home/airflow/.local/lib/python3.8/site-packages/airflow/example_dags/tutorial_objectstorage.py
[2024-05-27T21:19:40.097+0000] {processor.py:840} INFO - DAG(s) 'tutorial_objectstorage' retrieved from /home/airflow/.local/lib/python3.8/site-packages/airflow/example_dags/tutorial_objectstorage.py
[2024-05-27T21:19:40.119+0000] {logging_mixin.py:188} INFO - [2024-05-27T21:19:40.118+0000] {dag.py:3096} INFO - Sync 1 DAGs
[2024-05-27T21:19:40.131+0000] {logging_mixin.py:188} INFO - [2024-05-27T21:19:40.130+0000] {dag.py:3954} INFO - Setting next_dagrun for tutorial_objectstorage to None, run_after=None
[2024-05-27T21:19:40.155+0000] {processor.py:183} INFO - Processing /home/airflow/.local/lib/python3.8/site-packages/airflow/example_dags/tutorial_objectstorage.py took 0.075 seconds
[2024-05-27T21:20:10.838+0000] {processor.py:161} INFO - Started process (PID=1933) to work on /home/airflow/.local/lib/python3.8/site-packages/airflow/example_dags/tutorial_objectstorage.py
[2024-05-27T21:20:10.840+0000] {processor.py:830} INFO - Processing file /home/airflow/.local/lib/python3.8/site-packages/airflow/example_dags/tutorial_objectstorage.py for tasks to queue
[2024-05-27T21:20:10.842+0000] {logging_mixin.py:188} INFO - [2024-05-27T21:20:10.842+0000] {dagbag.py:545} INFO - Filling up the DagBag from /home/airflow/.local/lib/python3.8/site-packages/airflow/example_dags/tutorial_objectstorage.py
[2024-05-27T21:20:10.850+0000] {processor.py:840} INFO - DAG(s) 'tutorial_objectstorage' retrieved from /home/airflow/.local/lib/python3.8/site-packages/airflow/example_dags/tutorial_objectstorage.py
[2024-05-27T21:20:10.874+0000] {logging_mixin.py:188} INFO - [2024-05-27T21:20:10.873+0000] {dag.py:3096} INFO - Sync 1 DAGs
[2024-05-27T21:20:10.888+0000] {logging_mixin.py:188} INFO - [2024-05-27T21:20:10.887+0000] {dag.py:3954} INFO - Setting next_dagrun for tutorial_objectstorage to None, run_after=None
[2024-05-27T21:20:10.914+0000] {processor.py:183} INFO - Processing /home/airflow/.local/lib/python3.8/site-packages/airflow/example_dags/tutorial_objectstorage.py took 0.085 seconds
[2024-05-27T21:20:41.628+0000] {processor.py:161} INFO - Started process (PID=2012) to work on /home/airflow/.local/lib/python3.8/site-packages/airflow/example_dags/tutorial_objectstorage.py
[2024-05-27T21:20:41.629+0000] {processor.py:830} INFO - Processing file /home/airflow/.local/lib/python3.8/site-packages/airflow/example_dags/tutorial_objectstorage.py for tasks to queue
[2024-05-27T21:20:41.632+0000] {logging_mixin.py:188} INFO - [2024-05-27T21:20:41.631+0000] {dagbag.py:545} INFO - Filling up the DagBag from /home/airflow/.local/lib/python3.8/site-packages/airflow/example_dags/tutorial_objectstorage.py
[2024-05-27T21:20:41.642+0000] {processor.py:840} INFO - DAG(s) 'tutorial_objectstorage' retrieved from /home/airflow/.local/lib/python3.8/site-packages/airflow/example_dags/tutorial_objectstorage.py
[2024-05-27T21:20:41.665+0000] {logging_mixin.py:188} INFO - [2024-05-27T21:20:41.664+0000] {dag.py:3096} INFO - Sync 1 DAGs
[2024-05-27T21:20:41.679+0000] {logging_mixin.py:188} INFO - [2024-05-27T21:20:41.679+0000] {dag.py:3954} INFO - Setting next_dagrun for tutorial_objectstorage to None, run_after=None
[2024-05-27T21:20:41.709+0000] {processor.py:183} INFO - Processing /home/airflow/.local/lib/python3.8/site-packages/airflow/example_dags/tutorial_objectstorage.py took 0.088 seconds
[2024-05-27T21:21:12.175+0000] {processor.py:161} INFO - Started process (PID=2090) to work on /home/airflow/.local/lib/python3.8/site-packages/airflow/example_dags/tutorial_objectstorage.py
[2024-05-27T21:21:12.178+0000] {processor.py:830} INFO - Processing file /home/airflow/.local/lib/python3.8/site-packages/airflow/example_dags/tutorial_objectstorage.py for tasks to queue
[2024-05-27T21:21:12.182+0000] {logging_mixin.py:188} INFO - [2024-05-27T21:21:12.181+0000] {dagbag.py:545} INFO - Filling up the DagBag from /home/airflow/.local/lib/python3.8/site-packages/airflow/example_dags/tutorial_objectstorage.py
[2024-05-27T21:21:12.201+0000] {processor.py:840} INFO - DAG(s) 'tutorial_objectstorage' retrieved from /home/airflow/.local/lib/python3.8/site-packages/airflow/example_dags/tutorial_objectstorage.py
[2024-05-27T21:21:12.260+0000] {logging_mixin.py:188} INFO - [2024-05-27T21:21:12.258+0000] {dag.py:3096} INFO - Sync 1 DAGs
[2024-05-27T21:21:12.297+0000] {logging_mixin.py:188} INFO - [2024-05-27T21:21:12.296+0000] {dag.py:3954} INFO - Setting next_dagrun for tutorial_objectstorage to None, run_after=None
[2024-05-27T21:21:12.336+0000] {processor.py:183} INFO - Processing /home/airflow/.local/lib/python3.8/site-packages/airflow/example_dags/tutorial_objectstorage.py took 0.187 seconds
[2024-05-27T21:21:42.632+0000] {processor.py:161} INFO - Started process (PID=2176) to work on /home/airflow/.local/lib/python3.8/site-packages/airflow/example_dags/tutorial_objectstorage.py
[2024-05-27T21:21:42.634+0000] {processor.py:830} INFO - Processing file /home/airflow/.local/lib/python3.8/site-packages/airflow/example_dags/tutorial_objectstorage.py for tasks to queue
[2024-05-27T21:21:42.636+0000] {logging_mixin.py:188} INFO - [2024-05-27T21:21:42.636+0000] {dagbag.py:545} INFO - Filling up the DagBag from /home/airflow/.local/lib/python3.8/site-packages/airflow/example_dags/tutorial_objectstorage.py
[2024-05-27T21:21:42.646+0000] {processor.py:840} INFO - DAG(s) 'tutorial_objectstorage' retrieved from /home/airflow/.local/lib/python3.8/site-packages/airflow/example_dags/tutorial_objectstorage.py
[2024-05-27T21:21:42.668+0000] {logging_mixin.py:188} INFO - [2024-05-27T21:21:42.668+0000] {dag.py:3096} INFO - Sync 1 DAGs
[2024-05-27T21:21:42.682+0000] {logging_mixin.py:188} INFO - [2024-05-27T21:21:42.681+0000] {dag.py:3954} INFO - Setting next_dagrun for tutorial_objectstorage to None, run_after=None
[2024-05-27T21:21:42.705+0000] {processor.py:183} INFO - Processing /home/airflow/.local/lib/python3.8/site-packages/airflow/example_dags/tutorial_objectstorage.py took 0.081 seconds
[2024-05-27T21:22:13.608+0000] {processor.py:161} INFO - Started process (PID=2245) to work on /home/airflow/.local/lib/python3.8/site-packages/airflow/example_dags/tutorial_objectstorage.py
[2024-05-27T21:22:13.609+0000] {processor.py:830} INFO - Processing file /home/airflow/.local/lib/python3.8/site-packages/airflow/example_dags/tutorial_objectstorage.py for tasks to queue
[2024-05-27T21:22:13.611+0000] {logging_mixin.py:188} INFO - [2024-05-27T21:22:13.611+0000] {dagbag.py:545} INFO - Filling up the DagBag from /home/airflow/.local/lib/python3.8/site-packages/airflow/example_dags/tutorial_objectstorage.py
[2024-05-27T21:22:13.618+0000] {processor.py:840} INFO - DAG(s) 'tutorial_objectstorage' retrieved from /home/airflow/.local/lib/python3.8/site-packages/airflow/example_dags/tutorial_objectstorage.py
[2024-05-27T21:22:13.637+0000] {logging_mixin.py:188} INFO - [2024-05-27T21:22:13.637+0000] {dag.py:3096} INFO - Sync 1 DAGs
[2024-05-27T21:22:13.648+0000] {logging_mixin.py:188} INFO - [2024-05-27T21:22:13.647+0000] {dag.py:3954} INFO - Setting next_dagrun for tutorial_objectstorage to None, run_after=None
[2024-05-27T21:22:13.670+0000] {processor.py:183} INFO - Processing /home/airflow/.local/lib/python3.8/site-packages/airflow/example_dags/tutorial_objectstorage.py took 0.068 seconds
[2024-05-27T21:22:44.106+0000] {processor.py:161} INFO - Started process (PID=2323) to work on /home/airflow/.local/lib/python3.8/site-packages/airflow/example_dags/tutorial_objectstorage.py
[2024-05-27T21:22:44.108+0000] {processor.py:830} INFO - Processing file /home/airflow/.local/lib/python3.8/site-packages/airflow/example_dags/tutorial_objectstorage.py for tasks to queue
[2024-05-27T21:22:44.110+0000] {logging_mixin.py:188} INFO - [2024-05-27T21:22:44.110+0000] {dagbag.py:545} INFO - Filling up the DagBag from /home/airflow/.local/lib/python3.8/site-packages/airflow/example_dags/tutorial_objectstorage.py
[2024-05-27T21:22:44.118+0000] {processor.py:840} INFO - DAG(s) 'tutorial_objectstorage' retrieved from /home/airflow/.local/lib/python3.8/site-packages/airflow/example_dags/tutorial_objectstorage.py
[2024-05-27T21:22:44.141+0000] {logging_mixin.py:188} INFO - [2024-05-27T21:22:44.141+0000] {dag.py:3096} INFO - Sync 1 DAGs
[2024-05-27T21:22:44.154+0000] {logging_mixin.py:188} INFO - [2024-05-27T21:22:44.153+0000] {dag.py:3954} INFO - Setting next_dagrun for tutorial_objectstorage to None, run_after=None
[2024-05-27T21:22:44.174+0000] {processor.py:183} INFO - Processing /home/airflow/.local/lib/python3.8/site-packages/airflow/example_dags/tutorial_objectstorage.py took 0.075 seconds
[2024-05-27T21:23:15.129+0000] {processor.py:161} INFO - Started process (PID=2393) to work on /home/airflow/.local/lib/python3.8/site-packages/airflow/example_dags/tutorial_objectstorage.py
[2024-05-27T21:23:15.131+0000] {processor.py:830} INFO - Processing file /home/airflow/.local/lib/python3.8/site-packages/airflow/example_dags/tutorial_objectstorage.py for tasks to queue
[2024-05-27T21:23:15.134+0000] {logging_mixin.py:188} INFO - [2024-05-27T21:23:15.134+0000] {dagbag.py:545} INFO - Filling up the DagBag from /home/airflow/.local/lib/python3.8/site-packages/airflow/example_dags/tutorial_objectstorage.py
[2024-05-27T21:23:15.143+0000] {processor.py:840} INFO - DAG(s) 'tutorial_objectstorage' retrieved from /home/airflow/.local/lib/python3.8/site-packages/airflow/example_dags/tutorial_objectstorage.py
[2024-05-27T21:23:15.170+0000] {logging_mixin.py:188} INFO - [2024-05-27T21:23:15.170+0000] {dag.py:3096} INFO - Sync 1 DAGs
[2024-05-27T21:23:15.184+0000] {logging_mixin.py:188} INFO - [2024-05-27T21:23:15.184+0000] {dag.py:3954} INFO - Setting next_dagrun for tutorial_objectstorage to None, run_after=None
[2024-05-27T21:23:15.211+0000] {processor.py:183} INFO - Processing /home/airflow/.local/lib/python3.8/site-packages/airflow/example_dags/tutorial_objectstorage.py took 0.090 seconds
[2024-05-27T21:23:45.687+0000] {processor.py:161} INFO - Started process (PID=2463) to work on /home/airflow/.local/lib/python3.8/site-packages/airflow/example_dags/tutorial_objectstorage.py
[2024-05-27T21:23:45.688+0000] {processor.py:830} INFO - Processing file /home/airflow/.local/lib/python3.8/site-packages/airflow/example_dags/tutorial_objectstorage.py for tasks to queue
[2024-05-27T21:23:45.691+0000] {logging_mixin.py:188} INFO - [2024-05-27T21:23:45.690+0000] {dagbag.py:545} INFO - Filling up the DagBag from /home/airflow/.local/lib/python3.8/site-packages/airflow/example_dags/tutorial_objectstorage.py
[2024-05-27T21:23:45.700+0000] {processor.py:840} INFO - DAG(s) 'tutorial_objectstorage' retrieved from /home/airflow/.local/lib/python3.8/site-packages/airflow/example_dags/tutorial_objectstorage.py
[2024-05-27T21:23:45.723+0000] {logging_mixin.py:188} INFO - [2024-05-27T21:23:45.723+0000] {dag.py:3096} INFO - Sync 1 DAGs
[2024-05-27T21:23:45.737+0000] {logging_mixin.py:188} INFO - [2024-05-27T21:23:45.737+0000] {dag.py:3954} INFO - Setting next_dagrun for tutorial_objectstorage to None, run_after=None
[2024-05-27T21:23:45.765+0000] {processor.py:183} INFO - Processing /home/airflow/.local/lib/python3.8/site-packages/airflow/example_dags/tutorial_objectstorage.py took 0.084 seconds
[2024-05-27T21:24:16.392+0000] {processor.py:161} INFO - Started process (PID=2542) to work on /home/airflow/.local/lib/python3.8/site-packages/airflow/example_dags/tutorial_objectstorage.py
[2024-05-27T21:24:16.394+0000] {processor.py:830} INFO - Processing file /home/airflow/.local/lib/python3.8/site-packages/airflow/example_dags/tutorial_objectstorage.py for tasks to queue
[2024-05-27T21:24:16.396+0000] {logging_mixin.py:188} INFO - [2024-05-27T21:24:16.396+0000] {dagbag.py:545} INFO - Filling up the DagBag from /home/airflow/.local/lib/python3.8/site-packages/airflow/example_dags/tutorial_objectstorage.py
[2024-05-27T21:24:16.404+0000] {processor.py:840} INFO - DAG(s) 'tutorial_objectstorage' retrieved from /home/airflow/.local/lib/python3.8/site-packages/airflow/example_dags/tutorial_objectstorage.py
[2024-05-27T21:24:16.428+0000] {logging_mixin.py:188} INFO - [2024-05-27T21:24:16.428+0000] {dag.py:3096} INFO - Sync 1 DAGs
[2024-05-27T21:24:16.444+0000] {logging_mixin.py:188} INFO - [2024-05-27T21:24:16.444+0000] {dag.py:3954} INFO - Setting next_dagrun for tutorial_objectstorage to None, run_after=None
[2024-05-27T21:24:16.463+0000] {processor.py:183} INFO - Processing /home/airflow/.local/lib/python3.8/site-packages/airflow/example_dags/tutorial_objectstorage.py took 0.080 seconds
[2024-05-27T21:24:46.917+0000] {processor.py:161} INFO - Started process (PID=2612) to work on /home/airflow/.local/lib/python3.8/site-packages/airflow/example_dags/tutorial_objectstorage.py
[2024-05-27T21:24:46.918+0000] {processor.py:830} INFO - Processing file /home/airflow/.local/lib/python3.8/site-packages/airflow/example_dags/tutorial_objectstorage.py for tasks to queue
[2024-05-27T21:24:46.921+0000] {logging_mixin.py:188} INFO - [2024-05-27T21:24:46.920+0000] {dagbag.py:545} INFO - Filling up the DagBag from /home/airflow/.local/lib/python3.8/site-packages/airflow/example_dags/tutorial_objectstorage.py
[2024-05-27T21:24:46.928+0000] {processor.py:840} INFO - DAG(s) 'tutorial_objectstorage' retrieved from /home/airflow/.local/lib/python3.8/site-packages/airflow/example_dags/tutorial_objectstorage.py
[2024-05-27T21:24:46.947+0000] {logging_mixin.py:188} INFO - [2024-05-27T21:24:46.947+0000] {dag.py:3096} INFO - Sync 1 DAGs
[2024-05-27T21:24:46.960+0000] {logging_mixin.py:188} INFO - [2024-05-27T21:24:46.959+0000] {dag.py:3954} INFO - Setting next_dagrun for tutorial_objectstorage to None, run_after=None
[2024-05-27T21:24:46.980+0000] {processor.py:183} INFO - Processing /home/airflow/.local/lib/python3.8/site-packages/airflow/example_dags/tutorial_objectstorage.py took 0.069 seconds
[2024-05-27T21:25:17.476+0000] {processor.py:161} INFO - Started process (PID=2690) to work on /home/airflow/.local/lib/python3.8/site-packages/airflow/example_dags/tutorial_objectstorage.py
[2024-05-27T21:25:17.477+0000] {processor.py:830} INFO - Processing file /home/airflow/.local/lib/python3.8/site-packages/airflow/example_dags/tutorial_objectstorage.py for tasks to queue
[2024-05-27T21:25:17.480+0000] {logging_mixin.py:188} INFO - [2024-05-27T21:25:17.480+0000] {dagbag.py:545} INFO - Filling up the DagBag from /home/airflow/.local/lib/python3.8/site-packages/airflow/example_dags/tutorial_objectstorage.py
[2024-05-27T21:25:17.488+0000] {processor.py:840} INFO - DAG(s) 'tutorial_objectstorage' retrieved from /home/airflow/.local/lib/python3.8/site-packages/airflow/example_dags/tutorial_objectstorage.py
[2024-05-27T21:25:17.512+0000] {logging_mixin.py:188} INFO - [2024-05-27T21:25:17.511+0000] {dag.py:3096} INFO - Sync 1 DAGs
[2024-05-27T21:25:17.532+0000] {logging_mixin.py:188} INFO - [2024-05-27T21:25:17.532+0000] {dag.py:3954} INFO - Setting next_dagrun for tutorial_objectstorage to None, run_after=None
[2024-05-27T21:25:17.581+0000] {processor.py:183} INFO - Processing /home/airflow/.local/lib/python3.8/site-packages/airflow/example_dags/tutorial_objectstorage.py took 0.112 seconds
